
Check messages.log details of this run.
____________
55 species:{CY006635,CY006539,CY006459,CY006627,EF456782,CY007979,CY008980,CY006531,CY006451,CY006603,CY006515,CY006475,CY006283,CY008948,CY006579,CY006787,CY008940,CY006571,CY008964,CY008532,CY006243,CY039880,CY006227,CY039882,CY039883,CY039884,CY039885,CY008924,CY006803,CY112893,CY006587,JF710754,CY006483,CY006619,CY006443,CY009988,CY039879,CY039878,CY006611,CY006507,CY008180,CY006563,CY006467,CY114301,CY114485,CY006275,CY006547,CY006795,CY006267,CY006235,CY006771,CY006259,CY006499,CY006491,CY006595};
Total Sites:1698;
Distinct Sites:126

Phase 1:Nucleotide Model (010010) Model Fit


-3434.12081069074

Phase 2:MG94x(010010) Model Fit



Phase 3:Estimating dN/dS


Nuc->codon scaling factor:1.910896338053898
Raw scaling factor:1.910896338053898
Tree scaling factor(S): 1

Using dN/dS=0.3455952060533363
Codon model:-3359.43995709355

Phase 4: Ancestral State Reconstruction and Counting

<<Significance level for Likelihood Ratio Tests (permissible range = [0,1], default value = 0.1)>>Site     1 dN/dS =      0.00000 Full Log(L) =     -4.07264 LRT =      0.94184 p-value =      0.16590
Site     2 dN/dS =      0.00000 Full Log(L) =     -3.83398 LRT =      0.61213 p-value =      0.21699
Site     3 dN/dS =      0.00000 Full Log(L) =     -4.26503 LRT =      0.62525 p-value =      0.21455
Site     4 dN/dS =      0.00000 Full Log(L) =     -3.99414 LRT =      0.58685 p-value =      0.22182
Site     5 dN/dS =      0.00000 Full Log(L) =    -10.31174 LRT =      0.58682 p-value =      0.22182
Site     6 dN/dS =      0.00000 Full Log(L) =     -4.53754 LRT =      0.70639 p-value =      0.20032
Site     7 dN/dS =      0.00000 Full Log(L) =    -16.58689 LRT =      0.34795 p-value =      0.27764
Site     8 dN/dS =      0.00000 Full Log(L) =     -4.08215 LRT =      0.78818 p-value =      0.18732
Site     9 dN/dS =      0.00000 Full Log(L) =     -3.94229 LRT =      0.50066 p-value =      0.23961
Site    10 dN/dS =      0.00000 Full Log(L) =     -3.94394 LRT =      0.58685 p-value =      0.22182
Site    11 dN/dS =      5.83331 Full Log(L) =    -10.67831 LRT =      1.85675 p-value =      0.08650 *P
Site    12 dN/dS =      3.02882 Full Log(L) =    -11.79842 LRT =      0.87082 p-value =      0.17536
Site    13 dN/dS =      0.00000 Full Log(L) =    -12.82221 LRT =      0.33544 p-value =      0.28124
Site    14 dN/dS =      0.00000 Full Log(L) =     -4.22905 LRT =      0.64279 p-value =      0.21135
Site    15 dN/dS =      3.67642 Full Log(L) =    -10.29656 LRT =      1.14060 p-value =      0.14276
Site    16 dN/dS =      0.00000 Full Log(L) =     -4.53754 LRT =      0.70639 p-value =      0.20032
Site    17 dN/dS =      1.00000 Full Log(L) =      0.00000 LRT =      0.00000 p-value =      1.00000
Site    18 dN/dS =      1.00000 Full Log(L) =      0.00000 LRT =      0.00000 p-value =      1.00000
Site    19 dN/dS =      3.33294 Full Log(L) =    -13.27834 LRT =      1.00246 p-value =      0.15836
Site    20 dN/dS =      1.00000 Full Log(L) =      0.00000 LRT =      0.00000 p-value =      1.00000
Site    21 dN/dS =      1.00000 Full Log(L) =      0.00000 LRT =      0.00000 p-value =      1.00000
Site    22 dN/dS =      2.93813 Full Log(L) =     -9.22900 LRT =      0.82897 p-value =      0.18129
Site    23 dN/dS =      1.00000 Full Log(L) =      0.00000 LRT =      0.00000 p-value =      1.00000
Site    24 dN/dS =      2.94009 Full Log(L) =     -9.56729 LRT =      0.82986 p-value =      0.18116
Site    25 dN/dS =      2.40937 Full Log(L) =    -10.16952 LRT =      0.58495 p-value =      0.22219
Site    26 dN/dS =      3.02611 Full Log(L) =    -16.08992 LRT =      0.86923 p-value =      0.17558
Site    27 dN/dS =      1.00000 Full Log(L) =      0.00000 LRT =      0.00000 p-value =      1.00000
Site    28 dN/dS =      1.00000 Full Log(L) =      0.00000 LRT =      0.00000 p-value =      1.00000
Site    29 dN/dS =      5.71777 Full Log(L) =    -11.13109 LRT =      1.82531 p-value =      0.08834 *P
Site    30 dN/dS =      0.00000 Full Log(L) =    -10.76862 LRT =      0.70982 p-value =      0.19975
Site    31 dN/dS =      1.00000 Full Log(L) =      0.00000 LRT =      0.00000 p-value =      1.00000
Site    32 dN/dS =      1.00000 Full Log(L) =      0.00000 LRT =      0.00000 p-value =      1.00000
Site    33 dN/dS =      1.00000 Full Log(L) =      0.00000 LRT =      0.00000 p-value =      1.00000
Site    34 dN/dS =      1.00000 Full Log(L) =      0.00000 LRT =      0.00000 p-value =      1.00000
Site    35 dN/dS =      1.00000 Full Log(L) =      0.00000 LRT =      0.00000 p-value =      1.00000
Site    36 dN/dS =      1.00000 Full Log(L) =      0.00000 LRT =      0.00000 p-value =      1.00000
Site    37 dN/dS =      1.00000 Full Log(L) =      0.00000 LRT =      0.00000 p-value =      1.00000
Site    38 dN/dS =      1.00000 Full Log(L) =      0.00000 LRT =      0.00000 p-value =      1.00000
Site    39 dN/dS =      1.00000 Full Log(L) =      0.00000 LRT =      0.00000 p-value =      1.00000
Site    40 dN/dS =      0.00000 Full Log(L) =    -11.34597 LRT =      0.66519 p-value =      0.20737
Site    41 dN/dS =      1.00000 Full Log(L) =      0.00000 LRT =      0.00000 p-value =      1.00000
Site    42 dN/dS =      1.00000 Full Log(L) =      0.00000 LRT =      0.00000 p-value =      1.00000
Site    43 dN/dS =      1.00000 Full Log(L) =      0.00000 LRT =      0.00000 p-value =      1.00000
Site    44 dN/dS =      1.00000 Full Log(L) =      0.00000 LRT =      0.00000 p-value =      1.00000
Site    45 dN/dS =      1.00000 Full Log(L) =      0.00000 LRT =      0.00000 p-value =      1.00000
Site    46 dN/dS =      0.00000 Full Log(L) =    -11.34516 LRT =      0.66519 p-value =      0.20737
Site    47 dN/dS =      1.00000 Full Log(L) =      0.00000 LRT =      0.00000 p-value =      1.00000
Site    48 dN/dS =      1.00000 Full Log(L) =      0.00000 LRT =      0.00000 p-value =      1.00000
Site    49 dN/dS =      1.00000 Full Log(L) =      0.00000 LRT =      0.00000 p-value =      1.00000
Site    50 dN/dS =      1.00000 Full Log(L) =      0.00000 LRT =      0.00000 p-value =      1.00000
Site    51 dN/dS =      1.00000 Full Log(L) =      0.00000 LRT =      0.00000 p-value =      1.00000
Site    52 dN/dS =      1.00000 Full Log(L) =      0.00000 LRT =      0.00000 p-value =      1.00000
Site    53 dN/dS =      1.00000 Full Log(L) =      0.00000 LRT =      0.00000 p-value =      1.00000
Site    54 dN/dS =      1.00000 Full Log(L) =      0.00000 LRT =      0.00000 p-value =      1.00000
Site    55 dN/dS =      1.00000 Full Log(L) =      0.00000 LRT =      0.00000 p-value =      1.00000
Site    56 dN/dS =      1.00000 Full Log(L) =      0.00000 LRT =      0.00000 p-value =      1.00000
Site    57 dN/dS =      1.00000 Full Log(L) =      0.00000 LRT =      0.00000 p-value =      1.00000
Site    58 dN/dS =      1.00000 Full Log(L) =      0.00000 LRT =      0.00000 p-value =      1.00000
Site    59 dN/dS =      1.00000 Full Log(L) =      0.00000 LRT =      0.00000 p-value =      1.00000
Site    60 dN/dS =      1.00000 Full Log(L) =      0.00000 LRT =      0.00000 p-value =      1.00000
Site    61 dN/dS =      7.54054 Full Log(L) =    -21.04538 LRT =      6.83242 p-value =      0.00448 *P
Site    62 dN/dS =      0.00000 Full Log(L) =    -11.01379 LRT =      0.58152 p-value =      0.22286
Site    63 dN/dS =      1.00000 Full Log(L) =      0.00000 LRT =      0.00000 p-value =      1.00000
Site    64 dN/dS =      1.00000 Full Log(L) =      0.00000 LRT =      0.00000 p-value =      1.00000
Site    65 dN/dS =      2.38293 Full Log(L) =    -11.13187 LRT =      0.57231 p-value =      0.22467
Site    66 dN/dS =      2.64927 Full Log(L) =     -8.60634 LRT =      0.69746 p-value =      0.20182
Site    67 dN/dS =      2.52989 Full Log(L) =    -10.95040 LRT =      0.64175 p-value =      0.21154
Site    68 dN/dS =      1.00000 Full Log(L) =      0.00000 LRT =      0.00000 p-value =      1.00000
Site    69 dN/dS =      1.00000 Full Log(L) =      0.00000 LRT =      0.00000 p-value =      1.00000
Site    70 dN/dS =      1.00000 Full Log(L) =      0.00000 LRT =      0.00000 p-value =      1.00000
Site    71 dN/dS =      1.00000 Full Log(L) =      0.00000 LRT =      0.00000 p-value =      1.00000
Site    72 dN/dS =      1.00000 Full Log(L) =      0.00000 LRT =      0.00000 p-value =      1.00000
Site    73 dN/dS =      4.44059 Full Log(L) =    -17.33380 LRT =      1.40915 p-value =      0.11760
Site    74 dN/dS =      1.00000 Full Log(L) =      0.00000 LRT =      0.00000 p-value =      1.00000
Site    75 dN/dS =      0.00000 Full Log(L) =    -11.83615 LRT =      0.60372 p-value =      0.21858
Site    76 dN/dS =      1.00000 Full Log(L) =      0.00000 LRT =      0.00000 p-value =      1.00000
Site    77 dN/dS =      0.00000 Full Log(L) =    -10.64674 LRT =      0.81971 p-value =      0.18263
Site    78 dN/dS =      2.87633 Full Log(L) =     -7.17217 LRT =      0.80249 p-value =      0.18518
Site    79 dN/dS =      1.00000 Full Log(L) =      0.00000 LRT =      0.00000 p-value =      1.00000
Site    80 dN/dS =      1.00000 Full Log(L) =      0.00000 LRT =      0.00000 p-value =      1.00000
Site    81 dN/dS =      1.00000 Full Log(L) =      0.00000 LRT =      0.00000 p-value =      1.00000
Site    82 dN/dS =      1.00000 Full Log(L) =      0.00000 LRT =      0.00000 p-value =      1.00000
Site    83 dN/dS =      0.00000 Full Log(L) =    -11.92392 LRT =      0.79240 p-value =      0.18669
Site    84 dN/dS =      1.00000 Full Log(L) =      0.00000 LRT =      0.00000 p-value =      1.00000
Site    85 dN/dS =      1.00000 Full Log(L) =      0.00000 LRT =      0.00000 p-value =      1.00000
Site    86 dN/dS =      1.00000 Full Log(L) =      0.00000 LRT =      0.00000 p-value =      1.00000
Site    87 dN/dS =      1.00000 Full Log(L) =      0.00000 LRT =      0.00000 p-value =      1.00000
Site    88 dN/dS =      1.00000 Full Log(L) =      0.00000 LRT =      0.00000 p-value =      1.00000
Site    89 dN/dS =      1.00000 Full Log(L) =      0.00000 LRT =      0.00000 p-value =      1.00000
Site    90 dN/dS =      1.00000 Full Log(L) =      0.00000 LRT =      0.00000 p-value =      1.00000
Site    91 dN/dS =      1.00000 Full Log(L) =      0.00000 LRT =      0.00000 p-value =      1.00000
Site    92 dN/dS =      1.00000 Full Log(L) =      0.00000 LRT =      0.00000 p-value =      1.00000
Site    93 dN/dS =      0.00000 Full Log(L) =    -10.17314 LRT =      0.77440 p-value =      0.18943
Site    94 dN/dS =      2.36669 Full Log(L) =    -10.08952 LRT =      0.56448 p-value =      0.22623
Site    95 dN/dS =      1.00000 Full Log(L) =      0.00000 LRT =      0.00000 p-value =      1.00000
Site    96 dN/dS =      4.53605 Full Log(L) =    -10.42155 LRT =      1.45299 p-value =      0.11402
Site    97 dN/dS =      1.00000 Full Log(L) =      0.00000 LRT =      0.00000 p-value =      1.00000
Site    98 dN/dS =      1.00000 Full Log(L) =      0.00000 LRT =      0.00000 p-value =      1.00000
Site    99 dN/dS =      0.00000 Full Log(L) =     -8.64134 LRT =      0.73730 p-value =      0.19526
Site   100 dN/dS =      1.00000 Full Log(L) =      0.00000 LRT =      0.00000 p-value =      1.00000
Site   101 dN/dS =      1.00000 Full Log(L) =      0.00000 LRT =      0.00000 p-value =      1.00000
Site   102 dN/dS =      1.00000 Full Log(L) =      0.00000 LRT =      0.00000 p-value =      1.00000
Site   103 dN/dS =      1.00000 Full Log(L) =      0.00000 LRT =      0.00000 p-value =      1.00000
Site   104 dN/dS =      0.00000 Full Log(L) =     -9.91268 LRT =      0.68385 p-value =      0.20413
Site   105 dN/dS =      1.00000 Full Log(L) =      0.00000 LRT =      0.00000 p-value =      1.00000
Site   106 dN/dS =      1.00000 Full Log(L) =      0.00000 LRT =      0.00000 p-value =      1.00000
Site   107 dN/dS =      1.00000 Full Log(L) =      0.00000 LRT =      0.00000 p-value =      1.00000
Site   108 dN/dS =      3.27707 Full Log(L) =    -11.39629 LRT =      0.97114 p-value =      0.16220
Site   109 dN/dS =      0.00000 Full Log(L) =     -8.60917 LRT =      0.75150 p-value =      0.19300
Site   110 dN/dS =      0.00000 Full Log(L) =     -3.94565 LRT =      0.53266 p-value =      0.23275
Site   111 dN/dS =      1.00000 Full Log(L) =      0.00000 LRT =      0.00000 p-value =      1.00000
Site   112 dN/dS =      1.00000 Full Log(L) =      0.00000 LRT =      0.00000 p-value =      1.00000
Site   113 dN/dS =      0.00000 Full Log(L) =    -10.36714 LRT =      0.70981 p-value =      0.19975
Site   114 dN/dS =      1.00000 Full Log(L) =      0.00000 LRT =      0.00000 p-value =      1.00000
Site   115 dN/dS =      1.00000 Full Log(L) =      0.00000 LRT =      0.00000 p-value =      1.00000
Site   116 dN/dS =      1.00000 Full Log(L) =      0.00000 LRT =      0.00000 p-value =      1.00000
Site   117 dN/dS =      1.00000 Full Log(L) =      0.00000 LRT =      0.00000 p-value =      1.00000
Site   118 dN/dS =      0.00000 Full Log(L) =    -11.31217 LRT =      0.68385 p-value =      0.20413
Site   119 dN/dS =      6.18681 Full Log(L) =    -16.48002 LRT =      3.91102 p-value =      0.02399 *P
Site   120 dN/dS =      1.00000 Full Log(L) =      0.00000 LRT =      0.00000 p-value =      1.00000
Site   121 dN/dS =      1.00000 Full Log(L) =      0.00000 LRT =      0.00000 p-value =      1.00000
Site   122 dN/dS =      0.00000 Full Log(L) =     -9.44133 LRT =      0.75150 p-value =      0.19300
Site   123 dN/dS =      1.00000 Full Log(L) =      0.00000 LRT =      0.00000 p-value =      1.00000
Site   124 dN/dS =      1.00000 Full Log(L) =      0.00000 LRT =      0.00000 p-value =      1.00000
Site   125 dN/dS =      1.00000 Full Log(L) =      0.00000 LRT =      0.00000 p-value =      1.00000
Site   126 dN/dS =      1.00000 Full Log(L) =      0.00000 LRT =      0.00000 p-value =      1.00000
Site   127 dN/dS =      1.00000 Full Log(L) =      0.00000 LRT =      0.00000 p-value =      1.00000
Site   128 dN/dS =      1.00000 Full Log(L) =      0.00000 LRT =      0.00000 p-value =      1.00000
Site   129 dN/dS =      0.00000 Full Log(L) =    -12.27127 LRT =      0.75150 p-value =      0.19300
Site   130 dN/dS =      1.00000 Full Log(L) =      0.00000 LRT =      0.00000 p-value =      1.00000
Site   131 dN/dS =      1.00000 Full Log(L) =      0.00000 LRT =      0.00000 p-value =      1.00000
Site   132 dN/dS =      1.00000 Full Log(L) =      0.00000 LRT =      0.00000 p-value =      1.00000
Site   133 dN/dS =      0.00000 Full Log(L) =    -11.33900 LRT =      0.66519 p-value =      0.20737
Site   134 dN/dS =      1.00000 Full Log(L) =      0.00000 LRT =      0.00000 p-value =      1.00000
Site   135 dN/dS =      1.00000 Full Log(L) =      0.00000 LRT =      0.00000 p-value =      1.00000
Site   136 dN/dS =      1.00000 Full Log(L) =      0.00000 LRT =      0.00000 p-value =      1.00000
Site   137 dN/dS =      3.12836 Full Log(L) =     -9.82580 LRT =      0.91394 p-value =      0.16954
Site   138 dN/dS =      2.96500 Full Log(L) =    -10.05238 LRT =      0.84080 p-value =      0.17958
Site   139 dN/dS =      1.00000 Full Log(L) =      0.00000 LRT =      0.00000 p-value =      1.00000
Site   140 dN/dS =      2.39564 Full Log(L) =     -8.19823 LRT =      0.57893 p-value =      0.22337
Site   141 dN/dS =      1.00000 Full Log(L) =      0.00000 LRT =      0.00000 p-value =      1.00000
Site   142 dN/dS =      1.00000 Full Log(L) =      0.00000 LRT =      0.00000 p-value =      1.00000
Site   143 dN/dS =      1.00000 Full Log(L) =      0.00000 LRT =      0.00000 p-value =      1.00000
Site   144 dN/dS =      1.00000 Full Log(L) =      0.00000 LRT =      0.00000 p-value =      1.00000
Site   145 dN/dS =      1.00000 Full Log(L) =      0.00000 LRT =      0.00000 p-value =      1.00000
Site   146 dN/dS =      1.00000 Full Log(L) =      0.00000 LRT =      0.00000 p-value =      1.00000
Site   147 dN/dS =      1.00000 Full Log(L) =      0.00000 LRT =      0.00000 p-value =      1.00000
Site   148 dN/dS =      1.00000 Full Log(L) =      0.00000 LRT =      0.00000 p-value =      1.00000
Site   149 dN/dS =      5.69640 Full Log(L) =    -12.31740 LRT =      3.62453 p-value =      0.02847 *P
Site   150 dN/dS =      1.00000 Full Log(L) =      0.00000 LRT =      0.00000 p-value =      1.00000
Site   151 dN/dS =      1.00000 Full Log(L) =      0.00000 LRT =      0.00000 p-value =      1.00000
Site   152 dN/dS =      1.00000 Full Log(L) =      0.00000 LRT =      0.00000 p-value =      1.00000
Site   153 dN/dS =      3.84190 Full Log(L) =    -17.90422 LRT =      1.20194 p-value =      0.13647
Site   154 dN/dS =      2.68950 Full Log(L) =     -9.86920 LRT =      0.71800 p-value =      0.19840
Site   155 dN/dS =      1.00000 Full Log(L) =      0.00000 LRT =      0.00000 p-value =      1.00000
Site   156 dN/dS =      1.00000 Full Log(L) =      0.00000 LRT =      0.00000 p-value =      1.00000
Site   157 dN/dS =      1.00000 Full Log(L) =      0.00000 LRT =      0.00000 p-value =      1.00000
Site   158 dN/dS =      5.14821 Full Log(L) =    -20.60205 LRT =      3.30175 p-value =      0.03460 *P
Site   159 dN/dS =      1.00000 Full Log(L) =      0.00000 LRT =      0.00000 p-value =      1.00000
Site   160 dN/dS =      3.14207 Full Log(L) =     -7.78315 LRT =      0.92049 p-value =      0.16867
Site   161 dN/dS =      1.00000 Full Log(L) =      0.00000 LRT =      0.00000 p-value =      1.00000
Site   162 dN/dS =      1.00000 Full Log(L) =      0.00000 LRT =      0.00000 p-value =      1.00000
Site   163 dN/dS =      1.00000 Full Log(L) =      0.00000 LRT =      0.00000 p-value =      1.00000
Site   164 dN/dS =      1.00000 Full Log(L) =      0.00000 LRT =      0.00000 p-value =      1.00000
Site   165 dN/dS =      1.00000 Full Log(L) =      0.00000 LRT =      0.00000 p-value =      1.00000
Site   166 dN/dS =      2.59888 Full Log(L) =    -13.18852 LRT =      0.67484 p-value =      0.20568
Site   167 dN/dS =      1.00000 Full Log(L) =      0.00000 LRT =      0.00000 p-value =      1.00000
Site   168 dN/dS =      0.00000 Full Log(L) =     -9.49447 LRT =      0.68806 p-value =      0.20341
Site   169 dN/dS =      1.00000 Full Log(L) =      0.00000 LRT =      0.00000 p-value =      1.00000
Site   170 dN/dS =      1.00000 Full Log(L) =      0.00000 LRT =      0.00000 p-value =      1.00000
Site   171 dN/dS =      1.00000 Full Log(L) =      0.00000 LRT =      0.00000 p-value =      1.00000
Site   172 dN/dS =      4.09064 Full Log(L) =     -9.37098 LRT =      1.29507 p-value =      0.12756
Site   173 dN/dS =      1.00000 Full Log(L) =      0.00000 LRT =      0.00000 p-value =      1.00000
Site   174 dN/dS =      2.97684 Full Log(L) =     -7.13831 LRT =      0.84705 p-value =      0.17869
Site   175 dN/dS =      1.00000 Full Log(L) =      0.00000 LRT =      0.00000 p-value =      1.00000
Site   176 dN/dS =      1.00000 Full Log(L) =      0.00000 LRT =      0.00000 p-value =      1.00000
Site   177 dN/dS =      1.00000 Full Log(L) =      0.00000 LRT =      0.00000 p-value =      1.00000
Site   178 dN/dS =      1.00000 Full Log(L) =      0.00000 LRT =      0.00000 p-value =      1.00000
Site   179 dN/dS =      1.00000 Full Log(L) =      0.00000 LRT =      0.00000 p-value =      1.00000
Site   180 dN/dS =      1.00000 Full Log(L) =      0.00000 LRT =      0.00000 p-value =      1.00000
Site   181 dN/dS =      0.00000 Full Log(L) =     -9.90701 LRT =      0.68809 p-value =      0.20341
Site   182 dN/dS =      1.00000 Full Log(L) =      0.00000 LRT =      0.00000 p-value =      1.00000
Site   183 dN/dS =      0.00000 Full Log(L) =    -11.33554 LRT =      0.66519 p-value =      0.20737
Site   184 dN/dS =      1.00000 Full Log(L) =      0.00000 LRT =      0.00000 p-value =      1.00000
Site   185 dN/dS =      1.00000 Full Log(L) =      0.00000 LRT =      0.00000 p-value =      1.00000
Site   186 dN/dS =      1.00000 Full Log(L) =      0.00000 LRT =      0.00000 p-value =      1.00000
Site   187 dN/dS =      1.00000 Full Log(L) =      0.00000 LRT =      0.00000 p-value =      1.00000
Site   188 dN/dS =      1.00000 Full Log(L) =      0.00000 LRT =      0.00000 p-value =      1.00000
Site   189 dN/dS =      3.11456 Full Log(L) =     -8.99698 LRT =      0.90573 p-value =      0.17062
Site   190 dN/dS =      1.00000 Full Log(L) =      0.00000 LRT =      0.00000 p-value =      1.00000
Site   191 dN/dS =      1.00000 Full Log(L) =      0.00000 LRT =      0.00000 p-value =      1.00000
Site   192 dN/dS =      1.00000 Full Log(L) =      0.00000 LRT =      0.00000 p-value =      1.00000
Site   193 dN/dS =      1.00000 Full Log(L) =      0.00000 LRT =      0.00000 p-value =      1.00000
Site   194 dN/dS =      1.00000 Full Log(L) =      0.00000 LRT =      0.00000 p-value =      1.00000
Site   195 dN/dS =      1.00000 Full Log(L) =      0.00000 LRT =      0.00000 p-value =      1.00000
Site   196 dN/dS =      1.00000 Full Log(L) =      0.00000 LRT =      0.00000 p-value =      1.00000
Site   197 dN/dS =      1.00000 Full Log(L) =      0.00000 LRT =      0.00000 p-value =      1.00000
Site   198 dN/dS =      1.00000 Full Log(L) =      0.00000 LRT =      0.00000 p-value =      1.00000
Site   199 dN/dS =      1.00000 Full Log(L) =      0.00000 LRT =      0.00000 p-value =      1.00000
Site   200 dN/dS =      1.00000 Full Log(L) =      0.00000 LRT =      0.00000 p-value =      1.00000
Site   201 dN/dS =      1.00000 Full Log(L) =      0.00000 LRT =      0.00000 p-value =      1.00000
Site   202 dN/dS =      1.00000 Full Log(L) =      0.00000 LRT =      0.00000 p-value =      1.00000
Site   203 dN/dS =      1.00000 Full Log(L) =      0.00000 LRT =      0.00000 p-value =      1.00000
Site   204 dN/dS =      1.00000 Full Log(L) =      0.00000 LRT =      0.00000 p-value =      1.00000
Site   205 dN/dS =      1.00000 Full Log(L) =      0.00000 LRT =      0.00000 p-value =      1.00000
Site   206 dN/dS =      2.67613 Full Log(L) =    -16.39810 LRT =      0.70995 p-value =      0.19973
Site   207 dN/dS =      1.00000 Full Log(L) =      0.00000 LRT =      0.00000 p-value =      1.00000
Site   208 dN/dS =      6.16793 Full Log(L) =    -16.64648 LRT =      3.88521 p-value =      0.02436 *P
Site   209 dN/dS =      1.00000 Full Log(L) =      0.00000 LRT =      0.00000 p-value =      1.00000
Site   210 dN/dS =      1.00000 Full Log(L) =      0.00000 LRT =      0.00000 p-value =      1.00000
Site   211 dN/dS =      1.00000 Full Log(L) =      0.00000 LRT =      0.00000 p-value =      1.00000
Site   212 dN/dS =      2.78631 Full Log(L) =     -8.57004 LRT =      0.76278 p-value =      0.19123
Site   213 dN/dS =      1.00000 Full Log(L) =      0.00000 LRT =      0.00000 p-value =      1.00000
Site   214 dN/dS =      1.00000 Full Log(L) =      0.00000 LRT =      0.00000 p-value =      1.00000
Site   215 dN/dS =      1.00000 Full Log(L) =      0.00000 LRT =      0.00000 p-value =      1.00000
Site   216 dN/dS =      1.00000 Full Log(L) =      0.00000 LRT =      0.00000 p-value =      1.00000
Site   217 dN/dS =      1.00000 Full Log(L) =      0.00000 LRT =      0.00000 p-value =      1.00000
Site   218 dN/dS =      1.00000 Full Log(L) =      0.00000 LRT =      0.00000 p-value =      1.00000
Site   219 dN/dS =      1.00000 Full Log(L) =      0.00000 LRT =      0.00000 p-value =      1.00000
Site   220 dN/dS =      1.00000 Full Log(L) =      0.00000 LRT =      0.00000 p-value =      1.00000
Site   221 dN/dS =      1.00000 Full Log(L) =      0.00000 LRT =      0.00000 p-value =      1.00000
Site   222 dN/dS =      1.00000 Full Log(L) =      0.00000 LRT =      0.00000 p-value =      1.00000
Site   223 dN/dS =      3.14366 Full Log(L) =    -11.53549 LRT =      0.91818 p-value =      0.16898
Site   224 dN/dS =      2.60295 Full Log(L) =    -12.18441 LRT =      0.67674 p-value =      0.20536
Site   225 dN/dS =      1.00000 Full Log(L) =      0.00000 LRT =      0.00000 p-value =      1.00000
Site   226 dN/dS =      1.00000 Full Log(L) =      0.00000 LRT =      0.00000 p-value =      1.00000
Site   227 dN/dS =      1.00000 Full Log(L) =      0.00000 LRT =      0.00000 p-value =      1.00000
Site   228 dN/dS =      1.00000 Full Log(L) =      0.00000 LRT =      0.00000 p-value =      1.00000
Site   229 dN/dS =      1.00000 Full Log(L) =      0.00000 LRT =      0.00000 p-value =      1.00000
Site   230 dN/dS =      1.00000 Full Log(L) =      0.00000 LRT =      0.00000 p-value =      1.00000
Site   231 dN/dS =      0.00000 Full Log(L) =    -11.05646 LRT =      0.67137 p-value =      0.20629
Site   232 dN/dS =      1.00000 Full Log(L) =      0.00000 LRT =      0.00000 p-value =      1.00000
Site   233 dN/dS =      1.00000 Full Log(L) =      0.00000 LRT =      0.00000 p-value =      1.00000
Site   234 dN/dS =      0.00000 Full Log(L) =     -8.37575 LRT =      0.83159 p-value =      0.18091
Site   235 dN/dS =      1.00000 Full Log(L) =      0.00000 LRT =      0.00000 p-value =      1.00000
Site   236 dN/dS =      1.00000 Full Log(L) =      0.00000 LRT =      0.00000 p-value =      1.00000
Site   237 dN/dS =      1.00000 Full Log(L) =      0.00000 LRT =      0.00000 p-value =      1.00000
Site   238 dN/dS =      1.00000 Full Log(L) =      0.00000 LRT =      0.00000 p-value =      1.00000
Site   239 dN/dS =      1.00000 Full Log(L) =      0.00000 LRT =      0.00000 p-value =      1.00000
Site   240 dN/dS =      1.00000 Full Log(L) =      0.00000 LRT =      0.00000 p-value =      1.00000
Site   241 dN/dS =      1.00000 Full Log(L) =      0.00000 LRT =      0.00000 p-value =      1.00000
Site   242 dN/dS =      6.15544 Full Log(L) =    -10.81586 LRT =      3.88685 p-value =      0.02433 *P
Site   243 dN/dS =      1.00000 Full Log(L) =      0.00000 LRT =      0.00000 p-value =      1.00000
Site   244 dN/dS =      1.00000 Full Log(L) =      0.00000 LRT =      0.00000 p-value =      1.00000
Site   245 dN/dS =      1.00000 Full Log(L) =      0.00000 LRT =      0.00000 p-value =      1.00000
Site   246 dN/dS =      0.00000 Full Log(L) =     -3.58853 LRT =      0.79046 p-value =      0.18698
Site   247 dN/dS =      1.00000 Full Log(L) =      0.00000 LRT =      0.00000 p-value =      1.00000
Site   248 dN/dS =      3.24675 Full Log(L) =    -14.25566 LRT =      0.96305 p-value =      0.16321
Site   249 dN/dS =      1.00000 Full Log(L) =      0.00000 LRT =      0.00000 p-value =      1.00000
Site   250 dN/dS =      1.00000 Full Log(L) =      0.00000 LRT =      0.00000 p-value =      1.00000
Site   251 dN/dS =      1.00000 Full Log(L) =      0.00000 LRT =      0.00000 p-value =      1.00000
Site   252 dN/dS =      2.54497 Full Log(L) =    -12.73153 LRT =      0.64885 p-value =      0.21026
Site   253 dN/dS =      1.00000 Full Log(L) =      0.00000 LRT =      0.00000 p-value =      1.00000
Site   254 dN/dS =      1.00000 Full Log(L) =      0.00000 LRT =      0.00000 p-value =      1.00000
Site   255 dN/dS =      1.00000 Full Log(L) =      0.00000 LRT =      0.00000 p-value =      1.00000
Site   256 dN/dS =      2.46447 Full Log(L) =     -9.47855 LRT =      0.61142 p-value =      0.21713
Site   257 dN/dS =      1.00000 Full Log(L) =      0.00000 LRT =      0.00000 p-value =      1.00000
Site   258 dN/dS =      1.00000 Full Log(L) =      0.00000 LRT =      0.00000 p-value =      1.00000
Site   259 dN/dS =      1.00000 Full Log(L) =      0.00000 LRT =      0.00000 p-value =      1.00000
Site   260 dN/dS =      1.00000 Full Log(L) =      0.00000 LRT =      0.00000 p-value =      1.00000
Site   261 dN/dS =      1.00000 Full Log(L) =      0.00000 LRT =      0.00000 p-value =      1.00000
Site   262 dN/dS =      0.00000 Full Log(L) =     -9.50016 LRT =      0.68806 p-value =      0.20341
Site   263 dN/dS =      1.00000 Full Log(L) =      0.00000 LRT =      0.00000 p-value =      1.00000
Site   264 dN/dS =      1.00000 Full Log(L) =      0.00000 LRT =      0.00000 p-value =      1.00000
Site   265 dN/dS =      1.00000 Full Log(L) =      0.00000 LRT =      0.00000 p-value =      1.00000
Site   266 dN/dS =      1.00000 Full Log(L) =      0.00000 LRT =      0.00000 p-value =      1.00000
Site   267 dN/dS =      1.00000 Full Log(L) =      0.00000 LRT =      0.00000 p-value =      1.00000
Site   268 dN/dS =      1.00000 Full Log(L) =      0.00000 LRT =      0.00000 p-value =      1.00000
Site   269 dN/dS =      1.00000 Full Log(L) =      0.00000 LRT =      0.00000 p-value =      1.00000
Site   270 dN/dS =      1.00000 Full Log(L) =      0.00000 LRT =      0.00000 p-value =      1.00000
Site   271 dN/dS =      1.00000 Full Log(L) =      0.00000 LRT =      0.00000 p-value =      1.00000
Site   272 dN/dS =      1.00000 Full Log(L) =      0.00000 LRT =      0.00000 p-value =      1.00000
Site   273 dN/dS =      1.00000 Full Log(L) =      0.00000 LRT =      0.00000 p-value =      1.00000
Site   274 dN/dS =      1.00000 Full Log(L) =      0.00000 LRT =      0.00000 p-value =      1.00000
Site   275 dN/dS =      1.00000 Full Log(L) =      0.00000 LRT =      0.00000 p-value =      1.00000
Site   276 dN/dS =      1.00000 Full Log(L) =      0.00000 LRT =      0.00000 p-value =      1.00000
Site   277 dN/dS =      1.00000 Full Log(L) =      0.00000 LRT =      0.00000 p-value =      1.00000
Site   278 dN/dS =      1.00000 Full Log(L) =      0.00000 LRT =      0.00000 p-value =      1.00000
Site   279 dN/dS =      1.00000 Full Log(L) =      0.00000 LRT =      0.00000 p-value =      1.00000
Site   280 dN/dS =      1.00000 Full Log(L) =      0.00000 LRT =      0.00000 p-value =      1.00000
Site   281 dN/dS =      1.00000 Full Log(L) =      0.00000 LRT =      0.00000 p-value =      1.00000
Site   282 dN/dS =      1.00000 Full Log(L) =      0.00000 LRT =      0.00000 p-value =      1.00000
Site   283 dN/dS =      1.00000 Full Log(L) =      0.00000 LRT =      0.00000 p-value =      1.00000
Site   284 dN/dS =      1.00000 Full Log(L) =      0.00000 LRT =      0.00000 p-value =      1.00000
Site   285 dN/dS =      1.00000 Full Log(L) =      0.00000 LRT =      0.00000 p-value =      1.00000
Site   286 dN/dS =      0.00000 Full Log(L) =     -9.47879 LRT =      0.50310 p-value =      0.23907
Site   287 dN/dS =      1.00000 Full Log(L) =      0.00000 LRT =      0.00000 p-value =      1.00000
Site   288 dN/dS =      1.00000 Full Log(L) =      0.00000 LRT =      0.00000 p-value =      1.00000
Site   289 dN/dS =      1.00000 Full Log(L) =      0.00000 LRT =      0.00000 p-value =      1.00000
Site   290 dN/dS =      1.00000 Full Log(L) =      0.00000 LRT =      0.00000 p-value =      1.00000
Site   291 dN/dS =      2.83863 Full Log(L) =     -9.92674 LRT =      0.79754 p-value =      0.18592
Site   292 dN/dS =      3.05549 Full Log(L) =     -9.21616 LRT =      0.88036 p-value =      0.17405
Site   293 dN/dS =      1.00000 Full Log(L) =      0.00000 LRT =      0.00000 p-value =      1.00000
Site   294 dN/dS =      1.00000 Full Log(L) =      0.00000 LRT =      0.00000 p-value =      1.00000
Site   295 dN/dS =      1.00000 Full Log(L) =      0.00000 LRT =      0.00000 p-value =      1.00000
Site   296 dN/dS =      1.00000 Full Log(L) =      0.00000 LRT =      0.00000 p-value =      1.00000
Site   297 dN/dS =      1.00000 Full Log(L) =      0.00000 LRT =      0.00000 p-value =      1.00000
Site   298 dN/dS =      0.00000 Full Log(L) =     -8.84594 LRT =      0.62425 p-value =      0.21474
Site   299 dN/dS =      1.00000 Full Log(L) =      0.00000 LRT =      0.00000 p-value =      1.00000
Site   300 dN/dS =      1.00000 Full Log(L) =      0.00000 LRT =      0.00000 p-value =      1.00000
Site   301 dN/dS =      2.94552 Full Log(L) =    -10.42726 LRT =      0.83223 p-value =      0.18081
Site   302 dN/dS =      1.00000 Full Log(L) =      0.00000 LRT =      0.00000 p-value =      1.00000
Site   303 dN/dS =      1.00000 Full Log(L) =      0.00000 LRT =      0.00000 p-value =      1.00000
Site   304 dN/dS =      1.00000 Full Log(L) =      0.00000 LRT =      0.00000 p-value =      1.00000
Site   305 dN/dS =      1.00000 Full Log(L) =      0.00000 LRT =      0.00000 p-value =      1.00000
Site   306 dN/dS =      1.00000 Full Log(L) =      0.00000 LRT =      0.00000 p-value =      1.00000
Site   307 dN/dS =      1.00000 Full Log(L) =      0.00000 LRT =      0.00000 p-value =      1.00000
Site   308 dN/dS =      1.00000 Full Log(L) =      0.00000 LRT =      0.00000 p-value =      1.00000
Site   309 dN/dS =      0.00000 Full Log(L) =    -10.82648 LRT =      0.67137 p-value =      0.20629
Site   310 dN/dS =      1.00000 Full Log(L) =      0.00000 LRT =      0.00000 p-value =      1.00000
Site   311 dN/dS =      1.00000 Full Log(L) =      0.00000 LRT =      0.00000 p-value =      1.00000
Site   312 dN/dS =      1.00000 Full Log(L) =      0.00000 LRT =      0.00000 p-value =      1.00000
Site   313 dN/dS =      1.00000 Full Log(L) =      0.00000 LRT =      0.00000 p-value =      1.00000
Site   314 dN/dS =      1.00000 Full Log(L) =      0.00000 LRT =      0.00000 p-value =      1.00000
Site   315 dN/dS =      1.00000 Full Log(L) =      0.00000 LRT =      0.00000 p-value =      1.00000
Site   316 dN/dS =      1.00000 Full Log(L) =      0.00000 LRT =      0.00000 p-value =      1.00000
Site   317 dN/dS =      1.00000 Full Log(L) =      0.00000 LRT =      0.00000 p-value =      1.00000
Site   318 dN/dS =      1.00000 Full Log(L) =      0.00000 LRT =      0.00000 p-value =      1.00000
Site   319 dN/dS =      1.00000 Full Log(L) =      0.00000 LRT =      0.00000 p-value =      1.00000
Site   320 dN/dS =      0.00000 Full Log(L) =    -13.37257 LRT =      0.75150 p-value =      0.19300
Site   321 dN/dS =      1.00000 Full Log(L) =      0.00000 LRT =      0.00000 p-value =      1.00000
Site   322 dN/dS =      1.00000 Full Log(L) =      0.00000 LRT =      0.00000 p-value =      1.00000
Site   323 dN/dS =      0.00000 Full Log(L) =     -8.88533 LRT =      0.78087 p-value =      0.18844
Site   324 dN/dS =      1.00000 Full Log(L) =      0.00000 LRT =      0.00000 p-value =      1.00000
Site   325 dN/dS =      1.00000 Full Log(L) =      0.00000 LRT =      0.00000 p-value =      1.00000
Site   326 dN/dS =      1.00000 Full Log(L) =      0.00000 LRT =      0.00000 p-value =      1.00000
Site   327 dN/dS =      1.00000 Full Log(L) =      0.00000 LRT =      0.00000 p-value =      1.00000
Site   328 dN/dS =      1.00000 Full Log(L) =      0.00000 LRT =      0.00000 p-value =      1.00000
Site   329 dN/dS =      3.07891 Full Log(L) =    -18.26317 LRT =      0.89225 p-value =      0.17243
Site   330 dN/dS =      0.00000 Full Log(L) =    -10.11915 LRT =      0.35318 p-value =      0.27616
Site   331 dN/dS =      1.00000 Full Log(L) =      0.00000 LRT =      0.00000 p-value =      1.00000
Site   332 dN/dS =      1.00000 Full Log(L) =      0.00000 LRT =      0.00000 p-value =      1.00000
Site   333 dN/dS =      1.00000 Full Log(L) =      0.00000 LRT =      0.00000 p-value =      1.00000
Site   334 dN/dS =      1.00000 Full Log(L) =      0.00000 LRT =      0.00000 p-value =      1.00000
Site   335 dN/dS =      1.00000 Full Log(L) =      0.00000 LRT =      0.00000 p-value =      1.00000
Site   336 dN/dS =      1.00000 Full Log(L) =      0.00000 LRT =      0.00000 p-value =      1.00000
Site   337 dN/dS =      1.00000 Full Log(L) =      0.00000 LRT =      0.00000 p-value =      1.00000
Site   338 dN/dS =      1.00000 Full Log(L) =      0.00000 LRT =      0.00000 p-value =      1.00000
Site   339 dN/dS =      1.00000 Full Log(L) =      0.00000 LRT =      0.00000 p-value =      1.00000
Site   340 dN/dS =      1.00000 Full Log(L) =      0.00000 LRT =      0.00000 p-value =      1.00000
Site   341 dN/dS =      2.74289 Full Log(L) =    -13.14058 LRT =      0.74137 p-value =      0.19461
Site   342 dN/dS =      0.00000 Full Log(L) =     -9.44245 LRT =      0.65118 p-value =      0.20985
Site   343 dN/dS =      0.00000 Full Log(L) =     -9.96398 LRT =      0.44034 p-value =      0.25348
Site   344 dN/dS =      1.00000 Full Log(L) =      0.00000 LRT =      0.00000 p-value =      1.00000
Site   345 dN/dS =      1.00000 Full Log(L) =      0.00000 LRT =      0.00000 p-value =      1.00000
Site   346 dN/dS =      0.00000 Full Log(L) =     -4.39842 LRT =      0.85302 p-value =      0.17785
Site   347 dN/dS =      0.00000 Full Log(L) =     -3.58853 LRT =      0.79734 p-value =      0.18595
Site   348 dN/dS =      0.00000 Full Log(L) =     -4.34669 LRT =      0.58570 p-value =      0.22204
Site   349 dN/dS =      0.00000 Full Log(L) =     -4.39842 LRT =      0.85302 p-value =      0.17785
Site   350 dN/dS =      0.00000 Full Log(L) =     -4.26942 LRT =      0.75150 p-value =      0.19300
Site   351 dN/dS =      0.00000 Full Log(L) =    -18.40376 LRT =      0.62398 p-value =      0.21479
Site   352 dN/dS =      0.00000 Full Log(L) =     -4.26942 LRT =      0.75150 p-value =      0.19300
Site   353 dN/dS =      0.00000 Full Log(L) =    -10.71557 LRT =      0.85302 p-value =      0.17785
Site   354 dN/dS =      0.00000 Full Log(L) =     -4.34669 LRT =      0.58570 p-value =      0.22204
Site   355 dN/dS =      0.00000 Full Log(L) =     -3.58853 LRT =      0.79734 p-value =      0.18595
Site   356 dN/dS =      0.00000 Full Log(L) =    -10.12080 LRT =      0.73751 p-value =      0.19523
Site   357 dN/dS =      0.00000 Full Log(L) =     -3.53373 LRT =      0.68816 p-value =      0.20340
Site   358 dN/dS =      0.00000 Full Log(L) =     -4.34788 LRT =      0.85302 p-value =      0.17785
Site   359 dN/dS =      0.00000 Full Log(L) =     -4.54768 LRT =      0.37357 p-value =      0.27053
Site   360 dN/dS =      0.00000 Full Log(L) =     -4.11657 LRT =      0.73759 p-value =      0.19522
Site   361 dN/dS =      0.00000 Full Log(L) =     -4.07011 LRT =      0.81946 p-value =      0.18267
Site   362 dN/dS =      0.00000 Full Log(L) =     -4.07264 LRT =      1.00201 p-value =      0.15841
Site   363 dN/dS =      0.00000 Full Log(L) =    -22.00635 LRT =      0.68385 p-value =      0.20413
Site   364 dN/dS =      0.00000 Full Log(L) =     -3.84893 LRT =      0.72794 p-value =      0.19678
Site   365 dN/dS =      0.00000 Full Log(L) =     -4.33823 LRT =      0.80180 p-value =      0.18528
Site   366 dN/dS =      0.00000 Full Log(L) =     -4.54768 LRT =      0.35118 p-value =      0.27672
Site   367 dN/dS =      0.00000 Full Log(L) =     -3.94229 LRT =      0.50066 p-value =      0.23961
Site   368 dN/dS =      0.00000 Full Log(L) =     -4.33823 LRT =      0.80180 p-value =      0.18528
Site   369 dN/dS =      0.00000 Full Log(L) =     -4.33884 LRT =      0.55057 p-value =      0.22904
Site   370 dN/dS =      0.00000 Full Log(L) =     -4.34983 LRT =      0.76481 p-value =      0.19091
Site   371 dN/dS =      0.00000 Full Log(L) =    -11.39621 LRT =      0.65263 p-value =      0.20959
Site   372 dN/dS =      0.00000 Full Log(L) =     -4.06066 LRT =      0.41402 p-value =      0.25997
Site   373 dN/dS =      0.00000 Full Log(L) =     -9.48072 LRT =      0.64669 p-value =      0.21065
Site   374 dN/dS =      0.00000 Full Log(L) =     -4.63089 LRT =      0.54664 p-value =      0.22985
Site   375 dN/dS =      0.00000 Full Log(L) =     -8.68258 LRT =      0.69299 p-value =      0.20258
Site   376 dN/dS =      0.00000 Full Log(L) =     -4.38842 LRT =      0.80180 p-value =      0.18528
Site   377 dN/dS =      0.00000 Full Log(L) =     -3.98884 LRT =      0.62525 p-value =      0.21455
Site   378 dN/dS =      0.00000 Full Log(L) =     -4.06204 LRT =      0.77025 p-value =      0.19007
Site   379 dN/dS =      0.00000 Full Log(L) =     -4.06066 LRT =      0.41402 p-value =      0.25997
Site   380 dN/dS =      0.00000 Full Log(L) =     -4.26135 LRT =      0.70639 p-value =      0.20032
Site   381 dN/dS =      0.00000 Full Log(L) =     -4.26135 LRT =      0.70639 p-value =      0.20032
Site   382 dN/dS =      0.00000 Full Log(L) =    -10.16607 LRT =      0.72787 p-value =      0.19679
Site   383 dN/dS =      0.00000 Full Log(L) =     -4.76559 LRT =      0.56751 p-value =      0.22562
Site   384 dN/dS =      0.00000 Full Log(L) =     -3.25161 LRT =      0.61212 p-value =      0.21700
Site   385 dN/dS =      0.00000 Full Log(L) =     -4.08215 LRT =      0.78818 p-value =      0.18732
Site   386 dN/dS =      0.00000 Full Log(L) =     -4.26503 LRT =      0.62525 p-value =      0.21455
Site   387 dN/dS =      0.00000 Full Log(L) =     -4.06066 LRT =      0.41402 p-value =      0.25997
Site   388 dN/dS =      0.00000 Full Log(L) =     -4.26135 LRT =      0.70639 p-value =      0.20032
Site   389 dN/dS =      0.00000 Full Log(L) =     -4.26135 LRT =      0.70639 p-value =      0.20032
Site   390 dN/dS =      0.00000 Full Log(L) =     -3.99414 LRT =      0.58685 p-value =      0.22182
Site   391 dN/dS =      0.00000 Full Log(L) =     -3.57643 LRT =      0.64679 p-value =      0.21063
Site   392 dN/dS =      4.93221 Full Log(L) =     -9.24262 LRT =      1.58144 p-value =      0.10428
Site   393 dN/dS =      0.00000 Full Log(L) =     -3.99414 LRT =      0.58685 p-value =      0.22182
Site   394 dN/dS =      0.00000 Full Log(L) =     -9.20482 LRT =      0.64666 p-value =      0.21065
Site   395 dN/dS =      0.00000 Full Log(L) =     -4.64442 LRT =      0.80180 p-value =      0.18528
Site   396 dN/dS =      0.00000 Full Log(L) =     -3.25161 LRT =      0.61212 p-value =      0.21700
Site   397 dN/dS =      0.00000 Full Log(L) =     -5.18954 LRT =      0.33200 p-value =      0.28224
Site   398 dN/dS =      0.00000 Full Log(L) =     -3.52623 LRT =      0.64679 p-value =      0.21063
Site   399 dN/dS =      0.00000 Full Log(L) =     -4.34983 LRT =      0.76481 p-value =      0.19091
Site   400 dN/dS =      0.00000 Full Log(L) =     -4.08955 LRT =      0.32003 p-value =      0.28580
Site   401 dN/dS =      0.00000 Full Log(L) =     -3.99414 LRT =      0.58685 p-value =      0.22182
Site   402 dN/dS =      0.00000 Full Log(L) =     -4.10649 LRT =      0.69327 p-value =      0.20253
Site   403 dN/dS =      0.00000 Full Log(L) =     -3.25161 LRT =      0.61212 p-value =      0.21700
Site   404 dN/dS =      0.00000 Full Log(L) =     -4.57122 LRT =      0.62525 p-value =      0.21455
Site   405 dN/dS =      0.00000 Full Log(L) =     -3.57643 LRT =      0.64679 p-value =      0.21063
Site   406 dN/dS =      0.00000 Full Log(L) =     -4.10649 LRT =      0.69327 p-value =      0.20253
Site   407 dN/dS =      0.00000 Full Log(L) =     -3.25161 LRT =      0.61212 p-value =      0.21700
Site   408 dN/dS =      0.00000 Full Log(L) =     -4.33884 LRT =      0.55057 p-value =      0.22904
Site   409 dN/dS =      0.00000 Full Log(L) =     -4.33527 LRT =      0.65266 p-value =      0.20958
Site   410 dN/dS =      0.00000 Full Log(L) =     -4.06066 LRT =      0.41402 p-value =      0.25997
Site   411 dN/dS =      0.00000 Full Log(L) =     -7.86914 LRT =      0.58657 p-value =      0.22188
Site   412 dN/dS =      0.00000 Full Log(L) =     -3.52412 LRT =      0.69326 p-value =      0.20253
Site   413 dN/dS =      0.00000 Full Log(L) =     -3.25161 LRT =      0.61212 p-value =      0.21700
Site   414 dN/dS =      0.00000 Full Log(L) =     -3.52412 LRT =      0.69326 p-value =      0.20253
Site   415 dN/dS =      0.00000 Full Log(L) =     -4.33884 LRT =      0.55057 p-value =      0.22904
Site   416 dN/dS =      0.00000 Full Log(L) =     -4.35471 LRT =      0.47027 p-value =      0.24643
Site   417 dN/dS =      0.00000 Full Log(L) =     -3.52412 LRT =      0.69326 p-value =      0.20253
Site   418 dN/dS =      0.00000 Full Log(L) =     -3.95287 LRT =      0.64279 p-value =      0.21135
Site   419 dN/dS =      0.00000 Full Log(L) =     -3.52412 LRT =      0.69326 p-value =      0.20253
Site   420 dN/dS =      0.00000 Full Log(L) =     -4.64442 LRT =      0.80180 p-value =      0.18528
Site   421 dN/dS =      0.00000 Full Log(L) =     -3.76746 LRT =      0.73326 p-value =      0.19592
Site   422 dN/dS =      0.00000 Full Log(L) =     -3.94394 LRT =      0.58685 p-value =      0.22182
Site   423 dN/dS =      0.00000 Full Log(L) =     -4.64303 LRT =      0.41404 p-value =      0.25996
Site   424 dN/dS =      0.00000 Full Log(L) =     -3.84893 LRT =      0.72794 p-value =      0.19678
Site   425 dN/dS =      0.00000 Full Log(L) =     -4.81579 LRT =      0.56751 p-value =      0.22562
Site   426 dN/dS =      0.00000 Full Log(L) =     -4.10649 LRT =      0.69327 p-value =      0.20253
Site   427 dN/dS =      3.32438 Full Log(L) =     -8.92725 LRT =      0.99326 p-value =      0.15947
Site   428 dN/dS =      0.00000 Full Log(L) =     -3.89210 LRT =      0.50066 p-value =      0.23961
Site   429 dN/dS =      0.00000 Full Log(L) =     -4.22905 LRT =      0.64279 p-value =      0.21135
Site   430 dN/dS =      0.00000 Full Log(L) =     -7.71375 LRT =      0.69254 p-value =      0.20265
Site   431 dN/dS =      0.00000 Full Log(L) =     -3.84893 LRT =      0.72794 p-value =      0.19678
Site   432 dN/dS =      0.00000 Full Log(L) =     -4.26503 LRT =      0.62525 p-value =      0.21455
Site   433 dN/dS =      0.00000 Full Log(L) =     -3.25161 LRT =      0.61212 p-value =      0.21700
Site   434 dN/dS =      0.00000 Full Log(L) =     -3.58648 LRT =      0.74941 p-value =      0.19333
Site   435 dN/dS =      0.00000 Full Log(L) =     -3.79874 LRT =      0.72794 p-value =      0.19678
Site   436 dN/dS =      0.00000 Full Log(L) =     -4.81579 LRT =      0.56751 p-value =      0.22562
Site   437 dN/dS =      0.00000 Full Log(L) =     -4.54768 LRT =      0.35118 p-value =      0.27672
Site   438 dN/dS =      0.00000 Full Log(L) =    -10.79417 LRT =      0.51377 p-value =      0.23675
Site   439 dN/dS =      0.00000 Full Log(L) =     -3.94229 LRT =      0.50066 p-value =      0.23961
Site   440 dN/dS =      0.00000 Full Log(L) =     -9.20482 LRT =      0.64666 p-value =      0.21065
Site   441 dN/dS =      0.00000 Full Log(L) =    -10.91436 LRT =      0.70639 p-value =      0.20032
Site   442 dN/dS =      0.00000 Full Log(L) =     -4.10649 LRT =      0.69327 p-value =      0.20253
Site   443 dN/dS =      0.00000 Full Log(L) =     -4.76559 LRT =      0.56751 p-value =      0.22562
Site   444 dN/dS =      0.00000 Full Log(L) =     -4.76559 LRT =      0.56751 p-value =      0.22562
Site   445 dN/dS =      0.00000 Full Log(L) =     -4.22905 LRT =      0.64279 p-value =      0.21135
Site   446 dN/dS =      0.00000 Full Log(L) =     -4.58773 LRT =      0.70639 p-value =      0.20032
Site   447 dN/dS =      0.00000 Full Log(L) =     -5.18954 LRT =      0.33200 p-value =      0.28224
Site   448 dN/dS =      0.00000 Full Log(L) =     -4.10649 LRT =      0.69327 p-value =      0.20253
Site   449 dN/dS =      0.00000 Full Log(L) =     -3.57643 LRT =      0.64679 p-value =      0.21063
Site   450 dN/dS =      0.00000 Full Log(L) =     -4.06066 LRT =      0.41402 p-value =      0.25997
Site   451 dN/dS =      0.00000 Full Log(L) =     -4.33527 LRT =      0.65266 p-value =      0.20958
Site   452 dN/dS =      0.00000 Full Log(L) =     -3.98884 LRT =      0.62525 p-value =      0.21455
Site   453 dN/dS =      0.00000 Full Log(L) =     -3.94394 LRT =      0.58685 p-value =      0.22182
Site   454 dN/dS =      0.00000 Full Log(L) =     -3.79874 LRT =      0.72794 p-value =      0.19678
Site   455 dN/dS =      0.00000 Full Log(L) =     -4.60716 LRT =      0.33200 p-value =      0.28224
Site   456 dN/dS =      0.00000 Full Log(L) =     -4.26503 LRT =      0.62525 p-value =      0.21455
Site   457 dN/dS =      0.00000 Full Log(L) =     -3.84893 LRT =      0.72794 p-value =      0.19678
Site   458 dN/dS =      0.00000 Full Log(L) =     -4.35471 LRT =      0.47027 p-value =      0.24643
Site   459 dN/dS =      0.00000 Full Log(L) =     -3.52412 LRT =      0.69326 p-value =      0.20253
Site   460 dN/dS =      0.00000 Full Log(L) =     -4.07264 LRT =      0.94184 p-value =      0.16590
Site   461 dN/dS =      0.00000 Full Log(L) =     -3.57643 LRT =      0.64679 p-value =      0.21063
Site   462 dN/dS =      0.00000 Full Log(L) =     -3.25161 LRT =      0.61212 p-value =      0.21700
Site   463 dN/dS =      0.00000 Full Log(L) =     -5.18954 LRT =      0.33200 p-value =      0.28224
Site   464 dN/dS =      3.69627 Full Log(L) =    -18.15986 LRT =      1.14606 p-value =      0.14219
Site   465 dN/dS =      0.00000 Full Log(L) =     -3.52412 LRT =      0.69326 p-value =      0.20253
Site   466 dN/dS =      3.00514 Full Log(L) =     -8.47395 LRT =      0.85899 p-value =      0.17701
Site   467 dN/dS =      0.00000 Full Log(L) =     -3.98884 LRT =      0.62525 p-value =      0.21455
Site   468 dN/dS =      0.00000 Full Log(L) =     -7.95709 LRT =      0.75430 p-value =      0.19256
Site   469 dN/dS =      0.00000 Full Log(L) =    -15.97416 LRT =      0.61197 p-value =      0.21702
Site   470 dN/dS =      0.00000 Full Log(L) =     -4.06066 LRT =      0.41402 p-value =      0.25997
Site   471 dN/dS =      0.00000 Full Log(L) =    -11.95076 LRT =      0.33200 p-value =      0.28224
Site   472 dN/dS =      0.00000 Full Log(L) =     -4.34983 LRT =      0.76481 p-value =      0.19091
Site   473 dN/dS =      0.00000 Full Log(L) =     -3.52412 LRT =      0.69326 p-value =      0.20253
Site   474 dN/dS =      0.00000 Full Log(L) =     -3.52623 LRT =      0.64679 p-value =      0.21063
Site   475 dN/dS =      2.86415 Full Log(L) =    -11.53476 LRT =      0.79704 p-value =      0.18599
Site   476 dN/dS =      0.00000 Full Log(L) =     -4.10649 LRT =      0.69327 p-value =      0.20253
Site   477 dN/dS =      0.00000 Full Log(L) =    -10.83264 LRT =      0.72789 p-value =      0.19678
Site   478 dN/dS =      0.00000 Full Log(L) =     -4.07264 LRT =      0.94184 p-value =      0.16590
Site   479 dN/dS =      0.00000 Full Log(L) =     -4.38842 LRT =      0.80180 p-value =      0.18528
Site   480 dN/dS =      0.00000 Full Log(L) =     -3.52623 LRT =      0.64679 p-value =      0.21063
Site   481 dN/dS =      0.00000 Full Log(L) =     -4.33823 LRT =      0.80180 p-value =      0.18528
Site   482 dN/dS =      0.00000 Full Log(L) =    -14.69036 LRT =      0.66694 p-value =      0.20706
Site   483 dN/dS =      0.00000 Full Log(L) =     -4.33884 LRT =      0.55057 p-value =      0.22904
Site   484 dN/dS =      0.00000 Full Log(L) =     -3.25161 LRT =      0.61212 p-value =      0.21700
Site   485 dN/dS =      0.00000 Full Log(L) =     -3.58648 LRT =      0.74941 p-value =      0.19333
Site   486 dN/dS =      0.00000 Full Log(L) =     -9.08379 LRT =      0.50066 p-value =      0.23961
Site   487 dN/dS =      0.00000 Full Log(L) =     -4.38547 LRT =      0.65266 p-value =      0.20958
Site   488 dN/dS =      0.00000 Full Log(L) =     -3.25161 LRT =      0.61212 p-value =      0.21700
Site   489 dN/dS =      0.00000 Full Log(L) =     -4.39782 LRT =      0.66725 p-value =      0.20701
Site   490 dN/dS =      0.00000 Full Log(L) =     -3.84893 LRT =      0.72794 p-value =      0.19678
Site   491 dN/dS =      0.00000 Full Log(L) =     -3.52623 LRT =      0.64679 p-value =      0.21063
Site   492 dN/dS =      0.00000 Full Log(L) =     -4.58773 LRT =      0.70639 p-value =      0.20032
Site   493 dN/dS =      0.00000 Full Log(L) =     -9.58951 LRT =      0.66716 p-value =      0.20702
Site   494 dN/dS =      0.00000 Full Log(L) =     -3.58648 LRT =      0.74941 p-value =      0.19333
Site   495 dN/dS =      0.00000 Full Log(L) =     -4.64442 LRT =      0.80180 p-value =      0.18528
Site   496 dN/dS =      0.00000 Full Log(L) =     -4.35471 LRT =      0.47027 p-value =      0.24643
Site   497 dN/dS =      0.00000 Full Log(L) =     -3.99414 LRT =      0.58685 p-value =      0.22182
Site   498 dN/dS =      0.00000 Full Log(L) =     -3.76746 LRT =      0.73326 p-value =      0.19592
Site   499 dN/dS =      0.00000 Full Log(L) =     -3.52623 LRT =      0.64679 p-value =      0.21063
Site   500 dN/dS =      0.00000 Full Log(L) =    -10.24687 LRT =      0.77059 p-value =      0.19002
Site   501 dN/dS =      0.00000 Full Log(L) =     -4.26503 LRT =      0.62525 p-value =      0.21455
Site   502 dN/dS =      0.00000 Full Log(L) =     -3.89210 LRT =      0.50066 p-value =      0.23961
Site   503 dN/dS =      0.00000 Full Log(L) =     -9.75842 LRT =      0.72784 p-value =      0.19679
Site   504 dN/dS =      0.00000 Full Log(L) =     -4.33527 LRT =      0.65266 p-value =      0.20958
Site   505 dN/dS =      0.00000 Full Log(L) =     -3.79874 LRT =      0.72794 p-value =      0.19678
Site   506 dN/dS =      0.00000 Full Log(L) =     -3.95287 LRT =      0.64279 p-value =      0.21135
Site   507 dN/dS =      0.00000 Full Log(L) =     -3.94229 LRT =      0.50066 p-value =      0.23961
Site   508 dN/dS =      0.00000 Full Log(L) =     -3.76746 LRT =      0.73326 p-value =      0.19592
Site   509 dN/dS =      0.00000 Full Log(L) =    -10.16898 LRT =      0.72787 p-value =      0.19679
Site   510 dN/dS =      0.00000 Full Log(L) =     -3.52412 LRT =      0.69326 p-value =      0.20253
Site   511 dN/dS =      0.00000 Full Log(L) =     -4.26135 LRT =      0.70639 p-value =      0.20032
Site   512 dN/dS =      0.00000 Full Log(L) =     -4.08955 LRT =      0.32003 p-value =      0.28580
Site   513 dN/dS =      0.00000 Full Log(L) =     -3.57643 LRT =      0.64679 p-value =      0.21063
Site   514 dN/dS =      0.00000 Full Log(L) =     -3.57643 LRT =      0.64679 p-value =      0.21063
Site   515 dN/dS =      0.00000 Full Log(L) =     -5.20371 LRT =      0.68101 p-value =      0.20462
Site   516 dN/dS =      0.00000 Full Log(L) =    -11.35445 LRT =      0.55053 p-value =      0.22905
Site   517 dN/dS =      0.00000 Full Log(L) =     -4.64303 LRT =      0.41404 p-value =      0.25996
Site   518 dN/dS =      0.00000 Full Log(L) =    -12.07509 LRT =      0.58666 p-value =      0.22186
Site   519 dN/dS =      0.00000 Full Log(L) =     -3.25161 LRT =      0.61212 p-value =      0.21700
Site   520 dN/dS =      0.00000 Full Log(L) =     -4.33823 LRT =      0.80180 p-value =      0.18528
Site   521 dN/dS =      0.00000 Full Log(L) =     -4.22905 LRT =      0.64279 p-value =      0.21135
Site   522 dN/dS =      0.00000 Full Log(L) =     -4.10649 LRT =      0.69327 p-value =      0.20253
Site   523 dN/dS =      0.00000 Full Log(L) =    -13.51543 LRT =      0.33888 p-value =      0.28024
Site   524 dN/dS =      3.32281 Full Log(L) =    -10.10330 LRT =      0.99269 p-value =      0.15954
Site   525 dN/dS =      0.00000 Full Log(L) =     -4.35471 LRT =      0.47027 p-value =      0.24643
Site   526 dN/dS =      0.00000 Full Log(L) =     -4.06204 LRT =      0.77025 p-value =      0.19007
Site   527 dN/dS =      4.05709 Full Log(L) =     -9.66738 LRT =      1.28106 p-value =      0.12885
Site   528 dN/dS =      0.00000 Full Log(L) =     -3.25161 LRT =      0.61212 p-value =      0.21700
Site   529 dN/dS =      0.00000 Full Log(L) =     -3.79874 LRT =      0.72794 p-value =      0.19678
Site   530 dN/dS =      0.00000 Full Log(L) =     -4.54768 LRT =      0.35118 p-value =      0.27672
Site   531 dN/dS =      3.52165 Full Log(L) =    -11.64547 LRT =      1.07568 p-value =      0.14983
Site   532 dN/dS =      0.00000 Full Log(L) =     -4.60716 LRT =      0.33200 p-value =      0.28224
Site   533 dN/dS =      0.00000 Full Log(L) =     -4.54768 LRT =      0.35118 p-value =      0.27672
Site   534 dN/dS =      0.00000 Full Log(L) =     -3.94394 LRT =      0.58685 p-value =      0.22182
Site   535 dN/dS =      0.00000 Full Log(L) =     -4.68109 LRT =      0.54664 p-value =      0.22985
Site   536 dN/dS =      0.00000 Full Log(L) =     -4.28865 LRT =      0.55057 p-value =      0.22904
Site   537 dN/dS =      0.00000 Full Log(L) =     -4.58773 LRT =      0.70639 p-value =      0.20032
Site   538 dN/dS =      5.22332 Full Log(L) =    -13.21016 LRT =      3.34754 p-value =      0.03365 *P
Site   539 dN/dS =      0.00000 Full Log(L) =     -4.35471 LRT =      0.47027 p-value =      0.24643
Site   540 dN/dS =      0.00000 Full Log(L) =     -8.32326 LRT =      0.66697 p-value =      0.20706
Site   541 dN/dS =      0.00000 Full Log(L) =     -4.28865 LRT =      0.55057 p-value =      0.22904
Site   542 dN/dS =      0.00000 Full Log(L) =     -4.67192 LRT =      0.34877 p-value =      0.27741
Site   543 dN/dS =      3.56276 Full Log(L) =    -10.86587 LRT =      1.09601 p-value =      0.14757
Site   544 dN/dS =      0.00000 Full Log(L) =     -4.39782 LRT =      0.66725 p-value =      0.20701
Site   545 dN/dS =      0.00000 Full Log(L) =     -4.22905 LRT =      0.64279 p-value =      0.21135
Site   546 dN/dS =      0.00000 Full Log(L) =     -4.22905 LRT =      0.64279 p-value =      0.21135
Site   547 dN/dS =      0.00000 Full Log(L) =     -4.67192 LRT =      0.34877 p-value =      0.27741
Site   548 dN/dS =      0.00000 Full Log(L) =     -5.18954 LRT =      0.33200 p-value =      0.28224
Site   549 dN/dS =      0.00000 Full Log(L) =     -4.64442 LRT =      0.80180 p-value =      0.18528
Site   550 dN/dS =      3.68683 Full Log(L) =    -10.84807 LRT =      1.14468 p-value =      0.14233
Site   551 dN/dS =      0.00000 Full Log(L) =     -8.82444 LRT =      0.58674 p-value =      0.22184
Site   552 dN/dS =      0.00000 Full Log(L) =     -4.07264 LRT =      0.94184 p-value =      0.16590
Site   553 dN/dS =      0.00000 Full Log(L) =     -4.54768 LRT =      0.35118 p-value =      0.27672
Site   554 dN/dS =      0.00000 Full Log(L) =     -4.58773 LRT =      0.70639 p-value =      0.20032
Site   555 dN/dS =      0.00000 Full Log(L) =     -4.44802 LRT =      0.66725 p-value =      0.20701
Site   556 dN/dS =      0.00000 Full Log(L) =     -4.06066 LRT =      0.41402 p-value =      0.25997
Site   557 dN/dS =      0.00000 Full Log(L) =     -3.25161 LRT =      0.61212 p-value =      0.21700
Site   558 dN/dS =      0.00000 Full Log(L) =     -4.38842 LRT =      0.80180 p-value =      0.18528
Site   559 dN/dS =      0.00000 Full Log(L) =     -3.57643 LRT =      0.64679 p-value =      0.21063
Site   560 dN/dS =      0.00000 Full Log(L) =     -3.94394 LRT =      0.58685 p-value =      0.22182
Site   561 dN/dS =      0.00000 Full Log(L) =    -11.11403 LRT =      0.76467 p-value =      0.19094
Site   562 dN/dS =      0.00000 Full Log(L) =     -4.44802 LRT =      0.66725 p-value =      0.20701
Site   563 dN/dS =      0.00000 Full Log(L) =     -3.57643 LRT =      0.64679 p-value =      0.21063
Site   564 dN/dS =      0.00000 Full Log(L) =     -3.94394 LRT =      0.58685 p-value =      0.22182
Site   565 dN/dS =      0.00000 Full Log(L) =     -4.44802 LRT =      0.66725 p-value =      0.20701
Site   566 dN/dS =      0.00000 Full Log(L) =    -11.00371 LRT =      0.58684 p-value =      0.22182


Wall-clock run-time (seconds): 1412702536
Process time on the master node: 778.1337600000001
MPI nodes used: 0

Wall-clock time per site (seconds): 6011500.153191489
