

______________READ THE FOLLOWING DATA______________
55 species:{CY006635,CY006539,CY006459,CY006627,EF456782,CY007979,CY008980,CY006531,CY006451,CY006603,CY006515,CY006475,CY006283,CY008948,CY006579,CY006787,CY008940,CY006571,CY008964,CY008532,CY006243,CY039880,CY006227,CY039882,CY039883,CY039884,CY039885,CY008924,CY006803,CY112893,CY006587,JF710754,CY006483,CY006619,CY006443,CY009988,CY039879,CY039878,CY006611,CY006507,CY008180,CY006563,CY006467,CY114301,CY114485,CY006275,CY006547,CY006795,CY006267,CY006235,CY006771,CY006259,CY006499,CY006491,CY006595};
Total Sites:1698;
Distinct Sites:126

Phase 1:Nucleotide Model (010010) Model Fit


-3434.12081109037

Phase 2:MG94x(010010) Model Fit



Phase 3:Estimating dN/dS


Nuc->codon scaling factor:1.910878539150932
Raw scaling factor:1.910878539150932
Tree scaling factor(S): 1

Using dN/dS=0.3455993540765835
Codon model:-3359.44053963326

Phase 4: Ancestral State Reconstruction and Counting

<<Significance level for Likelihood Ratio Tests (permissible range = [0,1], default value = 0.1)>>Site     1 dN/dS =      0.00000 Full Log(L) =     -4.07264 LRT =      0.94179 p-value =      0.16591
Site     2 dN/dS =      0.00000 Full Log(L) =     -3.83397 LRT =      0.61210 p-value =      0.21700
Site     3 dN/dS =      0.00000 Full Log(L) =     -4.26502 LRT =      0.62521 p-value =      0.21456
Site     4 dN/dS =      0.00000 Full Log(L) =     -3.99413 LRT =      0.58681 p-value =      0.22183
Site     5 dN/dS =      0.00000 Full Log(L) =    -10.31183 LRT =      0.58679 p-value =      0.22183
Site     6 dN/dS =      0.00000 Full Log(L) =     -4.53753 LRT =      0.70635 p-value =      0.20033
Site     7 dN/dS =      0.00000 Full Log(L) =    -16.58709 LRT =      0.34792 p-value =      0.27765
Site     8 dN/dS =      0.00000 Full Log(L) =     -4.08215 LRT =      0.78814 p-value =      0.18733
Site     9 dN/dS =      0.00000 Full Log(L) =     -3.94229 LRT =      0.50063 p-value =      0.23961
Site    10 dN/dS =      0.00000 Full Log(L) =     -3.94394 LRT =      0.58681 p-value =      0.22183
Site    11 dN/dS =      5.83375 Full Log(L) =    -10.67828 LRT =      1.85688 p-value =      0.08649 *P
Site    12 dN/dS =      3.02900 Full Log(L) =    -11.79837 LRT =      0.87089 p-value =      0.17535
Site    13 dN/dS =      0.00000 Full Log(L) =    -12.82222 LRT =      0.33542 p-value =      0.28124
Site    14 dN/dS =      0.00000 Full Log(L) =     -4.22905 LRT =      0.64275 p-value =      0.21136
Site    15 dN/dS =      3.67670 Full Log(L) =    -10.29642 LRT =      1.14071 p-value =      0.14275
Site    16 dN/dS =      0.00000 Full Log(L) =     -4.53753 LRT =      0.70635 p-value =      0.20033
Site    17 dN/dS =      1.00000 Full Log(L) =      0.00000 LRT =      0.00000 p-value =      1.00000
Site    18 dN/dS =      1.00000 Full Log(L) =      0.00000 LRT =      0.00000 p-value =      1.00000
Site    19 dN/dS =      3.33315 Full Log(L) =    -13.27850 LRT =      1.00255 p-value =      0.15835
Site    20 dN/dS =      1.00000 Full Log(L) =      0.00000 LRT =      0.00000 p-value =      1.00000
Site    21 dN/dS =      1.00000 Full Log(L) =      0.00000 LRT =      0.00000 p-value =      1.00000
Site    22 dN/dS =      2.93832 Full Log(L) =     -9.22879 LRT =      0.82905 p-value =      0.18127
Site    23 dN/dS =      1.00000 Full Log(L) =      0.00000 LRT =      0.00000 p-value =      1.00000
Site    24 dN/dS =      2.94028 Full Log(L) =     -9.56716 LRT =      0.82995 p-value =      0.18114
Site    25 dN/dS =      2.40951 Full Log(L) =    -10.16955 LRT =      0.58502 p-value =      0.22218
Site    26 dN/dS =      3.02628 Full Log(L) =    -16.08973 LRT =      0.86930 p-value =      0.17557
Site    27 dN/dS =      1.00000 Full Log(L) =      0.00000 LRT =      0.00000 p-value =      1.00000
Site    28 dN/dS =      1.00000 Full Log(L) =      0.00000 LRT =      0.00000 p-value =      1.00000
Site    29 dN/dS =      5.71826 Full Log(L) =    -11.13108 LRT =      1.82545 p-value =      0.08833 *P
Site    30 dN/dS =      0.00000 Full Log(L) =    -10.76870 LRT =      0.70978 p-value =      0.19976
Site    31 dN/dS =      1.00000 Full Log(L) =      0.00000 LRT =      0.00000 p-value =      1.00000
Site    32 dN/dS =      1.00000 Full Log(L) =      0.00000 LRT =      0.00000 p-value =      1.00000
Site    33 dN/dS =      1.00000 Full Log(L) =      0.00000 LRT =      0.00000 p-value =      1.00000
Site    34 dN/dS =      1.00000 Full Log(L) =      0.00000 LRT =      0.00000 p-value =      1.00000
Site    35 dN/dS =      1.00000 Full Log(L) =      0.00000 LRT =      0.00000 p-value =      1.00000
Site    36 dN/dS =      1.00000 Full Log(L) =      0.00000 LRT =      0.00000 p-value =      1.00000
Site    37 dN/dS =      1.00000 Full Log(L) =      0.00000 LRT =      0.00000 p-value =      1.00000
Site    38 dN/dS =      1.00000 Full Log(L) =      0.00000 LRT =      0.00000 p-value =      1.00000
Site    39 dN/dS =      1.00000 Full Log(L) =      0.00000 LRT =      0.00000 p-value =      1.00000
Site    40 dN/dS =      0.00000 Full Log(L) =    -11.34610 LRT =      0.66516 p-value =      0.20737
Site    41 dN/dS =      1.00000 Full Log(L) =      0.00000 LRT =      0.00000 p-value =      1.00000
Site    42 dN/dS =      1.00000 Full Log(L) =      0.00000 LRT =      0.00000 p-value =      1.00000
Site    43 dN/dS =      1.00000 Full Log(L) =      0.00000 LRT =      0.00000 p-value =      1.00000
Site    44 dN/dS =      1.00000 Full Log(L) =      0.00000 LRT =      0.00000 p-value =      1.00000
Site    45 dN/dS =      1.00000 Full Log(L) =      0.00000 LRT =      0.00000 p-value =      1.00000
Site    46 dN/dS =      0.00000 Full Log(L) =    -11.34517 LRT =      0.66516 p-value =      0.20737
Site    47 dN/dS =      1.00000 Full Log(L) =      0.00000 LRT =      0.00000 p-value =      1.00000
Site    48 dN/dS =      1.00000 Full Log(L) =      0.00000 LRT =      0.00000 p-value =      1.00000
Site    49 dN/dS =      1.00000 Full Log(L) =      0.00000 LRT =      0.00000 p-value =      1.00000
Site    50 dN/dS =      1.00000 Full Log(L) =      0.00000 LRT =      0.00000 p-value =      1.00000
Site    51 dN/dS =      1.00000 Full Log(L) =      0.00000 LRT =      0.00000 p-value =      1.00000
Site    52 dN/dS =      1.00000 Full Log(L) =      0.00000 LRT =      0.00000 p-value =      1.00000
Site    53 dN/dS =      1.00000 Full Log(L) =      0.00000 LRT =      0.00000 p-value =      1.00000
Site    54 dN/dS =      1.00000 Full Log(L) =      0.00000 LRT =      0.00000 p-value =      1.00000
Site    55 dN/dS =      1.00000 Full Log(L) =      0.00000 LRT =      0.00000 p-value =      1.00000
Site    56 dN/dS =      1.00000 Full Log(L) =      0.00000 LRT =      0.00000 p-value =      1.00000
Site    57 dN/dS =      1.00000 Full Log(L) =      0.00000 LRT =      0.00000 p-value =      1.00000
Site    58 dN/dS =      1.00000 Full Log(L) =      0.00000 LRT =      0.00000 p-value =      1.00000
Site    59 dN/dS =      1.00000 Full Log(L) =      0.00000 LRT =      0.00000 p-value =      1.00000
Site    60 dN/dS =      1.00000 Full Log(L) =      0.00000 LRT =      0.00000 p-value =      1.00000
Site    61 dN/dS =      7.54099 Full Log(L) =    -21.04527 LRT =      6.83272 p-value =      0.00448 *P
Site    62 dN/dS =      0.00000 Full Log(L) =    -11.01388 LRT =      0.58148 p-value =      0.22287
Site    63 dN/dS =      1.00000 Full Log(L) =      0.00000 LRT =      0.00000 p-value =      1.00000
Site    64 dN/dS =      1.00000 Full Log(L) =      0.00000 LRT =      0.00000 p-value =      1.00000
Site    65 dN/dS =      2.38305 Full Log(L) =    -11.13183 LRT =      0.57236 p-value =      0.22466
Site    66 dN/dS =      2.64941 Full Log(L) =     -8.60633 LRT =      0.69752 p-value =      0.20181
Site    67 dN/dS =      2.53003 Full Log(L) =    -10.95049 LRT =      0.64182 p-value =      0.21153
Site    68 dN/dS =      1.00000 Full Log(L) =      0.00000 LRT =      0.00000 p-value =      1.00000
Site    69 dN/dS =      1.00000 Full Log(L) =      0.00000 LRT =      0.00000 p-value =      1.00000
Site    70 dN/dS =      1.00000 Full Log(L) =      0.00000 LRT =      0.00000 p-value =      1.00000
Site    71 dN/dS =      1.00000 Full Log(L) =      0.00000 LRT =      0.00000 p-value =      1.00000
Site    72 dN/dS =      1.00000 Full Log(L) =      0.00000 LRT =      0.00000 p-value =      1.00000
Site    73 dN/dS =      4.44086 Full Log(L) =    -17.33405 LRT =      1.40924 p-value =      0.11759
Site    74 dN/dS =      1.00000 Full Log(L) =      0.00000 LRT =      0.00000 p-value =      1.00000
Site    75 dN/dS =      0.00000 Full Log(L) =    -11.83629 LRT =      0.60368 p-value =      0.21859
Site    76 dN/dS =      1.00000 Full Log(L) =      0.00000 LRT =      0.00000 p-value =      1.00000
Site    77 dN/dS =      0.00000 Full Log(L) =    -10.64682 LRT =      0.81968 p-value =      0.18264
Site    78 dN/dS =      2.87650 Full Log(L) =     -7.17207 LRT =      0.80256 p-value =      0.18516
Site    79 dN/dS =      1.00000 Full Log(L) =      0.00000 LRT =      0.00000 p-value =      1.00000
Site    80 dN/dS =      1.00000 Full Log(L) =      0.00000 LRT =      0.00000 p-value =      1.00000
Site    81 dN/dS =      1.00000 Full Log(L) =      0.00000 LRT =      0.00000 p-value =      1.00000
Site    82 dN/dS =      1.00000 Full Log(L) =      0.00000 LRT =      0.00000 p-value =      1.00000
Site    83 dN/dS =      0.00000 Full Log(L) =    -11.92417 LRT =      0.79235 p-value =      0.18669
Site    84 dN/dS =      1.00000 Full Log(L) =      0.00000 LRT =      0.00000 p-value =      1.00000
Site    85 dN/dS =      1.00000 Full Log(L) =      0.00000 LRT =      0.00000 p-value =      1.00000
Site    86 dN/dS =      1.00000 Full Log(L) =      0.00000 LRT =      0.00000 p-value =      1.00000
Site    87 dN/dS =      1.00000 Full Log(L) =      0.00000 LRT =      0.00000 p-value =      1.00000
Site    88 dN/dS =      1.00000 Full Log(L) =      0.00000 LRT =      0.00000 p-value =      1.00000
Site    89 dN/dS =      1.00000 Full Log(L) =      0.00000 LRT =      0.00000 p-value =      1.00000
Site    90 dN/dS =      1.00000 Full Log(L) =      0.00000 LRT =      0.00000 p-value =      1.00000
Site    91 dN/dS =      1.00000 Full Log(L) =      0.00000 LRT =      0.00000 p-value =      1.00000
Site    92 dN/dS =      1.00000 Full Log(L) =      0.00000 LRT =      0.00000 p-value =      1.00000
Site    93 dN/dS =      0.00000 Full Log(L) =    -10.17322 LRT =      0.77435 p-value =      0.18944
Site    94 dN/dS =      2.36681 Full Log(L) =    -10.08953 LRT =      0.56453 p-value =      0.22622
Site    95 dN/dS =      1.00000 Full Log(L) =      0.00000 LRT =      0.00000 p-value =      1.00000
Site    96 dN/dS =      4.53643 Full Log(L) =    -10.42161 LRT =      1.45312 p-value =      0.11401
Site    97 dN/dS =      1.00000 Full Log(L) =      0.00000 LRT =      0.00000 p-value =      1.00000
Site    98 dN/dS =      1.00000 Full Log(L) =      0.00000 LRT =      0.00000 p-value =      1.00000
Site    99 dN/dS =      0.00000 Full Log(L) =     -8.64141 LRT =      0.73726 p-value =      0.19527
Site   100 dN/dS =      1.00000 Full Log(L) =      0.00000 LRT =      0.00000 p-value =      1.00000
Site   101 dN/dS =      1.00000 Full Log(L) =      0.00000 LRT =      0.00000 p-value =      1.00000
Site   102 dN/dS =      1.00000 Full Log(L) =      0.00000 LRT =      0.00000 p-value =      1.00000
Site   103 dN/dS =      1.00000 Full Log(L) =      0.00000 LRT =      0.00000 p-value =      1.00000
Site   104 dN/dS =      0.00000 Full Log(L) =     -9.91264 LRT =      0.68381 p-value =      0.20414
Site   105 dN/dS =      1.00000 Full Log(L) =      0.00000 LRT =      0.00000 p-value =      1.00000
Site   106 dN/dS =      1.00000 Full Log(L) =      0.00000 LRT =      0.00000 p-value =      1.00000
Site   107 dN/dS =      1.00000 Full Log(L) =      0.00000 LRT =      0.00000 p-value =      1.00000
Site   108 dN/dS =      3.27728 Full Log(L) =    -11.39644 LRT =      0.97123 p-value =      0.16219
Site   109 dN/dS =      0.00000 Full Log(L) =     -8.60912 LRT =      0.75146 p-value =      0.19301
Site   110 dN/dS =      0.00000 Full Log(L) =     -3.94564 LRT =      0.53262 p-value =      0.23275
Site   111 dN/dS =      1.00000 Full Log(L) =      0.00000 LRT =      0.00000 p-value =      1.00000
Site   112 dN/dS =      1.00000 Full Log(L) =      0.00000 LRT =      0.00000 p-value =      1.00000
Site   113 dN/dS =      0.00000 Full Log(L) =    -10.36721 LRT =      0.70977 p-value =      0.19976
Site   114 dN/dS =      1.00000 Full Log(L) =      0.00000 LRT =      0.00000 p-value =      1.00000
Site   115 dN/dS =      1.00000 Full Log(L) =      0.00000 LRT =      0.00000 p-value =      1.00000
Site   116 dN/dS =      1.00000 Full Log(L) =      0.00000 LRT =      0.00000 p-value =      1.00000
Site   117 dN/dS =      1.00000 Full Log(L) =      0.00000 LRT =      0.00000 p-value =      1.00000
Site   118 dN/dS =      0.00000 Full Log(L) =    -11.31231 LRT =      0.68381 p-value =      0.20414
Site   119 dN/dS =      6.18721 Full Log(L) =    -16.47997 LRT =      3.91123 p-value =      0.02398 *P
Site   120 dN/dS =      1.00000 Full Log(L) =      0.00000 LRT =      0.00000 p-value =      1.00000
Site   121 dN/dS =      1.00000 Full Log(L) =      0.00000 LRT =      0.00000 p-value =      1.00000
Site   122 dN/dS =      0.00000 Full Log(L) =     -9.44139 LRT =      0.75146 p-value =      0.19301
Site   123 dN/dS =      1.00000 Full Log(L) =      0.00000 LRT =      0.00000 p-value =      1.00000
Site   124 dN/dS =      1.00000 Full Log(L) =      0.00000 LRT =      0.00000 p-value =      1.00000
Site   125 dN/dS =      1.00000 Full Log(L) =      0.00000 LRT =      0.00000 p-value =      1.00000
Site   126 dN/dS =      1.00000 Full Log(L) =      0.00000 LRT =      0.00000 p-value =      1.00000
Site   127 dN/dS =      1.00000 Full Log(L) =      0.00000 LRT =      0.00000 p-value =      1.00000
Site   128 dN/dS =      1.00000 Full Log(L) =      0.00000 LRT =      0.00000 p-value =      1.00000
Site   129 dN/dS =      0.00000 Full Log(L) =    -12.27129 LRT =      0.75146 p-value =      0.19301
Site   130 dN/dS =      1.00000 Full Log(L) =      0.00000 LRT =      0.00000 p-value =      1.00000
Site   131 dN/dS =      1.00000 Full Log(L) =      0.00000 LRT =      0.00000 p-value =      1.00000
Site   132 dN/dS =      1.00000 Full Log(L) =      0.00000 LRT =      0.00000 p-value =      1.00000
Site   133 dN/dS =      0.00000 Full Log(L) =    -11.33914 LRT =      0.66516 p-value =      0.20737
Site   134 dN/dS =      1.00000 Full Log(L) =      0.00000 LRT =      0.00000 p-value =      1.00000
Site   135 dN/dS =      1.00000 Full Log(L) =      0.00000 LRT =      0.00000 p-value =      1.00000
Site   136 dN/dS =      1.00000 Full Log(L) =      0.00000 LRT =      0.00000 p-value =      1.00000
Site   137 dN/dS =      3.12857 Full Log(L) =     -9.82578 LRT =      0.91403 p-value =      0.16952
Site   138 dN/dS =      2.96519 Full Log(L) =    -10.05249 LRT =      0.84088 p-value =      0.17957
Site   139 dN/dS =      1.00000 Full Log(L) =      0.00000 LRT =      0.00000 p-value =      1.00000
Site   140 dN/dS =      2.39577 Full Log(L) =     -8.19813 LRT =      0.57899 p-value =      0.22335
Site   141 dN/dS =      1.00000 Full Log(L) =      0.00000 LRT =      0.00000 p-value =      1.00000
Site   142 dN/dS =      1.00000 Full Log(L) =      0.00000 LRT =      0.00000 p-value =      1.00000
Site   143 dN/dS =      1.00000 Full Log(L) =      0.00000 LRT =      0.00000 p-value =      1.00000
Site   144 dN/dS =      1.00000 Full Log(L) =      0.00000 LRT =      0.00000 p-value =      1.00000
Site   145 dN/dS =      1.00000 Full Log(L) =      0.00000 LRT =      0.00000 p-value =      1.00000
Site   146 dN/dS =      1.00000 Full Log(L) =      0.00000 LRT =      0.00000 p-value =      1.00000
Site   147 dN/dS =      1.00000 Full Log(L) =      0.00000 LRT =      0.00000 p-value =      1.00000
Site   148 dN/dS =      1.00000 Full Log(L) =      0.00000 LRT =      0.00000 p-value =      1.00000
Site   149 dN/dS =      5.69676 Full Log(L) =    -12.31719 LRT =      3.62474 p-value =      0.02846 *P
Site   150 dN/dS =      1.00000 Full Log(L) =      0.00000 LRT =      0.00000 p-value =      1.00000
Site   151 dN/dS =      1.00000 Full Log(L) =      0.00000 LRT =      0.00000 p-value =      1.00000
Site   152 dN/dS =      1.00000 Full Log(L) =      0.00000 LRT =      0.00000 p-value =      1.00000
Site   153 dN/dS =      3.84216 Full Log(L) =    -17.90426 LRT =      1.20204 p-value =      0.13646
Site   154 dN/dS =      2.68965 Full Log(L) =     -9.86910 LRT =      0.71807 p-value =      0.19839
Site   155 dN/dS =      1.00000 Full Log(L) =      0.00000 LRT =      0.00000 p-value =      1.00000
Site   156 dN/dS =      1.00000 Full Log(L) =      0.00000 LRT =      0.00000 p-value =      1.00000
Site   157 dN/dS =      1.00000 Full Log(L) =      0.00000 LRT =      0.00000 p-value =      1.00000
Site   158 dN/dS =      5.14847 Full Log(L) =    -20.60214 LRT =      3.30191 p-value =      0.03460 *P
Site   159 dN/dS =      1.00000 Full Log(L) =      0.00000 LRT =      0.00000 p-value =      1.00000
Site   160 dN/dS =      3.14226 Full Log(L) =     -7.78304 LRT =      0.92057 p-value =      0.16866
Site   161 dN/dS =      1.00000 Full Log(L) =      0.00000 LRT =      0.00000 p-value =      1.00000
Site   162 dN/dS =      1.00000 Full Log(L) =      0.00000 LRT =      0.00000 p-value =      1.00000
Site   163 dN/dS =      1.00000 Full Log(L) =      0.00000 LRT =      0.00000 p-value =      1.00000
Site   164 dN/dS =      1.00000 Full Log(L) =      0.00000 LRT =      0.00000 p-value =      1.00000
Site   165 dN/dS =      1.00000 Full Log(L) =      0.00000 LRT =      0.00000 p-value =      1.00000
Site   166 dN/dS =      2.59902 Full Log(L) =    -13.18871 LRT =      0.67490 p-value =      0.20567
Site   167 dN/dS =      1.00000 Full Log(L) =      0.00000 LRT =      0.00000 p-value =      1.00000
Site   168 dN/dS =      0.00000 Full Log(L) =     -9.49440 LRT =      0.68802 p-value =      0.20342
Site   169 dN/dS =      1.00000 Full Log(L) =      0.00000 LRT =      0.00000 p-value =      1.00000
Site   170 dN/dS =      1.00000 Full Log(L) =      0.00000 LRT =      0.00000 p-value =      1.00000
Site   171 dN/dS =      1.00000 Full Log(L) =      0.00000 LRT =      0.00000 p-value =      1.00000
Site   172 dN/dS =      4.09095 Full Log(L) =     -9.37095 LRT =      1.29518 p-value =      0.12755
Site   173 dN/dS =      1.00000 Full Log(L) =      0.00000 LRT =      0.00000 p-value =      1.00000
Site   174 dN/dS =      2.97701 Full Log(L) =     -7.13821 LRT =      0.84713 p-value =      0.17868
Site   175 dN/dS =      1.00000 Full Log(L) =      0.00000 LRT =      0.00000 p-value =      1.00000
Site   176 dN/dS =      1.00000 Full Log(L) =      0.00000 LRT =      0.00000 p-value =      1.00000
Site   177 dN/dS =      1.00000 Full Log(L) =      0.00000 LRT =      0.00000 p-value =      1.00000
Site   178 dN/dS =      1.00000 Full Log(L) =      0.00000 LRT =      0.00000 p-value =      1.00000
Site   179 dN/dS =      1.00000 Full Log(L) =      0.00000 LRT =      0.00000 p-value =      1.00000
Site   180 dN/dS =      1.00000 Full Log(L) =      0.00000 LRT =      0.00000 p-value =      1.00000
Site   181 dN/dS =      0.00000 Full Log(L) =     -9.90710 LRT =      0.68805 p-value =      0.20341
Site   182 dN/dS =      1.00000 Full Log(L) =      0.00000 LRT =      0.00000 p-value =      1.00000
Site   183 dN/dS =      0.00000 Full Log(L) =    -11.33568 LRT =      0.66516 p-value =      0.20737
Site   184 dN/dS =      1.00000 Full Log(L) =      0.00000 LRT =      0.00000 p-value =      1.00000
Site   185 dN/dS =      1.00000 Full Log(L) =      0.00000 LRT =      0.00000 p-value =      1.00000
Site   186 dN/dS =      1.00000 Full Log(L) =      0.00000 LRT =      0.00000 p-value =      1.00000
Site   187 dN/dS =      1.00000 Full Log(L) =      0.00000 LRT =      0.00000 p-value =      1.00000
Site   188 dN/dS =      1.00000 Full Log(L) =      0.00000 LRT =      0.00000 p-value =      1.00000
Site   189 dN/dS =      3.11475 Full Log(L) =     -8.99686 LRT =      0.90582 p-value =      0.17061
Site   190 dN/dS =      1.00000 Full Log(L) =      0.00000 LRT =      0.00000 p-value =      1.00000
Site   191 dN/dS =      1.00000 Full Log(L) =      0.00000 LRT =      0.00000 p-value =      1.00000
Site   192 dN/dS =      1.00000 Full Log(L) =      0.00000 LRT =      0.00000 p-value =      1.00000
Site   193 dN/dS =      1.00000 Full Log(L) =      0.00000 LRT =      0.00000 p-value =      1.00000
Site   194 dN/dS =      1.00000 Full Log(L) =      0.00000 LRT =      0.00000 p-value =      1.00000
Site   195 dN/dS =      1.00000 Full Log(L) =      0.00000 LRT =      0.00000 p-value =      1.00000
Site   196 dN/dS =      1.00000 Full Log(L) =      0.00000 LRT =      0.00000 p-value =      1.00000
Site   197 dN/dS =      1.00000 Full Log(L) =      0.00000 LRT =      0.00000 p-value =      1.00000
Site   198 dN/dS =      1.00000 Full Log(L) =      0.00000 LRT =      0.00000 p-value =      1.00000
Site   199 dN/dS =      1.00000 Full Log(L) =      0.00000 LRT =      0.00000 p-value =      1.00000
Site   200 dN/dS =      1.00000 Full Log(L) =      0.00000 LRT =      0.00000 p-value =      1.00000
Site   201 dN/dS =      1.00000 Full Log(L) =      0.00000 LRT =      0.00000 p-value =      1.00000
Site   202 dN/dS =      1.00000 Full Log(L) =      0.00000 LRT =      0.00000 p-value =      1.00000
Site   203 dN/dS =      1.00000 Full Log(L) =      0.00000 LRT =      0.00000 p-value =      1.00000
Site   204 dN/dS =      1.00000 Full Log(L) =      0.00000 LRT =      0.00000 p-value =      1.00000
Site   205 dN/dS =      1.00000 Full Log(L) =      0.00000 LRT =      0.00000 p-value =      1.00000
Site   206 dN/dS =      2.67629 Full Log(L) =    -16.39825 LRT =      0.71002 p-value =      0.19972
Site   207 dN/dS =      1.00000 Full Log(L) =      0.00000 LRT =      0.00000 p-value =      1.00000
Site   208 dN/dS =      6.16830 Full Log(L) =    -16.64653 LRT =      3.88541 p-value =      0.02435 *P
Site   209 dN/dS =      1.00000 Full Log(L) =      0.00000 LRT =      0.00000 p-value =      1.00000
Site   210 dN/dS =      1.00000 Full Log(L) =      0.00000 LRT =      0.00000 p-value =      1.00000
Site   211 dN/dS =      1.00000 Full Log(L) =      0.00000 LRT =      0.00000 p-value =      1.00000
Site   212 dN/dS =      2.78647 Full Log(L) =     -8.56993 LRT =      0.76285 p-value =      0.19122
Site   213 dN/dS =      1.00000 Full Log(L) =      0.00000 LRT =      0.00000 p-value =      1.00000
Site   214 dN/dS =      1.00000 Full Log(L) =      0.00000 LRT =      0.00000 p-value =      1.00000
Site   215 dN/dS =      1.00000 Full Log(L) =      0.00000 LRT =      0.00000 p-value =      1.00000
Site   216 dN/dS =      1.00000 Full Log(L) =      0.00000 LRT =      0.00000 p-value =      1.00000
Site   217 dN/dS =      1.00000 Full Log(L) =      0.00000 LRT =      0.00000 p-value =      1.00000
Site   218 dN/dS =      1.00000 Full Log(L) =      0.00000 LRT =      0.00000 p-value =      1.00000
Site   219 dN/dS =      1.00000 Full Log(L) =      0.00000 LRT =      0.00000 p-value =      1.00000
Site   220 dN/dS =      1.00000 Full Log(L) =      0.00000 LRT =      0.00000 p-value =      1.00000
Site   221 dN/dS =      1.00000 Full Log(L) =      0.00000 LRT =      0.00000 p-value =      1.00000
Site   222 dN/dS =      1.00000 Full Log(L) =      0.00000 LRT =      0.00000 p-value =      1.00000
Site   223 dN/dS =      3.14386 Full Log(L) =    -11.53560 LRT =      0.91827 p-value =      0.16897
Site   224 dN/dS =      2.60309 Full Log(L) =    -12.18454 LRT =      0.67681 p-value =      0.20534
Site   225 dN/dS =      1.00000 Full Log(L) =      0.00000 LRT =      0.00000 p-value =      1.00000
Site   226 dN/dS =      1.00000 Full Log(L) =      0.00000 LRT =      0.00000 p-value =      1.00000
Site   227 dN/dS =      1.00000 Full Log(L) =      0.00000 LRT =      0.00000 p-value =      1.00000
Site   228 dN/dS =      1.00000 Full Log(L) =      0.00000 LRT =      0.00000 p-value =      1.00000
Site   229 dN/dS =      1.00000 Full Log(L) =      0.00000 LRT =      0.00000 p-value =      1.00000
Site   230 dN/dS =      1.00000 Full Log(L) =      0.00000 LRT =      0.00000 p-value =      1.00000
Site   231 dN/dS =      0.00000 Full Log(L) =    -11.05653 LRT =      0.67132 p-value =      0.20630
Site   232 dN/dS =      1.00000 Full Log(L) =      0.00000 LRT =      0.00000 p-value =      1.00000
Site   233 dN/dS =      1.00000 Full Log(L) =      0.00000 LRT =      0.00000 p-value =      1.00000
Site   234 dN/dS =      0.00000 Full Log(L) =     -8.37569 LRT =      0.83155 p-value =      0.18091
Site   235 dN/dS =      1.00000 Full Log(L) =      0.00000 LRT =      0.00000 p-value =      1.00000
Site   236 dN/dS =      1.00000 Full Log(L) =      0.00000 LRT =      0.00000 p-value =      1.00000
Site   237 dN/dS =      1.00000 Full Log(L) =      0.00000 LRT =      0.00000 p-value =      1.00000
Site   238 dN/dS =      1.00000 Full Log(L) =      0.00000 LRT =      0.00000 p-value =      1.00000
Site   239 dN/dS =      1.00000 Full Log(L) =      0.00000 LRT =      0.00000 p-value =      1.00000
Site   240 dN/dS =      1.00000 Full Log(L) =      0.00000 LRT =      0.00000 p-value =      1.00000
Site   241 dN/dS =      1.00000 Full Log(L) =      0.00000 LRT =      0.00000 p-value =      1.00000
Site   242 dN/dS =      6.15581 Full Log(L) =    -10.81580 LRT =      3.88705 p-value =      0.02433 *P
Site   243 dN/dS =      1.00000 Full Log(L) =      0.00000 LRT =      0.00000 p-value =      1.00000
Site   244 dN/dS =      1.00000 Full Log(L) =      0.00000 LRT =      0.00000 p-value =      1.00000
Site   245 dN/dS =      1.00000 Full Log(L) =      0.00000 LRT =      0.00000 p-value =      1.00000
Site   246 dN/dS =      0.00000 Full Log(L) =     -3.58852 LRT =      0.79042 p-value =      0.18699
Site   247 dN/dS =      1.00000 Full Log(L) =      0.00000 LRT =      0.00000 p-value =      1.00000
Site   248 dN/dS =      3.24696 Full Log(L) =    -14.25551 LRT =      0.96314 p-value =      0.16320
Site   249 dN/dS =      1.00000 Full Log(L) =      0.00000 LRT =      0.00000 p-value =      1.00000
Site   250 dN/dS =      1.00000 Full Log(L) =      0.00000 LRT =      0.00000 p-value =      1.00000
Site   251 dN/dS =      1.00000 Full Log(L) =      0.00000 LRT =      0.00000 p-value =      1.00000
Site   252 dN/dS =      2.54511 Full Log(L) =    -12.73159 LRT =      0.64892 p-value =      0.21025
Site   253 dN/dS =      1.00000 Full Log(L) =      0.00000 LRT =      0.00000 p-value =      1.00000
Site   254 dN/dS =      1.00000 Full Log(L) =      0.00000 LRT =      0.00000 p-value =      1.00000
Site   255 dN/dS =      1.00000 Full Log(L) =      0.00000 LRT =      0.00000 p-value =      1.00000
Site   256 dN/dS =      2.46459 Full Log(L) =     -9.47834 LRT =      0.61147 p-value =      0.21712
Site   257 dN/dS =      1.00000 Full Log(L) =      0.00000 LRT =      0.00000 p-value =      1.00000
Site   258 dN/dS =      1.00000 Full Log(L) =      0.00000 LRT =      0.00000 p-value =      1.00000
Site   259 dN/dS =      1.00000 Full Log(L) =      0.00000 LRT =      0.00000 p-value =      1.00000
Site   260 dN/dS =      1.00000 Full Log(L) =      0.00000 LRT =      0.00000 p-value =      1.00000
Site   261 dN/dS =      1.00000 Full Log(L) =      0.00000 LRT =      0.00000 p-value =      1.00000
Site   262 dN/dS =      0.00000 Full Log(L) =     -9.50023 LRT =      0.68802 p-value =      0.20342
Site   263 dN/dS =      1.00000 Full Log(L) =      0.00000 LRT =      0.00000 p-value =      1.00000
Site   264 dN/dS =      1.00000 Full Log(L) =      0.00000 LRT =      0.00000 p-value =      1.00000
Site   265 dN/dS =      1.00000 Full Log(L) =      0.00000 LRT =      0.00000 p-value =      1.00000
Site   266 dN/dS =      1.00000 Full Log(L) =      0.00000 LRT =      0.00000 p-value =      1.00000
Site   267 dN/dS =      1.00000 Full Log(L) =      0.00000 LRT =      0.00000 p-value =      1.00000
Site   268 dN/dS =      1.00000 Full Log(L) =      0.00000 LRT =      0.00000 p-value =      1.00000
Site   269 dN/dS =      1.00000 Full Log(L) =      0.00000 LRT =      0.00000 p-value =      1.00000
Site   270 dN/dS =      1.00000 Full Log(L) =      0.00000 LRT =      0.00000 p-value =      1.00000
Site   271 dN/dS =      1.00000 Full Log(L) =      0.00000 LRT =      0.00000 p-value =      1.00000
Site   272 dN/dS =      1.00000 Full Log(L) =      0.00000 LRT =      0.00000 p-value =      1.00000
Site   273 dN/dS =      1.00000 Full Log(L) =      0.00000 LRT =      0.00000 p-value =      1.00000
Site   274 dN/dS =      1.00000 Full Log(L) =      0.00000 LRT =      0.00000 p-value =      1.00000
Site   275 dN/dS =      1.00000 Full Log(L) =      0.00000 LRT =      0.00000 p-value =      1.00000
Site   276 dN/dS =      1.00000 Full Log(L) =      0.00000 LRT =      0.00000 p-value =      1.00000
Site   277 dN/dS =      1.00000 Full Log(L) =      0.00000 LRT =      0.00000 p-value =      1.00000
Site   278 dN/dS =      1.00000 Full Log(L) =      0.00000 LRT =      0.00000 p-value =      1.00000
Site   279 dN/dS =      1.00000 Full Log(L) =      0.00000 LRT =      0.00000 p-value =      1.00000
Site   280 dN/dS =      1.00000 Full Log(L) =      0.00000 LRT =      0.00000 p-value =      1.00000
Site   281 dN/dS =      1.00000 Full Log(L) =      0.00000 LRT =      0.00000 p-value =      1.00000
Site   282 dN/dS =      1.00000 Full Log(L) =      0.00000 LRT =      0.00000 p-value =      1.00000
Site   283 dN/dS =      1.00000 Full Log(L) =      0.00000 LRT =      0.00000 p-value =      1.00000
Site   284 dN/dS =      1.00000 Full Log(L) =      0.00000 LRT =      0.00000 p-value =      1.00000
Site   285 dN/dS =      1.00000 Full Log(L) =      0.00000 LRT =      0.00000 p-value =      1.00000
Site   286 dN/dS =      0.00000 Full Log(L) =     -9.47886 LRT =      0.50307 p-value =      0.23908
Site   287 dN/dS =      1.00000 Full Log(L) =      0.00000 LRT =      0.00000 p-value =      1.00000
Site   288 dN/dS =      1.00000 Full Log(L) =      0.00000 LRT =      0.00000 p-value =      1.00000
Site   289 dN/dS =      1.00000 Full Log(L) =      0.00000 LRT =      0.00000 p-value =      1.00000
Site   290 dN/dS =      1.00000 Full Log(L) =      0.00000 LRT =      0.00000 p-value =      1.00000
Site   291 dN/dS =      2.83883 Full Log(L) =     -9.92678 LRT =      0.79763 p-value =      0.18590
Site   292 dN/dS =      3.05568 Full Log(L) =     -9.21615 LRT =      0.88045 p-value =      0.17404
Site   293 dN/dS =      1.00000 Full Log(L) =      0.00000 LRT =      0.00000 p-value =      1.00000
Site   294 dN/dS =      1.00000 Full Log(L) =      0.00000 LRT =      0.00000 p-value =      1.00000
Site   295 dN/dS =      1.00000 Full Log(L) =      0.00000 LRT =      0.00000 p-value =      1.00000
Site   296 dN/dS =      1.00000 Full Log(L) =      0.00000 LRT =      0.00000 p-value =      1.00000
Site   297 dN/dS =      1.00000 Full Log(L) =      0.00000 LRT =      0.00000 p-value =      1.00000
Site   298 dN/dS =      0.00000 Full Log(L) =     -8.84601 LRT =      0.62421 p-value =      0.21474
Site   299 dN/dS =      1.00000 Full Log(L) =      0.00000 LRT =      0.00000 p-value =      1.00000
Site   300 dN/dS =      1.00000 Full Log(L) =      0.00000 LRT =      0.00000 p-value =      1.00000
Site   301 dN/dS =      2.94571 Full Log(L) =    -10.42734 LRT =      0.83232 p-value =      0.18080
Site   302 dN/dS =      1.00000 Full Log(L) =      0.00000 LRT =      0.00000 p-value =      1.00000
Site   303 dN/dS =      1.00000 Full Log(L) =      0.00000 LRT =      0.00000 p-value =      1.00000
Site   304 dN/dS =      1.00000 Full Log(L) =      0.00000 LRT =      0.00000 p-value =      1.00000
Site   305 dN/dS =      1.00000 Full Log(L) =      0.00000 LRT =      0.00000 p-value =      1.00000
Site   306 dN/dS =      1.00000 Full Log(L) =      0.00000 LRT =      0.00000 p-value =      1.00000
Site   307 dN/dS =      1.00000 Full Log(L) =      0.00000 LRT =      0.00000 p-value =      1.00000
Site   308 dN/dS =      1.00000 Full Log(L) =      0.00000 LRT =      0.00000 p-value =      1.00000
Site   309 dN/dS =      0.00000 Full Log(L) =    -10.82652 LRT =      0.67132 p-value =      0.20630
Site   310 dN/dS =      1.00000 Full Log(L) =      0.00000 LRT =      0.00000 p-value =      1.00000
Site   311 dN/dS =      1.00000 Full Log(L) =      0.00000 LRT =      0.00000 p-value =      1.00000
Site   312 dN/dS =      1.00000 Full Log(L) =      0.00000 LRT =      0.00000 p-value =      1.00000
Site   313 dN/dS =      1.00000 Full Log(L) =      0.00000 LRT =      0.00000 p-value =      1.00000
Site   314 dN/dS =      1.00000 Full Log(L) =      0.00000 LRT =      0.00000 p-value =      1.00000
Site   315 dN/dS =      1.00000 Full Log(L) =      0.00000 LRT =      0.00000 p-value =      1.00000
Site   316 dN/dS =      1.00000 Full Log(L) =      0.00000 LRT =      0.00000 p-value =      1.00000
Site   317 dN/dS =      1.00000 Full Log(L) =      0.00000 LRT =      0.00000 p-value =      1.00000
Site   318 dN/dS =      1.00000 Full Log(L) =      0.00000 LRT =      0.00000 p-value =      1.00000
Site   319 dN/dS =      1.00000 Full Log(L) =      0.00000 LRT =      0.00000 p-value =      1.00000
Site   320 dN/dS =      0.00000 Full Log(L) =    -13.37281 LRT =      0.75146 p-value =      0.19301
Site   321 dN/dS =      1.00000 Full Log(L) =      0.00000 LRT =      0.00000 p-value =      1.00000
Site   322 dN/dS =      1.00000 Full Log(L) =      0.00000 LRT =      0.00000 p-value =      1.00000
Site   323 dN/dS =      0.00000 Full Log(L) =     -8.88539 LRT =      0.78083 p-value =      0.18844
Site   324 dN/dS =      1.00000 Full Log(L) =      0.00000 LRT =      0.00000 p-value =      1.00000
Site   325 dN/dS =      1.00000 Full Log(L) =      0.00000 LRT =      0.00000 p-value =      1.00000
Site   326 dN/dS =      1.00000 Full Log(L) =      0.00000 LRT =      0.00000 p-value =      1.00000
Site   327 dN/dS =      1.00000 Full Log(L) =      0.00000 LRT =      0.00000 p-value =      1.00000
Site   328 dN/dS =      1.00000 Full Log(L) =      0.00000 LRT =      0.00000 p-value =      1.00000
Site   329 dN/dS =      3.07909 Full Log(L) =    -18.26324 LRT =      0.89233 p-value =      0.17242
Site   330 dN/dS =      0.00000 Full Log(L) =    -10.11919 LRT =      0.35315 p-value =      0.27617
Site   331 dN/dS =      1.00000 Full Log(L) =      0.00000 LRT =      0.00000 p-value =      1.00000
Site   332 dN/dS =      1.00000 Full Log(L) =      0.00000 LRT =      0.00000 p-value =      1.00000
Site   333 dN/dS =      1.00000 Full Log(L) =      0.00000 LRT =      0.00000 p-value =      1.00000
Site   334 dN/dS =      1.00000 Full Log(L) =      0.00000 LRT =      0.00000 p-value =      1.00000
Site   335 dN/dS =      1.00000 Full Log(L) =      0.00000 LRT =      0.00000 p-value =      1.00000
Site   336 dN/dS =      1.00000 Full Log(L) =      0.00000 LRT =      0.00000 p-value =      1.00000
Site   337 dN/dS =      1.00000 Full Log(L) =      0.00000 LRT =      0.00000 p-value =      1.00000
Site   338 dN/dS =      1.00000 Full Log(L) =      0.00000 LRT =      0.00000 p-value =      1.00000
Site   339 dN/dS =      1.00000 Full Log(L) =      0.00000 LRT =      0.00000 p-value =      1.00000
Site   340 dN/dS =      1.00000 Full Log(L) =      0.00000 LRT =      0.00000 p-value =      1.00000
Site   341 dN/dS =      2.74305 Full Log(L) =    -13.14063 LRT =      0.74144 p-value =      0.19460
Site   342 dN/dS =      0.00000 Full Log(L) =     -9.44239 LRT =      0.65114 p-value =      0.20985
Site   343 dN/dS =      0.00000 Full Log(L) =     -9.96394 LRT =      0.44030 p-value =      0.25349
Site   344 dN/dS =      1.00000 Full Log(L) =      0.00000 LRT =      0.00000 p-value =      1.00000
Site   345 dN/dS =      1.00000 Full Log(L) =      0.00000 LRT =      0.00000 p-value =      1.00000
Site   346 dN/dS =      0.00000 Full Log(L) =     -4.39841 LRT =      0.85298 p-value =      0.17786
Site   347 dN/dS =      0.00000 Full Log(L) =     -3.58852 LRT =      0.79729 p-value =      0.18595
Site   348 dN/dS =      0.00000 Full Log(L) =     -4.34668 LRT =      0.58566 p-value =      0.22205
Site   349 dN/dS =      0.00000 Full Log(L) =     -4.39841 LRT =      0.85298 p-value =      0.17786
Site   350 dN/dS =      0.00000 Full Log(L) =     -4.26941 LRT =      0.75146 p-value =      0.19301
Site   351 dN/dS =      0.00000 Full Log(L) =    -18.40372 LRT =      0.62394 p-value =      0.21479
Site   352 dN/dS =      0.00000 Full Log(L) =     -4.26941 LRT =      0.75146 p-value =      0.19301
Site   353 dN/dS =      0.00000 Full Log(L) =    -10.71552 LRT =      0.85298 p-value =      0.17786
Site   354 dN/dS =      0.00000 Full Log(L) =     -4.34668 LRT =      0.58566 p-value =      0.22205
Site   355 dN/dS =      0.00000 Full Log(L) =     -3.58852 LRT =      0.79729 p-value =      0.18595
Site   356 dN/dS =      0.00000 Full Log(L) =    -10.12089 LRT =      0.73747 p-value =      0.19524
Site   357 dN/dS =      0.00000 Full Log(L) =     -3.53373 LRT =      0.68812 p-value =      0.20340
Site   358 dN/dS =      0.00000 Full Log(L) =     -4.34787 LRT =      0.85298 p-value =      0.17786
Site   359 dN/dS =      0.00000 Full Log(L) =     -4.54768 LRT =      0.37354 p-value =      0.27054
Site   360 dN/dS =      0.00000 Full Log(L) =     -4.11657 LRT =      0.73755 p-value =      0.19522
Site   361 dN/dS =      0.00000 Full Log(L) =     -4.07010 LRT =      0.81942 p-value =      0.18267
Site   362 dN/dS =      0.00000 Full Log(L) =     -4.07264 LRT =      1.00196 p-value =      0.15842
Site   363 dN/dS =      0.00000 Full Log(L) =    -22.00661 LRT =      0.68381 p-value =      0.20414
Site   364 dN/dS =      0.00000 Full Log(L) =     -3.84893 LRT =      0.72789 p-value =      0.19678
Site   365 dN/dS =      0.00000 Full Log(L) =     -4.33822 LRT =      0.80176 p-value =      0.18528
Site   366 dN/dS =      0.00000 Full Log(L) =     -4.54768 LRT =      0.35115 p-value =      0.27673
Site   367 dN/dS =      0.00000 Full Log(L) =     -3.94229 LRT =      0.50063 p-value =      0.23961
Site   368 dN/dS =      0.00000 Full Log(L) =     -4.33822 LRT =      0.80176 p-value =      0.18528
Site   369 dN/dS =      0.00000 Full Log(L) =     -4.33884 LRT =      0.55053 p-value =      0.22905
Site   370 dN/dS =      0.00000 Full Log(L) =     -4.34982 LRT =      0.76477 p-value =      0.19092
Site   371 dN/dS =      0.00000 Full Log(L) =    -11.39622 LRT =      0.65258 p-value =      0.20960
Site   372 dN/dS =      0.00000 Full Log(L) =     -4.06065 LRT =      0.41399 p-value =      0.25998
Site   373 dN/dS =      0.00000 Full Log(L) =     -9.48066 LRT =      0.64665 p-value =      0.21066
Site   374 dN/dS =      0.00000 Full Log(L) =     -4.63089 LRT =      0.54660 p-value =      0.22985
Site   375 dN/dS =      0.00000 Full Log(L) =     -8.68265 LRT =      0.69295 p-value =      0.20258
Site   376 dN/dS =      0.00000 Full Log(L) =     -4.38842 LRT =      0.80176 p-value =      0.18528
Site   377 dN/dS =      0.00000 Full Log(L) =     -3.98884 LRT =      0.62521 p-value =      0.21456
Site   378 dN/dS =      0.00000 Full Log(L) =     -4.06204 LRT =      0.77021 p-value =      0.19008
Site   379 dN/dS =      0.00000 Full Log(L) =     -4.06065 LRT =      0.41399 p-value =      0.25998
Site   380 dN/dS =      0.00000 Full Log(L) =     -4.26135 LRT =      0.70635 p-value =      0.20033
Site   381 dN/dS =      0.00000 Full Log(L) =     -4.26135 LRT =      0.70635 p-value =      0.20033
Site   382 dN/dS =      0.00000 Full Log(L) =    -10.16622 LRT =      0.72783 p-value =      0.19679
Site   383 dN/dS =      0.00000 Full Log(L) =     -4.76558 LRT =      0.56748 p-value =      0.22563
Site   384 dN/dS =      0.00000 Full Log(L) =     -3.25161 LRT =      0.61208 p-value =      0.21700
Site   385 dN/dS =      0.00000 Full Log(L) =     -4.08215 LRT =      0.78814 p-value =      0.18733
Site   386 dN/dS =      0.00000 Full Log(L) =     -4.26502 LRT =      0.62521 p-value =      0.21456
Site   387 dN/dS =      0.00000 Full Log(L) =     -4.06065 LRT =      0.41399 p-value =      0.25998
Site   388 dN/dS =      0.00000 Full Log(L) =     -4.26135 LRT =      0.70635 p-value =      0.20033
Site   389 dN/dS =      0.00000 Full Log(L) =     -4.26135 LRT =      0.70635 p-value =      0.20033
Site   390 dN/dS =      0.00000 Full Log(L) =     -3.99413 LRT =      0.58681 p-value =      0.22183
Site   391 dN/dS =      0.00000 Full Log(L) =     -3.57642 LRT =      0.64675 p-value =      0.21064
Site   392 dN/dS =      4.93262 Full Log(L) =     -9.24239 LRT =      1.58157 p-value =      0.10427
Site   393 dN/dS =      0.00000 Full Log(L) =     -3.99413 LRT =      0.58681 p-value =      0.22183
Site   394 dN/dS =      0.00000 Full Log(L) =     -9.20487 LRT =      0.64662 p-value =      0.21066
Site   395 dN/dS =      0.00000 Full Log(L) =     -4.64441 LRT =      0.80176 p-value =      0.18528
Site   396 dN/dS =      0.00000 Full Log(L) =     -3.25161 LRT =      0.61208 p-value =      0.21700
Site   397 dN/dS =      0.00000 Full Log(L) =     -5.18953 LRT =      0.33197 p-value =      0.28225
Site   398 dN/dS =      0.00000 Full Log(L) =     -3.52622 LRT =      0.64675 p-value =      0.21064
Site   399 dN/dS =      0.00000 Full Log(L) =     -4.34982 LRT =      0.76477 p-value =      0.19092
Site   400 dN/dS =      0.00000 Full Log(L) =     -4.08955 LRT =      0.32000 p-value =      0.28580
Site   401 dN/dS =      0.00000 Full Log(L) =     -3.99413 LRT =      0.58681 p-value =      0.22183
Site   402 dN/dS =      0.00000 Full Log(L) =     -4.10648 LRT =      0.69323 p-value =      0.20253
Site   403 dN/dS =      0.00000 Full Log(L) =     -3.25161 LRT =      0.61208 p-value =      0.21700
Site   404 dN/dS =      0.00000 Full Log(L) =     -4.57121 LRT =      0.62521 p-value =      0.21456
Site   405 dN/dS =      0.00000 Full Log(L) =     -3.57642 LRT =      0.64675 p-value =      0.21064
Site   406 dN/dS =      0.00000 Full Log(L) =     -4.10648 LRT =      0.69323 p-value =      0.20253
Site   407 dN/dS =      0.00000 Full Log(L) =     -3.25161 LRT =      0.61208 p-value =      0.21700
Site   408 dN/dS =      0.00000 Full Log(L) =     -4.33884 LRT =      0.55053 p-value =      0.22905
Site   409 dN/dS =      0.00000 Full Log(L) =     -4.33527 LRT =      0.65262 p-value =      0.20959
Site   410 dN/dS =      0.00000 Full Log(L) =     -4.06065 LRT =      0.41399 p-value =      0.25998
Site   411 dN/dS =      0.00000 Full Log(L) =     -7.86911 LRT =      0.58653 p-value =      0.22188
Site   412 dN/dS =      0.00000 Full Log(L) =     -3.52412 LRT =      0.69322 p-value =      0.20254
Site   413 dN/dS =      0.00000 Full Log(L) =     -3.25161 LRT =      0.61208 p-value =      0.21700
Site   414 dN/dS =      0.00000 Full Log(L) =     -3.52412 LRT =      0.69322 p-value =      0.20254
Site   415 dN/dS =      0.00000 Full Log(L) =     -4.33884 LRT =      0.55053 p-value =      0.22905
Site   416 dN/dS =      0.00000 Full Log(L) =     -4.35470 LRT =      0.47025 p-value =      0.24644
Site   417 dN/dS =      0.00000 Full Log(L) =     -3.52412 LRT =      0.69322 p-value =      0.20254
Site   418 dN/dS =      0.00000 Full Log(L) =     -3.95286 LRT =      0.64275 p-value =      0.21136
Site   419 dN/dS =      0.00000 Full Log(L) =     -3.52412 LRT =      0.69322 p-value =      0.20254
Site   420 dN/dS =      0.00000 Full Log(L) =     -4.64441 LRT =      0.80176 p-value =      0.18528
Site   421 dN/dS =      0.00000 Full Log(L) =     -3.76746 LRT =      0.73322 p-value =      0.19592
Site   422 dN/dS =      0.00000 Full Log(L) =     -3.94394 LRT =      0.58681 p-value =      0.22183
Site   423 dN/dS =      0.00000 Full Log(L) =     -4.64302 LRT =      0.41400 p-value =      0.25997
Site   424 dN/dS =      0.00000 Full Log(L) =     -3.84893 LRT =      0.72789 p-value =      0.19678
Site   425 dN/dS =      0.00000 Full Log(L) =     -4.81578 LRT =      0.56748 p-value =      0.22563
Site   426 dN/dS =      0.00000 Full Log(L) =     -4.10648 LRT =      0.69323 p-value =      0.20253
Site   427 dN/dS =      3.32458 Full Log(L) =     -8.92726 LRT =      0.99334 p-value =      0.15946
Site   428 dN/dS =      0.00000 Full Log(L) =     -3.89209 LRT =      0.50063 p-value =      0.23961
Site   429 dN/dS =      0.00000 Full Log(L) =     -4.22905 LRT =      0.64275 p-value =      0.21136
Site   430 dN/dS =      0.00000 Full Log(L) =     -7.71372 LRT =      0.69250 p-value =      0.20266
Site   431 dN/dS =      0.00000 Full Log(L) =     -3.84893 LRT =      0.72789 p-value =      0.19678
Site   432 dN/dS =      0.00000 Full Log(L) =     -4.26502 LRT =      0.62521 p-value =      0.21456
Site   433 dN/dS =      0.00000 Full Log(L) =     -3.25161 LRT =      0.61208 p-value =      0.21700
Site   434 dN/dS =      0.00000 Full Log(L) =     -3.58647 LRT =      0.74937 p-value =      0.19334
Site   435 dN/dS =      0.00000 Full Log(L) =     -3.79873 LRT =      0.72789 p-value =      0.19678
Site   436 dN/dS =      0.00000 Full Log(L) =     -4.81578 LRT =      0.56748 p-value =      0.22563
Site   437 dN/dS =      0.00000 Full Log(L) =     -4.54768 LRT =      0.35115 p-value =      0.27673
Site   438 dN/dS =      0.00000 Full Log(L) =    -10.79424 LRT =      0.51374 p-value =      0.23676
Site   439 dN/dS =      0.00000 Full Log(L) =     -3.94229 LRT =      0.50063 p-value =      0.23961
Site   440 dN/dS =      0.00000 Full Log(L) =     -9.20487 LRT =      0.64662 p-value =      0.21066
Site   441 dN/dS =      0.00000 Full Log(L) =    -10.91444 LRT =      0.70635 p-value =      0.20033
Site   442 dN/dS =      0.00000 Full Log(L) =     -4.10648 LRT =      0.69323 p-value =      0.20253
Site   443 dN/dS =      0.00000 Full Log(L) =     -4.76558 LRT =      0.56748 p-value =      0.22563
Site   444 dN/dS =      0.00000 Full Log(L) =     -4.76558 LRT =      0.56748 p-value =      0.22563
Site   445 dN/dS =      0.00000 Full Log(L) =     -4.22905 LRT =      0.64275 p-value =      0.21136
Site   446 dN/dS =      0.00000 Full Log(L) =     -4.58773 LRT =      0.70635 p-value =      0.20033
Site   447 dN/dS =      0.00000 Full Log(L) =     -5.18953 LRT =      0.33197 p-value =      0.28225
Site   448 dN/dS =      0.00000 Full Log(L) =     -4.10648 LRT =      0.69323 p-value =      0.20253
Site   449 dN/dS =      0.00000 Full Log(L) =     -3.57642 LRT =      0.64675 p-value =      0.21064
Site   450 dN/dS =      0.00000 Full Log(L) =     -4.06065 LRT =      0.41399 p-value =      0.25998
Site   451 dN/dS =      0.00000 Full Log(L) =     -4.33527 LRT =      0.65262 p-value =      0.20959
Site   452 dN/dS =      0.00000 Full Log(L) =     -3.98884 LRT =      0.62521 p-value =      0.21456
Site   453 dN/dS =      0.00000 Full Log(L) =     -3.94394 LRT =      0.58681 p-value =      0.22183
Site   454 dN/dS =      0.00000 Full Log(L) =     -3.79873 LRT =      0.72789 p-value =      0.19678
Site   455 dN/dS =      0.00000 Full Log(L) =     -4.60715 LRT =      0.33197 p-value =      0.28225
Site   456 dN/dS =      0.00000 Full Log(L) =     -4.26502 LRT =      0.62521 p-value =      0.21456
Site   457 dN/dS =      0.00000 Full Log(L) =     -3.84893 LRT =      0.72789 p-value =      0.19678
Site   458 dN/dS =      0.00000 Full Log(L) =     -4.35470 LRT =      0.47025 p-value =      0.24644
Site   459 dN/dS =      0.00000 Full Log(L) =     -3.52412 LRT =      0.69322 p-value =      0.20254
Site   460 dN/dS =      0.00000 Full Log(L) =     -4.07264 LRT =      0.94179 p-value =      0.16591
Site   461 dN/dS =      0.00000 Full Log(L) =     -3.57642 LRT =      0.64675 p-value =      0.21064
Site   462 dN/dS =      0.00000 Full Log(L) =     -3.25161 LRT =      0.61208 p-value =      0.21700
Site   463 dN/dS =      0.00000 Full Log(L) =     -5.18953 LRT =      0.33197 p-value =      0.28225
Site   464 dN/dS =      3.69654 Full Log(L) =    -18.16012 LRT =      1.14617 p-value =      0.14218
Site   465 dN/dS =      0.00000 Full Log(L) =     -3.52412 LRT =      0.69322 p-value =      0.20254
Site   466 dN/dS =      3.00531 Full Log(L) =     -8.47394 LRT =      0.85906 p-value =      0.17700
Site   467 dN/dS =      0.00000 Full Log(L) =     -3.98884 LRT =      0.62521 p-value =      0.21456
Site   468 dN/dS =      0.00000 Full Log(L) =     -7.95706 LRT =      0.75426 p-value =      0.19257
Site   469 dN/dS =      0.00000 Full Log(L) =    -15.97414 LRT =      0.61194 p-value =      0.21703
Site   470 dN/dS =      0.00000 Full Log(L) =     -4.06065 LRT =      0.41399 p-value =      0.25998
Site   471 dN/dS =      0.00000 Full Log(L) =    -11.95082 LRT =      0.33197 p-value =      0.28225
Site   472 dN/dS =      0.00000 Full Log(L) =     -4.34982 LRT =      0.76477 p-value =      0.19092
Site   473 dN/dS =      0.00000 Full Log(L) =     -3.52412 LRT =      0.69322 p-value =      0.20254
Site   474 dN/dS =      0.00000 Full Log(L) =     -3.52622 LRT =      0.64675 p-value =      0.21064
Site   475 dN/dS =      2.86430 Full Log(L) =    -11.53484 LRT =      0.79710 p-value =      0.18598
Site   476 dN/dS =      0.00000 Full Log(L) =     -4.10648 LRT =      0.69323 p-value =      0.20253
Site   477 dN/dS =      0.00000 Full Log(L) =    -10.83252 LRT =      0.72785 p-value =      0.19679
Site   478 dN/dS =      0.00000 Full Log(L) =     -4.07264 LRT =      0.94179 p-value =      0.16591
Site   479 dN/dS =      0.00000 Full Log(L) =     -4.38842 LRT =      0.80176 p-value =      0.18528
Site   480 dN/dS =      0.00000 Full Log(L) =     -3.52622 LRT =      0.64675 p-value =      0.21064
Site   481 dN/dS =      0.00000 Full Log(L) =     -4.33822 LRT =      0.80176 p-value =      0.18528
Site   482 dN/dS =      0.00000 Full Log(L) =    -14.69043 LRT =      0.66690 p-value =      0.20707
Site   483 dN/dS =      0.00000 Full Log(L) =     -4.33884 LRT =      0.55053 p-value =      0.22905
Site   484 dN/dS =      0.00000 Full Log(L) =     -3.25161 LRT =      0.61208 p-value =      0.21700
Site   485 dN/dS =      0.00000 Full Log(L) =     -3.58647 LRT =      0.74937 p-value =      0.19334
Site   486 dN/dS =      0.00000 Full Log(L) =     -9.08383 LRT =      0.50063 p-value =      0.23961
Site   487 dN/dS =      0.00000 Full Log(L) =     -4.38547 LRT =      0.65262 p-value =      0.20959
Site   488 dN/dS =      0.00000 Full Log(L) =     -3.25161 LRT =      0.61208 p-value =      0.21700
Site   489 dN/dS =      0.00000 Full Log(L) =     -4.39782 LRT =      0.66721 p-value =      0.20701
Site   490 dN/dS =      0.00000 Full Log(L) =     -3.84893 LRT =      0.72789 p-value =      0.19678
Site   491 dN/dS =      0.00000 Full Log(L) =     -3.52622 LRT =      0.64675 p-value =      0.21064
Site   492 dN/dS =      0.00000 Full Log(L) =     -4.58773 LRT =      0.70635 p-value =      0.20033
Site   493 dN/dS =      0.00000 Full Log(L) =     -9.58956 LRT =      0.66713 p-value =      0.20703
Site   494 dN/dS =      0.00000 Full Log(L) =     -3.58647 LRT =      0.74937 p-value =      0.19334
Site   495 dN/dS =      0.00000 Full Log(L) =     -4.64441 LRT =      0.80176 p-value =      0.18528
Site   496 dN/dS =      0.00000 Full Log(L) =     -4.35470 LRT =      0.47025 p-value =      0.24644
Site   497 dN/dS =      0.00000 Full Log(L) =     -3.99413 LRT =      0.58681 p-value =      0.22183
Site   498 dN/dS =      0.00000 Full Log(L) =     -3.76746 LRT =      0.73322 p-value =      0.19592
Site   499 dN/dS =      0.00000 Full Log(L) =     -3.52622 LRT =      0.64675 p-value =      0.21064
Site   500 dN/dS =      0.00000 Full Log(L) =    -10.24694 LRT =      0.77056 p-value =      0.19002
Site   501 dN/dS =      0.00000 Full Log(L) =     -4.26502 LRT =      0.62521 p-value =      0.21456
Site   502 dN/dS =      0.00000 Full Log(L) =     -3.89209 LRT =      0.50063 p-value =      0.23961
Site   503 dN/dS =      0.00000 Full Log(L) =     -9.75836 LRT =      0.72779 p-value =      0.19680
Site   504 dN/dS =      0.00000 Full Log(L) =     -4.33527 LRT =      0.65262 p-value =      0.20959
Site   505 dN/dS =      0.00000 Full Log(L) =     -3.79873 LRT =      0.72789 p-value =      0.19678
Site   506 dN/dS =      0.00000 Full Log(L) =     -3.95286 LRT =      0.64275 p-value =      0.21136
Site   507 dN/dS =      0.00000 Full Log(L) =     -3.94229 LRT =      0.50063 p-value =      0.23961
Site   508 dN/dS =      0.00000 Full Log(L) =     -3.76746 LRT =      0.73322 p-value =      0.19592
Site   509 dN/dS =      0.00000 Full Log(L) =    -10.16904 LRT =      0.72783 p-value =      0.19679
Site   510 dN/dS =      0.00000 Full Log(L) =     -3.52412 LRT =      0.69322 p-value =      0.20254
Site   511 dN/dS =      0.00000 Full Log(L) =     -4.26135 LRT =      0.70635 p-value =      0.20033
Site   512 dN/dS =      0.00000 Full Log(L) =     -4.08955 LRT =      0.32000 p-value =      0.28580
Site   513 dN/dS =      0.00000 Full Log(L) =     -3.57642 LRT =      0.64675 p-value =      0.21064
Site   514 dN/dS =      0.00000 Full Log(L) =     -3.57642 LRT =      0.64675 p-value =      0.21064
Site   515 dN/dS =      0.00000 Full Log(L) =     -5.20369 LRT =      0.68098 p-value =      0.20462
Site   516 dN/dS =      0.00000 Full Log(L) =    -11.35460 LRT =      0.55049 p-value =      0.22906
Site   517 dN/dS =      0.00000 Full Log(L) =     -4.64302 LRT =      0.41400 p-value =      0.25997
Site   518 dN/dS =      0.00000 Full Log(L) =    -12.07527 LRT =      0.58663 p-value =      0.22186
Site   519 dN/dS =      0.00000 Full Log(L) =     -3.25161 LRT =      0.61208 p-value =      0.21700
Site   520 dN/dS =      0.00000 Full Log(L) =     -4.33822 LRT =      0.80176 p-value =      0.18528
Site   521 dN/dS =      0.00000 Full Log(L) =     -4.22905 LRT =      0.64275 p-value =      0.21136
Site   522 dN/dS =      0.00000 Full Log(L) =     -4.10648 LRT =      0.69323 p-value =      0.20253
Site   523 dN/dS =      0.00000 Full Log(L) =    -13.51558 LRT =      0.33886 p-value =      0.28024
Site   524 dN/dS =      3.32301 Full Log(L) =    -10.10333 LRT =      0.99277 p-value =      0.15953
Site   525 dN/dS =      0.00000 Full Log(L) =     -4.35470 LRT =      0.47025 p-value =      0.24644
Site   526 dN/dS =      0.00000 Full Log(L) =     -4.06204 LRT =      0.77021 p-value =      0.19008
Site   527 dN/dS =      4.05734 Full Log(L) =     -9.66737 LRT =      1.28116 p-value =      0.12884
Site   528 dN/dS =      0.00000 Full Log(L) =     -3.25161 LRT =      0.61208 p-value =      0.21700
Site   529 dN/dS =      0.00000 Full Log(L) =     -3.79873 LRT =      0.72789 p-value =      0.19678
Site   530 dN/dS =      0.00000 Full Log(L) =     -4.54768 LRT =      0.35115 p-value =      0.27673
Site   531 dN/dS =      3.52187 Full Log(L) =    -11.64556 LRT =      1.07577 p-value =      0.14982
Site   532 dN/dS =      0.00000 Full Log(L) =     -4.60715 LRT =      0.33197 p-value =      0.28225
Site   533 dN/dS =      0.00000 Full Log(L) =     -4.54768 LRT =      0.35115 p-value =      0.27673
Site   534 dN/dS =      0.00000 Full Log(L) =     -3.94394 LRT =      0.58681 p-value =      0.22183
Site   535 dN/dS =      0.00000 Full Log(L) =     -4.68108 LRT =      0.54660 p-value =      0.22985
Site   536 dN/dS =      0.00000 Full Log(L) =     -4.28864 LRT =      0.55053 p-value =      0.22905
Site   537 dN/dS =      0.00000 Full Log(L) =     -4.58773 LRT =      0.70635 p-value =      0.20033
Site   538 dN/dS =      5.22359 Full Log(L) =    -13.21006 LRT =      3.34770 p-value =      0.03365 *P
Site   539 dN/dS =      0.00000 Full Log(L) =     -4.35470 LRT =      0.47025 p-value =      0.24644
Site   540 dN/dS =      0.00000 Full Log(L) =     -8.32323 LRT =      0.66693 p-value =      0.20706
Site   541 dN/dS =      0.00000 Full Log(L) =     -4.28864 LRT =      0.55053 p-value =      0.22905
Site   542 dN/dS =      0.00000 Full Log(L) =     -4.67191 LRT =      0.34874 p-value =      0.27741
Site   543 dN/dS =      3.56298 Full Log(L) =    -10.86589 LRT =      1.09610 p-value =      0.14756
Site   544 dN/dS =      0.00000 Full Log(L) =     -4.39782 LRT =      0.66721 p-value =      0.20701
Site   545 dN/dS =      0.00000 Full Log(L) =     -4.22905 LRT =      0.64275 p-value =      0.21136
Site   546 dN/dS =      0.00000 Full Log(L) =     -4.22905 LRT =      0.64275 p-value =      0.21136
Site   547 dN/dS =      0.00000 Full Log(L) =     -4.67191 LRT =      0.34874 p-value =      0.27741
Site   548 dN/dS =      0.00000 Full Log(L) =     -5.18953 LRT =      0.33197 p-value =      0.28225
Site   549 dN/dS =      0.00000 Full Log(L) =     -4.64441 LRT =      0.80176 p-value =      0.18528
Site   550 dN/dS =      3.68711 Full Log(L) =    -10.84808 LRT =      1.14479 p-value =      0.14232
Site   551 dN/dS =      0.00000 Full Log(L) =     -8.82451 LRT =      0.58670 p-value =      0.22185
Site   552 dN/dS =      0.00000 Full Log(L) =     -4.07264 LRT =      0.94179 p-value =      0.16591
Site   553 dN/dS =      0.00000 Full Log(L) =     -4.54768 LRT =      0.35115 p-value =      0.27673
Site   554 dN/dS =      0.00000 Full Log(L) =     -4.58773 LRT =      0.70635 p-value =      0.20033
Site   555 dN/dS =      0.00000 Full Log(L) =     -4.44801 LRT =      0.66721 p-value =      0.20701
Site   556 dN/dS =      0.00000 Full Log(L) =     -4.06065 LRT =      0.41399 p-value =      0.25998
Site   557 dN/dS =      0.00000 Full Log(L) =     -3.25161 LRT =      0.61208 p-value =      0.21700
Site   558
Check messages.log details of this run.
 dN/dS =      0.00000 Full Log(L) =     -4.38842 LRT =      0.80176 p-value =      0.18528
Site   559 dN/dS =      0.00000 Full Log(L) =     -3.57642 LRT =      0.64675 p-value =      0.21064
Site   560 dN/dS =      0.00000 Full Log(L) =     -3.94394 LRT =      0.58681 p-value =      0.22183
Site   561 dN/dS =      0.00000 Full Log(L) =    -11.11405 LRT =      0.76463 p-value =      0.19094
Site   562 dN/dS =      0.00000 Full Log(L) =     -4.44801 LRT =      0.66721 p-value =      0.20701
Site   563 dN/dS =      0.00000 Full Log(L) =     -3.57642 LRT =      0.64675 p-value =      0.21064
Site   564 dN/dS =      0.00000 Full Log(L) =     -3.94394 LRT =      0.58681 p-value =      0.22183
Site   565 dN/dS =      0.00000 Full Log(L) =     -4.44801 LRT =      0.66721 p-value =      0.20701
Site   566 dN/dS =      0.00000 Full Log(L) =    -11.00386 LRT =      0.58680 p-value =      0.22183


Wall-clock run-time (seconds): 1412751481
Process time on the master node: 407.642386
MPI nodes used: 0

Wall-clock time per site (seconds): 6011708.429787234
