
Check messages.log details of this run.
____________
12 species:{CY054110,CY054142,CY054108,CY054109,CY054107,CY054141,CY054263,CY054136,CY112925,CY114333,CY114325,CY002816};
Total Sites:1698;
Distinct Sites:48

Phase 1:Nucleotide Model (010010) Model Fit


-2741.91096015615

Phase 2:MG94x(010010) Model Fit



Phase 3:Estimating dN/dS


Nuc->codon scaling factor:2.096942747910078
Raw scaling factor:2.096942747910078
Tree scaling factor(S): 1

Using dN/dS=0.2814924104106936
Codon model:-2683.12193022256

Phase 4: Ancestral State Reconstruction and Counting

<<Significance level for Likelihood Ratio Tests (permissible range = [0,1], default value = 0.1)>>Site     1 dN/dS =      0.00000 Full Log(L) =     -4.13060 LRT =      0.32669 p-value =      0.28381
Site     2 dN/dS =      0.00000 Full Log(L) =     -3.81964 LRT =      0.21261 p-value =      0.32236
Site     3 dN/dS =      0.00000 Full Log(L) =     -4.11261 LRT =      0.20724 p-value =      0.32447
Site     4 dN/dS =      0.00000 Full Log(L) =     -4.03521 LRT =      0.21002 p-value =      0.32338
Site     5 dN/dS =      0.00000 Full Log(L) =     -3.98860 LRT =      0.21001 p-value =      0.32338
Site     6 dN/dS =      0.00000 Full Log(L) =     -4.38205 LRT =      0.23170 p-value =      0.31513
Site     7 dN/dS =      0.00000 Full Log(L) =     -4.45496 LRT =      0.13573 p-value =      0.35628
Site     8 dN/dS =      0.00000 Full Log(L) =     -4.02668 LRT =      0.26102 p-value =      0.30471
Site     9 dN/dS =      0.00000 Full Log(L) =     -3.90899 LRT =      0.18771 p-value =      0.33241
Site    10 dN/dS =      0.00000 Full Log(L) =     -3.98860 LRT =      0.21001 p-value =      0.32338
Site    11 dN/dS =      0.00000 Full Log(L) =     -3.99648 LRT =      0.12309 p-value =      0.36285
Site    12 dN/dS =      0.00000 Full Log(L) =     -4.22421 LRT =      0.23139 p-value =      0.31525
Site    13 dN/dS =      0.00000 Full Log(L) =     -4.79199 LRT =      0.12763 p-value =      0.36045
Site    14 dN/dS =      0.00000 Full Log(L) =     -4.26359 LRT =      0.22335 p-value =      0.31825
Site    15 dN/dS =      0.00000 Full Log(L) =     -4.27071 LRT =      0.21492 p-value =      0.32147
Site    16 dN/dS =      0.00000 Full Log(L) =     -4.38205 LRT =      0.23170 p-value =      0.31513
Site    17 dN/dS =      1.00000 Full Log(L) =      0.00000 LRT =      0.00000 p-value =      1.00000
Site    18 dN/dS =      1.00000 Full Log(L) =      0.00000 LRT =      0.00000 p-value =      1.00000
Site    19 dN/dS =      1.00000 Full Log(L) =      0.00000 LRT =      0.00000 p-value =      1.00000
Site    20 dN/dS =      1.00000 Full Log(L) =      0.00000 LRT =      0.00000 p-value =      1.00000
Site    21 dN/dS =      5.59577 Full Log(L) =     -9.53608 LRT =      1.77904 p-value =      0.09113 *P
Site    22 dN/dS =      1.00000 Full Log(L) =      0.00000 LRT =      0.00000 p-value =      1.00000
Site    23 dN/dS =      1.00000 Full Log(L) =      0.00000 LRT =      0.00000 p-value =      1.00000
Site    24 dN/dS =      1.00000 Full Log(L) =      0.00000 LRT =      0.00000 p-value =      1.00000
Site    25 dN/dS =      1.00000 Full Log(L) =      0.00000 LRT =      0.00000 p-value =      1.00000
Site    26 dN/dS =      1.00000 Full Log(L) =      0.00000 LRT =      0.00000 p-value =      1.00000
Site    27 dN/dS =      1.00000 Full Log(L) =      0.00000 LRT =      0.00000 p-value =      1.00000
Site    28 dN/dS =      1.00000 Full Log(L) =      0.00000 LRT =      0.00000 p-value =      1.00000
Site    29 dN/dS =      1.00000 Full Log(L) =      0.00000 LRT =      0.00000 p-value =      1.00000
Site    30 dN/dS =      1.00000 Full Log(L) =      0.00000 LRT =      0.00000 p-value =      1.00000
Site    31 dN/dS =      1.00000 Full Log(L) =      0.00000 LRT =      0.00000 p-value =      1.00000
Site    32 dN/dS =      0.00000 Full Log(L) =    -14.04726 LRT =      0.41877 p-value =      0.25878
Site    33 dN/dS =      1.00000 Full Log(L) =      0.00000 LRT =      0.00000 p-value =      1.00000
Site    34 dN/dS =      1.00000 Full Log(L) =      0.00000 LRT =      0.00000 p-value =      1.00000
Site    35 dN/dS =      1.00000 Full Log(L) =      0.00000 LRT =      0.00000 p-value =      1.00000
Site    36 dN/dS =      0.00000 Full Log(L) =    -10.69269 LRT =      0.36657 p-value =      0.27244
Site    37 dN/dS =      1.00000 Full Log(L) =      0.00000 LRT =      0.00000 p-value =      1.00000
Site    38 dN/dS =      1.00000 Full Log(L) =      0.00000 LRT =      0.00000 p-value =      1.00000
Site    39 dN/dS =      1.00000 Full Log(L) =      0.00000 LRT =      0.00000 p-value =      1.00000
Site    40 dN/dS =      1.00000 Full Log(L) =      0.00000 LRT =      0.00000 p-value =      1.00000
Site    41 dN/dS =      1.00000 Full Log(L) =      0.00000 LRT =      0.00000 p-value =      1.00000
Site    42 dN/dS =      1.00000 Full Log(L) =      0.00000 LRT =      0.00000 p-value =      1.00000
Site    43 dN/dS =      1.00000 Full Log(L) =      0.00000 LRT =      0.00000 p-value =      1.00000
Site    44 dN/dS =      1.00000 Full Log(L) =      0.00000 LRT =      0.00000 p-value =      1.00000
Site    45 dN/dS =      1.00000 Full Log(L) =      0.00000 LRT =      0.00000 p-value =      1.00000
Site    46 dN/dS =      1.00000 Full Log(L) =      0.00000 LRT =      0.00000 p-value =      1.00000
Site    47 dN/dS =      1.00000 Full Log(L) =      0.00000 LRT =      0.00000 p-value =      1.00000
Site    48 dN/dS =      1.00000 Full Log(L) =      0.00000 LRT =      0.00000 p-value =      1.00000
Site    49 dN/dS =     17.09394 Full Log(L) =    -12.41703 LRT =      7.42240 p-value =      0.00322 *P
Site    50 dN/dS =      1.00000 Full Log(L) =      0.00000 LRT =      0.00000 p-value =      1.00000
Site    51 dN/dS =      1.00000 Full Log(L) =      0.00000 LRT =      0.00000 p-value =      1.00000
Site    52 dN/dS =      1.00000 Full Log(L) =      0.00000 LRT =      0.00000 p-value =      1.00000
Site    53 dN/dS =      1.00000 Full Log(L) =      0.00000 LRT =      0.00000 p-value =      1.00000
Site    54 dN/dS =      1.00000 Full Log(L) =      0.00000 LRT =      0.00000 p-value =      1.00000
Site    55 dN/dS =      1.00000 Full Log(L) =      0.00000 LRT =      0.00000 p-value =      1.00000
Site    56 dN/dS =      1.00000 Full Log(L) =      0.00000 LRT =      0.00000 p-value =      1.00000
Site    57 dN/dS =      1.00000 Full Log(L) =      0.00000 LRT =      0.00000 p-value =      1.00000
Site    58 dN/dS =      1.00000 Full Log(L) =      0.00000 LRT =      0.00000 p-value =      1.00000
Site    59 dN/dS =      1.00000 Full Log(L) =      0.00000 LRT =      0.00000 p-value =      1.00000
Site    60 dN/dS =      1.00000 Full Log(L) =      0.00000 LRT =      0.00000 p-value =      1.00000
Site    61 dN/dS =      1.00000 Full Log(L) =      0.00000 LRT =      0.00000 p-value =      1.00000
Site    62 dN/dS =      1.00000 Full Log(L) =      0.00000 LRT =      0.00000 p-value =      1.00000
Site    63 dN/dS =      1.00000 Full Log(L) =      0.00000 LRT =      0.00000 p-value =      1.00000
Site    64 dN/dS =      1.00000 Full Log(L) =      0.00000 LRT =      0.00000 p-value =      1.00000
Site    65 dN/dS =      1.00000 Full Log(L) =      0.00000 LRT =      0.00000 p-value =      1.00000
Site    66 dN/dS =      5.30644 Full Log(L) =     -8.38610 LRT =      1.68783 p-value =      0.09694 *P
Site    67 dN/dS =      1.00000 Full Log(L) =      0.00000 LRT =      0.00000 p-value =      1.00000
Site    68 dN/dS =      1.00000 Full Log(L) =      0.00000 LRT =      0.00000 p-value =      1.00000
Site    69 dN/dS =      1.00000 Full Log(L) =      0.00000 LRT =      0.00000 p-value =      1.00000
Site    70 dN/dS =      1.00000 Full Log(L) =      0.00000 LRT =      0.00000 p-value =      1.00000
Site    71 dN/dS =      1.00000 Full Log(L) =      0.00000 LRT =      0.00000 p-value =      1.00000
Site    72 dN/dS =      1.00000 Full Log(L) =      0.00000 LRT =      0.00000 p-value =      1.00000
Site    73 dN/dS =      1.00000 Full Log(L) =      0.00000 LRT =      0.00000 p-value =      1.00000
Site    74 dN/dS =      1.00000 Full Log(L) =      0.00000 LRT =      0.00000 p-value =      1.00000
Site    75 dN/dS =      1.00000 Full Log(L) =      0.00000 LRT =      0.00000 p-value =      1.00000
Site    76 dN/dS =      1.00000 Full Log(L) =      0.00000 LRT =      0.00000 p-value =      1.00000
Site    77 dN/dS =      1.00000 Full Log(L) =      0.00000 LRT =      0.00000 p-value =      1.00000
Site    78 dN/dS =      1.00000 Full Log(L) =      0.00000 LRT =      0.00000 p-value =      1.00000
Site    79 dN/dS =      1.00000 Full Log(L) =      0.00000 LRT =      0.00000 p-value =      1.00000
Site    80 dN/dS =      1.00000 Full Log(L) =      0.00000 LRT =      0.00000 p-value =      1.00000
Site    81 dN/dS =      1.00000 Full Log(L) =      0.00000 LRT =      0.00000 p-value =      1.00000
Site    82 dN/dS =      1.00000 Full Log(L) =      0.00000 LRT =      0.00000 p-value =      1.00000
Site    83 dN/dS =      1.00000 Full Log(L) =      0.00000 LRT =      0.00000 p-value =      1.00000
Site    84 dN/dS =      1.00000 Full Log(L) =      0.00000 LRT =      0.00000 p-value =      1.00000
Site    85 dN/dS =      1.00000 Full Log(L) =      0.00000 LRT =      0.00000 p-value =      1.00000
Site    86 dN/dS =      1.00000 Full Log(L) =      0.00000 LRT =      0.00000 p-value =      1.00000
Site    87 dN/dS =      1.00000 Full Log(L) =      0.00000 LRT =      0.00000 p-value =      1.00000
Site    88 dN/dS =      1.00000 Full Log(L) =      0.00000 LRT =      0.00000 p-value =      1.00000
Site    89 dN/dS =      1.00000 Full Log(L) =      0.00000 LRT =      0.00000 p-value =      1.00000
Site    90 dN/dS =      1.00000 Full Log(L) =      0.00000 LRT =      0.00000 p-value =      1.00000
Site    91 dN/dS =      1.00000 Full Log(L) =      0.00000 LRT =      0.00000 p-value =      1.00000
Site    92 dN/dS =      1.00000 Full Log(L) =      0.00000 LRT =      0.00000 p-value =      1.00000
Site    93 dN/dS =      1.00000 Full Log(L) =      0.00000 LRT =      0.00000 p-value =      1.00000
Site    94 dN/dS =      0.00000 Full Log(L) =     -9.40518 LRT =      0.42198 p-value =      0.25797
Site    95 dN/dS =      1.00000 Full Log(L) =      0.00000 LRT =      0.00000 p-value =      1.00000
Site    96 dN/dS =      1.00000 Full Log(L) =      0.00000 LRT =      0.00000 p-value =      1.00000
Site    97 dN/dS =      1.00000 Full Log(L) =      0.00000 LRT =      0.00000 p-value =      1.00000
Site    98 dN/dS =      1.00000 Full Log(L) =      0.00000 LRT =      0.00000 p-value =      1.00000
Site    99 dN/dS =      1.00000 Full Log(L) =      0.00000 LRT =      0.00000 p-value =      1.00000
Site   100 dN/dS =      1.00000 Full Log(L) =      0.00000 LRT =      0.00000 p-value =      1.00000
Site   101 dN/dS =      1.00000 Full Log(L) =      0.00000 LRT =      0.00000 p-value =      1.00000
Site   102 dN/dS =      1.00000 Full Log(L) =      0.00000 LRT =      0.00000 p-value =      1.00000
Site   103 dN/dS =      1.00000 Full Log(L) =      0.00000 LRT =      0.00000 p-value =      1.00000
Site   104 dN/dS =      1.00000 Full Log(L) =      0.00000 LRT =      0.00000 p-value =      1.00000
Site   105 dN/dS =      0.00000 Full Log(L) =     -8.67983 LRT =      0.38874 p-value =      0.26648
Site   106 dN/dS =      1.00000 Full Log(L) =      0.00000 LRT =      0.00000 p-value =      1.00000
Site   107 dN/dS =      1.00000 Full Log(L) =      0.00000 LRT =      0.00000 p-value =      1.00000
Site   108 dN/dS =      6.41570 Full Log(L) =     -8.87315 LRT =      1.99760 p-value =      0.07877 *P
Site   109 dN/dS =      1.00000 Full Log(L) =      0.00000 LRT =      0.00000 p-value =      1.00000
Site   110 dN/dS =      1.00000 Full Log(L) =      0.00000 LRT =      0.00000 p-value =      1.00000
Site   111 dN/dS =      1.00000 Full Log(L) =      0.00000 LRT =      0.00000 p-value =      1.00000
Site   112 dN/dS =      1.00000 Full Log(L) =      0.00000 LRT =      0.00000 p-value =      1.00000
Site   113 dN/dS =      1.00000 Full Log(L) =      0.00000 LRT =      0.00000 p-value =      1.00000
Site   114 dN/dS =      1.00000 Full Log(L) =      0.00000 LRT =      0.00000 p-value =      1.00000
Site   115 dN/dS =      1.00000 Full Log(L) =      0.00000 LRT =      0.00000 p-value =      1.00000
Site   116 dN/dS =      1.00000 Full Log(L) =      0.00000 LRT =      0.00000 p-value =      1.00000
Site   117 dN/dS =      1.00000 Full Log(L) =      0.00000 LRT =      0.00000 p-value =      1.00000
Site   118 dN/dS =      1.00000 Full Log(L) =      0.00000 LRT =      0.00000 p-value =      1.00000
Site   119 dN/dS =      1.00000 Full Log(L) =      0.00000 LRT =      0.00000 p-value =      1.00000
Site   120 dN/dS =      1.00000 Full Log(L) =      0.00000 LRT =      0.00000 p-value =      1.00000
Site   121 dN/dS =      1.00000 Full Log(L) =      0.00000 LRT =      0.00000 p-value =      1.00000
Site   122 dN/dS =      5.43748 Full Log(L) =     -8.26936 LRT =      1.73458 p-value =      0.09391 *P
Site   123 dN/dS =      1.00000 Full Log(L) =      0.00000 LRT =      0.00000 p-value =      1.00000
Site   124 dN/dS =      1.00000 Full Log(L) =      0.00000 LRT =      0.00000 p-value =      1.00000
Site   125 dN/dS =      1.00000 Full Log(L) =      0.00000 LRT =      0.00000 p-value =      1.00000
Site   126 dN/dS =      1.00000 Full Log(L) =      0.00000 LRT =      0.00000 p-value =      1.00000
Site   127 dN/dS =      1.00000 Full Log(L) =      0.00000 LRT =      0.00000 p-value =      1.00000
Site   128 dN/dS =      5.65315 Full Log(L) =     -8.15283 LRT =      1.79612 p-value =      0.09009 *P
Site   129 dN/dS =      1.00000 Full Log(L) =      0.00000 LRT =      0.00000 p-value =      1.00000
Site   130 dN/dS =      1.00000 Full Log(L) =      0.00000 LRT =      0.00000 p-value =      1.00000
Site   131 dN/dS =      0.00000 Full Log(L) =    -10.37340 LRT =      0.31371 p-value =      0.28771
Site   132 dN/dS =      1.00000 Full Log(L) =      0.00000 LRT =      0.00000 p-value =      1.00000
Site   133 dN/dS =      0.00000 Full Log(L) =     -8.49985 LRT =      0.34019 p-value =      0.27986
Site   134 dN/dS =      1.00000 Full Log(L) =      0.00000 LRT =      0.00000 p-value =      1.00000
Site   135 dN/dS =      1.00000 Full Log(L) =      0.00000 LRT =      0.00000 p-value =      1.00000
Site   136 dN/dS =      1.00000 Full Log(L) =      0.00000 LRT =      0.00000 p-value =      1.00000
Site   137 dN/dS =      1.00000 Full Log(L) =      0.00000 LRT =      0.00000 p-value =      1.00000
Site   138 dN/dS =      0.00000 Full Log(L) =     -8.05840 LRT =      0.37435 p-value =      0.27032
Site   139 dN/dS =      1.00000 Full Log(L) =      0.00000 LRT =      0.00000 p-value =      1.00000
Site   140 dN/dS =      0.00000 Full Log(L) =     -9.80590 LRT =      0.42826 p-value =      0.25642
Site   141 dN/dS =      1.00000 Full Log(L) =      0.00000 LRT =      0.00000 p-value =      1.00000
Site   142 dN/dS =      1.00000 Full Log(L) =      0.00000 LRT =      0.00000 p-value =      1.00000
Site   143 dN/dS =      1.00000 Full Log(L) =      0.00000 LRT =      0.00000 p-value =      1.00000
Site   144 dN/dS =      1.00000 Full Log(L) =      0.00000 LRT =      0.00000 p-value =      1.00000
Site   145 dN/dS =      1.00000 Full Log(L) =      0.00000 LRT =      0.00000 p-value =      1.00000
Site   146 dN/dS =      1.00000 Full Log(L) =      0.00000 LRT =      0.00000 p-value =      1.00000
Site   147 dN/dS =     12.19778 Full Log(L) =    -13.86098 LRT =      6.21252 p-value =      0.00634 *P
Site   148 dN/dS =      1.00000 Full Log(L) =      0.00000 LRT =      0.00000 p-value =      1.00000
Site   149 dN/dS =      1.00000 Full Log(L) =      0.00000 LRT =      0.00000 p-value =      1.00000
Site   150 dN/dS =      1.00000 Full Log(L) =      0.00000 LRT =      0.00000 p-value =      1.00000
Site   151 dN/dS =      1.00000 Full Log(L) =      0.00000 LRT =      0.00000 p-value =      1.00000
Site   152 dN/dS =      1.00000 Full Log(L) =      0.00000 LRT =      0.00000 p-value =      1.00000
Site   153 dN/dS =      0.00000 Full Log(L) =    -12.35660 LRT =      0.31915 p-value =      0.28606
Site   154 dN/dS =      1.00000 Full Log(L) =      0.00000 LRT =      0.00000 p-value =      1.00000
Site   155 dN/dS =      1.00000 Full Log(L) =      0.00000 LRT =      0.00000 p-value =      1.00000
Site   156 dN/dS =      1.00000 Full Log(L) =      0.00000 LRT =      0.00000 p-value =      1.00000
Site   157 dN/dS =      1.00000 Full Log(L) =      0.00000 LRT =      0.00000 p-value =      1.00000
Site   158 dN/dS =      1.00000 Full Log(L) =      0.00000 LRT =      0.00000 p-value =      1.00000
Site   159 dN/dS =      1.00000 Full Log(L) =      0.00000 LRT =      0.00000 p-value =      1.00000
Site   160 dN/dS =      0.00000 Full Log(L) =     -8.52570 LRT =      0.37463 p-value =      0.27024
Site   161 dN/dS =      1.00000 Full Log(L) =      0.00000 LRT =      0.00000 p-value =      1.00000
Site   162 dN/dS =      1.00000 Full Log(L) =      0.00000 LRT =      0.00000 p-value =      1.00000
Site   163 dN/dS =      1.00000 Full Log(L) =      0.00000 LRT =      0.00000 p-value =      1.00000
Site   164 dN/dS =      1.00000 Full Log(L) =      0.00000 LRT =      0.00000 p-value =      1.00000
Site   165 dN/dS =      1.00000 Full Log(L) =      0.00000 LRT =      0.00000 p-value =      1.00000
Site   166 dN/dS =      1.00000 Full Log(L) =      0.00000 LRT =      0.00000 p-value =      1.00000
Site   167 dN/dS =      1.00000 Full Log(L) =      0.00000 LRT =      0.00000 p-value =      1.00000
Site   168 dN/dS =      1.00000 Full Log(L) =      0.00000 LRT =      0.00000 p-value =      1.00000
Site   169 dN/dS =      1.00000 Full Log(L) =      0.00000 LRT =      0.00000 p-value =      1.00000
Site   170 dN/dS =      1.00000 Full Log(L) =      0.00000 LRT =      0.00000 p-value =      1.00000
Site   171 dN/dS =      1.00000 Full Log(L) =      0.00000 LRT =      0.00000 p-value =      1.00000
Site   172 dN/dS =      1.00000 Full Log(L) =      0.00000 LRT =      0.00000 p-value =      1.00000
Site   173 dN/dS =      1.00000 Full Log(L) =      0.00000 LRT =      0.00000 p-value =      1.00000
Site   174 dN/dS =      1.00000 Full Log(L) =      0.00000 LRT =      0.00000 p-value =      1.00000
Site   175 dN/dS =      1.00000 Full Log(L) =      0.00000 LRT =      0.00000 p-value =      1.00000
Site   176 dN/dS =      1.00000 Full Log(L) =      0.00000 LRT =      0.00000 p-value =      1.00000
Site   177 dN/dS =      0.00000 Full Log(L) =     -9.20673 LRT =      0.30818 p-value =      0.28940
Site   178 dN/dS =      1.00000 Full Log(L) =      0.00000 LRT =      0.00000 p-value =      1.00000
Site   179 dN/dS =      1.00000 Full Log(L) =      0.00000 LRT =      0.00000 p-value =      1.00000
Site   180 dN/dS =      1.00000 Full Log(L) =      0.00000 LRT =      0.00000 p-value =      1.00000
Site   181 dN/dS =      1.00000 Full Log(L) =      0.00000 LRT =      0.00000 p-value =      1.00000
Site   182 dN/dS =      1.00000 Full Log(L) =      0.00000 LRT =      0.00000 p-value =      1.00000
Site   183 dN/dS =      1.00000 Full Log(L) =      0.00000 LRT =      0.00000 p-value =      1.00000
Site   184 dN/dS =      1.00000 Full Log(L) =      0.00000 LRT =      0.00000 p-value =      1.00000
Site   185 dN/dS =      1.00000 Full Log(L) =      0.00000 LRT =      0.00000 p-value =      1.00000
Site   186 dN/dS =      1.00000 Full Log(L) =      0.00000 LRT =      0.00000 p-value =      1.00000
Site   187 dN/dS =      1.00000 Full Log(L) =      0.00000 LRT =      0.00000 p-value =      1.00000
Site   188 dN/dS =      1.00000 Full Log(L) =      0.00000 LRT =      0.00000 p-value =      1.00000
Site   189 dN/dS =      1.00000 Full Log(L) =      0.00000 LRT =      0.00000 p-value =      1.00000
Site   190 dN/dS =      1.00000 Full Log(L) =      0.00000 LRT =      0.00000 p-value =      1.00000
Site   191 dN/dS =      1.00000 Full Log(L) =      0.00000 LRT =      0.00000 p-value =      1.00000
Site   192 dN/dS =      1.00000 Full Log(L) =      0.00000 LRT =      0.00000 p-value =      1.00000
Site   193 dN/dS =      1.00000 Full Log(L) =      0.00000 LRT =      0.00000 p-value =      1.00000
Site   194 dN/dS =      1.00000 Full Log(L) =      0.00000 LRT =      0.00000 p-value =      1.00000
Site   195 dN/dS =      1.00000 Full Log(L) =      0.00000 LRT =      0.00000 p-value =      1.00000
Site   196 dN/dS =      1.00000 Full Log(L) =      0.00000 LRT =      0.00000 p-value =      1.00000
Site   197 dN/dS =      1.00000 Full Log(L) =      0.00000 LRT =      0.00000 p-value =      1.00000
Site   198 dN/dS =      1.00000 Full Log(L) =      0.00000 LRT =      0.00000 p-value =      1.00000
Site   199 dN/dS =      1.00000 Full Log(L) =      0.00000 LRT =      0.00000 p-value =      1.00000
Site   200 dN/dS =      1.00000 Full Log(L) =      0.00000 LRT =      0.00000 p-value =      1.00000
Site   201 dN/dS =      1.00000 Full Log(L) =      0.00000 LRT =      0.00000 p-value =      1.00000
Site   202 dN/dS =      4.80331 Full Log(L) =     -7.87993 LRT =      1.53701 p-value =      0.10753
Site   203 dN/dS =      6.39664 Full Log(L) =    -20.65799 LRT =      1.98165 p-value =      0.07961 *P
Site   204 dN/dS =      5.01697 Full Log(L) =    -11.33525 LRT =      1.60267 p-value =      0.10276
Site   205 dN/dS =      1.00000 Full Log(L) =      0.00000 LRT =      0.00000 p-value =      1.00000
Site   206 dN/dS =      1.00000 Full Log(L) =      0.00000 LRT =      0.00000 p-value =      1.00000
Site   207 dN/dS =      1.00000 Full Log(L) =      0.00000 LRT =      0.00000 p-value =      1.00000
Site   208 dN/dS =      1.00000 Full Log(L) =      0.00000 LRT =      0.00000 p-value =      1.00000
Site   209 dN/dS =      1.00000 Full Log(L) =      0.00000 LRT =      0.00000 p-value =      1.00000
Site   210 dN/dS =      0.00000 Full Log(L) =    -10.04596 LRT =      0.20894 p-value =      0.32380
Site   211 dN/dS =      1.00000 Full Log(L) =      0.00000 LRT =      0.00000 p-value =      1.00000
Site   212 dN/dS =      1.00000 Full Log(L) =      0.00000 LRT =      0.00000 p-value =      1.00000
Site   213 dN/dS =      1.00000 Full Log(L) =      0.00000 LRT =      0.00000 p-value =      1.00000
Site   214 dN/dS =      1.00000 Full Log(L) =      0.00000 LRT =      0.00000 p-value =      1.00000
Site   215 dN/dS =      6.91573 Full Log(L) =     -8.78010 LRT =      2.12671 p-value =      0.07238 *P
Site   216 dN/dS =      1.00000 Full Log(L) =      0.00000 LRT =      0.00000 p-value =      1.00000
Site   217 dN/dS =      1.00000 Full Log(L) =      0.00000 LRT =      0.00000 p-value =      1.00000
Site   218 dN/dS =      1.00000 Full Log(L) =      0.00000 LRT =      0.00000 p-value =      1.00000
Site   219 dN/dS =      1.00000 Full Log(L) =      0.00000 LRT =      0.00000 p-value =      1.00000
Site   220 dN/dS =      1.00000 Full Log(L) =      0.00000 LRT =      0.00000 p-value =      1.00000
Site   221 dN/dS =      1.00000 Full Log(L) =      0.00000 LRT =      0.00000 p-value =      1.00000
Site   222 dN/dS =      1.00000 Full Log(L) =      0.00000 LRT =      0.00000 p-value =      1.00000
Site   223 dN/dS =      1.00000 Full Log(L) =      0.00000 LRT =      0.00000 p-value =      1.00000
Site   224 dN/dS =      1.00000 Full Log(L) =      0.00000 LRT =      0.00000 p-value =      1.00000
Site   225 dN/dS =      1.00000 Full Log(L) =      0.00000 LRT =      0.00000 p-value =      1.00000
Site   226 dN/dS =      1.00000 Full Log(L) =      0.00000 LRT =      0.00000 p-value =      1.00000
Site   227 dN/dS =      1.00000 Full Log(L) =      0.00000 LRT =      0.00000 p-value =      1.00000
Site   228 dN/dS =      1.00000 Full Log(L) =      0.00000 LRT =      0.00000 p-value =      1.00000
Site   229 dN/dS =      1.00000 Full Log(L) =      0.00000 LRT =      0.00000 p-value =      1.00000
Site   230 dN/dS =      1.00000 Full Log(L) =      0.00000 LRT =      0.00000 p-value =      1.00000
Site   231 dN/dS =      1.00000 Full Log(L) =      0.00000 LRT =      0.00000 p-value =      1.00000
Site   232 dN/dS =      1.00000 Full Log(L) =      0.00000 LRT =      0.00000 p-value =      1.00000
Site   233 dN/dS =      1.00000 Full Log(L) =      0.00000 LRT =      0.00000 p-value =      1.00000
Site   234 dN/dS =      1.00000 Full Log(L) =      0.00000 LRT =      0.00000 p-value =      1.00000
Site   235 dN/dS =      1.00000 Full Log(L) =      0.00000 LRT =      0.00000 p-value =      1.00000
Site   236 dN/dS =      5.81944 Full Log(L) =    -10.01429 LRT =      1.84170 p-value =      0.08738 *P
Site   237 dN/dS =      1.00000 Full Log(L) =      0.00000 LRT =      0.00000 p-value =      1.00000
Site   238 dN/dS =      1.00000 Full Log(L) =      0.00000 LRT =      0.00000 p-value =      1.00000
Site   239 dN/dS =      1.00000 Full Log(L) =      0.00000 LRT =      0.00000 p-value =      1.00000
Site   240 dN/dS =      0.00000 Full Log(L) =    -12.74066 LRT =      0.40485 p-value =      0.26230
Site   241 dN/dS =      4.88159 Full Log(L) =     -8.26202 LRT =      1.56181 p-value =      0.10570
Site   242 dN/dS =      1.00000 Full Log(L) =      0.00000 LRT =      0.00000 p-value =      1.00000
Site   243 dN/dS =      1.00000 Full Log(L) =      0.00000 LRT =      0.00000 p-value =      1.00000
Site   244 dN/dS =      1.00000 Full Log(L) =      0.00000 LRT =      0.00000 p-value =      1.00000
Site   245 dN/dS =      1.00000 Full Log(L) =      0.00000 LRT =      0.00000 p-value =      1.00000
Site   246 dN/dS =      1.00000 Full Log(L) =      0.00000 LRT =      0.00000 p-value =      1.00000
Site   247 dN/dS =      1.00000 Full Log(L) =      0.00000 LRT =      0.00000 p-value =      1.00000
Site   248 dN/dS =      1.00000 Full Log(L) =      0.00000 LRT =      0.00000 p-value =      1.00000
Site   249 dN/dS =      1.00000 Full Log(L) =      0.00000 LRT =      0.00000 p-value =      1.00000
Site   250 dN/dS =      1.00000 Full Log(L) =      0.00000 LRT =      0.00000 p-value =      1.00000
Site   251 dN/dS =      1.00000 Full Log(L) =      0.00000 LRT =      0.00000 p-value =      1.00000
Site   252 dN/dS =      1.00000 Full Log(L) =      0.00000 LRT =      0.00000 p-value =      1.00000
Site   253 dN/dS =      1.00000 Full Log(L) =      0.00000 LRT =      0.00000 p-value =      1.00000
Site   254 dN/dS =      1.00000 Full Log(L) =      0.00000 LRT =      0.00000 p-value =      1.00000
Site   255 dN/dS =      1.00000 Full Log(L) =      0.00000 LRT =      0.00000 p-value =      1.00000
Site   256 dN/dS =      1.00000 Full Log(L) =      0.00000 LRT =      0.00000 p-value =      1.00000
Site   257 dN/dS =      1.00000 Full Log(L) =      0.00000 LRT =      0.00000 p-value =      1.00000
Site   258 dN/dS =      1.00000 Full Log(L) =      0.00000 LRT =      0.00000 p-value =      1.00000
Site   259 dN/dS =      1.00000 Full Log(L) =      0.00000 LRT =      0.00000 p-value =      1.00000
Site   260 dN/dS =      1.00000 Full Log(L) =      0.00000 LRT =      0.00000 p-value =      1.00000
Site   261 dN/dS =      1.00000 Full Log(L) =      0.00000 LRT =      0.00000 p-value =      1.00000
Site   262 dN/dS =      1.00000 Full Log(L) =      0.00000 LRT =      0.00000 p-value =      1.00000
Site   263 dN/dS =      5.04686 Full Log(L) =    -10.88294 LRT =      1.61269 p-value =      0.10206
Site   264 dN/dS =      1.00000 Full Log(L) =      0.00000 LRT =      0.00000 p-value =      1.00000
Site   265 dN/dS =      1.00000 Full Log(L) =      0.00000 LRT =      0.00000 p-value =      1.00000
Site   266 dN/dS =      1.00000 Full Log(L) =      0.00000 LRT =      0.00000 p-value =      1.00000
Site   267 dN/dS =      1.00000 Full Log(L) =      0.00000 LRT =      0.00000 p-value =      1.00000
Site   268 dN/dS =      1.00000 Full Log(L) =      0.00000 LRT =      0.00000 p-value =      1.00000
Site   269 dN/dS =      1.00000 Full Log(L) =      0.00000 LRT =      0.00000 p-value =      1.00000
Site   270 dN/dS =      1.00000 Full Log(L) =      0.00000 LRT =      0.00000 p-value =      1.00000
Site   271 dN/dS =      1.00000 Full Log(L) =      0.00000 LRT =      0.00000 p-value =      1.00000
Site   272 dN/dS =      1.00000 Full Log(L) =      0.00000 LRT =      0.00000 p-value =      1.00000
Site   273 dN/dS =      1.00000 Full Log(L) =      0.00000 LRT =      0.00000 p-value =      1.00000
Site   274 dN/dS =      1.00000 Full Log(L) =      0.00000 LRT =      0.00000 p-value =      1.00000
Site   275 dN/dS =      1.00000 Full Log(L) =      0.00000 LRT =      0.00000 p-value =      1.00000
Site   276 dN/dS =      1.00000 Full Log(L) =      0.00000 LRT =      0.00000 p-value =      1.00000
Site   277 dN/dS =      1.00000 Full Log(L) =      0.00000 LRT =      0.00000 p-value =      1.00000
Site   278 dN/dS =      1.00000 Full Log(L) =      0.00000 LRT =      0.00000 p-value =      1.00000
Site   279 dN/dS =      1.00000 Full Log(L) =      0.00000 LRT =      0.00000 p-value =      1.00000
Site   280 dN/dS =      5.96803 Full Log(L) =     -9.13186 LRT =      1.87549 p-value =      0.08542 *P
Site   281 dN/dS =      1.00000 Full Log(L) =      0.00000 LRT =      0.00000 p-value =      1.00000
Site   282 dN/dS =      1.00000 Full Log(L) =      0.00000 LRT =      0.00000 p-value =      1.00000
Site   283 dN/dS =      1.00000 Full Log(L) =      0.00000 LRT =      0.00000 p-value =      1.00000
Site   284 dN/dS =      1.00000 Full Log(L) =      0.00000 LRT =      0.00000 p-value =      1.00000
Site   285 dN/dS =      1.00000 Full Log(L) =      0.00000 LRT =      0.00000 p-value =      1.00000
Site   286 dN/dS =      1.00000 Full Log(L) =      0.00000 LRT =      0.00000 p-value =      1.00000
Site   287 dN/dS =      5.01248 Full Log(L) =     -7.41991 LRT =      1.60322 p-value =      0.10272
Site   288 dN/dS =      1.00000 Full Log(L) =      0.00000 LRT =      0.00000 p-value =      1.00000
Site   289 dN/dS =      5.95480 Full Log(L) =     -9.63854 LRT =      1.88443 p-value =      0.08492 *P
Site   290 dN/dS =      1.00000 Full Log(L) =      0.00000 LRT =      0.00000 p-value =      1.00000
Site   291 dN/dS =      0.00000 Full Log(L) =    -10.22605 LRT =      0.41937 p-value =      0.25863
Site   292 dN/dS =      1.00000 Full Log(L) =      0.00000 LRT =      0.00000 p-value =      1.00000
Site   293 dN/dS =      1.00000 Full Log(L) =      0.00000 LRT =      0.00000 p-value =      1.00000
Site   294 dN/dS =      1.00000 Full Log(L) =      0.00000 LRT =      0.00000 p-value =      1.00000
Site   295 dN/dS =      1.00000 Full Log(L) =      0.00000 LRT =      0.00000 p-value =      1.00000
Site   296 dN/dS =      1.00000 Full Log(L) =      0.00000 LRT =      0.00000 p-value =      1.00000
Site   297 dN/dS =      1.00000 Full Log(L) =      0.00000 LRT =      0.00000 p-value =      1.00000
Site   298 dN/dS =      1.00000 Full Log(L) =      0.00000 LRT =      0.00000 p-value =      1.00000
Site   299 dN/dS =      1.00000 Full Log(L) =      0.00000 LRT =      0.00000 p-value =      1.00000
Site   300 dN/dS =      1.00000 Full Log(L) =      0.00000 LRT =      0.00000 p-value =      1.00000
Site   301 dN/dS =      1.00000 Full Log(L) =      0.00000 LRT =      0.00000 p-value =      1.00000
Site   302 dN/dS =      0.00000 Full Log(L) =     -9.06295 LRT =      0.40087 p-value =      0.26332
Site   303 dN/dS =      1.00000 Full Log(L) =      0.00000 LRT =      0.00000 p-value =      1.00000
Site   304 dN/dS =      1.00000 Full Log(L) =      0.00000 LRT =      0.00000 p-value =      1.00000
Site   305 dN/dS =      1.00000 Full Log(L) =      0.00000 LRT =      0.00000 p-value =      1.00000
Site   306 dN/dS =      1.00000 Full Log(L) =      0.00000 LRT =      0.00000 p-value =      1.00000
Site   307 dN/dS =      1.00000 Full Log(L) =      0.00000 LRT =      0.00000 p-value =      1.00000
Site   308 dN/dS =      1.00000 Full Log(L) =      0.00000 LRT =      0.00000 p-value =      1.00000
Site   309 dN/dS =      1.00000 Full Log(L) =      0.00000 LRT =      0.00000 p-value =      1.00000
Site   310 dN/dS =      1.00000 Full Log(L) =      0.00000 LRT =      0.00000 p-value =      1.00000
Site   311 dN/dS =      1.00000 Full Log(L) =      0.00000 LRT =      0.00000 p-value =      1.00000
Site   312 dN/dS =      1.00000 Full Log(L) =      0.00000 LRT =      0.00000 p-value =      1.00000
Site   313 dN/dS =      1.00000 Full Log(L) =      0.00000 LRT =      0.00000 p-value =      1.00000
Site   314 dN/dS =      1.00000 Full Log(L) =      0.00000 LRT =      0.00000 p-value =      1.00000
Site   315 dN/dS =      1.00000 Full Log(L) =      0.00000 LRT =      0.00000 p-value =      1.00000
Site   316 dN/dS =      1.00000 Full Log(L) =      0.00000 LRT =      0.00000 p-value =      1.00000
Site   317 dN/dS =      1.00000 Full Log(L) =      0.00000 LRT =      0.00000 p-value =      1.00000
Site   318 dN/dS =      1.00000 Full Log(L) =      0.00000 LRT =      0.00000 p-value =      1.00000
Site   319 dN/dS =      1.00000 Full Log(L) =      0.00000 LRT =      0.00000 p-value =      1.00000
Site   320 dN/dS =      0.00000 Full Log(L) =    -11.73869 LRT =      0.38024 p-value =      0.26874
Site   321 dN/dS =      1.00000 Full Log(L) =      0.00000 LRT =      0.00000 p-value =      1.00000
Site   322 dN/dS =      1.00000 Full Log(L) =      0.00000 LRT =      0.00000 p-value =      1.00000
Site   323 dN/dS =      1.00000 Full Log(L) =      0.00000 LRT =      0.00000 p-value =      1.00000
Site   324 dN/dS =      1.00000 Full Log(L) =      0.00000 LRT =      0.00000 p-value =      1.00000
Site   325 dN/dS =      1.00000 Full Log(L) =      0.00000 LRT =      0.00000 p-value =      1.00000
Site   326 dN/dS =      0.00000 Full Log(L) =    -12.77501 LRT =      0.34808 p-value =      0.27760
Site   327 dN/dS =      1.00000 Full Log(L) =      0.00000 LRT =      0.00000 p-value =      1.00000
Site   328 dN/dS =      1.00000 Full Log(L) =      0.00000 LRT =      0.00000 p-value =      1.00000
Site   329 dN/dS =      1.00000 Full Log(L) =      0.00000 LRT =      0.00000 p-value =      1.00000
Site   330 dN/dS =      1.00000 Full Log(L) =      0.00000 LRT =      0.00000 p-value =      1.00000
Site   331 dN/dS =      1.00000 Full Log(L) =      0.00000 LRT =      0.00000 p-value =      1.00000
Site   332 dN/dS =      1.00000 Full Log(L) =      0.00000 LRT =      0.00000 p-value =      1.00000
Site   333 dN/dS =      1.00000 Full Log(L) =      0.00000 LRT =      0.00000 p-value =      1.00000
Site   334 dN/dS =      1.00000 Full Log(L) =      0.00000 LRT =      0.00000 p-value =      1.00000
Site   335 dN/dS =      1.00000 Full Log(L) =      0.00000 LRT =      0.00000 p-value =      1.00000
Site   336 dN/dS =      1.00000 Full Log(L) =      0.00000 LRT =      0.00000 p-value =      1.00000
Site   337 dN/dS =      1.00000 Full Log(L) =      0.00000 LRT =      0.00000 p-value =      1.00000
Site   338 dN/dS =      1.00000 Full Log(L) =      0.00000 LRT =      0.00000 p-value =      1.00000
Site   339 dN/dS =      0.00000 Full Log(L) =     -8.65082 LRT =      0.36657 p-value =      0.27244
Site   340 dN/dS =      1.00000 Full Log(L) =      0.00000 LRT =      0.00000 p-value =      1.00000
Site   341 dN/dS =      1.00000 Full Log(L) =      0.00000 LRT =      0.00000 p-value =      1.00000
Site   342 dN/dS =      1.00000 Full Log(L) =      0.00000 LRT =      0.00000 p-value =      1.00000
Site   343 dN/dS =      1.00000 Full Log(L) =      0.00000 LRT =      0.00000 p-value =      1.00000
Site   344 dN/dS =      1.00000 Full Log(L) =      0.00000 LRT =      0.00000 p-value =      1.00000
Site   345 dN/dS =      1.00000 Full Log(L) =      0.00000 LRT =      0.00000 p-value =      1.00000
Site   346 dN/dS =      0.00000 Full Log(L) =     -4.31031 LRT =      0.25708 p-value =      0.30607
Site   347 dN/dS =      0.00000 Full Log(L) =     -3.70341 LRT =      0.26408 p-value =      0.30366
Site   348 dN/dS =      0.00000 Full Log(L) =     -4.27071 LRT =      0.21492 p-value =      0.32147
Site   349 dN/dS =      0.00000 Full Log(L) =     -8.72087 LRT =      0.25708 p-value =      0.30607
Site   350 dN/dS =      0.00000 Full Log(L) =     -4.12390 LRT =      0.23170 p-value =      0.31513
Site   351 dN/dS =      0.00000 Full Log(L) =     -4.03521 LRT =      0.21002 p-value =      0.32338
Site   352 dN/dS =      0.00000 Full Log(L) =     -8.59431 LRT =      0.23170 p-value =      0.31513
Site   353 dN/dS =      0.00000 Full Log(L) =     -8.71924 LRT =      0.25708 p-value =      0.30607
Site   354 dN/dS =      0.00000 Full Log(L) =     -4.27071 LRT =      0.21492 p-value =      0.32147
Site   355 dN/dS =      0.00000 Full Log(L) =     -3.70341 LRT =      0.26408 p-value =      0.30366
Site   356 dN/dS =      0.00000 Full Log(L) =     -3.63060 LRT =      0.23705 p-value =      0.31317
Site   357 dN/dS =      0.00000 Full Log(L) =     -3.61824 LRT =      0.22845 p-value =      0.31634
Site   358 dN/dS =      0.00000 Full Log(L) =     -4.26370 LRT =      0.25708 p-value =      0.30607
Site   359 dN/dS =      0.00000 Full Log(L) =     -4.37484 LRT =      0.13993 p-value =      0.35418
Site   360 dN/dS =      0.00000 Full Log(L) =     -4.08908 LRT =      0.23706 p-value =      0.31317
Site   361 dN/dS =      0.00000 Full Log(L) =     -4.00555 LRT =      0.24337 p-value =      0.31089
Site   362 dN/dS =      0.00000 Full Log(L) =     -4.13060 LRT =      0.32669 p-value =      0.28381
Site   363 dN/dS =      9.60836 Full Log(L) =     -7.36879 LRT =      2.69736 p-value =      0.05026 *P
Site   364 dN/dS =      0.00000 Full Log(L) =     -3.93428 LRT =      0.25291 p-value =      0.30752
Site   365 dN/dS =      0.00000 Full Log(L) =     -4.26370 LRT =      0.25708 p-value =      0.30607
Site   366 dN/dS =      0.00000 Full Log(L) =     -4.37484 LRT =      0.13993 p-value =      0.35418
Site   367 dN/dS =      0.00000 Full Log(L) =     -3.90899 LRT =      0.18771 p-value =      0.33241
Site   368 dN/dS =      0.00000 Full Log(L) =     -4.26370 LRT =      0.25708 p-value =      0.30607
Site   369 dN/dS =      0.00000 Full Log(L) =     -4.27071 LRT =      0.21492 p-value =      0.32147
Site   370 dN/dS =      0.00000 Full Log(L) =     -4.18649 LRT =      0.24886 p-value =      0.30894
Site   371 dN/dS =      0.00000 Full Log(L) =     -4.17539 LRT =      0.23789 p-value =      0.31287
Site   372 dN/dS =     17.92950 Full Log(L) =    -11.03291 LRT =      3.57025 p-value =      0.02941 *P
Site   373 dN/dS =      0.00000 Full Log(L) =     -3.61824 LRT =      0.22845 p-value =      0.31634
Site   374 dN/dS =      0.00000 Full Log(L) =     -4.35675 LRT =      0.19488 p-value =      0.32944
Site   375 dN/dS =      0.00000 Full Log(L) =     -4.08908 LRT =      0.23706 p-value =      0.31317
Site   376 dN/dS =      0.00000 Full Log(L) =     -4.31031 LRT =      0.25708 p-value =      0.30607
Site   377 dN/dS =      0.00000 Full Log(L) =     -3.85447 LRT =      0.20724 p-value =      0.32447
Site   378 dN/dS =      0.00000 Full Log(L) =     -8.60406 LRT =      0.24618 p-value =      0.30989
Site   379 dN/dS =      0.00000 Full Log(L) =     -3.91831 LRT =      0.15505 p-value =      0.34688
Site   380 dN/dS =      0.00000 Full Log(L) =     -4.12390 LRT =      0.23170 p-value =      0.31513
Site   381 dN/dS =      0.00000 Full Log(L) =     -4.12390 LRT =      0.23170 p-value =      0.31513
Site   382 dN/dS =      0.00000 Full Log(L) =     -3.88767 LRT =      0.25290 p-value =      0.30752
Site   383 dN/dS =      0.00000 Full Log(L) =     -9.00936 LRT =      0.20833 p-value =      0.32404
Site   384 dN/dS =      0.00000 Full Log(L) =     -3.36116 LRT =      0.21260 p-value =      0.32237
Site   385 dN/dS =      0.00000 Full Log(L) =     -4.02668 LRT =      0.26102 p-value =      0.30471
Site   386 dN/dS =      0.00000 Full Log(L) =     -4.11261 LRT =      0.20724 p-value =      0.32447
Site   387 dN/dS =      0.00000 Full Log(L) =     -3.91831 LRT =      0.15505 p-value =      0.34688
Site   388 dN/dS =      0.00000 Full Log(L) =     -4.12390 LRT =      0.23170 p-value =      0.31513
Site   389 dN/dS =      0.00000 Full Log(L) =     -4.12390 LRT =      0.23170 p-value =      0.31513
Site   390 dN/dS =      0.00000 Full Log(L) =     -4.03521 LRT =      0.21002 p-value =      0.32338
Site   391 dN/dS =      0.00000 Full Log(L) =     -3.66485 LRT =      0.22845 p-value =      0.31634
Site   392 dN/dS =      0.00000 Full Log(L) =     -3.91831 LRT =      0.15505 p-value =      0.34688
Site   393 dN/dS =      0.00000 Full Log(L) =     -4.03521 LRT =      0.21002 p-value =      0.32338
Site   394 dN/dS =      0.00000 Full Log(L) =     -3.66485 LRT =      0.22845 p-value =      0.31634
Site   395 dN/dS =      0.00000 Full Log(L) =     -4.46403 LRT =      0.25708 p-value =      0.30607
Site   396 dN/dS =      0.00000 Full Log(L) =     -3.36116 LRT =      0.21260 p-value =      0.32237
Site   397 dN/dS =      0.00000 Full Log(L) =     -4.79199 LRT =      0.12763 p-value =      0.36045
Site   398 dN/dS =      0.00000 Full Log(L) =     -3.61824 LRT =      0.22845 p-value =      0.31634
Site   399 dN/dS =      0.00000 Full Log(L) =     -4.18649 LRT =      0.24886 p-value =      0.30894
Site   400 dN/dS =      0.00000 Full Log(L) =     -3.99648 LRT =      0.12309 p-value =      0.36285
Site   401 dN/dS =      0.00000 Full Log(L) =     -4.03521 LRT =      0.21002 p-value =      0.32338
Site   402 dN/dS =      0.00000 Full Log(L) =     -4.08908 LRT =      0.23706 p-value =      0.31317
Site   403 dN/dS =      0.00000 Full Log(L) =     -3.36116 LRT =      0.21260 p-value =      0.32237
Site   404 dN/dS =      0.00000 Full Log(L) =     -8.32487 LRT =      0.20724 p-value =      0.32447
Site   405 dN/dS =      0.00000 Full Log(L) =     -3.66485 LRT =      0.22845 p-value =      0.31634
Site   406 dN/dS =      0.00000 Full Log(L) =     -4.08908 LRT =      0.23706 p-value =      0.31317
Site   407 dN/dS =      0.00000 Full Log(L) =     -3.36116 LRT =      0.21260 p-value =      0.32237
Site   408 dN/dS =      0.00000 Full Log(L) =     -4.27071 LRT =      0.21492 p-value =      0.32147
Site   409 dN/dS =      0.00000 Full Log(L) =     -4.17539 LRT =      0.23789 p-value =      0.31287
Site   410 dN/dS =      0.00000 Full Log(L) =     -3.91831 LRT =      0.15505 p-value =      0.34688
Site   411 dN/dS =      0.00000 Full Log(L) =     -3.98860 LRT =      0.21001 p-value =      0.32338
Site   412 dN/dS =      0.00000 Full Log(L) =     -3.63060 LRT =      0.23705 p-value =      0.31317
Site   413 dN/dS =      0.00000 Full Log(L) =     -3.36116 LRT =      0.21260 p-value =      0.32237
Site   414 dN/dS =      0.00000 Full Log(L) =     -3.63060 LRT =      0.23705 p-value =      0.31317
Site   415 dN/dS =      0.00000 Full Log(L) =     -4.27071 LRT =      0.21492 p-value =      0.32147
Site   416 dN/dS =      0.00000 Full Log(L) =     -4.09860 LRT =      0.16410 p-value =      0.34270
Site   417 dN/dS =      0.00000 Full Log(L) =     -3.63060 LRT =      0.23705 p-value =      0.31317
Site   418 dN/dS =      0.00000 Full Log(L) =     -8.60566 LRT =      0.22335 p-value =      0.31825
Site   419 dN/dS =      0.00000 Full Log(L) =     -3.63060 LRT =      0.23705 p-value =      0.31317
Site   420 dN/dS =      0.00000 Full Log(L) =     -4.46403 LRT =      0.25708 p-value =      0.30607
Site   421 dN/dS =      0.00000 Full Log(L) =     -3.72801 LRT =      0.23513 p-value =      0.31387
Site   422 dN/dS =      0.00000 Full Log(L) =     -3.98860 LRT =      0.21001 p-value =      0.32338
Site   423 dN/dS =      0.00000 Full Log(L) =     -4.37679 LRT =      0.15506 p-value =      0.34687
Site   424 dN/dS =      0.00000 Full Log(L) =     -3.93428 LRT =      0.25291 p-value =      0.30752
Site   425 dN/dS =      0.00000 Full Log(L) =     -4.59791 LRT =      0.20834 p-value =      0.32404
Site   426 dN/dS =      0.00000 Full Log(L) =     -4.08908 LRT =      0.23706 p-value =      0.31317
Site   427 dN/dS =      0.00000 Full Log(L) =     -3.36116 LRT =      0.21260 p-value =      0.32237
Site   428 dN/dS =      0.00000 Full Log(L) =     -3.86238 LRT =      0.18771 p-value =      0.33241
Site   429 dN/dS =      0.00000 Full Log(L) =     -4.26359 LRT =      0.22335 p-value =      0.31825
Site   430 dN/dS =      0.00000 Full Log(L) =     -4.08908 LRT =      0.23706 p-value =      0.31317
Site   431 dN/dS =      0.00000 Full Log(L) =     -3.93428 LRT =      0.25291 p-value =      0.30752
Site   432 dN/dS =      0.00000 Full Log(L) =     -4.11261 LRT =      0.20724 p-value =      0.32447
Site   433 dN/dS =      0.00000 Full Log(L) =     -3.36116 LRT =      0.21260 p-value =      0.32237
Site   434 dN/dS =      0.00000 Full Log(L) =     -3.70341 LRT =      0.26408 p-value =      0.30366
Site   435 dN/dS =      0.00000 Full Log(L) =     -3.88767 LRT =      0.25290 p-value =      0.30752
Site   436 dN/dS =      0.00000 Full Log(L) =     -4.59791 LRT =      0.20834 p-value =      0.32404
Site   437 dN/dS =      0.00000 Full Log(L) =     -4.37484 LRT =      0.13993 p-value =      0.35418
Site   438 dN/dS =      0.00000 Full Log(L) =     -4.55709 LRT =      0.17674 p-value =      0.33710
Site   439 dN/dS =      0.00000 Full Log(L) =     -3.90899 LRT =      0.18771 p-value =      0.33241
Site   440 dN/dS =      0.00000 Full Log(L) =     -8.07579 LRT =      0.22771 p-value =      0.31661
Site   441 dN/dS =      0.00000 Full Log(L) =     -4.58238 LRT =      0.23170 p-value =      0.31513
Site   442 dN/dS =      0.00000 Full Log(L) =     -4.08908 LRT =      0.23706 p-value =      0.31317
Site   443 dN/dS =      0.00000 Full Log(L) =     -4.55130 LRT =      0.20834 p-value =      0.32404
Site   444 dN/dS =      0.00000 Full Log(L) =     -4.55130 LRT =      0.20834 p-value =      0.32404
Site   445 dN/dS =      0.00000 Full Log(L) =     -4.26359 LRT =      0.22335 p-value =      0.31825
Site   446 dN/dS =      0.00000 Full Log(L) =     -4.42866 LRT =      0.23170 p-value =      0.31513
Site   447 dN/dS =      0.00000 Full Log(L) =     -4.79199 LRT =      0.12763 p-value =      0.36045
Site   448 dN/dS =      0.00000 Full Log(L) =     -4.08908 LRT =      0.23706 p-value =      0.31317
Site   449 dN/dS =      0.00000 Full Log(L) =     -3.66485 LRT =      0.22845 p-value =      0.31634
Site   450 dN/dS =      0.00000 Full Log(L) =     -8.51888 LRT =      0.15436 p-value =      0.34720
Site   451 dN/dS =      0.00000 Full Log(L) =     -4.17539 LRT =      0.23789 p-value =      0.31287
Site   452 dN/dS =      0.00000 Full Log(L) =     -3.85447 LRT =      0.20724 p-value =      0.32447
Site   453 dN/dS =      0.00000 Full Log(L) =     -3.98860 LRT =      0.21001 p-value =      0.32338
Site   454 dN/dS =      0.00000 Full Log(L) =     -3.88767 LRT =      0.25290 p-value =      0.30752
Site   455 dN/dS =      0.00000 Full Log(L) =     -4.33351 LRT =      0.12763 p-value =      0.36045
Site   456 dN/dS =      0.00000 Full Log(L) =     -4.11261 LRT =      0.20724 p-value =      0.32447
Site   457 dN/dS =      0.00000 Full Log(L) =     -3.93428 LRT =      0.25291 p-value =      0.30752
Site   458 dN/dS =      0.00000 Full Log(L) =     -4.09860 LRT =      0.16410 p-value =      0.34270
Site   459 dN/dS =      0.00000 Full Log(L) =     -3.63060 LRT =      0.23705 p-value =      0.31317
Site   460 dN/dS =      0.00000 Full Log(L) =     -4.13060 LRT =      0.32669 p-value =      0.28381
Site   461 dN/dS =      0.00000 Full Log(L) =     -3.66485 LRT =      0.22845 p-value =      0.31634
Site   462 dN/dS =      0.00000 Full Log(L) =     -3.36116 LRT =      0.21260 p-value =      0.32237
Site   463 dN/dS =      0.00000 Full Log(L) =     -4.79199 LRT =      0.12763 p-value =      0.36045
Site   464 dN/dS =      0.00000 Full Log(L) =     -8.53508 LRT =      0.21407 p-value =      0.32180
Site   465 dN/dS =      0.00000 Full Log(L) =     -3.63060 LRT =      0.23705 p-value =      0.31317
Site   466 dN/dS =      0.00000 Full Log(L) =     -3.72801 LRT =      0.23513 p-value =      0.31387
Site   467 dN/dS =      0.00000 Full Log(L) =     -3.85447 LRT =      0.20724 p-value =      0.32447
Site   468 dN/dS =     11.67116 Full Log(L) =     -6.76247 LRT =      2.97990 p-value =      0.04215 *P
Site   469 dN/dS =      0.00000 Full Log(L) =     -3.81964 LRT =      0.21261 p-value =      0.32236
Site   470 dN/dS =      0.00000 Full Log(L) =     -3.91831 LRT =      0.15505 p-value =      0.34688
Site   471 dN/dS =      0.00000 Full Log(L) =     -4.79199 LRT =      0.12763 p-value =      0.36045
Site   472 dN/dS =      0.00000 Full Log(L) =     -4.18649 LRT =      0.24886 p-value =      0.30894
Site   473 dN/dS =      0.00000 Full Log(L) =     -3.63060 LRT =      0.23705 p-value =      0.31317
Site   474 dN/dS =      0.00000 Full Log(L) =     -3.61824 LRT =      0.22845 p-value =      0.31634
Site   475 dN/dS =      0.00000 Full Log(L) =     -4.38205 LRT =      0.23170 p-value =      0.31513
Site   476 dN/dS =      0.00000 Full Log(L) =     -4.08908 LRT =      0.23706 p-value =      0.31317
Site   477 dN/dS =      0.00000 Full Log(L) =     -3.88767 LRT =      0.25290 p-value =      0.30752
Site   478 dN/dS =      0.00000 Full Log(L) =     -4.13060 LRT =      0.32669 p-value =      0.28381
Site   479 dN/dS =      0.00000 Full Log(L) =     -4.31031 LRT =      0.25708 p-value =      0.30607
Site   480 dN/dS =      0.00000 Full Log(L) =     -3.61824 LRT =      0.22845 p-value =      0.31634
Site   481 dN/dS =      0.00000 Full Log(L) =     -4.26370 LRT =      0.25708 p-value =      0.30607
Site   482 dN/dS =      0.00000 Full Log(L) =     -4.22421 LRT =      0.23139 p-value =      0.31525
Site   483 dN/dS =      0.00000 Full Log(L) =     -4.27071 LRT =      0.21492 p-value =      0.32147
Site   484 dN/dS =      0.00000 Full Log(L) =     -3.36116 LRT =      0.21260 p-value =      0.32237
Site   485 dN/dS =      0.00000 Full Log(L) =     -3.70341 LRT =      0.26408 p-value =      0.30366
Site   486 dN/dS =      0.00000 Full Log(L) =     -3.90899 LRT =      0.18771 p-value =      0.33241
Site   487 dN/dS =      0.00000 Full Log(L) =     -4.22200 LRT =      0.23789 p-value =      0.31287
Site   488 dN/dS =      0.00000 Full Log(L) =     -3.36116 LRT =      0.21260 p-value =      0.32237
Site   489 dN/dS =      0.00000 Full Log(L) =     -4.22421 LRT =      0.23139 p-value =      0.31525
Site   490 dN/dS =      0.00000 Full Log(L) =     -3.93428 LRT =      0.25291 p-value =      0.30752
Site   491 dN/dS =      0.00000 Full Log(L) =     -3.61824 LRT =      0.22845 p-value =      0.31634
Site   492 dN/dS =      0.00000 Full Log(L) =     -4.42866 LRT =      0.23170 p-value =      0.31513
Site   493 dN/dS =      0.00000 Full Log(L) =     -4.27082 LRT =      0.23139 p-value =      0.31525
Site   494 dN/dS =      0.00000 Full Log(L) =     -3.70341 LRT =      0.26408 p-value =      0.30366
Site   495 dN/dS =      0.00000 Full Log(L) =     -4.46403 LRT =      0.25708 p-value =      0.30607
Site   496 dN/dS =      0.00000 Full Log(L) =     -4.09860 LRT =      0.16410 p-value =      0.34270
Site   497 dN/dS =      0.00000 Full Log(L) =     -4.03521 LRT =      0.21002 p-value =      0.32338
Site   498 dN/dS =      0.00000 Full Log(L) =     -3.72801 LRT =      0.23513 p-value =      0.31387
Site   499 dN/dS =      0.00000 Full Log(L) =     -3.61824 LRT =      0.22845 p-value =      0.31634
Site   500 dN/dS =      0.00000 Full Log(L) =     -8.60577 LRT =      0.24554 p-value =      0.31011
Site   501 dN/dS =      0.00000 Full Log(L) =     -4.11261 LRT =      0.20724 p-value =      0.32447
Site   502 dN/dS =      0.00000 Full Log(L) =     -3.86238 LRT =      0.18771 p-value =      0.33241
Site   503 dN/dS =      0.00000 Full Log(L) =     -3.93428 LRT =      0.25291 p-value =      0.30752
Site   504 dN/dS =      0.00000 Full Log(L) =     -4.17539 LRT =      0.23789 p-value =      0.31287
Site   505 dN/dS =      0.00000 Full Log(L) =     -3.88767 LRT =      0.25290 p-value =      0.30752
Site   506 dN/dS =      0.00000 Full Log(L) =     -4.00544 LRT =      0.22335 p-value =      0.31825
Site   507 dN/dS =      0.00000 Full Log(L) =     -3.90899 LRT =      0.18771 p-value =      0.33241
Site   508 dN/dS =      0.00000 Full Log(L) =     -3.72801 LRT =      0.23513 p-value =      0.31387
Site   509 dN/dS =      0.00000 Full Log(L) =     -3.93428 LRT =      0.25291 p-value =      0.30752
Site   510 dN/dS =      0.00000 Full Log(L) =     -3.63060 LRT =      0.23705 p-value =      0.31317
Site   511 dN/dS =      0.00000 Full Log(L) =     -4.12390 LRT =      0.23170 p-value =      0.31513
Site   512 dN/dS =      0.00000 Full Log(L) =     -8.59533 LRT =      0.12500 p-value =      0.36184
Site   513 dN/dS =      0.00000 Full Log(L) =     -3.66485 LRT =      0.22845 p-value =      0.31634
Site   514 dN/dS =      0.00000 Full Log(L) =     -3.66485 LRT =      0.22845 p-value =      0.31634
Site   515 dN/dS =      0.00000 Full Log(L) =     -4.76051 LRT =      0.22455 p-value =      0.31780
Site   516 dN/dS =      0.00000 Full Log(L) =     -4.27071 LRT =      0.21492 p-value =      0.32147
Site   517 dN/dS =      0.00000 Full Log(L) =     -4.37679 LRT =      0.15506 p-value =      0.34687
Site   518 dN/dS =      0.00000 Full Log(L) =     -4.03521 LRT =      0.21002 p-value =      0.32338
Site   519 dN/dS =      0.00000 Full Log(L) =     -3.36116 LRT =      0.21260 p-value =      0.32237
Site   520 dN/dS =      0.00000 Full Log(L) =     -4.26370 LRT =      0.25708 p-value =      0.30607
Site   521 dN/dS =      0.00000 Full Log(L) =     -4.26359 LRT =      0.22335 p-value =      0.31825
Site   522 dN/dS =      0.00000 Full Log(L) =     -4.08908 LRT =      0.23706 p-value =      0.31317
Site   523 dN/dS =      0.00000 Full Log(L) =     -4.79199 LRT =      0.12763 p-value =      0.36045
Site   524 dN/dS =      0.00000 Full Log(L) =     -3.81964 LRT =      0.21261 p-value =      0.32236
Site   525 dN/dS =      0.00000 Full Log(L) =     -4.09860 LRT =      0.16410 p-value =      0.34270
Site   526 dN/dS =      0.00000 Full Log(L) =     -4.00555 LRT =      0.24337 p-value =      0.31089
Site   527 dN/dS =      0.00000 Full Log(L) =     -3.90899 LRT =      0.18771 p-value =      0.33241
Site   528 dN/dS =      0.00000 Full Log(L) =     -3.36116 LRT =      0.21260 p-value =      0.32237
Site   529 dN/dS =      0.00000 Full Log(L) =     -3.88767 LRT =      0.25290 p-value =      0.30752
Site   530 dN/dS =      0.00000 Full Log(L) =     -4.37484 LRT =      0.13993 p-value =      0.35418
Site   531 dN/dS =      0.00000 Full Log(L) =     -4.03521 LRT =      0.21002 p-value =      0.32338
Site   532 dN/dS =      0.00000 Full Log(L) =     -4.33351 LRT =      0.12763 p-value =      0.36045
Site   533 dN/dS =      0.00000 Full Log(L) =     -4.37484 LRT =      0.13993 p-value =      0.35418
Site   534 dN/dS =      0.00000 Full Log(L) =     -3.98860 LRT =      0.21001 p-value =      0.32338
Site   535 dN/dS =      0.00000 Full Log(L) =     -4.40336 LRT =      0.19488 p-value =      0.32944
Site   536 dN/dS =      0.00000 Full Log(L) =     -4.22410 LRT =      0.21492 p-value =      0.32147
Site   537 dN/dS =      0.00000 Full Log(L) =     -4.42866 LRT =      0.23170 p-value =      0.31513
Site   538 dN/dS =     10.18285 Full Log(L) =     -7.08061 LRT =      2.69582 p-value =      0.05031 *P
Site   539 dN/dS =      0.00000 Full Log(L) =     -4.09860 LRT =      0.16410 p-value =      0.34270
Site   540 dN/dS =      0.00000 Full Log(L) =     -4.22421 LRT =      0.23139 p-value =      0.31525
Site   541 dN/dS =      0.00000 Full Log(L) =     -4.22410 LRT =      0.21492 p-value =      0.32147
Site   542 dN/dS =      0.00000 Full Log(L) =     -4.45496 LRT =      0.13573 p-value =      0.35628
Site   543 dN/dS =      0.00000 Full Log(L) =     -4.55130 LRT =      0.20834 p-value =      0.32404
Site   544 dN/dS =      0.00000 Full Log(L) =     -4.22421 LRT =      0.23139 p-value =      0.31525
Site   545 dN/dS =     11.56107 Full Log(L) =     -7.03267 LRT =      2.96893 p-value =      0.04244 *P
Site   546 dN/dS =      0.00000 Full Log(L) =     -8.72164 LRT =      0.22335 p-value =      0.31825
Site   547 dN/dS =      0.00000 Full Log(L) =     -4.45496 LRT =      0.13573 p-value =      0.35628
Site   548 dN/dS =      0.00000 Full Log(L) =     -4.79199 LRT =      0.12763 p-value =      0.36045
Site   549 dN/dS =      0.00000 Full Log(L) =     -4.46403 LRT =      0.25708 p-value =      0.30607
Site   550 dN/dS =      0.00000 Full Log(L) =     -4.27071 LRT =      0.21492 p-value =      0.32147
Site   551 dN/dS =      0.00000 Full Log(L) =     -4.03521 LRT =      0.21002 p-value =      0.32338
Site   552 dN/dS =      0.00000 Full Log(L) =     -4.13060 LRT =      0.32669 p-value =      0.28381
Site   553 dN/dS =      0.00000 Full Log(L) =     -4.37484 LRT =      0.13993 p-value =      0.35418
Site   554 dN/dS =      0.00000 Full Log(L) =     -4.42866 LRT =      0.23170 p-value =      0.31513
Site   555 dN/dS =      0.00000 Full Log(L) =     -4.27082 LRT =      0.23139 p-value =      0.31525
Site   556 dN/dS =      0.00000 Full Log(L) =     -3.91831 LRT =      0.15505 p-value =      0.34688
Site   557 dN/dS =      0.00000 Full Log(L) =     -3.36116 LRT =      0.21260 p-value =      0.32237
Site   558 dN/dS =      0.00000 Full Log(L) =     -4.31031 LRT =      0.25708 p-value =      0.30607
Site   559 dN/dS =      0.00000 Full Log(L) =     -3.66485 LRT =      0.22845 p-value =      0.31634
Site   560 dN/dS =      0.00000 Full Log(L) =     -3.98860 LRT =      0.21001 p-value =      0.32338
Site   561 dN/dS =      0.00000 Full Log(L) =     -4.18649 LRT =      0.24886 p-value =      0.30894
Site   562 dN/dS =      0.00000 Full Log(L) =     -4.27082 LRT =      0.23139 p-value =      0.31525
Site   563 dN/dS =      0.00000 Full Log(L) =     -3.66485 LRT =      0.22845 p-value =      0.31634
Site   564 dN/dS =      0.00000 Full Log(L) =     -3.98860 LRT =      0.21001 p-value =      0.32338
Site   565 dN/dS =      0.00000 Full Log(L) =     -4.27082 LRT =      0.23139 p-value =      0.31525
Site   566 dN/dS =      0.00000 Full Log(L) =     -3.98860 LRT =      0.21001 p-value =      0.32338


Wall-clock run-time (seconds): 1412704586
Process time on the master node: 144.396609
MPI nodes used: 0

Wall-clock time per site (seconds): 8884934.503144654
