
Loaded 'CF3x4' from /usr/local/lib/hyphy/TemplateBatchFiles/TemplateModels/CF3x4.bf
Variable 'pipeThroughFlag' was not initialized prior to being used
Variable 'skipCodeSelectionStep' was not initialized prior to being used
Row and/or column partition is empty. All the data will be used by default.
Row and/or column partition is empty. All the data will be used by default.
Variable 'p11' was not initialized prior to being used
Variable 'p12' was not initialized prior to being used
Variable 'p13' was not initialized prior to being used
Variable 'p21' was not initialized prior to being used
Variable 'p22' was not initialized prior to being used
Variable 'p23' was not initialized prior to being used
Variable 'p31' was not initialized prior to being used
Variable 'p32' was not initialized prior to being used
Variable 'p33' was not initialized prior to being used
Auto-benchmarked an optimal number (3) of threads.
Set GUI update interval to every 4132-th LF evaluation.
Optimization settings:
	OPTIMIZATION_METHOD = 4
	OPTIMIZATION_PRECISION = 0.001
	MAXIMUM_ITERATIONS_PER_VARIABLE = 5000

Initial parameter values

p11 = 0.3415783274440518
p12 = 0.2971824686940966
p13 = 0.3962432915921288
p21 = 0.3077149587750295
p22 = 0.3162484049340706
p23 = 0.4793157076205288
p31 = 0.2891637220259128
p32 = 0.3521126760563381
p33 = 0.4315856777493606
Optimization finished in 5 loop passes.
327 likelihood evaluation calls and 0 matrix exponentiations calls were made

Variable 'ModelMatrixDimension' was not initialized prior to being used
Variable '_WRAP_PASSTHROUGH_FLAG_' was not initialized prior to being used
Variable 'PROMPT_FOR_FILE' was not initialized prior to being used
Variable 'END_OF_FILE' was not initialized prior to being used
No nodel was assigned to CY054109
CY054109 has 0 parameters - branch length not assigned
No nodel was assigned to CY054107
CY054107 has 0 parameters - branch length not assigned
No nodel was assigned to Node1
Node1 has 0 parameters - branch length not assigned
No nodel was assigned to CY054142
CY054142 has 0 parameters - branch length not assigned
No nodel was assigned to CY054108
CY054108 has 0 parameters - branch length not assigned
No nodel was assigned to CY114325
CY114325 has 0 parameters - branch length not assigned
No nodel was assigned to Node7
Node7 has 0 parameters - branch length not assigned
No nodel was assigned to CY112925
CY112925 has 0 parameters - branch length not assigned
No nodel was assigned to CY002816
CY002816 has 0 parameters - branch length not assigned
No nodel was assigned to Node11
Node11 has 0 parameters - branch length not assigned
No nodel was assigned to CY054263
CY054263 has 0 parameters - branch length not assigned
No nodel was assigned to CY054136
CY054136 has 0 parameters - branch length not assigned
No nodel was assigned to Node14
Node14 has 0 parameters - branch length not assigned
No nodel was assigned to Node10
Node10 has 0 parameters - branch length not assigned
No nodel was assigned to Node6
Node6 has 0 parameters - branch length not assigned
No nodel was assigned to Node4
Node4 has 0 parameters - branch length not assigned
No nodel was assigned to CY054141
CY054141 has 0 parameters - branch length not assigned
No nodel was assigned to CY054110
CY054110 has 0 parameters - branch length not assigned
No nodel was assigned to CY114333
CY114333 has 0 parameters - branch length not assigned
No nodel was assigned to Node19
Node19 has 0 parameters - branch length not assigned
No nodel was assigned to Node17
Node17 has 0 parameters - branch length not assigned
Reroot was called with an unrooted tree. Rerooting was still performed.
Variable '_KEEP_I_LABELS_' was not initialized prior to being used
Model NucModel assigned to CY054109
Branch parameter of CY054109 set to :0.00108
Model NucModel assigned to CY054107
Branch parameter of CY054107 set to :0.00433
Model NucModel assigned to Node3
Branch parameter of Node3 set to :0.00216
Model NucModel assigned to CY054141
Branch parameter of CY054141 set to :0.00107
Model NucModel assigned to CY054110
Branch parameter of CY054110 set to :0.00107
Model NucModel assigned to CY114333
Branch parameter of CY114333 set to :0.00223
Model NucModel assigned to Node8
Branch parameter of Node8 set to :0.00055
Model NucModel assigned to Node6
Branch parameter of Node6 set to :0.00055
Model NucModel assigned to Node2
Branch parameter of Node2 set to :0.00222
Model NucModel assigned to CY054142
Branch parameter of CY054142 set to :0.00055
Model NucModel assigned to Node1
Branch parameter of Node1 set to :0.00332
Model NucModel assigned to CY054108
Branch parameter of CY054108 set to :0.00055
Model NucModel assigned to CY114325
Branch parameter of CY114325 set to :0.00086
Model NucModel assigned to Node13
Branch parameter of Node13 set to :0.00872
Model NucModel assigned to CY112925
Branch parameter of CY112925 set to :0.0006400000000000001
Model NucModel assigned to CY002816
Branch parameter of CY002816 set to :0.00063
Model NucModel assigned to Node17
Branch parameter of Node17 set to :0.007979999999999999
Model NucModel assigned to CY054263
Branch parameter of CY054263 set to :0.00109
Model NucModel assigned to CY054136
Branch parameter of CY054136 set to :0.00541
Model NucModel assigned to Node20
Branch parameter of Node20 set to :0.00108
Model NucModel assigned to Node16
Branch parameter of Node16 set to :0.00055
Model NucModel assigned to Node12
Branch parameter of Node12 set to :0.00332
Rooted tree. Removing one branch - the left root child has been promoted to be the new root
Loaded 'GrabBag' from /usr/local/lib/hyphy/TemplateBatchFiles/Utility/GrabBag.bf
The tips of the tree:givenTree were matched with the species names from the data as follows {3,4,5,0,9,1,2,10,8,11,6,7}

Pseudo-optimal path's cost 519 vs 813 for 1..k=> a 1.56647 x improvement
Partition  reversible model flag computed as 1
Variable 'nucLF' was not initialized prior to being used
Auto-benchmarked an optimal number (1) of threads.
Set GUI update interval to every 3597-th LF evaluation.
Initial guess for givenTree.Node2.t is 0.0009942132206650746
Initial guess for givenTree.Node3.t is 0.000859087859978527
Initial guess for givenTree.CY054109.t is 0.0004321256799132011
Initial guess for givenTree.CY054107.t is 0.001534869810802001
Initial guess for givenTree.Node6.t is 0.0001803023001360604
Initial guess for givenTree.CY054141.t is 0.0001450596702540677
Initial guess for givenTree.Node8.t is 0.0002478719139251211
Initial guess for givenTree.CY054110.t is -5.323786088602989e-05
Initial guess for givenTree.CY114333.t is 0.002083737458327842
Initial guess for givenTree.CY054142.t is -0.0003365601704496168
Initial guess for givenTree.Node12.t is 0.001488287800656311
Initial guess for givenTree.Node13.t is 0.005439938100513822
Initial guess for givenTree.CY054108.t is -0.001405455149079405
Initial guess for givenTree.CY114325.t is 0.002081365952508993
Initial guess for givenTree.Node16.t is 8.79436068583106e-05
Initial guess for givenTree.Node17.t is 0.005273113310473936
Initial guess for givenTree.CY112925.t is 0.0001178815938778696
Initial guess for givenTree.CY002816.t is 0.0006679815744805056
Initial guess for givenTree.Node20.t is 0.0002986837595059608
Initial guess for givenTree.CY054263.t is 0.0001561115783259078
Initial guess for givenTree.CY054136.t is 0.002205220018472889
Optimization settings:
	OPTIMIZATION_METHOD = 4
	OPTIMIZATION_PRECISION = 0.001
	MAXIMUM_ITERATIONS_PER_VARIABLE = 5000

Initial parameter values

AC = 1
givenTree.CY054109.t = 0.0004321256799132011
givenTree.CY054107.t = 0.001534869810802001
givenTree.Node3.t = 0.000859087859978527
givenTree.CY054141.t = 0.0001450596702540677
givenTree.CY054110.t = 0.00107
givenTree.CY114333.t = 0.002083737458327842
givenTree.Node8.t = 0.0002478719139251211
givenTree.Node6.t = 0.0001803023001360604
givenTree.Node2.t = 0.0009942132206650746
givenTree.CY054142.t = 0.00055
givenTree.CY054108.t = 0.00055
givenTree.CY114325.t = 0.002081365952508993
givenTree.Node13.t = 0.005439938100513822
givenTree.CY112925.t = 0.0001178815938778696
givenTree.CY002816.t = 0.0006679815744805056
givenTree.Node17.t = 0.005273113310473936
givenTree.CY054263.t = 0.0001561115783259078
givenTree.CY054136.t = 0.002205220018472889
givenTree.Node20.t = 0.0002986837595059608
givenTree.Node16.t = 8.79436068583106e-05
givenTree.Node12.t = 0.001488287800656311
Optimization finished in 9 loop passes.
1170 likelihood evaluation calls and 3628 matrix exponentiations calls were made

Variable 'LIKELIHOOD_FUNCTION_OUTPUT' was not initialized prior to being used
Serializing nucLF with mode 0
Row and/or column partition is empty. All the data will be used by default.
Model MGModel assigned to CY054109
Branch parameter of CY054109 set to :0.00108
Model MGModel assigned to CY054107
Branch parameter of CY054107 set to :0.00433
Model MGModel assigned to Node3
Branch parameter of Node3 set to :0.00216
Model MGModel assigned to CY054141
Branch parameter of CY054141 set to :0.00107
Model MGModel assigned to CY054110
Branch parameter of CY054110 set to :0.00107
Model MGModel assigned to CY114333
Branch parameter of CY114333 set to :0.00223
Model MGModel assigned to Node8
Branch parameter of Node8 set to :0.00055
Model MGModel assigned to Node6
Branch parameter of Node6 set to :0.00055
Model MGModel assigned to Node2
Branch parameter of Node2 set to :0.00222
Model MGModel assigned to CY054142
Branch parameter of CY054142 set to :0.00055
Model MGModel assigned to Node1
Branch parameter of Node1 set to :0.00332
Model MGModel assigned to CY054108
Branch parameter of CY054108 set to :0.00055
Model MGModel assigned to CY114325
Branch parameter of CY114325 set to :0.00086
Model MGModel assigned to Node13
Branch parameter of Node13 set to :0.00872
Model MGModel assigned to CY112925
Branch parameter of CY112925 set to :0.0006400000000000001
Model MGModel assigned to CY002816
Branch parameter of CY002816 set to :0.00063
Model MGModel assigned to Node17
Branch parameter of Node17 set to :0.007979999999999999
Model MGModel assigned to CY054263
Branch parameter of CY054263 set to :0.00109
Model MGModel assigned to CY054136
Branch parameter of CY054136 set to :0.00541
Model MGModel assigned to Node20
Branch parameter of Node20 set to :0.00108
Model MGModel assigned to Node16
Branch parameter of Node16 set to :0.00055
Model MGModel assigned to Node12
Branch parameter of Node12 set to :0.00332
Rooted tree. Removing one branch - the left root child has been promoted to be the new root
The tips of the tree:codonTree were matched with the species names from the data as follows {3,4,5,0,9,1,2,10,8,11,6,7}

Pseudo-optimal path's cost 2652 vs 3052 for 1..k=> a 1.15083 x improvement
Partition  reversible model flag computed as 1

ReplicateConstraint generated the following contsraints:
codonTree.CY054109.synRate:=rConstr*givenTree.CY054109.t__;
codonTree.CY054107.synRate:=rConstr*givenTree.CY054107.t__;
codonTree.Node3.synRate:=rConstr*givenTree.Node3.t__;
codonTree.CY054141.synRate:=rConstr*givenTree.CY054141.t__;
codonTree.CY054110.synRate:=rConstr*givenTree.CY054110.t__;
codonTree.CY114333.synRate:=rConstr*givenTree.CY114333.t__;
codonTree.Node8.synRate:=rConstr*givenTree.Node8.t__;
codonTree.Node6.synRate:=rConstr*givenTree.Node6.t__;
codonTree.Node2.synRate:=rConstr*givenTree.Node2.t__;
codonTree.CY054142.synRate:=rConstr*givenTree.CY054142.t__;
codonTree.CY054108.synRate:=rConstr*givenTree.CY054108.t__;
codonTree.CY114325.synRate:=rConstr*givenTree.CY114325.t__;
codonTree.Node13.synRate:=rConstr*givenTree.Node13.t__;
codonTree.CY112925.synRate:=rConstr*givenTree.CY112925.t__;
codonTree.CY002816.synRate:=rConstr*givenTree.CY002816.t__;
codonTree.Node17.synRate:=rConstr*givenTree.Node17.t__;
codonTree.CY054263.synRate:=rConstr*givenTree.CY054263.t__;
codonTree.CY054136.synRate:=rConstr*givenTree.CY054136.t__;
codonTree.Node20.synRate:=rConstr*givenTree.Node20.t__;
codonTree.Node16.synRate:=rConstr*givenTree.Node16.t__;
codonTree.Node12.synRate:=rConstr*givenTree.Node12.t__;

Variable 'SKIP_CONJUGATE_GRADIENT' was not initialized prior to being used
Variable 'lf' was not initialized prior to being used
Auto-benchmarked an optimal number (2) of threads.
Set GUI update interval to every 26-th LF evaluation.
Optimization settings:
	OPTIMIZATION_METHOD = 4
	OPTIMIZATION_PRECISION = 0.001
	MAXIMUM_ITERATIONS_PER_VARIABLE = 5000

Initial parameter values

dNdS = 0.5
Internal error in _LikelihoodFunction::ConjugateGradientDescent. The function evaluated at current parameter values [-2683.121833109121] does not match the last recorded LF maximum [-2683.121832993926]
Optimization finished in 4 loop passes.
54 likelihood evaluation calls and 1008 matrix exponentiations calls were made

Model MGModel assigned to CY054109
Branch parameter of CY054109 set to :0.00108
Model MGModel assigned to CY054107
Branch parameter of CY054107 set to :0.00433
Model MGModel assigned to Node3
Branch parameter of Node3 set to :0.00216
Model MGModel assigned to CY054141
Branch parameter of CY054141 set to :0.00107
Model MGModel assigned to CY054110
Branch parameter of CY054110 set to :0.00107
Model MGModel assigned to CY114333
Branch parameter of CY114333 set to :0.00223
Model MGModel assigned to Node8
Branch parameter of Node8 set to :0.00055
Model MGModel assigned to Node6
Branch parameter of Node6 set to :0.00055
Model MGModel assigned to Node2
Branch parameter of Node2 set to :0.00222
Model MGModel assigned to CY054142
Branch parameter of CY054142 set to :0.00055
Model MGModel assigned to Node1
Branch parameter of Node1 set to :0.00332
Model MGModel assigned to CY054108
Branch parameter of CY054108 set to :0.00055
Model MGModel assigned to CY114325
Branch parameter of CY114325 set to :0.00086
Model MGModel assigned to Node13
Branch parameter of Node13 set to :0.00872
Model MGModel assigned to CY112925
Branch parameter of CY112925 set to :0.0006400000000000001
Model MGModel assigned to CY002816
Branch parameter of CY002816 set to :0.00063
Model MGModel assigned to Node17
Branch parameter of Node17 set to :0.007979999999999999
Model MGModel assigned to CY054263
Branch parameter of CY054263 set to :0.00109
Model MGModel assigned to CY054136
Branch parameter of CY054136 set to :0.00541
Model MGModel assigned to Node20
Branch parameter of Node20 set to :0.00108
Model MGModel assigned to Node16
Branch parameter of Node16 set to :0.00055
Model MGModel assigned to Node12
Branch parameter of Node12 set to :0.00332
Rooted tree. Removing one branch - the left root child has been promoted to be the new root

ReplicateConstraint generated the following contsraints:
siteTree.CY054109.synRate:=codonTree.CY054109.synRate__;
siteTree.CY054107.synRate:=codonTree.CY054107.synRate__;
siteTree.Node3.synRate:=codonTree.Node3.synRate__;
siteTree.CY054141.synRate:=codonTree.CY054141.synRate__;
siteTree.CY054110.synRate:=codonTree.CY054110.synRate__;
siteTree.CY114333.synRate:=codonTree.CY114333.synRate__;
siteTree.Node8.synRate:=codonTree.Node8.synRate__;
siteTree.Node6.synRate:=codonTree.Node6.synRate__;
siteTree.Node2.synRate:=codonTree.Node2.synRate__;
siteTree.CY054142.synRate:=codonTree.CY054142.synRate__;
siteTree.CY054108.synRate:=codonTree.CY054108.synRate__;
siteTree.CY114325.synRate:=codonTree.CY114325.synRate__;
siteTree.Node13.synRate:=codonTree.Node13.synRate__;
siteTree.CY112925.synRate:=codonTree.CY112925.synRate__;
siteTree.CY002816.synRate:=codonTree.CY002816.synRate__;
siteTree.Node17.synRate:=codonTree.Node17.synRate__;
siteTree.CY054263.synRate:=codonTree.CY054263.synRate__;
siteTree.CY054136.synRate:=codonTree.CY054136.synRate__;
siteTree.Node20.synRate:=codonTree.Node20.synRate__;
siteTree.Node16.synRate:=codonTree.Node16.synRate__;
siteTree.Node12.synRate:=codonTree.Node12.synRate__;

Variable 'MPI_NODE_COUNT' was not initialized prior to being used
Row and/or column partition is empty. All the data will be used by default.
The tips of the tree:siteTree were matched with the species names from the data as follows {3,4,5,0,9,1,2,10,8,11,6,7}
Partition  reversible model flag computed as 1
Variable 'siteLikelihood' was not initialized prior to being used
Internal error in '_LikelihoodFunction::RankVariables': missing parameter name dNdS
Auto-benchmarked an optimal number (2) of threads.
Set GUI update interval to every 128-th LF evaluation.
Optimization settings:
	OPTIMIZATION_METHOD = 4
	OPTIMIZATION_PRECISION = 0.001
	MAXIMUM_ITERATIONS_PER_VARIABLE = 5000

Initial parameter values

dNdS = 1
Optimization finished in 4 loop passes.
67 likelihood evaluation calls and 1323 matrix exponentiations calls were made

Row and/or column partition is empty. All the data will be used by default.
The tips of the tree:siteTree were matched with the species names from the data as follows {3,4,5,0,9,1,2,10,8,11,6,7}
Partition  reversible model flag computed as 1
Internal error in '_LikelihoodFunction::RankVariables': missing parameter name dNdS
Auto-benchmarked an optimal number (2) of threads.
Set GUI update interval to every 107-th LF evaluation.
Optimization settings:
	OPTIMIZATION_METHOD = 4
	OPTIMIZATION_PRECISION = 0.001
	MAXIMUM_ITERATIONS_PER_VARIABLE = 5000

Initial parameter values

dNdS = 1
Optimization finished in 4 loop passes.
70 likelihood evaluation calls and 1407 matrix exponentiations calls were made

Row and/or column partition is empty. All the data will be used by default.
The tips of the tree:siteTree were matched with the species names from the data as follows {3,4,5,0,9,1,2,10,8,11,6,7}
Partition  reversible model flag computed as 1
Internal error in '_LikelihoodFunction::RankVariables': missing parameter name dNdS
Auto-benchmarked an optimal number (2) of threads.
Set GUI update interval to every 93-th LF evaluation.
Optimization settings:
	OPTIMIZATION_METHOD = 4
	OPTIMIZATION_PRECISION = 0.001
	MAXIMUM_ITERATIONS_PER_VARIABLE = 5000

Initial parameter values

dNdS = 1
Optimization finished in 4 loop passes.
66 likelihood evaluation calls and 1302 matrix exponentiations calls were made

Row and/or column partition is empty. All the data will be used by default.
The tips of the tree:siteTree were matched with the species names from the data as follows {3,4,5,0,9,1,2,10,8,11,6,7}
Partition  reversible model flag computed as 1
Internal error in '_LikelihoodFunction::RankVariables': missing parameter name dNdS
Auto-benchmarked an optimal number (2) of threads.
Set GUI update interval to every 130-th LF evaluation.
Optimization settings:
	OPTIMIZATION_METHOD = 4
	OPTIMIZATION_PRECISION = 0.001
	MAXIMUM_ITERATIONS_PER_VARIABLE = 5000

Initial parameter values

dNdS = 1
Optimization finished in 4 loop passes.
67 likelihood evaluation calls and 1323 matrix exponentiations calls were made

Row and/or column partition is empty. All the data will be used by default.
The tips of the tree:siteTree were matched with the species names from the data as follows {3,4,5,0,9,1,2,10,8,11,6,7}
Partition  reversible model flag computed as 1
Internal error in '_LikelihoodFunction::RankVariables': missing parameter name dNdS
Auto-benchmarked an optimal number (1) of threads.
Set GUI update interval to every 92-th LF evaluation.
Optimization settings:
	OPTIMIZATION_METHOD = 4
	OPTIMIZATION_PRECISION = 0.001
	MAXIMUM_ITERATIONS_PER_VARIABLE = 5000

Initial parameter values

dNdS = 1
Optimization finished in 4 loop passes.
66 likelihood evaluation calls and 1302 matrix exponentiations calls were made

Row and/or column partition is empty. All the data will be used by default.
The tips of the tree:siteTree were matched with the species names from the data as follows {3,4,5,0,9,1,2,10,8,11,6,7}
Partition  reversible model flag computed as 1
Internal error in '_LikelihoodFunction::RankVariables': missing parameter name dNdS
Auto-benchmarked an optimal number (1) of threads.
Set GUI update interval to every 83-th LF evaluation.
Optimization settings:
	OPTIMIZATION_METHOD = 4
	OPTIMIZATION_PRECISION = 0.001
	MAXIMUM_ITERATIONS_PER_VARIABLE = 5000

Initial parameter values

dNdS = 1
Optimization finished in 4 loop passes.
65 likelihood evaluation calls and 1281 matrix exponentiations calls were made

Row and/or column partition is empty. All the data will be used by default.
The tips of the tree:siteTree were matched with the species names from the data as follows {3,4,5,0,9,1,2,10,8,11,6,7}
Partition  reversible model flag computed as 1
Internal error in '_LikelihoodFunction::RankVariables': missing parameter name dNdS
Auto-benchmarked an optimal number (1) of threads.
Set GUI update interval to every 89-th LF evaluation.
Optimization settings:
	OPTIMIZATION_METHOD = 4
	OPTIMIZATION_PRECISION = 0.001
	MAXIMUM_ITERATIONS_PER_VARIABLE = 5000

Initial parameter values

dNdS = 1
Optimization finished in 4 loop passes.
66 likelihood evaluation calls and 1302 matrix exponentiations calls were made

Row and/or column partition is empty. All the data will be used by default.
The tips of the tree:siteTree were matched with the species names from the data as follows {3,4,5,0,9,1,2,10,8,11,6,7}
Partition  reversible model flag computed as 1
Internal error in '_LikelihoodFunction::RankVariables': missing parameter name dNdS
Auto-benchmarked an optimal number (1) of threads.
Set GUI update interval to every 42-th LF evaluation.
Optimization settings:
	OPTIMIZATION_METHOD = 4
	OPTIMIZATION_PRECISION = 0.001
	MAXIMUM_ITERATIONS_PER_VARIABLE = 5000

Initial parameter values

dNdS = 1
Optimization finished in 4 loop passes.
68 likelihood evaluation calls and 1365 matrix exponentiations calls were made

Row and/or column partition is empty. All the data will be used by default.
The tips of the tree:siteTree were matched with the species names from the data as follows {3,4,5,0,9,1,2,10,8,11,6,7}
Partition  reversible model flag computed as 1
Internal error in '_LikelihoodFunction::RankVariables': missing parameter name dNdS
Auto-benchmarked an optimal number (2) of threads.
Set GUI update interval to every 140-th LF evaluation.
Optimization settings:
	OPTIMIZATION_METHOD = 4
	OPTIMIZATION_PRECISION = 0.001
	MAXIMUM_ITERATIONS_PER_VARIABLE = 5000

Initial parameter values

dNdS = 1
Optimization finished in 4 loop passes.
70 likelihood evaluation calls and 1407 matrix exponentiations calls were made

Row and/or column partition is empty. All the data will be used by default.
The tips of the tree:siteTree were matched with the species names from the data as follows {3,4,5,0,9,1,2,10,8,11,6,7}
Partition  reversible model flag computed as 1
Internal error in '_LikelihoodFunction::RankVariables': missing parameter name dNdS
Auto-benchmarked an optimal number (1) of threads.
Set GUI update interval to every 82-th LF evaluation.
Optimization settings:
	OPTIMIZATION_METHOD = 4
	OPTIMIZATION_PRECISION = 0.001
	MAXIMUM_ITERATIONS_PER_VARIABLE = 5000

Initial parameter values

dNdS = 1
Optimization finished in 4 loop passes.
66 likelihood evaluation calls and 1302 matrix exponentiations calls were made

Row and/or column partition is empty. All the data will be used by default.
The tips of the tree:siteTree were matched with the species names from the data as follows {3,4,5,0,9,1,2,10,8,11,6,7}
Partition  reversible model flag computed as 1
Internal error in '_LikelihoodFunction::RankVariables': missing parameter name dNdS
Auto-benchmarked an optimal number (3) of threads.
Set GUI update interval to every 190-th LF evaluation.
Optimization settings:
	OPTIMIZATION_METHOD = 4
	OPTIMIZATION_PRECISION = 0.001
	MAXIMUM_ITERATIONS_PER_VARIABLE = 5000

Initial parameter values

dNdS = 1
Optimization finished in 4 loop passes.
71 likelihood evaluation calls and 1428 matrix exponentiations calls were made

Row and/or column partition is empty. All the data will be used by default.
The tips of the tree:siteTree were matched with the species names from the data as follows {3,4,5,0,9,1,2,10,8,11,6,7}
Partition  reversible model flag computed as 1
Internal error in '_LikelihoodFunction::RankVariables': missing parameter name dNdS
Auto-benchmarked an optimal number (1) of threads.
Set GUI update interval to every 93-th LF evaluation.
Optimization settings:
	OPTIMIZATION_METHOD = 4
	OPTIMIZATION_PRECISION = 0.001
	MAXIMUM_ITERATIONS_PER_VARIABLE = 5000

Initial parameter values

dNdS = 1
Optimization finished in 4 loop passes.
66 likelihood evaluation calls and 1302 matrix exponentiations calls were made

Row and/or column partition is empty. All the data will be used by default.
The tips of the tree:siteTree were matched with the species names from the data as follows {3,4,5,0,9,1,2,10,8,11,6,7}
Partition  reversible model flag computed as 1
Internal error in '_LikelihoodFunction::RankVariables': missing parameter name dNdS
Auto-benchmarked an optimal number (1) of threads.
Set GUI update interval to every 89-th LF evaluation.
Optimization settings:
	OPTIMIZATION_METHOD = 4
	OPTIMIZATION_PRECISION = 0.001
	MAXIMUM_ITERATIONS_PER_VARIABLE = 5000

Initial parameter values

dNdS = 1
Optimization finished in 4 loop passes.
65 likelihood evaluation calls and 1281 matrix exponentiations calls were made

Row and/or column partition is empty. All the data will be used by default.
The tips of the tree:siteTree were matched with the species names from the data as follows {3,4,5,0,9,1,2,10,8,11,6,7}
Partition  reversible model flag computed as 1
Internal error in '_LikelihoodFunction::RankVariables': missing parameter name dNdS
Auto-benchmarked an optimal number (2) of threads.
Set GUI update interval to every 146-th LF evaluation.
Optimization settings:
	OPTIMIZATION_METHOD = 4
	OPTIMIZATION_PRECISION = 0.001
	MAXIMUM_ITERATIONS_PER_VARIABLE = 5000

Initial parameter values

dNdS = 1
Optimization finished in 4 loop passes.
67 likelihood evaluation calls and 1323 matrix exponentiations calls were made

Row and/or column partition is empty. All the data will be used by default.
Row and/or column partition is empty. All the data will be used by default.
Row and/or column partition is empty. All the data will be used by default.
Row and/or column partition is empty. All the data will be used by default.
Row and/or column partition is empty. All the data will be used by default.
The tips of the tree:siteTree were matched with the species names from the data as follows {3,4,5,0,9,1,2,10,8,11,6,7}
Partition  reversible model flag computed as 1
Internal error in '_LikelihoodFunction::RankVariables': missing parameter name dNdS
Auto-benchmarked an optimal number (1) of threads.
Set GUI update interval to every 68-th LF evaluation.
Optimization settings:
	OPTIMIZATION_METHOD = 4
	OPTIMIZATION_PRECISION = 0.001
	MAXIMUM_ITERATIONS_PER_VARIABLE = 5000

Initial parameter values

dNdS = 1
Internal error in _LikelihoodFunction::ConjugateGradientDescent. The function evaluated at current parameter values [-9.536119903666537] does not match the last recorded LF maximum [-9.536043879663122]
Optimization finished in 4 loop passes.
72 likelihood evaluation calls and 1386 matrix exponentiations calls were made

Row and/or column partition is empty. All the data will be used by default.
Row and/or column partition is empty. All the data will be used by default.
Row and/or column partition is empty. All the data will be used by default.
Row and/or column partition is empty. All the data will be used by default.
Row and/or column partition is empty. All the data will be used by default.
Row and/or column partition is empty. All the data will be used by default.
Row and/or column partition is empty. All the data will be used by default.
Row and/or column partition is empty. All the data will be used by default.
Row and/or column partition is empty. All the data will be used by default.
The tips of the tree:siteTree were matched with the species names from the data as follows {3,4,5,0,9,1,2,10,8,11,6,7}
Partition  reversible model flag computed as 1
Internal error in '_LikelihoodFunction::RankVariables': missing parameter name dNdS
Auto-benchmarked an optimal number (1) of threads.
Set GUI update interval to every 84-th LF evaluation.
Optimization settings:
	OPTIMIZATION_METHOD = 4
	OPTIMIZATION_PRECISION = 0.001
	MAXIMUM_ITERATIONS_PER_VARIABLE = 5000

Initial parameter values

dNdS = 1
Optimization finished in 4 loop passes.
65 likelihood evaluation calls and 1281 matrix exponentiations calls were made

Row and/or column partition is empty. All the data will be used by default.
Row and/or column partition is empty. All the data will be used by default.
Row and/or column partition is empty. All the data will be used by default.
The tips of the tree:siteTree were matched with the species names from the data as follows {3,4,5,0,9,1,2,10,8,11,6,7}
Partition  reversible model flag computed as 1
Internal error in '_LikelihoodFunction::RankVariables': missing parameter name dNdS
Auto-benchmarked an optimal number (1) of threads.
Set GUI update interval to every 92-th LF evaluation.
Optimization settings:
	OPTIMIZATION_METHOD = 4
	OPTIMIZATION_PRECISION = 0.001
	MAXIMUM_ITERATIONS_PER_VARIABLE = 5000

Initial parameter values

dNdS = 1
Optimization finished in 4 loop passes.
66 likelihood evaluation calls and 1302 matrix exponentiations calls were made

Row and/or column partition is empty. All the data will be used by default.
Row and/or column partition is empty. All the data will be used by default.
Row and/or column partition is empty. All the data will be used by default.
Row and/or column partition is empty. All the data will be used by default.
Row and/or column partition is empty. All the data will be used by default.
Row and/or column partition is empty. All the data will be used by default.
Row and/or column partition is empty. All the data will be used by default.
The tips of the tree:siteTree were matched with the species names from the data as follows {3,4,5,0,9,1,2,10,8,11,6,7}
Partition  reversible model flag computed as 1
Internal error in '_LikelihoodFunction::RankVariables': missing parameter name dNdS
Auto-benchmarked an optimal number (1) of threads.
Set GUI update interval to every 79-th LF evaluation.
Optimization settings:
	OPTIMIZATION_METHOD = 4
	OPTIMIZATION_PRECISION = 0.001
	MAXIMUM_ITERATIONS_PER_VARIABLE = 5000

Initial parameter values

dNdS = 1
Internal error in _LikelihoodFunction::ConjugateGradientDescent. The function evaluated at current parameter values [-12.43196156963849] does not match the last recorded LF maximum [-12.41699815745141]
Internal error in _LikelihoodFunction::ConjugateGradientDescent. The function evaluated at current parameter values [-12.41699816494385] does not match the last recorded LF maximum [-12.41699815747255]
Optimization finished in 7 loop passes.
128 likelihood evaluation calls and 2415 matrix exponentiations calls were made

Row and/or column partition is empty. All the data will be used by default.
Row and/or column partition is empty. All the data will be used by default.
Row and/or column partition is empty. All the data will be used by default.
Row and/or column partition is empty. All the data will be used by default.
Row and/or column partition is empty. All the data will be used by default.
Row and/or column partition is empty. All the data will be used by default.
Row and/or column partition is empty. All the data will be used by default.
Row and/or column partition is empty. All the data will be used by default.
Row and/or column partition is empty. All the data will be used by default.
Row and/or column partition is empty. All the data will be used by default.
Row and/or column partition is empty. All the data will be used by default.
Row and/or column partition is empty. All the data will be used by default.
The tips of the tree:siteTree were matched with the species names from the data as follows {3,4,5,0,9,1,2,10,8,11,6,7}
Partition  reversible model flag computed as 1
Internal error in '_LikelihoodFunction::RankVariables': missing parameter name dNdS
Auto-benchmarked an optimal number (1) of threads.
Set GUI update interval to every 85-th LF evaluation.
Optimization settings:
	OPTIMIZATION_METHOD = 4
	OPTIMIZATION_PRECISION = 0.001
	MAXIMUM_ITERATIONS_PER_VARIABLE = 5000

Initial parameter values

dNdS = 1
Internal error in _LikelihoodFunction::ConjugateGradientDescent. The function evaluated at current parameter values [-8.385920113404865] does not match the last recorded LF maximum [-8.385791995141508]
Optimization finished in 4 loop passes.
89 likelihood evaluation calls and 1722 matrix exponentiations calls were made

Row and/or column partition is empty. All the data will be used by default.
Row and/or column partition is empty. All the data will be used by default.
Row and/or column partition is empty. All the data will be used by default.
Row and/or column partition is empty. All the data will be used by default.
Row and/or column partition is empty. All the data will be used by default.
Row and/or column partition is empty. All the data will be used by default.
The tips of the tree:siteTree were matched with the species names from the data as follows {3,4,5,0,9,1,2,10,8,11,6,7}
Partition  reversible model flag computed as 1
Internal error in '_LikelihoodFunction::RankVariables': missing parameter name dNdS
Auto-benchmarked an optimal number (2) of threads.
Set GUI update interval to every 27-th LF evaluation.
Optimization settings:
	OPTIMIZATION_METHOD = 4
	OPTIMIZATION_PRECISION = 0.001
	MAXIMUM_ITERATIONS_PER_VARIABLE = 5000

Initial parameter values

dNdS = 1
Optimization finished in 4 loop passes.
67 likelihood evaluation calls and 1323 matrix exponentiations calls were made

Row and/or column partition is empty. All the data will be used by default.
Row and/or column partition is empty. All the data will be used by default.
Row and/or column partition is empty. All the data will be used by default.
Row and/or column partition is empty. All the data will be used by default.
Row and/or column partition is empty. All the data will be used by default.
The tips of the tree:siteTree were matched with the species names from the data as follows {3,4,5,0,9,1,2,10,8,11,6,7}
Partition  reversible model flag computed as 1
Internal error in '_LikelihoodFunction::RankVariables': missing parameter name dNdS
Auto-benchmarked an optimal number (2) of threads.
Set GUI update interval to every 92-th LF evaluation.
Optimization settings:
	OPTIMIZATION_METHOD = 4
	OPTIMIZATION_PRECISION = 0.001
	MAXIMUM_ITERATIONS_PER_VARIABLE = 5000

Initial parameter values

dNdS = 1
Optimization finished in 4 loop passes.
68 likelihood evaluation calls and 1344 matrix exponentiations calls were made

Row and/or column partition is empty. All the data will be used by default.
Row and/or column partition is empty. All the data will be used by default.
The tips of the tree:siteTree were matched with the species names from the data as follows {3,4,5,0,9,1,2,10,8,11,6,7}
Partition  reversible model flag computed as 1
Internal error in '_LikelihoodFunction::RankVariables': missing parameter name dNdS
Auto-benchmarked an optimal number (1) of threads.
Set GUI update interval to every 66-th LF evaluation.
Optimization settings:
	OPTIMIZATION_METHOD = 4
	OPTIMIZATION_PRECISION = 0.001
	MAXIMUM_ITERATIONS_PER_VARIABLE = 5000

Initial parameter values

dNdS = 1
Internal error in _LikelihoodFunction::ConjugateGradientDescent. The function evaluated at current parameter values [-8.873250044911675] does not match the last recorded LF maximum [-8.873116868758048]
Optimization finished in 4 loop passes.
89 likelihood evaluation calls and 1722 matrix exponentiations calls were made

Row and/or column partition is empty. All the data will be used by default.
Row and/or column partition is empty. All the data will be used by default.
Row and/or column partition is empty. All the data will be used by default.
Row and/or column partition is empty. All the data will be used by default.
Row and/or column partition is empty. All the data will be used by default.
The tips of the tree:siteTree were matched with the species names from the data as follows {3,4,5,0,9,1,2,10,8,11,6,7}
Partition  reversible model flag computed as 1
Internal error in '_LikelihoodFunction::RankVariables': missing parameter name dNdS
Auto-benchmarked an optimal number (1) of threads.
Set GUI update interval to every 81-th LF evaluation.
Optimization settings:
	OPTIMIZATION_METHOD = 4
	OPTIMIZATION_PRECISION = 0.001
	MAXIMUM_ITERATIONS_PER_VARIABLE = 5000

Initial parameter values

dNdS = 1
Internal error in _LikelihoodFunction::ConjugateGradientDescent. The function evaluated at current parameter values [-8.269897972015157] does not match the last recorded LF maximum [-8.269297470540014]
Internal error in _LikelihoodFunction::ConjugateGradientDescent. The function evaluated at current parameter values [-8.269297471047629] does not match the last recorded LF maximum [-8.269297470556097]
Optimization finished in 7 loop passes.
123 likelihood evaluation calls and 2310 matrix exponentiations calls were made

Row and/or column partition is empty. All the data will be used by default.
Row and/or column partition is empty. All the data will be used by default.
The tips of the tree:siteTree were matched with the species names from the data as follows {3,4,5,0,9,1,2,10,8,11,6,7}
Partition  reversible model flag computed as 1
Internal error in '_LikelihoodFunction::RankVariables': missing parameter name dNdS
Auto-benchmarked an optimal number (1) of threads.
Set GUI update interval to every 89-th LF evaluation.
Optimization settings:
	OPTIMIZATION_METHOD = 4
	OPTIMIZATION_PRECISION = 0.001
	MAXIMUM_ITERATIONS_PER_VARIABLE = 5000

Initial parameter values

dNdS = 1
Internal error in _LikelihoodFunction::ConjugateGradientDescent. The function evaluated at current parameter values [-8.152949627180877] does not match the last recorded LF maximum [-8.152947103184328]
Optimization finished in 4 loop passes.
63 likelihood evaluation calls and 1197 matrix exponentiations calls were made

Row and/or column partition is empty. All the data will be used by default.
The tips of the tree:siteTree were matched with the species names from the data as follows {3,4,5,0,9,1,2,10,8,11,6,7}
Partition  reversible model flag computed as 1
Internal error in '_LikelihoodFunction::RankVariables': missing parameter name dNdS
Auto-benchmarked an optimal number (2) of threads.
Set GUI update interval to every 143-th LF evaluation.
Optimization settings:
	OPTIMIZATION_METHOD = 4
	OPTIMIZATION_PRECISION = 0.001
	MAXIMUM_ITERATIONS_PER_VARIABLE = 5000

Initial parameter values

dNdS = 1
Optimization finished in 4 loop passes.
67 likelihood evaluation calls and 1323 matrix exponentiations calls were made

Row and/or column partition is empty. All the data will be used by default.
Row and/or column partition is empty. All the data will be used by default.
The tips of the tree:siteTree were matched with the species names from the data as follows {3,4,5,0,9,1,2,10,8,11,6,7}
Partition  reversible model flag computed as 1
Internal error in '_LikelihoodFunction::RankVariables': missing parameter name dNdS
Auto-benchmarked an optimal number (1) of threads.
Set GUI update interval to every 90-th LF evaluation.
Optimization settings:
	OPTIMIZATION_METHOD = 4
	OPTIMIZATION_PRECISION = 0.001
	MAXIMUM_ITERATIONS_PER_VARIABLE = 5000

Initial parameter values

dNdS = 1
Optimization finished in 4 loop passes.
66 likelihood evaluation calls and 1302 matrix exponentiations calls were made

Row and/or column partition is empty. All the data will be used by default.
The tips of the tree:siteTree were matched with the species names from the data as follows {3,4,5,0,9,1,2,10,8,11,6,7}
Partition  reversible model flag computed as 1
Internal error in '_LikelihoodFunction::RankVariables': missing parameter name dNdS
Auto-benchmarked an optimal number (1) of threads.
Set GUI update interval to every 64-th LF evaluation.
Optimization settings:
	OPTIMIZATION_METHOD = 4
	OPTIMIZATION_PRECISION = 0.001
	MAXIMUM_ITERATIONS_PER_VARIABLE = 5000

Initial parameter values

dNdS = 1
Optimization finished in 4 loop passes.
65 likelihood evaluation calls and 1281 matrix exponentiations calls were made

Row and/or column partition is empty. All the data will be used by default.
The tips of the tree:siteTree were matched with the species names from the data as follows {3,4,5,0,9,1,2,10,8,11,6,7}
Partition  reversible model flag computed as 1
Internal error in '_LikelihoodFunction::RankVariables': missing parameter name dNdS
Auto-benchmarked an optimal number (1) of threads.
Set GUI update interval to every 88-th LF evaluation.
Optimization settings:
	OPTIMIZATION_METHOD = 4
	OPTIMIZATION_PRECISION = 0.001
	MAXIMUM_ITERATIONS_PER_VARIABLE = 5000

Initial parameter values

dNdS = 1
Optimization finished in 4 loop passes.
68 likelihood evaluation calls and 1365 matrix exponentiations calls were made

Row and/or column partition is empty. All the data will be used by default.
Row and/or column partition is empty. All the data will be used by default.
The tips of the tree:siteTree were matched with the species names from the data as follows {3,4,5,0,9,1,2,10,8,11,6,7}
Partition  reversible model flag computed as 1
Internal error in '_LikelihoodFunction::RankVariables': missing parameter name dNdS
Auto-benchmarked an optimal number (1) of threads.
Set GUI update interval to every 37-th LF evaluation.
Optimization settings:
	OPTIMIZATION_METHOD = 4
	OPTIMIZATION_PRECISION = 0.001
	MAXIMUM_ITERATIONS_PER_VARIABLE = 5000

Initial parameter values

dNdS = 1
Internal error in _LikelihoodFunction::ConjugateGradientDescent. The function evaluated at current parameter values [-13.86104152500921] does not match the last recorded LF maximum [-13.86104152500625]
Optimization finished in 6 loop passes.
64 likelihood evaluation calls and 1176 matrix exponentiations calls were made

Row and/or column partition is empty. All the data will be used by default.
The tips of the tree:siteTree were matched with the species names from the data as follows {3,4,5,0,9,1,2,10,8,11,6,7}
Partition  reversible model flag computed as 1
Internal error in '_LikelihoodFunction::RankVariables': missing parameter name dNdS
Auto-benchmarked an optimal number (1) of threads.
Set GUI update interval to every 89-th LF evaluation.
Optimization settings:
	OPTIMIZATION_METHOD = 4
	OPTIMIZATION_PRECISION = 0.001
	MAXIMUM_ITERATIONS_PER_VARIABLE = 5000

Initial parameter values

dNdS = 1
Optimization finished in 4 loop passes.
66 likelihood evaluation calls and 1302 matrix exponentiations calls were made

Row and/or column partition is empty. All the data will be used by default.
Row and/or column partition is empty. All the data will be used by default.
Row and/or column partition is empty. All the data will be used by default.
The tips of the tree:siteTree were matched with the species names from the data as follows {3,4,5,0,9,1,2,10,8,11,6,7}
Partition  reversible model flag computed as 1
Internal error in '_LikelihoodFunction::RankVariables': missing parameter name dNdS
Auto-benchmarked an optimal number (2) of threads.
Set GUI update interval to every 96-th LF evaluation.
Optimization settings:
	OPTIMIZATION_METHOD = 4
	OPTIMIZATION_PRECISION = 0.001
	MAXIMUM_ITERATIONS_PER_VARIABLE = 5000

Initial parameter values

dNdS = 1
Optimization finished in 4 loop passes.
66 likelihood evaluation calls and 1302 matrix exponentiations calls were made

Row and/or column partition is empty. All the data will be used by default.
Row and/or column partition is empty. All the data will be used by default.
The tips of the tree:siteTree were matched with the species names from the data as follows {3,4,5,0,9,1,2,10,8,11,6,7}
Partition  reversible model flag computed as 1
Internal error in '_LikelihoodFunction::RankVariables': missing parameter name dNdS
Auto-benchmarked an optimal number (1) of threads.
Set GUI update interval to every 54-th LF evaluation.
Optimization settings:
	OPTIMIZATION_METHOD = 4
	OPTIMIZATION_PRECISION = 0.001
	MAXIMUM_ITERATIONS_PER_VARIABLE = 5000

Initial parameter values

dNdS = 1
Optimization finished in 4 loop passes.
66 likelihood evaluation calls and 1302 matrix exponentiations calls were made

Row and/or column partition is empty. All the data will be used by default.
Row and/or column partition is empty. All the data will be used by default.
Row and/or column partition is empty. All the data will be used by default.
The tips of the tree:siteTree were matched with the species names from the data as follows {3,4,5,0,9,1,2,10,8,11,6,7}
Partition  reversible model flag computed as 1
Internal error in '_LikelihoodFunction::RankVariables': missing parameter name dNdS
Auto-benchmarked an optimal number (1) of threads.
Set GUI update interval to every 65-th LF evaluation.
Optimization settings:
	OPTIMIZATION_METHOD = 4
	OPTIMIZATION_PRECISION = 0.001
	MAXIMUM_ITERATIONS_PER_VARIABLE = 5000

Initial parameter values

dNdS = 1
Internal error in _LikelihoodFunction::ConjugateGradientDescent. The function evaluated at current parameter values [-7.88016396890906] does not match the last recorded LF maximum [-7.879864997141751]
Optimization finished in 4 loop passes.
92 likelihood evaluation calls and 1785 matrix exponentiations calls were made

Row and/or column partition is empty. All the data will be used by default.
The tips of the tree:siteTree were matched with the species names from the data as follows {3,4,5,0,9,1,2,10,8,11,6,7}
Partition  reversible model flag computed as 1
Internal error in '_LikelihoodFunction::RankVariables': missing parameter name dNdS
Auto-benchmarked an optimal number (1) of threads.
Set GUI update interval to every 86-th LF evaluation.
Optimization settings:
	OPTIMIZATION_METHOD = 4
	OPTIMIZATION_PRECISION = 0.001
	MAXIMUM_ITERATIONS_PER_VARIABLE = 5000

Initial parameter values

dNdS = 1
Internal error in _LikelihoodFunction::ConjugateGradientDescent. The function evaluated at current parameter values [-20.65849535608076] does not match the last recorded LF maximum [-20.65839476721456]
Optimization finished in 4 loop passes.
92 likelihood evaluation calls and 1785 matrix exponentiations calls were made

Row and/or column partition is empty. All the data will be used by default.
The tips of the tree:siteTree were matched with the species names from the data as follows {3,4,5,0,9,1,2,10,8,11,6,7}
Partition  reversible model flag computed as 1
Internal error in '_LikelihoodFunction::RankVariables': missing parameter name dNdS
Auto-benchmarked an optimal number (1) of threads.
Set GUI update interval to every 84-th LF evaluation.
Optimization settings:
	OPTIMIZATION_METHOD = 4
	OPTIMIZATION_PRECISION = 0.001
	MAXIMUM_ITERATIONS_PER_VARIABLE = 5000

Initial parameter values

dNdS = 1
Internal error in _LikelihoodFunction::ConjugateGradientDescent. The function evaluated at current parameter values [-11.33523088687923] does not match the last recorded LF maximum [-11.33515409709512]
Optimization finished in 4 loop passes.
69 likelihood evaluation calls and 1323 matrix exponentiations calls were made

Row and/or column partition is empty. All the data will be used by default.
The tips of the tree:siteTree were matched with the species names from the data as follows {3,4,5,0,9,1,2,10,8,11,6,7}
Partition  reversible model flag computed as 1
Internal error in '_LikelihoodFunction::RankVariables': missing parameter name dNdS
Auto-benchmarked an optimal number (1) of threads.
Set GUI update interval to every 86-th LF evaluation.
Optimization settings:
	OPTIMIZATION_METHOD = 4
	OPTIMIZATION_PRECISION = 0.001
	MAXIMUM_ITERATIONS_PER_VARIABLE = 5000

Initial parameter values

dNdS = 1
Optimization finished in 4 loop passes.
66 likelihood evaluation calls and 1323 matrix exponentiations calls were made

Row and/or column partition is empty. All the data will be used by default.
The tips of the tree:siteTree were matched with the species names from the data as follows {3,4,5,0,9,1,2,10,8,11,6,7}
Partition  reversible model flag computed as 1
Internal error in '_LikelihoodFunction::RankVariables': missing parameter name dNdS
Auto-benchmarked an optimal number (2) of threads.
Set GUI update interval to every 67-th LF evaluation.
Optimization settings:
	OPTIMIZATION_METHOD = 4
	OPTIMIZATION_PRECISION = 0.001
	MAXIMUM_ITERATIONS_PER_VARIABLE = 5000

Initial parameter values

dNdS = 1
Internal error in _LikelihoodFunction::ConjugateGradientDescent. The function evaluated at current parameter values [-8.780577778900239] does not match the last recorded LF maximum [-8.779785827647734]
Internal error in _LikelihoodFunction::ConjugateGradientDescent. The function evaluated at current parameter values [-8.779785828406657] does not match the last recorded LF maximum [-8.779785827662355]
Optimization finished in 7 loop passes.
125 likelihood evaluation calls and 2352 matrix exponentiations calls were made

Row and/or column partition is empty. All the data will be used by default.
Row and/or column partition is empty. All the data will be used by default.
Row and/or column partition is empty. All the data will be used by default.
The tips of the tree:siteTree were matched with the species names from the data as follows {3,4,5,0,9,1,2,10,8,11,6,7}
Partition  reversible model flag computed as 1
Internal error in '_LikelihoodFunction::RankVariables': missing parameter name dNdS
Auto-benchmarked an optimal number (1) of threads.
Set GUI update interval to every 52-th LF evaluation.
Optimization settings:
	OPTIMIZATION_METHOD = 4
	OPTIMIZATION_PRECISION = 0.001
	MAXIMUM_ITERATIONS_PER_VARIABLE = 5000

Initial parameter values

dNdS = 1
Internal error in _LikelihoodFunction::ConjugateGradientDescent. The function evaluated at current parameter values [-10.01466157285233] does not match the last recorded LF maximum [-10.01432053139264]
Internal error in _LikelihoodFunction::ConjugateGradientDescent. The function evaluated at current parameter values [-10.01432053195848] does not match the last recorded LF maximum [-10.0143205314083]
Optimization finished in 7 loop passes.
118 likelihood evaluation calls and 2205 matrix exponentiations calls were made

Row and/or column partition is empty. All the data will be used by default.
The tips of the tree:siteTree were matched with the species names from the data as follows {3,4,5,0,9,1,2,10,8,11,6,7}
Partition  reversible model flag computed as 1
Internal error in '_LikelihoodFunction::RankVariables': missing parameter name dNdS
Auto-benchmarked an optimal number (1) of threads.
Set GUI update interval to every 85-th LF evaluation.
Optimization settings:
	OPTIMIZATION_METHOD = 4
	OPTIMIZATION_PRECISION = 0.001
	MAXIMUM_ITERATIONS_PER_VARIABLE = 5000

Initial parameter values

dNdS = 1
Optimization finished in 4 loop passes.
66 likelihood evaluation calls and 1302 matrix exponentiations calls were made

Row and/or column partition is empty. All the data will be used by default.
The tips of the tree:siteTree were matched with the species names from the data as follows {3,4,5,0,9,1,2,10,8,11,6,7}
Partition  reversible model flag computed as 1
Internal error in '_LikelihoodFunction::RankVariables': missing parameter name dNdS
Auto-benchmarked an optimal number (1) of threads.
Set GUI update interval to every 93-th LF evaluation.
Optimization settings:
	OPTIMIZATION_METHOD = 4
	OPTIMIZATION_PRECISION = 0.001
	MAXIMUM_ITERATIONS_PER_VARIABLE = 5000

Initial parameter values

dNdS = 1
Internal error in _LikelihoodFunction::ConjugateGradientDescent. The function evaluated at current parameter values [-8.262355671088986] does not match the last recorded LF maximum [-8.262137803508985]
Optimization finished in 4 loop passes.
94 likelihood evaluation calls and 1827 matrix exponentiations calls were made

Row and/or column partition is empty. All the data will be used by default.
The tips of the tree:siteTree were matched with the species names from the data as follows {3,4,5,0,9,1,2,10,8,11,6,7}
Partition  reversible model flag computed as 1
Internal error in '_LikelihoodFunction::RankVariables': missing parameter name dNdS
Auto-benchmarked an optimal number (2) of threads.
Set GUI update interval to every 139-th LF evaluation.
Optimization settings:
	OPTIMIZATION_METHOD = 4
	OPTIMIZATION_PRECISION = 0.001
	MAXIMUM_ITERATIONS_PER_VARIABLE = 5000

Initial parameter values

dNdS = 1
Internal error in _LikelihoodFunction::ConjugateGradientDescent. The function evaluated at current parameter values [-10.88292266324838] does not match the last recorded LF maximum [-10.8828711451945]
Optimization finished in 4 loop passes.
75 likelihood evaluation calls and 1449 matrix exponentiations calls were made

Row and/or column partition is empty. All the data will be used by default.
Row and/or column partition is empty. All the data will be used by default.
Row and/or column partition is empty. All the data will be used by default.
The tips of the tree:siteTree were matched with the species names from the data as follows {3,4,5,0,9,1,2,10,8,11,6,7}
Partition  reversible model flag computed as 1
Internal error in '_LikelihoodFunction::RankVariables': missing parameter name dNdS
Auto-benchmarked an optimal number (1) of threads.
Set GUI update interval to every 95-th LF evaluation.
Optimization settings:
	OPTIMIZATION_METHOD = 4
	OPTIMIZATION_PRECISION = 0.001
	MAXIMUM_ITERATIONS_PER_VARIABLE = 5000

Initial parameter values

dNdS = 1
Internal error in _LikelihoodFunction::ConjugateGradientDescent. The function evaluated at current parameter values [-9.132031626814335] does not match the last recorded LF maximum [-9.131872787653354]
Optimization finished in 4 loop passes.
91 likelihood evaluation calls and 1764 matrix exponentiations calls were made

Row and/or column partition is empty. All the data will be used by default.
The tips of the tree:siteTree were matched with the species names from the data as follows {3,4,5,0,9,1,2,10,8,11,6,7}
Partition  reversible model flag computed as 1
Internal error in '_LikelihoodFunction::RankVariables': missing parameter name dNdS
Auto-benchmarked an optimal number (1) of threads.
Set GUI update interval to every 94-th LF evaluation.
Optimization settings:
	OPTIMIZATION_METHOD = 4
	OPTIMIZATION_PRECISION = 0.001
	MAXIMUM_ITERATIONS_PER_VARIABLE = 5000

Initial parameter values

dNdS = 1
Internal error in _LikelihoodFunction::ConjugateGradientDescent. The function evaluated at current parameter values [-7.420008591216357] does not match the last recorded LF maximum [-7.419927023198913]
Optimization finished in 4 loop passes.
70 likelihood evaluation calls and 1344 matrix exponentiations calls were made

Row and/or column partition is empty. All the data will be used by default.
The tips of the tree:siteTree were matched with the species names from the data as follows {3,4,5,0,9,1,2,10,8,11,6,7}
Partition  reversible model flag computed as 1
Internal error in '_LikelihoodFunction::RankVariables': missing parameter name dNdS
Auto-benchmarked an optimal number (1) of threads.
Set GUI update interval to every 33-th LF evaluation.
Optimization settings:
	OPTIMIZATION_METHOD = 4
	OPTIMIZATION_PRECISION = 0.001
	MAXIMUM_ITERATIONS_PER_VARIABLE = 5000

Initial parameter values

dNdS = 1
Internal error in _LikelihoodFunction::ConjugateGradientDescent. The function evaluated at current parameter values [-9.638676703114214] does not match the last recorded LF maximum [-9.638515546311305]
Optimization finished in 4 loop passes.
93 likelihood evaluation calls and 1806 matrix exponentiations calls were made

Row and/or column partition is empty. All the data will be used by default.
The tips of the tree:siteTree were matched with the species names from the data as follows {3,4,5,0,9,1,2,10,8,11,6,7}
Partition  reversible model flag computed as 1
Internal error in '_LikelihoodFunction::RankVariables': missing parameter name dNdS
Auto-benchmarked an optimal number (1) of threads.
Set GUI update interval to every 83-th LF evaluation.
Optimization settings:
	OPTIMIZATION_METHOD = 4
	OPTIMIZATION_PRECISION = 0.001
	MAXIMUM_ITERATIONS_PER_VARIABLE = 5000

Initial parameter values

dNdS = 1
Optimization finished in 4 loop passes.
66 likelihood evaluation calls and 1302 matrix exponentiations calls were made

Row and/or column partition is empty. All the data will be used by default.
The tips of the tree:siteTree were matched with the species names from the data as follows {3,4,5,0,9,1,2,10,8,11,6,7}
Partition  reversible model flag computed as 1
Internal error in '_LikelihoodFunction::RankVariables': missing parameter name dNdS
Auto-benchmarked an optimal number (2) of threads.
Set GUI update interval to every 98-th LF evaluation.
Optimization settings:
	OPTIMIZATION_METHOD = 4
	OPTIMIZATION_PRECISION = 0.001
	MAXIMUM_ITERATIONS_PER_VARIABLE = 5000

Initial parameter values

dNdS = 1
Optimization finished in 4 loop passes.
67 likelihood evaluation calls and 1323 matrix exponentiations calls were made

Row and/or column partition is empty. All the data will be used by default.
The tips of the tree:siteTree were matched with the species names from the data as follows {3,4,5,0,9,1,2,10,8,11,6,7}
Partition  reversible model flag computed as 1
Internal error in '_LikelihoodFunction::RankVariables': missing parameter name dNdS
Auto-benchmarked an optimal number (1) of threads.
Set GUI update interval to every 83-th LF evaluation.
Optimization settings:
	OPTIMIZATION_METHOD = 4
	OPTIMIZATION_PRECISION = 0.001
	MAXIMUM_ITERATIONS_PER_VARIABLE = 5000

Initial parameter values

dNdS = 1
Optimization finished in 4 loop passes.
67 likelihood evaluation calls and 1323 matrix exponentiations calls were made

Row and/or column partition is empty. All the data will be used by default.
The tips of the tree:siteTree were matched with the species names from the data as follows {3,4,5,0,9,1,2,10,8,11,6,7}
Partition  reversible model flag computed as 1
Internal error in '_LikelihoodFunction::RankVariables': missing parameter name dNdS
Auto-benchmarked an optimal number (2) of threads.
Set GUI update interval to every 46-th LF evaluation.
Optimization settings:
	OPTIMIZATION_METHOD = 4
	OPTIMIZATION_PRECISION = 0.001
	MAXIMUM_ITERATIONS_PER_VARIABLE = 5000

Initial parameter values

dNdS = 1
Optimization finished in 4 loop passes.
66 likelihood evaluation calls and 1302 matrix exponentiations calls were made

Row and/or column partition is empty. All the data will be used by default.
The tips of the tree:siteTree were matched with the species names from the data as follows {3,4,5,0,9,1,2,10,8,11,6,7}
Partition  reversible model flag computed as 1
Internal error in '_LikelihoodFunction::RankVariables': missing parameter name dNdS
Auto-benchmarked an optimal number (1) of threads.
Set GUI update interval to every 83-th LF evaluation.
Optimization settings:
	OPTIMIZATION_METHOD = 4
	OPTIMIZATION_PRECISION = 0.001
	MAXIMUM_ITERATIONS_PER_VARIABLE = 5000

Initial parameter values

dNdS = 1
Optimization finished in 4 loop passes.
66 likelihood evaluation calls and 1302 matrix exponentiations calls were made

Row and/or column partition is empty. All the data will be used by default.
The tips of the tree:siteTree were matched with the species names from the data as follows {3,4,5,0,9,1,2,10,8,11,6,7}
Partition  reversible model flag computed as 1
Internal error in '_LikelihoodFunction::RankVariables': missing parameter name dNdS
Auto-benchmarked an optimal number (2) of threads.
Set GUI update interval to every 106-th LF evaluation.
Optimization settings:
	OPTIMIZATION_METHOD = 4
	OPTIMIZATION_PRECISION = 0.001
	MAXIMUM_ITERATIONS_PER_VARIABLE = 5000

Initial parameter values

dNdS = 1
Optimization finished in 4 loop passes.
69 likelihood evaluation calls and 1386 matrix exponentiations calls were made

Row and/or column partition is empty. All the data will be used by default.
The tips of the tree:siteTree were matched with the species names from the data as follows {3,4,5,0,9,1,2,10,8,11,6,7}
Partition  reversible model flag computed as 1
Internal error in '_LikelihoodFunction::RankVariables': missing parameter name dNdS
Auto-benchmarked an optimal number (1) of threads.
Set GUI update interval to every 85-th LF evaluation.
Optimization settings:
	OPTIMIZATION_METHOD = 4
	OPTIMIZATION_PRECISION = 0.001
	MAXIMUM_ITERATIONS_PER_VARIABLE = 5000

Initial parameter values

dNdS = 1
Optimization finished in 4 loop passes.
68 likelihood evaluation calls and 1344 matrix exponentiations calls were made

Row and/or column partition is empty. All the data will be used by default.
The tips of the tree:siteTree were matched with the species names from the data as follows {3,4,5,0,9,1,2,10,8,11,6,7}
Partition  reversible model flag computed as 1
Internal error in '_LikelihoodFunction::RankVariables': missing parameter name dNdS
Auto-benchmarked an optimal number (1) of threads.
Set GUI update interval to every 93-th LF evaluation.
Optimization settings:
	OPTIMIZATION_METHOD = 4
	OPTIMIZATION_PRECISION = 0.001
	MAXIMUM_ITERATIONS_PER_VARIABLE = 5000

Initial parameter values

dNdS = 1
Optimization finished in 4 loop passes.
65 likelihood evaluation calls and 1281 matrix exponentiations calls were made

Row and/or column partition is empty. All the data will be used by default.
The tips of the tree:siteTree were matched with the species names from the data as follows {3,4,5,0,9,1,2,10,8,11,6,7}
Partition  reversible model flag computed as 1
Internal error in '_LikelihoodFunction::RankVariables': missing parameter name dNdS
Auto-benchmarked an optimal number (1) of threads.
Set GUI update interval to every 83-th LF evaluation.
Optimization settings:
	OPTIMIZATION_METHOD = 4
	OPTIMIZATION_PRECISION = 0.001
	MAXIMUM_ITERATIONS_PER_VARIABLE = 5000

Initial parameter values

dNdS = 1
Optimization finished in 4 loop passes.
66 likelihood evaluation calls and 1302 matrix exponentiations calls were made

Row and/or column partition is empty. All the data will be used by default.
The tips of the tree:siteTree were matched with the species names from the data as follows {3,4,5,0,9,1,2,10,8,11,6,7}
Partition  reversible model flag computed as 1
Internal error in '_LikelihoodFunction::RankVariables': missing parameter name dNdS
Auto-benchmarked an optimal number (1) of threads.
Set GUI update interval to every 84-th LF evaluation.
Optimization settings:
	OPTIMIZATION_METHOD = 4
	OPTIMIZATION_PRECISION = 0.001
	MAXIMUM_ITERATIONS_PER_VARIABLE = 5000

Initial parameter values

dNdS = 1
Optimization finished in 4 loop passes.
66 likelihood evaluation calls and 1302 matrix exponentiations calls were made

Row and/or column partition is empty. All the data will be used by default.
The tips of the tree:siteTree were matched with the species names from the data as follows {3,4,5,0,9,1,2,10,8,11,6,7}
Partition  reversible model flag computed as 1
Internal error in '_LikelihoodFunction::RankVariables': missing parameter name dNdS
Auto-benchmarked an optimal number (1) of threads.
Set GUI update interval to every 91-th LF evaluation.
Optimization settings:
	OPTIMIZATION_METHOD = 4
	OPTIMIZATION_PRECISION = 0.001
	MAXIMUM_ITERATIONS_PER_VARIABLE = 5000

Initial parameter values

dNdS = 1
Optimization finished in 4 loop passes.
65 likelihood evaluation calls and 1281 matrix exponentiations calls were made

Row and/or column partition is empty. All the data will be used by default.
The tips of the tree:siteTree were matched with the species names from the data as follows {3,4,5,0,9,1,2,10,8,11,6,7}
Partition  reversible model flag computed as 1
Internal error in '_LikelihoodFunction::RankVariables': missing parameter name dNdS
Auto-benchmarked an optimal number (1) of threads.
Set GUI update interval to every 84-th LF evaluation.
Optimization settings:
	OPTIMIZATION_METHOD = 4
	OPTIMIZATION_PRECISION = 0.001
	MAXIMUM_ITERATIONS_PER_VARIABLE = 5000

Initial parameter values

dNdS = 1
Optimization finished in 4 loop passes.
66 likelihood evaluation calls and 1302 matrix exponentiations calls were made

Row and/or column partition is empty. All the data will be used by default.
The tips of the tree:siteTree were matched with the species names from the data as follows {3,4,5,0,9,1,2,10,8,11,6,7}
Partition  reversible model flag computed as 1
Internal error in '_LikelihoodFunction::RankVariables': missing parameter name dNdS
Auto-benchmarked an optimal number (2) of threads.
Set GUI update interval to every 94-th LF evaluation.
Optimization settings:
	OPTIMIZATION_METHOD = 4
	OPTIMIZATION_PRECISION = 0.001
	MAXIMUM_ITERATIONS_PER_VARIABLE = 5000

Initial parameter values

dNdS = 1
Optimization finished in 4 loop passes.
67 likelihood evaluation calls and 1323 matrix exponentiations calls were made

Row and/or column partition is empty. All the data will be used by default.
The tips of the tree:siteTree were matched with the species names from the data as follows {3,4,5,0,9,1,2,10,8,11,6,7}
Partition  reversible model flag computed as 1
Internal error in '_LikelihoodFunction::RankVariables': missing parameter name dNdS
Auto-benchmarked an optimal number (1) of threads.
Set GUI update interval to every 85-th LF evaluation.
Optimization settings:
	OPTIMIZATION_METHOD = 4
	OPTIMIZATION_PRECISION = 0.001
	MAXIMUM_ITERATIONS_PER_VARIABLE = 5000

Initial parameter values

dNdS = 1
Optimization finished in 4 loop passes.
68 likelihood evaluation calls and 1365 matrix exponentiations calls were made

Row and/or column partition is empty. All the data will be used by default.
The tips of the tree:siteTree were matched with the species names from the data as follows {3,4,5,0,9,1,2,10,8,11,6,7}
Partition  reversible model flag computed as 1
Internal error in '_LikelihoodFunction::RankVariables': missing parameter name dNdS
Auto-benchmarked an optimal number (1) of threads.
Set GUI update interval to every 96-th LF evaluation.
Optimization settings:
	OPTIMIZATION_METHOD = 4
	OPTIMIZATION_PRECISION = 0.001
	MAXIMUM_ITERATIONS_PER_VARIABLE = 5000

Initial parameter values

dNdS = 1
Optimization finished in 4 loop passes.
65 likelihood evaluation calls and 1281 matrix exponentiations calls were made

Row and/or column partition is empty. All the data will be used by default.
The tips of the tree:siteTree were matched with the species names from the data as follows {3,4,5,0,9,1,2,10,8,11,6,7}
Partition  reversible model flag computed as 1
Internal error in '_LikelihoodFunction::RankVariables': missing parameter name dNdS
Auto-benchmarked an optimal number (2) of threads.
Set GUI update interval to every 144-th LF evaluation.
Optimization settings:
	OPTIMIZATION_METHOD = 4
	OPTIMIZATION_PRECISION = 0.001
	MAXIMUM_ITERATIONS_PER_VARIABLE = 5000

Initial parameter values

dNdS = 1
Optimization finished in 4 loop passes.
67 likelihood evaluation calls and 1323 matrix exponentiations calls were made

Row and/or column partition is empty. All the data will be used by default.
The tips of the tree:siteTree were matched with the species names from the data as follows {3,4,5,0,9,1,2,10,8,11,6,7}
Partition  reversible model flag computed as 1
Internal error in '_LikelihoodFunction::RankVariables': missing parameter name dNdS
Auto-benchmarked an optimal number (1) of threads.
Set GUI update interval to every 90-th LF evaluation.
Optimization settings:
	OPTIMIZATION_METHOD = 4
	OPTIMIZATION_PRECISION = 0.001
	MAXIMUM_ITERATIONS_PER_VARIABLE = 5000

Initial parameter values

dNdS = 1
Optimization finished in 4 loop passes.
66 likelihood evaluation calls and 1302 matrix exponentiations calls were made

Row and/or column partition is empty. All the data will be used by default.
The tips of the tree:siteTree were matched with the species names from the data as follows {3,4,5,0,9,1,2,10,8,11,6,7}
Partition  reversible model flag computed as 1
Internal error in '_LikelihoodFunction::RankVariables': missing parameter name dNdS
Auto-benchmarked an optimal number (1) of threads.
Set GUI update interval to every 93-th LF evaluation.
Optimization settings:
	OPTIMIZATION_METHOD = 4
	OPTIMIZATION_PRECISION = 0.001
	MAXIMUM_ITERATIONS_PER_VARIABLE = 5000

Initial parameter values

dNdS = 1
Internal error in _LikelihoodFunction::ConjugateGradientDescent. The function evaluated at current parameter values [-7.370765965186237] does not match the last recorded LF maximum [-7.368780605381215]
Internal error in _LikelihoodFunction::ConjugateGradientDescent. The function evaluated at current parameter values [-7.368780606721397] does not match the last recorded LF maximum [-7.368780605394338]
Optimization finished in 7 loop passes.
124 likelihood evaluation calls and 2331 matrix exponentiations calls were made

Row and/or column partition is empty. All the data will be used by default.
The tips of the tree:siteTree were matched with the species names from the data as follows {3,4,5,0,9,1,2,10,8,11,6,7}
Partition  reversible model flag computed as 1
Internal error in '_LikelihoodFunction::RankVariables': missing parameter name dNdS
Auto-benchmarked an optimal number (1) of threads.
Set GUI update interval to every 64-th LF evaluation.
Optimization settings:
	OPTIMIZATION_METHOD = 4
	OPTIMIZATION_PRECISION = 0.001
	MAXIMUM_ITERATIONS_PER_VARIABLE = 5000

Initial parameter values

dNdS = 1
Optimization finished in 4 loop passes.
69 likelihood evaluation calls and 1365 matrix exponentiations calls were made

Row and/or column partition is empty. All the data will be used by default.
The tips of the tree:siteTree were matched with the species names from the data as follows {3,4,5,0,9,1,2,10,8,11,6,7}
Partition  reversible model flag computed as 1
Internal error in '_LikelihoodFunction::RankVariables': missing parameter name dNdS
Auto-benchmarked an optimal number (1) of threads.
Set GUI update interval to every 96-th LF evaluation.
Optimization settings:
	OPTIMIZATION_METHOD = 4
	OPTIMIZATION_PRECISION = 0.001
	MAXIMUM_ITERATIONS_PER_VARIABLE = 5000

Initial parameter values

dNdS = 1
Optimization finished in 4 loop passes.
66 likelihood evaluation calls and 1302 matrix exponentiations calls were made

Row and/or column partition is empty. All the data will be used by default.
The tips of the tree:siteTree were matched with the species names from the data as follows {3,4,5,0,9,1,2,10,8,11,6,7}
Partition  reversible model flag computed as 1
Internal error in '_LikelihoodFunction::RankVariables': missing parameter name dNdS
Auto-benchmarked an optimal number (1) of threads.
Set GUI update interval to every 96-th LF evaluation.
Optimization settings:
	OPTIMIZATION_METHOD = 4
	OPTIMIZATION_PRECISION = 0.001
	MAXIMUM_ITERATIONS_PER_VARIABLE = 5000

Initial parameter values

dNdS = 1
Optimization finished in 4 loop passes.
66 likelihood evaluation calls and 1302 matrix exponentiations calls were made

Row and/or column partition is empty. All the data will be used by default.
The tips of the tree:siteTree were matched with the species names from the data as follows {3,4,5,0,9,1,2,10,8,11,6,7}
Partition  reversible model flag computed as 1
Internal error in '_LikelihoodFunction::RankVariables': missing parameter name dNdS
Auto-benchmarked an optimal number (1) of threads.
Set GUI update interval to every 51-th LF evaluation.
Optimization settings:
	OPTIMIZATION_METHOD = 4
	OPTIMIZATION_PRECISION = 0.001
	MAXIMUM_ITERATIONS_PER_VARIABLE = 5000

Initial parameter values

dNdS = 1
Internal error in _LikelihoodFunction::ConjugateGradientDescent. The function evaluated at current parameter values [-11.04307074072329] does not match the last recorded LF maximum [-11.03303434860052]
Internal error in _LikelihoodFunction::ConjugateGradientDescent. The function evaluated at current parameter values [-11.03303435143268] does not match the last recorded LF maximum [-11.03303434860775]
Optimization finished in 7 loop passes.
132 likelihood evaluation calls and 2520 matrix exponentiations calls were made

Row and/or column partition is empty. All the data will be used by default.
The tips of the tree:siteTree were matched with the species names from the data as follows {3,4,5,0,9,1,2,10,8,11,6,7}
Partition  reversible model flag computed as 1
Internal error in '_LikelihoodFunction::RankVariables': missing parameter name dNdS
Auto-benchmarked an optimal number (2) of threads.
Set GUI update interval to every 64-th LF evaluation.
Optimization settings:
	OPTIMIZATION_METHOD = 4
	OPTIMIZATION_PRECISION = 0.001
	MAXIMUM_ITERATIONS_PER_VARIABLE = 5000

Initial parameter values

dNdS = 1
Optimization finished in 4 loop passes.
66 likelihood evaluation calls and 1302 matrix exponentiations calls were made

Row and/or column partition is empty. All the data will be used by default.
The tips of the tree:siteTree were matched with the species names from the data as follows {3,4,5,0,9,1,2,10,8,11,6,7}
Partition  reversible model flag computed as 1
Internal error in '_LikelihoodFunction::RankVariables': missing parameter name dNdS
Auto-benchmarked an optimal number (1) of threads.
Set GUI update interval to every 95-th LF evaluation.
Optimization settings:
	OPTIMIZATION_METHOD = 4
	OPTIMIZATION_PRECISION = 0.001
	MAXIMUM_ITERATIONS_PER_VARIABLE = 5000

Initial parameter values

dNdS = 1
Optimization finished in 4 loop passes.
68 likelihood evaluation calls and 1344 matrix exponentiations calls were made

Row and/or column partition is empty. All the data will be used by default.
The tips of the tree:siteTree were matched with the species names from the data as follows {3,4,5,0,9,1,2,10,8,11,6,7}
Partition  reversible model flag computed as 1
Internal error in '_LikelihoodFunction::RankVariables': missing parameter name dNdS
Auto-benchmarked an optimal number (1) of threads.
Set GUI update interval to every 73-th LF evaluation.
Optimization settings:
	OPTIMIZATION_METHOD = 4
	OPTIMIZATION_PRECISION = 0.001
	MAXIMUM_ITERATIONS_PER_VARIABLE = 5000

Initial parameter values

dNdS = 1
Optimization finished in 4 loop passes.
65 likelihood evaluation calls and 1281 matrix exponentiations calls were made

Row and/or column partition is empty. All the data will be used by default.
The tips of the tree:siteTree were matched with the species names from the data as follows {3,4,5,0,9,1,2,10,8,11,6,7}
Partition  reversible model flag computed as 1
Internal error in '_LikelihoodFunction::RankVariables': missing parameter name dNdS
Auto-benchmarked an optimal number (1) of threads.
Set GUI update interval to every 94-th LF evaluation.
Optimization settings:
	OPTIMIZATION_METHOD = 4
	OPTIMIZATION_PRECISION = 0.001
	MAXIMUM_ITERATIONS_PER_VARIABLE = 5000

Initial parameter values

dNdS = 1
Optimization finished in 4 loop passes.
66 likelihood evaluation calls and 1302 matrix exponentiations calls were made

Row and/or column partition is empty. All the data will be used by default.
The tips of the tree:siteTree were matched with the species names from the data as follows {3,4,5,0,9,1,2,10,8,11,6,7}
Partition  reversible model flag computed as 1
Internal error in '_LikelihoodFunction::RankVariables': missing parameter name dNdS
Auto-benchmarked an optimal number (1) of threads.
Set GUI update interval to every 95-th LF evaluation.
Optimization settings:
	OPTIMIZATION_METHOD = 4
	OPTIMIZATION_PRECISION = 0.001
	MAXIMUM_ITERATIONS_PER_VARIABLE = 5000

Initial parameter values

dNdS = 1
Optimization finished in 4 loop passes.
68 likelihood evaluation calls and 1365 matrix exponentiations calls were made

Row and/or column partition is empty. All the data will be used by default.
The tips of the tree:siteTree were matched with the species names from the data as follows {3,4,5,0,9,1,2,10,8,11,6,7}
Partition  reversible model flag computed as 1
Internal error in '_LikelihoodFunction::RankVariables': missing parameter name dNdS
Auto-benchmarked an optimal number (1) of threads.
Set GUI update interval to every 84-th LF evaluation.
Optimization settings:
	OPTIMIZATION_METHOD = 4
	OPTIMIZATION_PRECISION = 0.001
	MAXIMUM_ITERATIONS_PER_VARIABLE = 5000

Initial parameter values

dNdS = 1
Optimization finished in 4 loop passes.
65 likelihood evaluation calls and 1281 matrix exponentiations calls were made

Row and/or column partition is empty. All the data will be used by default.
The tips of the tree:siteTree were matched with the species names from the data as follows {3,4,5,0,9,1,2,10,8,11,6,7}
Partition  reversible model flag computed as 1
Internal error in '_LikelihoodFunction::RankVariables': missing parameter name dNdS
Auto-benchmarked an optimal number (1) of threads.
Set GUI update interval to every 63-th LF evaluation.
Optimization settings:
	OPTIMIZATION_METHOD = 4
	OPTIMIZATION_PRECISION = 0.001
	MAXIMUM_ITERATIONS_PER_VARIABLE = 5000

Initial parameter values

dNdS = 1
Optimization finished in 4 loop passes.
68 likelihood evaluation calls and 1344 matrix exponentiations calls were made

Row and/or column partition is empty. All the data will be used by default.
The tips of the tree:siteTree were matched with the species names from the data as follows {3,4,5,0,9,1,2,10,8,11,6,7}
Partition  reversible model flag computed as 1
Internal error in '_LikelihoodFunction::RankVariables': missing parameter name dNdS
Auto-benchmarked an optimal number (1) of threads.
Set GUI update interval to every 83-th LF evaluation.
Optimization settings:
	OPTIMIZATION_METHOD = 4
	OPTIMIZATION_PRECISION = 0.001
	MAXIMUM_ITERATIONS_PER_VARIABLE = 5000

Initial parameter values

dNdS = 1
Optimization finished in 4 loop passes.
67 likelihood evaluation calls and 1323 matrix exponentiations calls were made

Row and/or column partition is empty. All the data will be used by default.
The tips of the tree:siteTree were matched with the species names from the data as follows {3,4,5,0,9,1,2,10,8,11,6,7}
Partition  reversible model flag computed as 1
Internal error in '_LikelihoodFunction::RankVariables': missing parameter name dNdS
Auto-benchmarked an optimal number (1) of threads.
Set GUI update interval to every 85-th LF evaluation.
Optimization settings:
	OPTIMIZATION_METHOD = 4
	OPTIMIZATION_PRECISION = 0.001
	MAXIMUM_ITERATIONS_PER_VARIABLE = 5000

Initial parameter values

dNdS = 1
Optimization finished in 4 loop passes.
66 likelihood evaluation calls and 1302 matrix exponentiations calls were made

Row and/or column partition is empty. All the data will be used by default.
The tips of the tree:siteTree were matched with the species names from the data as follows {3,4,5,0,9,1,2,10,8,11,6,7}
Partition  reversible model flag computed as 1
Internal error in '_LikelihoodFunction::RankVariables': missing parameter name dNdS
Auto-benchmarked an optimal number (1) of threads.
Set GUI update interval to every 69-th LF evaluation.
Optimization settings:
	OPTIMIZATION_METHOD = 4
	OPTIMIZATION_PRECISION = 0.001
	MAXIMUM_ITERATIONS_PER_VARIABLE = 5000

Initial parameter values

dNdS = 1
Optimization finished in 4 loop passes.
65 likelihood evaluation calls and 1281 matrix exponentiations calls were made

Row and/or column partition is empty. All the data will be used by default.
The tips of the tree:siteTree were matched with the species names from the data as follows {3,4,5,0,9,1,2,10,8,11,6,7}
Partition  reversible model flag computed as 1
Internal error in '_LikelihoodFunction::RankVariables': missing parameter name dNdS
Auto-benchmarked an optimal number (1) of threads.
Set GUI update interval to every 39-th LF evaluation.
Optimization settings:
	OPTIMIZATION_METHOD = 4
	OPTIMIZATION_PRECISION = 0.001
	MAXIMUM_ITERATIONS_PER_VARIABLE = 5000

Initial parameter values

dNdS = 1
Optimization finished in 4 loop passes.
66 likelihood evaluation calls and 1302 matrix exponentiations calls were made

Row and/or column partition is empty. All the data will be used by default.
The tips of the tree:siteTree were matched with the species names from the data as follows {3,4,5,0,9,1,2,10,8,11,6,7}
Partition  reversible model flag computed as 1
Internal error in '_LikelihoodFunction::RankVariables': missing parameter name dNdS
Auto-benchmarked an optimal number (1) of threads.
Set GUI update interval to every 22-th LF evaluation.
Optimization settings:
	OPTIMIZATION_METHOD = 4
	OPTIMIZATION_PRECISION = 0.001
	MAXIMUM_ITERATIONS_PER_VARIABLE = 5000

Initial parameter values

dNdS = 1
Optimization finished in 4 loop passes.
65 likelihood evaluation calls and 1302 matrix exponentiations calls were made

Row and/or column partition is empty. All the data will be used by default.
The tips of the tree:siteTree were matched with the species names from the data as follows {3,4,5,0,9,1,2,10,8,11,6,7}
Partition  reversible model flag computed as 1
Internal error in '_LikelihoodFunction::RankVariables': missing parameter name dNdS
Auto-benchmarked an optimal number (1) of threads.
Set GUI update interval to every 88-th LF evaluation.
Optimization settings:
	OPTIMIZATION_METHOD = 4
	OPTIMIZATION_PRECISION = 0.001
	MAXIMUM_ITERATIONS_PER_VARIABLE = 5000

Initial parameter values

dNdS = 1
Optimization finished in 4 loop passes.
68 likelihood evaluation calls and 1344 matrix exponentiations calls were made

Row and/or column partition is empty. All the data will be used by default.
The tips of the tree:siteTree were matched with the species names from the data as follows {3,4,5,0,9,1,2,10,8,11,6,7}
Partition  reversible model flag computed as 1
Internal error in '_LikelihoodFunction::RankVariables': missing parameter name dNdS
Auto-benchmarked an optimal number (1) of threads.
Set GUI update interval to every 32-th LF evaluation.
Optimization settings:
	OPTIMIZATION_METHOD = 4
	OPTIMIZATION_PRECISION = 0.001
	MAXIMUM_ITERATIONS_PER_VARIABLE = 5000

Initial parameter values

dNdS = 1
Optimization finished in 4 loop passes.
66 likelihood evaluation calls and 1302 matrix exponentiations calls were made

Row and/or column partition is empty. All the data will be used by default.
The tips of the tree:siteTree were matched with the species names from the data as follows {3,4,5,0,9,1,2,10,8,11,6,7}
Partition  reversible model flag computed as 1
Internal error in '_LikelihoodFunction::RankVariables': missing parameter name dNdS
Auto-benchmarked an optimal number (1) of threads.
Set GUI update interval to every 84-th LF evaluation.
Optimization settings:
	OPTIMIZATION_METHOD = 4
	OPTIMIZATION_PRECISION = 0.001
	MAXIMUM_ITERATIONS_PER_VARIABLE = 5000

Initial parameter values

dNdS = 1
Optimization finished in 4 loop passes.
66 likelihood evaluation calls and 1302 matrix exponentiations calls were made

Row and/or column partition is empty. All the data will be used by default.
The tips of the tree:siteTree were matched with the species names from the data as follows {3,4,5,0,9,1,2,10,8,11,6,7}
Partition  reversible model flag computed as 1
Internal error in '_LikelihoodFunction::RankVariables': missing parameter name dNdS
Auto-benchmarked an optimal number (2) of threads.
Set GUI update interval to every 66-th LF evaluation.
Optimization settings:
	OPTIMIZATION_METHOD = 4
	OPTIMIZATION_PRECISION = 0.001
	MAXIMUM_ITERATIONS_PER_VARIABLE = 5000

Initial parameter values

dNdS = 1
Optimization finished in 4 loop passes.
68 likelihood evaluation calls and 1344 matrix exponentiations calls were made

Row and/or column partition is empty. All the data will be used by default.
The tips of the tree:siteTree were matched with the species names from the data as follows {3,4,5,0,9,1,2,10,8,11,6,7}
Partition  reversible model flag computed as 1
Internal error in '_LikelihoodFunction::RankVariables': missing parameter name dNdS
Auto-benchmarked an optimal number (1) of threads.
Set GUI update interval to every 82-th LF evaluation.
Optimization settings:
	OPTIMIZATION_METHOD = 4
	OPTIMIZATION_PRECISION = 0.001
	MAXIMUM_ITERATIONS_PER_VARIABLE = 5000

Initial parameter values

dNdS = 1
Optimization finished in 4 loop passes.
66 likelihood evaluation calls and 1302 matrix exponentiations calls were made

Row and/or column partition is empty. All the data will be used by default.
The tips of the tree:siteTree were matched with the species names from the data as follows {3,4,5,0,9,1,2,10,8,11,6,7}
Partition  reversible model flag computed as 1
Internal error in '_LikelihoodFunction::RankVariables': missing parameter name dNdS
Auto-benchmarked an optimal number (1) of threads.
Set GUI update interval to every 37-th LF evaluation.
Optimization settings:
	OPTIMIZATION_METHOD = 4
	OPTIMIZATION_PRECISION = 0.001
	MAXIMUM_ITERATIONS_PER_VARIABLE = 5000

Initial parameter values

dNdS = 1
Optimization finished in 4 loop passes.
66 likelihood evaluation calls and 1302 matrix exponentiations calls were made

Row and/or column partition is empty. All the data will be used by default.
The tips of the tree:siteTree were matched with the species names from the data as follows {3,4,5,0,9,1,2,10,8,11,6,7}
Partition  reversible model flag computed as 1
Internal error in '_LikelihoodFunction::RankVariables': missing parameter name dNdS
Auto-benchmarked an optimal number (1) of threads.
Set GUI update interval to every 87-th LF evaluation.
Optimization settings:
	OPTIMIZATION_METHOD = 4
	OPTIMIZATION_PRECISION = 0.001
	MAXIMUM_ITERATIONS_PER_VARIABLE = 5000

Initial parameter values

dNdS = 1
Optimization finished in 4 loop passes.
66 likelihood evaluation calls and 1302 matrix exponentiations calls were made

Row and/or column partition is empty. All the data will be used by default.
The tips of the tree:siteTree were matched with the species names from the data as follows {3,4,5,0,9,1,2,10,8,11,6,7}
Partition  reversible model flag computed as 1
Internal error in '_LikelihoodFunction::RankVariables': missing parameter name dNdS
Auto-benchmarked an optimal number (1) of threads.
Set GUI update interval to every 87-th LF evaluation.
Optimization settings:
	OPTIMIZATION_METHOD = 4
	OPTIMIZATION_PRECISION = 0.001
	MAXIMUM_ITERATIONS_PER_VARIABLE = 5000

Initial parameter values

dNdS = 1
Optimization finished in 4 loop passes.
66 likelihood evaluation calls and 1302 matrix exponentiations calls were made

Row and/or column partition is empty. All the data will be used by default.
The tips of the tree:siteTree were matched with the species names from the data as follows {3,4,5,0,9,1,2,10,8,11,6,7}
Partition  reversible model flag computed as 1
Internal error in '_LikelihoodFunction::RankVariables': missing parameter name dNdS
Auto-benchmarked an optimal number (2) of threads.
Set GUI update interval to every 66-th LF evaluation.
Optimization settings:
	OPTIMIZATION_METHOD = 4
	OPTIMIZATION_PRECISION = 0.001
	MAXIMUM_ITERATIONS_PER_VARIABLE = 5000

Initial parameter values

dNdS = 1
Optimization finished in 4 loop passes.
67 likelihood evaluation calls and 1323 matrix exponentiations calls were made

Row and/or column partition is empty. All the data will be used by default.
The tips of the tree:siteTree were matched with the species names from the data as follows {3,4,5,0,9,1,2,10,8,11,6,7}
Partition  reversible model flag computed as 1
Internal error in '_LikelihoodFunction::RankVariables': missing parameter name dNdS
Auto-benchmarked an optimal number (1) of threads.
Set GUI update interval to every 96-th LF evaluation.
Optimization settings:
	OPTIMIZATION_METHOD = 4
	OPTIMIZATION_PRECISION = 0.001
	MAXIMUM_ITERATIONS_PER_VARIABLE = 5000

Initial parameter values

dNdS = 1
Optimization finished in 4 loop passes.
66 likelihood evaluation calls and 1302 matrix exponentiations calls were made

Row and/or column partition is empty. All the data will be used by default.
The tips of the tree:siteTree were matched with the species names from the data as follows {3,4,5,0,9,1,2,10,8,11,6,7}
Partition  reversible model flag computed as 1
Internal error in '_LikelihoodFunction::RankVariables': missing parameter name dNdS
Auto-benchmarked an optimal number (1) of threads.
Set GUI update interval to every 43-th LF evaluation.
Optimization settings:
	OPTIMIZATION_METHOD = 4
	OPTIMIZATION_PRECISION = 0.001
	MAXIMUM_ITERATIONS_PER_VARIABLE = 5000

Initial parameter values

dNdS = 1
Optimization finished in 4 loop passes.
66 likelihood evaluation calls and 1302 matrix exponentiations calls were made

Row and/or column partition is empty. All the data will be used by default.
The tips of the tree:siteTree were matched with the species names from the data as follows {3,4,5,0,9,1,2,10,8,11,6,7}
Partition  reversible model flag computed as 1
Internal error in '_LikelihoodFunction::RankVariables': missing parameter name dNdS
Auto-benchmarked an optimal number (1) of threads.
Set GUI update interval to every 93-th LF evaluation.
Optimization settings:
	OPTIMIZATION_METHOD = 4
	OPTIMIZATION_PRECISION = 0.001
	MAXIMUM_ITERATIONS_PER_VARIABLE = 5000

Initial parameter values

dNdS = 1
Optimization finished in 4 loop passes.
65 likelihood evaluation calls and 1281 matrix exponentiations calls were made

Row and/or column partition is empty. All the data will be used by default.
The tips of the tree:siteTree were matched with the species names from the data as follows {3,4,5,0,9,1,2,10,8,11,6,7}
Partition  reversible model flag computed as 1
Internal error in '_LikelihoodFunction::RankVariables': missing parameter name dNdS
Auto-benchmarked an optimal number (1) of threads.
Set GUI update interval to every 89-th LF evaluation.
Optimization settings:
	OPTIMIZATION_METHOD = 4
	OPTIMIZATION_PRECISION = 0.001
	MAXIMUM_ITERATIONS_PER_VARIABLE = 5000

Initial parameter values

dNdS = 1
Internal error in _LikelihoodFunction::ConjugateGradientDescent. The function evaluated at current parameter values [-6.767875752916557] does not match the last recorded LF maximum [-6.762526006987721]
Internal error in _LikelihoodFunction::ConjugateGradientDescent. The function evaluated at current parameter values [-6.762526008740434] does not match the last recorded LF maximum [-6.762526006999049]
Optimization finished in 7 loop passes.
130 likelihood evaluation calls and 2499 matrix exponentiations calls were made

Row and/or column partition is empty. All the data will be used by default.
The tips of the tree:siteTree were matched with the species names from the data as follows {3,4,5,0,9,1,2,10,8,11,6,7}
Partition  reversible model flag computed as 1
Internal error in '_LikelihoodFunction::RankVariables': missing parameter name dNdS
Auto-benchmarked an optimal number (1) of threads.
Set GUI update interval to every 86-th LF evaluation.
Optimization settings:
	OPTIMIZATION_METHOD = 4
	OPTIMIZATION_PRECISION = 0.001
	MAXIMUM_ITERATIONS_PER_VARIABLE = 5000

Initial parameter values

dNdS = 1
Optimization finished in 4 loop passes.
66 likelihood evaluation calls and 1302 matrix exponentiations calls were made

Row and/or column partition is empty. All the data will be used by default.
The tips of the tree:siteTree were matched with the species names from the data as follows {3,4,5,0,9,1,2,10,8,11,6,7}
Partition  reversible model flag computed as 1
Internal error in '_LikelihoodFunction::RankVariables': missing parameter name dNdS
Auto-benchmarked an optimal number (1) of threads.
Set GUI update interval to every 69-th LF evaluation.
Optimization settings:
	OPTIMIZATION_METHOD = 4
	OPTIMIZATION_PRECISION = 0.001
	MAXIMUM_ITERATIONS_PER_VARIABLE = 5000

Initial parameter values

dNdS = 1
Optimization finished in 4 loop passes.
66 likelihood evaluation calls and 1302 matrix exponentiations calls were made

Row and/or column partition is empty. All the data will be used by default.
The tips of the tree:siteTree were matched with the species names from the data as follows {3,4,5,0,9,1,2,10,8,11,6,7}
Partition  reversible model flag computed as 1
Internal error in '_LikelihoodFunction::RankVariables': missing parameter name dNdS
Auto-benchmarked an optimal number (1) of threads.
Set GUI update interval to every 89-th LF evaluation.
Optimization settings:
	OPTIMIZATION_METHOD = 4
	OPTIMIZATION_PRECISION = 0.001
	MAXIMUM_ITERATIONS_PER_VARIABLE = 5000

Initial parameter values

dNdS = 1
Optimization finished in 4 loop passes.
66 likelihood evaluation calls and 1323 matrix exponentiations calls were made

Row and/or column partition is empty. All the data will be used by default.
The tips of the tree:siteTree were matched with the species names from the data as follows {3,4,5,0,9,1,2,10,8,11,6,7}
Partition  reversible model flag computed as 1
Internal error in '_LikelihoodFunction::RankVariables': missing parameter name dNdS
Auto-benchmarked an optimal number (1) of threads.
Set GUI update interval to every 83-th LF evaluation.
Optimization settings:
	OPTIMIZATION_METHOD = 4
	OPTIMIZATION_PRECISION = 0.001
	MAXIMUM_ITERATIONS_PER_VARIABLE = 5000

Initial parameter values

dNdS = 1
Optimization finished in 4 loop passes.
66 likelihood evaluation calls and 1302 matrix exponentiations calls were made

Row and/or column partition is empty. All the data will be used by default.
The tips of the tree:siteTree were matched with the species names from the data as follows {3,4,5,0,9,1,2,10,8,11,6,7}
Partition  reversible model flag computed as 1
Internal error in '_LikelihoodFunction::RankVariables': missing parameter name dNdS
Auto-benchmarked an optimal number (1) of threads.
Set GUI update interval to every 85-th LF evaluation.
Optimization settings:
	OPTIMIZATION_METHOD = 4
	OPTIMIZATION_PRECISION = 0.001
	MAXIMUM_ITERATIONS_PER_VARIABLE = 5000

Initial parameter values

dNdS = 1
Optimization finished in 4 loop passes.
65 likelihood evaluation calls and 1302 matrix exponentiations calls were made

Row and/or column partition is empty. All the data will be used by default.
The tips of the tree:siteTree were matched with the species names from the data as follows {3,4,5,0,9,1,2,10,8,11,6,7}
Partition  reversible model flag computed as 1
Internal error in '_LikelihoodFunction::RankVariables': missing parameter name dNdS
Auto-benchmarked an optimal number (1) of threads.
Set GUI update interval to every 92-th LF evaluation.
Optimization settings:
	OPTIMIZATION_METHOD = 4
	OPTIMIZATION_PRECISION = 0.001
	MAXIMUM_ITERATIONS_PER_VARIABLE = 5000

Initial parameter values

dNdS = 1
Optimization finished in 4 loop passes.
66 likelihood evaluation calls and 1302 matrix exponentiations calls were made

Row and/or column partition is empty. All the data will be used by default.
The tips of the tree:siteTree were matched with the species names from the data as follows {3,4,5,0,9,1,2,10,8,11,6,7}
Partition  reversible model flag computed as 1
Internal error in '_LikelihoodFunction::RankVariables': missing parameter name dNdS
Auto-benchmarked an optimal number (1) of threads.
Set GUI update interval to every 67-th LF evaluation.
Optimization settings:
	OPTIMIZATION_METHOD = 4
	OPTIMIZATION_PRECISION = 0.001
	MAXIMUM_ITERATIONS_PER_VARIABLE = 5000

Initial parameter values

dNdS = 1
Optimization finished in 4 loop passes.
67 likelihood evaluation calls and 1323 matrix exponentiations calls were made

Row and/or column partition is empty. All the data will be used by default.
The tips of the tree:siteTree were matched with the species names from the data as follows {3,4,5,0,9,1,2,10,8,11,6,7}
Partition  reversible model flag computed as 1
Internal error in '_LikelihoodFunction::RankVariables': missing parameter name dNdS
Auto-benchmarked an optimal number (1) of threads.
Set GUI update interval to every 83-th LF evaluation.
Optimization settings:
	OPTIMIZATION_METHOD = 4
	OPTIMIZATION_PRECISION = 0.001
	MAXIMUM_ITERATIONS_PER_VARIABLE = 5000

Initial parameter values

dNdS = 1
Optimization finished in 4 loop passes.
67 likelihood evaluation calls and 1323 matrix exponentiations calls were made

Row and/or column partition is empty. All the data will be used by default.
The tips of the tree:siteTree were matched with the species names from the data as follows {3,4,5,0,9,1,2,10,8,11,6,7}
Partition  reversible model flag computed as 1
Internal error in '_LikelihoodFunction::RankVariables': missing parameter name dNdS
Auto-benchmarked an optimal number (1) of threads.
Set GUI update interval to every 85-th LF evaluation.
Optimization settings:
	OPTIMIZATION_METHOD = 4
	OPTIMIZATION_PRECISION = 0.001
	MAXIMUM_ITERATIONS_PER_VARIABLE = 5000

Initial parameter values

dNdS = 1
Internal error in _LikelihoodFunction::ConjugateGradientDescent. The function evaluated at current parameter values [-7.080798846499735] does not match the last recorded LF maximum [-7.080563047554167]
Optimization finished in 4 loop passes.
99 likelihood evaluation calls and 1953 matrix exponentiations calls were made

Row and/or column partition is empty. All the data will be used by default.
The tips of the tree:siteTree were matched with the species names from the data as follows {3,4,5,0,9,1,2,10,8,11,6,7}
Partition  reversible model flag computed as 1
Internal error in '_LikelihoodFunction::RankVariables': missing parameter name dNdS
Auto-benchmarked an optimal number (1) of threads.
Set GUI update interval to every 96-th LF evaluation.
Optimization settings:
	OPTIMIZATION_METHOD = 4
	OPTIMIZATION_PRECISION = 0.001
	MAXIMUM_ITERATIONS_PER_VARIABLE = 5000

Initial parameter values

dNdS = 1
Internal error in _LikelihoodFunction::ConjugateGradientDescent. The function evaluated at current parameter values [-7.037222418366988] does not match the last recorded LF maximum [-7.032662852303483]
Internal error in _LikelihoodFunction::ConjugateGradientDescent. The function evaluated at current parameter values [-7.032662854053928] does not match the last recorded LF maximum [-7.032662852315009]
Optimization finished in 7 loop passes.
126 likelihood evaluation calls and 2373 matrix exponentiations calls were made

Row and/or column partition is empty. All the data will be used by default.
The tips of the tree:siteTree were matched with the species names from the data as follows {3,4,5,0,9,1,2,10,8,11,6,7}
Partition  reversible model flag computed as 1
Internal error in '_LikelihoodFunction::RankVariables': missing parameter name dNdS
Auto-benchmarked an optimal number (1) of threads.
Set GUI update interval to every 88-th LF evaluation.
Optimization settings:
	OPTIMIZATION_METHOD = 4
	OPTIMIZATION_PRECISION = 0.001
	MAXIMUM_ITERATIONS_PER_VARIABLE = 5000

Initial parameter values

dNdS = 1
Optimization finished in 4 loop passes.
65 likelihood evaluation calls and 1281 matrix exponentiations calls were made

Variable 'FEL_RUN_TIMER' was not initialized prior to being used
Variable 'FEL_MASTER_TIMER' was not initialized prior to being used