 site omega ml lrt p
 1 0.00000 -4.08053 51.90407 0.00000 
 2 1.20518 -203.78913 0.65194 0.20971
 3 0.23616 -170.15150 14.29303 0.00008 
 4 0.49332 -88.95696 5.11120 0.01189 
 5 0.24624 -73.69726 13.23607 0.00014 
 6 0.05164 -55.91787 30.74342 0.00000 
 7 0.50153 -110.87500 3.03149 0.04083 
 8 0.23504 -57.75224 18.02090 0.00001 
 9 1.07516 -135.71955 0.07667 0.39093
 10 0.86372 -151.56099 0.31454 0.28745
 11 0.74924 -161.03381 0.64221 0.21146
 12 0.60082 -172.98109 3.39944 0.03261 
 13 0.63750 -219.78146 1.41791 0.11687
 14 1.12203 -186.80470 0.25437 0.30701
 15 0.89756 -211.85535 0.16905 0.34048
 16 0.98494 -249.55025 0.00439 0.47360
 17 0.55781 -137.88249 3.53973 0.02996 
 18 0.54458 -165.58566 5.91899 0.00749 
 19 2.39422 -472.38233 31.28326 0.00000 
 20 0.20157 -169.59333 23.55969 0.00000 
 21 0.77484 -265.56720 1.62711 0.10105
 22 0.47532 -157.07863 8.61158 0.00167 
 23 0.48869 -141.23906 9.21826 0.00120 
 24 0.47445 -162.51158 8.65923 0.00163 
 25 0.59456 -169.76629 5.81321 0.00795 
 26 1.11077 -344.42852 0.28664 0.29619
 27 0.03618 -86.58230 46.55880 0.00000 
 28 0.37193 -257.77628 12.55883 0.00020 
 29 0.07451 -177.72420 19.61799 0.00000 
 30 0.00000 -54.92523 52.28746 0.00000 
 31 0.19022 -166.32817 20.74916 0.00000 
 32 0.00000 -128.18251 61.80836 0.00000 
 33 0.15451 -152.31392 28.77962 0.00000 
 34 0.03861 -28.65005 43.21624 0.00000 
 35 0.07237 -73.16120 40.68976 0.00000 
 36 0.19523 -177.15005 24.82736 0.00000 
 37 0.32303 -147.67023 15.42468 0.00004 
 38 0.00000 -97.18995 50.47666 0.00000 
 39 0.00000 -102.43564 59.59607 0.00000 
 40 0.08258 -265.17332 34.38830 0.00000 
 41 0.83057 -227.66830 0.80413 0.18493
 42 0.00000 -82.47318 51.16519 0.00000 
 43 0.37920 -102.28770 11.97484 0.00027 
 44 0.00000 -34.15471 48.36138 0.00000 
 45 0.12936 -117.00185 28.03743 0.00000 
 46 0.33054 -271.86996 14.65294 0.00006 
 47 0.75300 -167.61336 1.67791 0.09760 
 48 0.13938 -95.25963 33.55148 0.00000 
 49 1.09095 -197.22210 0.13208 0.35814
 50 0.34513 -110.78442 13.29884 0.00013 
 51 0.00000 -67.53136 54.46419 0.00000 
 52 0.07806 -160.49689 36.96528 0.00000 
 53 0.00000 -66.83675 48.36138 0.00000 
 54 0.03954 -55.57336 42.01558 0.00000 
 55 0.00000 -91.87675 55.20387 0.00000 
 56 0.08258 -92.99663 34.38488 0.00000 
 57 0.00000 -211.76923 54.46234 0.00000 
 58 0.07450 -181.84689 19.62468 0.00000 
 59 0.15619 -109.78876 28.30506 0.00000 
 60 0.00000 -75.09579 32.63176 0.00000 
 61 1.64836 -368.46495 10.17144 0.00071 
 62 0.27661 -155.31156 15.93036 0.00003 
 63 0.58631 -134.35682 3.76710 0.02614 
 64 0.75763 -183.11296 1.60365 0.10269
 65 0.67726 -203.45812 3.63587 0.02827 
 66 1.40246 -284.67210 3.98036 0.02302 
 67 0.10133 -58.31690 39.35967 0.00000 
 68 0.03820 -107.67686 43.75404 0.00000 
 69 1.93291 -359.50417 18.95775 0.00001 
 70 0.39583 -192.07230 14.34822 0.00008 
 71 0.04027 -94.33182 41.18342 0.00000 
 72 0.30926 -167.88393 16.91922 0.00002 
 73 0.97086 -250.75767 0.01409 0.45276
 74 0.38844 -170.40347 11.28361 0.00039 
 75 0.35127 -131.59051 12.78615 0.00017 
 76 0.00000 -43.20715 57.32110 0.00000 
 77 0.00000 -183.82127 59.64342 0.00000 
 78 0.74866 -212.19919 1.84303 0.08730 
 79 0.07910 -119.09870 36.32657 0.00000 
 80 0.03819 -69.06909 43.76049 0.00000 
 81 0.08259 -78.10304 34.38364 0.00000 
 82 0.14915 -154.82657 15.18380 0.00005 
 83 0.23641 -72.67330 24.95244 0.00000 
 84 0.00000 -19.75034 57.32166 0.00000 
 85 0.18108 -145.18143 28.07532 0.00000 
 86 0.00000 -67.16407 26.79036 0.00000 
 87 0.00000 -123.79914 28.19005 0.00000 
 88 0.00000 -114.75574 59.60400 0.00000 
 89 0.03483 -84.97932 48.60491 0.00000 
 90 0.00000 -70.78195 49.60962 0.00000 
 91 0.44282 -181.48845 7.07889 0.00390 
 92 0.00000 -37.92663 52.29315 0.00000 
 93 0.10451 -85.51904 37.76876 0.00000 
 94 0.80881 -256.35803 1.20583 0.13608
 95 0.62733 -149.81724 3.56925 0.02943 
 96 0.24486 -112.62754 13.38421 0.00013 
 97 0.31658 -187.63916 16.08393 0.00003 
 98 0.16774 -93.74379 25.33414 0.00000 
 99 0.40904 -155.12299 10.97731 0.00046 
 100 1.00000 0.00000 0.00000 1.00000
 101 0.06967 -74.72676 42.66317 0.00000 
 102 0.00000 -58.26588 45.55973 0.00000 
 103 0.04469 -36.02842 36.48295 0.00000 
 104 0.66585 -196.70225 3.22520 0.03626 
 105 0.03665 -60.35204 45.84772 0.00000 
 106 0.00000 -203.05861 48.36730 0.00000 
 107 0.39581 -151.59213 14.35116 0.00008 
 108 0.71310 -177.40210 2.17372 0.07019 
 109 0.25350 -142.04548 21.96313 0.00000 
 110 1.41042 -224.52686 3.05445 0.04026 
 111 0.00000 -19.54970 60.66094 0.00000 
 112 0.71371 -187.97151 2.28944 0.06513 
 113 0.00000 -57.59467 52.29260 0.00000 
 114 0.04979 -48.32356 32.09645 0.00000 
 115 0.04027 -75.10485 41.18462 0.00000 
 116 0.04980 -36.20214 32.08990 0.00000 
 117 0.14012 -86.62754 33.29187 0.00000 
 118 0.07809 -124.62510 36.95030 0.00000 
 119 0.16122 -152.10129 26.98214 0.00000 
 120 0.17426 -75.58091 29.83715 0.00000 
 121 0.19923 -57.37713 19.19822 0.00001 
 122 0.54552 -208.06799 6.79434 0.00457 
 123 0.04614 -83.50084 35.14711 0.00000 
 124 0.00000 -71.26997 45.54949 0.00000 
 125 0.10219 -152.72096 38.93187 0.00000 
 126 0.00000 -49.01978 37.42640 0.00000 
 127 0.14912 -93.65378 15.18885 0.00005 
 128 0.82544 -194.22347 0.82200 0.18230
 129 0.00000 -59.44680 55.20387 0.00000 
 130 0.21340 -138.88447 17.09770 0.00002 
 131 0.00000 -231.24706 42.75718 0.00000 
 132 0.00000 -72.20266 62.11849 0.00000 
 133 0.08273 -106.20808 34.30557 0.00000 
 134 0.22346 -204.40541 11.84018 0.00029 
 135 0.07332 -174.68191 40.00741 0.00000 
 136 0.00000 -61.26971 44.70727 0.00000 
 137 1.04004 -234.30552 0.03938 0.42135
 138 0.83817 -207.55798 0.69199 0.20274
 139 0.00000 -41.92350 54.46456 0.00000 
 140 1.13175 -342.61527 0.49808 0.24017
 141 0.00000 -19.09173 44.71004 0.00000 
 142 0.19693 -85.93759 24.46058 0.00000 
 143 0.07053 -15.16690 21.02882 0.00000 
 144 1.36006 -330.82178 2.81236 0.04677 
 145 0.03350 -62.04866 50.80356 0.00000 
 146 0.07807 -107.40568 36.96235 0.00000 
 147 0.37515 -187.47572 12.45933 0.00021 
 148 0.00000 -84.20065 32.63025 0.00000 
 149 0.47086 -209.58120 8.86243 0.00146 
 150 0.00000 -116.68854 59.74590 0.00000 
 151 0.33121 -105.20124 14.58895 0.00007 
 152 0.03292 -102.11044 51.83423 0.00000 
 153 0.32584 -140.81300 13.23870 0.00014 
 154 2.66226 -621.17057 50.85278 0.00000 
 155 0.00000 -44.19427 52.29329 0.00000 
 156 1.08584 -226.40875 0.19055 0.33123
 157 0.17040 -143.73937 30.90371 0.00000 
 158 1.81826 -375.93509 15.01264 0.00005 
 159 0.09218 -163.44868 29.80770 0.00000 
 160 1.58725 -358.13133 7.32525 0.00340 
 161 1.78746 -394.26875 12.83351 0.00017 
 162 0.03293 -53.14964 51.82093 0.00000 
 163 0.00000 -40.09033 44.70874 0.00000 
 164 0.00000 -64.83960 44.70873 0.00000 
 165 0.09876 -60.80547 40.77171 0.00000 
 166 0.53539 -206.73498 7.26732 0.00351 
 167 0.00000 -135.12880 27.82339 0.00000 
 168 0.03954 -69.90255 42.01812 0.00000 
 169 1.00000 0.00000 0.00000 1.00000
 170 0.07088 -163.13375 20.89363 0.00000 
 171 0.36963 -115.92424 12.74933 0.00018 
 172 0.93291 -373.35371 0.11314 0.36830
 173 2.09521 -270.62528 11.83449 0.00029 
 174 0.97701 -227.98189 0.01302 0.45457
 175 0.64529 -136.61086 3.11726 0.03873 
 176 0.20978 -113.62200 21.98371 0.00000 
 177 0.04980 -134.19117 32.08754 0.00000 
 178 0.20238 -114.93966 23.40048 0.00000 
 179 0.21777 -146.58070 24.75846 0.00000 
 180 0.22228 -223.52860 11.31610 0.00038 
 181 0.19787 -212.02689 24.26518 0.00000 
 182 0.27336 -217.77620 19.00952 0.00001 
 183 0.37217 -221.64214 12.53968 0.00020 
 184 0.16141 -70.13535 40.36972 0.00000 
 185 0.04028 -50.29408 41.17651 0.00000 
 186 0.11868 -53.87042 31.68046 0.00000 
 187 0.55531 -151.29000 5.93002 0.00744 
 188 0.32747 -158.94832 16.82189 0.00002 
 189 1.65885 -292.97035 7.36849 0.00332 
 190 0.17889 -91.19343 22.91040 0.00000 
 191 0.17436 -80.25884 29.81134 0.00000 
 192 0.04191 -73.96516 39.27650 0.00000 
 193 0.00000 -108.36487 28.17893 0.00000 
 194 0.00000 -43.01531 40.09914 0.00000 
 195 0.08619 -74.34979 32.52658 0.00000 
 196 1.00000 0.00000 0.00000 1.00000
 197 0.00000 -134.71831 62.08502 0.00000 
 198 0.31259 -203.51493 16.53855 0.00002 
 199 1.12874 -342.22089 0.40717 0.26170
 200 0.07723 -103.61119 37.48055 0.00000 
 201 0.00000 -181.62441 49.60960 0.00000 
 202 1.46666 -460.09078 5.80913 0.00797 
 203 0.04130 -273.14619 39.97467 0.00000 
 204 1.05264 -279.33091 0.07732 0.39048
 205 0.61893 -161.08142 4.33378 0.01868 
 206 0.27942 -135.89674 20.80334 0.00000 
 207 0.00000 -43.13222 32.63313 0.00000 
 208 1.31938 -281.16131 2.11704 0.07283 
 209 1.19874 -276.23288 0.92566 0.16800
 210 2.35955 -391.18759 17.67112 0.00001 
 211 0.54898 -128.37453 4.86510 0.01370 
 212 0.40212 -164.78037 12.63641 0.00019 
 213 0.61177 -131.72434 2.85568 0.04553 
 214 0.85792 -240.56606 0.54240 0.23072
 215 0.88476 -166.46069 0.26481 0.30342
 216 0.00000 -71.72887 60.05869 0.00000 
 217 0.35729 -115.40701 15.34862 0.00004 
 218 0.59473 -168.39553 4.51474 0.01680 
 219 0.20666 -110.76519 22.56944 0.00000 
 220 0.07809 -153.17405 36.94709 0.00000 
 221 0.04607 -82.75929 35.20649 0.00000 
 222 0.00000 -68.62322 48.36138 0.00000 
 223 0.37814 -122.02209 12.05477 0.00026 
 224 0.39190 -170.53306 13.48778 0.00012 
 225 0.23059 -133.69296 26.10894 0.00000 
 226 0.00000 -36.53934 32.63319 0.00000 
 227 0.06120 -60.62822 25.04446 0.00000 
 228 0.27579 -126.11868 18.68288 0.00001 
 229 0.11702 -128.02872 32.33078 0.00000 
 230 0.82171 -242.99004 0.78011 0.18855
 231 0.08056 -176.89878 35.53080 0.00000 
 232 0.39486 -150.01530 12.02525 0.00026 
 233 0.38838 -219.97895 11.28686 0.00039 
 234 0.33457 -203.88407 17.83397 0.00001 
 235 0.92625 -272.83121 0.12011 0.36446
 236 0.96915 -269.94709 0.02671 0.43509
 237 1.21610 -311.32367 1.07404 0.15002
 238 0.27481 -213.41804 18.81386 0.00001 
 239 1.44411 -322.57154 4.53754 0.01658 
 240 0.06818 -117.32474 43.82518 0.00000 
 241 3.92780 -715.28565 128.57634 0.00000 
 242 1.85885 -423.10972 13.30452 0.00013 
 243 0.20868 -139.13531 22.21538 0.00000 
 244 0.00000 -58.05240 60.61727 0.00000 
 245 1.51250 -405.05693 6.01382 0.00710 
 246 0.34317 -83.36601 16.83615 0.00002 
 247 0.00000 -26.33856 60.61891 0.00000 
 248 0.04308 -122.63245 38.02889 0.00000 
 249 0.24897 -77.18309 16.21674 0.00003 
 250 0.00000 -4.52185 28.30824 0.00000 
 251 0.00000 -30.87611 48.32481 0.00000 
 252 0.16904 -61.17156 31.28908 0.00000 
 253 0.03906 -115.37178 42.62986 0.00000 
 254 0.25186 -73.81733 19.03739 0.00001 
 255 0.12094 -244.58993 30.89149 0.00000 
 256 0.03352 -101.30603 50.77027 0.00000 
 257 0.00000 -43.99447 57.27798 0.00000 
 258 0.47433 -137.08201 10.10782 0.00074 
 259 0.26363 -104.50324 17.48788 0.00001 
 260 0.07094 -114.45442 20.87082 0.00000 
 261 0.04312 -97.66246 38.01130 0.00000 
 262 1.07464 -281.86863 0.13597 0.35616
 263 0.19789 -114.57646 29.12922 0.00000 
 264 0.37247 -145.65638 12.51510 0.00020 
 265 0.00000 -107.39240 62.05240 0.00000 
 266 0.00000 -83.21774 50.43918 0.00000 
 267 0.07464 -101.91406 19.57621 0.00000 
 268 0.04312 -62.44450 38.00854 0.00000 
 269 0.00000 -93.90653 55.16212 0.00000 
 270 0.00000 -45.94735 49.57209 0.00000 
 271 0.00000 -116.08983 56.42124 0.00000 
 272 0.00000 -67.35172 62.07656 0.00000 
 273 0.09969 -82.85669 26.83790 0.00000 
 274 0.00000 -81.58295 44.67539 0.00000 
 275 0.16784 -64.95363 25.31059 0.00000 
 276 0.54055 -150.09074 7.48547 0.00311 
 277 1.76642 -304.47555 8.06072 0.00226 
 278 0.86965 -216.45208 0.52975 0.23336
 279 0.09657 -163.02713 42.01947 0.00000 
 280 0.63088 -159.02456 3.71841 0.02691 
 281 0.13179 -74.75671 36.40520 0.00000 
 282 0.00000 -43.93728 37.43138 0.00000 
 283 0.47422 -129.78042 10.11431 0.00074 
 284 0.16144 -57.28367 40.35913 0.00000 
 285 0.42599 -209.42433 11.81849 0.00029 
 286 0.00000 -48.63457 37.41713 0.00000 
 287 0.06989 -38.15377 42.49402 0.00000 
 288 0.28996 -125.83182 19.32688 0.00001 
 289 0.52619 -181.69009 6.70377 0.00481 
 290 0.04311 -91.50936 38.01112 0.00000 
 291 0.61705 -226.68774 5.22198 0.01115 
 292 0.85938 -179.50803 0.48686 0.24266
 293 0.00000 -42.91065 52.25368 0.00000 
 294 0.87355 -246.68047 0.41901 0.25872
 295 0.27689 -129.61847 15.89805 0.00003 
 296 0.81056 -192.80625 1.03831 0.15411
 297 0.00000 -32.08342 52.25380 0.00000 
 298 0.08625 -76.18327 32.49613 0.00000 
 299 0.00000 -99.52869 48.32481 0.00000 
 300 0.00000 -35.04496 49.57205 0.00000 
 301 0.11875 -65.72846 31.65621 0.00000 
 302 0.00000 -57.60088 59.54549 0.00000 
 303 0.00000 -25.96955 60.61886 0.00000 
 304 0.12943 -146.01328 28.02133 0.00000 
 305 0.28239 -118.56396 17.84398 0.00001 
 306 0.27728 -89.51635 18.47467 0.00001 
 307 0.45417 -139.47329 10.69307 0.00054 
 308 0.25189 -90.00137 19.03263 0.00001 
 309 0.00000 -56.20901 49.57207 0.00000 
 310 0.00000 -54.87296 44.67513 0.00000 
 311 0.00000 -43.67657 32.60848 0.00000 
 312 0.03958 -51.35107 41.97181 0.00000 
 313 0.19537 -141.68221 24.79899 0.00000 
 314 0.07916 -47.21490 36.29204 0.00000 
 315 0.27358 -162.96825 21.68335 0.00000 
 316 0.30211 -160.22793 15.52189 0.00004 
 317 0.16534 -85.02755 25.92584 0.00000 
 318 0.04983 -126.44783 32.07070 0.00000 
 319 0.00000 -69.07939 62.06471 0.00000 
 320 0.76410 -337.25727 1.66137 0.09871 
 321 0.00000 -82.35959 52.25319 0.00000 
 322 0.00000 -42.55893 49.57209 0.00000 
 323 0.14249 -101.99088 32.47082 0.00000 
 324 0.00000 -42.54491 40.06882 0.00000 
 325 0.58756 -238.58374 5.09028 0.01203 
 326 0.29365 -186.52474 16.46499 0.00002 
 327 0.06122 -74.47536 25.03433 0.00000 
 328 1.02952 -253.97311 0.02254 0.44032
 329 0.20682 -173.13141 22.53860 0.00000 
 330 0.14927 -189.97980 15.16569 0.00005 
 331 0.00000 -57.40682 47.57822 0.00000 
 332 0.28428 -139.57168 10.06106 0.00076 
 333 0.03633 -60.58657 46.34588 0.00000 
 334 0.04145 -72.43887 39.80523 0.00000 
 335 0.03276 -195.58382 52.12359 0.00000 
 336 0.00000 -4.08053 73.97301 0.00000 
 337 0.00000 -181.68818 40.10084 0.00000 
 338 0.00000 -67.41400 50.22536 0.00000 
 339 0.39258 -156.19993 12.21203 0.00024 
 340 0.04049 -54.48128 40.93168 0.00000 
 341 0.22119 -139.99666 24.08191 0.00000 
 342 0.54857 -162.24014 5.76214 0.00819 
 343 0.18465 -78.29378 16.32212 0.00003 
 344 0.08303 -85.89476 34.14828 0.00000 
 345 0.07167 -49.23829 41.16951 0.00000 
 346 0.00000 -75.89711 46.34871 0.00000 
 347 0.13587 -45.63884 26.10699 0.00000 
 348 0.11996 -54.10191 20.82503 0.00000 
 349 0.17334 -256.32805 24.07291 0.00000 
 350 0.09758 -55.78446 27.63358 0.00000 
 351 0.00000 -149.14413 38.71679 0.00000 
 352 0.00000 -222.75373 40.85215 0.00000 
 353 0.00000 -95.15682 45.97281 0.00000 
 354 0.00000 -39.97925 32.99155 0.00000 
 355 0.04578 -16.45272 35.43544 0.00000 
 356 0.44869 -103.27874 7.66590 0.00281 
 357 0.00000 -22.67584 36.96262 0.00000 
 358 0.00000 -108.48062 45.22560 0.00000 
 359 0.09872 -14.69196 13.61203 0.00011 
 360 0.05131 -92.99866 30.96396 0.00000 
 361 0.00000 -67.35466 41.67288 0.00000 
 362 0.00000 -4.08053 51.96448 0.00000 
 363 1.57656 -283.78825 5.17112 0.01148 
 364 0.09994 -46.21343 26.75016 0.00000 
 365 0.00000 -36.02797 43.30593 0.00000 
 366 0.00000 -4.52185 19.74378 0.00000 
 367 0.00000 -93.82642 27.90130 0.00000 
 368 0.09246 -108.15455 29.67449 0.00000 
 369 0.21573 -56.67560 13.17006 0.00014 
 370 0.16068 -145.51242 21.01326 0.00000 
 371 0.27878 -106.78633 13.06795 0.00015 
 372 0.71207 -139.81734 1.03319 0.15471
 373 0.00000 -55.18453 34.76289 0.00000 
 374 0.33491 -83.54454 8.90301 0.00142 
 375 0.05330 -136.76486 29.59447 0.00000 
 376 0.00000 -67.31656 41.41050 0.00000 
 377 0.74410 -178.34131 1.34776 0.12284
 378 0.00000 -56.19201 40.98568 0.00000 
 379 0.00000 -35.24670 22.41896 0.00000 
 380 0.00000 -40.68090 37.92499 0.00000 
 381 0.00000 -74.86206 37.92499 0.00000 
 382 0.00000 -47.23247 39.35291 0.00000 
 383 0.25573 -100.46036 12.35238 0.00022 
 384 0.18331 -69.76241 16.50280 0.00002 
 385 0.00000 -24.75560 41.64708 0.00000 
 386 0.00000 -93.60886 33.20196 0.00000 
 387 0.00000 -9.02184 22.40414 0.00000 
 388 0.21107 -65.31569 17.42146 0.00001 
 389 0.10542 -56.23883 24.89696 0.00000 
 390 0.31410 -147.05817 10.21942 0.00069 
 391 0.47154 -141.77609 6.62003 0.00504 
 392 0.08927 -29.50920 15.54194 0.00004 
 393 0.06285 -46.37510 24.23282 0.00000 
 394 0.23165 -70.39652 14.79124 0.00006 
 395 0.23483 -148.07557 18.05353 0.00001 
 396 0.00000 -86.92289 32.65101 0.00000 
 397 0.00000 -94.80793 18.38870 0.00001 
 398 0.05767 -69.54729 26.90336 0.00000 
 399 0.46032 -202.42651 6.31562 0.00598 
 400 0.10438 -102.93167 12.61706 0.00019 
 401 0.25961 -119.41255 11.99056 0.00027 
 402 0.46659 -151.75186 6.94373 0.00421 
 403 0.18948 -34.58256 15.63825 0.00004 
 404 0.00000 -63.10791 32.10977 0.00000 
 405 0.00000 -74.87650 33.51452 0.00000 
 406 0.27630 -110.92828 13.29169 0.00013 
 407 0.00000 -53.63612 31.61896 0.00000 
 408 0.06738 -63.55061 22.25654 0.00000 
 409 0.00000 -46.55697 34.31955 0.00000 
 410 0.09224 -91.56039 14.88324 0.00006 
 411 0.06496 -53.14542 23.27024 0.00000 
 412 0.00000 -41.71576 36.12132 0.00000 
 413 0.06320 -91.14583 24.05779 0.00000 
 414 0.00000 -27.73904 36.12139 0.00000 
 415 0.06739 -51.76492 22.25192 0.00000 
 416 0.80616 -127.72167 0.49811 0.24017
 417 0.05527 -50.91624 28.33010 0.00000 
 418 0.35343 -163.60282 9.44826 0.00106 
 419 0.00000 -57.86470 36.12081 0.00000 
 420 0.04849 -131.77439 33.12519 0.00000 
 421 0.10725 -59.99054 24.30761 0.00000 
 422 0.58576 -146.42704 3.09174 0.03935 
 423 0.00000 -71.74136 21.64260 0.00000 
 424 0.26285 -107.37601 14.64196 0.00006 
 425 0.53420 -140.80406 3.91170 0.02398 
 426 0.05527 -56.12951 28.32734 0.00000 
 427 0.25300 -85.41909 12.58424 0.00019 
 428 0.00000 -25.46203 26.59405 0.00000 
 429 0.11772 -85.50262 21.37520 0.00000 
 430 0.11045 -71.06062 23.34711 0.00000 
 431 0.00000 -48.08745 38.05904 0.00000 
 432 0.18668 -142.27381 16.03294 0.00003 
 433 0.00000 -34.46743 31.58854 0.00000 
 434 0.45899 -83.24825 7.17374 0.00370 
 435 0.00000 -45.64648 38.02127 0.00000 
 436 0.13226 -86.95307 18.12261 0.00001 
 437 0.10635 -15.60285 12.30836 0.00023 
 438 0.00000 -32.80338 25.45788 0.00000 
 439 0.00000 -21.40639 26.59820 0.00000 
 440 0.05964 -113.28101 25.82842 0.00000 
 441 0.05460 -200.76069 28.76247 0.00000 
 442 0.22109 -61.63067 16.06751 0.00003 
 443 0.19874 -83.60017 14.47162 0.00007 
 444 0.33166 -76.32418 9.09788 0.00128 
 445 0.11788 -44.93843 21.33523 0.00000 
 446 0.16392 -94.92326 19.71358 0.00000 
 447 0.33838 -196.12144 5.22079 0.01116 
 448 0.00000 -72.76037 36.07757 0.00000 
 449 0.00000 -68.85392 33.43698 0.00000 
 450 0.00000 -27.30964 21.61641 0.00000 
 451 0.05829 -83.17254 26.57690 0.00000 
 452 0.00000 -27.72914 32.03526 0.00000 
 453 0.06508 -41.72086 23.21865 0.00000 
 454 0.15789 -94.68225 20.87502 0.00000 
 455 0.00000 -71.21629 17.73295 0.00001 
 456 0.00000 -53.28746 32.03527 0.00000 
 457 0.10518 -66.32482 24.96092 0.00000 
 458 0.08057 -40.95016 17.75317 0.00001 
 459 0.05534 -42.41240 28.28753 0.00000 
 460 0.00000 -4.08053 49.23074 0.00000 
 461 0.35942 -64.88934 9.08124 0.00129 
 462 0.00000 -46.28127 31.54557 0.00000 
 463 0.11239 -165.78643 11.40730 0.00037 
 464 0.06746 -44.86954 22.22218 0.00000 
 465 0.00000 -14.51165 36.07838 0.00000 
 466 0.60348 -107.07160 3.02879 0.04090 
 467 0.06233 -56.13371 24.48584 0.00000 
 468 0.61139 -173.33261 2.86046 0.04539 
 469 0.31736 -125.15510 10.00265 0.00078 
 470 0.18493 -68.49745 10.85447 0.00049 
 471 0.00000 -122.00231 17.75641 0.00001 
 472 0.10308 -134.97377 25.57798 0.00000 
 473 0.00000 -22.12999 36.07838 0.00000 
 474 0.00000 -9.39756 33.43816 0.00000 
 475 0.05462 -38.51928 28.75247 0.00000 
 476 0.00000 -30.25141 36.07876 0.00000 
 477 0.00000 -39.12495 37.97000 0.00000 
 478 0.24371 -61.55893 20.24890 0.00000 
 479 0.00000 -78.72892 41.15047 0.00000 
 480 0.00000 -22.04814 33.43798 0.00000 
 481 0.00000 -73.08034 41.15149 0.00000 
 482 0.00000 -54.47536 34.63927 0.00000 
 483 0.13493 -59.95033 17.60326 0.00001 
 484 0.38025 -77.54273 7.92679 0.00244 
 485 0.10235 -45.40265 25.87952 0.00000 
 486 0.00000 -98.20324 26.56226 0.00000 
 487 0.00000 -21.53250 34.26467 0.00000 
 488 0.25328 -61.56346 12.55908 0.00020 
 489 0.00000 -16.53380 34.63986 0.00000 
 490 0.21051 -69.72834 17.49296 0.00001 
 491 0.00000 -9.39756 33.43816 0.00000 
 492 0.82200 -197.69678 0.61400 0.21664
 493 0.00000 -46.05233 34.63967 0.00000 
 494 0.40836 -73.89179 8.82155 0.00149 
 495 0.35061 -131.64539 11.22751 0.00040 
 496 0.16118 -71.03635 13.49022 0.00012 
 497 0.00000 -59.35592 30.97984 0.00000 
 498 0.05372 -65.86795 29.31170 0.00000 
 499 0.05970 -32.95168 25.80121 0.00000 
 500 0.10120 -100.82380 26.30607 0.00000 
 501 0.00000 -64.88456 32.03527 0.00000 
 502 0.00000 -23.77400 26.56226 0.00000 
 503 0.74549 -194.77885 1.33039 0.12437
 504 0.17499 -95.16162 17.79353 0.00001 
 505 1.65915 -251.41948 6.72715 0.00475 
 506 0.59118 -204.12156 3.30875 0.03446 
 507 0.00000 -38.49820 26.56226 0.00000 
 508 0.05328 -62.28628 29.60941 0.00000 
 509 0.26390 -128.50954 14.53099 0.00007 
 510 0.00000 -47.10685 36.07578 0.00000 
 511 0.05463 -73.80030 28.74176 0.00000 
 512 0.00000 -108.60307 17.22682 0.00002 
 513 0.23888 -67.74739 13.99262 0.00009 
 514 0.05972 -85.20756 25.78489 0.00000 
 515 0.00000 -156.87111 33.33187 0.00000 
 516 0.13495 -147.35158 17.59858 0.00001 
 517 0.55461 -110.62752 2.55572 0.05495 
 518 0.13011 -66.49160 18.53838 0.00001 
 519 0.25327 -187.05142 12.55871 0.00020 
 520 0.39949 -153.69692 9.34594 0.00112 
 521 0.71284 -117.79986 1.53981 0.10732
 522 0.16759 -79.83977 19.03878 0.00001 
 523 0.00000 -117.48470 17.94408 0.00001 
 524 0.31668 -120.53284 10.04500 0.00076 
 525 0.24171 -79.76109 10.28150 0.00067 
 526 0.29655 -216.72558 13.84314 0.00010 
 527 0.15037 -35.29963 14.98601 0.00005 
 528 0.00000 -20.22107 31.54588 0.00000 
 529 0.36861 -94.81436 9.97972 0.00079 
 530 0.10648 -15.70586 12.28733 0.00023 
 531 0.39099 -105.21991 7.39964 0.00326 
 532 0.56359 -119.74131 2.00482 0.07840 
 533 0.00000 -4.52185 18.76601 0.00001 
 534 0.00000 -10.88535 30.69060 0.00000 
 535 0.00000 -46.79284 28.72117 0.00000 
 536 0.00000 -16.43073 29.61654 0.00000 
 537 0.10928 -33.30571 23.70311 0.00000 
 538 1.33603 -183.78809 1.97759 0.07982 
 539 0.08058 -31.82747 17.75067 0.00001 
 540 0.11540 -81.10918 21.98443 0.00000 
 541 0.40519 -85.01354 6.76050 0.00466 
 542 0.32093 -96.61998 5.86636 0.00772 
 543 0.19863 -71.93405 14.48504 0.00007 
 544 0.05766 -34.84115 26.93183 0.00000 
 545 0.71255 -124.61286 1.54321 0.10707
 546 1.12402 -176.69497 0.26138 0.30459
 547 0.32152 -93.32352 5.84164 0.00783 
 548 0.10756 -73.83831 12.11538 0.00025 
 549 0.04856 -90.46773 33.07188 0.00000 
 550 0.26998 -63.83939 11.13447 0.00042 
 551 0.39126 -110.28837 7.38670 0.00329 
 552 0.24398 -57.47507 20.20704 0.00000 
 553 0.00000 -4.52185 18.75427 0.00001 
 554 0.21960 -129.19769 16.26930 0.00003 
 555 0.00000 -16.60111 34.61289 0.00000 
 556 0.00000 -27.70616 21.59650 0.00000 
 557 0.25350 -219.45385 12.53683 0.00020 
 558 0.05096 -43.62294 31.74707 0.00000 
 559 0.17956 -50.01103 17.06331 0.00002 
 560 0.13049 -42.46590 18.46228 0.00001 
 561 0.41458 -157.16114 8.47632 0.00180 
 562 0.00000 -10.72915 34.43411 0.00000 
 563 0.36048 -74.75749 9.01580 0.00134 
 564 0.19661 -71.31095 14.72123 0.00006 
 565 0.05807 -22.51166 26.70229 0.00000 
 566 0.06555 -33.04719 23.01243 0.00000 

