

______________READ THE FOLLOWING DATA______________
2670 species:{EU100719,KC535315,EU100716,CY038847,CY003256,CY011576,CY182913,KF789585,KF789587,KC892863,CY170639,EU100718,KC883024,CY169247,KC882483,CY088230,KC883029,KF789949,CY025485,CY183033,CY000129,CY044772,KF850663,KF805712,EU100714,CY000121,KC535396,EU100717,CY002816,KC892597,EU516213,CY037479,CY170527,CY006795,AB434111,AB434112,AB434113,KC892260,KC892263,KC883110,KC892918,KC892268,KC883116,CY107146,CY013685,FJ009476,FJ009475,JQ988039,FJ009471,KC883371,KC892288,KC883374,KC883377,KC892284,KC892866,EU716446,CY006571,KF790167,CY002072,KC892710,CY039880,CY039882,CY039883,CY039884,KF790169,CY170775,KC883209,KF789582,KC892601,CY001261,KC892860,KC883201,CY171359,KC883203,CY000089,CY112957,CY000785,CY002312,KC882974,KC882977,KF790227,KC882979,KF886312,CY114543,CY017283,CY141192,CY012960,CY141190,CY141191,CY114389,CY006371,CY141194,CY141195,KC883022,CY012136,CY037615,CY010620,KC892732,KC882577,KC882570,CY010628,CY141179,CY141176,CY167564,CY134660,CY134661,CY134663,CY037855,CY134665,CY134666,CY134669,CY000473,CY172463,CY002264,KF790357,KF790356,KC882883,CY001520,CY149028,KC882888,CY044820,KC882729,KC882793,KC882799,CY168271,CY010716,KF761498,CY168103,CY001064,CY001061,CY113709,CY172263,CY001664,CY093359,CY009476,JQ290164,CY148644,CY134640,CY012952,CY009652,CY172287,CY091077,KC892594,CY168615,CY134711,CY091013,CY134713,CY134715,CY134717,CY167967,CY025859,KC892591,CY113813,CY134481,CY025851,CY026771,CY001792,KF790190,CY168295,KC893084,CY168927,CY002440,KC893081,CY171007,CY111134,JX518887,CY003336,CY169527,CY134900,CY172847,CY134908,KF886297,KF598719,CY000337,CY168727,EU199377,CY001245,EU199378,CY113925,KF598716,CY001080,CY001504,CY025501,CY182897,CY171135,CY003793,CY171487,KC892696,CY134876,CY148436,CY000209,CY183185,CY000201,EU885497,CY001333,CY068345,CY170351,CY039879,CY170607,KC892853,KC892850,KC892266,KC892856,CY011560,CY003240,KF789597,KF789596,CY088206,CY111246,KF789591,CY003248,CY011360,CY011368,CY044764,KC892504,KF805704,KC882867,CY111390,CY000113,CY134780,CY170519,CY012728,CY170511,KC892926,CY170887,AB434107,CY088118,CY111406,CY010988,KC883165,CY107170,AB434108,KC883160,CY013669,CY088110,CY008924,KC892453,FJ009468,CY135052,KC892465,KF789841,KF789842,CY002048,EU716453,CY002040,KC892468,EU566995,CY010516,KC892635,CY026019,CY037599,CY016483,EU199343,EU199344,KC883413,KC883415,CY017291,CY002304,CY000933,KF790216,CY173095,CY017299,CY003272,CY000957,CY141185,CY141184,CY141187,CY141186,CY141181,CY173255,KC882902,CY141188,CY028443,KF598723,KC892706,KC882563,CY000313,CY113661,KC882908,CY134672,CY134670,CY134675,CY037823,JX905419,CY134679,CY125791,JQ988027,CY000689,KC882896,CY149036,KF790362,KC882891,KF790361,CY167484,CY000401,CY001536,KF790368,CY003664,CY114285,KC882781,KC882787,KC882784,CY012216,KC882994,GQ894995,CY148572,CY148740,CY112629,CY035190,CY148748,CY112621,CY003280,CY149292,CY009468,CY037687,CY172271,CY173519,CY027563,CY009460,CY000753,CY172279,CY182961,CY012928,CY009644,CY172295,CY112532,CY167959,CY000433,CY134700,CY134707,CY035882,CY134705,CY113805,KC814188,KC814189,KC814186,KC814187,KC814184,CY028371,CY025843,JQ658898,KC893090,KC893093,CY009268,KC893099,CY009260,CY088430,CY088438,CY148812,CY039885,FJ549053,CY172855,CY000321,CY168735,GQ895027,CY113933,CY167820,CY112444,CY168951,EU199380,CY171103,CY088326,CY012584,KF789618,CY169391,KF789614,KF789615,EU851995,KF789613,CY113749,CY171039,CY001341,CY183225,CY171031,KC892845,CY088214,CY092329,CY111270,KF789722,CY011352,KF789728,CY019165,CY012456,CY068249,CY000105,KF789562,CY006771,CY170503,CY012736,CY001021,KC892931,KC892934,CY013677,CY088102,CY111470,CY008916,KC892444,CY172311,CY090885,CY182729,KC883311,CY135044,CY135084,CY006515,CY170559,KF789927,CY002056,EU716462,CY002424,KC892629,CY170495,FJ686922,KC892626,KC892156,CY170223,KC883407,KC892159,KF790205,CY173087,KC882953,CY000925,CY141196,KF790209,CY001437,KC882958,CY141197,CY037639,EU516105,CY050532,CY037631,CY038823,KF790495,KC882553,KC882551,KC882557,KC892716,KC892719,CY111003,CY167540,CY141199,JX978749,CY000697,CY006076,CY134647,CY002208,CY172447,CY037831,CY134641,JQ070776,CY141216,KC892968,CY134648,CY134649,CY044844,JN866186,CY167644,CY006227,KC892739,CY012200,CY012208,CY030205,CY148756,CY148804,CY011824,CY168127,CY064879,CY035182,CY001648,CY113725,CY001640,CY120889,CY027571,CY000297,CY027579,CY171727,EU516062,CY149196,EU516065,CY011912,EU516067,CY169895,CY012936,JQ658907,CY168631,CY134732,CY167943,CY168639,KC814191,KC814190,KC814192,KC814195,CY113773,KC814197,KC814196,KC814199,KC814198,CY009252,CY012984,CY009748,CY003640,CY170439,CY009740,JQ658909,CY003648,JQ658908,CY001768,CY170991,CY172823,CY170999,CY011136,GQ895034,CY000593,CY186115,CY113909,CY113901,CY028740,EU199257,CY134664,CY002736,CY170199,KC535475,KC539118,CY171119,CY012592,CY088350,KC539112,GQ385887,GQ385884,GQ385882,CY001104,KF789606,KF789605,CY134812,CY169479,GQ385889,EU885518,CY068633,CY019269,CY120872,CY025723,CY003264,CY007979,CY182945,CY169279,KJ667974,CY013192,CY011344,EU567010,KF789731,CY012448,KF789736,CY044708,KF789739,CY000177,CY187645,CY187647,CY170975,KC883095,KC883090,CY006163,EU716505,EU885505,EU885501,EU716502,EU100698,CY170575,KC893104,EU100695,KC883142,CY111462,CY026147,KC892437,KC892432,KF790037,CY000009,CY000001,JX978737,CY006507,EU716476,CY036999,CY117589,CY148932,KC892388,CY088006,CY090989,KF789550,KC883438,CY020085,KC882941,KC892361,KC883435,KC892367,CY000917,CY001429,KF789952,CY006435,CY114357,GQ385926,CY168663,CY173271,CY069517,CY050540,CY000081,CY173279,KC882545,KC892766,KC882541,KC883320,KF789600,KC882548,CY134659,CY134658,CY035046,CY167532,CY134653,CY037807,CY134657,CY134656,CY172455,CY039423,CY010692,CY002216,CY173183,CY148580,CY001512,CY006235,CY113701,CY167620,KC488823,CY038791,KC488827,CY167628,CY010748,KC892165,CY168135,CY035174,CY112605,CY091557,CY001632,GQ369814,CY020069,KF790413,KF790414,KF790416,KF790418,CY000777,KC883353,EU779524,EU516071,EU516070,EU516076,CY172903,CY068321,CY169719,KC883356,CY113829,CY000973,CY026707,CY091581,CY182737,KC893034,KF790524,CY009244,KF790527,CY002432,CY148764,CY148836,CY183065,CY134642,CY089741,CY168719,CY169663,CY172831,CY089749,CY172839,CY186123,CY001293,GQ895000,CY000585,CY000584,CY168399,CY002728,KJ880918,CY002720,CY039111,KC539122,GQ385891,KC539129,GQ385894,KF789633,KF789630,CY134828,CY026555,CY168407,KJ667973,CY111222,CY187724,CY187723,CY001168,CY001160,FJ179350,FJ179356,CY170367,FJ179354,CY183177,CY025739,CY111214,CY003104,KC883158,CY003456,CY011336,CY171567,KF789706,KF789889,CY111182,KF789701,KF182344,CY012472,KF789709,KC882601,CY000161,CY003584,CY025603,CY000169,KC883086,CY019325,KF551075,KC883080,CY002184,EU567012,CY025421,KC892955,KC892954,KC892953,KC892952,CY111326,KC883156,KC883150,KC892429,KC883152,CY187383,KC892420,KF805664,CY000305,KF789895,CY044469,CY019253,CY044461,EU779526,EU779520,CY000073,EU779522,KC893057,CY170415,KC892394,KC892397,KC892391,KC892393,KC892392,KC883102,KC892399,CY088014,KC892885,CY090997,CY000909,KC883420,KC892379,CY030053,KC883424,CY020093,KC892373,KC882935,KC882681,KC882930,KC892376,CY000273,CY114341,CY173263,CY111006,KF790323,EU516214,CY088222,KC892776,KC892774,CY037495,KC883338,CY135060,KC883336,CY011464,KC883333,KC892778,CY037815,CY010684,CY173199,KF790316,CY116640,KC882595,CY173191,KC882591,CY013311,CY148596,CY001560,JX978779,JX978776,JX978770,CY141220,KC488831,KC488830,CY141224,CY113037,KC488834,CY141228,KC892174,KC892177,KC892172,CY149084,EU885507,CY035166,CY001920,CY113741,CY011808,CY026827,CY113589,CY000761,CY091021,KF790407,KC893171,CY000769,CY091029,KF790408,CY020077,CY149172,CY011936,EU516048,EU516046,EU516044,CY112508,CY147311,CY148868,CY168871,CY169879,CY001197,KC883147,CY001752,CY002408,CY113693,CY149316,CY172335,CY148860,CY172487,CY169679,CY088174,CY171351,KC892186,CY169671,KC513484,CY009988,CY035230,CY148828,KC513482,CY088278,CY000377,GQ895010,CY001285,KC882455,CY036983,CY044620,CY167852,JQ767153,JQ767152,CY026603,JQ767154,CY149228,CY006803,CY039103,CY149220,KC539134,KC539136,CY088374,KC535458,CY134836,KF789623,KF886360,CY015540,KF789628,CY187712,CY168471,CY001373,CY171591,CY000481,CY001176,CY025707,CY182969,CY170311,FJ686917,CY183169,CY170319,CY001365,CY003440,CY035158,CY002256,CY011328,CY053660,CY003448,CY053662,KF789714,CY053666,CY011320,CY168503,CY134688,EU199379,CY068273,CY186243,CY000393,CY003592,CY170951,EU885520,KF598712,EU885526,KF790088,CY170551,KF790081,KC892962,CY170799,KC892960,KC892965,CY088150,CY111446,CY037871,CY111334,KC892410,CY008964,KC892416,CY011256,CY009500,CY041466,KF805672,CY000025,CY030197,CY037791,EU779532,CY002080,CY037799,CY001992,EU716471,CY037559,CY088022,KF789571,CY044508,KC892561,KF789579,CY044500,CY036847,CY135124,KC882698,CY171631,KC892349,KC882695,KF789977,CY117581,KC882690,KC882692,JN940431,CY173215,JQ655463,JQ655462,CY114333,CY167732,CY003680,KF789966,KC892741,KC892744,CY012784,KF789888,CY141243,CY171647,KF790228,CY037319,CY027499,CY134639,CY134638,CY167282,CY134635,KF928626,CY000801,KC882851,KC882584,CY091109,CY114485,KC882589,CY000809,KF790329,CY091101,JX978767,JX978764,CY012256,CY088334,JX978761,CY141232,CY148364,CY141230,CY113021,CY141235,CY141239,KC882453,CY173583,KC488809,CY149092,CY147304,CY113757,JQ658926,JQ658925,JQ658924,JQ658921,JQ658920,KC893169,CY010036,JN992750,CY134529,KC893164,KC893166,CY168887,CY000713,KF790438,CY173527,CY011920,CY167516,CY147305,CY169847,CY147301,CY147300,CY147302,CY168647,CY147308,KC892896,EU852007,CY090981,EU852009,KC882459,CY134748,KF790509,KC892892,CY002416,CY000625,CY009516,CY173143,CY149308,CY171367,CY009996,KC513477,CY172815,KC513479,CY134740,FJ686944,CY167868,CY000361,CY000369,CY001413,CY000561,KC535478,CY092217,CY171215,CY088366,CY003056,CY012896,CY148964,KC892364,CY169935,CY027539,CY170895,CY001381,CY168463,CY187709,CY001856,CY000497,CY001144,CY186091,KF790500,CY111238,CY182977,CY044796,CY013781,KF765565,CY003432,CY053672,CY187678,CY169023,CY000145,CY168511,CY134996,CY187674,CY087976,CY182889,CY068201,CY171143,CY000385,EU885530,EU885532,KC892975,CY148788,KC892971,EU914859,CY170783,KC892978,KC892405,CY011264,CY026195,KC892400,CY012520,CY000033,CY171735,CY011816,CY025715,EU779508,KC883198,EU779500,EU779506,CY170431,KF790187,KF790184,KF790185,CY001968,CY037543,KC892764,CY114061,KC892573,KC892576,CY135132,KC892358,CY000965,JN940427,CY006467,KF685747,CY173207,CY114325,KC892317,KF598711,KC892758,KF790051,KC892751,KC883327,KC892998,CY012792,CY011448,KC892992,KC892991,CY135004,KC892995,CY000409,KJ561738,CY139586,KF928630,KF850674,KF790334,CY037511,JX913051,KF790331,KF790333,KF850676,CY001544,JX978752,CY013335,CY006060,CY167612,KC488815,KC882462,KC892192,KC892190,CY141202,KC882467,CY141200,CY141201,KC892198,CY141209,JQ658912,KC882719,JQ658910,JQ658911,CY034414,CY113765,KC882712,CY068417,KC882716,KC882488,CY172791,CY001600,GQ369843,KC893116,CY010028,GQ369848,CY001608,CY002552,JX913019,CY000705,CY091005,CY013200,CY173535,KC892531,CY000569,CY170375,CY044540,CY134772,CY167983,CY168071,CY014143,CY182769,CY168079,CY182761,CY003809,KC893023,CY000633,KF790514,KF790516,KF790512,KF790378,CY148796,CY172319,CY009700,CY148428,CY009708,CY168215,CY113941,CY068073,CY163511,CY167500,CY000553,CY172175,CY000989,KC892456,CY169855,CY148588,CY001453,CY003040,CY111045,CY148972,CY183233,CY169103,KF886344,CY009732,CY006787,KF886340,KF886341,CY001397,CY001152,CY037567,CY003608,CY006563,CY171375,CY003600,KC883285,CY183105,CY116636,KC488826,CY003136,CY089393,KC892162,GQ385915,KC892921,GQ385918,CY027107,CY068217,AB434109,KC535433,HQ616672,HQ616671,CY006899,CY170207,FJ532091,CY148780,CY111310,CY007635,CY111318,CY008940,CY044676,KF805656,CY169327,GQ385825,KC535387,CY135076,CY036951,FJ009467,EU716435,EU779514,EU716437,EU779516,EU779510,KC535369,CY170447,CY001976,CY006659,KC535363,KC892691,KC883292,CY088046,CY037575,KC883297,KC883299,KC883059,KC892459,CY026275,KC883278,KC892326,KC882900,CY135100,KC892323,KC883018,KC882678,KC892329,CY006475,CY001880,CY114317,CY000941,CY173239,CY169983,KF790049,KC883302,KF598732,KC892212,CY135036,CY011456,KC892218,KF789847,KC882879,CY010652,CY134691,KJ439217,KF790411,CY000949,KC882873,KC882876,CY091125,CY001808,CY006275,CY003616,CY013327,CY141219,JX978746,JX978743,CY141211,CY141210,CY141213,CY141212,CY141215,CY141214,CY169591,KC882471,CY117597,KC882479,JQ658905,JQ658904,KC882709,CY034406,JQ658903,JX913003,CY134505,KC882705,CY113573,CY027587,KC882499,CY010012,CY172783,KC893107,KC882491,CY002544,KC882497,CY000737,KF790452,CY087982,CY183113,CY173543,EU516034,EU516032,EU516031,CY114548,CY112556,CY173111,CY168847,CY134764,CY148636,CY168063,AB796432,CY182777,CY014159,KF586731,CY168999,CY000609,CY172303,CY000601,GQ385849,KF790077,CY003200,CY011872,KF789769,CY169623,CY003120,CY168207,CY163509,KF790178,CY168191,CY113797,CY044381,CY168199,CY092273,CY149212,KC883012,CY002760,CY172767,KC892206,CY169487,CY148940,CY008532,CY088270,CY169959,CY112452,KF886350,CY015516,KF886352,KF886355,KF886354,KF886357,KF886356,KF886359,KF886358,CY168447,CY168335,EU199279,CY171095,EU199272,EU199273,CY093255,EU199276,EU199277,CY003632,CY186075,CY068441,CY001128,CY171303,CY072206,CY003144,CY003416,CY169559,KF789740,CY171527,CY169551,CY169007,GQ385902,CY170767,GQ385909,CY186211,KC535428,KC814202,CY186219,KC892769,CY183001,CY112949,CY171639,CY111366,CY112941,CY001744,KC882506,CY003560,GQ385838,CY148340,CY044644,CY003096,GQ385835,CY169311,CY000057,KF789696,KF789697,CY093327,KC535399,CY183137,CY170855,CY036967,CY092249,CY170455,KC535378,KC535372,KC892685,KC535375,CY114045,CY107082,CY011512,CY088054,KC892519,CY135012,KC883288,CY170359,KC883044,CY006579,CY026243,KC892336,KC882644,KC892334,CY019859,CY006443,CY019851,CY044333,KC892339,KC883264,CY114301,CY170543,CY114309,EU516202,CY141180,CY002160,CY038855,CY002168,KF598733,CY011424,CY167275,KC882804,KC882806,KC882801,CY148540,CY020101,CY006283,CY013359,CY016427,CY002456,CY001832,KC892876,CY114277,CY141268,CY141269,CY141264,CY141266,CY111002,CY141261,CY141262,KC892871,CY037743,CY012528,KC893110,JX913079,KC882739,KC882736,GQ369860,CY134577,KC892407,JX913072,KC893132,CY002576,CY091069,KF790448,CY000721,CY112965,CY002376,KC892702,KF790286,CY173551,KF790282,CY008892,CY168495,CY141205,CY148404,CY050628,KF805640,EU199285,EU199281,CY170983,EU199283,EU199282,CY044588,HQ880599,CY028475,KF586724,KF586723,CY000617,KF848938,CY011840,CY002280,CY011848,CY168239,CY169631,KF598743,CY168231,CY010004,GQ895050,CY172191,CY002192,KC892889,CY001005,CY172199,CY026883,CY013008,JQ767140,CY182697,CY149260,CY172207,CY013000,CY000729,CY002592,CY149268,CY169831,JX905414,CY186195,CY148956,CY171407,CY002480,CY134674,CY000281,KF886321,KF886322,KF886323,CY000289,CY168303,CY134678,CY120890,KF761506,EU199262,EU199261,KF761505,KF761503,KF199859,KF199858,CY025835,KF199856,CY112797,CY003408,CY170047,KF551069,KC892517,CY003152,CY111150,KF789752,CY169015,CY088449,KF789759,CY170919,CY173559,CY008876,CY170911,KJ880910,KC535413,CY186203,KC535417,KC882822,CY001221,KC535419,CY169495,CY013613,CY170591,KF003439,KF003438,CY170599,CY110774,CY025341,CY171623,CY182833,CY088198,CY025349,CY169303,CY012512,GQ385904,CY183129,CY025747,CY000265,KF789688,KC892578,CY037519,KC535348,CY088062,KC535345,CY038815,KC892523,KC892838,KF789534,CY088262,CY134820,CY026251,KC883077,CY110992,KC883075,CY110994,KC883307,CY110997,CY110998,CY110999,CY013605,CY006459,CY001485,CY006451,CY114069,CY012184,KC135508,CY036935,CY037351,CY012744,KF790064,GQ385900,CY044437,CY036975,CY116699,CY167796,CY125717,KC882817,KC882813,CY000841,KF789829,CY020133,KC488843,CY141279,CY141278,CY141277,CY141276,CY002024,CY141271,CY141270,CY037735,CY069461,KC892309,KC892303,KC892300,KC892306,KC892655,CY043728,JN940429,JX913067,CY182745,CY134561,KF790473,KF789983,CY002560,KC893123,KC893122,KF790478,KF790479,EU516054,EU516019,CY173567,CY171583,KF790278,CY000997,CY002368,CY012168,KC892291,CY149044,KC882918,CY037647,KC893006,CY009484,CY035062,CY141231,KF586726,KC883362,CY134788,CY148612,KC893019,KC893018,CY134643,CY001728,KC892297,CY169967,JQ988048,CY000665,JQ988042,KC893001,KF790384,CY002296,CY148508,CY011856,CY114421,CY025755,KC892423,KF790389,CY013168,CY025731,CY168223,KC814212,CY012272,KC814211,KC814214,CY001037,CY149276,CY172743,CY091213,CY169807,CY172215,CY038495,KF790491,CY013016,CY002584,CY111013,CY111011,CY169151,KF886337,KF886335,KF886332,CY168319,CY120883,CY120885,KF761511,KF761510,CY000457,EU199258,EU199259,CY068425,EU199255,EU199252,CY027683,CY186051,CY091501,CY186059,CY183241,CY003160,CY170055,CY171503,CY003168,CY171055,CY111166,GQ385929,CY169575,CY000185,GQ385920,GQ385923,CY134956,KC882615,CY187637,CY169071,CY170903,CY186235,KC535405,CY111142,CY171183,KC535402,CY008516,CY001213,CY068081,CY170271,CY111342,CY088182,KC883212,CY112925,CY171615,CY012560,GQ385818,CY012568,CY134709,KF805688,CY170871,CY093343,CY107074,CY170879,CY006603,KC535350,KC535355,CY037503,CY088070,CY003216,CY011536,KC892822,CY000537,CY013765,KC892829,KC883062,CY003184,CY055099,KF790229,CY170583,CY110988,KF789782,KF789780,KC883240,KC883246,KC883249,KC892799,KC526209,KC135502,CY000793,KC135504,KC135506,KC892796,CY012752,KF790010,KF790011,CY091133,KC892221,CY170967,CY091053,KC883393,KF790019,KC892227,KC883390,CY006595,KC892699,KC882530,KC883070,KC882533,CY114493,KC882536,KC882538,KC882829,CY167788,CY044692,KF789819,CY012280,KF789812,KF789810,CY141242,CY013232,CY141240,CY141241,CY141247,CY141244,CY141245,CY002032,CY141249,KF790125,CY037727,CY000857,CY001816,KC882624,KC892641,CY114553,KC882621,KC892312,CY006068,KC882752,KC893096,KC882758,CY012536,CY010060,CY168287,CY091045,CY173575,KF790262,CY114501,KC893022,CY114509,CY171247,CY010668,CY003208,CY172751,CY001136,CY148372,KC892959,CY114397,CY001736,KC488817,CY002384,CY170647,CY169943,KC893060,CY011488,KC892193,CY172423,CY000673,KF790394,CY111454,KF790391,CY012120,CY148516,CY173119,KF790398,CY168783,CY089733,CY000513,JQ767139,KC814208,CY011888,CY113981,KC814205,KC814204,KC814207,KC814206,KC814201,KC814200,KC814203,CY113989,KC882502,CY092241,KC892724,CY130200,CY091221,CY187381,CY172223,CY003192,KF790482,CY013024,EU516203,EU516204,EU516206,EU516207,CY111005,CY111004,CY111007,KF886309,CY111001,CY111000,CY000817,KC892224,KF886303,KF886301,CY111009,KF886305,CY168367,KC892818,CY163428,CY027075,CY163426,JQ658916,CY163425,CY163422,CY163423,CY169783,CY012992,CY112581,CY112589,JQ658915,CY171335,KC882721,EU716459,CY091533,CY183025,CY003176,CY183257,CY170063,GQ895022,CY008180,CY009908,CY134940,CY009900,CY173175,CY168567,CY171199,CY172351,CY171191,KF761509,CY134684,CY010020,CY068726,KF761507,CY003777,CY171423,CY170119,CY134513,JX978734,CY111358,CY114189,CY008980,JX913011,CY172415,CY111350,EU199266,CY006539,CY182817,KC882482,EU779498,CY012576,GQ385866,CY172799,GQ385860,KC893009,GQ385862,CY148996,KF790425,CY170807,CY000249,KC892549,CY006531,KC892570,CY006619,CY170487,CY001936,CY013208,KC535324,KC535327,EU100720,CY186179,EU100722,CY011520,KC535328,CY038831,CY090901,CY013717,KC892812,CY112861,CY088246,CY090909,KC883017,CY169215,KF199854,CY006859,CY001624,KF789794,KF789796,KF789799,CY170247,KC883234,CY000489,KC883233,CY149012,CY058796,CY114213,KC135512,CY182849,KC135510,CY002136,GQ895003,CY012760,CY067937,CY011416,CY012768,KC892253,KC883121,KC892498,KC883126,KC892492,KC883129,KC882523,KC882834,KC882521,KC883099,KC882526,CY000865,CY001592,CY013367,CY001840,CY187382,CY169727,CY141257,KF790138,JF340081,CY141250,CY002008,CY141252,CY141259,CY002000,EU516029,KC882639,KF551068,CY148924,KC892675,KC882633,KC892673,KC882630,CY010052,GQ369892,KC892257,CY010724,JX913043,CY168247,JF327386,CY172503,CY002344,KF790257,CY114533,KC892552,HQ166052,CY149108,CY001445,KF886353,KC892882,CY170479,CY012144,GQ385935,CY010612,CY148676,CY148884,CY186171,CY026787,KF789569,CY006587,CY113621,CY000649,CY037863,KC893072,CY000193,CY000889,CY172431,CY088038,CY172343,CY149180,CY114405,CY107130,KC883348,KC883367,CY148700,CY041458,CY113997,CY038871,CY011896,CY112669,CY172239,KC883427,CY134676,CY172231,KF182366,CY002328,CY001229,CY149252,CY000901,EU516218,EU516210,EU516215,KC892370,KF886315,KJ938671,KJ938675,CY168487,KJ938677,CY053652,CY168375,CY169775,CY012968,CY186035,CY182793,CY114221,KC135496,CY088475,CY171071,CY148852,CY169511,CY006131,CY168575,KF790129,CY169519,CY169687,CY170471,CY112484,KF805696,EU199346,CY183313,KF598722,CY001277,KF598724,CY170103,KF598728,KF598729,CY183153,CY087998,CY038487,CY037719,CY112901,KC135498,CY091085,CY182809,CY141251,CY169351,CY012544,CY169199,GQ385874,CY134844,GQ385872,CY001461,CY001309,CY170815,CY000257,CY170071,CY001301,CY093567,CY112973,CY148332,CY006627,CY001904,CY171271,KF790137,CY003576,KC892809,KC535336,CY037527,CY114085,CY170655,KF790135,CY088094,KC892801,CY171703,CY003232,KC892806,CY044596,CY088254,CY013701,KC883008,CY167572,CY050492,KC883003,CY169223,CY183049,CY044756,KC892773,KC883223,CY006483,KC883221,KF790039,CY002128,KC892677,CY002120,CY111438,CY088086,EU567008,KC892248,CY111430,CY114157,KC883131,KC883137,CY036927,KC883135,CY003088,KC892485,KC883139,KC892480,KC892482,CY134545,KC882512,CY000873,CY001872,KC882518,KC882744,KF789871,KF789872,KC883054,KF789891,CY002016,KF790106,KF790104,CY037703,KF551072,KF551070,KF551076,KC892667,KF551074,KC892669,CY169759,CY134892,CY010732,CY168455,KC526210,KC526211,CY183073,CY183081,CY141282,CY141280,CY141281,KC882999,CY068241,CY002336,KF790244,KF789906,CY116715,CY170863,KC882843,CY010604,JQ070792,JF327387,CY168015,CY171455,CY148668,CY037879,CY134689,KC893047,CY172759,CY134682,CY000657,CY134686,CY134687,GQ369883,CY002240,KF928618,CY091429,CY173135,CY006611,CY114413,KC882772,KF790310,KC882777,KC882775,CY172391,CY168167,CY001045,CY149100,KF182352,KF182353,KF182350,KF182358,CY172247,CY172775,CY068846,CY003825,CY092281,KJ938669,CY168343,CY171287,CY009676,CY169767,CY012976,CY002488,CY167903,CY170663,CY068145,CY141221,CY186027,CY113877,KC882764,CY092353,CY141222,CY080450,CY011568,CY012264,KF886349,CY114053,CY002464,CY148356,CY134884,CY088414,CY088406,CY141227,CY003048,CY168583,CY169503,CY141229,CY172863,KC882493,FJ686931,EU199359,FJ686933,FJ686937,FJ686939,CY011504,CY183305,KF789535,KF598730,KF598737,CY186155,EU199368,CY171447,KF598738,CY001269,CY025907,CY187685,KF886348,CY067221,CY170719,CY067229,CY013773,CY088310,CY169439,CY088318,GQ385841,GQ385846,CY012552,CY003032,CY093391,KF789646,CY170823,KF886343,CY000225,CY068369,CY110993,KC882856,CY068361,CY170007,CY001317,EU516064,CY006635,CY110996,CY001912,KC535306,CY066519,CY171719,KF789998,KC892879,CY148452,KC892874,CY013733,CY171711,CY011544,CY182905,FJ686926,CY169231,CY134719,KC883030,CY147291,KC883034,CY169239,CY011384,KC883038,KC883039,CY001253,CY044748,EU199364,JX913035,KC892588,CY025277,EU885540,KF790028,KC535019,CY170535,KF790023,KC892901,KC892903,CY111422,KC892278,KC892279,CY088134,CY134694,CY107154,KC892471,KC883104,KC892474,KC892477,EU716492,KF790403,CY013693,GU937743,KF790402,CY001864,KC883364,KC892294,CY044445,CY002600,CY000681,CY006547,CY002064,CY003624,CY069429,KF790119,EU566973,KC892450,CY006499,CY012224,CY148820,CY044636,KC882612,CY006491,KC883216,KC882618,KC526207,CY025643,KC526205,KJ561706,CY010700,EU716469,CY010708,KC526208,CY114558,KC882984,KF790236,CY149076,KF790230,KC882982,CY116707,EU716465,CY148476,CY001469,KC892582,CY087990,CY173511,CY010636,CY084299,KC892722,KC892723,CY012128,KC892727,CY011944,CY114077,CY148492,CY113605,CY141177,GQ369928,CY134698,CY134695,KF790065,CY134697,CY171655,KC893059,CY134690,CY134693,CY134692,CY171551,CY116638,KF790345,CY044812,KF790066,CY019301,CY003424,KC882769,CY112981,CY012232,CY186227,CY148708,CY172383,CY168911,CY148724,CY001072,AB934036,GQ385854,KC882870,CY039878,KF182345,CY009684,CY172255,CY012912,CY014151,CY091093,KC893180,CY148652,CY003817,CY168359,KC892230,CY009660,CY170943,CY012944,CY000417,CY134988,CY113861,CY167975,CY113869,CY186019,KC539121,CY172895,CY171231,KF598718,KF789546,CY091541,CY002472,KF789547,CY171015,EU199358,JX913059,CY169535,CY148876,CY172879,CY168599,CY183193,CY000849,CY147297,CY147295,CY147294,CY147293,CY147292,FJ686925,CY147290,CY168759,EU199367,FJ686928,EU199363,CY147299,KF598706,KF598702,KF598703,CY001944,KF598708,KF598709,CY170703,CY187696,CY187694,CY111382,CY187691,CY187690,CY148348,CY171127,CY182865,CY182705,GQ385858,CY134637,CY169407,CY003785,CY171495,CY068593,KF789673,CY134860,KF789671,CY170383,CY006291,CY000233,KF790201,CY187693,CY001824};
Total Sites:1464;
Distinct Sites:932

Phase 1:Nucleotide Model (010010) Model Fit


-44382.7942078498

Phase 2:MG94x(010010) Model Fit



Phase 3:Estimating dN/dS


Nuc->codon scaling factor:2.178545101586011
Raw scaling factor:2.196509597909952
Tree scaling factor(S): 1.008246097962747

Using dN/dS=0.2530970580412739(Estimated 95% CI = [0.2422167524601046,0.2642906259234403])
Codon model:-42913.6917243944

Phase 4: Ancestral State Reconstruction and Counting


Total codon tree length (subs/nuc/unit time):    3.64794

Significance level for a site to be classified as positively/negatively selected?
******* FOUND 12 POSITIVELY SELECTED SITES ********


+--------------+--------------+--------------+--------------+
| Index        | Site Index   | dN-dS        | p-value      | 
+--------------+--------------+--------------+--------------+
|            1 |    35.000000 |    13.204679 |     0.002705 |
+--------------+--------------+--------------+--------------+
|            2 |    43.000000 |    13.472021 |     0.000131 |
+--------------+--------------+--------------+--------------+
|            3 |    84.000000 |     6.094897 |     0.040705 |
+--------------+--------------+--------------+--------------+
|            4 |   128.000000 |    20.000000 |     0.000014 |
+--------------+--------------+--------------+--------------+
|            5 |   130.000000 |     7.872803 |     0.046413 |
+--------------+--------------+--------------+--------------+
|            6 |   132.000000 |    10.585420 |     0.014101 |
+--------------+--------------+--------------+--------------+
|            7 |   147.000000 |    11.882714 |     0.001502 |
+--------------+--------------+--------------+--------------+
|            8 |   210.000000 |     8.275790 |     0.012295 |
+--------------+--------------+--------------+--------------+
|            9 |   215.000000 |    21.213910 |     0.000836 |
+--------------+--------------+--------------+--------------+
|           10 |   251.000000 |    14.582901 |     0.003884 |
+--------------+--------------+--------------+--------------+
|           11 |   252.000000 |     6.747124 |     0.011163 |
+--------------+--------------+--------------+--------------+
|           12 |   266.000000 |     5.722218 |     0.019545 |
+--------------+--------------+--------------+--------------+

******* FOUND 277 NEGATIVELY SELECTED SITES ********


+--------------+--------------+--------------+--------------+
| Index        | Site Index   | dN-dS        | p-value      | 
+--------------+--------------+--------------+--------------+
|            1 |     1.000000 |    -5.000000 |     0.004115 |
+--------------+--------------+--------------+--------------+
|            2 |     2.000000 |   -11.506288 |     0.000875 |
+--------------+--------------+--------------+--------------+
|            3 |     3.000000 |    -8.782798 |     0.001029 |
+--------------+--------------+--------------+--------------+
|            4 |     4.000000 |    -3.884569 |     0.019714 |
+--------------+--------------+--------------+--------------+
|            5 |     6.000000 |   -12.000000 |     0.000002 |
+--------------+--------------+--------------+--------------+
|            6 |     7.000000 |   -17.209778 |     0.000000 |
+--------------+--------------+--------------+--------------+
|            7 |    10.000000 |   -11.000000 |     0.000006 |
+--------------+--------------+--------------+--------------+
|            8 |    12.000000 |   -12.948565 |     0.000001 |
+--------------+--------------+--------------+--------------+
|            9 |    13.000000 |    -9.000000 |     0.000062 |
+--------------+--------------+--------------+--------------+
|           10 |    14.000000 |   -27.502649 |     0.000000 |
+--------------+--------------+--------------+--------------+
|           11 |    16.000000 |    -6.000000 |     0.001372 |
+--------------+--------------+--------------+--------------+
|           12 |    19.000000 |    -6.097741 |     0.004093 |
+--------------+--------------+--------------+--------------+
|           13 |    20.000000 |   -18.517840 |     0.000003 |
+--------------+--------------+--------------+--------------+
|           14 |    25.000000 |    -6.146515 |     0.001642 |
+--------------+--------------+--------------+--------------+
|           15 |    26.000000 |   -14.000000 |     0.000000 |
+--------------+--------------+--------------+--------------+
|           16 |    27.000000 |    -6.000000 |     0.001372 |
+--------------+--------------+--------------+--------------+
|           17 |    28.000000 |    -6.025208 |     0.005329 |
+--------------+--------------+--------------+--------------+
|           18 |    29.000000 |    -8.000000 |     0.000152 |
+--------------+--------------+--------------+--------------+
|           19 |    30.000000 |    -5.500133 |     0.006858 |
+--------------+--------------+--------------+--------------+
|           20 |    31.000000 |   -25.455232 |     0.000000 |
+--------------+--------------+--------------+--------------+
|           21 |    32.000000 |    -8.224906 |     0.001637 |
+--------------+--------------+--------------+--------------+
|           22 |    33.000000 |    -5.500101 |     0.006858 |
+--------------+--------------+--------------+--------------+
|           23 |    34.000000 |   -10.405022 |     0.000201 |
+--------------+--------------+--------------+--------------+
|           24 |    36.000000 |    -8.501556 |     0.001646 |
+--------------+--------------+--------------+--------------+
|           25 |    42.000000 |   -14.243421 |     0.000001 |
+--------------+--------------+--------------+--------------+
|           26 |    44.000000 |    -6.700118 |     0.048975 |
+--------------+--------------+--------------+--------------+
|           27 |    45.000000 |    -5.500000 |     0.006859 |
+--------------+--------------+--------------+--------------+
|           28 |    46.000000 |   -13.293523 |     0.000136 |
+--------------+--------------+--------------+--------------+
|           29 |    50.000000 |    -3.884569 |     0.017060 |
+--------------+--------------+--------------+--------------+
|           30 |    51.000000 |   -19.000000 |     0.000000 |
+--------------+--------------+--------------+--------------+
|           31 |    53.000000 |   -14.640247 |     0.000004 |
+--------------+--------------+--------------+--------------+
|           32 |    54.000000 |    -4.701096 |     0.020867 |
+--------------+--------------+--------------+--------------+
|           33 |    56.000000 |    -7.652745 |     0.002649 |
+--------------+--------------+--------------+--------------+
|           34 |    59.000000 |    -7.500420 |     0.003854 |
+--------------+--------------+--------------+--------------+
|           35 |    61.000000 |    -7.327617 |     0.001249 |
+--------------+--------------+--------------+--------------+
|           36 |    62.000000 |   -13.000000 |     0.000001 |
+--------------+--------------+--------------+--------------+
|           37 |    63.000000 |   -10.358852 |     0.000019 |
+--------------+--------------+--------------+--------------+
|           38 |    64.000000 |    -8.000000 |     0.000152 |
+--------------+--------------+--------------+--------------+
|           39 |    65.000000 |    -9.801347 |     0.011008 |
+--------------+--------------+--------------+--------------+
|           40 |    67.000000 |    -5.179426 |     0.004392 |
+--------------+--------------+--------------+--------------+
|           41 |    71.000000 |   -10.254650 |     0.002094 |
+--------------+--------------+--------------+--------------+
|           42 |    75.000000 |    -5.576314 |     0.014681 |
+--------------+--------------+--------------+--------------+
|           43 |    76.000000 |    -4.997104 |     0.004127 |
+--------------+--------------+--------------+--------------+
|           44 |    80.000000 |   -17.775136 |     0.000000 |
+--------------+--------------+--------------+--------------+
|           45 |    83.000000 |    -6.000000 |     0.018758 |
+--------------+--------------+--------------+--------------+
|           46 |    87.000000 |    -3.884569 |     0.019714 |
+--------------+--------------+--------------+--------------+
|           47 |    89.000000 |    -6.500000 |     0.002591 |
+--------------+--------------+--------------+--------------+
|           48 |    92.000000 |    -7.500773 |     0.000965 |
+--------------+--------------+--------------+--------------+
|           49 |    93.000000 |   -12.001102 |     0.000145 |
+--------------+--------------+--------------+--------------+
|           50 |    96.000000 |    -7.500000 |     0.021194 |
+--------------+--------------+--------------+--------------+
|           51 |    97.000000 |    -5.499989 |     0.006859 |
+--------------+--------------+--------------+--------------+
|           52 |    98.000000 |    -7.990726 |     0.000154 |
+--------------+--------------+--------------+--------------+
|           53 |    99.000000 |   -13.788231 |     0.000006 |
+--------------+--------------+--------------+--------------+
|           54 |   100.000000 |    -4.000000 |     0.016928 |
+--------------+--------------+--------------+--------------+
|           55 |   103.000000 |    -4.000000 |     0.012346 |
+--------------+--------------+--------------+--------------+
|           56 |   104.000000 |    -8.872981 |     0.001106 |
+--------------+--------------+--------------+--------------+
|           57 |   105.000000 |   -26.000000 |     0.000000 |
+--------------+--------------+--------------+--------------+
|           58 |   106.000000 |    -3.000000 |     0.037038 |
+--------------+--------------+--------------+--------------+
|           59 |   107.000000 |    -5.009123 |     0.019520 |
+--------------+--------------+--------------+--------------+
|           60 |   108.000000 |    -9.353129 |     0.000635 |
+--------------+--------------+--------------+--------------+
|           61 |   109.000000 |   -20.362179 |     0.000000 |
+--------------+--------------+--------------+--------------+
|           62 |   110.000000 |    -3.884569 |     0.017060 |
+--------------+--------------+--------------+--------------+
|           63 |   120.000000 |    -7.500000 |     0.000965 |
+--------------+--------------+--------------+--------------+
|           64 |   121.000000 |    -5.752921 |     0.037462 |
+--------------+--------------+--------------+--------------+
|           65 |   122.000000 |    -7.252107 |     0.002624 |
+--------------+--------------+--------------+--------------+
|           66 |   123.000000 |   -10.650858 |     0.002949 |
+--------------+--------------+--------------+--------------+
|           67 |   124.000000 |   -13.000000 |     0.000001 |
+--------------+--------------+--------------+--------------+
|           68 |   126.000000 |   -11.204312 |     0.000038 |
+--------------+--------------+--------------+--------------+
|           69 |   129.000000 |    -3.884569 |     0.019714 |
+--------------+--------------+--------------+--------------+
|           70 |   131.000000 |    -7.465374 |     0.002317 |
+--------------+--------------+--------------+--------------+
|           71 |   133.000000 |   -13.501149 |     0.000002 |
+--------------+--------------+--------------+--------------+
|           72 |   137.000000 |    -3.884569 |     0.017060 |
+--------------+--------------+--------------+--------------+
|           73 |   138.000000 |    -7.769139 |     0.000291 |
+--------------+--------------+--------------+--------------+
|           74 |   139.000000 |    -3.884569 |     0.017060 |
+--------------+--------------+--------------+--------------+
|           75 |   141.000000 |    -9.218227 |     0.000235 |
+--------------+--------------+--------------+--------------+
|           76 |   142.000000 |   -10.358852 |     0.000019 |
+--------------+--------------+--------------+--------------+
|           77 |   144.000000 |   -10.376084 |     0.000077 |
+--------------+--------------+--------------+--------------+
|           78 |   146.000000 |   -12.730817 |     0.001986 |
+--------------+--------------+--------------+--------------+
|           79 |   150.000000 |    -5.444572 |     0.034908 |
+--------------+--------------+--------------+--------------+
|           80 |   151.000000 |   -15.038326 |     0.000002 |
+--------------+--------------+--------------+--------------+
|           81 |   153.000000 |    -8.509841 |     0.001637 |
+--------------+--------------+--------------+--------------+
|           82 |   154.000000 |   -10.171959 |     0.001753 |
+--------------+--------------+--------------+--------------+
|           83 |   155.000000 |   -19.370697 |     0.000000 |
+--------------+--------------+--------------+--------------+
|           84 |   156.000000 |   -13.012017 |     0.000060 |
+--------------+--------------+--------------+--------------+
|           85 |   157.000000 |    -7.500620 |     0.014428 |
+--------------+--------------+--------------+--------------+
|           86 |   162.000000 |    -7.375986 |     0.011584 |
+--------------+--------------+--------------+--------------+
|           87 |   166.000000 |    -3.686963 |     0.022164 |
+--------------+--------------+--------------+--------------+
|           88 |   167.000000 |    -4.884033 |     0.011607 |
+--------------+--------------+--------------+--------------+
|           89 |   168.000000 |    -6.474282 |     0.001678 |
+--------------+--------------+--------------+--------------+
|           90 |   171.000000 |   -12.000000 |     0.000002 |
+--------------+--------------+--------------+--------------+
|           91 |   172.000000 |   -14.501225 |     0.000007 |
+--------------+--------------+--------------+--------------+
|           92 |   174.000000 |    -6.025379 |     0.005329 |
+--------------+--------------+--------------+--------------+
|           93 |   175.000000 |   -20.000000 |     0.000000 |
+--------------+--------------+--------------+--------------+
|           94 |   177.000000 |   -24.000000 |     0.000000 |
+--------------+--------------+--------------+--------------+
|           95 |   181.000000 |    -3.687997 |     0.048687 |
+--------------+--------------+--------------+--------------+
|           96 |   186.000000 |    -6.007139 |     0.030692 |
+--------------+--------------+--------------+--------------+
|           97 |   190.000000 |    -6.000000 |     0.001520 |
+--------------+--------------+--------------+--------------+
|           98 |   194.000000 |   -10.501006 |     0.000047 |
+--------------+--------------+--------------+--------------+
|           99 |   195.000000 |    -6.499995 |     0.002591 |
+--------------+--------------+--------------+--------------+
|          100 |   196.000000 |    -4.000000 |     0.012346 |
+--------------+--------------+--------------+--------------+
|          101 |   198.000000 |    -6.926345 |     0.011598 |
+--------------+--------------+--------------+--------------+
|          102 |   199.000000 |   -10.701184 |     0.001022 |
+--------------+--------------+--------------+--------------+
|          103 |   203.000000 |   -10.500000 |     0.000047 |
+--------------+--------------+--------------+--------------+
|          104 |   205.000000 |   -14.999967 |     0.000002 |
+--------------+--------------+--------------+--------------+
|          105 |   206.000000 |    -8.563289 |     0.003400 |
+--------------+--------------+--------------+--------------+
|          106 |   207.000000 |    -9.641837 |     0.001798 |
+--------------+--------------+--------------+--------------+
|          107 |   208.000000 |   -10.941364 |     0.000425 |
+--------------+--------------+--------------+--------------+
|          108 |   209.000000 |    -7.594311 |     0.027150 |
+--------------+--------------+--------------+--------------+
|          109 |   212.000000 |   -17.238713 |     0.000012 |
+--------------+--------------+--------------+--------------+
|          110 |   214.000000 |    -5.840337 |     0.005095 |
+--------------+--------------+--------------+--------------+
|          111 |   217.000000 |    -7.000000 |     0.003404 |
+--------------+--------------+--------------+--------------+
|          112 |   218.000000 |    -6.474282 |     0.001131 |
+--------------+--------------+--------------+--------------+
|          113 |   222.000000 |    -9.413534 |     0.000158 |
+--------------+--------------+--------------+--------------+
|          114 |   227.000000 |   -10.501376 |     0.000047 |
+--------------+--------------+--------------+--------------+
|          115 |   229.000000 |   -23.999980 |     0.000000 |
+--------------+--------------+--------------+--------------+
|          116 |   230.000000 |    -5.482832 |     0.007782 |
+--------------+--------------+--------------+--------------+
|          117 |   231.000000 |    -3.884569 |     0.017060 |
+--------------+--------------+--------------+--------------+
|          118 |   235.000000 |    -8.757662 |     0.000074 |
+--------------+--------------+--------------+--------------+
|          119 |   237.000000 |    -5.126399 |     0.030907 |
+--------------+--------------+--------------+--------------+
|          120 |   239.000000 |   -13.000000 |     0.000001 |
+--------------+--------------+--------------+--------------+
|          121 |   240.000000 |   -11.653708 |     0.000005 |
+--------------+--------------+--------------+--------------+
|          122 |   241.000000 |    -3.385725 |     0.042503 |
+--------------+--------------+--------------+--------------+
|          123 |   243.000000 |   -10.000000 |     0.000017 |
+--------------+--------------+--------------+--------------+
|          124 |   244.000000 |    -4.000000 |     0.012346 |
+--------------+--------------+--------------+--------------+
|          125 |   245.000000 |    -8.913222 |     0.000056 |
+--------------+--------------+--------------+--------------+
|          126 |   246.000000 |    -5.000000 |     0.004115 |
+--------------+--------------+--------------+--------------+
|          127 |   247.000000 |    -5.179426 |     0.006022 |
+--------------+--------------+--------------+--------------+
|          128 |   248.000000 |    -9.063995 |     0.000075 |
+--------------+--------------+--------------+--------------+
|          129 |   253.000000 |   -10.499929 |     0.000047 |
+--------------+--------------+--------------+--------------+
|          130 |   256.000000 |    -3.000000 |     0.046844 |
+--------------+--------------+--------------+--------------+
|          131 |   259.000000 |   -13.045289 |     0.000381 |
+--------------+--------------+--------------+--------------+
|          132 |   260.000000 |    -4.000000 |     0.016896 |
+--------------+--------------+--------------+--------------+
|          133 |   264.000000 |    -4.516059 |     0.030690 |
+--------------+--------------+--------------+--------------+
|          134 |   267.000000 |    -6.474282 |     0.001439 |
+--------------+--------------+--------------+--------------+
|          135 |   272.000000 |    -4.997092 |     0.011693 |
+--------------+--------------+--------------+--------------+
|          136 |   273.000000 |    -9.000000 |     0.000051 |
+--------------+--------------+--------------+--------------+
|          137 |   276.000000 |    -4.000000 |     0.013517 |
+--------------+--------------+--------------+--------------+
|          138 |   278.000000 |    -9.508759 |     0.000744 |
+--------------+--------------+--------------+--------------+
|          139 |   284.000000 |    -7.769139 |     0.000291 |
+--------------+--------------+--------------+--------------+
|          140 |   285.000000 |    -4.917095 |     0.017781 |
+--------------+--------------+--------------+--------------+
|          141 |   287.000000 |    -7.010899 |     0.008753 |
+--------------+--------------+--------------+--------------+
|          142 |   289.000000 |   -10.716830 |     0.000457 |
+--------------+--------------+--------------+--------------+
|          143 |   292.000000 |   -17.627996 |     0.000000 |
+--------------+--------------+--------------+--------------+
|          144 |   293.000000 |    -7.000000 |     0.000458 |
+--------------+--------------+--------------+--------------+
|          145 |   295.000000 |   -10.358852 |     0.000028 |
+--------------+--------------+--------------+--------------+
|          146 |   296.000000 |    -5.000000 |     0.004115 |
+--------------+--------------+--------------+--------------+
|          147 |   297.000000 |    -5.075055 |     0.012668 |
+--------------+--------------+--------------+--------------+
|          148 |   298.000000 |    -5.179426 |     0.006022 |
+--------------+--------------+--------------+--------------+
|          149 |   300.000000 |   -10.745884 |     0.000644 |
+--------------+--------------+--------------+--------------+
|          150 |   303.000000 |   -10.500000 |     0.000047 |
+--------------+--------------+--------------+--------------+
|          151 |   304.000000 |    -7.903965 |     0.000628 |
+--------------+--------------+--------------+--------------+
|          152 |   305.000000 |    -8.592319 |     0.000139 |
+--------------+--------------+--------------+--------------+
|          153 |   306.000000 |    -4.882287 |     0.011616 |
+--------------+--------------+--------------+--------------+
|          154 |   308.000000 |    -5.000000 |     0.004115 |
+--------------+--------------+--------------+--------------+
|          155 |   309.000000 |   -18.000000 |     0.000000 |
+--------------+--------------+--------------+--------------+
|          156 |   311.000000 |   -10.826804 |     0.000054 |
+--------------+--------------+--------------+--------------+
|          157 |   312.000000 |    -7.769139 |     0.000291 |
+--------------+--------------+--------------+--------------+
|          158 |   317.000000 |    -8.000000 |     0.000153 |
+--------------+--------------+--------------+--------------+
|          159 |   319.000000 |    -3.884569 |     0.017060 |
+--------------+--------------+--------------+--------------+
|          160 |   320.000000 |   -24.999940 |     0.000000 |
+--------------+--------------+--------------+--------------+
|          161 |   321.000000 |    -3.000000 |     0.037037 |
+--------------+--------------+--------------+--------------+
|          162 |   322.000000 |   -15.837655 |     0.000000 |
+--------------+--------------+--------------+--------------+
|          163 |   323.000000 |   -23.000000 |     0.000000 |
+--------------+--------------+--------------+--------------+
|          164 |   324.000000 |   -11.000000 |     0.000006 |
+--------------+--------------+--------------+--------------+
|          165 |   325.000000 |    -3.884569 |     0.017060 |
+--------------+--------------+--------------+--------------+
|          166 |   327.000000 |    -4.917241 |     0.005920 |
+--------------+--------------+--------------+--------------+
|          167 |   329.000000 |    -6.000000 |     0.001372 |
+--------------+--------------+--------------+--------------+
|          168 |   331.000000 |   -12.240732 |     0.000013 |
+--------------+--------------+--------------+--------------+
|          169 |   332.000000 |    -7.000000 |     0.000535 |
+--------------+--------------+--------------+--------------+
|          170 |   336.000000 |    -3.000000 |     0.037037 |
+--------------+--------------+--------------+--------------+
|          171 |   338.000000 |   -12.948565 |     0.000003 |
+--------------+--------------+--------------+--------------+
|          172 |   339.000000 |    -7.000000 |     0.000457 |
+--------------+--------------+--------------+--------------+
|          173 |   341.000000 |   -16.378367 |     0.000000 |
+--------------+--------------+--------------+--------------+
|          174 |   342.000000 |    -7.320031 |     0.001589 |
+--------------+--------------+--------------+--------------+
|          175 |   344.000000 |    -9.063995 |     0.000075 |
+--------------+--------------+--------------+--------------+
|          176 |   346.000000 |   -21.528174 |     0.000000 |
+--------------+--------------+--------------+--------------+
|          177 |   347.000000 |    -7.000000 |     0.000512 |
+--------------+--------------+--------------+--------------+
|          178 |   349.000000 |    -5.000000 |     0.004593 |
+--------------+--------------+--------------+--------------+
|          179 |   350.000000 |    -3.685925 |     0.048769 |
+--------------+--------------+--------------+--------------+
|          180 |   351.000000 |    -4.000000 |     0.012346 |
+--------------+--------------+--------------+--------------+
|          181 |   352.000000 |    -8.000000 |     0.000152 |
+--------------+--------------+--------------+--------------+
|          182 |   353.000000 |    -7.769139 |     0.000291 |
+--------------+--------------+--------------+--------------+
|          183 |   354.000000 |    -5.493581 |     0.019756 |
+--------------+--------------+--------------+--------------+
|          184 |   355.000000 |    -5.666031 |     0.008030 |
+--------------+--------------+--------------+--------------+
|          185 |   356.000000 |    -3.884569 |     0.017060 |
+--------------+--------------+--------------+--------------+
|          186 |   357.000000 |   -13.000000 |     0.000001 |
+--------------+--------------+--------------+--------------+
|          187 |   361.000000 |   -11.882446 |     0.000307 |
+--------------+--------------+--------------+--------------+
|          188 |   362.000000 |    -9.357439 |     0.006786 |
+--------------+--------------+--------------+--------------+
|          189 |   364.000000 |    -4.994917 |     0.011714 |
+--------------+--------------+--------------+--------------+
|          190 |   366.000000 |   -11.999280 |     0.000146 |
+--------------+--------------+--------------+--------------+
|          191 |   367.000000 |   -11.758908 |     0.000005 |
+--------------+--------------+--------------+--------------+
|          192 |   368.000000 |    -7.337514 |     0.001065 |
+--------------+--------------+--------------+--------------+
|          193 |   369.000000 |   -11.204818 |     0.000038 |
+--------------+--------------+--------------+--------------+
|          194 |   370.000000 |   -12.655336 |     0.001130 |
+--------------+--------------+--------------+--------------+
|          195 |   371.000000 |    -6.009338 |     0.011381 |
+--------------+--------------+--------------+--------------+
|          196 |   372.000000 |    -9.023914 |     0.001899 |
+--------------+--------------+--------------+--------------+
|          197 |   375.000000 |   -10.000000 |     0.000017 |
+--------------+--------------+--------------+--------------+
|          198 |   376.000000 |   -14.243421 |     0.000000 |
+--------------+--------------+--------------+--------------+
|          199 |   377.000000 |    -6.829030 |     0.016403 |
+--------------+--------------+--------------+--------------+
|          200 |   378.000000 |    -8.603266 |     0.000138 |
+--------------+--------------+--------------+--------------+
|          201 |   379.000000 |    -8.615083 |     0.000464 |
+--------------+--------------+--------------+--------------+
|          202 |   380.000000 |    -6.474282 |     0.001131 |
+--------------+--------------+--------------+--------------+
|          203 |   381.000000 |   -11.003321 |     0.000483 |
+--------------+--------------+--------------+--------------+
|          204 |   382.000000 |    -4.994220 |     0.011721 |
+--------------+--------------+--------------+--------------+
|          205 |   383.000000 |    -6.143173 |     0.001647 |
+--------------+--------------+--------------+--------------+
|          206 |   384.000000 |   -11.790518 |     0.000025 |
+--------------+--------------+--------------+--------------+
|          207 |   385.000000 |    -3.687578 |     0.021348 |
+--------------+--------------+--------------+--------------+
|          208 |   386.000000 |    -6.025026 |     0.005329 |
+--------------+--------------+--------------+--------------+
|          209 |   388.000000 |    -4.445161 |     0.023034 |
+--------------+--------------+--------------+--------------+
|          210 |   389.000000 |   -11.019771 |     0.000866 |
+--------------+--------------+--------------+--------------+
|          211 |   390.000000 |    -9.828898 |     0.000035 |
+--------------+--------------+--------------+--------------+
|          212 |   391.000000 |   -16.499973 |     0.000000 |
+--------------+--------------+--------------+--------------+
|          213 |   392.000000 |    -4.571708 |     0.033007 |
+--------------+--------------+--------------+--------------+
|          214 |   393.000000 |    -7.121774 |     0.023180 |
+--------------+--------------+--------------+--------------+
|          215 |   394.000000 |   -10.405822 |     0.000200 |
+--------------+--------------+--------------+--------------+
|          216 |   395.000000 |    -8.563289 |     0.003400 |
+--------------+--------------+--------------+--------------+
|          217 |   397.000000 |    -5.295001 |     0.010115 |
+--------------+--------------+--------------+--------------+
|          218 |   398.000000 |    -6.683613 |     0.014881 |
+--------------+--------------+--------------+--------------+
|          219 |   399.000000 |    -3.884569 |     0.021618 |
+--------------+--------------+--------------+--------------+
|          220 |   400.000000 |    -6.000061 |     0.008281 |
+--------------+--------------+--------------+--------------+
|          221 |   401.000000 |    -6.030777 |     0.009867 |
+--------------+--------------+--------------+--------------+
|          222 |   402.000000 |    -7.769139 |     0.000291 |
+--------------+--------------+--------------+--------------+
|          223 |   403.000000 |   -10.500545 |     0.000285 |
+--------------+--------------+--------------+--------------+
|          224 |   404.000000 |    -4.917153 |     0.006220 |
+--------------+--------------+--------------+--------------+
|          225 |   406.000000 |    -7.769139 |     0.000291 |
+--------------+--------------+--------------+--------------+
|          226 |   407.000000 |    -5.995490 |     0.008312 |
+--------------+--------------+--------------+--------------+
|          227 |   409.000000 |    -4.000000 |     0.015993 |
+--------------+--------------+--------------+--------------+
|          228 |   411.000000 |   -18.127991 |     0.000000 |
+--------------+--------------+--------------+--------------+
|          229 |   412.000000 |   -26.000000 |     0.000000 |
+--------------+--------------+--------------+--------------+
|          230 |   414.000000 |    -4.498638 |     0.042464 |
+--------------+--------------+--------------+--------------+
|          231 |   417.000000 |    -7.500000 |     0.003856 |
+--------------+--------------+--------------+--------------+
|          232 |   418.000000 |    -9.182765 |     0.004978 |
+--------------+--------------+--------------+--------------+
|          233 |   419.000000 |   -10.412404 |     0.000017 |
+--------------+--------------+--------------+--------------+
|          234 |   420.000000 |   -14.243421 |     0.000000 |
+--------------+--------------+--------------+--------------+
|          235 |   421.000000 |    -3.687312 |     0.048714 |
+--------------+--------------+--------------+--------------+
|          236 |   422.000000 |   -12.499594 |     0.000011 |
+--------------+--------------+--------------+--------------+
|          237 |   423.000000 |    -3.000000 |     0.037037 |
+--------------+--------------+--------------+--------------+
|          238 |   425.000000 |   -10.306366 |     0.000497 |
+--------------+--------------+--------------+--------------+
|          239 |   426.000000 |    -5.089960 |     0.008713 |
+--------------+--------------+--------------+--------------+
|          240 |   427.000000 |    -5.000000 |     0.004115 |
+--------------+--------------+--------------+--------------+
|          241 |   428.000000 |    -5.575828 |     0.014686 |
+--------------+--------------+--------------+--------------+
|          242 |   430.000000 |    -4.443204 |     0.023067 |
+--------------+--------------+--------------+--------------+
|          243 |   433.000000 |    -4.917064 |     0.006220 |
+--------------+--------------+--------------+--------------+
|          244 |   434.000000 |    -9.932789 |     0.000390 |
+--------------+--------------+--------------+--------------+
|          245 |   435.000000 |    -4.729974 |     0.017443 |
+--------------+--------------+--------------+--------------+
|          246 |   438.000000 |    -4.501203 |     0.017814 |
+--------------+--------------+--------------+--------------+
|          247 |   439.000000 |   -11.009804 |     0.003858 |
+--------------+--------------+--------------+--------------+
|          248 |   440.000000 |   -10.247808 |     0.001507 |
+--------------+--------------+--------------+--------------+
|          249 |   441.000000 |    -5.956879 |     0.031541 |
+--------------+--------------+--------------+--------------+
|          250 |   442.000000 |    -9.030362 |     0.000219 |
+--------------+--------------+--------------+--------------+
|          251 |   443.000000 |   -13.735604 |     0.000006 |
+--------------+--------------+--------------+--------------+
|          252 |   447.000000 |    -3.467592 |     0.025674 |
+--------------+--------------+--------------+--------------+
|          253 |   448.000000 |    -5.179426 |     0.004392 |
+--------------+--------------+--------------+--------------+
|          254 |   450.000000 |   -10.000000 |     0.000017 |
+--------------+--------------+--------------+--------------+
|          255 |   452.000000 |    -9.000000 |     0.000051 |
+--------------+--------------+--------------+--------------+
|          256 |   453.000000 |   -10.358852 |     0.000028 |
+--------------+--------------+--------------+--------------+
|          257 |   454.000000 |    -4.281038 |     0.041668 |
+--------------+--------------+--------------+--------------+
|          258 |   457.000000 |   -18.127991 |     0.000000 |
+--------------+--------------+--------------+--------------+
|          259 |   464.000000 |    -7.769139 |     0.000389 |
+--------------+--------------+--------------+--------------+
|          260 |   466.000000 |   -11.429270 |     0.001050 |
+--------------+--------------+--------------+--------------+
|          261 |   467.000000 |    -4.871774 |     0.029535 |
+--------------+--------------+--------------+--------------+
|          262 |   468.000000 |    -7.904892 |     0.000195 |
+--------------+--------------+--------------+--------------+
|          263 |   469.000000 |    -7.306275 |     0.001589 |
+--------------+--------------+--------------+--------------+
|          264 |   471.000000 |    -9.967637 |     0.000267 |
+--------------+--------------+--------------+--------------+
|          265 |   472.000000 |    -8.000000 |     0.000152 |
+--------------+--------------+--------------+--------------+
|          266 |   474.000000 |    -9.251913 |     0.019502 |
+--------------+--------------+--------------+--------------+
|          267 |   475.000000 |   -10.302339 |     0.000498 |
+--------------+--------------+--------------+--------------+
|          268 |   477.000000 |   -15.631726 |     0.000086 |
+--------------+--------------+--------------+--------------+
|          269 |   478.000000 |    -5.179426 |     0.006022 |
+--------------+--------------+--------------+--------------+
|          270 |   479.000000 |    -6.121996 |     0.004631 |
+--------------+--------------+--------------+--------------+
|          271 |   480.000000 |   -14.587221 |     0.000048 |
+--------------+--------------+--------------+--------------+
|          272 |   481.000000 |    -8.591794 |     0.000128 |
+--------------+--------------+--------------+--------------+
|          273 |   482.000000 |    -6.499984 |     0.002591 |
+--------------+--------------+--------------+--------------+
|          274 |   483.000000 |    -8.181644 |     0.000704 |
+--------------+--------------+--------------+--------------+
|          275 |   485.000000 |   -11.200547 |     0.000038 |
+--------------+--------------+--------------+--------------+
|          276 |   486.000000 |   -14.900596 |     0.000000 |
+--------------+--------------+--------------+--------------+
|          277 |   487.000000 |   -22.408965 |     0.000000 |
+--------------+--------------+--------------+--------------+

Approximate synonymous Information per site: 1.68420527069295
Approximate non-synonymous Information per site: 16.14614016258112

Doing a very approximate fit with synonymous rates .


Fitted 2 synonymous categories to the data

Class   1 :  0.46723 weight =  0.98770
Class   2 :  1.96407 weight =  0.01230

Doing a very approximate fit with non-synonymous rates .


Fitted 5 non-synonymous categories to the data
Check messages.log details of this run.


Class   1 :  0.00905 weight =  0.52451
Class   2 :  0.21424 weight =  0.33612
Class   3 :  0.67721 weight =  0.10862
Class   4 :  1.37953 weight =  0.02664
Class   5 :  3.00528 weight =  0.00410
