
Check messages.log details of this run.
____________
45 species:{CY010052,CY009996,CY009652,CY009676,CY010012,CY010036,CY009732,CY114277,CY012848,CY009468,CY011256,CY009460,CY011416,CY012200,CY009500,CY010596,CY011424,CY009724,CY009748,CY009484,CY009700,CY009644,CY009684,CY009740,CY009660,CY009708,CY010004,CY010060,CY009908,CY010020,CY012208,CY009900,CY010028,CY011136,CY011264,CY112861,CY015516,CY009516,CY009476,CY010612,JF710765,JF710764,CY010604,CY036847,JF710762};
Total Sites:1698;
Distinct Sites:119

Phase 1:Nucleotide Model (010010) Model Fit


-3368.72654624361

Phase 2:MG94x(010010) Model Fit



Phase 3:Estimating dN/dS


Nuc->codon scaling factor:2.092106591707953
Raw scaling factor:2.092106591707953
Tree scaling factor(S): 1

Using dN/dS=0.2888535953646587
Codon model:-3289.67804388056

Phase 4: Ancestral State Reconstruction and Counting

<<Significance level for Likelihood Ratio Tests (permissible range = [0,1], default value = 0.1)>>Site     1 dN/dS =      0.00000 Full Log(L) =     -4.08098 LRT =      0.93423 p-value =      0.16688
Site     2 dN/dS =      0.00000 Full Log(L) =     -3.83920 LRT =      0.61285 p-value =      0.21686
Site     3 dN/dS =      0.00000 Full Log(L) =     -4.27949 LRT =      0.62230 p-value =      0.21510
Site     4 dN/dS =      0.00000 Full Log(L) =     -9.87174 LRT =      0.59291 p-value =      0.22065
Site     5 dN/dS =      0.00000 Full Log(L) =     -3.95086 LRT =      0.59298 p-value =      0.22063
Site     6 dN/dS =      0.00000 Full Log(L) =     -4.53580 LRT =      0.69306 p-value =      0.20256
Site     7 dN/dS =      0.00000 Full Log(L) =     -4.65027 LRT =      0.37612 p-value =      0.26984
Site     8 dN/dS =      0.00000 Full Log(L) =     -4.07046 LRT =      0.78573 p-value =      0.18770
Site     9 dN/dS =      0.00000 Full Log(L) =     -3.91843 LRT =      0.50553 p-value =      0.23854
Site    10 dN/dS =      0.00000 Full Log(L) =     -3.95086 LRT =      0.59298 p-value =      0.22063
Site    11 dN/dS =      5.98303 Full Log(L) =    -23.49203 LRT =      1.89349 p-value =      0.08440 *P
Site    12 dN/dS =      3.03896 Full Log(L) =     -8.96358 LRT =      0.87785 p-value =      0.17440
Site    13 dN/dS =      5.27518 Full Log(L) =    -12.91020 LRT =      1.69639 p-value =      0.09638 *P
Site    14 dN/dS =      0.00000 Full Log(L) =     -4.22258 LRT =      0.63293 p-value =      0.21314
Site    15 dN/dS =      0.00000 Full Log(L) =     -4.30653 LRT =      0.57804 p-value =      0.22354
Site    16 dN/dS =      0.00000 Full Log(L) =     -4.53580 LRT =      0.69306 p-value =      0.20256
Site    17 dN/dS =      1.00000 Full Log(L) =      0.00000 LRT =      0.00000 p-value =      1.00000
Site    18 dN/dS =      1.00000 Full Log(L) =      0.00000 LRT =      0.00000 p-value =      1.00000
Site    19 dN/dS =      1.00000 Full Log(L) =      0.00000 LRT =      0.00000 p-value =      1.00000
Site    20 dN/dS =      1.00000 Full Log(L) =      0.00000 LRT =      0.00000 p-value =      1.00000
Site    21 dN/dS =      1.00000 Full Log(L) =      0.00000 LRT =      0.00000 p-value =      1.00000
Site    22 dN/dS =      1.00000 Full Log(L) =      0.00000 LRT =      0.00000 p-value =      1.00000
Site    23 dN/dS =      1.00000 Full Log(L) =      0.00000 LRT =      0.00000 p-value =      1.00000
Site    24 dN/dS =      1.00000 Full Log(L) =      0.00000 LRT =      0.00000 p-value =      1.00000
Site    25 dN/dS =      1.00000 Full Log(L) =      0.00000 LRT =      0.00000 p-value =      1.00000
Site    26 dN/dS =      1.00000 Full Log(L) =      0.00000 LRT =      0.00000 p-value =      1.00000
Site    27 dN/dS =      1.00000 Full Log(L) =      0.00000 LRT =      0.00000 p-value =      1.00000
Site    28 dN/dS =      1.00000 Full Log(L) =      0.00000 LRT =      0.00000 p-value =      1.00000
Site    29 dN/dS =      1.00000 Full Log(L) =      0.00000 LRT =      0.00000 p-value =      1.00000
Site    30 dN/dS =      1.00000 Full Log(L) =      0.00000 LRT =      0.00000 p-value =      1.00000
Site    31 dN/dS =      1.00000 Full Log(L) =      0.00000 LRT =      0.00000 p-value =      1.00000
Site    32 dN/dS =      1.00000 Full Log(L) =      0.00000 LRT =      0.00000 p-value =      1.00000
Site    33 dN/dS =      1.00000 Full Log(L) =      0.00000 LRT =      0.00000 p-value =      1.00000
Site    34 dN/dS =      1.00000 Full Log(L) =      0.00000 LRT =      0.00000 p-value =      1.00000
Site    35 dN/dS =      1.00000 Full Log(L) =      0.00000 LRT =      0.00000 p-value =      1.00000
Site    36 dN/dS =      1.00000 Full Log(L) =      0.00000 LRT =      0.00000 p-value =      1.00000
Site    37 dN/dS =      1.00000 Full Log(L) =      0.00000 LRT =      0.00000 p-value =      1.00000
Site    38 dN/dS =      1.00000 Full Log(L) =      0.00000 LRT =      0.00000 p-value =      1.00000
Site    39 dN/dS =      0.00000 Full Log(L) =    -10.63666 LRT =      0.79648 p-value =      0.18607
Site    40 dN/dS =      0.00000 Full Log(L) =     -9.38841 LRT =      0.67421 p-value =      0.20579
Site    41 dN/dS =      1.00000 Full Log(L) =      0.00000 LRT =      0.00000 p-value =      1.00000
Site    42 dN/dS =      1.00000 Full Log(L) =      0.00000 LRT =      0.00000 p-value =      1.00000
Site    43 dN/dS =      1.00000 Full Log(L) =      0.00000 LRT =      0.00000 p-value =      1.00000
Site    44 dN/dS =      1.00000 Full Log(L) =      0.00000 LRT =      0.00000 p-value =      1.00000
Site    45 dN/dS =      1.00000 Full Log(L) =      0.00000 LRT =      0.00000 p-value =      1.00000
Site    46 dN/dS =      0.00000 Full Log(L) =     -9.94543 LRT =      0.67421 p-value =      0.20579
Site    47 dN/dS =      1.00000 Full Log(L) =      0.00000 LRT =      0.00000 p-value =      1.00000
Site    48 dN/dS =      1.00000 Full Log(L) =      0.00000 LRT =      0.00000 p-value =      1.00000
Site    49 dN/dS =      1.00000 Full Log(L) =      0.00000 LRT =      0.00000 p-value =      1.00000
Site    50 dN/dS =      1.00000 Full Log(L) =      0.00000 LRT =      0.00000 p-value =      1.00000
Site    51 dN/dS =      1.00000 Full Log(L) =      0.00000 LRT =      0.00000 p-value =      1.00000
Site    52 dN/dS =      0.00000 Full Log(L) =    -11.87532 LRT =      0.68573 p-value =      0.20381
Site    53 dN/dS =      1.00000 Full Log(L) =      0.00000 LRT =      0.00000 p-value =      1.00000
Site    54 dN/dS =      1.00000 Full Log(L) =      0.00000 LRT =      0.00000 p-value =      1.00000
Site    55 dN/dS =      1.00000 Full Log(L) =      0.00000 LRT =      0.00000 p-value =      1.00000
Site    56 dN/dS =      1.00000 Full Log(L) =      0.00000 LRT =      0.00000 p-value =      1.00000
Site    57 dN/dS =      1.00000 Full Log(L) =      0.00000 LRT =      0.00000 p-value =      1.00000
Site    58 dN/dS =      0.00000 Full Log(L) =    -13.23006 LRT =      0.38999 p-value =      0.26615
Site    59 dN/dS =      1.00000 Full Log(L) =      0.00000 LRT =      0.00000 p-value =      1.00000
Site    60 dN/dS =      1.00000 Full Log(L) =      0.00000 LRT =      0.00000 p-value =      1.00000
Site    61 dN/dS =      4.98855 Full Log(L) =    -16.01173 LRT =      3.20890 p-value =      0.03662 *P
Site    62 dN/dS =      1.00000 Full Log(L) =      0.00000 LRT =      0.00000 p-value =      1.00000
Site    63 dN/dS =      1.00000 Full Log(L) =      0.00000 LRT =      0.00000 p-value =      1.00000
Site    64 dN/dS =      1.00000 Full Log(L) =      0.00000 LRT =      0.00000 p-value =      1.00000
Site    65 dN/dS =      1.00000 Full Log(L) =      0.00000 LRT =      0.00000 p-value =      1.00000
Site    66 dN/dS =      0.00000 Full Log(L) =     -9.94712 LRT =      0.78014 p-value =      0.18855
Site    67 dN/dS =      2.58353 Full Log(L) =    -10.92088 LRT =      0.66913 p-value =      0.20668
Site    68 dN/dS =      0.00000 Full Log(L) =    -11.01014 LRT =      0.72261 p-value =      0.19764
Site    69 dN/dS =      1.00000 Full Log(L) =      0.00000 LRT =      0.00000 p-value =      1.00000
Site    70 dN/dS =      2.37550 Full Log(L) =     -8.92189 LRT =      0.57011 p-value =      0.22511
Site    71 dN/dS =      1.00000 Full Log(L) =      0.00000 LRT =      0.00000 p-value =      1.00000
Site    72 dN/dS =      1.00000 Full Log(L) =      0.00000 LRT =      0.00000 p-value =      1.00000
Site    73 dN/dS =      8.76835 Full Log(L) =    -12.25089 LRT =      5.11039 p-value =      0.01189 *P
Site    74 dN/dS =      1.00000 Full Log(L) =      0.00000 LRT =      0.00000 p-value =      1.00000
Site    75 dN/dS =      1.00000 Full Log(L) =      0.00000 LRT =      0.00000 p-value =      1.00000
Site    76 dN/dS =      0.00000 Full Log(L) =     -8.87745 LRT =      0.78596 p-value =      0.18766
Site    77 dN/dS =      0.00000 Full Log(L) =    -15.55005 LRT =      0.79899 p-value =      0.18570
Site    78 dN/dS =      1.00000 Full Log(L) =      0.00000 LRT =      0.00000 p-value =      1.00000
Site    79 dN/dS =      1.00000 Full Log(L) =      0.00000 LRT =      0.00000 p-value =      1.00000
Site    80 dN/dS =      1.00000 Full Log(L) =      0.00000 LRT =      0.00000 p-value =      1.00000
Site    81 dN/dS =      1.00000 Full Log(L) =      0.00000 LRT =      0.00000 p-value =      1.00000
Site    82 dN/dS =      0.00000 Full Log(L) =    -12.23190 LRT =      0.38469 p-value =      0.26755
Site    83 dN/dS =      1.00000 Full Log(L) =      0.00000 LRT =      0.00000 p-value =      1.00000
Site    84 dN/dS =      1.00000 Full Log(L) =      0.00000 LRT =      0.00000 p-value =      1.00000
Site    85 dN/dS =      1.00000 Full Log(L) =      0.00000 LRT =      0.00000 p-value =      1.00000
Site    86 dN/dS =      1.00000 Full Log(L) =      0.00000 LRT =      0.00000 p-value =      1.00000
Site    87 dN/dS =      0.00000 Full Log(L) =    -10.02041 LRT =      0.40669 p-value =      0.26183
Site    88 dN/dS =      1.00000 Full Log(L) =      0.00000 LRT =      0.00000 p-value =      1.00000
Site    89 dN/dS =      1.00000 Full Log(L) =      0.00000 LRT =      0.00000 p-value =      1.00000
Site    90 dN/dS =      1.00000 Full Log(L) =      0.00000 LRT =      0.00000 p-value =      1.00000
Site    91 dN/dS =      1.00000 Full Log(L) =      0.00000 LRT =      0.00000 p-value =      1.00000
Site    92 dN/dS =      1.00000 Full Log(L) =      0.00000 LRT =      0.00000 p-value =      1.00000
Site    93 dN/dS =      1.00000 Full Log(L) =      0.00000 LRT =      0.00000 p-value =      1.00000
Site    94 dN/dS =      2.40491 Full Log(L) =     -9.74241 LRT =      0.58428 p-value =      0.22232
Site    95 dN/dS =      1.00000 Full Log(L) =      0.00000 LRT =      0.00000 p-value =      1.00000
Site    96 dN/dS =      8.46156 Full Log(L) =    -16.29647 LRT =      4.97795 p-value =      0.01284 *P
Site    97 dN/dS =      1.00000 Full Log(L) =      0.00000 LRT =      0.00000 p-value =      1.00000
Site    98 dN/dS =      1.00000 Full Log(L) =      0.00000 LRT =      0.00000 p-value =      1.00000
Site    99 dN/dS =      2.72277 Full Log(L) =     -9.50869 LRT =      0.73415 p-value =      0.19577
Site   100 dN/dS =      1.00000 Full Log(L) =      0.00000 LRT =      0.00000 p-value =      1.00000
Site   101 dN/dS =      1.00000 Full Log(L) =      0.00000 LRT =      0.00000 p-value =      1.00000
Site   102 dN/dS =      1.00000 Full Log(L) =      0.00000 LRT =      0.00000 p-value =      1.00000
Site   103 dN/dS =      1.00000 Full Log(L) =      0.00000 LRT =      0.00000 p-value =      1.00000
Site   104 dN/dS =      1.00000 Full Log(L) =      0.00000 LRT =      0.00000 p-value =      1.00000
Site   105 dN/dS =      1.00000 Full Log(L) =      0.00000 LRT =      0.00000 p-value =      1.00000
Site   106 dN/dS =      1.00000 Full Log(L) =      0.00000 LRT =      0.00000 p-value =      1.00000
Site   107 dN/dS =      1.00000 Full Log(L) =      0.00000 LRT =      0.00000 p-value =      1.00000
Site   108 dN/dS =      3.06105 Full Log(L) =    -17.34964 LRT =      0.88489 p-value =      0.17343
Site   109 dN/dS =      1.00000 Full Log(L) =      0.00000 LRT =      0.00000 p-value =      1.00000
Site   110 dN/dS =      1.00000 Full Log(L) =      0.00000 LRT =      0.00000 p-value =      1.00000
Site   111 dN/dS =      1.00000 Full Log(L) =      0.00000 LRT =      0.00000 p-value =      1.00000
Site   112 dN/dS =      2.80067 Full Log(L) =     -8.40157 LRT =      0.76992 p-value =      0.19012
Site   113 dN/dS =      1.00000 Full Log(L) =      0.00000 LRT =      0.00000 p-value =      1.00000
Site   114 dN/dS =      1.00000 Full Log(L) =      0.00000 LRT =      0.00000 p-value =      1.00000
Site   115 dN/dS =      1.00000 Full Log(L) =      0.00000 LRT =      0.00000 p-value =      1.00000
Site   116 dN/dS =      1.00000 Full Log(L) =      0.00000 LRT =      0.00000 p-value =      1.00000
Site   117 dN/dS =      1.00000 Full Log(L) =      0.00000 LRT =      0.00000 p-value =      1.00000
Site   118 dN/dS =      1.00000 Full Log(L) =      0.00000 LRT =      0.00000 p-value =      1.00000
Site   119 dN/dS =      1.00000 Full Log(L) =      0.00000 LRT =      0.00000 p-value =      1.00000
Site   120 dN/dS =      1.00000 Full Log(L) =      0.00000 LRT =      0.00000 p-value =      1.00000
Site   121 dN/dS =      1.00000 Full Log(L) =      0.00000 LRT =      0.00000 p-value =      1.00000
Site   122 dN/dS =      0.00000 Full Log(L) =     -9.49254 LRT =      0.75087 p-value =      0.19310
Site   123 dN/dS =      1.00000 Full Log(L) =      0.00000 LRT =      0.00000 p-value =      1.00000
Site   124 dN/dS =      1.00000 Full Log(L) =      0.00000 LRT =      0.00000 p-value =      1.00000
Site   125 dN/dS =      1.00000 Full Log(L) =      0.00000 LRT =      0.00000 p-value =      1.00000
Site   126 dN/dS =      1.00000 Full Log(L) =      0.00000 LRT =      0.00000 p-value =      1.00000
Site   127 dN/dS =      1.00000 Full Log(L) =      0.00000 LRT =      0.00000 p-value =      1.00000
Site   128 dN/dS =      1.00000 Full Log(L) =      0.00000 LRT =      0.00000 p-value =      1.00000
Site   129 dN/dS =      1.00000 Full Log(L) =      0.00000 LRT =      0.00000 p-value =      1.00000
Site   130 dN/dS =      0.00000 Full Log(L) =    -12.39486 LRT =      0.50568 p-value =      0.23851
Site   131 dN/dS =      0.00000 Full Log(L) =    -12.44953 LRT =      0.59577 p-value =      0.22010
Site   132 dN/dS =      1.00000 Full Log(L) =      0.00000 LRT =      0.00000 p-value =      1.00000
Site   133 dN/dS =      1.00000 Full Log(L) =      0.00000 LRT =      0.00000 p-value =      1.00000
Site   134 dN/dS =      0.00000 Full Log(L) =    -10.84515 LRT =      0.38467 p-value =      0.26756
Site   135 dN/dS =      0.00000 Full Log(L) =    -10.15455 LRT =      0.74053 p-value =      0.19475
Site   136 dN/dS =      1.00000 Full Log(L) =      0.00000 LRT =      0.00000 p-value =      1.00000
Site   137 dN/dS =      6.02984 Full Log(L) =    -18.04460 LRT =      3.82350 p-value =      0.02527 *P
Site   138 dN/dS =      2.86177 Full Log(L) =    -10.72921 LRT =      0.79740 p-value =      0.18594
Site   139 dN/dS =      1.00000 Full Log(L) =      0.00000 LRT =      0.00000 p-value =      1.00000
Site   140 dN/dS =      2.57844 Full Log(L) =    -10.40572 LRT =      0.66935 p-value =      0.20664
Site   141 dN/dS =      1.00000 Full Log(L) =      0.00000 LRT =      0.00000 p-value =      1.00000
Site   142 dN/dS =      1.00000 Full Log(L) =      0.00000 LRT =      0.00000 p-value =      1.00000
Site   143 dN/dS =      1.00000 Full Log(L) =      0.00000 LRT =      0.00000 p-value =      1.00000
Site   144 dN/dS =      0.00000 Full Log(L) =    -11.31567 LRT =      0.67421 p-value =      0.20579
Site   145 dN/dS =      1.00000 Full Log(L) =      0.00000 LRT =      0.00000 p-value =      1.00000
Site   146 dN/dS =      0.00000 Full Log(L) =     -9.87299 LRT =      0.68573 p-value =      0.20381
Site   147 dN/dS =      0.00000 Full Log(L) =    -10.46727 LRT =      0.75087 p-value =      0.19310
Site   148 dN/dS =      1.00000 Full Log(L) =      0.00000 LRT =      0.00000 p-value =      1.00000
Site   149 dN/dS =      5.96913 Full Log(L) =    -12.95801 LRT =      3.81069 p-value =      0.02546 *P
Site   150 dN/dS =      0.00000 Full Log(L) =    -10.09544 LRT =      0.79670 p-value =      0.18604
Site   151 dN/dS =      1.00000 Full Log(L) =      0.00000 LRT =      0.00000 p-value =      1.00000
Site   152 dN/dS =      1.00000 Full Log(L) =      0.00000 LRT =      0.00000 p-value =      1.00000
Site   153 dN/dS =      1.00000 Full Log(L) =      0.00000 LRT =      0.00000 p-value =      1.00000
Site   154 dN/dS =      1.00000 Full Log(L) =      0.00000 LRT =      0.00000 p-value =      1.00000
Site   155 dN/dS =      1.00000 Full Log(L) =      0.00000 LRT =      0.00000 p-value =      1.00000
Site   156 dN/dS =      1.00000 Full Log(L) =      0.00000 LRT =      0.00000 p-value =      1.00000
Site   157 dN/dS =      1.00000 Full Log(L) =      0.00000 LRT =      0.00000 p-value =      1.00000
Site   158 dN/dS =      5.18535 Full Log(L) =    -14.59089 LRT =      3.33444 p-value =      0.03392 *P
Site   159 dN/dS =      1.00000 Full Log(L) =      0.00000 LRT =      0.00000 p-value =      1.00000
Site   160 dN/dS =      1.00000 Full Log(L) =      0.00000 LRT =      0.00000 p-value =      1.00000
Site   161 dN/dS =      1.00000 Full Log(L) =      0.00000 LRT =      0.00000 p-value =      1.00000
Site   162 dN/dS =      1.00000 Full Log(L) =      0.00000 LRT =      0.00000 p-value =      1.00000
Site   163 dN/dS =      1.00000 Full Log(L) =      0.00000 LRT =      0.00000 p-value =      1.00000
Site   164 dN/dS =      0.00000 Full Log(L) =    -10.20911 LRT =      0.62607 p-value =      0.21440
Site   165 dN/dS =      1.00000 Full Log(L) =      0.00000 LRT =      0.00000 p-value =      1.00000
Site   166 dN/dS =      1.00000 Full Log(L) =      0.00000 LRT =      0.00000 p-value =      1.00000
Site   167 dN/dS =      1.00000 Full Log(L) =      0.00000 LRT =      0.00000 p-value =      1.00000
Site   168 dN/dS =      1.00000 Full Log(L) =      0.00000 LRT =      0.00000 p-value =      1.00000
Site   169 dN/dS =      1.00000 Full Log(L) =      0.00000 LRT =      0.00000 p-value =      1.00000
Site   170 dN/dS =      1.00000 Full Log(L) =      0.00000 LRT =      0.00000 p-value =      1.00000
Site   171 dN/dS =      1.00000 Full Log(L) =      0.00000 LRT =      0.00000 p-value =      1.00000
Site   172 dN/dS =      1.00000 Full Log(L) =      0.00000 LRT =      0.00000 p-value =      1.00000
Site   173 dN/dS =      0.00000 Full Log(L) =    -10.80408 LRT =      0.36945 p-value =      0.27165
Site   174 dN/dS =      1.00000 Full Log(L) =      0.00000 LRT =      0.00000 p-value =      1.00000
Site   175 dN/dS =      1.00000 Full Log(L) =      0.00000 LRT =      0.00000 p-value =      1.00000
Site   176 dN/dS =      1.00000 Full Log(L) =      0.00000 LRT =      0.00000 p-value =      1.00000
Site   177 dN/dS =      1.00000 Full Log(L) =      0.00000 LRT =      0.00000 p-value =      1.00000
Site   178 dN/dS =      1.00000 Full Log(L) =      0.00000 LRT =      0.00000 p-value =      1.00000
Site   179 dN/dS =      1.00000 Full Log(L) =      0.00000 LRT =      0.00000 p-value =      1.00000
Site   180 dN/dS =      5.24983 Full Log(L) =    -17.43318 LRT =      1.69097 p-value =      0.09674 *P
Site   181 dN/dS =      1.00000 Full Log(L) =      0.00000 LRT =      0.00000 p-value =      1.00000
Site   182 dN/dS =      0.00000 Full Log(L) =    -11.87203 LRT =      0.68573 p-value =      0.20381
Site   183 dN/dS =      1.00000 Full Log(L) =      0.00000 LRT =      0.00000 p-value =      1.00000
Site   184 dN/dS =      1.00000 Full Log(L) =      0.00000 LRT =      0.00000 p-value =      1.00000
Site   185 dN/dS =      1.00000 Full Log(L) =      0.00000 LRT =      0.00000 p-value =      1.00000
Site   186 dN/dS =      1.00000 Full Log(L) =      0.00000 LRT =      0.00000 p-value =      1.00000
Site   187 dN/dS =      1.00000 Full Log(L) =      0.00000 LRT =      0.00000 p-value =      1.00000
Site   188 dN/dS =      0.00000 Full Log(L) =    -10.82944 LRT =      0.78632 p-value =      0.18761
Site   189 dN/dS =      1.00000 Full Log(L) =      0.00000 LRT =      0.00000 p-value =      1.00000
Site   190 dN/dS =      1.00000 Full Log(L) =      0.00000 LRT =      0.00000 p-value =      1.00000
Site   191 dN/dS =      1.00000 Full Log(L) =      0.00000 LRT =      0.00000 p-value =      1.00000
Site   192 dN/dS =      1.00000 Full Log(L) =      0.00000 LRT =      0.00000 p-value =      1.00000
Site   193 dN/dS =      1.00000 Full Log(L) =      0.00000 LRT =      0.00000 p-value =      1.00000
Site   194 dN/dS =      1.00000 Full Log(L) =      0.00000 LRT =      0.00000 p-value =      1.00000
Site   195 dN/dS =      0.00000 Full Log(L) =    -10.98570 LRT =      0.64243 p-value =      0.21142
Site   196 dN/dS =      1.00000 Full Log(L) =      0.00000 LRT =      0.00000 p-value =      1.00000
Site   197 dN/dS =      1.00000 Full Log(L) =      0.00000 LRT =      0.00000 p-value =      1.00000
Site   198 dN/dS =      1.00000 Full Log(L) =      0.00000 LRT =      0.00000 p-value =      1.00000
Site   199 dN/dS =      1.00000 Full Log(L) =      0.00000 LRT =      0.00000 p-value =      1.00000
Site   200 dN/dS =      1.00000 Full Log(L) =      0.00000 LRT =      0.00000 p-value =      1.00000
Site   201 dN/dS =      1.00000 Full Log(L) =      0.00000 LRT =      0.00000 p-value =      1.00000
Site   202 dN/dS =      2.36413 Full Log(L) =    -11.79634 LRT =      0.56448 p-value =      0.22623
Site   203 dN/dS =      1.00000 Full Log(L) =      0.00000 LRT =      0.00000 p-value =      1.00000
Site   204 dN/dS =      2.57100 Full Log(L) =     -8.92248 LRT =      0.66347 p-value =      0.20767
Site   205 dN/dS =      1.00000 Full Log(L) =      0.00000 LRT =      0.00000 p-value =      1.00000
Site   206 dN/dS =      1.00000 Full Log(L) =      0.00000 LRT =      0.00000 p-value =      1.00000
Site   207 dN/dS =      1.00000 Full Log(L) =      0.00000 LRT =      0.00000 p-value =      1.00000
Site   208 dN/dS =      2.98985 Full Log(L) =    -10.54857 LRT =      0.85545 p-value =      0.17751
Site   209 dN/dS =      1.00000 Full Log(L) =      0.00000 LRT =      0.00000 p-value =      1.00000
Site   210 dN/dS =      5.20036 Full Log(L) =    -20.00594 LRT =      1.67586 p-value =      0.09774 *P
Site   211 dN/dS =      1.00000 Full Log(L) =      0.00000 LRT =      0.00000 p-value =      1.00000
Site   212 dN/dS =      1.00000 Full Log(L) =      0.00000 LRT =      0.00000 p-value =      1.00000
Site   213 dN/dS =      1.00000 Full Log(L) =      0.00000 LRT =      0.00000 p-value =      1.00000
Site   214 dN/dS =      2.83835 Full Log(L) =    -10.78256 LRT =      0.78813 p-value =      0.18733
Site   215 dN/dS =      1.00000 Full Log(L) =      0.00000 LRT =      0.00000 p-value =      1.00000
Site   216 dN/dS =      1.00000 Full Log(L) =      0.00000 LRT =      0.00000 p-value =      1.00000
Site   217 dN/dS =      1.00000 Full Log(L) =      0.00000 LRT =      0.00000 p-value =      1.00000
Site   218 dN/dS =      2.94878 Full Log(L) =     -9.47483 LRT =      0.83734 p-value =      0.18008
Site   219 dN/dS =      1.00000 Full Log(L) =      0.00000 LRT =      0.00000 p-value =      1.00000
Site   220 dN/dS =      1.00000 Full Log(L) =      0.00000 LRT =      0.00000 p-value =      1.00000
Site   221 dN/dS =      1.00000 Full Log(L) =      0.00000 LRT =      0.00000 p-value =      1.00000
Site   222 dN/dS =      1.00000 Full Log(L) =      0.00000 LRT =      0.00000 p-value =      1.00000
Site   223 dN/dS =      1.00000 Full Log(L) =      0.00000 LRT =      0.00000 p-value =      1.00000
Site   224 dN/dS =      1.00000 Full Log(L) =      0.00000 LRT =      0.00000 p-value =      1.00000
Site   225 dN/dS =      1.00000 Full Log(L) =      0.00000 LRT =      0.00000 p-value =      1.00000
Site   226 dN/dS =      1.00000 Full Log(L) =      0.00000 LRT =      0.00000 p-value =      1.00000
Site   227 dN/dS =      1.00000 Full Log(L) =      0.00000 LRT =      0.00000 p-value =      1.00000
Site   228 dN/dS =      1.00000 Full Log(L) =      0.00000 LRT =      0.00000 p-value =      1.00000
Site   229 dN/dS =      1.00000 Full Log(L) =      0.00000 LRT =      0.00000 p-value =      1.00000
Site   230 dN/dS =      3.13640 Full Log(L) =     -8.97615 LRT =      0.91944 p-value =      0.16881
Site   231 dN/dS =      1.00000 Full Log(L) =      0.00000 LRT =      0.00000 p-value =      1.00000
Site   232 dN/dS =      0.00000 Full Log(L) =     -9.18219 LRT =      0.70948 p-value =      0.19981
Site   233 dN/dS =      1.00000 Full Log(L) =      0.00000 LRT =      0.00000 p-value =      1.00000
Site   234 dN/dS =      0.00000 Full Log(L) =     -9.56805 LRT =      0.82150 p-value =      0.18237
Site   235 dN/dS =      1.00000 Full Log(L) =      0.00000 LRT =      0.00000 p-value =      1.00000
Site   236 dN/dS =      5.20809 Full Log(L) =    -16.79642 LRT =      3.34741 p-value =      0.03366 *P
Site   237 dN/dS =      1.00000 Full Log(L) =      0.00000 LRT =      0.00000 p-value =      1.00000
Site   238 dN/dS =      1.00000 Full Log(L) =      0.00000 LRT =      0.00000 p-value =      1.00000
Site   239 dN/dS =      2.93535 Full Log(L) =    -17.89622 LRT =      0.83132 p-value =      0.18095
Site   240 dN/dS =      1.00000 Full Log(L) =      0.00000 LRT =      0.00000 p-value =      1.00000
Site   241 dN/dS =      0.00000 Full Log(L) =    -11.26186 LRT =      0.83834 p-value =      0.17994
Site   242 dN/dS =      6.00210 Full Log(L) =    -14.66486 LRT =      3.81059 p-value =      0.02546 *P
Site   243 dN/dS =      1.00000 Full Log(L) =      0.00000 LRT =      0.00000 p-value =      1.00000
Site   244 dN/dS =      1.00000 Full Log(L) =      0.00000 LRT =      0.00000 p-value =      1.00000
Site   245 dN/dS =      8.03500 Full Log(L) =    -31.58384 LRT =      7.18303 p-value =      0.00368 *P
Site   246 dN/dS =      1.00000 Full Log(L) =      0.00000 LRT =      0.00000 p-value =      1.00000
Site   247 dN/dS =      1.00000 Full Log(L) =      0.00000 LRT =      0.00000 p-value =      1.00000
Site   248 dN/dS =      0.00000 Full Log(L) =    -11.34463 LRT =      0.66280 p-value =      0.20779
Site   249 dN/dS =      1.00000 Full Log(L) =      0.00000 LRT =      0.00000 p-value =      1.00000
Site   250 dN/dS =      1.00000 Full Log(L) =      0.00000 LRT =      0.00000 p-value =      1.00000
Site   251 dN/dS =      1.00000 Full Log(L) =      0.00000 LRT =      0.00000 p-value =      1.00000
Site   252 dN/dS =      2.52968 Full Log(L) =     -9.92013 LRT =      0.64354 p-value =      0.21122
Site   253 dN/dS =      1.00000 Full Log(L) =      0.00000 LRT =      0.00000 p-value =      1.00000
Site   254 dN/dS =      1.00000 Full Log(L) =      0.00000 LRT =      0.00000 p-value =      1.00000
Site   255 dN/dS =      0.00000 Full Log(L) =    -12.73081 LRT =      0.68781 p-value =      0.20346
Site   256 dN/dS =      1.00000 Full Log(L) =      0.00000 LRT =      0.00000 p-value =      1.00000
Site   257 dN/dS =      1.00000 Full Log(L) =      0.00000 LRT =      0.00000 p-value =      1.00000
Site   258 dN/dS =      1.00000 Full Log(L) =      0.00000 LRT =      0.00000 p-value =      1.00000
Site   259 dN/dS =      1.00000 Full Log(L) =      0.00000 LRT =      0.00000 p-value =      1.00000
Site   260 dN/dS =      1.00000 Full Log(L) =      0.00000 LRT =      0.00000 p-value =      1.00000
Site   261 dN/dS =      0.00000 Full Log(L) =    -10.98557 LRT =      0.64243 p-value =      0.21142
Site   262 dN/dS =      5.83748 Full Log(L) =    -20.40265 LRT =      3.70268 p-value =      0.02716 *P
Site   263 dN/dS =      1.00000 Full Log(L) =      0.00000 LRT =      0.00000 p-value =      1.00000
Site   264 dN/dS =      1.00000 Full Log(L) =      0.00000 LRT =      0.00000 p-value =      1.00000
Site   265 dN/dS =      1.00000 Full Log(L) =      0.00000 LRT =      0.00000 p-value =      1.00000
Site   266 dN/dS =      1.00000 Full Log(L) =      0.00000 LRT =      0.00000 p-value =      1.00000
Site   267 dN/dS =      1.00000 Full Log(L) =      0.00000 LRT =      0.00000 p-value =      1.00000
Site   268 dN/dS =      1.00000 Full Log(L) =      0.00000 LRT =      0.00000 p-value =      1.00000
Site   269 dN/dS =      0.00000 Full Log(L) =     -9.49024 LRT =      0.75087 p-value =      0.19310
Site   270 dN/dS =      1.00000 Full Log(L) =      0.00000 LRT =      0.00000 p-value =      1.00000
Site   271 dN/dS =      1.00000 Full Log(L) =      0.00000 LRT =      0.00000 p-value =      1.00000
Site   272 dN/dS =      1.00000 Full Log(L) =      0.00000 LRT =      0.00000 p-value =      1.00000
Site   273 dN/dS =      1.00000 Full Log(L) =      0.00000 LRT =      0.00000 p-value =      1.00000
Site   274 dN/dS =      1.00000 Full Log(L) =      0.00000 LRT =      0.00000 p-value =      1.00000
Site   275 dN/dS =      1.00000 Full Log(L) =      0.00000 LRT =      0.00000 p-value =      1.00000
Site   276 dN/dS =      1.00000 Full Log(L) =      0.00000 LRT =      0.00000 p-value =      1.00000
Site   277 dN/dS =      1.00000 Full Log(L) =      0.00000 LRT =      0.00000 p-value =      1.00000
Site   278 dN/dS =      2.37173 Full Log(L) =    -10.97648 LRT =      0.56822 p-value =      0.22548
Site   279 dN/dS =      0.00000 Full Log(L) =    -10.70433 LRT =      0.83803 p-value =      0.17998
Site   280 dN/dS =      1.00000 Full Log(L) =      0.00000 LRT =      0.00000 p-value =      1.00000
Site   281 dN/dS =      1.00000 Full Log(L) =      0.00000 LRT =      0.00000 p-value =      1.00000
Site   282 dN/dS =      1.00000 Full Log(L) =      0.00000 LRT =      0.00000 p-value =      1.00000
Site   283 dN/dS =      1.00000 Full Log(L) =      0.00000 LRT =      0.00000 p-value =      1.00000
Site   284 dN/dS =      1.00000 Full Log(L) =      0.00000 LRT =      0.00000 p-value =      1.00000
Site   285 dN/dS =      1.00000 Full Log(L) =      0.00000 LRT =      0.00000 p-value =      1.00000
Site   286 dN/dS =      0.00000 Full Log(L) =    -10.53164 LRT =      0.50537 p-value =      0.23857
Site   287 dN/dS =      1.00000 Full Log(L) =      0.00000 LRT =      0.00000 p-value =      1.00000
Site   288 dN/dS =      1.00000 Full Log(L) =      0.00000 LRT =      0.00000 p-value =      1.00000
Site   289 dN/dS =      1.00000 Full Log(L) =      0.00000 LRT =      0.00000 p-value =      1.00000
Site   290 dN/dS =      1.00000 Full Log(L) =      0.00000 LRT =      0.00000 p-value =      1.00000
Site   291 dN/dS =      5.35927 Full Log(L) =    -14.68988 LRT =      3.44341 p-value =      0.03175 *P
Site   292 dN/dS =      2.83738 Full Log(L) =     -9.97412 LRT =      0.78645 p-value =      0.18759
Site   293 dN/dS =      1.00000 Full Log(L) =      0.00000 LRT =      0.00000 p-value =      1.00000
Site   294 dN/dS =      1.00000 Full Log(L) =      0.00000 LRT =      0.00000 p-value =      1.00000
Site   295 dN/dS =      1.00000 Full Log(L) =      0.00000 LRT =      0.00000 p-value =      1.00000
Site   296 dN/dS =      1.00000 Full Log(L) =      0.00000 LRT =      0.00000 p-value =      1.00000
Site   297 dN/dS =      1.00000 Full Log(L) =      0.00000 LRT =      0.00000 p-value =      1.00000
Site   298 dN/dS =      0.00000 Full Log(L) =     -9.74657 LRT =      0.64237 p-value =      0.21143
Site   299 dN/dS =      1.00000 Full Log(L) =      0.00000 LRT =      0.00000 p-value =      1.00000
Site   300 dN/dS =      1.00000 Full Log(L) =      0.00000 LRT =      0.00000 p-value =      1.00000
Site   301 dN/dS =      1.00000 Full Log(L) =      0.00000 LRT =      0.00000 p-value =      1.00000
Site   302 dN/dS =      1.00000 Full Log(L) =      0.00000 LRT =      0.00000 p-value =      1.00000
Site   303 dN/dS =      1.00000 Full Log(L) =      0.00000 LRT =      0.00000 p-value =      1.00000
Site   304 dN/dS =      1.00000 Full Log(L) =      0.00000 LRT =      0.00000 p-value =      1.00000
Site   305 dN/dS =      2.97562 Full Log(L) =    -12.06468 LRT =      0.85065 p-value =      0.17818
Site   306 dN/dS =      1.00000 Full Log(L) =      0.00000 LRT =      0.00000 p-value =      1.00000
Site   307 dN/dS =      1.00000 Full Log(L) =      0.00000 LRT =      0.00000 p-value =      1.00000
Site   308 dN/dS =      1.00000 Full Log(L) =      0.00000 LRT =      0.00000 p-value =      1.00000
Site   309 dN/dS =      0.00000 Full Log(L) =    -11.74836 LRT =      0.68781 p-value =      0.20346
Site   310 dN/dS =      1.00000 Full Log(L) =      0.00000 LRT =      0.00000 p-value =      1.00000
Site   311 dN/dS =      0.00000 Full Log(L) =    -11.33288 LRT =      0.48170 p-value =      0.24383
Site   312 dN/dS =      1.00000 Full Log(L) =      0.00000 LRT =      0.00000 p-value =      1.00000
Site   313 dN/dS =      1.00000 Full Log(L) =      0.00000 LRT =      0.00000 p-value =      1.00000
Site   314 dN/dS =      1.00000 Full Log(L) =      0.00000 LRT =      0.00000 p-value =      1.00000
Site   315 dN/dS =      1.00000 Full Log(L) =      0.00000 LRT =      0.00000 p-value =      1.00000
Site   316 dN/dS =      1.00000 Full Log(L) =      0.00000 LRT =      0.00000 p-value =      1.00000
Site   317 dN/dS =      1.00000 Full Log(L) =      0.00000 LRT =      0.00000 p-value =      1.00000
Site   318 dN/dS =      1.00000 Full Log(L) =      0.00000 LRT =      0.00000 p-value =      1.00000
Site   319 dN/dS =      1.00000 Full Log(L) =      0.00000 LRT =      0.00000 p-value =      1.00000
Site   320 dN/dS =      1.00000 Full Log(L) =      0.00000 LRT =      0.00000 p-value =      1.00000
Site   321 dN/dS =      1.00000 Full Log(L) =      0.00000 LRT =      0.00000 p-value =      1.00000
Site   322 dN/dS =      1.00000 Full Log(L) =      0.00000 LRT =      0.00000 p-value =      1.00000
Site   323 dN/dS =      1.00000 Full Log(L) =      0.00000 LRT =      0.00000 p-value =      1.00000
Site   324 dN/dS =      1.00000 Full Log(L) =      0.00000 LRT =      0.00000 p-value =      1.00000
Site   325 dN/dS =      1.00000 Full Log(L) =      0.00000 LRT =      0.00000 p-value =      1.00000
Site   326 dN/dS =      1.00000 Full Log(L) =      0.00000 LRT =      0.00000 p-value =      1.00000
Site   327 dN/dS =      1.00000 Full Log(L) =      0.00000 LRT =      0.00000 p-value =      1.00000
Site   328 dN/dS =      1.00000 Full Log(L) =      0.00000 LRT =      0.00000 p-value =      1.00000
Site   329 dN/dS =      0.00000 Full Log(L) =     -9.66886 LRT =      0.67421 p-value =      0.20579
Site   330 dN/dS =      0.00000 Full Log(L) =    -11.00133 LRT =      0.38467 p-value =      0.26756
Site   331 dN/dS =      1.00000 Full Log(L) =      0.00000 LRT =      0.00000 p-value =      1.00000
Site   332 dN/dS =      1.00000 Full Log(L) =      0.00000 LRT =      0.00000 p-value =      1.00000
Site   333 dN/dS =      1.00000 Full Log(L) =      0.00000 LRT =      0.00000 p-value =      1.00000
Site   334 dN/dS =      1.00000 Full Log(L) =      0.00000 LRT =      0.00000 p-value =      1.00000
Site   335 dN/dS =      1.00000 Full Log(L) =      0.00000 LRT =      0.00000 p-value =      1.00000
Site   336 dN/dS =      1.00000 Full Log(L) =      0.00000 LRT =      0.00000 p-value =      1.00000
Site   337 dN/dS =      1.00000 Full Log(L) =      0.00000 LRT =      0.00000 p-value =      1.00000
Site   338 dN/dS =      1.00000 Full Log(L) =      0.00000 LRT =      0.00000 p-value =      1.00000
Site   339 dN/dS =      1.00000 Full Log(L) =      0.00000 LRT =      0.00000 p-value =      1.00000
Site   340 dN/dS =      0.00000 Full Log(L) =    -10.42907 LRT =      0.68781 p-value =      0.20346
Site   341 dN/dS =      1.00000 Full Log(L) =      0.00000 LRT =      0.00000 p-value =      1.00000
Site   342 dN/dS =      1.00000 Full Log(L) =      0.00000 LRT =      0.00000 p-value =      1.00000
Site   343 dN/dS =      1.00000 Full Log(L) =      0.00000 LRT =      0.00000 p-value =      1.00000
Site   344 dN/dS =      1.00000 Full Log(L) =      0.00000 LRT =      0.00000 p-value =      1.00000
Site   345 dN/dS =      2.59178 Full Log(L) =     -9.07364 LRT =      0.67331 p-value =      0.20595
Site   346 dN/dS =      0.00000 Full Log(L) =     -4.36812 LRT =      0.77379 p-value =      0.18952
Site   347 dN/dS =      0.00000 Full Log(L) =     -3.59953 LRT =      0.73578 p-value =      0.19551
Site   348 dN/dS =      0.00000 Full Log(L) =     -4.30653 LRT =      0.57804 p-value =      0.22354
Site   349 dN/dS =      0.00000 Full Log(L) =     -4.36812 LRT =      0.77379 p-value =      0.18952
Site   350 dN/dS =      0.00000 Full Log(L) =     -4.25588 LRT =      0.69306 p-value =      0.20256
Site   351 dN/dS =      0.00000 Full Log(L) =     -3.97965 LRT =      0.59298 p-value =      0.22063
Site   352 dN/dS =      0.00000 Full Log(L) =     -4.25588 LRT =      0.69306 p-value =      0.20256
Site   353 dN/dS =      0.00000 Full Log(L) =     -4.33933 LRT =      0.77379 p-value =      0.18952
Site   354 dN/dS =      0.00000 Full Log(L) =     -4.30653 LRT =      0.57804 p-value =      0.22354
Site   355 dN/dS =      0.00000 Full Log(L) =     -3.59953 LRT =      0.73578 p-value =      0.19551
Site   356 dN/dS =      0.00000 Full Log(L) =     -3.51485 LRT =      0.68360 p-value =      0.20418
Site   357 dN/dS =      0.00000 Full Log(L) =     -3.53681 LRT =      0.65506 p-value =      0.20916
Site   358 dN/dS =      0.00000 Full Log(L) =     -4.33933 LRT =      0.77379 p-value =      0.18952
Site   359 dN/dS =      0.00000 Full Log(L) =     -4.55056 LRT =      0.38654 p-value =      0.26706
Site   360 dN/dS =      0.00000 Full Log(L) =     -4.09551 LRT =      0.68361 p-value =      0.20417
Site   361 dN/dS =      0.00000 Full Log(L) =     -4.05941 LRT =      0.73486 p-value =      0.19566
Site   362 dN/dS =      0.00000 Full Log(L) =     -4.08098 LRT =      0.93423 p-value =      0.16688
Site   363 dN/dS =      0.00000 Full Log(L) =     -3.94265 LRT =      0.63293 p-value =      0.21314
Site   364 dN/dS =      0.00000 Full Log(L) =     -3.82192 LRT =      0.72582 p-value =      0.19712
Site   365 dN/dS =      0.00000 Full Log(L) =     -4.33933 LRT =      0.77379 p-value =      0.18952
Site   366 dN/dS =      0.00000 Full Log(L) =     -4.55056 LRT =      0.38654 p-value =      0.26706
Site   367 dN/dS =      0.00000 Full Log(L) =     -3.91843 LRT =      0.50553 p-value =      0.23854
Site   368 dN/dS =      0.00000 Full Log(L) =     -4.33933 LRT =      0.77379 p-value =      0.18952
Site   369 dN/dS =      0.00000 Full Log(L) =     -4.30653 LRT =      0.57804 p-value =      0.22354
Site   370 dN/dS =      0.00000 Full Log(L) =     -4.35649 LRT =      0.75757 p-value =      0.19204
Site   371 dN/dS =      0.00000 Full Log(L) =     -4.33744 LRT =      0.66762 p-value =      0.20694
Site   372 dN/dS =      0.00000 Full Log(L) =     -4.05916 LRT =      0.44467 p-value =      0.25244
Site   373 dN/dS =      0.00000 Full Log(L) =     -3.53681 LRT =      0.65506 p-value =      0.20916
Site   374 dN/dS =      0.00000 Full Log(L) =     -4.63231 LRT =      0.55547 p-value =      0.22805
Site   375 dN/dS =      0.00000 Full Log(L) =     -9.72594 LRT =      0.68344 p-value =      0.20420
Site   376 dN/dS =      0.00000 Full Log(L) =     -4.36812 LRT =      0.77379 p-value =      0.18952
Site   377 dN/dS =      0.00000 Full Log(L) =     -3.99957 LRT =      0.62230 p-value =      0.21510
Site   378 dN/dS =      0.00000 Full Log(L) =     -4.05941 LRT =      0.73486 p-value =      0.19566
Site   379 dN/dS =      0.00000 Full Log(L) =     -4.05916 LRT =      0.44467 p-value =      0.25244
Site   380 dN/dS =      0.00000 Full Log(L) =     -4.25588 LRT =      0.69306 p-value =      0.20256
Site   381 dN/dS =      0.00000 Full Log(L) =     -9.72984 LRT =      0.69306 p-value =      0.20256
Site   382 dN/dS =      0.00000 Full Log(L) =     -3.79313 LRT =      0.72582 p-value =      0.19712
Site   383 dN/dS =      0.00000 Full Log(L) =     -4.76689 LRT =      0.57473 p-value =      0.22419
Site   384 dN/dS =      0.00000 Full Log(L) =     -3.25853 LRT =      0.61284 p-value =      0.21686
Site   385 dN/dS =      0.00000 Full Log(L) =     -4.07046 LRT =      0.78573 p-value =      0.18770
Site   386 dN/dS =      0.00000 Full Log(L) =     -4.27949 LRT =      0.62230 p-value =      0.21510
Site   387 dN/dS =      0.00000 Full Log(L) =     -4.05916 LRT =      0.44467 p-value =      0.25244
Site   388 dN/dS =      0.00000 Full Log(L) =     -4.25588 LRT =      0.69306 p-value =      0.20256
Site   389 dN/dS =      0.00000 Full Log(L) =     -4.25588 LRT =      0.69306 p-value =      0.20256
Site   390 dN/dS =      0.00000 Full Log(L) =     -3.97965 LRT =      0.59298 p-value =      0.22063
Site   391 dN/dS =      0.00000 Full Log(L) =     -3.56560 LRT =      0.65506 p-value =      0.20915
Site   392 dN/dS =      0.00000 Full Log(L) =     -4.05916 LRT =      0.44467 p-value =      0.25244
Site   393 dN/dS =      0.00000 Full Log(L) =     -3.97965 LRT =      0.59298 p-value =      0.22063
Site   394 dN/dS =      3.09205 Full Log(L) =    -14.79662 LRT =      0.89710 p-value =      0.17178
Site   395 dN/dS =      0.00000 Full Log(L) =    -11.38250 LRT =      0.77363 p-value =      0.18955
Site   396 dN/dS =      0.00000 Full Log(L) =     -3.25853 LRT =      0.61284 p-value =      0.21686
Site   397 dN/dS =      0.00000 Full Log(L) =     -5.17747 LRT =      0.35506 p-value =      0.27563
Site   398 dN/dS =      0.00000 Full Log(L) =     -9.86674 LRT =      0.65494 p-value =      0.20918
Site   399 dN/dS =      0.00000 Full Log(L) =     -4.35649 LRT =      0.75757 p-value =      0.19204
Site   400 dN/dS =      0.00000 Full Log(L) =     -4.06960 LRT =      0.34088 p-value =      0.27966
Site   401 dN/dS =      0.00000 Full Log(L) =     -3.97965 LRT =      0.59298 p-value =      0.22063
Site   402 dN/dS =      0.00000 Full Log(L) =     -4.09551 LRT =      0.68361 p-value =      0.20417
Site   403 dN/dS =      0.00000 Full Log(L) =     -3.25853 LRT =      0.61284 p-value =      0.21686
Site   404 dN/dS =      0.00000 Full Log(L) =     -4.58024 LRT =      0.62230 p-value =      0.21510
Site   405 dN/dS =      0.00000 Full Log(L) =     -3.56560 LRT =      0.65506 p-value =      0.20915
Site   406 dN/dS =      0.00000 Full Log(L) =     -4.09551 LRT =      0.68361 p-value =      0.20417
Site   407 dN/dS =      0.00000 Full Log(L) =     -3.25853 LRT =      0.61284 p-value =      0.21686
Site   408 dN/dS =      0.00000 Full Log(L) =     -9.09749 LRT =      0.57750 p-value =      0.22365
Site   409 dN/dS =      0.00000 Full Log(L) =     -4.33744 LRT =      0.66762 p-value =      0.20694
Site   410 dN/dS =      0.00000 Full Log(L) =     -4.05916 LRT =      0.44467 p-value =      0.25244
Site   411 dN/dS =      0.00000 Full Log(L) =    -10.28131 LRT =      0.59293 p-value =      0.22064
Site   412 dN/dS =      0.00000 Full Log(L) =     -3.51485 LRT =      0.68360 p-value =      0.20418
Site   413 dN/dS =      0.00000 Full Log(L) =     -3.25853 LRT =      0.61284 p-value =      0.21686
Site   414 dN/dS =      0.00000 Full Log(L) =     -3.51485 LRT =      0.68360 p-value =      0.20418
Site   415 dN/dS =      0.00000 Full Log(L) =     -4.30653 LRT =      0.57804 p-value =      0.22354
Site   416 dN/dS =      0.00000 Full Log(L) =     -4.35239 LRT =      0.46188 p-value =      0.24837
Site   417 dN/dS =      0.00000 Full Log(L) =     -3.51485 LRT =      0.68360 p-value =      0.20418
Site   418 dN/dS =      0.00000 Full Log(L) =     -3.94265 LRT =      0.63293 p-value =      0.21314
Site   419 dN/dS =      0.00000 Full Log(L) =     -3.51485 LRT =      0.68360 p-value =      0.20418
Site   420 dN/dS =      0.00000 Full Log(L) =     -4.64008 LRT =      0.77379 p-value =      0.18952
Site   421 dN/dS =      0.00000 Full Log(L) =     -3.77583 LRT =      0.71863 p-value =      0.19830
Site   422 dN/dS =      0.00000 Full Log(L) =     -3.95086 LRT =      0.59298 p-value =      0.22063
Site   423 dN/dS =      0.00000 Full Log(L) =     -4.63982 LRT =      0.44468 p-value =      0.25244
Site   424 dN/dS =      0.00000 Full Log(L) =     -3.82192 LRT =      0.72582 p-value =      0.19712
Site   425 dN/dS =      0.00000 Full Log(L) =    -13.26844 LRT =      0.57385 p-value =      0.22437
Site   426 dN/dS =      0.00000 Full Log(L) =     -9.73860 LRT =      0.68344 p-value =      0.20420
Site   427 dN/dS =      0.00000 Full Log(L) =     -3.25853 LRT =      0.61284 p-value =      0.21686
Site   428 dN/dS =      0.00000 Full Log(L) =     -3.88964 LRT =      0.50553 p-value =      0.23854
Site   429 dN/dS =      0.00000 Full Log(L) =     -4.22258 LRT =      0.63293 p-value =      0.21314
Site   430 dN/dS =      0.00000 Full Log(L) =     -3.51485 LRT =      0.68360 p-value =      0.20418
Site   431 dN/dS =      0.00000 Full Log(L) =     -3.82192 LRT =      0.72582 p-value =      0.19712
Site   432 dN/dS =      0.00000 Full Log(L) =     -4.27949 LRT =      0.62230 p-value =      0.21510
Site   433 dN/dS =      0.00000 Full Log(L) =     -3.25853 LRT =      0.61284 p-value =      0.21686
Site   434 dN/dS =      0.00000 Full Log(L) =     -3.59953 LRT =      0.73578 p-value =      0.19551
Site   435 dN/dS =      0.00000 Full Log(L) =     -3.79313 LRT =      0.72582 p-value =      0.19712
Site   436 dN/dS =      0.00000 Full Log(L) =     -4.79568 LRT =      0.57473 p-value =      0.22419
Site   437 dN/dS =      0.00000 Full Log(L) =     -4.55056 LRT =      0.38654 p-value =      0.26706
Site   438 dN/dS =      0.00000 Full Log(L) =    -11.83099 LRT =      0.53429 p-value =      0.23240
Site   439 dN/dS =      0.00000 Full Log(L) =     -3.91843 LRT =      0.50553 p-value =      0.23854
Site   440 dN/dS =      0.00000 Full Log(L) =     -3.56560 LRT =      0.65506 p-value =      0.20915
Site   441 dN/dS =      0.00000 Full Log(L) =     -9.48878 LRT =      0.69306 p-value =      0.20256
Site   442 dN/dS =      0.00000 Full Log(L) =     -4.09551 LRT =      0.68361 p-value =      0.20417
Site   443 dN/dS =      0.00000 Full Log(L) =     -4.76689 LRT =      0.57473 p-value =      0.22419
Site   444 dN/dS =      0.00000 Full Log(L) =     -4.76689 LRT =      0.57473 p-value =      0.22419
Site   445 dN/dS =      0.00000 Full Log(L) =     -4.22258 LRT =      0.63293 p-value =      0.21314
Site   446 dN/dS =      0.00000 Full Log(L) =     -4.56459 LRT =      0.69306 p-value =      0.20256
Site   447 dN/dS =      0.00000 Full Log(L) =     -5.17747 LRT =      0.35506 p-value =      0.27563
Site   448 dN/dS =      0.00000 Full Log(L) =     -4.09551 LRT =      0.68361 p-value =      0.20417
Site   449 dN/dS =      0.00000 Full Log(L) =     -8.35656 LRT =      0.65452 p-value =      0.20925
Site   450 dN/dS =      0.00000 Full Log(L) =     -4.05916 LRT =      0.44467 p-value =      0.25244
Site   451 dN/dS =      0.00000 Full Log(L) =     -4.33744 LRT =      0.66762 p-value =      0.20694
Site   452 dN/dS =      0.00000 Full Log(L) =     -3.99957 LRT =      0.62230 p-value =      0.21510
Site   453 dN/dS =      0.00000 Full Log(L) =     -3.95086 LRT =      0.59298 p-value =      0.22063
Site   454 dN/dS =      0.00000 Full Log(L) =     -3.79313 LRT =      0.72582 p-value =      0.19712
Site   455 dN/dS =      0.00000 Full Log(L) =     -4.59680 LRT =      0.35506 p-value =      0.27563
Site   456 dN/dS =      0.00000 Full Log(L) =     -4.27949 LRT =      0.62230 p-value =      0.21510
Site   457 dN/dS =      0.00000 Full Log(L) =     -3.82192 LRT =      0.72582 p-value =      0.19712
Site   458 dN/dS =      0.00000 Full Log(L) =     -4.35239 LRT =      0.46188 p-value =      0.24837
Site   459 dN/dS =      0.00000 Full Log(L) =     -3.51485 LRT =      0.68360 p-value =      0.20418
Site   460 dN/dS =      0.00000 Full Log(L) =     -4.08098 LRT =      0.93423 p-value =      0.16688
Site   461 dN/dS =      0.00000 Full Log(L) =     -3.56560 LRT =      0.65506 p-value =      0.20915
Site   462 dN/dS =      0.00000 Full Log(L) =     -3.25853 LRT =      0.61284 p-value =      0.21686
Site   463 dN/dS =      0.00000 Full Log(L) =     -5.17747 LRT =      0.35506 p-value =      0.27563
Site   464 dN/dS =      0.00000 Full Log(L) =     -4.27774 LRT =      0.57804 p-value =      0.22354
Site   465 dN/dS =      0.00000 Full Log(L) =     -3.51485 LRT =      0.68360 p-value =      0.20418
Site   466 dN/dS =      0.00000 Full Log(L) =     -3.77583 LRT =      0.71863 p-value =      0.19830
Site   467 dN/dS =      0.00000 Full Log(L) =     -3.99957 LRT =      0.62230 p-value =      0.21510
Site   468 dN/dS =      0.00000 Full Log(L) =    -10.19031 LRT =      0.75029 p-value =      0.19319
Site   469 dN/dS =      0.00000 Full Log(L) =     -3.83920 LRT =      0.61285 p-value =      0.21686
Site   470 dN/dS =      0.00000 Full Log(L) =     -4.05916 LRT =      0.44467 p-value =      0.25244
Site   471 dN/dS =      0.00000 Full Log(L) =     -5.17747 LRT =      0.35506 p-value =      0.27563
Site   472 dN/dS =      0.00000 Full Log(L) =     -4.35649 LRT =      0.75757 p-value =      0.19204
Site   473 dN/dS =      0.00000 Full Log(L) =     -3.51485 LRT =      0.68360 p-value =      0.20418
Site   474 dN/dS =      0.00000 Full Log(L) =     -3.53681 LRT =      0.65506 p-value =      0.20916
Site   475 dN/dS =      0.00000 Full Log(L) =     -4.53580 LRT =      0.69306 p-value =      0.20256
Site   476 dN/dS =      0.00000 Full Log(L) =     -4.09551 LRT =      0.68361 p-value =      0.20417
Site   477 dN/dS =      0.00000 Full Log(L) =     -3.82192 LRT =      0.72582 p-value =      0.19712
Site   478 dN/dS =      0.00000 Full Log(L) =     -4.08098 LRT =      0.93423 p-value =      0.16688
Site   479 dN/dS =      0.00000 Full Log(L) =     -4.36812 LRT =      0.77379 p-value =      0.18952
Site   480 dN/dS =      0.00000 Full Log(L) =     -3.53681 LRT =      0.65506 p-value =      0.20916
Site   481 dN/dS =      0.00000 Full Log(L) =     -4.33933 LRT =      0.77379 p-value =      0.18952
Site   482 dN/dS =      0.00000 Full Log(L) =     -4.42328 LRT =      0.66701 p-value =      0.20705
Site   483 dN/dS =      0.00000 Full Log(L) =     -4.30653 LRT =      0.57804 p-value =      0.22354
Site   484 dN/dS =      6.61507 Full Log(L) =    -13.97334 LRT =      4.12531 p-value =      0.02112 *P
Site   485 dN/dS =      0.00000 Full Log(L) =     -3.59953 LRT =      0.73578 p-value =      0.19551
Site   486 dN/dS =      0.00000 Full Log(L) =    -16.96960 LRT =      0.50553 p-value =      0.23854
Site   487 dN/dS =      0.00000 Full Log(L) =     -4.36623 LRT =      0.66762 p-value =      0.20694
Site   488 dN/dS =      0.00000 Full Log(L) =     -3.25853 LRT =      0.61284 p-value =      0.21686
Site   489 dN/dS =      0.00000 Full Log(L) =     -4.39449 LRT =      0.66701 p-value =      0.20705
Site   490 dN/dS =      0.00000 Full Log(L) =     -3.82192 LRT =      0.72582 p-value =      0.19712
Site   491 dN/dS =      0.00000 Full Log(L) =     -3.53681 LRT =      0.65506 p-value =      0.20916
Site   492 dN/dS =      2.92108 Full Log(L) =    -16.38096 LRT =      0.82511 p-value =      0.18185
Site   493 dN/dS =      0.00000 Full Log(L) =    -10.31951 LRT =      0.66695 p-value =      0.20706
Site   494 dN/dS =      0.00000 Full Log(L) =     -3.59953 LRT =      0.73578 p-value =      0.19551
Site   495 dN/dS =      0.00000 Full Log(L) =    -11.41194 LRT =      0.77379 p-value =      0.18952
Site   496 dN/dS =      0.00000 Full Log(L) =     -4.35239 LRT =      0.46188 p-value =      0.24837
Site   497 dN/dS =      0.00000 Full Log(L) =     -3.97965 LRT =      0.59298 p-value =      0.22063
Site   498 dN/dS =      0.00000 Full Log(L) =     -3.77583 LRT =      0.71863 p-value =      0.19830
Site   499 dN/dS =      0.00000 Full Log(L) =     -3.53681 LRT =      0.65506 p-value =      0.20916
Site   500 dN/dS =      0.00000 Full Log(L) =     -4.05941 LRT =      0.73486 p-value =      0.19566
Site   501 dN/dS =      0.00000 Full Log(L) =     -4.27949 LRT =      0.62230 p-value =      0.21510
Site   502 dN/dS =      0.00000 Full Log(L) =     -3.88964 LRT =      0.50553 p-value =      0.23854
Site   503 dN/dS =      0.00000 Full Log(L) =     -3.82192 LRT =      0.72582 p-value =      0.19712
Site   504 dN/dS =      0.00000 Full Log(L) =     -4.33744 LRT =      0.66762 p-value =      0.20694
Site   505 dN/dS =      0.00000 Full Log(L) =     -3.79313 LRT =      0.72582 p-value =      0.19712
Site   506 dN/dS =      0.00000 Full Log(L) =     -3.94265 LRT =      0.63293 p-value =      0.21314
Site   507 dN/dS =      0.00000 Full Log(L) =     -3.91843 LRT =      0.50553 p-value =      0.23854
Site   508 dN/dS =      0.00000 Full Log(L) =     -3.77583 LRT =      0.71863 p-value =      0.19830
Site   509 dN/dS =      2.77757 Full Log(L) =    -10.48297 LRT =      0.75942 p-value =      0.19175
Site   510 dN/dS =      0.00000 Full Log(L) =     -3.51485 LRT =      0.68360 p-value =      0.20418
Site   511 dN/dS =      0.00000 Full Log(L) =     -4.25588 LRT =      0.69306 p-value =      0.20256
Site   512 dN/dS =      0.00000 Full Log(L) =     -4.06960 LRT =      0.34088 p-value =      0.27966
Site   513 dN/dS =      0.00000 Full Log(L) =     -3.56560 LRT =      0.65506 p-value =      0.20915
Site   514 dN/dS =      0.00000 Full Log(L) =    -15.22558 LRT =      0.65467 p-value =      0.20922
Site   515 dN/dS =      0.00000 Full Log(L) =    -12.67691 LRT =      0.65639 p-value =      0.20892
Site   516 dN/dS =      0.00000 Full Log(L) =     -4.30653 LRT =      0.57804 p-value =      0.22354
Site   517 dN/dS =      0.00000 Full Log(L) =     -4.63982 LRT =      0.44468 p-value =      0.25244
Site   518 dN/dS =      0.00000 Full Log(L) =     -3.97965 LRT =      0.59298 p-value =      0.22063
Site   519 dN/dS =      0.00000 Full Log(L) =     -3.25853 LRT =      0.61284 p-value =      0.21686
Site   520 dN/dS =      0.00000 Full Log(L) =     -4.33933 LRT =      0.77379 p-value =      0.18952
Site   521 dN/dS =      0.00000 Full Log(L) =     -4.22258 LRT =      0.63293 p-value =      0.21314
Site   522 dN/dS =      0.00000 Full Log(L) =     -4.09551 LRT =      0.68361 p-value =      0.20417
Site   523 dN/dS =      0.00000 Full Log(L) =     -5.17747 LRT =      0.35506 p-value =      0.27563
Site   524 dN/dS =      0.00000 Full Log(L) =     -9.19128 LRT =      0.61262 p-value =      0.21690
Site   525 dN/dS =      0.00000 Full Log(L) =     -4.35239 LRT =      0.46188 p-value =      0.24837
Site   526 dN/dS =      0.00000 Full Log(L) =     -4.05941 LRT =      0.73486 p-value =      0.19566
Site   527 dN/dS =      0.00000 Full Log(L) =     -3.91843 LRT =      0.50553 p-value =      0.23854
Site   528 dN/dS =      0.00000 Full Log(L) =     -3.25853 LRT =      0.61284 p-value =      0.21686
Site   529 dN/dS =      0.00000 Full Log(L) =     -3.79313 LRT =      0.72582 p-value =      0.19712
Site   530 dN/dS =      0.00000 Full Log(L) =     -4.55056 LRT =      0.38654 p-value =      0.26706
Site   531 dN/dS =      0.00000 Full Log(L) =     -3.97965 LRT =      0.59298 p-value =      0.22063
Site   532 dN/dS =      0.00000 Full Log(L) =     -4.59680 LRT =      0.35506 p-value =      0.27563
Site   533 dN/dS =      0.00000 Full Log(L) =     -4.55056 LRT =      0.38654 p-value =      0.26706
Site   534 dN/dS =      0.00000 Full Log(L) =     -3.95086 LRT =      0.59298 p-value =      0.22063
Site   535 dN/dS =      0.00000 Full Log(L) =     -4.66110 LRT =      0.55547 p-value =      0.22805
Site   536 dN/dS =      0.00000 Full Log(L) =     -4.27774 LRT =      0.57804 p-value =      0.22354
Site   537 dN/dS =      0.00000 Full Log(L) =     -4.56459 LRT =      0.69306 p-value =      0.20256
Site   538 dN/dS =      2.72820 Full Log(L) =     -9.47685 LRT =      0.73640 p-value =      0.19541
Site   539 dN/dS =      0.00000 Full Log(L) =     -4.35239 LRT =      0.46188 p-value =      0.24837
Site   540 dN/dS =      0.00000 Full Log(L) =     -9.61476 LRT =      0.66688 p-value =      0.20707
Site   541 dN/dS =      0.00000 Full Log(L) =     -4.27774 LRT =      0.57804 p-value =      0.22354
Site   542 dN/dS =      0.00000 Full Log(L) =     -4.65027 LRT =      0.37612 p-value =      0.26984
Site   543 dN/dS =      0.00000 Full Log(L) =     -4.76689 LRT =      0.57473 p-value =      0.22419
Site   544 dN/dS =      0.00000 Full Log(L) =     -4.39449 LRT =      0.66701 p-value =      0.20705
Site   545 dN/dS =      0.00000 Full Log(L) =     -4.22258 LRT =      0.63293 p-value =      0.21314
Site   546 dN/dS =      0.00000 Full Log(L) =     -4.22258 LRT =      0.63293 p-value =      0.21314
Site   547 dN/dS =      0.00000 Full Log(L) =     -4.65027 LRT =      0.37612 p-value =      0.26984
Site   548 dN/dS =      0.00000 Full Log(L) =    -11.50704 LRT =      0.35628 p-value =      0.27529
Site   549 dN/dS =      0.00000 Full Log(L) =     -4.64008 LRT =      0.77379 p-value =      0.18952
Site   550 dN/dS =      0.00000 Full Log(L) =     -4.30653 LRT =      0.57804 p-value =      0.22354
Site   551 dN/dS =      0.00000 Full Log(L) =     -9.73495 LRT =      0.59290 p-value =      0.22065
Site   552 dN/dS =      0.00000 Full Log(L) =     -4.08098 LRT =      0.93423 p-value =      0.16688
Site   553 dN/dS =      0.00000 Full Log(L) =     -4.55056 LRT =      0.38654 p-value =      0.26706
Site   554 dN/dS =      0.00000 Full Log(L) =     -4.56459 LRT =      0.69306 p-value =      0.20256
Site   555 dN/dS =      0.00000 Full Log(L) =     -4.42328 LRT =      0.66701 p-value =      0.20705
Site   556 dN/dS =      0.00000 Full Log(L) =     -4.05916 LRT =      0.44467 p-value =      0.25244
Site   557 dN/dS =      0.00000 Full Log(L) =     -3.25853 LRT =      0.61284 p-value =      0.21686
Site   558 dN/dS =      0.00000 Full Log(L) =     -4.36812 LRT =      0.77379 p-value =      0.18952
Site   559 dN/dS =      0.00000 Full Log(L) =     -3.56560 LRT =      0.65506 p-value =      0.20915
Site   560 dN/dS =      0.00000 Full Log(L) =     -3.95086 LRT =      0.59298 p-value =      0.22063
Site   561 dN/dS =      0.00000 Full Log(L) =    -10.40333 LRT =      0.75714 p-value =      0.19211
Site   562 dN/dS =      0.00000 Full Log(L) =     -4.42328 LRT =      0.66701 p-value =      0.20705
Site   563 dN/dS =      0.00000 Full Log(L) =     -3.56560 LRT =      0.65506 p-value =      0.20915
Site   564 dN/dS =      0.00000 Full Log(L) =     -3.95086 LRT =      0.59298 p-value =      0.22063
Site   565 dN/dS =      0.00000 Full Log(L) =     -4.42328 LRT =      0.66701 p-value =      0.20705
Site   566 dN/dS =      0.00000 Full Log(L) =     -3.95086 LRT =      0.59298 p-value =      0.22063


Wall-clock run-time (seconds): 1412701756
Process time on the master node: 684.345994
MPI nodes used: 0

Wall-clock time per site (seconds): 6824646.164251207
