

______________READ THE FOLLOWING DATA______________
45 species:{CY010052,CY009996,CY009652,CY009676,CY010012,CY010036,CY009732,CY114277,CY012848,CY009468,CY011256,CY009460,CY011416,CY012200,CY009500,CY010596,CY011424,CY009724,CY009748,CY009484,CY009700,CY009644,CY009684,CY009740,CY009660,CY009708,CY010004,CY010060,CY009908,CY010020,CY012208,CY009900,CY010028,CY011136,CY011264,CY112861,CY015516,CY009516,CY009476,CY010612,JF710765,JF710764,CY010604,CY036847,JF710762};
Total Sites:1698;
Distinct Sites:119

Phase 1:Nucleotide Model (010010) Model Fit


-3368.72654750955

Phase 2:MG94x(010010) Model Fit



Phase 3:Estimating dN/dS


Nuc->codon scaling factor:2.092157925000873
Raw scaling factor:2.092157925000873
Tree scaling factor(S): 1

Using dN/dS=0.2888443860015948
Codon model:-3289.67658385794

Phase 4: Ancestral State Reconstruction and Counting

<<Significance level for Likelihood Ratio Tests (permissible range = [0,1], default value = 0.1)>>Site     1 dN/dS =      0.00000 Full Log(L) =     -4.08098 LRT =      0.93424 p-value =      0.16688
Site     2 dN/dS =      0.00000 Full Log(L) =     -3.83919 LRT =      0.61286 p-value =      0.21686
Site     3 dN/dS =      0.00000 Full Log(L) =     -4.27949 LRT =      0.62231 p-value =      0.21510
Site     4 dN/dS =      0.00000 Full Log(L) =     -9.87181 LRT =      0.59293 p-value =      0.22064
Site     5 dN/dS =      0.00000 Full Log(L) =     -3.95086 LRT =      0.59300 p-value =      0.22063
Site     6 dN/dS =      0.00000 Full Log(L) =     -4.53580 LRT =      0.69307 p-value =      0.20256
Site     7 dN/dS =      0.00000 Full Log(L) =     -4.65026 LRT =      0.37615 p-value =      0.26984
Site     8 dN/dS =      0.00000 Full Log(L) =     -4.07046 LRT =      0.78574 p-value =      0.18770
Site     9 dN/dS =      0.00000 Full Log(L) =     -3.91842 LRT =      0.50555 p-value =      0.23854
Site    10 dN/dS =      0.00000 Full Log(L) =     -3.95086 LRT =      0.59300 p-value =      0.22063
Site    11 dN/dS =      5.98262 Full Log(L) =    -23.49218 LRT =      1.89338 p-value =      0.08441 *P
Site    12 dN/dS =      3.03888 Full Log(L) =     -8.96372 LRT =      0.87782 p-value =      0.17440
Site    13 dN/dS =      5.27482 Full Log(L) =    -12.91003 LRT =      1.69628 p-value =      0.09639 *P
Site    14 dN/dS =      0.00000 Full Log(L) =     -4.22258 LRT =      0.63294 p-value =      0.21314
Site    15 dN/dS =      0.00000 Full Log(L) =     -4.30653 LRT =      0.57807 p-value =      0.22353
Site    16 dN/dS =      0.00000 Full Log(L) =     -4.53580 LRT =      0.69307 p-value =      0.20256
Site    17 dN/dS =      1.00000 Full Log(L) =      0.00000 LRT =      0.00000 p-value =      1.00000
Site    18 dN/dS =      1.00000 Full Log(L) =      0.00000 LRT =      0.00000 p-value =      1.00000
Site    19 dN/dS =      1.00000 Full Log(L) =      0.00000 LRT =      0.00000 p-value =      1.00000
Site    20 dN/dS =      1.00000 Full Log(L) =      0.00000 LRT =      0.00000 p-value =      1.00000
Site    21 dN/dS =      1.00000 Full Log(L) =      0.00000 LRT =      0.00000 p-value =      1.00000
Site    22 dN/dS =      1.00000 Full Log(L) =      0.00000 LRT =      0.00000 p-value =      1.00000
Site    23 dN/dS =      1.00000 Full Log(L) =      0.00000 LRT =      0.00000 p-value =      1.00000
Site    24 dN/dS =      1.00000 Full Log(L) =      0.00000 LRT =      0.00000 p-value =      1.00000
Site    25 dN/dS =      1.00000 Full Log(L) =      0.00000 LRT =      0.00000 p-value =      1.00000
Site    26 dN/dS =      1.00000 Full Log(L) =      0.00000 LRT =      0.00000 p-value =      1.00000
Site    27 dN/dS =      1.00000 Full Log(L) =      0.00000 LRT =      0.00000 p-value =      1.00000
Site    28 dN/dS =      1.00000 Full Log(L) =      0.00000 LRT =      0.00000 p-value =      1.00000
Site    29 dN/dS =      1.00000 Full Log(L) =      0.00000 LRT =      0.00000 p-value =      1.00000
Site    30 dN/dS =      1.00000 Full Log(L) =      0.00000 LRT =      0.00000 p-value =      1.00000
Site    31 dN/dS =      1.00000 Full Log(L) =      0.00000 LRT =      0.00000 p-value =      1.00000
Site    32 dN/dS =      1.00000 Full Log(L) =      0.00000 LRT =      0.00000 p-value =      1.00000
Site    33 dN/dS =      1.00000 Full Log(L) =      0.00000 LRT =      0.00000 p-value =      1.00000
Site    34 dN/dS =      1.00000 Full Log(L) =      0.00000 LRT =      0.00000 p-value =      1.00000
Site    35 dN/dS =      1.00000 Full Log(L) =      0.00000 LRT =      0.00000 p-value =      1.00000
Site    36 dN/dS =      1.00000 Full Log(L) =      0.00000 LRT =      0.00000 p-value =      1.00000
Site    37 dN/dS =      1.00000 Full Log(L) =      0.00000 LRT =      0.00000 p-value =      1.00000
Site    38 dN/dS =      1.00000 Full Log(L) =      0.00000 LRT =      0.00000 p-value =      1.00000
Site    39 dN/dS =      0.00000 Full Log(L) =    -10.63663 LRT =      0.79647 p-value =      0.18608
Site    40 dN/dS =      0.00000 Full Log(L) =     -9.38853 LRT =      0.67422 p-value =      0.20579
Site    41 dN/dS =      1.00000 Full Log(L) =      0.00000 LRT =      0.00000 p-value =      1.00000
Site    42 dN/dS =      1.00000 Full Log(L) =      0.00000 LRT =      0.00000 p-value =      1.00000
Site    43 dN/dS =      1.00000 Full Log(L) =      0.00000 LRT =      0.00000 p-value =      1.00000
Site    44 dN/dS =      1.00000 Full Log(L) =      0.00000 LRT =      0.00000 p-value =      1.00000
Site    45 dN/dS =      1.00000 Full Log(L) =      0.00000 LRT =      0.00000 p-value =      1.00000
Site    46 dN/dS =      0.00000 Full Log(L) =     -9.94554 LRT =      0.67422 p-value =      0.20579
Site    47 dN/dS =      1.00000 Full Log(L) =      0.00000 LRT =      0.00000 p-value =      1.00000
Site    48 dN/dS =      1.00000 Full Log(L) =      0.00000 LRT =      0.00000 p-value =      1.00000
Site    49 dN/dS =      1.00000 Full Log(L) =      0.00000 LRT =      0.00000 p-value =      1.00000
Site    50 dN/dS =      1.00000 Full Log(L) =      0.00000 LRT =      0.00000 p-value =      1.00000
Site    51 dN/dS =      1.00000 Full Log(L) =      0.00000 LRT =      0.00000 p-value =      1.00000
Site    52 dN/dS =      0.00000 Full Log(L) =    -11.87522 LRT =      0.68574 p-value =      0.20381
Site    53 dN/dS =      1.00000 Full Log(L) =      0.00000 LRT =      0.00000 p-value =      1.00000
Site    54 dN/dS =      1.00000 Full Log(L) =      0.00000 LRT =      0.00000 p-value =      1.00000
Site    55 dN/dS =      1.00000 Full Log(L) =      0.00000 LRT =      0.00000 p-value =      1.00000
Site    56 dN/dS =      1.00000 Full Log(L) =      0.00000 LRT =      0.00000 p-value =      1.00000
Site    57 dN/dS =      1.00000 Full Log(L) =      0.00000 LRT =      0.00000 p-value =      1.00000
Site    58 dN/dS =      0.00000 Full Log(L) =    -13.22995 LRT =      0.39002 p-value =      0.26615
Site    59 dN/dS =      1.00000 Full Log(L) =      0.00000 LRT =      0.00000 p-value =      1.00000
Site    60 dN/dS =      1.00000 Full Log(L) =      0.00000 LRT =      0.00000 p-value =      1.00000
Site    61 dN/dS =      4.98844 Full Log(L) =    -16.01181 LRT =      3.20884 p-value =      0.03662 *P
Site    62 dN/dS =      1.00000 Full Log(L) =      0.00000 LRT =      0.00000 p-value =      1.00000
Site    63 dN/dS =      1.00000 Full Log(L) =      0.00000 LRT =      0.00000 p-value =      1.00000
Site    64 dN/dS =      1.00000 Full Log(L) =      0.00000 LRT =      0.00000 p-value =      1.00000
Site    65 dN/dS =      1.00000 Full Log(L) =      0.00000 LRT =      0.00000 p-value =      1.00000
Site    66 dN/dS =      0.00000 Full Log(L) =     -9.94718 LRT =      0.78014 p-value =      0.18855
Site    67 dN/dS =      2.58351 Full Log(L) =    -10.92080 LRT =      0.66912 p-value =      0.20668
Site    68 dN/dS =      0.00000 Full Log(L) =    -11.01017 LRT =      0.72263 p-value =      0.19764
Site    69 dN/dS =      1.00000 Full Log(L) =      0.00000 LRT =      0.00000 p-value =      1.00000
Site    70 dN/dS =      2.37545 Full Log(L) =     -8.92177 LRT =      0.57009 p-value =      0.22511
Site    71 dN/dS =      1.00000 Full Log(L) =      0.00000 LRT =      0.00000 p-value =      1.00000
Site    72 dN/dS =      1.00000 Full Log(L) =      0.00000 LRT =      0.00000 p-value =      1.00000
Site    73 dN/dS =      8.76803 Full Log(L) =    -12.25082 LRT =      5.11026 p-value =      0.01189 *P
Site    74 dN/dS =      1.00000 Full Log(L) =      0.00000 LRT =      0.00000 p-value =      1.00000
Site    75 dN/dS =      1.00000 Full Log(L) =      0.00000 LRT =      0.00000 p-value =      1.00000
Site    76 dN/dS =      0.00000 Full Log(L) =     -8.87757 LRT =      0.78598 p-value =      0.18766
Site    77 dN/dS =      0.00000 Full Log(L) =    -15.55024 LRT =      0.79898 p-value =      0.18570
Site    78 dN/dS =      1.00000 Full Log(L) =      0.00000 LRT =      0.00000 p-value =      1.00000
Site    79 dN/dS =      1.00000 Full Log(L) =      0.00000 LRT =      0.00000 p-value =      1.00000
Site    80 dN/dS =      1.00000 Full Log(L) =      0.00000 LRT =      0.00000 p-value =      1.00000
Site    81 dN/dS =      1.00000 Full Log(L) =      0.00000 LRT =      0.00000 p-value =      1.00000
Site    82 dN/dS =      0.00000 Full Log(L) =    -12.23189 LRT =      0.38472 p-value =      0.26754
Site    83 dN/dS =      1.00000 Full Log(L) =      0.00000 LRT =      0.00000 p-value =      1.00000
Site    84 dN/dS =      1.00000 Full Log(L) =      0.00000 LRT =      0.00000 p-value =      1.00000
Site    85 dN/dS =      1.00000 Full Log(L) =      0.00000 LRT =      0.00000 p-value =      1.00000
Site    86 dN/dS =      1.00000 Full Log(L) =      0.00000 LRT =      0.00000 p-value =      1.00000
Site    87 dN/dS =      0.00000 Full Log(L) =    -10.02040 LRT =      0.40672 p-value =      0.26182
Site    88 dN/dS =      1.00000 Full Log(L) =      0.00000 LRT =      0.00000 p-value =      1.00000
Site    89 dN/dS =      1.00000 Full Log(L) =      0.00000 LRT =      0.00000 p-value =      1.00000
Site    90 dN/dS =      1.00000 Full Log(L) =      0.00000 LRT =      0.00000 p-value =      1.00000
Site    91 dN/dS =      1.00000 Full Log(L) =      0.00000 LRT =      0.00000 p-value =      1.00000
Site    92 dN/dS =      1.00000 Full Log(L) =      0.00000 LRT =      0.00000 p-value =      1.00000
Site    93 dN/dS =      1.00000 Full Log(L) =      0.00000 LRT =      0.00000 p-value =      1.00000
Site    94 dN/dS =      2.40492 Full Log(L) =     -9.74253 LRT =      0.58428 p-value =      0.22232
Site    95 dN/dS =      1.00000 Full Log(L) =      0.00000 LRT =      0.00000 p-value =      1.00000
Site    96 dN/dS =      8.46088 Full Log(L) =    -16.29635 LRT =      4.97767 p-value =      0.01284 *P
Site    97 dN/dS =      1.00000 Full Log(L) =      0.00000 LRT =      0.00000 p-value =      1.00000
Site    98 dN/dS =      1.00000 Full Log(L) =      0.00000 LRT =      0.00000 p-value =      1.00000
Site    99 dN/dS =      2.72273 Full Log(L) =     -9.50872 LRT =      0.73414 p-value =      0.19577
Site   100 dN/dS =      1.00000 Full Log(L) =      0.00000 LRT =      0.00000 p-value =      1.00000
Site   101 dN/dS =      1.00000 Full Log(L) =      0.00000 LRT =      0.00000 p-value =      1.00000
Site   102 dN/dS =      1.00000 Full Log(L) =      0.00000 LRT =      0.00000 p-value =      1.00000
Site   103 dN/dS =      1.00000 Full Log(L) =      0.00000 LRT =      0.00000 p-value =      1.00000
Site   104 dN/dS =      1.00000 Full Log(L) =      0.00000 LRT =      0.00000 p-value =      1.00000
Site   105 dN/dS =      1.00000 Full Log(L) =      0.00000 LRT =      0.00000 p-value =      1.00000
Site   106 dN/dS =      1.00000 Full Log(L) =      0.00000 LRT =      0.00000 p-value =      1.00000
Site   107 dN/dS =      1.00000 Full Log(L) =      0.00000 LRT =      0.00000 p-value =      1.00000
Site   108 dN/dS =      3.06099 Full Log(L) =    -17.34947 LRT =      0.88486 p-value =      0.17344
Site   109 dN/dS =      1.00000 Full Log(L) =      0.00000 LRT =      0.00000 p-value =      1.00000
Site   110 dN/dS =      1.00000 Full Log(L) =      0.00000 LRT =      0.00000 p-value =      1.00000
Site   111 dN/dS =      1.00000 Full Log(L) =      0.00000 LRT =      0.00000 p-value =      1.00000
Site   112 dN/dS =      2.80059 Full Log(L) =     -8.40164 LRT =      0.76988 p-value =      0.19013
Site   113 dN/dS =      1.00000 Full Log(L) =      0.00000 LRT =      0.00000 p-value =      1.00000
Site   114 dN/dS =      1.00000 Full Log(L) =      0.00000 LRT =      0.00000 p-value =      1.00000
Site   115 dN/dS =      1.00000 Full Log(L) =      0.00000 LRT =      0.00000 p-value =      1.00000
Site   116 dN/dS =      1.00000 Full Log(L) =      0.00000 LRT =      0.00000 p-value =      1.00000
Site   117 dN/dS =      1.00000 Full Log(L) =      0.00000 LRT =      0.00000 p-value =      1.00000
Site   118 dN/dS =      1.00000 Full Log(L) =      0.00000 LRT =      0.00000 p-value =      1.00000
Site   119 dN/dS =      1.00000 Full Log(L) =      0.00000 LRT =      0.00000 p-value =      1.00000
Site   120 dN/dS =      1.00000 Full Log(L) =      0.00000 LRT =      0.00000 p-value =      1.00000
Site   121 dN/dS =      1.00000 Full Log(L) =      0.00000 LRT =      0.00000 p-value =      1.00000
Site   122 dN/dS =      0.00000 Full Log(L) =     -9.49258 LRT =      0.75088 p-value =      0.19310
Site   123 dN/dS =      1.00000 Full Log(L) =      0.00000 LRT =      0.00000 p-value =      1.00000
Site   124 dN/dS =      1.00000 Full Log(L) =      0.00000 LRT =      0.00000 p-value =      1.00000
Site   125 dN/dS =      1.00000 Full Log(L) =      0.00000 LRT =      0.00000 p-value =      1.00000
Site   126 dN/dS =      1.00000 Full Log(L) =      0.00000 LRT =      0.00000 p-value =      1.00000
Site   127 dN/dS =      1.00000 Full Log(L) =      0.00000 LRT =      0.00000 p-value =      1.00000
Site   128 dN/dS =      1.00000 Full Log(L) =      0.00000 LRT =      0.00000 p-value =      1.00000
Site   129 dN/dS =      1.00000 Full Log(L) =      0.00000 LRT =      0.00000 p-value =      1.00000
Site   130 dN/dS =      0.00000 Full Log(L) =    -12.39465 LRT =      0.50569 p-value =      0.23851
Site   131 dN/dS =      0.00000 Full Log(L) =    -12.44931 LRT =      0.59579 p-value =      0.22010
Site   132 dN/dS =      1.00000 Full Log(L) =      0.00000 LRT =      0.00000 p-value =      1.00000
Site   133 dN/dS =      1.00000 Full Log(L) =      0.00000 LRT =      0.00000 p-value =      1.00000
Site   134 dN/dS =      0.00000 Full Log(L) =    -10.84526 LRT =      0.38470 p-value =      0.26755
Site   135 dN/dS =      0.00000 Full Log(L) =    -10.15454 LRT =      0.74054 p-value =      0.19474
Site   136 dN/dS =      1.00000 Full Log(L) =      0.00000 LRT =      0.00000 p-value =      1.00000
Site   137 dN/dS =      6.02971 Full Log(L) =    -18.04420 LRT =      3.82343 p-value =      0.02527 *P
Site   138 dN/dS =      2.86168 Full Log(L) =    -10.72905 LRT =      0.79736 p-value =      0.18594
Site   139 dN/dS =      1.00000 Full Log(L) =      0.00000 LRT =      0.00000 p-value =      1.00000
Site   140 dN/dS =      2.57845 Full Log(L) =    -10.40578 LRT =      0.66936 p-value =      0.20664
Site   141 dN/dS =      1.00000 Full Log(L) =      0.00000 LRT =      0.00000 p-value =      1.00000
Site   142 dN/dS =      1.00000 Full Log(L) =      0.00000 LRT =      0.00000 p-value =      1.00000
Site   143 dN/dS =      1.00000 Full Log(L) =      0.00000 LRT =      0.00000 p-value =      1.00000
Site   144 dN/dS =      0.00000 Full Log(L) =    -11.31576 LRT =      0.67422 p-value =      0.20579
Site   145 dN/dS =      1.00000 Full Log(L) =      0.00000 LRT =      0.00000 p-value =      1.00000
Site   146 dN/dS =      0.00000 Full Log(L) =     -9.87310 LRT =      0.68574 p-value =      0.20381
Site   147 dN/dS =      0.00000 Full Log(L) =    -10.46735 LRT =      0.75088 p-value =      0.19310
Site   148 dN/dS =      1.00000 Full Log(L) =      0.00000 LRT =      0.00000 p-value =      1.00000
Site   149 dN/dS =      5.96903 Full Log(L) =    -12.95823 LRT =      3.81064 p-value =      0.02546 *P
Site   150 dN/dS =      0.00000 Full Log(L) =    -10.09544 LRT =      0.79669 p-value =      0.18604
Site   151 dN/dS =      1.00000 Full Log(L) =      0.00000 LRT =      0.00000 p-value =      1.00000
Site   152 dN/dS =      1.00000 Full Log(L) =      0.00000 LRT =      0.00000 p-value =      1.00000
Site   153 dN/dS =      1.00000 Full Log(L) =      0.00000 LRT =      0.00000 p-value =      1.00000
Site   154 dN/dS =      1.00000 Full Log(L) =      0.00000 LRT =      0.00000 p-value =      1.00000
Site   155 dN/dS =      1.00000 Full Log(L) =      0.00000 LRT =      0.00000 p-value =      1.00000
Site   156 dN/dS =      1.00000 Full Log(L) =      0.00000 LRT =      0.00000 p-value =      1.00000
Site   157 dN/dS =      1.00000 Full Log(L) =      0.00000 LRT =      0.00000 p-value =      1.00000
Site   158 dN/dS =      5.18538 Full Log(L) =    -14.59086 LRT =      3.33446 p-value =      0.03392 *P
Site   159 dN/dS =      1.00000 Full Log(L) =      0.00000 LRT =      0.00000 p-value =      1.00000
Site   160 dN/dS =      1.00000 Full Log(L) =      0.00000 LRT =      0.00000 p-value =      1.00000
Site   161 dN/dS =      1.00000 Full Log(L) =      0.00000 LRT =      0.00000 p-value =      1.00000
Site   162 dN/dS =      1.00000 Full Log(L) =      0.00000 LRT =      0.00000 p-value =      1.00000
Site   163 dN/dS =      1.00000 Full Log(L) =      0.00000 LRT =      0.00000 p-value =      1.00000
Site   164 dN/dS =      0.00000 Full Log(L) =    -10.20910 LRT =      0.62611 p-value =      0.21439
Site   165 dN/dS =      1.00000 Full Log(L) =      0.00000 LRT =      0.00000 p-value =      1.00000
Site   166 dN/dS =      1.00000 Full Log(L) =      0.00000 LRT =      0.00000 p-value =      1.00000
Site   167 dN/dS =      1.00000 Full Log(L) =      0.00000 LRT =      0.00000 p-value =      1.00000
Site   168 dN/dS =      1.00000 Full Log(L) =      0.00000 LRT =      0.00000 p-value =      1.00000
Site   169 dN/dS =      1.00000 Full Log(L) =      0.00000 LRT =      0.00000 p-value =      1.00000
Site   170 dN/dS =      1.00000 Full Log(L) =      0.00000 LRT =      0.00000 p-value =      1.00000
Site   171 dN/dS =      1.00000 Full Log(L) =      0.00000 LRT =      0.00000 p-value =      1.00000
Site   172 dN/dS =      1.00000 Full Log(L) =      0.00000 LRT =      0.00000 p-value =      1.00000
Site   173 dN/dS =      0.00000 Full Log(L) =    -10.80407 LRT =      0.36948 p-value =      0.27164
Site   174 dN/dS =      1.00000 Full Log(L) =      0.00000 LRT =      0.00000 p-value =      1.00000
Site   175 dN/dS =      1.00000 Full Log(L) =      0.00000 LRT =      0.00000 p-value =      1.00000
Site   176 dN/dS =      1.00000 Full Log(L) =      0.00000 LRT =      0.00000 p-value =      1.00000
Site   177 dN/dS =      1.00000 Full Log(L) =      0.00000 LRT =      0.00000 p-value =      1.00000
Site   178 dN/dS =      1.00000 Full Log(L) =      0.00000 LRT =      0.00000 p-value =      1.00000
Site   179 dN/dS =      1.00000 Full Log(L) =      0.00000 LRT =      0.00000 p-value =      1.00000
Site   180 dN/dS =      5.24942 Full Log(L) =    -17.43301 LRT =      1.69084 p-value =      0.09674 *P
Site   181 dN/dS =      1.00000 Full Log(L) =      0.00000 LRT =      0.00000 p-value =      1.00000
Site   182 dN/dS =      0.00000 Full Log(L) =    -11.87192 LRT =      0.68574 p-value =      0.20381
Site   183 dN/dS =      1.00000 Full Log(L) =      0.00000 LRT =      0.00000 p-value =      1.00000
Site   184 dN/dS =      1.00000 Full Log(L) =      0.00000 LRT =      0.00000 p-value =      1.00000
Site   185 dN/dS =      1.00000 Full Log(L) =      0.00000 LRT =      0.00000 p-value =      1.00000
Site   186 dN/dS =      1.00000 Full Log(L) =      0.00000 LRT =      0.00000 p-value =      1.00000
Site   187 dN/dS =      1.00000 Full Log(L) =      0.00000 LRT =      0.00000 p-value =      1.00000
Site   188 dN/dS =      0.00000 Full Log(L) =    -10.82944 LRT =      0.78634 p-value =      0.18761
Site   189 dN/dS =      1.00000 Full Log(L) =      0.00000 LRT =      0.00000 p-value =      1.00000
Site   190 dN/dS =      1.00000 Full Log(L) =      0.00000 LRT =      0.00000 p-value =      1.00000
Site   191 dN/dS =      1.00000 Full Log(L) =      0.00000 LRT =      0.00000 p-value =      1.00000
Site   192 dN/dS =      1.00000 Full Log(L) =      0.00000 LRT =      0.00000 p-value =      1.00000
Site   193 dN/dS =      1.00000 Full Log(L) =      0.00000 LRT =      0.00000 p-value =      1.00000
Site   194 dN/dS =      1.00000 Full Log(L) =      0.00000 LRT =      0.00000 p-value =      1.00000
Site   195 dN/dS =      0.00000 Full Log(L) =    -10.98568 LRT =      0.64244 p-value =      0.21141
Site   196 dN/dS =      1.00000 Full Log(L) =      0.00000 LRT =      0.00000 p-value =      1.00000
Site   197 dN/dS =      1.00000 Full Log(L) =      0.00000 LRT =      0.00000 p-value =      1.00000
Site   198 dN/dS =      1.00000 Full Log(L) =      0.00000 LRT =      0.00000 p-value =      1.00000
Site   199 dN/dS =      1.00000 Full Log(L) =      0.00000 LRT =      0.00000 p-value =      1.00000
Site   200 dN/dS =      1.00000 Full Log(L) =      0.00000 LRT =      0.00000 p-value =      1.00000
Site   201 dN/dS =      1.00000 Full Log(L) =      0.00000 LRT =      0.00000 p-value =      1.00000
Site   202 dN/dS =      2.36409 Full Log(L) =    -11.79627 LRT =      0.56446 p-value =      0.22624
Site   203 dN/dS =      1.00000 Full Log(L) =      0.00000 LRT =      0.00000 p-value =      1.00000
Site   204 dN/dS =      2.57093 Full Log(L) =     -8.92261 LRT =      0.66344 p-value =      0.20767
Site   205 dN/dS =      1.00000 Full Log(L) =      0.00000 LRT =      0.00000 p-value =      1.00000
Site   206 dN/dS =      1.00000 Full Log(L) =      0.00000 LRT =      0.00000 p-value =      1.00000
Site   207 dN/dS =      1.00000 Full Log(L) =      0.00000 LRT =      0.00000 p-value =      1.00000
Site   208 dN/dS =      2.98981 Full Log(L) =    -10.54870 LRT =      0.85543 p-value =      0.17751
Site   209 dN/dS =      1.00000 Full Log(L) =      0.00000 LRT =      0.00000 p-value =      1.00000
Site   210 dN/dS =      5.19997 Full Log(L) =    -20.00570 LRT =      1.67574 p-value =      0.09775 *P
Site   211 dN/dS =      1.00000 Full Log(L) =      0.00000 LRT =      0.00000 p-value =      1.00000
Site   212 dN/dS =      1.00000 Full Log(L) =      0.00000 LRT =      0.00000 p-value =      1.00000
Site   213 dN/dS =      1.00000 Full Log(L) =      0.00000 LRT =      0.00000 p-value =      1.00000
Site   214 dN/dS =      2.83834 Full Log(L) =    -10.78222 LRT =      0.78813 p-value =      0.18733
Site   215 dN/dS =      1.00000 Full Log(L) =      0.00000 LRT =      0.00000 p-value =      1.00000
Site   216 dN/dS =      1.00000 Full Log(L) =      0.00000 LRT =      0.00000 p-value =      1.00000
Site   217 dN/dS =      1.00000 Full Log(L) =      0.00000 LRT =      0.00000 p-value =      1.00000
Site   218 dN/dS =      2.94874 Full Log(L) =     -9.47485 LRT =      0.83732 p-value =      0.18008
Site   219 dN/dS =      1.00000 Full Log(L) =      0.00000 LRT =      0.00000 p-value =      1.00000
Site   220 dN/dS =      1.00000 Full Log(L) =      0.00000 LRT =      0.00000 p-value =      1.00000
Site   221 dN/dS =      1.00000 Full Log(L) =      0.00000 LRT =      0.00000 p-value =      1.00000
Site   222 dN/dS =      1.00000 Full Log(L) =      0.00000 LRT =      0.00000 p-value =      1.00000
Site   223 dN/dS =      1.00000 Full Log(L) =      0.00000 LRT =      0.00000 p-value =      1.00000
Site   224 dN/dS =      1.00000 Full Log(L) =      0.00000 LRT =      0.00000 p-value =      1.00000
Site   225 dN/dS =      1.00000 Full Log(L) =      0.00000 LRT =      0.00000 p-value =      1.00000
Site   226 dN/dS =      1.00000 Full Log(L) =      0.00000 LRT =      0.00000 p-value =      1.00000
Site   227 dN/dS =      1.00000 Full Log(L) =      0.00000 LRT =      0.00000 p-value =      1.00000
Site   228 dN/dS =      1.00000 Full Log(L) =      0.00000 LRT =      0.00000 p-value =      1.00000
Site   229 dN/dS =      1.00000 Full Log(L) =      0.00000 LRT =      0.00000 p-value =      1.00000
Site   230 dN/dS =      3.13631 Full Log(L) =     -8.97605 LRT =      0.91940 p-value =      0.16882
Site   231 dN/dS =      1.00000 Full Log(L) =      0.00000 LRT =      0.00000 p-value =      1.00000
Site   232 dN/dS =      0.00000 Full Log(L) =     -9.18218 LRT =      0.70950 p-value =      0.19981
Site   233 dN/dS =      1.00000 Full Log(L) =      0.00000 LRT =      0.00000 p-value =      1.00000
Site   234 dN/dS =      0.00000 Full Log(L) =     -9.56806 LRT =      0.82150 p-value =      0.18237
Site   235 dN/dS =      1.00000 Full Log(L) =      0.00000 LRT =      0.00000 p-value =      1.00000
Site   236 dN/dS =      5.20806 Full Log(L) =    -16.79641 LRT =      3.34739 p-value =      0.03366 *P
Site   237 dN/dS =      1.00000 Full Log(L) =      0.00000 LRT =      0.00000 p-value =      1.00000
Site   238 dN/dS =      1.00000 Full Log(L) =      0.00000 LRT =      0.00000 p-value =      1.00000
Site   239 dN/dS =      2.93531 Full Log(L) =    -17.89624 LRT =      0.83130 p-value =      0.18095
Site   240 dN/dS =      1.00000 Full Log(L) =      0.00000 LRT =      0.00000 p-value =      1.00000
Site   241 dN/dS =      0.00000 Full Log(L) =    -11.26169 LRT =      0.83834 p-value =      0.17994
Site   242 dN/dS =      6.00201 Full Log(L) =    -14.66497 LRT =      3.81055 p-value =      0.02547 *P
Site   243 dN/dS =      1.00000 Full Log(L) =      0.00000 LRT =      0.00000 p-value =      1.00000
Site   244 dN/dS =      1.00000 Full Log(L) =      0.00000 LRT =      0.00000 p-value =      1.00000
Site   245 dN/dS =      8.03495 Full Log(L) =    -31.58357 LRT =      7.18300 p-value =      0.00368 *P
Site   246 dN/dS =      1.00000 Full Log(L) =      0.00000 LRT =      0.00000 p-value =      1.00000
Site   247 dN/dS =      1.00000 Full Log(L) =      0.00000 LRT =      0.00000 p-value =      1.00000
Site   248 dN/dS =      0.00000 Full Log(L) =    -11.34449 LRT =      0.66282 p-value =      0.20778
Site   249 dN/dS =      1.00000 Full Log(L) =      0.00000 LRT =      0.00000 p-value =      1.00000
Site   250 dN/dS =      1.00000 Full Log(L) =      0.00000 LRT =      0.00000 p-value =      1.00000
Site   251 dN/dS =      1.00000 Full Log(L) =      0.00000 LRT =      0.00000 p-value =      1.00000
Site   252 dN/dS =      2.52966 Full Log(L) =     -9.92025 LRT =      0.64353 p-value =      0.21122
Site   253 dN/dS =      1.00000 Full Log(L) =      0.00000 LRT =      0.00000 p-value =      1.00000
Site   254 dN/dS =      1.00000 Full Log(L) =      0.00000 LRT =      0.00000 p-value =      1.00000
Site   255 dN/dS =      0.00000 Full Log(L) =    -12.73072 LRT =      0.68782 p-value =      0.20345
Site   256 dN/dS =      1.00000 Full Log(L) =      0.00000 LRT =      0.00000 p-value =      1.00000
Site   257 dN/dS =      1.00000 Full Log(L) =      0.00000 LRT =      0.00000 p-value =      1.00000
Site   258 dN/dS =      1.00000 Full Log(L) =      0.00000 LRT =      0.00000 p-value =      1.00000
Site   259 dN/dS =      1.00000 Full Log(L) =      0.00000 LRT =      0.00000 p-value =      1.00000
Site   260 dN/dS =      1.00000 Full Log(L) =      0.00000 LRT =      0.00000 p-value =      1.00000
Site   261 dN/dS =      0.00000 Full Log(L) =    -10.98568 LRT =      0.64244 p-value =      0.21141
Site   262 dN/dS =      5.83731 Full Log(L) =    -20.40252 LRT =      3.70258 p-value =      0.02716 *P
Site   263 dN/dS =      1.00000 Full Log(L) =      0.00000 LRT =      0.00000 p-value =      1.00000
Site   264 dN/dS =      1.00000 Full Log(L) =      0.00000 LRT =      0.00000 p-value =      1.00000
Site   265 dN/dS =      1.00000 Full Log(L) =      0.00000 LRT =      0.00000 p-value =      1.00000
Site   266 dN/dS =      1.00000 Full Log(L) =      0.00000 LRT =      0.00000 p-value =      1.00000
Site   267 dN/dS =      1.00000 Full Log(L) =      0.00000 LRT =      0.00000 p-value =      1.00000
Site   268 dN/dS =      1.00000 Full Log(L) =      0.00000 LRT =      0.00000 p-value =      1.00000
Site   269 dN/dS =      0.00000 Full Log(L) =     -9.49028 LRT =      0.75088 p-value =      0.19310
Site   270 dN/dS =      1.00000 Full Log(L) =      0.00000 LRT =      0.00000 p-value =      1.00000
Site   271 dN/dS =      1.00000 Full Log(L) =      0.00000 LRT =      0.00000 p-value =      1.00000
Site   272 dN/dS =      1.00000 Full Log(L) =      0.00000 LRT =      0.00000 p-value =      1.00000
Site   273 dN/dS =      1.00000 Full Log(L) =      0.00000 LRT =      0.00000 p-value =      1.00000
Site   274 dN/dS =      1.00000 Full Log(L) =      0.00000 LRT =      0.00000 p-value =      1.00000
Site   275 dN/dS =      1.00000 Full Log(L) =      0.00000 LRT =      0.00000 p-value =      1.00000
Site   276 dN/dS =      1.00000 Full Log(L) =      0.00000 LRT =      0.00000 p-value =      1.00000
Site   277 dN/dS =      1.00000 Full Log(L) =      0.00000 LRT =      0.00000 p-value =      1.00000
Site   278 dN/dS =      2.37168 Full Log(L) =    -10.97615 LRT =      0.56820 p-value =      0.22549
Site   279 dN/dS =      0.00000 Full Log(L) =    -10.70442 LRT =      0.83803 p-value =      0.17998
Site   280 dN/dS =      1.00000 Full Log(L) =      0.00000 LRT =      0.00000 p-value =      1.00000
Site   281 dN/dS =      1.00000 Full Log(L) =      0.00000 LRT =      0.00000 p-value =      1.00000
Site   282 dN/dS =      1.00000 Full Log(L) =      0.00000 LRT =      0.00000 p-value =      1.00000
Site   283 dN/dS =      1.00000 Full Log(L) =      0.00000 LRT =      0.00000 p-value =      1.00000
Site   284 dN/dS =      1.00000 Full Log(L) =      0.00000 LRT =      0.00000 p-value =      1.00000
Site   285 dN/dS =      1.00000 Full Log(L) =      0.00000 LRT =      0.00000 p-value =      1.00000
Site   286 dN/dS =      0.00000 Full Log(L) =    -10.53163 LRT =      0.50538 p-value =      0.23857
Site   287 dN/dS =      1.00000 Full Log(L) =      0.00000 LRT =      0.00000 p-value =      1.00000
Site   288 dN/dS =      1.00000 Full Log(L) =      0.00000 LRT =      0.00000 p-value =      1.00000
Site   289 dN/dS =      1.00000 Full Log(L) =      0.00000 LRT =      0.00000 p-value =      1.00000
Site   290 dN/dS =      1.00000 Full Log(L) =      0.00000 LRT =      0.00000 p-value =      1.00000
Site   291 dN/dS =      5.35918 Full Log(L) =    -14.68999 LRT =      3.44335 p-value =      0.03175 *P
Site   292 dN/dS =      2.83729 Full Log(L) =     -9.97425 LRT =      0.78641 p-value =      0.18759
Site   293 dN/dS =      1.00000 Full Log(L) =      0.00000 LRT =      0.00000 p-value =      1.00000
Site   294 dN/dS =      1.00000 Full Log(L) =      0.00000 LRT =      0.00000 p-value =      1.00000
Site   295 dN/dS =      1.00000 Full Log(L) =      0.00000 LRT =      0.00000 p-value =      1.00000
Site   296 dN/dS =      1.00000 Full Log(L) =      0.00000 LRT =      0.00000 p-value =      1.00000
Site   297 dN/dS =      1.00000 Full Log(L) =      0.00000 LRT =      0.00000 p-value =      1.00000
Site   298 dN/dS =      0.00000 Full Log(L) =     -9.74659 LRT =      0.64239 p-value =      0.21142
Site   299 dN/dS =      1.00000 Full Log(L) =      0.00000 LRT =      0.00000 p-value =      1.00000
Site   300 dN/dS =      1.00000 Full Log(L) =      0.00000 LRT =      0.00000 p-value =      1.00000
Site   301 dN/dS =      1.00000 Full Log(L) =      0.00000 LRT =      0.00000 p-value =      1.00000
Site   302 dN/dS =      1.00000 Full Log(L) =      0.00000 LRT =      0.00000 p-value =      1.00000
Site   303 dN/dS =      1.00000 Full Log(L) =      0.00000 LRT =      0.00000 p-value =      1.00000
Site   304 dN/dS =      1.00000 Full Log(L) =      0.00000 LRT =      0.00000 p-value =      1.00000
Site   305 dN/dS =      2.97554 Full Log(L) =    -12.06470 LRT =      0.85061 p-value =      0.17819
Site   306 dN/dS =      1.00000 Full Log(L) =      0.00000 LRT =      0.00000 p-value =      1.00000
Site   307 dN/dS =      1.00000 Full Log(L) =      0.00000 LRT =      0.00000 p-value =      1.00000
Site   308 dN/dS =      1.00000 Full Log(L) =      0.00000 LRT =      0.00000 p-value =      1.00000
Site   309 dN/dS =      0.00000 Full Log(L) =    -11.74817 LRT =      0.68782 p-value =      0.20345
Site   310 dN/dS =      1.00000 Full Log(L) =      0.00000 LRT =      0.00000 p-value =      1.00000
Site   311 dN/dS =      0.00000 Full Log(L) =    -11.33287 LRT =      0.48174 p-value =      0.24382
Site   312 dN/dS =      1.00000 Full Log(L) =      0.00000 LRT =      0.00000 p-value =      1.00000
Site   313 dN/dS =      1.00000 Full Log(L) =      0.00000 LRT =      0.00000 p-value =      1.00000
Site   314 dN/dS =      1.00000 Full Log(L) =      0.00000 LRT =      0.00000 p-value =      1.00000
Site   315 dN/dS =      1.00000 Full Log(L) =      0.00000 LRT =      0.00000 p-value =      1.00000
Site   316 dN/dS =      1.00000 Full Log(L) =      0.00000 LRT =      0.00000 p-value =      1.00000
Site   317 dN/dS =      1.00000 Full Log(L) =      0.00000 LRT =      0.00000 p-value =      1.00000
Site   318 dN/dS =      1.00000 Full Log(L) =      0.00000 LRT =      0.00000 p-value =      1.00000
Site   319 dN/dS =      1.00000 Full Log(L) =      0.00000 LRT =      0.00000 p-value =      1.00000
Site   320 dN/dS =      1.00000 Full Log(L) =      0.00000 LRT =      0.00000 p-value =      1.00000
Site   321 dN/dS =      1.00000 Full Log(L) =      0.00000 LRT =      0.00000 p-value =      1.00000
Site   322 dN/dS =      1.00000 Full Log(L) =      0.00000 LRT =      0.00000 p-value =      1.00000
Site   323 dN/dS =      1.00000 Full Log(L) =      0.00000 LRT =      0.00000 p-value =      1.00000
Site   324 dN/dS =      1.00000 Full Log(L) =      0.00000 LRT =      0.00000 p-value =      1.00000
Site   325 dN/dS =      1.00000 Full Log(L) =      0.00000 LRT =      0.00000 p-value =      1.00000
Site   326 dN/dS =      1.00000 Full Log(L) =      0.00000 LRT =      0.00000 p-value =      1.00000
Site   327 dN/dS =      1.00000 Full Log(L) =      0.00000 LRT =      0.00000 p-value =      1.00000
Site   328 dN/dS =      1.00000 Full Log(L) =      0.00000 LRT =      0.00000 p-value =      1.00000
Site   329 dN/dS =      0.00000 Full Log(L) =     -9.66897 LRT =      0.67422 p-value =      0.20579
Site   330 dN/dS =      0.00000 Full Log(L) =    -11.00140 LRT =      0.38470 p-value =      0.26755
Site   331 dN/dS =      1.00000 Full Log(L) =      0.00000 LRT =      0.00000 p-value =      1.00000
Site   332 dN/dS =      1.00000 Full Log(L) =      0.00000 LRT =      0.00000 p-value =      1.00000
Site   333 dN/dS =      1.00000 Full Log(L) =      0.00000 LRT =      0.00000 p-value =      1.00000
Site   334 dN/dS =      1.00000 Full Log(L) =      0.00000 LRT =      0.00000 p-value =      1.00000
Site   335 dN/dS =      1.00000 Full Log(L) =      0.00000 LRT =      0.00000 p-value =      1.00000
Site   336 dN/dS =      1.00000 Full Log(L) =      0.00000 LRT =      0.00000 p-value =      1.00000
Site   337 dN/dS =      1.00000 Full Log(L) =      0.00000 LRT =      0.00000 p-value =      1.00000
Site   338 dN/dS =      1.00000 Full Log(L) =      0.00000 LRT =      0.00000 p-value =      1.00000
Site   339 dN/dS =      1.00000 Full Log(L) =      0.00000 LRT =      0.00000 p-value =      1.00000
Site   340 dN/dS =      0.00000 Full Log(L) =    -10.42918 LRT =      0.68782 p-value =      0.20345
Site   341 dN/dS =      1.00000 Full Log(L) =      0.00000 LRT =      0.00000 p-value =      1.00000
Site   342 dN/dS =      1.00000 Full Log(L) =      0.00000 LRT =      0.00000 p-value =      1.00000
Site   343 dN/dS =      1.00000 Full Log(L) =      0.00000 LRT =      0.00000 p-value =      1.00000
Site   344 dN/dS =      1.00000 Full Log(L) =      0.00000 LRT =      0.00000 p-value =      1.00000
Site   345 dN/dS =      2.59176 Full Log(L) =     -9.07363 LRT =      0.67331 p-value =      0.20595
Site   346 dN/dS =      0.00000 Full Log(L) =     -4.36812 LRT =      0.77379 p-value =      0.18952
Site   347 dN/dS =      0.00000 Full Log(L) =     -3.59954 LRT =      0.73579 p-value =      0.19551
Site   348 dN/dS =      0.00000 Full Log(L) =     -4.30653 LRT =      0.57807 p-value =      0.22353
Site   349 dN/dS =      0.00000 Full Log(L) =     -4.36812 LRT =      0.77379 p-value =      0.18952
Site   350 dN/dS =      0.00000 Full Log(L) =     -4.25588 LRT =      0.69307 p-value =      0.20256
Site   351 dN/dS =      0.00000 Full Log(L) =     -3.97965 LRT =      0.59300 p-value =      0.22063
Site   352 dN/dS =      0.00000 Full Log(L) =     -4.25588 LRT =      0.69307 p-value =      0.20256
Site   353 dN/dS =      0.00000 Full Log(L) =     -4.33933 LRT =      0.77379 p-value =      0.18952
Site   354 dN/dS =      0.00000 Full Log(L) =     -4.30653 LRT =      0.57807 p-value =      0.22353
Site   355 dN/dS =      0.00000 Full Log(L) =     -3.59954 LRT =      0.73579 p-value =      0.19551
Site   356 dN/dS =      0.00000 Full Log(L) =     -3.51484 LRT =      0.68361 p-value =      0.20417
Site   357 dN/dS =      0.00000 Full Log(L) =     -3.53681 LRT =      0.65508 p-value =      0.20915
Site   358 dN/dS =      0.00000 Full Log(L) =     -4.33933 LRT =      0.77379 p-value =      0.18952
Site   359 dN/dS =      0.00000 Full Log(L) =     -4.55056 LRT =      0.38658 p-value =      0.26705
Site   360 dN/dS =      0.00000 Full Log(L) =     -4.09550 LRT =      0.68362 p-value =      0.20417
Site   361 dN/dS =      0.00000 Full Log(L) =     -4.05941 LRT =      0.73485 p-value =      0.19566
Site   362 dN/dS =      0.00000 Full Log(L) =     -4.08098 LRT =      0.93424 p-value =      0.16688
Site   363 dN/dS =      0.00000 Full Log(L) =     -3.94266 LRT =      0.63294 p-value =      0.21314
Site   364 dN/dS =      0.00000 Full Log(L) =     -3.82191 LRT =      0.72584 p-value =      0.19712
Site   365 dN/dS =      0.00000 Full Log(L) =     -4.33933 LRT =      0.77379 p-value =      0.18952
Site   366 dN/dS =      0.00000 Full Log(L) =     -4.55056 LRT =      0.38658 p-value =      0.26705
Site   367 dN/dS =      0.00000 Full Log(L) =     -3.91842 LRT =      0.50555 p-value =      0.23854
Site   368 dN/dS =      0.00000 Full Log(L) =     -4.33933 LRT =      0.77379 p-value =      0.18952
Site   369 dN/dS =      0.00000 Full Log(L) =     -4.30653 LRT =      0.57807 p-value =      0.22353
Site   370 dN/dS =      0.00000 Full Log(L) =     -4.35649 LRT =      0.75758 p-value =      0.19204
Site   371 dN/dS =      0.00000 Full Log(L) =     -4.33743 LRT =      0.66765 p-value =      0.20694
Site   372 dN/dS =      0.00000 Full Log(L) =     -4.05915 LRT =      0.44470 p-value =      0.25243
Site   373 dN/dS =      0.00000 Full Log(L) =     -3.53681 LRT =      0.65508 p-value =      0.20915
Site   374 dN/dS =      0.00000 Full Log(L) =     -4.63232 LRT =      0.55549 p-value =      0.22804
Site   375 dN/dS =      0.00000 Full Log(L) =     -9.72592 LRT =      0.68345 p-value =      0.20420
Site   376 dN/dS =      0.00000 Full Log(L) =     -4.36812 LRT =      0.77379 p-value =      0.18952
Site   377 dN/dS =      0.00000 Full Log(L) =     -3.99957 LRT =      0.62231 p-value =      0.21510
Site   378 dN/dS =      0.00000 Full Log(L) =     -4.05941 LRT =      0.73485 p-value =      0.19566
Site   379 dN/dS =      0.00000 Full Log(L) =     -4.05915 LRT =      0.44470 p-value =      0.25243
Site   380 dN/dS =      0.00000 Full Log(L) =     -4.25588 LRT =      0.69307 p-value =      0.20256
Site   381 dN/dS =      0.00000 Full Log(L) =     -9.72990 LRT =      0.69307 p-value =      0.20256
Site   382 dN/dS =      0.00000 Full Log(L) =     -3.79312 LRT =      0.72584 p-value =      0.19712
Site   383 dN/dS =      0.00000 Full Log(L) =     -4.76689 LRT =      0.57475 p-value =      0.22419
Site   384 dN/dS =      0.00000 Full Log(L) =     -3.25853 LRT =      0.61285 p-value =      0.21686
Site   385 dN/dS =      0.00000 Full Log(L) =     -4.07046 LRT =      0.78574 p-value =      0.18770
Site   386 dN/dS =      0.00000 Full Log(L) =     -4.27949 LRT =      0.62231 p-value =      0.21510
Site   387 dN/dS =      0.00000 Full Log(L) =     -4.05915 LRT =      0.44470 p-value =      0.25243
Site   388 dN/dS =      0.00000 Full Log(L) =     -4.25588 LRT =      0.69307 p-value =      0.20256
Site   389 dN/dS =      0.00000 Full Log(L) =     -4.25588 LRT =      0.69307 p-value =      0.20256
Site   390 dN/dS =      0.00000 Full Log(L) =     -3.97965 LRT =      0.59300 p-value =      0.22063
Site   391 dN/dS =      0.00000 Full Log(L) =     -3.56560 LRT =      0.65508 p-value =      0.20915
Site   392 dN/dS =      0.00000 Full Log(L) =     -4.05915 LRT =      0.44470 p-value =      0.25243
Site   393 dN/dS =      0.00000 Full Log(L) =     -3.97965 LRT =      0.59300 p-value =      0.22063
Site   394 dN/dS =      3.09196 Full Log(L) =    -14.79679 LRT =      0.89706 p-value =      0.17179
Site   395 dN/dS =      0.00000 Full Log(L) =    -11.38256 LRT =      0.77363 p-value =      0.18955
Site   396 dN/dS =      0.00000 Full Log(L) =     -3.25853 LRT =      0.61285 p-value =      0.21686
Site   397 dN/dS =      0.00000 Full Log(L) =     -5.17747 LRT =      0.35509 p-value =      0.27562
Site   398 dN/dS =      0.00000 Full Log(L) =     -9.86675 LRT =      0.65496 p-value =      0.20917
Site   399 dN/dS =      0.00000 Full Log(L) =     -4.35649 LRT =      0.75758 p-value =      0.19204
Site   400 dN/dS =      0.00000 Full Log(L) =     -4.06960 LRT =      0.34090 p-value =      0.27965
Site   401 dN/dS =      0.00000 Full Log(L) =     -3.97965 LRT =      0.59300 p-value =      0.22063
Site   402 dN/dS =      0.00000 Full Log(L) =     -4.09550 LRT =      0.68362 p-value =      0.20417
Site   403 dN/dS =      0.00000 Full Log(L) =     -3.25853 LRT =      0.61285 p-value =      0.21686
Site   404 dN/dS =      0.00000 Full Log(L) =     -4.58024 LRT =      0.62231 p-value =      0.21510
Site   405 dN/dS =      0.00000 Full Log(L) =     -3.56560 LRT =      0.65508 p-value =      0.20915
Site   406 dN/dS =      0.00000 Full Log(L) =     -4.09550 LRT =      0.68362 p-value =      0.20417
Site   407 dN/dS =      0.00000 Full Log(L) =     -3.25853 LRT =      0.61285 p-value =      0.21686
Site   408 dN/dS =      0.00000 Full Log(L) =     -9.09735 LRT =      0.57754 p-value =      0.22364
Site   409 dN/dS =      0.00000 Full Log(L) =     -4.33743 LRT =      0.66765 p-value =      0.20694
Site   410 dN/dS =      0.00000 Full Log(L) =     -4.05915 LRT =      0.44470 p-value =      0.25243
Site   411 dN/dS =      0.00000 Full Log(L) =    -10.28142 LRT =      0.59295 p-value =      0.22064
Site   412 dN/dS =      0.00000 Full Log(L) =     -3.51484 LRT =      0.68361 p-value =      0.20417
Site   413 dN/dS =      0.00000 Full Log(L) =     -3.25853 LRT =      0.61285 p-value =      0.21686
Site   414 dN/dS =      0.00000 Full Log(L) =     -3.51484 LRT =      0.68361 p-value =      0.20417
Site   415 dN/dS =      0.00000 Full Log(L) =     -4.30653 LRT =      0.57807 p-value =      0.22353
Site   416 dN/dS =      0.00000 Full Log(L) =     -4.35239 LRT =      0.46188 p-value =      0.24837
Site   417 dN/dS =      0.00000 Full Log(L) =     -3.51484 LRT =      0.68361 p-value =      0.20417
Site   418 dN/dS =      0.00000 Full Log(L) =     -3.94266 LRT =      0.63294 p-value =      0.21314
Site   419 dN/dS =      0.00000 Full Log(L) =     -3.51484 LRT =      0.68361 p-value =      0.20417
Site   420 dN/dS =      0.00000 Full Log(L) =     -4.64008 LRT =      0.77379 p-value =      0.18952
Site   421 dN/dS =      0.00000 Full Log(L) =     -3.77583 LRT =      0.71863 p-value =      0.19830
Site   422 dN/dS =      0.00000 Full Log(L) =     -3.95086 LRT =      0.59300 p-value =      0.22063
Site   423 dN/dS =      0.00000 Full Log(L) =     -4.63982 LRT =      0.44472 p-value =      0.25243
Site   424 dN/dS =      0.00000 Full Log(L) =     -3.82191 LRT =      0.72584 p-value =      0.19712
Site   425 dN/dS =      0.00000 Full Log(L) =    -13.26832 LRT =      0.57386 p-value =      0.22436
Site   426 dN/dS =      0.00000 Full Log(L) =     -9.73871 LRT =      0.68345 p-value =      0.20420
Site   427 dN/dS =      0.00000 Full Log(L) =     -3.25853 LRT =      0.61285 p-value =      0.21686
Site   428 dN/dS =      0.00000 Full Log(L) =     -3.88963 LRT =      0.50555 p-value =      0.23854
Site   429 dN/dS =      0.00000 Full Log(L) =     -4.22258 LRT =      0.63294 p-value =      0.21314
Site   430 dN/dS =      0.00000 Full Log(L) =     -3.51484 LRT =      0.68361 p-value =      0.20417
Site   431 dN/dS =      0.00000 Full Log(L) =     -3.82191 LRT =      0.72584 p-value =      0.19712
Site   432 dN/dS =      0.00000 Full Log(L) =     -4.27949 LRT =      0.62231 p-value =      0.21510
Site   433 dN/dS =      0.00000 Full Log(L) =     -3.25853 LRT =      0.61285 p-value =      0.21686
Site   434 dN/dS =      0.00000 Full Log(L) =     -3.59954 LRT =      0.73579 p-value =      0.19551
Site   435 dN/dS =      0.00000 Full Log(L) =     -3.79312 LRT =      0.72584 p-value =      0.19712
Site   436 dN/dS =      0.00000 Full Log(L) =     -4.79568 LRT =      0.57475 p-value =      0.22419
Site   437 dN/dS =      0.00000 Full Log(L) =     -4.55056 LRT =      0.38658 p-value =      0.26705
Site   438 dN/dS =      0.00000 Full Log(L) =    -11.83079 LRT =      0.53431 p-value =      0.23240
Site   439 dN/dS =      0.00000 Full Log(L) =     -3.91842 LRT =      0.50555 p-value =      0.23854
Site   440 dN/dS =      0.00000 Full Log(L) =     -3.56560 LRT =      0.65508 p-value =      0.20915
Site   441 dN/dS =      0.00000 Full Log(L) =     -9.48882 LRT =      0.69307 p-value =      0.20256
Site   442 dN/dS =      0.00000 Full Log(L) =     -4.09550 LRT =      0.68362 p-value =      0.20417
Site   443 dN/dS =      0.00000 Full Log(L) =     -4.76689 LRT =      0.57475 p-value =      0.22419
Site   444 dN/dS =      0.00000 Full Log(L) =     -4.76689 LRT =      0.57475 p-value =      0.22419
Site   445 dN/dS =      0.00000 Full Log(L) =     -4.22258 LRT =      0.63294 p-value =      0.21314
Site   446 dN/dS =      0.00000 Full Log(L) =     -4.56459 LRT =      0.69307 p-value =      0.20256
Site   447 dN/dS =      0.00000 Full Log(L) =     -5.17747 LRT =      0.35509 p-value =      0.27562
Site   448 dN/dS =      0.00000 Full Log(L) =     -4.09550 LRT =      0.68362 p-value =      0.20417
Site   449 dN/dS =      0.00000 Full Log(L) =     -8.35642 LRT =      0.65454 p-value =      0.20925
Site   450 dN/dS =      0.00000 Full Log(L) =     -4.05915 LRT =      0.44470 p-value =      0.25243
Site   451 dN/dS =      0.00000 Full Log(L) =     -4.33743 LRT =      0.66765 p-value =      0.20694
Site   452 dN/dS =      0.00000 Full Log(L) =     -3.99957 LRT =      0.62231 p-value =      0.21510
Site   453 dN/dS =      0.00000 Full Log(L) =     -3.95086 LRT =      0.59300 p-value =      0.22063
Site   454 dN/dS =      0.00000 Full Log(L) =     -3.79312 LRT =      0.72584 p-value =      0.19712
Site   455 dN/dS =      0.00000 Full Log(L) =     -4.59680 LRT =      0.35509 p-value =      0.27562
Site   456 dN/dS =      0.00000 Full Log(L) =     -4.27949 LRT =      0.62231 p-value =      0.21510
Site   457 dN/dS =      0.00000 Full Log(L) =     -3.82191 LRT =      0.72584 p-value =      0.19712
Site   458 dN/dS =      0.00000 Full Log(L) =     -4.35239 LRT =      0.46188 p-value =      0.24837
Site   459 dN/dS =      0.00000 Full Log(L) =     -3.51484 LRT =      0.68361 p-value =      0.20417
Site   460 dN/dS =      0.00000 Full Log(L) =     -4.08098 LRT =      0.93424 p-value =      0.16688
Site   461 dN/dS =      0.00000 Full Log(L) =     -3.56560 LRT =      0.65508 p-value =      0.20915
Site   462 dN/dS =      0.00000 Full Log(L) =     -3.25853 LRT =      0.61285 p-value =      0.21686
Site   463 dN/dS =      0.00000 Full Log(L) =     -5.17747 LRT =      0.35509 p-value =      0.27562
Site   464 dN/dS =      0.00000 Full Log(L) =     -4.27774 LRT =      0.57807 p-value =      0.22353
Site   465 dN/dS =      0.00000 Full Log(L) =     -3.51484 LRT =      0.68361 p-value =      0.20417
Site   466 dN/dS =      0.00000 Full Log(L) =     -3.77583 LRT =      0.71863 p-value =      0.19830
Site   467 dN/dS =      0.00000 Full Log(L) =     -3.99957 LRT =      0.62231 p-value =      0.21510
Site   468 dN/dS =      0.00000 Full Log(L) =    -10.19034 LRT =      0.75030 p-value =      0.19319
Site   469 dN/dS =      0.00000 Full Log(L) =     -3.83919 LRT =      0.61286 p-value =      0.21686
Site   470 dN/dS =      0.00000 Full Log(L) =     -4.05915 LRT =      0.44470 p-value =      0.25243
Site   471 dN/dS =      0.00000 Full Log(L) =     -5.17747 LRT =      0.35509 p-value =      0.27562
Site   472 dN/dS =      0.00000 Full Log(L) =     -4.35649 LRT =      0.75758 p-value =      0.19204
Site   473 dN/dS =      0.00000 Full Log(L) =     -3.51484 LRT =      0.68361 p-value =      0.20417
Site   474 dN/dS =      0.00000 Full Log(L) =     -3.53681 LRT =      0.65508 p-value =      0.20915
Site   475 dN/dS =      0.00000 Full Log(L) =     -4.53580 LRT =      0.69307 p-value =      0.20256
Site   476 dN/dS =      0.00000 Full Log(L) =     -4.09550 LRT =      0.68362 p-value =      0.20417
Site   477 dN/dS =      0.00000 Full Log(L) =     -3.82191 LRT =      0.72584 p-value =      0.19712
Site   478 dN/dS =      0.00000 Full Log(L) =     -4.08098 LRT =      0.93424 p-value =      0.16688
Site   479 dN/dS =      0.00000 Full Log(L) =     -4.36812 LRT =      0.77379 p-value =      0.18952
Site   480 dN/dS =      0.00000 Full Log(L) =     -3.53681 LRT =      0.65508 p-value =      0.20915
Site   481 dN/dS =      0.00000 Full Log(L) =     -4.33933 LRT =      0.77379 p-value =      0.18952
Site   482 dN/dS =      0.00000 Full Log(L) =     -4.42328 LRT =      0.66703 p-value =      0.20704
Site   483 dN/dS =      0.00000 Full Log(L) =     -4.30653 LRT =      0.57807 p-value =      0.22353
Site   484 dN/dS =      6.61493 Full Log(L) =    -13.97325 LRT =      4.12523 p-value =      0.02112 *P
Site   485 dN/dS =      0.00000 Full Log(L) =     -3.59954 LRT =      0.73579 p-value =      0.19551
Site   486 dN/dS =      0.00000 Full Log(L) =    -16.96977 LRT =      0.50555 p-value =      0.23854
Site   487 dN/dS =      0.00000 Full Log(L) =     -4.36622 LRT =      0.66765 p-value =      0.20694
Site   488 dN/dS =      0.00000 Full Log(L) =     -3.25853 LRT =      0.61285 p-value =      0.21686
Site   489 dN/dS =      0.00000 Full Log(L) =     -4.39449 LRT =      0.66703 p-value =      0.20704
Site   490 dN/dS =      0.00000 Full Log(L) =     -3.82191 LRT =      0.72584 p-value =      0.19712
Site   491 dN/dS =      0.00000 Full Log(L) =     -3.53681 LRT =      0.65508 p-value =      0.20915
Site   492 dN/dS =      2.92105 Full Log(L) =    -16.38073 LRT =      0.82509 p-value =      0.18185
Site   493 dN/dS =      0.00000 Full Log(L) =    -10.31950 LRT =      0.66696 p-value =      0.20706
Site   494 dN/dS =      0.00000 Full Log(L) =     -3.59954 LRT =      0.73579 p-value =      0.19551
Site   495 dN/dS =      0.00000 Full Log(L) =    -11.41185 LRT =      0.77379 p-value =      0.18952
Site   496 dN/dS =      0.00000 Full Log(L) =     -4.35239 LRT =      0.46188 p-value =      0.24837
Site   497 dN/dS =      0.00000 Full Log(L) =     -3.97965 LRT =      0.59300 p-value =      0.22063
Site   498 dN/dS =      0.00000 Full Log(L) =     -3.77583 LRT =      0.71863 p-value =      0.19830
Site   499 dN/dS =      0.00000 Full Log(L) =     -3.53681 LRT =      0.65508 p-value =      0.20915
Site   500 dN/dS =      0.00000 Full Log(L) =     -4.05941 LRT =      0.73485 p-value =      0.19566
Site   501 dN/dS =      0.00000 Full Log(L) =     -4.27949 LRT =      0.62231 p-value =      0.21510
Site   502 dN/dS =      0.00000 Full Log(L) =     -3.88963 LRT =      0.50555 p-value =      0.23854
Site   503 dN/dS =      0.00000 Full Log(L) =     -3.82191 LRT =      0.72584 p-value =      0.19712
Site   504 dN/dS =      0.00000 Full Log(L) =     -4.33743 LRT =      0.66765 p-value =      0.20694
Site   505 dN/dS =      0.00000 Full Log(L) =     -3.79312 LRT =      0.72584 p-value =      0.19712
Site   506 dN/dS =      0.00000 Full Log(L) =     -3.94266 LRT =      0.63294 p-value =      0.21314
Site   507 dN/dS =      0.00000 Full Log(L) =     -3.91842 LRT =      0.50555 p-value =      0.23854
Site   508 dN/dS =      0.00000 Full Log(L) =     -3.77583 LRT =      0.71863 p-value =      0.19830
Site   509 dN/dS =      2.77749 Full Log(L) =    -10.48316 LRT =      0.75939 p-value =      0.19176
Site   510 dN/dS =      0.00000 Full Log(L) =     -3.51484 LRT =      0.68361 p-value =      0.20417
Site   511 dN/dS =      0.00000 Full Log(L) =     -4.25588 LRT =      0.69307 p-value =      0.20256
Site   512 dN/dS =      0.00000 Full Log(L) =     -4.06960 LRT =      0.34090 p-value =      0.27965
Site   513 dN/dS =      0.00000 Full Log(L) =     -3.56560 LRT =      0.65508 p-value =      0.20915
Site   514 dN/dS =      0.00000 Full Log(L) =    -15.22583 LRT =      0.65469 p-value =      0.20922
Site   515 dN/dS =      0.00000 Full Log(L) =    -12.67685 LRT =      0.65639 p-value =      0.20892
Site   516 dN/dS =      0.00000 Full Log(L) =     -4.30653 LRT =      0.57807 p-value =      0.22353
Site   517 dN/dS =      0.00000 Full Log(L) =     -4.63982 LRT =      0.44472 p-value =      0.25243
Site   518 dN/dS =      0.00000 Full Log(L) =     -3.97965 LRT =      0.59300 p-value =      0.22063
Site   519 dN/dS =      0.00000 Full Log(L) =     -3.25853 LRT =      0.61285 p-value =      0.21686
Site   520 dN/dS =      0.00000 Full Log(L) =     -4.33933 LRT =      0.77379 p-value =      0.18952
Site   521 dN/dS =      0.00000 Full Log(L) =     -4.22258 LRT =      0.63294 p-value =      0.21314
Site   522 dN/dS =      0.00000 Full Log(L) =     -4.09550 LRT =      0.68362 p-value =      0.20417
Site   523 dN/dS =      0.00000 Full Log(L) =     -5.17747 LRT =      0.35509 p-value =      0.27562
Site   524 dN/dS =      0.00000 Full Log(L) =     -9.19127 LRT =      0.61264 p-value =      0.21690
Site   525 dN/dS =      0.00000 Full Log(L) =     -4.35239 LRT =      0.46188 p-value =      0.24837
Site   526 dN/dS =      0.00000 Full Log(L) =     -4.05941 LRT =      0.73485 p-value =      0.19566
Site   527 dN/dS =      0.00000 Full Log(L) =     -3.91842 LRT =      0.50555 p-value =      0.23854
Site   528 dN/dS =      0.00000 Full Log(L) =     -3.25853 LRT =      0.61285 p-value =      0.21686
Site   529 dN/dS =      0.00000 Full Log(L) =     -3.79312 LRT =      0.72584 p-value =      0.19712
Site   530 dN/dS =      0.00000 Full Log(L) =     -4.55056 LRT =      0.38658 p-value =      0.26705
Site   531 dN/dS =      0.00000 Full Log(L) =     -3.97965 LRT =      0.59300 p-value =      0.22063
Site   532 dN/dS =      0.00000 Full Log(L) =     -4.59680 LRT =      0.35509 p-value =      0.27562
Site   533 dN/dS =      0.00000 Full Log(L) =     -4.55056 LRT =      0.38658 p-value =      0.26705
Site   534 dN/dS =      0.00000 Full Log(L) =     -3.95086 LRT =      0.59300 p-value =      0.22063
Site   535 dN/dS =      0.00000 Full Log(L) =     -4.66111 LRT =      0.55549 p-value =      0.22804
Site   536 dN/dS =      0.00000 Full Log(L) =     -4.27774 LRT =      0.57807 p-value =      0.22353
Site   537 dN/dS =      0.00000 Full Log(L) =     -4.56459 LRT =      0.69307 p-value =      0.20256
Site   538 dN/dS =      2.72818 Full Log(L) =     -9.47685 LRT =      0.73639 p-value =      0.19541
Site   539 dN/dS =      0.00000 Full Log(L) =     -4.35239 LRT =      0.46188 p-value =      0.24837
Site   540 dN/dS =      0.00000 Full Log(L) =     -9.61477 LRT =      0.66689 p-value =      0.20707
Site   541 dN/dS =      0.00000 Full Log(L) =     -4.27774 LRT =      0.57807 p-value =      0.22353
Site   542 dN/dS =      0.00000 Full Log(L) =     -4.65026 LRT =      0.37615 p-value =      0.26984
Site   543 dN/dS =      0.00000 Full Log(L) =     -4.76689 LRT =      0.57475 p-value =      0.22419
Site   544 dN/dS =      0.00000 Full Log(L) =     -4.39449 LRT =      0.66703 p-value =      0.20704
Site   545 dN/dS =      0.00000 Full Log(L) =     -4.22258 LRT =      0.63294 p-value =      0.21314
Site   546 dN/dS =      0.00000 Full Log(L) =     -4.22258 LRT =      0.63294 p-value =      0.21314
Site   547 dN/dS =      0.00000 Full Log(L) =     -4.65026 LRT =      0.37615 p-value =      0.26984
Site   548 dN/dS =      0.00000 Full Log(L) =    -11.50702 LRT =      0.35631 p-value =      0.27528
Site   549 dN/dS =      0.00000 Full Log(L) =     -4.64008 LRT =      0.77379 p-value =      0.18952
Site   550 dN/dS =      0.00000 Full Log(L) =     -4.30653 LRT =      0.57807 p-value =      0.22353
Site   551 dN/dS =      0.00000 Full Log(L) =     -9.73497 LRT =      0.59292 p-value =      0.22065
Site   552 dN/dS =      0.00000 Full Log(L) =     -4.08098 LRT =      0.93424 p-value =      0.16688
Site   553 dN/dS =      0.00000 Full Log(L) =     -4.55056 LRT =      0.38658 p-value =      0.26705
Site   554 dN/dS =      0.00000 Full Log(L) =     -4.56459 LRT =      0.69307 p-value =      0.20256
Site   555 dN/dS =      0.00000 Full Log(L) =     -4.42328 LRT =      0.66703 p-value =      0.20704
Site   556 dN/dS =      0.00000 Full Log(L) =     -4.05915 LRT =      0.44470 p-value =      0.25243
Site   557 dN/dS =      0.00000 Full Log(L) =     -3.25853 LRT =      0.61285 p-value =      0.21686
Site   558 dN/dS =      0.00000 Full Log(L) =     -4.36812 LRT =      0.77379 p
Check messages.log details of this run.
-value =      0.18952
Site   559 dN/dS =      0.00000 Full Log(L) =     -3.56560 LRT =      0.65508 p-value =      0.20915
Site   560 dN/dS =      0.00000 Full Log(L) =     -3.95086 LRT =      0.59300 p-value =      0.22063
Site   561 dN/dS =      0.00000 Full Log(L) =    -10.40332 LRT =      0.75715 p-value =      0.19211
Site   562 dN/dS =      0.00000 Full Log(L) =     -4.42328 LRT =      0.66703 p-value =      0.20704
Site   563 dN/dS =      0.00000 Full Log(L) =     -3.56560 LRT =      0.65508 p-value =      0.20915
Site   564 dN/dS =      0.00000 Full Log(L) =     -3.95086 LRT =      0.59300 p-value =      0.22063
Site   565 dN/dS =      0.00000 Full Log(L) =     -4.42328 LRT =      0.66703 p-value =      0.20704
Site   566 dN/dS =      0.00000 Full Log(L) =     -3.95086 LRT =      0.59300 p-value =      0.22063


Wall-clock run-time (seconds): 1412751353
Process time on the master node: 307.292812
MPI nodes used: 0

Wall-clock time per site (seconds): 6824885.763285024
