
Check messages.log details of this run.
____________
51 species:{EF456785,EF456784,EF456787,EF456786,EF456783,CY012912,EF456789,EF456788,CY017291,CY017299,CY011824,CY011336,CY011552,CY011536,CY013311,CY011512,CY012512,CY011352,CY114189,CY013319,CY012472,CY012456,CY011344,CY011840,CY011848,CY012224,EF456792,EF456790,EF456791,CY012928,CY012896,CY012248,CY114221,CY011560,CY011328,CY011520,CY011488,CY011544,CY011568,CY013327,CY011320,CY011360,CY012464,CY011504,CY012520,CY011368,CY012256,CY038503,CY017283,CY012232,CY012448};
Total Sites:1698;
Distinct Sites:131

Phase 1:Nucleotide Model (010010) Model Fit


-3590.07680536963

Phase 2:MG94x(010010) Model Fit



Phase 3:Estimating dN/dS


Nuc->codon scaling factor:2.156098513895527
Raw scaling factor:2.156098513895527
Tree scaling factor(S): 1

Using dN/dS=0.2739896312630926
Codon model:-3502.50384943131

Phase 4: Ancestral State Reconstruction and Counting

<<Significance level for Likelihood Ratio Tests (permissible range = [0,1], default value = 0.1)>>Site     1 dN/dS =      0.00000 Full Log(L) =     -4.07950 LRT =      0.99550 p-value =      0.15920
Site     2 dN/dS =      0.00000 Full Log(L) =     -3.84318 LRT =      0.66491 p-value =      0.20742
Site     3 dN/dS =      0.00000 Full Log(L) =    -10.24535 LRT =      0.66461 p-value =      0.20747
Site     4 dN/dS =      0.00000 Full Log(L) =     -4.02923 LRT =      0.64823 p-value =      0.21037
Site     5 dN/dS =      0.00000 Full Log(L) =     -3.97808 LRT =      0.64823 p-value =      0.21037
Site     6 dN/dS =      0.00000 Full Log(L) =     -4.51777 LRT =      0.72877 p-value =      0.19664
Site     7 dN/dS =      0.00000 Full Log(L) =     -4.62624 LRT =      0.43168 p-value =      0.25558
Site     8 dN/dS =      0.00000 Full Log(L) =     -4.08807 LRT =      0.83993 p-value =      0.17971
Site     9 dN/dS =      0.00000 Full Log(L) =     -3.94509 LRT =      0.56024 p-value =      0.22708
Site    10 dN/dS =      3.14231 Full Log(L) =    -11.73383 LRT =      0.91871 p-value =      0.16891
Site    11 dN/dS =      0.00000 Full Log(L) =     -4.11497 LRT =      0.38709 p-value =      0.26692
Site    12 dN/dS =      0.00000 Full Log(L) =    -11.42473 LRT =      0.72314 p-value =      0.19756
Site    13 dN/dS =      0.00000 Full Log(L) =     -5.10003 LRT =      0.40412 p-value =      0.26249
Site    14 dN/dS =      0.00000 Full Log(L) =     -4.23085 LRT =      0.67275 p-value =      0.20605
Site    15 dN/dS =      0.00000 Full Log(L) =     -4.32541 LRT =      0.65687 p-value =      0.20883
Site    16 dN/dS =      0.00000 Full Log(L) =     -4.51777 LRT =      0.72877 p-value =      0.19664
Site    17 dN/dS =      1.00000 Full Log(L) =      0.00000 LRT =      0.00000 p-value =      1.00000
Site    18 dN/dS =      1.00000 Full Log(L) =      0.00000 LRT =      0.00000 p-value =      1.00000
Site    19 dN/dS =      1.00000 Full Log(L) =      0.00000 LRT =      0.00000 p-value =      1.00000
Site    20 dN/dS =      1.99451 Full Log(L) =    -13.70363 LRT =      0.38193 p-value =      0.26829
Site    21 dN/dS =      1.80740 Full Log(L) =    -10.54139 LRT =      0.28834 p-value =      0.29564
Site    22 dN/dS =      1.00000 Full Log(L) =      0.00000 LRT =      0.00000 p-value =      1.00000
Site    23 dN/dS =      1.00000 Full Log(L) =      0.00000 LRT =      0.00000 p-value =      1.00000
Site    24 dN/dS =      1.00000 Full Log(L) =      0.00000 LRT =      0.00000 p-value =      1.00000
Site    25 dN/dS =      1.00000 Full Log(L) =      0.00000 LRT =      0.00000 p-value =      1.00000
Site    26 dN/dS =      1.00000 Full Log(L) =      0.00000 LRT =      0.00000 p-value =      1.00000
Site    27 dN/dS =      1.00000 Full Log(L) =      0.00000 LRT =      0.00000 p-value =      1.00000
Site    28 dN/dS =      1.00000 Full Log(L) =      0.00000 LRT =      0.00000 p-value =      1.00000
Site    29 dN/dS =      1.00000 Full Log(L) =      0.00000 LRT =      0.00000 p-value =      1.00000
Site    30 dN/dS =      0.00000 Full Log(L) =    -14.41074 LRT =      1.06940 p-value =      0.15054
Site    31 dN/dS =      1.00000 Full Log(L) =      0.00000 LRT =      0.00000 p-value =      1.00000
Site    32 dN/dS =      1.00000 Full Log(L) =      0.00000 LRT =      0.00000 p-value =      1.00000
Site    33 dN/dS =      1.00000 Full Log(L) =      0.00000 LRT =      0.00000 p-value =      1.00000
Site    34 dN/dS =      1.00000 Full Log(L) =      0.00000 LRT =      0.00000 p-value =      1.00000
Site    35 dN/dS =      0.00000 Full Log(L) =    -16.82245 LRT =      1.07837 p-value =      0.14953
Site    36 dN/dS =      1.00000 Full Log(L) =      0.00000 LRT =      0.00000 p-value =      1.00000
Site    37 dN/dS =      1.00000 Full Log(L) =      0.00000 LRT =      0.00000 p-value =      1.00000
Site    38 dN/dS =      1.00000 Full Log(L) =      0.00000 LRT =      0.00000 p-value =      1.00000
Site    39 dN/dS =      1.00000 Full Log(L) =      0.00000 LRT =      0.00000 p-value =      1.00000
Site    40 dN/dS =      1.00000 Full Log(L) =      0.00000 LRT =      0.00000 p-value =      1.00000
Site    41 dN/dS =      1.00000 Full Log(L) =      0.00000 LRT =      0.00000 p-value =      1.00000
Site    42 dN/dS =      0.00000 Full Log(L) =    -12.44301 LRT =      0.99546 p-value =      0.15921
Site    43 dN/dS =      1.00000 Full Log(L) =      0.00000 LRT =      0.00000 p-value =      1.00000
Site    44 dN/dS =      1.00000 Full Log(L) =      0.00000 LRT =      0.00000 p-value =      1.00000
Site    45 dN/dS =      1.00000 Full Log(L) =      0.00000 LRT =      0.00000 p-value =      1.00000
Site    46 dN/dS =      0.00000 Full Log(L) =    -10.21336 LRT =      0.98341 p-value =      0.16068
Site    47 dN/dS =      1.00000 Full Log(L) =      0.00000 LRT =      0.00000 p-value =      1.00000
Site    48 dN/dS =      1.00000 Full Log(L) =      0.00000 LRT =      0.00000 p-value =      1.00000
Site    49 dN/dS =      1.00000 Full Log(L) =      0.00000 LRT =      0.00000 p-value =      1.00000
Site    50 dN/dS =      1.00000 Full Log(L) =      0.00000 LRT =      0.00000 p-value =      1.00000
Site    51 dN/dS =      1.00000 Full Log(L) =      0.00000 LRT =      0.00000 p-value =      1.00000
Site    52 dN/dS =      1.00000 Full Log(L) =      0.00000 LRT =      0.00000 p-value =      1.00000
Site    53 dN/dS =      0.00000 Full Log(L) =    -11.42286 LRT =      0.98341 p-value =      0.16068
Site    54 dN/dS =      1.00000 Full Log(L) =      0.00000 LRT =      0.00000 p-value =      1.00000
Site    55 dN/dS =      1.00000 Full Log(L) =      0.00000 LRT =      0.00000 p-value =      1.00000
Site    56 dN/dS =      1.00000 Full Log(L) =      0.00000 LRT =      0.00000 p-value =      1.00000
Site    57 dN/dS =      1.00000 Full Log(L) =      0.00000 LRT =      0.00000 p-value =      1.00000
Site    58 dN/dS =      1.00000 Full Log(L) =      0.00000 LRT =      0.00000 p-value =      1.00000
Site    59 dN/dS =      1.00000 Full Log(L) =      0.00000 LRT =      0.00000 p-value =      1.00000
Site    60 dN/dS =      1.00000 Full Log(L) =      0.00000 LRT =      0.00000 p-value =      1.00000
Site    61 dN/dS =      1.63357 Full Log(L) =    -11.27421 LRT =      0.20453 p-value =      0.32554
Site    62 dN/dS =      4.49299 Full Log(L) =    -24.87143 LRT =      2.87993 p-value =      0.04485 *P
Site    63 dN/dS =      2.24751 Full Log(L) =     -9.36433 LRT =      0.50706 p-value =      0.23821
Site    64 dN/dS =      1.00000 Full Log(L) =      0.00000 LRT =      0.00000 p-value =      1.00000
Site    65 dN/dS =      1.69350 Full Log(L) =     -8.75416 LRT =      0.23318 p-value =      0.31459
Site    66 dN/dS =      1.81345 Full Log(L) =     -8.09835 LRT =      0.29136 p-value =      0.29468
Site    67 dN/dS =      1.00000 Full Log(L) =      0.00000 LRT =      0.00000 p-value =      1.00000
Site    68 dN/dS =      0.00000 Full Log(L) =    -13.56152 LRT =      1.06925 p-value =      0.15056
Site    69 dN/dS =      1.74742 Full Log(L) =     -9.08812 LRT =      0.25893 p-value =      0.30543
Site    70 dN/dS =      0.00000 Full Log(L) =     -8.29956 LRT =      1.24135 p-value =      0.13261
Site    71 dN/dS =      1.00000 Full Log(L) =      0.00000 LRT =      0.00000 p-value =      1.00000
Site    72 dN/dS =      1.00000 Full Log(L) =      0.00000 LRT =      0.00000 p-value =      1.00000
Site    73 dN/dS =      0.00000 Full Log(L) =    -10.60102 LRT =      0.75021 p-value =      0.19320
Site    74 dN/dS =      1.00000 Full Log(L) =      0.00000 LRT =      0.00000 p-value =      1.00000
Site    75 dN/dS =      2.20168 Full Log(L) =    -15.47590 LRT =      0.48446 p-value =      0.24321
Site    76 dN/dS =      1.00000 Full Log(L) =      0.00000 LRT =      0.00000 p-value =      1.00000
Site    77 dN/dS =      0.00000 Full Log(L) =    -10.86701 LRT =      1.11516 p-value =      0.14548
Site    78 dN/dS =      0.00000 Full Log(L) =     -7.95734 LRT =      0.98254 p-value =      0.16079
Site    79 dN/dS =      1.00000 Full Log(L) =      0.00000 LRT =      0.00000 p-value =      1.00000
Site    80 dN/dS =      1.00000 Full Log(L) =      0.00000 LRT =      0.00000 p-value =      1.00000
Site    81 dN/dS =      1.00000 Full Log(L) =      0.00000 LRT =      0.00000 p-value =      1.00000
Site    82 dN/dS =      1.00000 Full Log(L) =      0.00000 LRT =      0.00000 p-value =      1.00000
Site    83 dN/dS =      1.00000 Full Log(L) =      0.00000 LRT =      0.00000 p-value =      1.00000
Site    84 dN/dS =      1.00000 Full Log(L) =      0.00000 LRT =      0.00000 p-value =      1.00000
Site    85 dN/dS =      1.00000 Full Log(L) =      0.00000 LRT =      0.00000 p-value =      1.00000
Site    86 dN/dS =      1.00000 Full Log(L) =      0.00000 LRT =      0.00000 p-value =      1.00000
Site    87 dN/dS =      1.00000 Full Log(L) =      0.00000 LRT =      0.00000 p-value =      1.00000
Site    88 dN/dS =      1.00000 Full Log(L) =      0.00000 LRT =      0.00000 p-value =      1.00000
Site    89 dN/dS =      1.00000 Full Log(L) =      0.00000 LRT =      0.00000 p-value =      1.00000
Site    90 dN/dS =      1.00000 Full Log(L) =      0.00000 LRT =      0.00000 p-value =      1.00000
Site    91 dN/dS =      1.00000 Full Log(L) =      0.00000 LRT =      0.00000 p-value =      1.00000
Site    92 dN/dS =      0.00000 Full Log(L) =     -8.62709 LRT =      1.06952 p-value =      0.15053
Site    93 dN/dS =      1.00000 Full Log(L) =      0.00000 LRT =      0.00000 p-value =      1.00000
Site    94 dN/dS =      0.00000 Full Log(L) =     -8.61452 LRT =      1.18634 p-value =      0.13803
Site    95 dN/dS =      0.00000 Full Log(L) =    -10.70185 LRT =      0.97183 p-value =      0.16211
Site    96 dN/dS =      2.69390 Full Log(L) =    -10.21039 LRT =      0.71951 p-value =      0.19815
Site    97 dN/dS =      1.00000 Full Log(L) =      0.00000 LRT =      0.00000 p-value =      1.00000
Site    98 dN/dS =      1.00000 Full Log(L) =      0.00000 LRT =      0.00000 p-value =      1.00000
Site    99 dN/dS =      1.00000 Full Log(L) =      0.00000 LRT =      0.00000 p-value =      1.00000
Site   100 dN/dS =      1.00000 Full Log(L) =      0.00000 LRT =      0.00000 p-value =      1.00000
Site   101 dN/dS =      1.00000 Full Log(L) =      0.00000 LRT =      0.00000 p-value =      1.00000
Site   102 dN/dS =      1.00000 Full Log(L) =      0.00000 LRT =      0.00000 p-value =      1.00000
Site   103 dN/dS =      1.00000 Full Log(L) =      0.00000 LRT =      0.00000 p-value =      1.00000
Site   104 dN/dS =      0.00000 Full Log(L) =    -10.74423 LRT =      0.99546 p-value =      0.15921
Site   105 dN/dS =      0.00000 Full Log(L) =     -9.63019 LRT =      1.07843 p-value =      0.14952
Site   106 dN/dS =      1.00000 Full Log(L) =      0.00000 LRT =      0.00000 p-value =      1.00000
Site   107 dN/dS =      1.00000 Full Log(L) =      0.00000 LRT =      0.00000 p-value =      1.00000
Site   108 dN/dS =      1.00000 Full Log(L) =      0.00000 LRT =      0.00000 p-value =      1.00000
Site   109 dN/dS =      0.00000 Full Log(L) =     -9.56876 LRT =      1.07837 p-value =      0.14953
Site   110 dN/dS =      1.00000 Full Log(L) =      0.00000 LRT =      0.00000 p-value =      1.00000
Site   111 dN/dS =      1.00000 Full Log(L) =      0.00000 LRT =      0.00000 p-value =      1.00000
Site   112 dN/dS =      0.00000 Full Log(L) =     -8.60046 LRT =      1.05968 p-value =      0.15164
Site   113 dN/dS =      1.00000 Full Log(L) =      0.00000 LRT =      0.00000 p-value =      1.00000
Site   114 dN/dS =      1.00000 Full Log(L) =      0.00000 LRT =      0.00000 p-value =      1.00000
Site   115 dN/dS =      1.00000 Full Log(L) =      0.00000 LRT =      0.00000 p-value =      1.00000
Site   116 dN/dS =      1.00000 Full Log(L) =      0.00000 LRT =      0.00000 p-value =      1.00000
Site   117 dN/dS =      1.00000 Full Log(L) =      0.00000 LRT =      0.00000 p-value =      1.00000
Site   118 dN/dS =      1.00000 Full Log(L) =      0.00000 LRT =      0.00000 p-value =      1.00000
Site   119 dN/dS =      1.00000 Full Log(L) =      0.00000 LRT =      0.00000 p-value =      1.00000
Site   120 dN/dS =      1.00000 Full Log(L) =      0.00000 LRT =      0.00000 p-value =      1.00000
Site   121 dN/dS =      1.00000 Full Log(L) =      0.00000 LRT =      0.00000 p-value =      1.00000
Site   122 dN/dS =      1.00000 Full Log(L) =      0.00000 LRT =      0.00000 p-value =      1.00000
Site   123 dN/dS =      1.00000 Full Log(L) =      0.00000 LRT =      0.00000 p-value =      1.00000
Site   124 dN/dS =      1.00000 Full Log(L) =      0.00000 LRT =      0.00000 p-value =      1.00000
Site   125 dN/dS =      1.00000 Full Log(L) =      0.00000 LRT =      0.00000 p-value =      1.00000
Site   126 dN/dS =      1.00000 Full Log(L) =      0.00000 LRT =      0.00000 p-value =      1.00000
Site   127 dN/dS =      1.00000 Full Log(L) =      0.00000 LRT =      0.00000 p-value =      1.00000
Site   128 dN/dS =      1.00000 Full Log(L) =      0.00000 LRT =      0.00000 p-value =      1.00000
Site   129 dN/dS =      1.00000 Full Log(L) =      0.00000 LRT =      0.00000 p-value =      1.00000
Site   130 dN/dS =      1.00000 Full Log(L) =      0.00000 LRT =      0.00000 p-value =      1.00000
Site   131 dN/dS =      1.00000 Full Log(L) =      0.00000 LRT =      0.00000 p-value =      1.00000
Site   132 dN/dS =      1.00000 Full Log(L) =      0.00000 LRT =      0.00000 p-value =      1.00000
Site   133 dN/dS =      0.00000 Full Log(L) =    -10.73802 LRT =      0.98341 p-value =      0.16068
Site   134 dN/dS =      0.00000 Full Log(L) =    -13.08987 LRT =      0.59971 p-value =      0.21934
Site   135 dN/dS =      0.00000 Full Log(L) =    -10.25101 LRT =      1.07860 p-value =      0.14951
Site   136 dN/dS =      1.00000 Full Log(L) =      0.00000 LRT =      0.00000 p-value =      1.00000
Site   137 dN/dS =      4.36024 Full Log(L) =    -13.99974 LRT =      2.78035 p-value =      0.04771 *P
Site   138 dN/dS =      1.93596 Full Log(L) =    -17.09126 LRT =      0.35016 p-value =      0.27701
Site   139 dN/dS =      0.00000 Full Log(L) =     -8.71280 LRT =      1.07800 p-value =      0.14957
Site   140 dN/dS =      5.65341 Full Log(L) =    -17.27423 LRT =      5.38278 p-value =      0.01017 *P
Site   141 dN/dS =      1.00000 Full Log(L) =      0.00000 LRT =      0.00000 p-value =      1.00000
Site   142 dN/dS =      1.90298 Full Log(L) =    -12.42732 LRT =      0.33519 p-value =      0.28131
Site   143 dN/dS =      1.00000 Full Log(L) =      0.00000 LRT =      0.00000 p-value =      1.00000
Site   144 dN/dS =      1.00000 Full Log(L) =      0.00000 LRT =      0.00000 p-value =      1.00000
Site   145 dN/dS =      1.00000 Full Log(L) =      0.00000 LRT =      0.00000 p-value =      1.00000
Site   146 dN/dS =      1.00000 Full Log(L) =      0.00000 LRT =      0.00000 p-value =      1.00000
Site   147 dN/dS =      1.00000 Full Log(L) =      0.00000 LRT =      0.00000 p-value =      1.00000
Site   148 dN/dS =      1.00000 Full Log(L) =      0.00000 LRT =      0.00000 p-value =      1.00000
Site   149 dN/dS =      1.00000 Full Log(L) =      0.00000 LRT =      0.00000 p-value =      1.00000
Site   150 dN/dS =      1.00000 Full Log(L) =      0.00000 LRT =      0.00000 p-value =      1.00000
Site   151 dN/dS =      1.00000 Full Log(L) =      0.00000 LRT =      0.00000 p-value =      1.00000
Site   152 dN/dS =      1.00000 Full Log(L) =      0.00000 LRT =      0.00000 p-value =      1.00000
Site   153 dN/dS =      0.00000 Full Log(L) =     -3.94713 LRT =      0.82674 p-value =      0.18161
Site   154 dN/dS =      8.02534 Full Log(L) =    -30.26892 LRT =      9.53165 p-value =      0.00101 *P
Site   155 dN/dS =      1.00000 Full Log(L) =      0.00000 LRT =      0.00000 p-value =      1.00000
Site   156 dN/dS =      1.00000 Full Log(L) =      0.00000 LRT =      0.00000 p-value =      1.00000
Site   157 dN/dS =      0.00000 Full Log(L) =    -15.78508 LRT =      1.16845 p-value =      0.13986
Site   158 dN/dS =      1.00000 Full Log(L) =      0.00000 LRT =      0.00000 p-value =      1.00000
Site   159 dN/dS =      1.00000 Full Log(L) =      0.00000 LRT =      0.00000 p-value =      1.00000
Site   160 dN/dS =      1.00000 Full Log(L) =      0.00000 LRT =      0.00000 p-value =      1.00000
Site   161 dN/dS =      1.90452 Full Log(L) =    -11.17021 LRT =      0.33591 p-value =      0.28110
Site   162 dN/dS =      1.00000 Full Log(L) =      0.00000 LRT =      0.00000 p-value =      1.00000
Site   163 dN/dS =      1.00000 Full Log(L) =      0.00000 LRT =      0.00000 p-value =      1.00000
Site   164 dN/dS =      1.00000 Full Log(L) =      0.00000 LRT =      0.00000 p-value =      1.00000
Site   165 dN/dS =      1.00000 Full Log(L) =      0.00000 LRT =      0.00000 p-value =      1.00000
Site   166 dN/dS =      1.00000 Full Log(L) =      0.00000 LRT =      0.00000 p-value =      1.00000
Site   167 dN/dS =      1.00000 Full Log(L) =      0.00000 LRT =      0.00000 p-value =      1.00000
Site   168 dN/dS =      1.00000 Full Log(L) =      0.00000 LRT =      0.00000 p-value =      1.00000
Site   169 dN/dS =      1.00000 Full Log(L) =      0.00000 LRT =      0.00000 p-value =      1.00000
Site   170 dN/dS =      1.00000 Full Log(L) =      0.00000 LRT =      0.00000 p-value =      1.00000
Site   171 dN/dS =      1.00000 Full Log(L) =      0.00000 LRT =      0.00000 p-value =      1.00000
Site   172 dN/dS =      4.25269 Full Log(L) =    -17.13504 LRT =      2.69697 p-value =      0.05027 *P
Site   173 dN/dS =      7.15232 Full Log(L) =    -13.77922 LRT =      4.38418 p-value =      0.01814 *P
Site   174 dN/dS =      3.80252 Full Log(L) =    -15.50021 LRT =      2.36717 p-value =      0.06196 *P
Site   175 dN/dS =      1.00000 Full Log(L) =      0.00000 LRT =      0.00000 p-value =      1.00000
Site   176 dN/dS =      1.00000 Full Log(L) =      0.00000 LRT =      0.00000 p-value =      1.00000
Site   177 dN/dS =      1.00000 Full Log(L) =      0.00000 LRT =      0.00000 p-value =      1.00000
Site   178 dN/dS =      0.00000 Full Log(L) =    -12.67653 LRT =      1.00949 p-value =      0.15751
Site   179 dN/dS =      1.89067 Full Log(L) =    -15.75159 LRT =      0.32971 p-value =      0.28291
Site   180 dN/dS =      1.00000 Full Log(L) =      0.00000 LRT =      0.00000 p-value =      1.00000
Site   181 dN/dS =      0.00000 Full Log(L) =     -8.53202 LRT =      1.05963 p-value =      0.15165
Site   182 dN/dS =      0.00000 Full Log(L) =    -10.15870 LRT =      0.99546 p-value =      0.15921
Site   183 dN/dS =      1.00000 Full Log(L) =      0.00000 LRT =      0.00000 p-value =      1.00000
Site   184 dN/dS =      1.00000 Full Log(L) =      0.00000 LRT =      0.00000 p-value =      1.00000
Site   185 dN/dS =      1.00000 Full Log(L) =      0.00000 LRT =      0.00000 p-value =      1.00000
Site   186 dN/dS =      1.00000 Full Log(L) =      0.00000 LRT =      0.00000 p-value =      1.00000
Site   187 dN/dS =      1.89480 Full Log(L) =     -8.78767 LRT =      0.33120 p-value =      0.28248
Site   188 dN/dS =      1.71584 Full Log(L) =    -15.41263 LRT =      0.24361 p-value =      0.31081
Site   189 dN/dS =      1.00000 Full Log(L) =      0.00000 LRT =      0.00000 p-value =      1.00000
Site   190 dN/dS =      1.00000 Full Log(L) =      0.00000 LRT =      0.00000 p-value =      1.00000
Site   191 dN/dS =      1.00000 Full Log(L) =      0.00000 LRT =      0.00000 p-value =      1.00000
Site   192 dN/dS =      1.00000 Full Log(L) =      0.00000 LRT =      0.00000 p-value =      1.00000
Site   193 dN/dS =      1.00000 Full Log(L) =      0.00000 LRT =      0.00000 p-value =      1.00000
Site   194 dN/dS =      1.00000 Full Log(L) =      0.00000 LRT =      0.00000 p-value =      1.00000
Site   195 dN/dS =      1.00000 Full Log(L) =      0.00000 LRT =      0.00000 p-value =      1.00000
Site   196 dN/dS =      1.00000 Full Log(L) =      0.00000 LRT =      0.00000 p-value =      1.00000
Site   197 dN/dS =      1.00000 Full Log(L) =      0.00000 LRT =      0.00000 p-value =      1.00000
Site   198 dN/dS =      1.00000 Full Log(L) =      0.00000 LRT =      0.00000 p-value =      1.00000
Site   199 dN/dS =      1.00000 Full Log(L) =      0.00000 LRT =      0.00000 p-value =      1.00000
Site   200 dN/dS =      1.00000 Full Log(L) =      0.00000 LRT =      0.00000 p-value =      1.00000
Site   201 dN/dS =      1.00000 Full Log(L) =      0.00000 LRT =      0.00000 p-value =      1.00000
Site   202 dN/dS =      1.00000 Full Log(L) =      0.00000 LRT =      0.00000 p-value =      1.00000
Site   203 dN/dS =      0.00000 Full Log(L) =    -16.43865 LRT =      0.98341 p-value =      0.16068
Site   204 dN/dS =      1.00000 Full Log(L) =      0.00000 LRT =      0.00000 p-value =      1.00000
Site   205 dN/dS =      1.00000 Full Log(L) =      0.00000 LRT =      0.00000 p-value =      1.00000
Site   206 dN/dS =      0.00000 Full Log(L) =     -3.90621 LRT =      1.15481 p-value =      0.14127
Site   207 dN/dS =      1.00000 Full Log(L) =      0.00000 LRT =      0.00000 p-value =      1.00000
Site   208 dN/dS =      2.07908 Full Log(L) =    -11.73996 LRT =      0.42293 p-value =      0.25774
Site   209 dN/dS =      1.00000 Full Log(L) =      0.00000 LRT =      0.00000 p-value =      1.00000
Site   210 dN/dS =      1.00000 Full Log(L) =      0.00000 LRT =      0.00000 p-value =      1.00000
Site   211 dN/dS =      1.00000 Full Log(L) =      0.00000 LRT =      0.00000 p-value =      1.00000
Site   212 dN/dS =      2.02867 Full Log(L) =    -14.19972 LRT =      0.39773 p-value =      0.26413
Site   213 dN/dS =      2.88340 Full Log(L) =     -8.88327 LRT =      0.80596 p-value =      0.18466
Site   214 dN/dS =      1.00000 Full Log(L) =      0.00000 LRT =      0.00000 p-value =      1.00000
Site   215 dN/dS =      1.00000 Full Log(L) =      0.00000 LRT =      0.00000 p-value =      1.00000
Site   216 dN/dS =      1.00000 Full Log(L) =      0.00000 LRT =      0.00000 p-value =      1.00000
Site   217 dN/dS =      1.92943 Full Log(L) =     -9.52752 LRT =      0.34832 p-value =      0.27753
Site   218 dN/dS =      1.00000 Full Log(L) =      0.00000 LRT =      0.00000 p-value =      1.00000
Site   219 dN/dS =      1.00000 Full Log(L) =      0.00000 LRT =      0.00000 p-value =      1.00000
Site   220 dN/dS =      1.00000 Full Log(L) =      0.00000 LRT =      0.00000 p-value =      1.00000
Site   221 dN/dS =      1.00000 Full Log(L) =      0.00000 LRT =      0.00000 p-value =      1.00000
Site   222 dN/dS =      1.00000 Full Log(L) =      0.00000 LRT =      0.00000 p-value =      1.00000
Site   223 dN/dS =      1.00000 Full Log(L) =      0.00000 LRT =      0.00000 p-value =      1.00000
Site   224 dN/dS =      1.00000 Full Log(L) =      0.00000 LRT =      0.00000 p-value =      1.00000
Site   225 dN/dS =      1.62496 Full Log(L) =    -10.39031 LRT =      0.20051 p-value =      0.32716
Site   226 dN/dS =      1.00000 Full Log(L) =      0.00000 LRT =      0.00000 p-value =      1.00000
Site   227 dN/dS =      1.00000 Full Log(L) =      0.00000 LRT =      0.00000 p-value =      1.00000
Site   228 dN/dS =      1.00000 Full Log(L) =      0.00000 LRT =      0.00000 p-value =      1.00000
Site   229 dN/dS =      1.00000 Full Log(L) =      0.00000 LRT =      0.00000 p-value =      1.00000
Site   230 dN/dS =      1.00000 Full Log(L) =      0.00000 LRT =      0.00000 p-value =      1.00000
Site   231 dN/dS =      0.00000 Full Log(L) =    -10.16895 LRT =      1.00949 p-value =      0.15751
Site   232 dN/dS =      1.81078 Full Log(L) =     -8.27474 LRT =      0.28989 p-value =      0.29515
Site   233 dN/dS =      1.00000 Full Log(L) =      0.00000 LRT =      0.00000 p-value =      1.00000
Site   234 dN/dS =      0.00000 Full Log(L) =    -16.13050 LRT =      1.18454 p-value =      0.13822
Site   235 dN/dS =      4.88642 Full Log(L) =    -18.83292 LRT =      3.13564 p-value =      0.03830 *P
Site   236 dN/dS =      1.00000 Full Log(L) =      0.00000 LRT =      0.00000 p-value =      1.00000
Site   237 dN/dS =      0.00000 Full Log(L) =    -10.69993 LRT =      1.00949 p-value =      0.15751
Site   238 dN/dS =      1.00000 Full Log(L) =      0.00000 LRT =      0.00000 p-value =      1.00000
Site   239 dN/dS =      0.00000 Full Log(L) =     -9.59080 LRT =      0.99546 p-value =      0.15921
Site   240 dN/dS =      0.00000 Full Log(L) =     -9.20752 LRT =      1.18730 p-value =      0.13794
Site   241 dN/dS =      0.00000 Full Log(L) =     -9.72677 LRT =      1.18634 p-value =      0.13803
Site   242 dN/dS =      5.41346 Full Log(L) =    -24.77101 LRT =      2.68448 p-value =      0.05067 *P
Site   243 dN/dS =      1.00000 Full Log(L) =      0.00000 LRT =      0.00000 p-value =      1.00000
Site   244 dN/dS =      0.00000 Full Log(L) =     -8.81072 LRT =      1.24194 p-value =      0.13255
Site   245 dN/dS =      3.37720 Full Log(L) =    -16.72711 LRT =      1.04960 p-value =      0.15280
Site   246 dN/dS =      1.00000 Full Log(L) =      0.00000 LRT =      0.00000 p-value =      1.00000
Site   247 dN/dS =      1.00000 Full Log(L) =      0.00000 LRT =      0.00000 p-value =      1.00000
Site   248 dN/dS =      1.00000 Full Log(L) =      0.00000 LRT =      0.00000 p-value =      1.00000
Site   249 dN/dS =      2.43537 Full Log(L) =    -10.81855 LRT =      0.59669 p-value =      0.21992
Site   250 dN/dS =      1.00000 Full Log(L) =      0.00000 LRT =      0.00000 p-value =      1.00000
Site   251 dN/dS =      1.00000 Full Log(L) =      0.00000 LRT =      0.00000 p-value =      1.00000
Site   252 dN/dS =      1.00000 Full Log(L) =      0.00000 LRT =      0.00000 p-value =      1.00000
Site   253 dN/dS =      1.00000 Full Log(L) =      0.00000 LRT =      0.00000 p-value =      1.00000
Site   254 dN/dS =      1.00000 Full Log(L) =      0.00000 LRT =      0.00000 p-value =      1.00000
Site   255 dN/dS =      1.00000 Full Log(L) =      0.00000 LRT =      0.00000 p-value =      1.00000
Site   256 dN/dS =      1.00000 Full Log(L) =      0.00000 LRT =      0.00000 p-value =      1.00000
Site   257 dN/dS =      1.00000 Full Log(L) =      0.00000 LRT =      0.00000 p-value =      1.00000
Site   258 dN/dS =      1.00000 Full Log(L) =      0.00000 LRT =      0.00000 p-value =      1.00000
Site   259 dN/dS =      1.00000 Full Log(L) =      0.00000 LRT =      0.00000 p-value =      1.00000
Site   260 dN/dS =      1.00000 Full Log(L) =      0.00000 LRT =      0.00000 p-value =      1.00000
Site   261 dN/dS =      1.00000 Full Log(L) =      0.00000 LRT =      0.00000 p-value =      1.00000
Site   262 dN/dS =      5.99584 Full Log(L) =    -30.27827 LRT =      5.64291 p-value =      0.00876 *P
Site   263 dN/dS =      1.00000 Full Log(L) =      0.00000 LRT =      0.00000 p-value =      1.00000
Site   264 dN/dS =      4.16069 Full Log(L) =    -15.74015 LRT =      2.63881 p-value =      0.05214 *P
Site   265 dN/dS =      1.00000 Full Log(L) =      0.00000 LRT =      0.00000 p-value =      1.00000
Site   266 dN/dS =      1.00000 Full Log(L) =      0.00000 LRT =      0.00000 p-value =      1.00000
Site   267 dN/dS =      0.00000 Full Log(L) =    -11.07377 LRT =      0.59766 p-value =      0.21974
Site   268 dN/dS =      1.00000 Full Log(L) =      0.00000 LRT =      0.00000 p-value =      1.00000
Site   269 dN/dS =      1.00000 Full Log(L) =      0.00000 LRT =      0.00000 p-value =      1.00000
Site   270 dN/dS =      1.00000 Full Log(L) =      0.00000 LRT =      0.00000 p-value =      1.00000
Site   271 dN/dS =      0.00000 Full Log(L) =     -9.70812 LRT =      1.00957 p-value =      0.15750
Site   272 dN/dS =      1.00000 Full Log(L) =      0.00000 LRT =      0.00000 p-value =      1.00000
Site   273 dN/dS =      1.00000 Full Log(L) =      0.00000 LRT =      0.00000 p-value =      1.00000
Site   274 dN/dS =      1.00000 Full Log(L) =      0.00000 LRT =      0.00000 p-value =      1.00000
Site   275 dN/dS =      1.00000 Full Log(L) =      0.00000 LRT =      0.00000 p-value =      1.00000
Site   276 dN/dS =      3.97166 Full Log(L) =    -16.92648 LRT =      2.49763 p-value =      0.05701 *P
Site   277 dN/dS =      0.00000 Full Log(L) =     -9.85704 LRT =      0.69656 p-value =      0.20197
Site   278 dN/dS =      1.90455 Full Log(L) =    -10.65853 LRT =      0.33593 p-value =      0.28109
Site   279 dN/dS =      1.00000 Full Log(L) =      0.00000 LRT =      0.00000 p-value =      1.00000
Site   280 dN/dS =      2.05840 Full Log(L) =    -10.62584 LRT =      0.41190 p-value =      0.26050
Site   281 dN/dS =      1.00000 Full Log(L) =      0.00000 LRT =      0.00000 p-value =      1.00000
Site   282 dN/dS =      0.00000 Full Log(L) =    -12.33398 LRT =      0.73551 p-value =      0.19555
Site   283 dN/dS =      1.00000 Full Log(L) =      0.00000 LRT =      0.00000 p-value =      1.00000
Site   284 dN/dS =      1.00000 Full Log(L) =      0.00000 LRT =      0.00000 p-value =      1.00000
Site   285 dN/dS =      0.00000 Full Log(L) =     -8.89392 LRT =      1.18657 p-value =      0.13801
Site   286 dN/dS =      1.00000 Full Log(L) =      0.00000 LRT =      0.00000 p-value =      1.00000
Site   287 dN/dS =      1.00000 Full Log(L) =      0.00000 LRT =      0.00000 p-value =      1.00000
Site   288 dN/dS =      1.00000 Full Log(L) =      0.00000 LRT =      0.00000 p-value =      1.00000
Site   289 dN/dS =      0.00000 Full Log(L) =    -11.36506 LRT =      1.00949 p-value =      0.15751
Site   290 dN/dS =      1.00000 Full Log(L) =      0.00000 LRT =      0.00000 p-value =      1.00000
Site   291 dN/dS =      3.86077 Full Log(L) =    -17.15986 LRT =      2.45062 p-value =      0.05874 *P
Site   292 dN/dS =      1.00000 Full Log(L) =      0.00000 LRT =      0.00000 p-value =      1.00000
Site   293 dN/dS =      1.00000 Full Log(L) =      0.00000 LRT =      0.00000 p-value =      1.00000
Site   294 dN/dS =      1.68364 Full Log(L) =     -8.85397 LRT =      0.22827 p-value =      0.31640
Site   295 dN/dS =      1.00000 Full Log(L) =      0.00000 LRT =      0.00000 p-value =      1.00000
Site   296 dN/dS =      1.00000 Full Log(L) =      0.00000 LRT =      0.00000 p-value =      1.00000
Site   297 dN/dS =      1.00000 Full Log(L) =      0.00000 LRT =      0.00000 p-value =      1.00000
Site   298 dN/dS =      1.00000 Full Log(L) =      0.00000 LRT =      0.00000 p-value =      1.00000
Site   299 dN/dS =      0.00000 Full Log(L) =     -9.08274 LRT =      0.98341 p-value =      0.16068
Site   300 dN/dS =      0.00000 Full Log(L) =    -11.77049 LRT =      1.00949 p-value =      0.15751
Site   301 dN/dS =      1.00000 Full Log(L) =      0.00000 LRT =      0.00000 p-value =      1.00000
Site   302 dN/dS =      1.00000 Full Log(L) =      0.00000 LRT =      0.00000 p-value =      1.00000
Site   303 dN/dS =      1.00000 Full Log(L) =      0.00000 LRT =      0.00000 p-value =      1.00000
Site   304 dN/dS =      0.00000 Full Log(L) =     -9.86727 LRT =      0.95906 p-value =      0.16371
Site   305 dN/dS =      1.00000 Full Log(L) =      0.00000 LRT =      0.00000 p-value =      1.00000
Site   306 dN/dS =      1.00000 Full Log(L) =      0.00000 LRT =      0.00000 p-value =      1.00000
Site   307 dN/dS =      1.00000 Full Log(L) =      0.00000 LRT =      0.00000 p-value =      1.00000
Site   308 dN/dS =      1.00000 Full Log(L) =      0.00000 LRT =      0.00000 p-value =      1.00000
Site   309 dN/dS =      1.00000 Full Log(L) =      0.00000 LRT =      0.00000 p-value =      1.00000
Site   310 dN/dS =      1.00000 Full Log(L) =      0.00000 LRT =      0.00000 p-value =      1.00000
Site   311 dN/dS =      1.00000 Full Log(L) =      0.00000 LRT =      0.00000 p-value =      1.00000
Site   312 dN/dS =      1.00000 Full Log(L) =      0.00000 LRT =      0.00000 p-value =      1.00000
Site   313 dN/dS =      2.01069 Full Log(L) =    -13.19260 LRT =      0.38903 p-value =      0.26640
Site   314 dN/dS =      1.00000 Full Log(L) =      0.00000 LRT =      0.00000 p-value =      1.00000
Site   315 dN/dS =      1.00000 Full Log(L) =      0.00000 LRT =      0.00000 p-value =      1.00000
Site   316 dN/dS =      0.00000 Full Log(L) =    -11.73029 LRT =      0.95887 p-value =      0.16374
Site   317 dN/dS =      0.00000 Full Log(L) =    -11.31675 LRT =      0.98341 p-value =      0.16068
Site   318 dN/dS =      1.00000 Full Log(L) =      0.00000 LRT =      0.00000 p-value =      1.00000
Site   319 dN/dS =      0.00000 Full Log(L) =    -10.40526 LRT =      1.18632 p-value =      0.13804
Site   320 dN/dS =      1.86810 Full Log(L) =    -16.82441 LRT =      0.31856 p-value =      0.28624
Site   321 dN/dS =      0.00000 Full Log(L) =     -9.09167 LRT =      1.06973 p-value =      0.15050
Site   322 dN/dS =      1.00000 Full Log(L) =      0.00000 LRT =      0.00000 p-value =      1.00000
Site   323 dN/dS =      1.00000 Full Log(L) =      0.00000 LRT =      0.00000 p-value =      1.00000
Site   324 dN/dS =      1.00000 Full Log(L) =      0.00000 LRT =      0.00000 p-value =      1.00000
Site   325 dN/dS =      2.02812 Full Log(L) =     -9.34126 LRT =      0.39757 p-value =      0.26417
Site   326 dN/dS =      1.00000 Full Log(L) =      0.00000 LRT =      0.00000 p-value =      1.00000
Site   327 dN/dS =      1.00000 Full Log(L) =      0.00000 LRT =      0.00000 p-value =      1.00000
Site   328 dN/dS =      1.00000 Full Log(L) =      0.00000 LRT =      0.00000 p-value =      1.00000
Site   329 dN/dS =      0.00000 Full Log(L) =    -11.58628 LRT =      0.98341 p-value =      0.16068
Site   330 dN/dS =      1.00000 Full Log(L) =      0.00000 LRT =      0.00000 p-value =      1.00000
Site   331 dN/dS =      0.00000 Full Log(L) =    -13.00490 LRT =      0.98206 p-value =      0.16085
Site   332 dN/dS =      1.00000 Full Log(L) =      0.00000 LRT =      0.00000 p-value =      1.00000
Site   333 dN/dS =      1.00000 Full Log(L) =      0.00000 LRT =      0.00000 p-value =      1.00000
Site   334 dN/dS =      1.00000 Full Log(L) =      0.00000 LRT =      0.00000 p-value =      1.00000
Site   335 dN/dS =      1.00000 Full Log(L) =      0.00000 LRT =      0.00000 p-value =      1.00000
Site   336 dN/dS =      1.00000 Full Log(L) =      0.00000 LRT =      0.00000 p-value =      1.00000
Site   337 dN/dS =      1.00000 Full Log(L) =      0.00000 LRT =      0.00000 p-value =      1.00000
Site   338 dN/dS =      1.00000 Full Log(L) =      0.00000 LRT =      0.00000 p-value =      1.00000
Site   339 dN/dS =      1.00000 Full Log(L) =      0.00000 LRT =      0.00000 p-value =      1.00000
Site   340 dN/dS =      1.00000 Full Log(L) =      0.00000 LRT =      0.00000 p-value =      1.00000
Site   341 dN/dS =      1.00000 Full Log(L) =      0.00000 LRT =      0.00000 p-value =      1.00000
Site   342 dN/dS =      1.00000 Full Log(L) =      0.00000 LRT =      0.00000 p-value =      1.00000
Site   343 dN/dS =      1.00000 Full Log(L) =      0.00000 LRT =      0.00000 p-value =      1.00000
Site   344 dN/dS =      1.00000 Full Log(L) =      0.00000 LRT =      0.00000 p-value =      1.00000
Site   345 dN/dS =      1.00000 Full Log(L) =      0.00000 LRT =      0.00000 p-value =      1.00000
Site   346 dN/dS =      0.00000 Full Log(L) =     -4.37218 LRT =      0.80176 p-value =      0.18528
Site   347 dN/dS =      0.00000 Full Log(L) =     -3.67073 LRT =      0.79046 p-value =      0.18698
Site   348 dN/dS =      0.00000 Full Log(L) =     -8.92025 LRT =      0.65590 p-value =      0.20901
Site   349 dN/dS =      0.00000 Full Log(L) =     -4.37218 LRT =      0.80176 p-value =      0.18528
Site   350 dN/dS =      0.00000 Full Log(L) =     -4.28153 LRT =      0.72877 p-value =      0.19664
Site   351 dN/dS =      0.00000 Full Log(L) =     -4.02923 LRT =      0.64823 p-value =      0.21037
Site   352 dN/dS =      0.00000 Full Log(L) =     -4.28153 LRT =      0.72877 p-value =      0.19664
Site   353 dN/dS =      0.00000 Full Log(L) =     -4.32103 LRT =      0.80176 p-value =      0.18528
Site   354 dN/dS =      0.00000 Full Log(L) =     -4.32541 LRT =      0.65687 p-value =      0.20883
Site   355 dN/dS =      0.00000 Full Log(L) =     -3.67073 LRT =      0.79046 p-value =      0.18698
Site   356 dN/dS =      0.00000 Full Log(L) =    -10.82182 LRT =      0.72895 p-value =      0.19661
Site   357 dN/dS =      0.00000 Full Log(L) =     -3.56641 LRT =      0.71664 p-value =      0.19862
Site   358 dN/dS =      0.00000 Full Log(L) =     -4.32103 LRT =      0.80176 p-value =      0.18528
Site   359 dN/dS =      0.00000 Full Log(L) =     -4.49721 LRT =      0.45489 p-value =      0.25001
Site   360 dN/dS =      0.00000 Full Log(L) =     -4.07612 LRT =      0.72906 p-value =      0.19659
Site   361 dN/dS =      0.00000 Full Log(L) =     -4.08480 LRT =      0.75344 p-value =      0.19270
Site   362 dN/dS =      0.00000 Full Log(L) =     -4.07950 LRT =      0.99550 p-value =      0.15920
Site   363 dN/dS =      0.00000 Full Log(L) =     -3.99461 LRT =      0.67275 p-value =      0.20605
Site   364 dN/dS =      0.00000 Full Log(L) =     -3.85051 LRT =      0.78081 p-value =      0.18845
Site   365 dN/dS =      0.00000 Full Log(L) =     -4.32103 LRT =      0.80176 p-value =      0.18528
Site   366 dN/dS =      0.00000 Full Log(L) =     -4.49721 LRT =      0.45489 p-value =      0.25001
Site   367 dN/dS =      0.00000 Full Log(L) =     -3.94509 LRT =      0.56024 p-value =      0.22708
Site   368 dN/dS =      0.00000 Full Log(L) =     -4.32103 LRT =      0.80176 p-value =      0.18528
Site   369 dN/dS =      0.00000 Full Log(L) =     -4.32541 LRT =      0.65687 p-value =      0.20883
Site   370 dN/dS =      0.00000 Full Log(L) =     -4.33006 LRT =      0.80375 p-value =      0.18499
Site   371 dN/dS =      0.00000 Full Log(L) =     -4.28245 LRT =      0.73423 p-value =      0.19576
Site   372 dN/dS =      0.00000 Full Log(L) =     -9.92057 LRT =      0.50831 p-value =      0.23794
Site   373 dN/dS =      0.00000 Full Log(L) =     -3.56641 LRT =      0.71664 p-value =      0.19862
Site   374 dN/dS =      0.00000 Full Log(L) =     -4.61235 LRT =      0.61055 p-value =      0.21729
Site   375 dN/dS =      0.00000 Full Log(L) =     -4.07612 LRT =      0.72906 p-value =      0.19659
Site   376 dN/dS =      0.00000 Full Log(L) =     -4.37218 LRT =      0.80176 p-value =      0.18528
Site   377 dN/dS =      0.00000 Full Log(L) =     -4.04859 LRT =      0.66461 p-value =      0.20747
Site   378 dN/dS =      0.00000 Full Log(L) =     -4.08480 LRT =      0.75344 p-value =      0.19270
Site   379 dN/dS =      0.00000 Full Log(L) =     -4.04794 LRT =      0.50872 p-value =      0.23785
Site   380 dN/dS =      0.00000 Full Log(L) =    -10.09751 LRT =      0.72877 p-value =      0.19664
Site   381 dN/dS =      0.00000 Full Log(L) =    -10.84602 LRT =      0.72877 p-value =      0.19664
Site   382 dN/dS =      0.00000 Full Log(L) =     -3.79935 LRT =      0.78080 p-value =      0.18845
Site   383 dN/dS =      0.00000 Full Log(L) =     -4.71395 LRT =      0.62618 p-value =      0.21438
Site   384 dN/dS =      0.00000 Full Log(L) =     -3.33190 LRT =      0.66488 p-value =      0.20742
Site   385 dN/dS =      0.00000 Full Log(L) =     -4.08807 LRT =      0.83993 p-value =      0.17971
Site   386 dN/dS =      0.00000 Full Log(L) =     -4.28482 LRT =      0.66461 p-value =      0.20747
Site   387 dN/dS =      0.00000 Full Log(L) =     -4.04794 LRT =      0.50872 p-value =      0.23785
Site   388 dN/dS =      0.00000 Full Log(L) =     -4.28153 LRT =      0.72877 p-value =      0.19664
Site   389 dN/dS =      0.00000 Full Log(L) =     -4.28153 LRT =      0.72877 p-value =      0.19664
Site   390 dN/dS =      0.00000 Full Log(L) =     -4.02923 LRT =      0.64823 p-value =      0.21037
Site   391 dN/dS =      0.00000 Full Log(L) =     -8.91085 LRT =      0.78020 p-value =      0.18854
Site   392 dN/dS =      0.00000 Full Log(L) =     -4.04794 LRT =      0.50872 p-value =      0.23785
Site   393 dN/dS =      0.00000 Full Log(L) =     -4.02923 LRT =      0.64823 p-value =      0.21037
Site   394 dN/dS =      0.00000 Full Log(L) =     -3.61756 LRT =      0.71664 p-value =      0.19862
Site   395 dN/dS =      0.00000 Full Log(L) =     -4.59609 LRT =      0.80175 p-value =      0.18528
Site   396 dN/dS =      0.00000 Full Log(L) =     -9.89917 LRT =      0.66471 p-value =      0.20745
Site   397 dN/dS =      0.00000 Full Log(L) =     -5.10003 LRT =      0.40412 p-value =      0.26249
Site   398 dN/dS =      0.00000 Full Log(L) =     -3.56641 LRT =      0.71664 p-value =      0.19862
Site   399 dN/dS =      0.00000 Full Log(L) =     -8.81689 LRT =      0.80103 p-value =      0.18539
Site   400 dN/dS =      0.00000 Full Log(L) =     -4.11497 LRT =      0.38709 p-value =      0.26692
Site   401 dN/dS =      6.33989 Full Log(L) =    -18.65985 LRT =      3.97281 p-value =      0.02312 *P
Site   402 dN/dS =      0.00000 Full Log(L) =     -4.07612 LRT =      0.72906 p-value =      0.19659
Site   403 dN/dS =      0.00000 Full Log(L) =     -3.33190 LRT =      0.66488 p-value =      0.20742
Site   404 dN/dS =      0.00000 Full Log(L) =     -4.55988 LRT =      0.66461 p-value =      0.20747
Site   405 dN/dS =      0.00000 Full Log(L) =     -3.61756 LRT =      0.71664 p-value =      0.19862
Site   406 dN/dS =      0.00000 Full Log(L) =    -10.17739 LRT =      0.72890 p-value =      0.19662
Site   407 dN/dS =      0.00000 Full Log(L) =     -3.33190 LRT =      0.66488 p-value =      0.20742
Site   408 dN/dS =      0.00000 Full Log(L) =     -4.32541 LRT =      0.65687 p-value =      0.20883
Site   409 dN/dS =      0.00000 Full Log(L) =     -4.28245 LRT =      0.73423 p-value =      0.19576
Site   410 dN/dS =      0.00000 Full Log(L) =     -4.04794 LRT =      0.50872 p-value =      0.23785
Site   411 dN/dS =      0.00000 Full Log(L) =     -4.02923 LRT =      0.63908 p-value =      0.21202
Site   412 dN/dS =      0.00000 Full Log(L) =     -3.56484 LRT =      0.72903 p-value =      0.19660
Site   413 dN/dS =      0.00000 Full Log(L) =     -8.50442 LRT =      0.66421 p-value =      0.20754
Site   414 dN/dS =      0.00000 Full Log(L) =     -3.56484 LRT =      0.72903 p-value =      0.19660
Site   415 dN/dS =      0.00000 Full Log(L) =     -4.32541 LRT =      0.65687 p-value =      0.20883
Site   416 dN/dS =      0.00000 Full Log(L) =     -4.37612 LRT =      0.49464 p-value =      0.24093
Site   417 dN/dS =      0.00000 Full Log(L) =     -3.56484 LRT =      0.72903 p-value =      0.19660
Site   418 dN/dS =      0.00000 Full Log(L) =     -3.99461 LRT =      0.67275 p-value =      0.20605
Site   419 dN/dS =      0.00000 Full Log(L) =     -3.56484 LRT =      0.72903 p-value =      0.19660
Site   420 dN/dS =      0.00000 Full Log(L) =     -4.59609 LRT =      0.80175 p-value =      0.18528
Site   421 dN/dS =      0.00000 Full Log(L) =     -3.81879 LRT =      0.75541 p-value =      0.19238
Site   422 dN/dS =      0.00000 Full Log(L) =     -3.97808 LRT =      0.64823 p-value =      0.21037
Site   423 dN/dS =      0.00000 Full Log(L) =     -4.55922 LRT =      0.50875 p-value =      0.23784
Site   424 dN/dS =      0.00000 Full Log(L) =     -3.85051 LRT =      0.78081 p-value =      0.18845
Site   425 dN/dS =      0.00000 Full Log(L) =     -9.69195 LRT =      0.62618 p-value =      0.21438
Site   426 dN/dS =      0.00000 Full Log(L) =     -4.07612 LRT =      0.72906 p-value =      0.19659
Site   427 dN/dS =      0.00000 Full Log(L) =     -3.33190 LRT =      0.66488 p-value =      0.20742
Site   428 dN/dS =      0.00000 Full Log(L) =     -3.89394 LRT =      0.56024 p-value =      0.22708
Site   429 dN/dS =      0.00000 Full Log(L) =     -4.23085 LRT =      0.67275 p-value =      0.20605
Site   430 dN/dS =      0.00000 Full Log(L) =     -3.56484 LRT =      0.72903 p-value =      0.19660
Site   431 dN/dS =      0.00000 Full Log(L) =     -3.85051 LRT =      0.78081 p-value =      0.18845
Site   432 dN/dS =      0.00000 Full Log(L) =     -4.28482 LRT =      0.66461 p-value =      0.20747
Site   433 dN/dS =      0.00000 Full Log(L) =     -3.33190 LRT =      0.66488 p-value =      0.20742
Site   434 dN/dS =      0.00000 Full Log(L) =     -3.67073 LRT =      0.79046 p-value =      0.18698
Site   435 dN/dS =      0.00000 Full Log(L) =     -3.79935 LRT =      0.78080 p-value =      0.18845
Site   436 dN/dS =      0.00000 Full Log(L) =     -4.76510 LRT =      0.62618 p-value =      0.21438
Site   437 dN/dS =      0.00000 Full Log(L) =     -4.49721 LRT =      0.45489 p-value =      0.25001
Site   438 dN/dS =      0.00000 Full Log(L) =     -4.61235 LRT =      0.61055 p-value =      0.21729
Site   439 dN/dS =      0.00000 Full Log(L) =     -3.94509 LRT =      0.56024 p-value =      0.22708
Site   440 dN/dS =      0.00000 Full Log(L) =     -7.90433 LRT =      0.71533 p-value =      0.19884
Site   441 dN/dS =      0.00000 Full Log(L) =     -4.79282 LRT =      0.72877 p-value =      0.19664
Site   442 dN/dS =      7.39399 Full Log(L) =    -14.82700 LRT =      4.94874 p-value =      0.01305 *P
Site   443 dN/dS =      0.00000 Full Log(L) =     -4.71395 LRT =      0.62618 p-value =      0.21438
Site   444 dN/dS =      0.00000 Full Log(L) =     -4.71395 LRT =      0.62618 p-value =      0.21438
Site   445 dN/dS =      0.00000 Full Log(L) =     -4.23085 LRT =      0.67275 p-value =      0.20605
Site   446 dN/dS =      0.00000 Full Log(L) =     -8.85504 LRT =      0.72877 p-value =      0.19664
Site   447 dN/dS =      0.00000 Full Log(L) =     -5.10003 LRT =      0.40412 p-value =      0.26249
Site   448 dN/dS =      0.00000 Full Log(L) =     -4.07612 LRT =      0.72906 p-value =      0.19659
Site   449 dN/dS =      0.00000 Full Log(L) =    -14.59231 LRT =      0.71578 p-value =      0.19877
Site   450 dN/dS =      0.00000 Full Log(L) =     -4.04794 LRT =      0.50872 p-value =      0.23785
Site   451 dN/dS =      0.00000 Full Log(L) =     -4.28245 LRT =      0.73423 p-value =      0.19576
Site   452 dN/dS =      0.00000 Full Log(L) =     -4.04859 LRT =      0.66461 p-value =      0.20747
Site   453 dN/dS =      0.00000 Full Log(L) =     -3.97808 LRT =      0.64823 p-value =      0.21037
Site   454 dN/dS =      0.00000 Full Log(L) =     -3.79935 LRT =      0.78080 p-value =      0.18845
Site   455 dN/dS =      0.00000 Full Log(L) =     -4.58874 LRT =      0.40412 p-value =      0.26249
Site   456 dN/dS =      0.00000 Full Log(L) =     -4.28482 LRT =      0.66461 p-value =      0.20747
Site   457 dN/dS =      0.00000 Full Log(L) =     -3.85051 LRT =      0.78081 p-value =      0.18845
Site   458 dN/dS =      0.00000 Full Log(L) =     -4.37612 LRT =      0.49464 p-value =      0.24093
Site   459 dN/dS =      0.00000 Full Log(L) =     -3.56484 LRT =      0.72903 p-value =      0.19660
Site   460 dN/dS =      0.00000 Full Log(L) =     -4.07950 LRT =      0.99550 p-value =      0.15920
Site   461 dN/dS =      0.00000 Full Log(L) =     -3.61756 LRT =      0.71664 p-value =      0.19862
Site   462 dN/dS =      0.00000 Full Log(L) =     -3.33190 LRT =      0.66488 p-value =      0.20742
Site   463 dN/dS =      0.00000 Full Log(L) =    -10.50002 LRT =      0.40412 p-value =      0.26249
Site   464 dN/dS =      0.00000 Full Log(L) =     -4.27426 LRT =      0.65687 p-value =      0.20883
Site   465 dN/dS =      0.00000 Full Log(L) =     -3.56484 LRT =      0.72903 p-value =      0.19660
Site   466 dN/dS =      0.00000 Full Log(L) =     -3.81879 LRT =      0.75541 p-value =      0.19238
Site   467 dN/dS =      0.00000 Full Log(L) =     -4.04859 LRT =      0.66461 p-value =      0.20747
Site   468 dN/dS =      2.56277 Full Log(L) =     -8.65080 LRT =      0.65769 p-value =      0.20869
Site   469 dN/dS =      0.00000 Full Log(L) =     -3.84318 LRT =      0.66491 p-value =      0.20742
Site   470 dN/dS =      0.00000 Full Log(L) =    -10.61279 LRT =      0.50855 p-value =      0.23788
Site   471 dN/dS =      0.00000 Full Log(L) =     -5.10003 LRT =      0.40412 p-value =      0.26249
Site   472 dN/dS =      0.00000 Full Log(L) =    -10.02927 LRT =      0.80294 p-value =      0.18511
Site   473 dN/dS =      0.00000 Full Log(L) =     -3.56484 LRT =      0.72903 p-value =      0.19660
Site   474 dN/dS =      0.00000 Full Log(L) =     -3.56641 LRT =      0.71664 p-value =      0.19862
Site   475 dN/dS =      0.00000 Full Log(L) =     -4.51777 LRT =      0.72877 p-value =      0.19664
Site   476 dN/dS =      0.00000 Full Log(L) =     -4.07612 LRT =      0.72906 p-value =      0.19659
Site   477 dN/dS =      0.00000 Full Log(L) =     -3.85051 LRT =      0.78081 p-value =      0.18845
Site   478 dN/dS =      0.00000 Full Log(L) =     -4.07950 LRT =      0.99550 p-value =      0.15920
Site   479 dN/dS =      0.00000 Full Log(L) =     -4.37218 LRT =      0.80176 p-value =      0.18528
Site   480 dN/dS =      0.00000 Full Log(L) =     -3.56641 LRT =      0.71664 p-value =      0.19862
Site   481 dN/dS =      0.00000 Full Log(L) =     -4.32103 LRT =      0.80176 p-value =      0.18528
Site   482 dN/dS =      0.00000 Full Log(L) =     -8.70236 LRT =      0.72267 p-value =      0.19764
Site   483 dN/dS =      0.00000 Full Log(L) =     -4.32541 LRT =      0.65687 p-value =      0.20883
Site   484 dN/dS =      0.00000 Full Log(L) =     -3.33190 LRT =      0.66488 p-value =      0.20742
Site   485 dN/dS =      0.00000 Full Log(L) =     -3.67073 LRT =      0.79046 p-value =      0.18698
Site   486 dN/dS =      0.00000 Full Log(L) =     -3.94509 LRT =      0.56024 p-value =      0.22708
Site   487 dN/dS =      0.00000 Full Log(L) =     -4.33360 LRT =      0.73423 p-value =      0.19576
Site   488 dN/dS =      0.00000 Full Log(L) =     -3.33190 LRT =      0.66488 p-value =      0.20742
Site   489 dN/dS =      0.00000 Full Log(L) =     -4.36444 LRT =      0.72318 p-value =      0.19755
Site   490 dN/dS =      0.00000 Full Log(L) =     -3.85051 LRT =      0.78081 p-value =      0.18845
Site   491 dN/dS =      0.00000 Full Log(L) =     -3.56641 LRT =      0.71664 p-value =      0.19862
Site   492 dN/dS =      2.77326 Full Log(L) =    -11.28748 LRT =      0.75615 p-value =      0.19227
Site   493 dN/dS =      0.00000 Full Log(L) =     -4.41560 LRT =      0.72318 p-value =      0.19755
Site   494 dN/dS =      0.00000 Full Log(L) =     -3.67073 LRT =      0.79046 p-value =      0.18698
Site   495 dN/dS =      0.00000 Full Log(L) =     -4.59609 LRT =      0.80175 p-value =      0.18528
Site   496 dN/dS =      0.00000 Full Log(L) =     -4.37612 LRT =      0.49464 p-value =      0.24093
Site   497 dN/dS =      0.00000 Full Log(L) =     -4.02923 LRT =      0.64823 p-value =      0.21037
Site   498 dN/dS =      0.00000 Full Log(L) =     -3.81879 LRT =      0.75541 p-value =      0.19238
Site   499 dN/dS =      0.00000 Full Log(L) =     -3.56641 LRT =      0.71664 p-value =      0.19862
Site   500 dN/dS =      0.00000 Full Log(L) =     -4.08480 LRT =      0.75344 p-value =      0.19270
Site   501 dN/dS =      0.00000 Full Log(L) =    -10.65147 LRT =      0.66461 p-value =      0.20747
Site   502 dN/dS =      0.00000 Full Log(L) =     -3.89394 LRT =      0.56024 p-value =      0.22708
Site   503 dN/dS =      2.60451 Full Log(L) =     -8.32235 LRT =      0.67716 p-value =      0.20528
Site   504 dN/dS =      0.00000 Full Log(L) =     -4.28245 LRT =      0.73423 p-value =      0.19576
Site   505 dN/dS =      0.00000 Full Log(L) =     -3.79935 LRT =      0.78080 p-value =      0.18845
Site   506 dN/dS =      0.00000 Full Log(L) =     -3.99461 LRT =      0.67275 p-value =      0.20605
Site   507 dN/dS =      0.00000 Full Log(L) =     -3.94509 LRT =      0.56024 p-value =      0.22708
Site   508 dN/dS =      0.00000 Full Log(L) =     -3.81879 LRT =      0.75541 p-value =      0.19238
Site   509 dN/dS =      0.00000 Full Log(L) =     -3.85051 LRT =      0.78081 p-value =      0.18845
Site   510 dN/dS =      0.00000 Full Log(L) =     -3.56484 LRT =      0.72903 p-value =      0.19660
Site   511 dN/dS =      0.00000 Full Log(L) =     -4.28153 LRT =      0.72877 p-value =      0.19664
Site   512 dN/dS =      0.00000 Full Log(L) =     -4.11497 LRT =      0.38709 p-value =      0.26692
Site   513 dN/dS =      0.00000 Full Log(L) =     -3.61756 LRT =      0.71664 p-value =      0.19862
Site   514 dN/dS =      0.00000 Full Log(L) =     -3.61756 LRT =      0.71664 p-value =      0.19862
Site   515 dN/dS =      0.00000 Full Log(L) =     -5.11272 LRT =      0.68811 p-value =      0.20340
Site   516 dN/dS =      0.00000 Full Log(L) =     -4.32541 LRT =      0.65687 p-value =      0.20883
Site   517 dN/dS =      0.00000 Full Log(L) =    -11.35872 LRT =      0.50867 p-value =      0.23786
Site   518 dN/dS =      0.00000 Full Log(L) =     -4.02923 LRT =      0.64823 p-value =      0.21037
Site   519 dN/dS =      0.00000 Full Log(L) =     -3.33190 LRT =      0.66488 p-value =      0.20742
Site   520 dN/dS =      0.00000 Full Log(L) =     -4.32103 LRT =      0.80176 p-value =      0.18528
Site   521 dN/dS =      0.00000 Full Log(L) =     -4.23085 LRT =      0.67275 p-value =      0.20605
Site   522 dN/dS =      0.00000 Full Log(L) =     -4.07612 LRT =      0.72906 p-value =      0.19659
Site   523 dN/dS =      0.00000 Full Log(L) =     -5.10003 LRT =      0.40412 p-value =      0.26249
Site   524 dN/dS =      0.00000 Full Log(L) =     -3.84318 LRT =      0.66491 p-value =      0.20742
Site   525 dN/dS =      4.11115 Full Log(L) =    -12.22949 LRT =      1.30408 p-value =      0.12673
Site   526 dN/dS =      0.00000 Full Log(L) =    -16.87064 LRT =      0.75682 p-value =      0.19216
Site   527 dN/dS =      0.00000 Full Log(L) =     -3.94509 LRT =      0.56024 p-value =      0.22708
Site   528 dN/dS =      0.00000 Full Log(L) =     -3.33190 LRT =      0.66488 p-value =      0.20742
Site   529 dN/dS =      0.00000 Full Log(L) =     -3.79935 LRT =      0.78080 p-value =      0.18845
Site   530 dN/dS =      0.00000 Full Log(L) =     -4.49721 LRT =      0.45489 p-value =      0.25001
Site   531 dN/dS =      0.00000 Full Log(L) =     -4.02923 LRT =      0.64823 p-value =      0.21037
Site   532 dN/dS =      0.00000 Full Log(L) =    -11.15320 LRT =      0.40412 p-value =      0.26249
Site   533 dN/dS =      0.00000 Full Log(L) =     -4.49721 LRT =      0.45489 p-value =      0.25001
Site   534 dN/dS =      0.00000 Full Log(L) =     -3.97808 LRT =      0.64823 p-value =      0.21037
Site   535 dN/dS =      0.00000 Full Log(L) =     -4.66351 LRT =      0.61055 p-value =      0.21729
Site   536 dN/dS =      0.00000 Full Log(L) =     -4.27426 LRT =      0.65687 p-value =      0.20883
Site   537 dN/dS =      0.00000 Full Log(L) =     -4.56892 LRT =      0.72877 p-value =      0.19664
Site   538 dN/dS =      0.00000 Full Log(L) =     -3.67073 LRT =      0.79046 p-value =      0.18698
Site   539 dN/dS =      0.00000 Full Log(L) =     -4.37612 LRT =      0.49464 p-value =      0.24093
Site   540 dN/dS =      0.00000 Full Log(L) =     -4.41560 LRT =      0.72318 p-value =      0.19755
Site   541 dN/dS =      0.00000 Full Log(L) =     -4.27426 LRT =      0.65687 p-value =      0.20883
Site   542 dN/dS =      0.00000 Full Log(L) =     -4.62624 LRT =      0.43168 p-value =      0.25558
Site   543 dN/dS =      0.00000 Full Log(L) =     -4.71395 LRT =      0.62618 p-value =      0.21438
Site   544 dN/dS =      0.00000 Full Log(L) =     -4.36444 LRT =      0.72318 p-value =      0.19755
Site   545 dN/dS =      3.02690 Full Log(L) =    -20.11073 LRT =      0.86908 p-value =      0.17561
Site   546 dN/dS =      0.00000 Full Log(L) =     -4.23085 LRT =      0.67275 p-value =      0.20605
Site   547 dN/dS =      0.00000 Full Log(L) =     -4.62624 LRT =      0.43168 p-value =      0.25558
Site   548 dN/dS =      0.00000 Full Log(L) =    -10.83863 LRT =      0.50472 p-value =      0.23872
Site   549 dN/dS =      0.00000 Full Log(L) =     -4.59609 LRT =      0.80175 p-value =      0.18528
Site   550 dN/dS =      0.00000 Full Log(L) =     -4.32541 LRT =      0.65687 p-value =      0.20883
Site   551 dN/dS =      0.00000 Full Log(L) =     -4.02923 LRT =      0.64823 p-value =      0.21037
Site   552 dN/dS =      0.00000 Full Log(L) =     -4.07950 LRT =      0.99550 p-value =      0.15920
Site   553 dN/dS =      0.00000 Full Log(L) =     -4.49721 LRT =      0.45489 p-value =      0.25001
Site   554 dN/dS =      0.00000 Full Log(L) =     -4.56892 LRT =      0.72877 p-value =      0.19664
Site   555 dN/dS =      0.00000 Full Log(L) =     -4.41560 LRT =      0.72318 p-value =      0.19755
Site   556 dN/dS =      0.00000 Full Log(L) =     -4.04794 LRT =      0.50872 p-value =      0.23785
Site   557 dN/dS =      0.00000 Full Log(L) =     -3.33190 LRT =      0.66488 p-value =      0.20742
Site   558 dN/dS =      0.00000 Full Log(L) =     -4.37218 LRT =      0.80176 p-value =      0.18528
Site   559 dN/dS =      0.00000 Full Log(L) =     -3.61756 LRT =      0.71664 p-value =      0.19862
Site   560 dN/dS =      0.00000 Full Log(L) =     -3.97808 LRT =      0.64823 p-value =      0.21037
Site   561 dN/dS =      0.00000 Full Log(L) =     -4.33006 LRT =      0.80375 p-value =      0.18499
Site   562 dN/dS =      0.00000 Full Log(L) =     -4.41560 LRT =      0.72318 p-value =      0.19755
Site   563 dN/dS =      0.00000 Full Log(L) =     -3.61756 LRT =      0.71664 p-value =      0.19862
Site   564 dN/dS =      0.00000 Full Log(L) =     -3.97808 LRT =      0.64823 p-value =      0.21037
Site   565 dN/dS =      0.00000 Full Log(L) =     -4.41560 LRT =      0.72318 p-value =      0.19755
Site   566 dN/dS =      0.00000 Full Log(L) =     -3.97808 LRT =      0.64823 p-value =      0.21037


Wall-clock run-time (seconds): 1412700843
Process time on the master node: 877.076698
MPI nodes used: 0

Wall-clock time per site (seconds): 6142177.57826087
