

______________READ THE FOLLOWING DATA______________
46 species:{EF456785,EF456784,EF456787,EF456786,CY114189,CY012912,EF456789,EF456788,CY017291,CY017299,CY011824,CY011336,CY011536,CY013311,CY011512,CY012512,CY011352,EF456783,CY012472,CY012456,CY017283,CY011840,CY011848,CY012224,EF456792,EF456790,EF456791,CY012928,CY012896,CY114221,CY011560,CY011328,CY011520,CY011488,CY011544,CY011344,CY013327,CY011320,CY011360,CY011504,CY012520,CY011368,CY012256,CY012232,CY012448,CY011568};
Total Sites:1698;
Distinct Sites:126

Phase 1:Nucleotide Model (010010) Model Fit


-3565.00411545505

Phase 2:MG94x(010010) Model Fit



Phase 3:Estimating dN/dS


Nuc->codon scaling factor:2.149383642472947
Raw scaling factor:2.149383642472947
Tree scaling factor(S): 1

Using dN/dS=0.2757970606845592
Codon model:-3478.49670766258

Phase 4: Ancestral State Reconstruction and Counting

<<Significance level for Likelihood Ratio Tests (permissible range = [0,1], default value = 0.1)>>Site     1 dN/dS =      0.00000 Full Log(L) =     -4.08130 LRT =      0.93837 p-value =      0.16635
Site     2 dN/dS =      0.00000 Full Log(L) =     -3.83766 LRT =      0.62687 p-value =      0.21425
Site     3 dN/dS =      0.00000 Full Log(L) =    -10.23709 LRT =      0.62571 p-value =      0.21447
Site     4 dN/dS =      0.00000 Full Log(L) =     -4.02609 LRT =      0.61139 p-value =      0.21713
Site     5 dN/dS =      0.00000 Full Log(L) =     -3.97375 LRT =      0.61139 p-value =      0.21713
Site     6 dN/dS =      0.00000 Full Log(L) =     -4.50571 LRT =      0.68606 p-value =      0.20375
Site     7 dN/dS =      0.00000 Full Log(L) =     -4.61162 LRT =      0.40713 p-value =      0.26172
Site     8 dN/dS =      0.00000 Full Log(L) =     -4.08243 LRT =      0.79061 p-value =      0.18696
Site     9 dN/dS =      0.00000 Full Log(L) =     -3.94056 LRT =      0.52921 p-value =      0.23347
Site    10 dN/dS =      3.33678 Full Log(L) =    -11.67335 LRT =      1.00063 p-value =      0.15858
Site    11 dN/dS =      0.00000 Full Log(L) =     -4.10748 LRT =      0.36506 p-value =      0.27285
Site    12 dN/dS =      0.00000 Full Log(L) =    -11.41694 LRT =      0.68151 p-value =      0.20453
Site    13 dN/dS =      0.00000 Full Log(L) =     -5.07525 LRT =      0.38103 p-value =      0.26853
Site    14 dN/dS =      0.00000 Full Log(L) =     -4.22528 LRT =      0.63434 p-value =      0.21288
Site    15 dN/dS =      0.00000 Full Log(L) =     -4.31987 LRT =      0.62017 p-value =      0.21549
Site    16 dN/dS =      0.00000 Full Log(L) =     -4.50571 LRT =      0.68606 p-value =      0.20375
Site    17 dN/dS =      1.00000 Full Log(L) =      0.00000 LRT =      0.00000 p-value =      1.00000
Site    18 dN/dS =      1.00000 Full Log(L) =      0.00000 LRT =      0.00000 p-value =      1.00000
Site    19 dN/dS =      1.00000 Full Log(L) =      0.00000 LRT =      0.00000 p-value =      1.00000
Site    20 dN/dS =      2.00341 Full Log(L) =    -13.69569 LRT =      0.38634 p-value =      0.26711
Site    21 dN/dS =      1.81688 Full Log(L) =    -10.54223 LRT =      0.29299 p-value =      0.29415
Site    22 dN/dS =      1.00000 Full Log(L) =      0.00000 LRT =      0.00000 p-value =      1.00000
Site    23 dN/dS =      1.00000 Full Log(L) =      0.00000 LRT =      0.00000 p-value =      1.00000
Site    24 dN/dS =      1.00000 Full Log(L) =      0.00000 LRT =      0.00000 p-value =      1.00000
Site    25 dN/dS =      1.00000 Full Log(L) =      0.00000 LRT =      0.00000 p-value =      1.00000
Site    26 dN/dS =      1.00000 Full Log(L) =      0.00000 LRT =      0.00000 p-value =      1.00000
Site    27 dN/dS =      1.00000 Full Log(L) =      0.00000 LRT =      0.00000 p-value =      1.00000
Site    28 dN/dS =      1.00000 Full Log(L) =      0.00000 LRT =      0.00000 p-value =      1.00000
Site    29 dN/dS =      1.00000 Full Log(L) =      0.00000 LRT =      0.00000 p-value =      1.00000
Site    30 dN/dS =      0.00000 Full Log(L) =    -14.41098 LRT =      1.06534 p-value =      0.15100
Site    31 dN/dS =      1.00000 Full Log(L) =      0.00000 LRT =      0.00000 p-value =      1.00000
Site    32 dN/dS =      1.00000 Full Log(L) =      0.00000 LRT =      0.00000 p-value =      1.00000
Site    33 dN/dS =      1.00000 Full Log(L) =      0.00000 LRT =      0.00000 p-value =      1.00000
Site    34 dN/dS =      1.00000 Full Log(L) =      0.00000 LRT =      0.00000 p-value =      1.00000
Site    35 dN/dS =      0.00000 Full Log(L) =    -16.82566 LRT =      1.07307 p-value =      0.15013
Site    36 dN/dS =      1.00000 Full Log(L) =      0.00000 LRT =      0.00000 p-value =      1.00000
Site    37 dN/dS =      1.00000 Full Log(L) =      0.00000 LRT =      0.00000 p-value =      1.00000
Site    38 dN/dS =      1.00000 Full Log(L) =      0.00000 LRT =      0.00000 p-value =      1.00000
Site    39 dN/dS =      1.00000 Full Log(L) =      0.00000 LRT =      0.00000 p-value =      1.00000
Site    40 dN/dS =      1.00000 Full Log(L) =      0.00000 LRT =      0.00000 p-value =      1.00000
Site    41 dN/dS =      1.00000 Full Log(L) =      0.00000 LRT =      0.00000 p-value =      1.00000
Site    42 dN/dS =      0.00000 Full Log(L) =    -12.44814 LRT =      0.99217 p-value =      0.15961
Site    43 dN/dS =      1.00000 Full Log(L) =      0.00000 LRT =      0.00000 p-value =      1.00000
Site    44 dN/dS =      1.00000 Full Log(L) =      0.00000 LRT =      0.00000 p-value =      1.00000
Site    45 dN/dS =      1.00000 Full Log(L) =      0.00000 LRT =      0.00000 p-value =      1.00000
Site    46 dN/dS =      0.00000 Full Log(L) =    -10.20494 LRT =      0.97867 p-value =      0.16126
Site    47 dN/dS =      1.00000 Full Log(L) =      0.00000 LRT =      0.00000 p-value =      1.00000
Site    48 dN/dS =      1.00000 Full Log(L) =      0.00000 LRT =      0.00000 p-value =      1.00000
Site    49 dN/dS =      1.00000 Full Log(L) =      0.00000 LRT =      0.00000 p-value =      1.00000
Site    50 dN/dS =      1.00000 Full Log(L) =      0.00000 LRT =      0.00000 p-value =      1.00000
Site    51 dN/dS =      1.00000 Full Log(L) =      0.00000 LRT =      0.00000 p-value =      1.00000
Site    52 dN/dS =      1.00000 Full Log(L) =      0.00000 LRT =      0.00000 p-value =      1.00000
Site    53 dN/dS =      0.00000 Full Log(L) =    -11.42272 LRT =      0.97867 p-value =      0.16126
Site    54 dN/dS =      1.00000 Full Log(L) =      0.00000 LRT =      0.00000 p-value =      1.00000
Site    55 dN/dS =      1.00000 Full Log(L) =      0.00000 LRT =      0.00000 p-value =      1.00000
Site    56 dN/dS =      1.00000 Full Log(L) =      0.00000 LRT =      0.00000 p-value =      1.00000
Site    57 dN/dS =      1.00000 Full Log(L) =      0.00000 LRT =      0.00000 p-value =      1.00000
Site    58 dN/dS =      1.00000 Full Log(L) =      0.00000 LRT =      0.00000 p-value =      1.00000
Site    59 dN/dS =      1.00000 Full Log(L) =      0.00000 LRT =      0.00000 p-value =      1.00000
Site    60 dN/dS =      1.00000 Full Log(L) =      0.00000 LRT =      0.00000 p-value =      1.00000
Site    61 dN/dS =      1.64175 Full Log(L) =    -11.27357 LRT =      0.20840 p-value =      0.32401
Site    62 dN/dS =      4.50974 Full Log(L) =    -24.86839 LRT =      2.89114 p-value =      0.04453 *P
Site    63 dN/dS =      2.25631 Full Log(L) =     -9.35060 LRT =      0.51136 p-value =      0.23728
Site    64 dN/dS =      1.00000 Full Log(L) =      0.00000 LRT =      0.00000 p-value =      1.00000
Site    65 dN/dS =      1.70222 Full Log(L) =     -8.75244 LRT =      0.23738 p-value =      0.31305
Site    66 dN/dS =      1.82330 Full Log(L) =     -8.09927 LRT =      0.29621 p-value =      0.29313
Site    67 dN/dS =      1.00000 Full Log(L) =      0.00000 LRT =      0.00000 p-value =      1.00000
Site    68 dN/dS =      0.00000 Full Log(L) =    -13.56193 LRT =      1.06518 p-value =      0.15102
Site    69 dN/dS =      1.75372 Full Log(L) =     -9.09543 LRT =      0.26200 p-value =      0.30438
Site    70 dN/dS =      0.00000 Full Log(L) =     -8.30183 LRT =      1.23512 p-value =      0.13321
Site    71 dN/dS =      1.00000 Full Log(L) =      0.00000 LRT =      0.00000 p-value =      1.00000
Site    72 dN/dS =      1.00000 Full Log(L) =      0.00000 LRT =      0.00000 p-value =      1.00000
Site    73 dN/dS =      0.00000 Full Log(L) =    -10.59197 LRT =      0.74622 p-value =      0.19384
Site    74 dN/dS =      1.00000 Full Log(L) =      0.00000 LRT =      0.00000 p-value =      1.00000
Site    75 dN/dS =      2.20754 Full Log(L) =    -15.47797 LRT =      0.48733 p-value =      0.24256
Site    76 dN/dS =      1.00000 Full Log(L) =      0.00000 LRT =      0.00000 p-value =      1.00000
Site    77 dN/dS =      0.00000 Full Log(L) =    -10.85653 LRT =      1.10944 p-value =      0.14610
Site    78 dN/dS =      0.00000 Full Log(L) =     -7.96329 LRT =      0.97920 p-value =      0.16120
Site    79 dN/dS =      1.00000 Full Log(L) =      0.00000 LRT =      0.00000 p-value =      1.00000
Site    80 dN/dS =      1.00000 Full Log(L) =      0.00000 LRT =      0.00000 p-value =      1.00000
Site    81 dN/dS =      1.00000 Full Log(L) =      0.00000 LRT =      0.00000 p-value =      1.00000
Site    82 dN/dS =      1.00000 Full Log(L) =      0.00000 LRT =      0.00000 p-value =      1.00000
Site    83 dN/dS =      1.00000 Full Log(L) =      0.00000 LRT =      0.00000 p-value =      1.00000
Site    84 dN/dS =      1.00000 Full Log(L) =      0.00000 LRT =      0.00000 p-value =      1.00000
Site    85 dN/dS =      1.00000 Full Log(L) =      0.00000 LRT =      0.00000 p-value =      1.00000
Site    86 dN/dS =      1.00000 Full Log(L) =      0.00000 LRT =      0.00000 p-value =      1.00000
Site    87 dN/dS =      1.00000 Full Log(L) =      0.00000 LRT =      0.00000 p-value =      1.00000
Site    88 dN/dS =      1.00000 Full Log(L) =      0.00000 LRT =      0.00000 p-value =      1.00000
Site    89 dN/dS =      1.00000 Full Log(L) =      0.00000 LRT =      0.00000 p-value =      1.00000
Site    90 dN/dS =      1.00000 Full Log(L) =      0.00000 LRT =      0.00000 p-value =      1.00000
Site    91 dN/dS =      1.00000 Full Log(L) =      0.00000 LRT =      0.00000 p-value =      1.00000
Site    92 dN/dS =      0.00000 Full Log(L) =     -8.62507 LRT =      1.06545 p-value =      0.15099
Site    93 dN/dS =      1.00000 Full Log(L) =      0.00000 LRT =      0.00000 p-value =      1.00000
Site    94 dN/dS =      0.00000 Full Log(L) =     -8.61648 LRT =      1.18032 p-value =      0.13865
Site    95 dN/dS =      0.00000 Full Log(L) =    -10.70449 LRT =      0.96987 p-value =      0.16236
Site    96 dN/dS =      2.70436 Full Log(L) =    -10.21141 LRT =      0.72433 p-value =      0.19736
Site    97 dN/dS =      1.00000 Full Log(L) =      0.00000 LRT =      0.00000 p-value =      1.00000
Site    98 dN/dS =      1.00000 Full Log(L) =      0.00000 LRT =      0.00000 p-value =      1.00000
Site    99 dN/dS =      1.00000 Full Log(L) =      0.00000 LRT =      0.00000 p-value =      1.00000
Site   100 dN/dS =      1.00000 Full Log(L) =      0.00000 LRT =      0.00000 p-value =      1.00000
Site   101 dN/dS =      1.00000 Full Log(L) =      0.00000 LRT =      0.00000 p-value =      1.00000
Site   102 dN/dS =      1.00000 Full Log(L) =      0.00000 LRT =      0.00000 p-value =      1.00000
Site   103 dN/dS =      1.00000 Full Log(L) =      0.00000 LRT =      0.00000 p-value =      1.00000
Site   104 dN/dS =      0.00000 Full Log(L) =    -10.74945 LRT =      0.99217 p-value =      0.15961
Site   105 dN/dS =      0.00000 Full Log(L) =     -9.63659 LRT =      1.07453 p-value =      0.14996
Site   106 dN/dS =      1.00000 Full Log(L) =      0.00000 LRT =      0.00000 p-value =      1.00000
Site   107 dN/dS =      1.00000 Full Log(L) =      0.00000 LRT =      0.00000 p-value =      1.00000
Site   108 dN/dS =      1.00000 Full Log(L) =      0.00000 LRT =      0.00000 p-value =      1.00000
Site   109 dN/dS =      0.00000 Full Log(L) =     -9.56867 LRT =      1.07307 p-value =      0.15013
Site   110 dN/dS =      1.00000 Full Log(L) =      0.00000 LRT =      0.00000 p-value =      1.00000
Site   111 dN/dS =      1.00000 Full Log(L) =      0.00000 LRT =      0.00000 p-value =      1.00000
Site   112 dN/dS =      0.00000 Full Log(L) =     -8.60840 LRT =      1.05613 p-value =      0.15205
Site   113 dN/dS =      1.00000 Full Log(L) =      0.00000 LRT =      0.00000 p-value =      1.00000
Site   114 dN/dS =      1.00000 Full Log(L) =      0.00000 LRT =      0.00000 p-value =      1.00000
Site   115 dN/dS =      1.00000 Full Log(L) =      0.00000 LRT =      0.00000 p-value =      1.00000
Site   116 dN/dS =      1.00000 Full Log(L) =      0.00000 LRT =      0.00000 p-value =      1.00000
Site   117 dN/dS =      1.00000 Full Log(L) =      0.00000 LRT =      0.00000 p-value =      1.00000
Site   118 dN/dS =      1.00000 Full Log(L) =      0.00000 LRT =      0.00000 p-value =      1.00000
Site   119 dN/dS =      1.00000 Full Log(L) =      0.00000 LRT =      0.00000 p-value =      1.00000
Site   120 dN/dS =      1.00000 Full Log(L) =      0.00000 LRT =      0.00000 p-value =      1.00000
Site   121 dN/dS =      1.00000 Full Log(L) =      0.00000 LRT =      0.00000 p-value =      1.00000
Site   122 dN/dS =      1.00000 Full Log(L) =      0.00000 LRT =      0.00000 p-value =      1.00000
Site   123 dN/dS =      1.00000 Full Log(L) =      0.00000 LRT =      0.00000 p-value =      1.00000
Site   124 dN/dS =      1.00000 Full Log(L) =      0.00000 LRT =      0.00000 p-value =      1.00000
Site   125 dN/dS =      1.00000 Full Log(L) =      0.00000 LRT =      0.00000 p-value =      1.00000
Site   126 dN/dS =      1.00000 Full Log(L) =      0.00000 LRT =      0.00000 p-value =      1.00000
Site   127 dN/dS =      1.00000 Full Log(L) =      0.00000 LRT =      0.00000 p-value =      1.00000
Site   128 dN/dS =      1.00000 Full Log(L) =      0.00000 LRT =      0.00000 p-value =      1.00000
Site   129 dN/dS =      1.00000 Full Log(L) =      0.00000 LRT =      0.00000 p-value =      1.00000
Site   130 dN/dS =      1.00000 Full Log(L) =      0.00000 LRT =      0.00000 p-value =      1.00000
Site   131 dN/dS =      1.00000 Full Log(L) =      0.00000 LRT =      0.00000 p-value =      1.00000
Site   132 dN/dS =      1.00000 Full Log(L) =      0.00000 LRT =      0.00000 p-value =      1.00000
Site   133 dN/dS =      0.00000 Full Log(L) =    -10.74227 LRT =      0.97867 p-value =      0.16126
Site   134 dN/dS =      0.00000 Full Log(L) =    -13.08555 LRT =      0.59770 p-value =      0.21973
Site   135 dN/dS =      0.00000 Full Log(L) =    -10.25650 LRT =      1.07469 p-value =      0.14994
Site   136 dN/dS =      1.00000 Full Log(L) =      0.00000 LRT =      0.00000 p-value =      1.00000
Site   137 dN/dS =      4.37909 Full Log(L) =    -13.99170 LRT =      2.79339 p-value =      0.04733 *P
Site   138 dN/dS =      1.94811 Full Log(L) =    -17.09584 LRT =      0.35608 p-value =      0.27534
Site   139 dN/dS =      0.00000 Full Log(L) =     -8.71914 LRT =      1.07410 p-value =      0.15001
Site   140 dN/dS =      5.67663 Full Log(L) =    -17.27716 LRT =      5.40252 p-value =      0.01005 *P
Site   141 dN/dS =      1.00000 Full Log(L) =      0.00000 LRT =      0.00000 p-value =      1.00000
Site   142 dN/dS =      1.00000 Full Log(L) =      0.00000 LRT =      0.00000 p-value =      1.00000
Site   143 dN/dS =      1.00000 Full Log(L) =      0.00000 LRT =      0.00000 p-value =      1.00000
Site   144 dN/dS =      1.00000 Full Log(L) =      0.00000 LRT =      0.00000 p-value =      1.00000
Site   145 dN/dS =      1.00000 Full Log(L) =      0.00000 LRT =      0.00000 p-value =      1.00000
Site   146 dN/dS =      1.00000 Full Log(L) =      0.00000 LRT =      0.00000 p-value =      1.00000
Site   147 dN/dS =      1.00000 Full Log(L) =      0.00000 LRT =      0.00000 p-value =      1.00000
Site   148 dN/dS =      1.00000 Full Log(L) =      0.00000 LRT =      0.00000 p-value =      1.00000
Site   149 dN/dS =      1.00000 Full Log(L) =      0.00000 LRT =      0.00000 p-value =      1.00000
Site   150 dN/dS =      1.00000 Full Log(L) =      0.00000 LRT =      0.00000 p-value =      1.00000
Site   151 dN/dS =      1.00000 Full Log(L) =      0.00000 LRT =      0.00000 p-value =      1.00000
Site   152 dN/dS =      1.00000 Full Log(L) =      0.00000 LRT =      0.00000 p-value =      1.00000
Site   153 dN/dS =      1.00000 Full Log(L) =      0.00000 LRT =      0.00000 p-value =      1.00000
Site   154 dN/dS =      8.08486 Full Log(L) =    -30.24739 LRT =      9.57952 p-value =      0.00098 *P
Site   155 dN/dS =      1.00000 Full Log(L) =      0.00000 LRT =      0.00000 p-value =      1.00000
Site   156 dN/dS =      1.00000 Full Log(L) =      0.00000 LRT =      0.00000 p-value =      1.00000
Site   157 dN/dS =      0.00000 Full Log(L) =    -15.84189 LRT =      1.16236 p-value =      0.14049
Site   158 dN/dS =      1.00000 Full Log(L) =      0.00000 LRT =      0.00000 p-value =      1.00000
Site   159 dN/dS =      1.00000 Full Log(L) =      0.00000 LRT =      0.00000 p-value =      1.00000
Site   160 dN/dS =      1.00000 Full Log(L) =      0.00000 LRT =      0.00000 p-value =      1.00000
Site   161 dN/dS =      1.91096 Full Log(L) =    -11.17510 LRT =      0.33912 p-value =      0.28017
Site   162 dN/dS =      1.00000 Full Log(L) =      0.00000 LRT =      0.00000 p-value =      1.00000
Site   163 dN/dS =      1.00000 Full Log(L) =      0.00000 LRT =      0.00000 p-value =      1.00000
Site   164 dN/dS =      1.00000 Full Log(L) =      0.00000 LRT =      0.00000 p-value =      1.00000
Site   165 dN/dS =      1.00000 Full Log(L) =      0.00000 LRT =      0.00000 p-value =      1.00000
Site   166 dN/dS =      1.00000 Full Log(L) =      0.00000 LRT =      0.00000 p-value =      1.00000
Site   167 dN/dS =      1.00000 Full Log(L) =      0.00000 LRT =      0.00000 p-value =      1.00000
Site   168 dN/dS =      1.00000 Full Log(L) =      0.00000 LRT =      0.00000 p-value =      1.00000
Site   169 dN/dS =      1.00000 Full Log(L) =      0.00000 LRT =      0.00000 p-value =      1.00000
Site   170 dN/dS =      1.00000 Full Log(L) =      0.00000 LRT =      0.00000 p-value =      1.00000
Site   171 dN/dS =      1.00000 Full Log(L) =      0.00000 LRT =      0.00000 p-value =      1.00000
Site   172 dN/dS =      4.26760 Full Log(L) =    -17.13145 LRT =      2.70748 p-value =      0.04994 *P
Site   173 dN/dS =      7.17575 Full Log(L) =    -13.77000 LRT =      4.39511 p-value =      0.01802 *P
Site   174 dN/dS =      3.81664 Full Log(L) =    -15.51020 LRT =      2.37793 p-value =      0.06153 *P
Site   175 dN/dS =      1.00000 Full Log(L) =      0.00000 LRT =      0.00000 p-value =      1.00000
Site   176 dN/dS =      1.00000 Full Log(L) =      0.00000 LRT =      0.00000 p-value =      1.00000
Site   177 dN/dS =      1.00000 Full Log(L) =      0.00000 LRT =      0.00000 p-value =      1.00000
Site   178 dN/dS =      0.00000 Full Log(L) =    -12.67048 LRT =      1.00508 p-value =      0.15804
Site   179 dN/dS =      1.90013 Full Log(L) =    -15.75152 LRT =      0.33439 p-value =      0.28154
Site   180 dN/dS =      1.00000 Full Log(L) =      0.00000 LRT =      0.00000 p-value =      1.00000
Site   181 dN/dS =      0.00000 Full Log(L) =     -8.54001 LRT =      1.05608 p-value =      0.15206
Site   182 dN/dS =      0.00000 Full Log(L) =    -10.16274 LRT =      0.99217 p-value =      0.15961
Site   183 dN/dS =      1.00000 Full Log(L) =      0.00000 LRT =      0.00000 p-value =      1.00000
Site   184 dN/dS =      1.00000 Full Log(L) =      0.00000 LRT =      0.00000 p-value =      1.00000
Site   185 dN/dS =      1.00000 Full Log(L) =      0.00000 LRT =      0.00000 p-value =      1.00000
Site   186 dN/dS =      1.00000 Full Log(L) =      0.00000 LRT =      0.00000 p-value =      1.00000
Site   187 dN/dS =      1.90134 Full Log(L) =     -8.78843 LRT =      0.33443 p-value =      0.28153
Site   188 dN/dS =      1.72433 Full Log(L) =    -15.41884 LRT =      0.24769 p-value =      0.30935
Site   189 dN/dS =      1.00000 Full Log(L) =      0.00000 LRT =      0.00000 p-value =      1.00000
Site   190 dN/dS =      1.00000 Full Log(L) =      0.00000 LRT =      0.00000 p-value =      1.00000
Site   191 dN/dS =      1.00000 Full Log(L) =      0.00000 LRT =      0.00000 p-value =      1.00000
Site   192 dN/dS =      1.00000 Full Log(L) =      0.00000 LRT =      0.00000 p-value =      1.00000
Site   193 dN/dS =      1.00000 Full Log(L) =      0.00000 LRT =      0.00000 p-value =      1.00000
Site   194 dN/dS =      1.00000 Full Log(L) =      0.00000 LRT =      0.00000 p-value =      1.00000
Site   195 dN/dS =      1.00000 Full Log(L) =      0.00000 LRT =      0.00000 p-value =      1.00000
Site   196 dN/dS =      1.00000 Full Log(L) =      0.00000 LRT =      0.00000 p-value =      1.00000
Site   197 dN/dS =      1.00000 Full Log(L) =      0.00000 LRT =      0.00000 p-value =      1.00000
Site   198 dN/dS =      1.00000 Full Log(L) =      0.00000 LRT =      0.00000 p-value =      1.00000
Site   199 dN/dS =      1.00000 Full Log(L) =      0.00000 LRT =      0.00000 p-value =      1.00000
Site   200 dN/dS =      1.00000 Full Log(L) =      0.00000 LRT =      0.00000 p-value =      1.00000
Site   201 dN/dS =      1.00000 Full Log(L) =      0.00000 LRT =      0.00000 p-value =      1.00000
Site   202 dN/dS =      1.00000 Full Log(L) =      0.00000 LRT =      0.00000 p-value =      1.00000
Site   203 dN/dS =      0.00000 Full Log(L) =    -16.49902 LRT =      0.97867 p-value =      0.16126
Site   204 dN/dS =      1.00000 Full Log(L) =      0.00000 LRT =      0.00000 p-value =      1.00000
Site   205 dN/dS =      1.00000 Full Log(L) =      0.00000 LRT =      0.00000 p-value =      1.00000
Site   206 dN/dS =      1.00000 Full Log(L) =      0.00000 LRT =      0.00000 p-value =      1.00000
Site   207 dN/dS =      1.00000 Full Log(L) =      0.00000 LRT =      0.00000 p-value =      1.00000
Site   208 dN/dS =      2.08949 Full Log(L) =    -11.73742 LRT =      0.42808 p-value =      0.25647
Site   209 dN/dS =      1.00000 Full Log(L) =      0.00000 LRT =      0.00000 p-value =      1.00000
Site   210 dN/dS =      1.00000 Full Log(L) =      0.00000 LRT =      0.00000 p-value =      1.00000
Site   211 dN/dS =      1.00000 Full Log(L) =      0.00000 LRT =      0.00000 p-value =      1.00000
Site   212 dN/dS =      2.03553 Full Log(L) =    -14.20048 LRT =      0.40113 p-value =      0.26325
Site   213 dN/dS =      2.89972 Full Log(L) =     -8.87372 LRT =      0.81323 p-value =      0.18358
Site   214 dN/dS =      1.00000 Full Log(L) =      0.00000 LRT =      0.00000 p-value =      1.00000
Site   215 dN/dS =      1.00000 Full Log(L) =      0.00000 LRT =      0.00000 p-value =      1.00000
Site   216 dN/dS =      1.00000 Full Log(L) =      0.00000 LRT =      0.00000 p-value =      1.00000
Site   217 dN/dS =      1.93905 Full Log(L) =     -9.52907 LRT =      0.35307 p-value =      0.27619
Site   218 dN/dS =      1.00000 Full Log(L) =      0.00000 LRT =      0.00000 p-value =      1.00000
Site   219 dN/dS =      1.00000 Full Log(L) =      0.00000 LRT =      0.00000 p-value =      1.00000
Site   220 dN/dS =      1.00000 Full Log(L) =      0.00000 LRT =      0.00000 p-value =      1.00000
Site   221 dN/dS =      1.00000 Full Log(L) =      0.00000 LRT =      0.00000 p-value =      1.00000
Site   222 dN/dS =      1.00000 Full Log(L) =      0.00000 LRT =      0.00000 p-value =      1.00000
Site   223 dN/dS =      1.00000 Full Log(L) =      0.00000 LRT =      0.00000 p-value =      1.00000
Site   224 dN/dS =      1.00000 Full Log(L) =      0.00000 LRT =      0.00000 p-value =      1.00000
Site   225 dN/dS =      1.63327 Full Log(L) =    -10.39079 LRT =      0.20440 p-value =      0.32559
Site   226 dN/dS =      1.00000 Full Log(L) =      0.00000 LRT =      0.00000 p-value =      1.00000
Site   227 dN/dS =      1.00000 Full Log(L) =      0.00000 LRT =      0.00000 p-value =      1.00000
Site   228 dN/dS =      1.00000 Full Log(L) =      0.00000 LRT =      0.00000 p-value =      1.00000
Site   229 dN/dS =      1.00000 Full Log(L) =      0.00000 LRT =      0.00000 p-value =      1.00000
Site   230 dN/dS =      1.00000 Full Log(L) =      0.00000 LRT =      0.00000 p-value =      1.00000
Site   231 dN/dS =      0.00000 Full Log(L) =    -10.15756 LRT =      1.00508 p-value =      0.15804
Site   232 dN/dS =      1.81713 Full Log(L) =     -8.28050 LRT =      0.29300 p-value =      0.29415
Site   233 dN/dS =      1.00000 Full Log(L) =      0.00000 LRT =      0.00000 p-value =      1.00000
Site   234 dN/dS =      0.00000 Full Log(L) =    -16.13407 LRT =      1.17853 p-value =      0.13883
Site   235 dN/dS =      4.89793 Full Log(L) =    -18.62656 LRT =      3.14290 p-value =      0.03813 *P
Site   236 dN/dS =      1.00000 Full Log(L) =      0.00000 LRT =      0.00000 p-value =      1.00000
Site   237 dN/dS =      0.00000 Full Log(L) =    -10.69508 LRT =      1.00508 p-value =      0.15804
Site   238 dN/dS =      1.00000 Full Log(L) =      0.00000 LRT =      0.00000 p-value =      1.00000
Site   239 dN/dS =      0.00000 Full Log(L) =     -9.38621 LRT =      0.99217 p-value =      0.15961
Site   240 dN/dS =      0.00000 Full Log(L) =     -9.20788 LRT =      1.18097 p-value =      0.13858
Site   241 dN/dS =      0.00000 Full Log(L) =     -9.51941 LRT =      1.18032 p-value =      0.13865
Site   242 dN/dS =      5.43507 Full Log(L) =    -24.77278 LRT =      2.69525 p-value =      0.05032 *P
Site   243 dN/dS =      1.00000 Full Log(L) =      0.00000 LRT =      0.00000 p-value =      1.00000
Site   244 dN/dS =      0.00000 Full Log(L) =     -8.81305 LRT =      1.23571 p-value =      0.13315
Site   245 dN/dS =      3.39984 Full Log(L) =    -16.72091 LRT =      1.06388 p-value =      0.15117
Site   246 dN/dS =      1.00000 Full Log(L) =      0.00000 LRT =      0.00000 p-value =      1.00000
Site   247 dN/dS =      1.00000 Full Log(L) =      0.00000 LRT =      0.00000 p-value =      1.00000
Site   248 dN/dS =      1.00000 Full Log(L) =      0.00000 LRT =      0.00000 p-value =      1.00000
Site   249 dN/dS =      2.43912 Full Log(L) =    -10.81292 LRT =      0.59847 p-value =      0.21958
Site   250 dN/dS =      1.00000 Full Log(L) =      0.00000 LRT =      0.00000 p-value =      1.00000
Site   251 dN/dS =      1.00000 Full Log(L) =      0.00000 LRT =      0.00000 p-value =      1.00000
Site   252 dN/dS =      1.00000 Full Log(L) =      0.00000 LRT =      0.00000 p-value =      1.00000
Site   253 dN/dS =      1.00000 Full Log(L) =      0.00000 LRT =      0.00000 p-value =      1.00000
Site   254 dN/dS =      1.00000 Full Log(L) =      0.00000 LRT =      0.00000 p-value =      1.00000
Site   255 dN/dS =      1.00000 Full Log(L) =      0.00000 LRT =      0.00000 p-value =      1.00000
Site   256 dN/dS =      1.00000 Full Log(L) =      0.00000 LRT =      0.00000 p-value =      1.00000
Site   257 dN/dS =      1.00000 Full Log(L) =      0.00000 LRT =      0.00000 p-value =      1.00000
Site   258 dN/dS =      1.00000 Full Log(L) =      0.00000 LRT =      0.00000 p-value =      1.00000
Site   259 dN/dS =      1.00000 Full Log(L) =      0.00000 LRT =      0.00000 p-value =      1.00000
Site   260 dN/dS =      1.00000 Full Log(L) =      0.00000 LRT =      0.00000 p-value =      1.00000
Site   261 dN/dS =      1.00000 Full Log(L) =      0.00000 LRT =      0.00000 p-value =      1.00000
Site   262 dN/dS =      6.00421 Full Log(L) =    -30.27951 LRT =      5.64987 p-value =      0.00873 *P
Site   263 dN/dS =      1.00000 Full Log(L) =      0.00000 LRT =      0.00000 p-value =      1.00000
Site   264 dN/dS =      4.18088 Full Log(L) =    -15.73799 LRT =      2.65327 p-value =      0.05167 *P
Site   265 dN/dS =      1.00000 Full Log(L) =      0.00000 LRT =      0.00000 p-value =      1.00000
Site   266 dN/dS =      1.00000 Full Log(L) =      0.00000 LRT =      0.00000 p-value =      1.00000
Site   267 dN/dS =      0.00000 Full Log(L) =    -11.07019 LRT =      0.59566 p-value =      0.22012
Site   268 dN/dS =      1.00000 Full Log(L) =      0.00000 LRT =      0.00000 p-value =      1.00000
Site   269 dN/dS =      1.00000 Full Log(L) =      0.00000 LRT =      0.00000 p-value =      1.00000
Site   270 dN/dS =      1.00000 Full Log(L) =      0.00000 LRT =      0.00000 p-value =      1.00000
Site   271 dN/dS =      0.00000 Full Log(L) =     -9.75645 LRT =      1.00572 p-value =      0.15797
Site   272 dN/dS =      1.00000 Full Log(L) =      0.00000 LRT =      0.00000 p-value =      1.00000
Site   273 dN/dS =      1.00000 Full Log(L) =      0.00000 LRT =      0.00000 p-value =      1.00000
Site   274 dN/dS =      1.00000 Full Log(L) =      0.00000 LRT =      0.00000 p-value =      1.00000
Site   275 dN/dS =      1.00000 Full Log(L) =      0.00000 LRT =      0.00000 p-value =      1.00000
Site   276 dN/dS =      3.97856 Full Log(L) =    -16.98831 LRT =      2.50242 p-value =      0.05684 *P
Site   277 dN/dS =      0.00000 Full Log(L) =     -9.84822 LRT =      0.69261 p-value =      0.20264
Site   278 dN/dS =      1.91099 Full Log(L) =    -10.66563 LRT =      0.33914 p-value =      0.28016
Site   279 dN/dS =      1.00000 Full Log(L) =      0.00000 LRT =      0.00000 p-value =      1.00000
Site   280 dN/dS =      2.06550 Full Log(L) =    -10.63377 LRT =      0.41541 p-value =      0.25962
Site   281 dN/dS =      1.00000 Full Log(L) =      0.00000 LRT =      0.00000 p-value =      1.00000
Site   282 dN/dS =      0.00000 Full Log(L) =    -12.33705 LRT =      0.73335 p-value =      0.19590
Site   283 dN/dS =      1.00000 Full Log(L) =      0.00000 LRT =      0.00000 p-value =      1.00000
Site   284 dN/dS =      1.00000 Full Log(L) =      0.00000 LRT =      0.00000 p-value =      1.00000
Site   285 dN/dS =      0.00000 Full Log(L) =     -8.95226 LRT =      1.18039 p-value =      0.13864
Site   286 dN/dS =      1.00000 Full Log(L) =      0.00000 LRT =      0.00000 p-value =      1.00000
Site   287 dN/dS =      1.00000 Full Log(L) =      0.00000 LRT =      0.00000 p-value =      1.00000
Site   288 dN/dS =      1.00000 Full Log(L) =      0.00000 LRT =      0.00000 p-value =      1.00000
Site   289 dN/dS =      0.00000 Full Log(L) =    -11.36001 LRT =      1.00508 p-value =      0.15804
Site   290 dN/dS =      1.00000 Full Log(L) =      0.00000 LRT =      0.00000 p-value =      1.00000
Site   291 dN/dS =      3.77742 Full Log(L) =    -16.76609 LRT =      2.37048 p-value =      0.06182 *P
Site   292 dN/dS =      1.00000 Full Log(L) =      0.00000 LRT =      0.00000 p-value =      1.00000
Site   293 dN/dS =      1.00000 Full Log(L) =      0.00000 LRT =      0.00000 p-value =      1.00000
Site   294 dN/dS =      1.69175 Full Log(L) =     -8.85280 LRT =      0.23215 p-value =      0.31497
Site   295 dN/dS =      1.00000 Full Log(L) =      0.00000 LRT =      0.00000 p-value =      1.00000
Site   296 dN/dS =      1.00000 Full Log(L) =      0.00000 LRT =      0.00000 p-value =      1.00000
Site   297 dN/dS =      1.00000 Full Log(L) =      0.00000 LRT =      0.00000 p-value =      1.00000
Site   298 dN/dS =      1.00000 Full Log(L) =      0.00000 LRT =      0.00000 p-value =      1.00000
Site   299 dN/dS =      0.00000 Full Log(L) =     -9.08257 LRT =      0.97867 p-value =      0.16126
Site   300 dN/dS =      0.00000 Full Log(L) =    -11.76576 LRT =      1.00508 p-value =      0.15804
Site   301 dN/dS =      1.00000 Full Log(L) =      0.00000 LRT =      0.00000 p-value =      1.00000
Site   302 dN/dS =      1.00000 Full Log(L) =      0.00000 LRT =      0.00000 p-value =      1.00000
Site   303 dN/dS =      1.00000 Full Log(L) =      0.00000 LRT =      0.00000 p-value =      1.00000
Site   304 dN/dS =      0.00000 Full Log(L) =     -9.87368 LRT =      0.95616 p-value =      0.16408
Site   305 dN/dS =      1.00000 Full Log(L) =      0.00000 LRT =      0.00000 p-value =      1.00000
Site   306 dN/dS =      1.00000 Full Log(L) =      0.00000 LRT =      0.00000 p-value =      1.00000
Site   307 dN/dS =      1.00000 Full Log(L) =      0.00000 LRT =      0.00000 p-value =      1.00000
Site   308 dN/dS =      1.00000 Full Log(L) =      0.00000 LRT =      0.00000 p-value =      1.00000
Site   309 dN/dS =      1.00000 Full Log(L) =      0.00000 LRT =      0.00000 p-value =      1.00000
Site   310 dN/dS =      1.00000 Full Log(L) =      0.00000 LRT =      0.00000 p-value =      1.00000
Site   311 dN/dS =      1.00000 Full Log(L) =      0.00000 LRT =      0.00000 p-value =      1.00000
Site   312 dN/dS =      1.00000 Full Log(L) =      0.00000 LRT =      0.00000 p-value =      1.00000
Site   313 dN/dS =      2.01727 Full Log(L) =    -13.25677 LRT =      0.39231 p-value =      0.26554
Site   314 dN/dS =      1.00000 Full Log(L) =      0.00000 LRT =      0.00000 p-value =      1.00000
Site   315 dN/dS =      1.00000 Full Log(L) =      0.00000 LRT =      0.00000 p-value =      1.00000
Site   316 dN/dS =      0.00000 Full Log(L) =    -11.74099 LRT =      0.95597 p-value =      0.16410
Site   317 dN/dS =      0.00000 Full Log(L) =    -11.31984 LRT =      0.97867 p-value =      0.16126
Site   318 dN/dS =      1.00000 Full Log(L) =      0.00000 LRT =      0.00000 p-value =      1.00000
Site   319 dN/dS =      0.00000 Full Log(L) =    -10.40716 LRT =      1.18030 p-value =      0.13865
Site   320 dN/dS =      1.87743 Full Log(L) =    -16.82849 LRT =      0.32317 p-value =      0.28485
Site   321 dN/dS =      0.00000 Full Log(L) =     -9.08924 LRT =      1.06566 p-value =      0.15096
Site   322 dN/dS =      1.00000 Full Log(L) =      0.00000 LRT =      0.00000 p-value =      1.00000
Site   323 dN/dS =      1.00000 Full Log(L) =      0.00000 LRT =      0.00000 p-value =      1.00000
Site   324 dN/dS =      1.00000 Full Log(L) =      0.00000 LRT =      0.00000 p-value =      1.00000
Site   325 dN/dS =      2.03491 Full Log(L) =     -9.34588 LRT =      0.40093 p-value =      0.26330
Site   326 dN/dS =      1.00000 Full Log(L) =      0.00000 LRT =      0.00000 p-value =      1.00000
Site   327 dN/dS =      1.00000 Full Log(L) =      0.00000 LRT =      0.00000 p-value =      1.00000
Site   328 dN/dS =      1.00000 Full Log(L) =      0.00000 LRT =      0.00000 p-value =      1.00000
Site   329 dN/dS =      0.00000 Full Log(L) =    -11.58882 LRT =      0.97867 p-value =      0.16126
Site   330 dN/dS =      1.00000 Full Log(L) =      0.00000 LRT =      0.00000 p-value =      1.00000
Site   331 dN/dS =      0.00000 Full Log(L) =    -12.80571 LRT =      0.97861 p-value =      0.16127
Site   332 dN/dS =      1.00000 Full Log(L) =      0.00000 LRT =      0.00000 p-value =      1.00000
Site   333 dN/dS =      1.00000 Full Log(L) =      0.00000 LRT =      0.00000 p-value =      1.00000
Site   334 dN/dS =      1.00000 Full Log(L) =      0.00000 LRT =      0.00000 p-value =      1.00000
Site   335 dN/dS =      1.00000 Full Log(L) =      0.00000 LRT =      0.00000 p-value =      1.00000
Site   336 dN/dS =      1.00000 Full Log(L) =      0.00000 LRT =      0.00000 p-value =      1.00000
Site   337 dN/dS =      1.00000 Full Log(L) =      0.00000 LRT =      0.00000 p-value =      1.00000
Site   338 dN/dS =      1.00000 Full Log(L) =      0.00000 LRT =      0.00000 p-value =      1.00000
Site   339 dN/dS =      1.00000 Full Log(L) =      0.00000 LRT =      0.00000 p-value =      1.00000
Site   340 dN/dS =      1.00000 Full Log(L) =      0.00000 LRT =      0.00000 p-value =      1.00000
Site   341 dN/dS =      1.00000 Full Log(L) =      0.00000 LRT =      0.00000 p-value =      1.00000
Site   342 dN/dS =      1.00000 Full Log(L) =      0.00000 LRT =      0.00000 p-value =      1.00000
Site   343 dN/dS =      1.00000 Full Log(L) =      0.00000 LRT =      0.00000 p-value =      1.00000
Site   344 dN/dS =      1.00000 Full Log(L) =      0.00000 LRT =      0.00000 p-value =      1.00000
Site   345 dN/dS =      1.00000 Full Log(L) =      0.00000 LRT =      0.00000 p-value =      1.00000
Site   346 dN/dS =      0.00000 Full Log(L) =     -4.36342 LRT =      0.75464 p-value =      0.19251
Site   347 dN/dS =      0.00000 Full Log(L) =     -3.67333 LRT =      0.74598 p-value =      0.19388
Site   348 dN/dS =      0.00000 Full Log(L) =     -8.91686 LRT =      0.61921 p-value =      0.21567
Site   349 dN/dS =      0.00000 Full Log(L) =     -4.36342 LRT =      0.75464 p-value =      0.19251
Site   350 dN/dS =      0.00000 Full Log(L) =     -4.27260 LRT =      0.68606 p-value =      0.20375
Site   351 dN/dS =      0.00000 Full Log(L) =     -4.02609 LRT =      0.61139 p-value =      0.21713
Site   352 dN/dS =      0.00000 Full Log(L) =     -4.27260 LRT =      0.68606 p-value =      0.20375
Site   353 dN/dS =      0.00000 Full Log(L) =     -4.31108 LRT =      0.75464 p-value =      0.19251
Site   354 dN/dS =      0.00000 Full Log(L) =     -4.31987 LRT =      0.62017 p-value =      0.21549
Site   355 dN/dS =      0.00000 Full Log(L) =     -3.67333 LRT =      0.74598 p-value =      0.19388
Site   356 dN/dS =      0.00000 Full Log(L) =    -10.82324 LRT =      0.68710 p-value =      0.20358
Site   357 dN/dS =      0.00000 Full Log(L) =     -3.56498 LRT =      0.67568 p-value =      0.20554
Site   358 dN/dS =      0.00000 Full Log(L) =     -4.31108 LRT =      0.75464 p-value =      0.19251
Site   359 dN/dS =      0.00000 Full Log(L) =     -4.49034 LRT =      0.42910 p-value =      0.25622
Site   360 dN/dS =      0.00000 Full Log(L) =     -4.07048 LRT =      0.68721 p-value =      0.20356
Site   361 dN/dS =      0.00000 Full Log(L) =     -4.07797 LRT =      0.70909 p-value =      0.19987
Site   362 dN/dS =      0.00000 Full Log(L) =     -4.08130 LRT =      0.93837 p-value =      0.16635
Site   363 dN/dS =      0.00000 Full Log(L) =     -3.99216 LRT =      0.63434 p-value =      0.21288
Site   364 dN/dS =      0.00000 Full Log(L) =     -3.85015 LRT =      0.73603 p-value =      0.19547
Site   365 dN/dS =      0.00000 Full Log(L) =     -4.31108 LRT =      0.75464 p-value =      0.19251
Site   366 dN/dS =      0.00000 Full Log(L) =     -4.49034 LRT =      0.42910 p-value =      0.25622
Site   367 dN/dS =      0.00000 Full Log(L) =     -3.94056 LRT =      0.52921 p-value =      0.23347
Site   368 dN/dS =      0.00000 Full Log(L) =     -4.31108 LRT =      0.75464 p-value =      0.19251
Site   369 dN/dS =      0.00000 Full Log(L) =     -4.31987 LRT =      0.62017 p-value =      0.21549
Site   370 dN/dS =      0.00000 Full Log(L) =     -4.31828 LRT =      0.75631 p-value =      0.19224
Site   371 dN/dS =      0.00000 Full Log(L) =     -4.27183 LRT =      0.69254 p-value =      0.20265
Site   372 dN/dS =      0.00000 Full Log(L) =     -9.91299 LRT =      0.47901 p-value =      0.24443
Site   373 dN/dS =      0.00000 Full Log(L) =     -3.56498 LRT =      0.67568 p-value =      0.20554
Site   374 dN/dS =      0.00000 Full Log(L) =     -4.59613 LRT =      0.57556 p-value =      0.22403
Site   375 dN/dS =      0.00000 Full Log(L) =     -4.07048 LRT =      0.68721 p-value =      0.20356
Site   376 dN/dS =      0.00000 Full Log(L) =     -4.36342 LRT =      0.75464 p-value =      0.19251
Site   377 dN/dS =      0.00000 Full Log(L) =     -4.03977 LRT =      0.62571 p-value =      0.21447
Site   378 dN/dS =      0.00000 Full Log(L) =     -4.07797 LRT =      0.70909 p-value =      0.19987
Site   379 dN/dS =      0.00000 Full Log(L) =     -4.04036 LRT =      0.47942 p-value =      0.24434
Site   380 dN/dS =      0.00000 Full Log(L) =    -10.09298 LRT =      0.68606 p-value =      0.20375
Site   381 dN/dS =      0.00000 Full Log(L) =    -10.83700 LRT =      0.68606 p-value =      0.20375
Site   382 dN/dS =      0.00000 Full Log(L) =     -3.79781 LRT =      0.73603 p-value =      0.19547
Site   383 dN/dS =      0.00000 Full Log(L) =     -4.69930 LRT =      0.59085 p-value =      0.22104
Site   384 dN/dS =      0.00000 Full Log(L) =     -3.33351 LRT =      0.62684 p-value =      0.21426
Site   385 dN/dS =      0.00000 Full Log(L) =     -4.08243 LRT =      0.79061 p-value =      0.18696
Site   386 dN/dS =      0.00000 Full Log(L) =     -4.27289 LRT =      0.62571 p-value =      0.21447
Site   387 dN/dS =      0.00000 Full Log(L) =     -4.04036 LRT =      0.47942 p-value =      0.24434
Site   388 dN/dS =      0.00000 Full Log(L) =     -4.27260 LRT =      0.68606 p-value =      0.20375
Site   389 dN/dS =      0.00000 Full Log(L) =     -4.27260 LRT =      0.68606 p-value =      0.20375
Site   390 dN/dS =      0.00000 Full Log(L) =     -4.02609 LRT =      0.61139 p-value =      0.21713
Site   391 dN/dS =      0.00000 Full Log(L) =     -3.85015 LRT =      0.73603 p-value =      0.19547
Site   392 dN/dS =      0.00000 Full Log(L) =     -4.04036 LRT =      0.47942 p-value =      0.24434
Site   393 dN/dS =      0.00000 Full Log(L) =     -4.02609 LRT =      0.61139 p-value =      0.21713
Site   394 dN/dS =      0.00000 Full Log(L) =     -3.61732 LRT =      0.67568 p-value =      0.20554
Site   395 dN/dS =      0.00000 Full Log(L) =     -4.58212 LRT =      0.75463 p-value =      0.19251
Site   396 dN/dS =      0.00000 Full Log(L) =     -9.89757 LRT =      0.62668 p-value =      0.21429
Site   397 dN/dS =      0.00000 Full Log(L) =     -5.07525 LRT =      0.38103 p-value =      0.26853
Site   398 dN/dS =      0.00000 Full Log(L) =     -3.56498 LRT =      0.67568 p-value =      0.20554
Site   399 dN/dS =      0.00000 Full Log(L) =     -8.71602 LRT =      0.75334 p-value =      0.19271
Site   400 dN/dS =      0.00000 Full Log(L) =     -4.10748 LRT =      0.36506 p-value =      0.27285
Site   401 dN/dS =      6.74481 Full Log(L) =    -18.44789 LRT =      4.17783 p-value =      0.02048 *P
Site   402 dN/dS =      0.00000 Full Log(L) =     -4.07048 LRT =      0.68721 p-value =      0.20356
Site   403 dN/dS =      0.00000 Full Log(L) =     -3.33351 LRT =      0.62684 p-value =      0.21426
Site   404 dN/dS =      0.00000 Full Log(L) =     -4.54392 LRT =      0.62571 p-value =      0.21447
Site   405 dN/dS =      0.00000 Full Log(L) =     -3.61732 LRT =      0.67568 p-value =      0.20554
Site   406 dN/dS =      0.00000 Full Log(L) =    -10.17244 LRT =      0.68705 p-value =      0.20359
Site   407 dN/dS =      0.00000 Full Log(L) =     -3.33351 LRT =      0.62684 p-value =      0.21426
Site   408 dN/dS =      0.00000 Full Log(L) =     -4.31987 LRT =      0.62017 p-value =      0.21549
Site   409 dN/dS =      0.00000 Full Log(L) =     -4.27183 LRT =      0.69254 p-value =      0.20265
Site   410 dN/dS =      0.00000 Full Log(L) =     -4.04036 LRT =      0.47942 p-value =      0.24434
Site   411 dN/dS =      0.00000 Full Log(L) =     -4.02609 LRT =      0.61139 p-value =      0.21713
Site   412 dN/dS =      0.00000 Full Log(L) =     -3.56634 LRT =      0.68718 p-value =      0.20356
Site   413 dN/dS =      0.00000 Full Log(L) =     -8.50611 LRT =      0.62618 p-value =      0.21438
Site   414 dN/dS =      0.00000 Full Log(L) =     -3.56634 LRT =      0.68718 p-value =      0.20356
Site   415 dN/dS =      0.00000 Full Log(L) =     -4.31987 LRT =      0.62017 p-value =      0.21549
Site   416 dN/dS =      0.00000 Full Log(L) =     -4.36301 LRT =      0.46658 p-value =      0.24728
Site   417 dN/dS =      0.00000 Full Log(L) =     -3.56634 LRT =      0.68718 p-value =      0.20356
Site   418 dN/dS =      0.00000 Full Log(L) =     -3.99216 LRT =      0.63434 p-value =      0.21288
Site   419 dN/dS =      0.00000 Full Log(L) =     -3.56634 LRT =      0.68718 p-value =      0.20356
Site   420 dN/dS =      0.00000 Full Log(L) =     -4.58212 LRT =      0.75463 p-value =      0.19251
Site   421 dN/dS =      0.00000 Full Log(L) =     -3.81414 LRT =      0.71075 p-value =      0.19960
Site   422 dN/dS =      0.00000 Full Log(L) =     -3.97375 LRT =      0.61139 p-value =      0.21713
Site   423 dN/dS =      0.00000 Full Log(L) =     -4.54450 LRT =      0.47945 p-value =      0.24434
Site   424 dN/dS =      0.00000 Full Log(L) =     -3.85015 LRT =      0.73603 p-value =      0.19547
Site   425 dN/dS =      0.00000 Full Log(L) =     -9.68056 LRT =      0.59085 p-value =      0.22105
Site   426 dN/dS =      0.00000 Full Log(L) =     -4.07048 LRT =      0.68721 p-value =      0.20356
Site   427 dN/dS =      0.00000 Full Log(L) =     -3.33351 LRT =      0.62684 p-value =      0.21426
Site   428 dN/dS =      0.00000 Full Log(L) =     -3.88823 LRT =      0.52921 p-value =      0.23347
Site   429 dN/dS =      0.00000 Full Log(L) =     -4.22528 LRT =      0.63434 p-value =      0.21288
Site   430 dN/dS =      0.00000 Full Log(L) =     -3.56634 LRT =      0.68718 p-value =      0.20356
Site   431 dN/dS =      0.00000 Full Log(L) =     -3.85015 LRT =      0.73603 p-value =      0.19547
Site   432 dN/dS =      0.00000 Full Log(L) =     -4.27289 LRT =      0.62571 p-value =      0.21447
Site   433 dN/dS =      0.00000 Full Log(L) =     -3.33351 LRT =      0.62684 p-value =      0.21426
Site   434 dN/dS =      0.00000 Full Log(L) =     -3.67333 LRT =      0.74598 p-value =      0.19388
Site   435 dN/dS =      0.00000 Full Log(L) =     -3.79781 LRT =      0.73603 p-value =      0.19547
Site   436 dN/dS =      0.00000 Full Log(L) =     -4.75163 LRT =      0.59085 p-value =      0.22104
Site   437 dN/dS =      0.00000 Full Log(L) =     -4.49034 LRT =      0.42910 p-value =      0.25622
Site   438 dN/dS =      0.00000 Full Log(L) =     -4.59613 LRT =      0.57556 p-value =      0.22403
Site   439 dN/dS =      0.00000 Full Log(L) =     -3.94056 LRT =      0.52921 p-value =      0.23347
Site   440 dN/dS =      0.00000 Full Log(L) =     -7.90611 LRT =      0.67438 p-value =      0.20576
Site   441 dN/dS =      0.00000 Full Log(L) =     -4.77675 LRT =      0.68606 p-value =      0.20375
Site   442 dN/dS =      7.93221 Full Log(L) =    -14.66067 LRT =      5.23006 p-value =      0.01110 *P
Site   443 dN/dS =      0.00000 Full Log(L) =     -4.69930 LRT =      0.59085 p-value =      0.22104
Site   444 dN/dS =      0.00000 Full Log(L) =     -4.69930 LRT =      0.59085 p-value =      0.22104
Site   445 dN/dS =      0.00000 Full Log(L) =     -4.22528 LRT =      0.63434 p-value =      0.21288
Site   446 dN/dS =      0.00000 Full Log(L) =     -8.84619 LRT =      0.68606 p-value =      0.20375
Site   447 dN/dS =      0.00000 Full Log(L) =     -5.07525 LRT =      0.38103 p-value =      0.26853
Site   448 dN/dS =      0.00000 Full Log(L) =     -4.07048 LRT =      0.68721 p-value =      0.20356
Site   449 dN/dS =      0.00000 Full Log(L) =     -9.53374 LRT =      0.67542 p-value =      0.20558
Site   450 dN/dS =      0.00000 Full Log(L) =     -4.04036 LRT =      0.47942 p-value =      0.24434
Site   451 dN/dS =      0.00000 Full Log(L) =     -4.27183 LRT =      0.69254 p-value =      0.20265
Site   452 dN/dS =      0.00000 Full Log(L) =     -4.03977 LRT =      0.62571 p-value =      0.21447
Site   453 dN/dS =      0.00000 Full Log(L) =     -3.97375 LRT =      0.61139 p-value =      0.21713
Site   454 dN/dS =      0.00000 Full Log(L) =     -3.79781 LRT =      0.73603 p-value =      0.19547
Site   455 dN/dS =      0.00000 Full Log(L) =     -4.57109 LRT =      0.38103 p-value =      0.26853
Site   456 dN/dS =      0.00000 Full Log(L) =     -4.27289 LRT =      0.62571 p-value =      0.21447
Site   457 dN/dS =      0.00000 Full Log(L) =     -3.85015 LRT =      0.73603 p-value =      0.19547
Site   458 dN/dS =      0.00000 Full Log(L) =     -4.36301 LRT =      0.46658 p-value =      0.24728
Site   459 dN/dS =      0.00000 Full Log(L) =     -3.56634 LRT =      0.68718 p-value =      0.20356
Site   460 dN/dS =      0.00000 Full Log(L) =     -4.08130 LRT =      0.93837 p-value =      0.16635
Site   461 dN/dS =      0.00000 Full Log(L) =     -3.61732 LRT =      0.67568 p-value =      0.20554
Site   462 dN/dS =      0.00000 Full Log(L) =     -3.33351 LRT =      0.62684 p-value =      0.21426
Site   463 dN/dS =      0.00000 Full Log(L) =    -10.47913 LRT =      0.38103 p-value =      0.26853
Site   464 dN/dS =      0.00000 Full Log(L) =     -4.26753 LRT =      0.62017 p-value =      0.21549
Site   465 dN/dS =      0.00000 Full Log(L) =     -3.56634 LRT =      0.68718 p-value =      0.20356
Site   466 dN/dS =      0.00000 Full Log(L) =     -3.81414 LRT =      0.71075 p-value =      0.19960
Site   467 dN/dS =      0.00000 Full Log(L) =     -4.03977 LRT =      0.62571 p-value =      0.21447
Site   468 dN/dS =      2.72941 Full Log(L) =     -8.58195 LRT =      0.73519 p-value =      0.19560
Site   469 dN/dS =      0.00000 Full Log(L) =     -3.83766 LRT =      0.62687 p-value =      0.21425
Site   470 dN/dS =      0.00000 Full Log(L) =    -10.60513 LRT =      0.47926 p-value =      0.24438
Site   471 dN/dS =      0.00000 Full Log(L) =     -5.07525 LRT =      0.38103 p-value =      0.26853
Site   472 dN/dS =      0.00000 Full Log(L) =    -10.02116 LRT =      0.75551 p-value =      0.19237
Site   473 dN/dS =      0.00000 Full Log(L) =     -3.56634 LRT =      0.68718 p-value =      0.20356
Site   474 dN/dS =      0.00000 Full Log(L) =     -3.56498 LRT =      0.67568 p-value =      0.20554
Site   475 dN/dS =      0.00000 Full Log(L) =     -4.50571 LRT =      0.68606 p-value =      0.20375
Site   476 dN/dS =      0.00000 Full Log(L) =     -4.07048 LRT =      0.68721 p-value =      0.20356
Site   477 dN/dS =      0.00000 Full Log(L) =     -3.85015 LRT =      0.73603 p-value =      0.19547
Site   478 dN/dS =      0.00000 Full Log(L) =     -4.08130 LRT =      0.93837 p-value =      0.16635
Site   479 dN/dS =      0.00000 Full Log(L) =     -4.36342 LRT =      0.75464 p-value =      0.19251
Site   480 dN/dS =      0.00000 Full Log(L) =     -3.56498 LRT =      0.67568 p-value =      0.20554
Site   481 dN/dS =      0.00000 Full Log(L) =     -4.31108 LRT =      0.75464 p-value =      0.19251
Site   482 dN/dS =      0.00000 Full Log(L) =     -8.69446 LRT =      0.68104 p-value =      0.20461
Site   483 dN/dS =      0.00000 Full Log(L) =     -4.31987 LRT =      0.62017 p-value =      0.21549
Site   484 dN/dS =      0.00000 Full Log(L) =     -3.33351 LRT =      0.62684 p-value =      0.21426
Site   485 dN/dS =      0.00000 Full Log(L) =     -3.67333 LRT =      0.74598 p-value =      0.19388
Site   486 dN/dS =      0.00000 Full Log(L) =     -3.94056 LRT =      0.52921 p-value =      0.23347
Site   487 dN/dS =      0.00000 Full Log(L) =     -4.32417 LRT =      0.69254 p-value =      0.20265
Site   488 dN/dS =      0.00000 Full Log(L) =     -3.33351 LRT =      0.62684 p-value =      0.21426
Site   489 dN/dS =      0.00000 Full Log(L) =     -4.35333 LRT =      0.68155 p-value =      0.20453
Site   490 dN/dS =      0.00000 Full Log(L) =     -3.85015 LRT =      0.73603 p-value =      0.19547
Site   491 dN/dS =      0.00000 Full Log(L) =     -3.56498 LRT =      0.67568 p-value =      0.20554
Site   492 dN/dS =      2.94906 Full Log(L) =    -11.22074 LRT =      0.83523 p-value =      0.18038
Site   493 dN/dS =      0.00000 Full Log(L) =     -4.40567 LRT =      0.68155 p-value =      0.20453
Site   494 dN/dS =      0.00000 Full Log(L) =     -3.67333 LRT =      0.74598 p-value =      0.19388
Site   495 dN/dS =      0.00000 Full Log(L) =     -4.58212 LRT =      0.75463 p-value =      0.19251
Site   496 dN/dS =      0.00000 Full Log(L) =     -4.36301 LRT =      0.46658 p-value =      0.24728
Site   497 dN/dS =      0.00000 Full Log(L) =     -4.02609 LRT =      0.61139 p-value =      0.21713
Site   498 dN/dS =      0.00000 Full Log(L) =     -3.81414 LRT =      0.71075 p-value =      0.19960
Site   499 dN/dS =      0.00000 Full Log(L) =     -3.56498 LRT =      0.67568 p-value =      0.20554
Site   500 dN/dS =      0.00000 Full Log(L) =     -4.07797 LRT =      0.70909 p-value =      0.19987
Site   501 dN/dS =      0.00000 Full Log(L) =    -10.64295 LRT =      0.62571 p-value =      0.21447
Site   502 dN/dS =      0.00000 Full Log(L) =     -3.88823 LRT =      0.52921 p-value =      0.23347
Site   503 dN/dS =      2.76988 Full Log(L) =     -8.17361 LRT =      0.75361 p-value =      0.19267
Site   504 dN/dS =      0.00000 Full Log(L) =     -4.27183 LRT =      0.69254 p-value =      0.20265
Site   505 dN/dS =      0.00000 Full Log(L) =     -3.79781 LRT =      0.73603 p-value =      0.19547
Site   506 dN/dS =      0.00000 Full Log(L) =     -3.99216 LRT =      0.63434 p-value =      0.21288
Site   507 dN/dS =      0.00000 Full Log(L) =     -3.94056 LRT =      0.52921 p-value =      0.23347
Site   508 dN/dS =      0.00000 Full Log(L) =     -3.81414 LRT =      0.71075 p-value =      0.19960
Site   509 dN/dS =      0.00000 Full Log(L) =     -3.85015 LRT =      0.73603 p-value =      0.19547
Site   510 dN/dS =      0.00000 Full Log(L) =     -3.56634 LRT =      0.68718 p-value =      0.20356
Site   511 dN/dS =      0.00000 Full Log(L) =     -4.27260 LRT =      0.68606 p-value =      0.20375
Site   512 dN/dS =      0.00000 Full Log(L) =     -4.10748 LRT =      0.36506 p-value =      0.27285
Site   513 dN/dS =      0.00000 Full Log(L) =     -3.61732 LRT =      0.67568 p-value =      0.20554
Site   514 dN/dS =      0.00000 Full Log(L) =     -3.61732 LRT =      0.67568 p-value =      0.20554
Site   515 dN/dS =      0.00000 Full Log(L) =     -5.08761 LRT =      0.64820 p-value =      0.21038
Site   516 dN/dS =      0.00000 Full Log(L) =     -4.31987 LRT =      0.62017 p-value =      0.21549
Site   517 dN/dS =      0.00000 Full Log(L) =    -11.34746 LRT =      0.47937 p-value =      0.24435
Site   518 dN/dS =      0.00000 Full Log(L) =     -4.02609 LRT =      0.61139 p-value =      0.21713
Site   519 dN/dS =      0.00000 Full Log(L) =     -3.33351 LRT =      0.62684 p-value =      0.21426
Site   520 dN/dS =      0.00000 Full Log(L) =     -4.31108 LRT =      0.75464 p-value =      0.19251
Site   521 dN/dS =      0.00000 Full Log(L) =     -4.22528 LRT =      0.63434 p-value =      0.21288
Site   522 dN/dS =      0.00000 Full Log(L) =     -4.07048 LRT =      0.68721 p-value =      0.20356
Site   523 dN/dS =      0.00000 Full Log(L) =     -5.07525 LRT =      0.38103 p-value =      0.26853
Site   524 dN/dS =      0.00000 Full Log(L) =     -3.83766 LRT =      0.62687 p-value =      0.21425
Site   525 dN/dS =      4.36524 Full Log(L) =    -12.16464 LRT =      1.39441 p-value =      0.11883
Site   526 dN/dS =      0.00000 Full Log(L) =    -16.76573 LRT =      0.71270 p-value =      0.19927
Site   527 dN/dS =      0.00000 Full Log(L) =     -3.94056 LRT =      0.52921 p-value =      0.23347
Site   528 dN/dS =      0.00000 Full Log(L) =     -3.33351 LRT =      0.62684 p-value =      0.21426
Site   529 dN/dS =      0.00000 Full Log(L) =     -3.79781 LRT =      0.73603 p-value =      0.19547
Site   530 dN/dS =      0.00000 Full Log(L) =     -4.49034 LRT =      0.42910 p-value =      0.25622
Site   531 dN/dS =      0.00000 Full Log(L) =     -4.02609 LRT =      0.61139 p-value =      0.21713
Site   532 dN/dS =      0.00000 Full Log(L) =    -11.13546 LRT =      0.38103 p-value =      0.26853
Site   533 dN/dS =      0.00000 Full Log(L) =     -4.49034 LRT =      0.42910 p-value =      0.25622
Site   534 dN/dS =      0.00000 Full Log(L) =     -3.97375 LRT =      0.61139 p-value =      0.21713
Site   535 dN/dS =      0.00000 Full Log(L) =     -4.64846 LRT =      0.57556 p-value =      0.22403
Site   536 dN/dS =      0.00000 Full Log(L) =     -4.26753 LRT =      0.62017 p-value =      0.21549
Site   537 dN/dS =      0.00000 Full Log(L) =     -4.55805 LRT =      0.68606 p-value =      0.20375
Site   538 dN/dS =      0.00000 Full Log(L) =     -3.67333 LRT =      0.74598 p-value =      0.19388
Site   539 dN/dS =      0.00000 Full Log(L) =     -4.36301 LRT =      0.46658 p-value =      0.24728
Site   540 dN/dS =      0.00000 Full Log(L) =     -4.40567 LRT =      0.68155 p-value =      0.20453
Site   541 dN/dS =      0.00000 Full Log(L) =     -4.26753 LRT =      0.62017 p-value =      0.21549
Site   542 dN/dS =      0.00000 Full Log(L) =     -4.61162 LRT =      0.40713 p-value =      0.26172
Site   543 dN/dS =      0.00000 Full Log(L) =     -4.69930 LRT =      0.59085 p-value =      0.22104
Site   544 dN/dS =      0.00000 Full Log(L) =     -4.35333 LRT =      0.68155 p-value =      0.20453
Site   545 dN/dS =      3.21488 Full Log(L) =    -20.05114 LRT =      0.95000 p-value =      0.16486
Site   546 dN/dS =      0.00000 Full Log(L) =     -4.22528 LRT =      0.63434 p-value =      0.21288
Site   547 dN/dS =      0.00000 Full Log(L) =     -4.61162 LRT =      0.40713 p-value =      0.26172
Site   548 dN/dS =      0.00000 Full Log(L) =    -10.81856 LRT =      0.48155 p-value =      0.24386
Site   549 dN/dS =      0.00000 Full Log(L) =     -4.58212 LRT =      0.75463 p-value =      0.19251
Site   550 dN/dS =      0.00000 Full Log(L) =     -4.31987 LRT =      0.62017 p-value =      0.21549
Site   551 dN/dS =      0.00000 Full Log(L) =     -4.02609 LRT =      0.61139 p-value =      0.21713
Site   552 dN/dS =      0.00000 Full Log(L) =     -4.08130 LRT =      0.93837 p-value =      0.16635
Site   553 dN/dS =      0.00000 Full Log(L) =     -4.49034 LRT =      0.42910 p-value =      0.25622
Site   554 dN/dS =      0.00000 Full Log(L) =     -4.55805 LRT =      0.68606 p-value =      0.20375
Site   555 dN/dS =      0.00000 Full Log(L) =     -4.40567 LRT =      0.68155 p-value =      0.20453
Site   556 dN/dS =      0.00000 Full Log(L) =     -4.04036 LRT =      0.47942 p-value =      0.24434
Site   557 dN/dS =      0.00000 Full Log(L) =     -3.33351 LRT =      0.62684 p-value =      0.21426
Site   558 dN/dS =      0.00000 Full Log(L) =     -4.36342 LRT =      0.7
Check messages.log details of this run.
5464 p-value =      0.19251
Site   559 dN/dS =      0.00000 Full Log(L) =     -3.61732 LRT =      0.67568 p-value =      0.20554
Site   560 dN/dS =      0.00000 Full Log(L) =     -3.97375 LRT =      0.61139 p-value =      0.21713
Site   561 dN/dS =      0.00000 Full Log(L) =     -4.31828 LRT =      0.75631 p-value =      0.19224
Site   562 dN/dS =      0.00000 Full Log(L) =     -4.40567 LRT =      0.68155 p-value =      0.20453
Site   563 dN/dS =      0.00000 Full Log(L) =     -3.61732 LRT =      0.67568 p-value =      0.20554
Site   564 dN/dS =      0.00000 Full Log(L) =     -3.97375 LRT =      0.61139 p-value =      0.21713
Site   565 dN/dS =      0.00000 Full Log(L) =     -4.40567 LRT =      0.68155 p-value =      0.20453
Site   566 dN/dS =      0.00000 Full Log(L) =     -3.97375 LRT =      0.61139 p-value =      0.21713


Wall-clock run-time (seconds): 1412791334
Process time on the master node: 368.547944
MPI nodes used: 0

Wall-clock time per site (seconds): 6279072.595555556
