
Check messages.log details of this run.
____________
82 species:{CY000641,CY001453,CY003432,CY000857,CY006659,CY000833,CY000681,CY000697,CY003793,CY000817,CY114317,CY114493,CY000809,CY003456,CY000657,CY000601,CY003232,CY000737,CY003216,CY001528,CY000465,CY001397,CY000617,CY000713,CY000633,CY000997,CY001120,CY001445,CY001357,CY003272,CY001277,CY003817,CY000689,CY001176,CY001520,CY090893,CY003280,CY001349,CY000849,CY000665,CY003264,CY000841,EF670537,JF710759,CY002312,CY000801,CY000825,CY000729,CY003224,CY003240,CY003448,EF670536,CY003785,CY000721,EF670531,EF670532,CY003248,CY000981,CY090901,CY002512,CY000457,CY001136,CY001005,CY003440,CY001245,CY090909,CY000609,CY003256,CY000745,CY001365,CY000989,CY000649,CY090885,CY001269,CY000593,CY003809,CY000705,CY001381,JF710761,JF710760,CY003825,CY000673};
Total Sites:1698;
Distinct Sites:133

Phase 1:Nucleotide Model (010010) Model Fit


-3490.95348155752

Phase 2:MG94x(010010) Model Fit



Phase 3:Estimating dN/dS


Nuc->codon scaling factor:1.730279558299261
Raw scaling factor:1.730279558299261
Tree scaling factor(S): 1

Using dN/dS=0.4289713466992087
Codon model:-3424.18944614018

Phase 4: Ancestral State Reconstruction and Counting

<<Significance level for Likelihood Ratio Tests (permissible range = [0,1], default value = 0.1)>>Site     1 dN/dS =      0.00000 Full Log(L) =     -4.05260 LRT =      0.87897 p-value =      0.17424
Site     2 dN/dS =      0.00000 Full Log(L) =     -3.82243 LRT =      0.56969 p-value =      0.22519
Site     3 dN/dS =      0.00000 Full Log(L) =     -4.23983 LRT =      0.58345 p-value =      0.22248
Site     4 dN/dS =      0.00000 Full Log(L) =     -3.98083 LRT =      0.55107 p-value =      0.22894
Site     5 dN/dS =      0.00000 Full Log(L) =     -3.91891 LRT =      0.55107 p-value =      0.22894
Site     6 dN/dS =      0.00000 Full Log(L) =     -4.52596 LRT =      0.66041 p-value =      0.20821
Site     7 dN/dS =      0.00000 Full Log(L) =     -4.62928 LRT =      0.33872 p-value =      0.28028
Site     8 dN/dS =      0.00000 Full Log(L) =     -4.08998 LRT =      0.73313 p-value =      0.19594
Site     9 dN/dS =      4.26025 Full Log(L) =    -10.01683 LRT =      1.36234 p-value =      0.12157
Site    10 dN/dS =      3.67016 Full Log(L) =    -12.69162 LRT =      1.14079 p-value =      0.14274
Site    11 dN/dS =      0.00000 Full Log(L) =    -19.07056 LRT =      0.30981 p-value =      0.28890
Site    12 dN/dS =      0.00000 Full Log(L) =     -4.39095 LRT =      0.62530 p-value =      0.21454
Site    13 dN/dS =     12.43874 Full Log(L) =    -18.12651 LRT =      6.37466 p-value =      0.00579 *P
Site    14 dN/dS =      0.00000 Full Log(L) =     -4.21806 LRT =      0.60199 p-value =      0.21891
Site    15 dN/dS =      0.00000 Full Log(L) =     -4.32194 LRT =      0.53041 p-value =      0.23322
Site    16 dN/dS =      0.00000 Full Log(L) =     -4.52596 LRT =      0.66041 p-value =      0.20821
Site    17 dN/dS =      1.00000 Full Log(L) =      0.00000 LRT =      0.00000 p-value =      1.00000
Site    18 dN/dS =      1.00000 Full Log(L) =      0.00000 LRT =      0.00000 p-value =      1.00000
Site    19 dN/dS =      3.59160 Full Log(L) =    -12.47052 LRT =      1.11122 p-value =      0.14591
Site    20 dN/dS =      6.62226 Full Log(L) =    -17.71111 LRT =      4.15306 p-value =      0.02078 *P
Site    21 dN/dS =      3.17983 Full Log(L) =    -10.76505 LRT =      0.93947 p-value =      0.16621
Site    22 dN/dS =      1.00000 Full Log(L) =      0.00000 LRT =      0.00000 p-value =      1.00000
Site    23 dN/dS =      2.80959 Full Log(L) =    -10.97235 LRT =      0.77520 p-value =      0.18931
Site    24 dN/dS =      1.00000 Full Log(L) =      0.00000 LRT =      0.00000 p-value =      1.00000
Site    25 dN/dS =      1.00000 Full Log(L) =      0.00000 LRT =      0.00000 p-value =      1.00000
Site    26 dN/dS =      1.00000 Full Log(L) =      0.00000 LRT =      0.00000 p-value =      1.00000
Site    27 dN/dS =      1.00000 Full Log(L) =      0.00000 LRT =      0.00000 p-value =      1.00000
Site    28 dN/dS =      1.00000 Full Log(L) =      0.00000 LRT =      0.00000 p-value =      1.00000
Site    29 dN/dS =      1.00000 Full Log(L) =      0.00000 LRT =      0.00000 p-value =      1.00000
Site    30 dN/dS =      1.00000 Full Log(L) =      0.00000 LRT =      0.00000 p-value =      1.00000
Site    31 dN/dS =      1.00000 Full Log(L) =      0.00000 LRT =      0.00000 p-value =      1.00000
Site    32 dN/dS =      0.00000 Full Log(L) =     -9.28261 LRT =      0.74779 p-value =      0.19359
Site    33 dN/dS =      1.00000 Full Log(L) =      0.00000 LRT =      0.00000 p-value =      1.00000
Site    34 dN/dS =      1.00000 Full Log(L) =      0.00000 LRT =      0.00000 p-value =      1.00000
Site    35 dN/dS =      1.00000 Full Log(L) =      0.00000 LRT =      0.00000 p-value =      1.00000
Site    36 dN/dS =      1.00000 Full Log(L) =      0.00000 LRT =      0.00000 p-value =      1.00000
Site    37 dN/dS =      1.00000 Full Log(L) =      0.00000 LRT =      0.00000 p-value =      1.00000
Site    38 dN/dS =      0.00000 Full Log(L) =    -10.73069 LRT =      0.63563 p-value =      0.21265
Site    39 dN/dS =      1.00000 Full Log(L) =      0.00000 LRT =      0.00000 p-value =      1.00000
Site    40 dN/dS =      1.00000 Full Log(L) =      0.00000 LRT =      0.00000 p-value =      1.00000
Site    41 dN/dS =      1.00000 Full Log(L) =      0.00000 LRT =      0.00000 p-value =      1.00000
Site    42 dN/dS =      1.00000 Full Log(L) =      0.00000 LRT =      0.00000 p-value =      1.00000
Site    43 dN/dS =      1.00000 Full Log(L) =      0.00000 LRT =      0.00000 p-value =      1.00000
Site    44 dN/dS =      1.00000 Full Log(L) =      0.00000 LRT =      0.00000 p-value =      1.00000
Site    45 dN/dS =      1.00000 Full Log(L) =      0.00000 LRT =      0.00000 p-value =      1.00000
Site    46 dN/dS =      1.00000 Full Log(L) =      0.00000 LRT =      0.00000 p-value =      1.00000
Site    47 dN/dS =      1.00000 Full Log(L) =      0.00000 LRT =      0.00000 p-value =      1.00000
Site    48 dN/dS =      2.81293 Full Log(L) =    -12.61932 LRT =      0.77669 p-value =      0.18908
Site    49 dN/dS =      6.61603 Full Log(L) =    -15.66417 LRT =      4.14584 p-value =      0.02087 *P
Site    50 dN/dS =      1.00000 Full Log(L) =      0.00000 LRT =      0.00000 p-value =      1.00000
Site    51 dN/dS =      0.00000 Full Log(L) =     -9.84340 LRT =      0.67819 p-value =      0.20511
Site    52 dN/dS =      1.00000 Full Log(L) =      0.00000 LRT =      0.00000 p-value =      1.00000
Site    53 dN/dS =      1.00000 Full Log(L) =      0.00000 LRT =      0.00000 p-value =      1.00000
Site    54 dN/dS =      1.00000 Full Log(L) =      0.00000 LRT =      0.00000 p-value =      1.00000
Site    55 dN/dS =      0.00000 Full Log(L) =    -10.34155 LRT =      0.69274 p-value =      0.20262
Site    56 dN/dS =      1.00000 Full Log(L) =      0.00000 LRT =      0.00000 p-value =      1.00000
Site    57 dN/dS =      1.00000 Full Log(L) =      0.00000 LRT =      0.00000 p-value =      1.00000
Site    58 dN/dS =      0.00000 Full Log(L) =    -16.72013 LRT =      0.33707 p-value =      0.28076
Site    59 dN/dS =      1.00000 Full Log(L) =      0.00000 LRT =      0.00000 p-value =      1.00000
Site    60 dN/dS =      1.00000 Full Log(L) =      0.00000 LRT =      0.00000 p-value =      1.00000
Site    61 dN/dS =      1.00000 Full Log(L) =      0.00000 LRT =      0.00000 p-value =      1.00000
Site    62 dN/dS =      1.00000 Full Log(L) =      0.00000 LRT =      0.00000 p-value =      1.00000
Site    63 dN/dS =      1.00000 Full Log(L) =      0.00000 LRT =      0.00000 p-value =      1.00000
Site    64 dN/dS =      1.00000 Full Log(L) =      0.00000 LRT =      0.00000 p-value =      1.00000
Site    65 dN/dS =      1.00000 Full Log(L) =      0.00000 LRT =      0.00000 p-value =      1.00000
Site    66 dN/dS =      1.00000 Full Log(L) =      0.00000 LRT =      0.00000 p-value =      1.00000
Site    67 dN/dS =      1.00000 Full Log(L) =      0.00000 LRT =      0.00000 p-value =      1.00000
Site    68 dN/dS =      0.00000 Full Log(L) =    -10.90504 LRT =      0.65588 p-value =      0.20901
Site    69 dN/dS =      2.81468 Full Log(L) =     -8.71004 LRT =      0.77759 p-value =      0.18894
Site    70 dN/dS =      2.67154 Full Log(L) =    -11.14730 LRT =      0.71162 p-value =      0.19945
Site    71 dN/dS =      3.22586 Full Log(L) =    -13.57958 LRT =      0.96033 p-value =      0.16355
Site    72 dN/dS =      1.00000 Full Log(L) =      0.00000 LRT =      0.00000 p-value =      1.00000
Site    73 dN/dS =      0.00000 Full Log(L) =    -10.35258 LRT =      0.41791 p-value =      0.25899
Site    74 dN/dS =      3.48333 Full Log(L) =    -10.84701 LRT =      1.06597 p-value =      0.15093
Site    75 dN/dS =      1.00000 Full Log(L) =      0.00000 LRT =      0.00000 p-value =      1.00000
Site    76 dN/dS =      1.00000 Full Log(L) =      0.00000 LRT =      0.00000 p-value =      1.00000
Site    77 dN/dS =      1.00000 Full Log(L) =      0.00000 LRT =      0.00000 p-value =      1.00000
Site    78 dN/dS =      1.00000 Full Log(L) =      0.00000 LRT =      0.00000 p-value =      1.00000
Site    79 dN/dS =      1.00000 Full Log(L) =      0.00000 LRT =      0.00000 p-value =      1.00000
Site    80 dN/dS =      0.00000 Full Log(L) =    -11.59877 LRT =      0.65590 p-value =      0.20901
Site    81 dN/dS =      1.00000 Full Log(L) =      0.00000 LRT =      0.00000 p-value =      1.00000
Site    82 dN/dS =      1.00000 Full Log(L) =      0.00000 LRT =      0.00000 p-value =      1.00000
Site    83 dN/dS =      1.00000 Full Log(L) =      0.00000 LRT =      0.00000 p-value =      1.00000
Site    84 dN/dS =      1.00000 Full Log(L) =      0.00000 LRT =      0.00000 p-value =      1.00000
Site    85 dN/dS =      1.00000 Full Log(L) =      0.00000 LRT =      0.00000 p-value =      1.00000
Site    86 dN/dS =      1.00000 Full Log(L) =      0.00000 LRT =      0.00000 p-value =      1.00000
Site    87 dN/dS =      1.00000 Full Log(L) =      0.00000 LRT =      0.00000 p-value =      1.00000
Site    88 dN/dS =      1.00000 Full Log(L) =      0.00000 LRT =      0.00000 p-value =      1.00000
Site    89 dN/dS =      1.00000 Full Log(L) =      0.00000 LRT =      0.00000 p-value =      1.00000
Site    90 dN/dS =      1.00000 Full Log(L) =      0.00000 LRT =      0.00000 p-value =      1.00000
Site    91 dN/dS =      0.00000 Full Log(L) =    -10.42070 LRT =      0.64743 p-value =      0.21052
Site    92 dN/dS =      1.00000 Full Log(L) =      0.00000 LRT =      0.00000 p-value =      1.00000
Site    93 dN/dS =      1.00000 Full Log(L) =      0.00000 LRT =      0.00000 p-value =      1.00000
Site    94 dN/dS =      1.00000 Full Log(L) =      0.00000 LRT =      0.00000 p-value =      1.00000
Site    95 dN/dS =      1.00000 Full Log(L) =      0.00000 LRT =      0.00000 p-value =      1.00000
Site    96 dN/dS =      0.00000 Full Log(L) =    -18.85645 LRT =      0.41795 p-value =      0.25898
Site    97 dN/dS =      3.16357 Full Log(L) =     -9.09632 LRT =      0.93165 p-value =      0.16722
Site    98 dN/dS =      1.00000 Full Log(L) =      0.00000 LRT =      0.00000 p-value =      1.00000
Site    99 dN/dS =      1.00000 Full Log(L) =      0.00000 LRT =      0.00000 p-value =      1.00000
Site   100 dN/dS =      1.00000 Full Log(L) =      0.00000 LRT =      0.00000 p-value =      1.00000
Site   101 dN/dS =      1.00000 Full Log(L) =      0.00000 LRT =      0.00000 p-value =      1.00000
Site   102 dN/dS =      1.00000 Full Log(L) =      0.00000 LRT =      0.00000 p-value =      1.00000
Site   103 dN/dS =      0.00000 Full Log(L) =    -10.06979 LRT =      0.55622 p-value =      0.22789
Site   104 dN/dS =      1.00000 Full Log(L) =      0.00000 LRT =      0.00000 p-value =      1.00000
Site   105 dN/dS =      1.00000 Full Log(L) =      0.00000 LRT =      0.00000 p-value =      1.00000
Site   106 dN/dS =      1.00000 Full Log(L) =      0.00000 LRT =      0.00000 p-value =      1.00000
Site   107 dN/dS =      2.61228 Full Log(L) =     -9.29025 LRT =      0.68396 p-value =      0.20411
Site   108 dN/dS =      3.37670 Full Log(L) =    -10.21675 LRT =      1.02235 p-value =      0.15598
Site   109 dN/dS =      1.00000 Full Log(L) =      0.00000 LRT =      0.00000 p-value =      1.00000
Site   110 dN/dS =      4.06457 Full Log(L) =    -10.47493 LRT =      1.29124 p-value =      0.12791
Site   111 dN/dS =      1.00000 Full Log(L) =      0.00000 LRT =      0.00000 p-value =      1.00000
Site   112 dN/dS =      1.00000 Full Log(L) =      0.00000 LRT =      0.00000 p-value =      1.00000
Site   113 dN/dS =      1.00000 Full Log(L) =      0.00000 LRT =      0.00000 p-value =      1.00000
Site   114 dN/dS =      1.00000 Full Log(L) =      0.00000 LRT =      0.00000 p-value =      1.00000
Site   115 dN/dS =      3.22120 Full Log(L) =    -10.93122 LRT =      0.95836 p-value =      0.16380
Site   116 dN/dS =      1.00000 Full Log(L) =      0.00000 LRT =      0.00000 p-value =      1.00000
Site   117 dN/dS =      1.00000 Full Log(L) =      0.00000 LRT =      0.00000 p-value =      1.00000
Site   118 dN/dS =      1.00000 Full Log(L) =      0.00000 LRT =      0.00000 p-value =      1.00000
Site   119 dN/dS =      1.00000 Full Log(L) =      0.00000 LRT =      0.00000 p-value =      1.00000
Site   120 dN/dS =      1.00000 Full Log(L) =      0.00000 LRT =      0.00000 p-value =      1.00000
Site   121 dN/dS =      1.00000 Full Log(L) =      0.00000 LRT =      0.00000 p-value =      1.00000
Site   122 dN/dS =      1.00000 Full Log(L) =      0.00000 LRT =      0.00000 p-value =      1.00000
Site   123 dN/dS =      0.00000 Full Log(L) =    -10.71411 LRT =      0.54462 p-value =      0.23026
Site   124 dN/dS =      1.00000 Full Log(L) =      0.00000 LRT =      0.00000 p-value =      1.00000
Site   125 dN/dS =      1.00000 Full Log(L) =      0.00000 LRT =      0.00000 p-value =      1.00000
Site   126 dN/dS =      1.00000 Full Log(L) =      0.00000 LRT =      0.00000 p-value =      1.00000
Site   127 dN/dS =      1.00000 Full Log(L) =      0.00000 LRT =      0.00000 p-value =      1.00000
Site   128 dN/dS =      3.21382 Full Log(L) =    -12.02614 LRT =      0.95399 p-value =      0.16435
Site   129 dN/dS =      1.00000 Full Log(L) =      0.00000 LRT =      0.00000 p-value =      1.00000
Site   130 dN/dS =      1.00000 Full Log(L) =      0.00000 LRT =      0.00000 p-value =      1.00000
Site   131 dN/dS =      1.00000 Full Log(L) =      0.00000 LRT =      0.00000 p-value =      1.00000
Site   132 dN/dS =      1.00000 Full Log(L) =      0.00000 LRT =      0.00000 p-value =      1.00000
Site   133 dN/dS =      1.00000 Full Log(L) =      0.00000 LRT =      0.00000 p-value =      1.00000
Site   134 dN/dS =      1.00000 Full Log(L) =      0.00000 LRT =      0.00000 p-value =      1.00000
Site   135 dN/dS =      1.00000 Full Log(L) =      0.00000 LRT =      0.00000 p-value =      1.00000
Site   136 dN/dS =      1.00000 Full Log(L) =      0.00000 LRT =      0.00000 p-value =      1.00000
Site   137 dN/dS =      1.00000 Full Log(L) =      0.00000 LRT =      0.00000 p-value =      1.00000
Site   138 dN/dS =      1.00000 Full Log(L) =      0.00000 LRT =      0.00000 p-value =      1.00000
Site   139 dN/dS =      1.00000 Full Log(L) =      0.00000 LRT =      0.00000 p-value =      1.00000
Site   140 dN/dS =      1.00000 Full Log(L) =      0.00000 LRT =      0.00000 p-value =      1.00000
Site   141 dN/dS =      1.00000 Full Log(L) =      0.00000 LRT =      0.00000 p-value =      1.00000
Site   142 dN/dS =      1.00000 Full Log(L) =      0.00000 LRT =      0.00000 p-value =      1.00000
Site   143 dN/dS =      1.00000 Full Log(L) =      0.00000 LRT =      0.00000 p-value =      1.00000
Site   144 dN/dS =      1.00000 Full Log(L) =      0.00000 LRT =      0.00000 p-value =      1.00000
Site   145 dN/dS =      1.00000 Full Log(L) =      0.00000 LRT =      0.00000 p-value =      1.00000
Site   146 dN/dS =      1.00000 Full Log(L) =      0.00000 LRT =      0.00000 p-value =      1.00000
Site   147 dN/dS =      1.00000 Full Log(L) =      0.00000 LRT =      0.00000 p-value =      1.00000
Site   148 dN/dS =      1.00000 Full Log(L) =      0.00000 LRT =      0.00000 p-value =      1.00000
Site   149 dN/dS =      1.00000 Full Log(L) =      0.00000 LRT =      0.00000 p-value =      1.00000
Site   150 dN/dS =      1.00000 Full Log(L) =      0.00000 LRT =      0.00000 p-value =      1.00000
Site   151 dN/dS =      1.00000 Full Log(L) =      0.00000 LRT =      0.00000 p-value =      1.00000
Site   152 dN/dS =      1.00000 Full Log(L) =      0.00000 LRT =      0.00000 p-value =      1.00000
Site   153 dN/dS =      3.69040 Full Log(L) =    -10.76886 LRT =      1.15039 p-value =      0.14173
Site   154 dN/dS =      1.00000 Full Log(L) =      0.00000 LRT =      0.00000 p-value =      1.00000
Site   155 dN/dS =      1.00000 Full Log(L) =      0.00000 LRT =      0.00000 p-value =      1.00000
Site   156 dN/dS =      1.00000 Full Log(L) =      0.00000 LRT =      0.00000 p-value =      1.00000
Site   157 dN/dS =      1.00000 Full Log(L) =      0.00000 LRT =      0.00000 p-value =      1.00000
Site   158 dN/dS =      0.00000 Full Log(L) =     -9.78446 LRT =      0.71187 p-value =      0.19941
Site   159 dN/dS =      1.00000 Full Log(L) =      0.00000 LRT =      0.00000 p-value =      1.00000
Site   160 dN/dS =      3.50358 Full Log(L) =    -10.13639 LRT =      1.07416 p-value =      0.15000
Site   161 dN/dS =      1.00000 Full Log(L) =      0.00000 LRT =      0.00000 p-value =      1.00000
Site   162 dN/dS =      1.00000 Full Log(L) =      0.00000 LRT =      0.00000 p-value =      1.00000
Site   163 dN/dS =      1.00000 Full Log(L) =      0.00000 LRT =      0.00000 p-value =      1.00000
Site   164 dN/dS =      1.00000 Full Log(L) =      0.00000 LRT =      0.00000 p-value =      1.00000
Site   165 dN/dS =      1.00000 Full Log(L) =      0.00000 LRT =      0.00000 p-value =      1.00000
Site   166 dN/dS =      1.00000 Full Log(L) =      0.00000 LRT =      0.00000 p-value =      1.00000
Site   167 dN/dS =      1.00000 Full Log(L) =      0.00000 LRT =      0.00000 p-value =      1.00000
Site   168 dN/dS =      1.00000 Full Log(L) =      0.00000 LRT =      0.00000 p-value =      1.00000
Site   169 dN/dS =      1.00000 Full Log(L) =      0.00000 LRT =      0.00000 p-value =      1.00000
Site   170 dN/dS =      0.00000 Full Log(L) =    -18.41227 LRT =      0.35503 p-value =      0.27564
Site   171 dN/dS =      1.00000 Full Log(L) =      0.00000 LRT =      0.00000 p-value =      1.00000
Site   172 dN/dS =      1.00000 Full Log(L) =      0.00000 LRT =      0.00000 p-value =      1.00000
Site   173 dN/dS =      0.00000 Full Log(L) =    -10.37219 LRT =      0.32671 p-value =      0.28380
Site   174 dN/dS =      1.00000 Full Log(L) =      0.00000 LRT =      0.00000 p-value =      1.00000
Site   175 dN/dS =      1.00000 Full Log(L) =      0.00000 LRT =      0.00000 p-value =      1.00000
Site   176 dN/dS =      1.00000 Full Log(L) =      0.00000 LRT =      0.00000 p-value =      1.00000
Site   177 dN/dS =      0.00000 Full Log(L) =     -8.88017 LRT =      0.49524 p-value =      0.24080
Site   178 dN/dS =      1.00000 Full Log(L) =      0.00000 LRT =      0.00000 p-value =      1.00000
Site   179 dN/dS =      2.94083 Full Log(L) =    -11.86228 LRT =      0.83497 p-value =      0.18042
Site   180 dN/dS =      0.00000 Full Log(L) =    -10.93708 LRT =      0.33714 p-value =      0.28074
Site   181 dN/dS =      3.16989 Full Log(L) =    -16.99033 LRT =      0.93399 p-value =      0.16691
Site   182 dN/dS =      1.00000 Full Log(L) =      0.00000 LRT =      0.00000 p-value =      1.00000
Site   183 dN/dS =      3.29041 Full Log(L) =    -17.31359 LRT =      0.98636 p-value =      0.16032
Site   184 dN/dS =      2.17982 Full Log(L) =    -13.30485 LRT =      0.47459 p-value =      0.24544
Site   185 dN/dS =      1.00000 Full Log(L) =      0.00000 LRT =      0.00000 p-value =      1.00000
Site   186 dN/dS =      1.00000 Full Log(L) =      0.00000 LRT =      0.00000 p-value =      1.00000
Site   187 dN/dS =      1.00000 Full Log(L) =      0.00000 LRT =      0.00000 p-value =      1.00000
Site   188 dN/dS =      0.00000 Full Log(L) =    -10.94226 LRT =      0.67826 p-value =      0.20509
Site   189 dN/dS =      6.83481 Full Log(L) =    -17.07267 LRT =      4.24493 p-value =      0.01968 *P
Site   190 dN/dS =      1.00000 Full Log(L) =      0.00000 LRT =      0.00000 p-value =      1.00000
Site   191 dN/dS =      1.00000 Full Log(L) =      0.00000 LRT =      0.00000 p-value =      1.00000
Site   192 dN/dS =      1.00000 Full Log(L) =      0.00000 LRT =      0.00000 p-value =      1.00000
Site   193 dN/dS =      1.00000 Full Log(L) =      0.00000 LRT =      0.00000 p-value =      1.00000
Site   194 dN/dS =      1.00000 Full Log(L) =      0.00000 LRT =      0.00000 p-value =      1.00000
Site   195 dN/dS =      0.00000 Full Log(L) =    -10.42802 LRT =      0.57802 p-value =      0.22355
Site   196 dN/dS =      1.00000 Full Log(L) =      0.00000 LRT =      0.00000 p-value =      1.00000
Site   197 dN/dS =      1.00000 Full Log(L) =      0.00000 LRT =      0.00000 p-value =      1.00000
Site   198 dN/dS =      1.00000 Full Log(L) =      0.00000 LRT =      0.00000 p-value =      1.00000
Site   199 dN/dS =      1.00000 Full Log(L) =      0.00000 LRT =      0.00000 p-value =      1.00000
Site   200 dN/dS =      0.00000 Full Log(L) =    -11.52360 LRT =      0.64750 p-value =      0.21050
Site   201 dN/dS =      1.00000 Full Log(L) =      0.00000 LRT =      0.00000 p-value =      1.00000
Site   202 dN/dS =      1.00000 Full Log(L) =      0.00000 LRT =      0.00000 p-value =      1.00000
Site   203 dN/dS =      1.00000 Full Log(L) =      0.00000 LRT =      0.00000 p-value =      1.00000
Site   204 dN/dS =      1.00000 Full Log(L) =      0.00000 LRT =      0.00000 p-value =      1.00000
Site   205 dN/dS =      1.00000 Full Log(L) =      0.00000 LRT =      0.00000 p-value =      1.00000
Site   206 dN/dS =      1.00000 Full Log(L) =      0.00000 LRT =      0.00000 p-value =      1.00000
Site   207 dN/dS =      1.00000 Full Log(L) =      0.00000 LRT =      0.00000 p-value =      1.00000
Site   208 dN/dS =      1.00000 Full Log(L) =      0.00000 LRT =      0.00000 p-value =      1.00000
Site   209 dN/dS =      0.00000 Full Log(L) =    -11.23586 LRT =      0.76898 p-value =      0.19027
Site   210 dN/dS =      1.00000 Full Log(L) =      0.00000 LRT =      0.00000 p-value =      1.00000
Site   211 dN/dS =      0.00000 Full Log(L) =    -10.68172 LRT =      0.49524 p-value =      0.24080
Site   212 dN/dS =      1.00000 Full Log(L) =      0.00000 LRT =      0.00000 p-value =      1.00000
Site   213 dN/dS =      1.00000 Full Log(L) =      0.00000 LRT =      0.00000 p-value =      1.00000
Site   214 dN/dS =      1.00000 Full Log(L) =      0.00000 LRT =      0.00000 p-value =      1.00000
Site   215 dN/dS =      4.33049 Full Log(L) =     -9.53210 LRT =      1.38897 p-value =      0.11929
Site   216 dN/dS =      0.00000 Full Log(L) =    -10.84672 LRT =      0.77544 p-value =      0.18927
Site   217 dN/dS =      1.00000 Full Log(L) =      0.00000 LRT =      0.00000 p-value =      1.00000
Site   218 dN/dS =      1.00000 Full Log(L) =      0.00000 LRT =      0.00000 p-value =      1.00000
Site   219 dN/dS =      1.00000 Full Log(L) =      0.00000 LRT =      0.00000 p-value =      1.00000
Site   220 dN/dS =      1.00000 Full Log(L) =      0.00000 LRT =      0.00000 p-value =      1.00000
Site   221 dN/dS =      1.00000 Full Log(L) =      0.00000 LRT =      0.00000 p-value =      1.00000
Site   222 dN/dS =      1.00000 Full Log(L) =      0.00000 LRT =      0.00000 p-value =      1.00000
Site   223 dN/dS =      1.00000 Full Log(L) =      0.00000 LRT =      0.00000 p-value =      1.00000
Site   224 dN/dS =      1.00000 Full Log(L) =      0.00000 LRT =      0.00000 p-value =      1.00000
Site   225 dN/dS =      2.61269 Full Log(L) =    -10.14329 LRT =      0.68409 p-value =      0.20409
Site   226 dN/dS =      1.00000 Full Log(L) =      0.00000 LRT =      0.00000 p-value =      1.00000
Site   227 dN/dS =      0.00000 Full Log(L) =    -10.35735 LRT =      0.41791 p-value =      0.25899
Site   228 dN/dS =      1.00000 Full Log(L) =      0.00000 LRT =      0.00000 p-value =      1.00000
Site   229 dN/dS =      1.00000 Full Log(L) =      0.00000 LRT =      0.00000 p-value =      1.00000
Site   230 dN/dS =      1.00000 Full Log(L) =      0.00000 LRT =      0.00000 p-value =      1.00000
Site   231 dN/dS =      1.00000 Full Log(L) =      0.00000 LRT =      0.00000 p-value =      1.00000
Site   232 dN/dS =      3.16494 Full Log(L) =     -9.38437 LRT =      0.93222 p-value =      0.16714
Site   233 dN/dS =      1.00000 Full Log(L) =      0.00000 LRT =      0.00000 p-value =      1.00000
Site   234 dN/dS =      1.00000 Full Log(L) =      0.00000 LRT =      0.00000 p-value =      1.00000
Site   235 dN/dS =      1.00000 Full Log(L) =      0.00000 LRT =      0.00000 p-value =      1.00000
Site   236 dN/dS =      2.83673 Full Log(L) =    -10.83472 LRT =      0.78756 p-value =      0.18742
Site   237 dN/dS =      1.00000 Full Log(L) =      0.00000 LRT =      0.00000 p-value =      1.00000
Site   238 dN/dS =      1.00000 Full Log(L) =      0.00000 LRT =      0.00000 p-value =      1.00000
Site   239 dN/dS =      3.20223 Full Log(L) =    -11.35951 LRT =      0.94904 p-value =      0.16498
Site   240 dN/dS =      1.00000 Full Log(L) =      0.00000 LRT =      0.00000 p-value =      1.00000
Site   241 dN/dS =      1.00000 Full Log(L) =      0.00000 LRT =      0.00000 p-value =      1.00000
Site   242 dN/dS =      1.00000 Full Log(L) =      0.00000 LRT =      0.00000 p-value =      1.00000
Site   243 dN/dS =      1.00000 Full Log(L) =      0.00000 LRT =      0.00000 p-value =      1.00000
Site   244 dN/dS =      0.00000 Full Log(L) =    -10.53107 LRT =      0.76893 p-value =      0.19027
Site   245 dN/dS =     18.19784 Full Log(L) =    -38.17786 LRT =     23.23812 p-value =      0.00000 *P
Site   246 dN/dS =      1.00000 Full Log(L) =      0.00000 LRT =      0.00000 p-value =      1.00000
Site   247 dN/dS =      1.00000 Full Log(L) =      0.00000 LRT =      0.00000 p-value =      1.00000
Site   248 dN/dS =      1.00000 Full Log(L) =      0.00000 LRT =      0.00000 p-value =      1.00000
Site   249 dN/dS =      4.06854 Full Log(L) =    -11.10530 LRT =      1.29270 p-value =      0.12778
Site   250 dN/dS =      1.00000 Full Log(L) =      0.00000 LRT =      0.00000 p-value =      1.00000
Site   251 dN/dS =      1.00000 Full Log(L) =      0.00000 LRT =      0.00000 p-value =      1.00000
Site   252 dN/dS =      1.00000 Full Log(L) =      0.00000 LRT =      0.00000 p-value =      1.00000
Site   253 dN/dS =      1.00000 Full Log(L) =      0.00000 LRT =      0.00000 p-value =      1.00000
Site   254 dN/dS =      1.00000 Full Log(L) =      0.00000 LRT =      0.00000 p-value =      1.00000
Site   255 dN/dS =      1.00000 Full Log(L) =      0.00000 LRT =      0.00000 p-value =      1.00000
Site   256 dN/dS =      1.00000 Full Log(L) =      0.00000 LRT =      0.00000 p-value =      1.00000
Site   257 dN/dS =      1.00000 Full Log(L) =      0.00000 LRT =      0.00000 p-value =      1.00000
Site   258 dN/dS =      1.00000 Full Log(L) =      0.00000 LRT =      0.00000 p-value =      1.00000
Site   259 dN/dS =      1.00000 Full Log(L) =      0.00000 LRT =      0.00000 p-value =      1.00000
Site   260 dN/dS =      1.00000 Full Log(L) =      0.00000 LRT =      0.00000 p-value =      1.00000
Site   261 dN/dS =      1.00000 Full Log(L) =      0.00000 LRT =      0.00000 p-value =      1.00000
Site   262 dN/dS =      1.00000 Full Log(L) =      0.00000 LRT =      0.00000 p-value =      1.00000
Site   263 dN/dS =      0.00000 Full Log(L) =     -9.28267 LRT =      0.76875 p-value =      0.19030
Site   264 dN/dS =      1.00000 Full Log(L) =      0.00000 LRT =      0.00000 p-value =      1.00000
Site   265 dN/dS =      1.00000 Full Log(L) =      0.00000 LRT =      0.00000 p-value =      1.00000
Site   266 dN/dS =      0.00000 Full Log(L) =    -10.72447 LRT =      0.63563 p-value =      0.21265
Site   267 dN/dS =      1.00000 Full Log(L) =      0.00000 LRT =      0.00000 p-value =      1.00000
Site   268 dN/dS =      1.00000 Full Log(L) =      0.00000 LRT =      0.00000 p-value =      1.00000
Site   269 dN/dS =      1.00000 Full Log(L) =      0.00000 LRT =      0.00000 p-value =      1.00000
Site   270 dN/dS =      1.00000 Full Log(L) =      0.00000 LRT =      0.00000 p-value =      1.00000
Site   271 dN/dS =      1.00000 Full Log(L) =      0.00000 LRT =      0.00000 p-value =      1.00000
Site   272 dN/dS =      1.00000 Full Log(L) =      0.00000 LRT =      0.00000 p-value =      1.00000
Site   273 dN/dS =      1.00000 Full Log(L) =      0.00000 LRT =      0.00000 p-value =      1.00000
Site   274 dN/dS =      0.00000 Full Log(L) =    -11.46465 LRT =      0.55634 p-value =      0.22787
Site   275 dN/dS =      1.00000 Full Log(L) =      0.00000 LRT =      0.00000 p-value =      1.00000
Site   276 dN/dS =      0.00000 Full Log(L) =    -11.14245 LRT =      0.72615 p-value =      0.19707
Site   277 dN/dS =      1.00000 Full Log(L) =      0.00000 LRT =      0.00000 p-value =      1.00000
Site   278 dN/dS =      1.00000 Full Log(L) =      0.00000 LRT =      0.00000 p-value =      1.00000
Site   279 dN/dS =      1.00000 Full Log(L) =      0.00000 LRT =      0.00000 p-value =      1.00000
Site   280 dN/dS =      1.00000 Full Log(L) =      0.00000 LRT =      0.00000 p-value =      1.00000
Site   281 dN/dS =      1.00000 Full Log(L) =      0.00000 LRT =      0.00000 p-value =      1.00000
Site   282 dN/dS =      1.00000 Full Log(L) =      0.00000 LRT =      0.00000 p-value =      1.00000
Site   283 dN/dS =      5.60175 Full Log(L) =    -15.25676 LRT =      3.58617 p-value =      0.02913 *P
Site   284 dN/dS =      1.00000 Full Log(L) =      0.00000 LRT =      0.00000 p-value =      1.00000
Site   285 dN/dS =      1.00000 Full Log(L) =      0.00000 LRT =      0.00000 p-value =      1.00000
Site   286 dN/dS =      1.00000 Full Log(L) =      0.00000 LRT =      0.00000 p-value =      1.00000
Site   287 dN/dS =      3.58908 Full Log(L) =    -10.36733 LRT =      1.12068 p-value =      0.14489
Site   288 dN/dS =      2.90678 Full Log(L) =     -9.70162 LRT =      0.81970 p-value =      0.18263
Site   289 dN/dS =      6.62847 Full Log(L) =    -14.76490 LRT =      4.15646 p-value =      0.02074 *P
Site   290 dN/dS =      1.00000 Full Log(L) =      0.00000 LRT =      0.00000 p-value =      1.00000
Site   291 dN/dS =      0.00000 Full Log(L) =    -10.46008 LRT =      0.77670 p-value =      0.18908
Site   292 dN/dS =      6.80277 Full Log(L) =    -15.13701 LRT =      4.22920 p-value =      0.01987 *P
Site   293 dN/dS =      1.00000 Full Log(L) =      0.00000 LRT =      0.00000 p-value =      1.00000
Site   294 dN/dS =      1.00000 Full Log(L) =      0.00000 LRT =      0.00000 p-value =      1.00000
Site   295 dN/dS =      1.00000 Full Log(L) =      0.00000 LRT =      0.00000 p-value =      1.00000
Site   296 dN/dS =      1.00000 Full Log(L) =      0.00000 LRT =      0.00000 p-value =      1.00000
Site   297 dN/dS =      0.00000 Full Log(L) =    -10.21086 LRT =      0.65585 p-value =      0.20901
Site   298 dN/dS =      1.00000 Full Log(L) =      0.00000 LRT =      0.00000 p-value =      1.00000
Site   299 dN/dS =      1.00000 Full Log(L) =      0.00000 LRT =      0.00000 p-value =      1.00000
Site   300 dN/dS =      1.00000 Full Log(L) =      0.00000 LRT =      0.00000 p-value =      1.00000
Site   301 dN/dS =      1.00000 Full Log(L) =      0.00000 LRT =      0.00000 p-value =      1.00000
Site   302 dN/dS =      1.00000 Full Log(L) =      0.00000 LRT =      0.00000 p-value =      1.00000
Site   303 dN/dS =      1.00000 Full Log(L) =      0.00000 LRT =      0.00000 p-value =      1.00000
Site   304 dN/dS =      3.48128 Full Log(L) =     -9.68618 LRT =      1.06516 p-value =      0.15102
Site   305 dN/dS =      1.00000 Full Log(L) =      0.00000 LRT =      0.00000 p-value =      1.00000
Site   306 dN/dS =      1.00000 Full Log(L) =      0.00000 LRT =      0.00000 p-value =      1.00000
Site   307 dN/dS =      1.00000 Full Log(L) =      0.00000 LRT =      0.00000 p-value =      1.00000
Site   308 dN/dS =      1.00000 Full Log(L) =      0.00000 LRT =      0.00000 p-value =      1.00000
Site   309 dN/dS =      1.00000 Full Log(L) =      0.00000 LRT =      0.00000 p-value =      1.00000
Site   310 dN/dS =      1.00000 Full Log(L) =      0.00000 LRT =      0.00000 p-value =      1.00000
Site   311 dN/dS =      1.00000 Full Log(L) =      0.00000 LRT =      0.00000 p-value =      1.00000
Site   312 dN/dS =      1.00000 Full Log(L) =      0.00000 LRT =      0.00000 p-value =      1.00000
Site   313 dN/dS =      1.00000 Full Log(L) =      0.00000 LRT =      0.00000 p-value =      1.00000
Site   314 dN/dS =      1.00000 Full Log(L) =      0.00000 LRT =      0.00000 p-value =      1.00000
Site   315 dN/dS =      1.00000 Full Log(L) =      0.00000 LRT =      0.00000 p-value =      1.00000
Site   316 dN/dS =      1.00000 Full Log(L) =      0.00000 LRT =      0.00000 p-value =      1.00000
Site   317 dN/dS =      1.00000 Full Log(L) =      0.00000 LRT =      0.00000 p-value =      1.00000
Site   318 dN/dS =      1.00000 Full Log(L) =      0.00000 LRT =      0.00000 p-value =      1.00000
Site   319 dN/dS =      1.00000 Full Log(L) =      0.00000 LRT =      0.00000 p-value =      1.00000
Site   320 dN/dS =      0.00000 Full Log(L) =    -21.04202 LRT =      0.69274 p-value =      0.20262
Site   321 dN/dS =      1.00000 Full Log(L) =      0.00000 LRT =      0.00000 p-value =      1.00000
Site   322 dN/dS =      1.00000 Full Log(L) =      0.00000 LRT =      0.00000 p-value =      1.00000
Site   323 dN/dS =      1.00000 Full Log(L) =      0.00000 LRT =      0.00000 p-value =      1.00000
Site   324 dN/dS =      0.00000 Full Log(L) =     -9.98805 LRT =      0.49524 p-value =      0.24080
Site   325 dN/dS =      1.00000 Full Log(L) =      0.00000 LRT =      0.00000 p-value =      1.00000
Site   326 dN/dS =      1.00000 Full Log(L) =      0.00000 LRT =      0.00000 p-value =      1.00000
Site   327 dN/dS =      1.00000 Full Log(L) =      0.00000 LRT =      0.00000 p-value =      1.00000
Site   328 dN/dS =      3.19990 Full Log(L) =    -11.39758 LRT =      0.94725 p-value =      0.16521
Site   329 dN/dS =      1.00000 Full Log(L) =      0.00000 LRT =      0.00000 p-value =      1.00000
Site   330 dN/dS =      1.00000 Full Log(L) =      0.00000 LRT =      0.00000 p-value =      1.00000
Site   331 dN/dS =      1.00000 Full Log(L) =      0.00000 LRT =      0.00000 p-value =      1.00000
Site   332 dN/dS =      1.00000 Full Log(L) =      0.00000 LRT =      0.00000 p-value =      1.00000
Site   333 dN/dS =      1.00000 Full Log(L) =      0.00000 LRT =      0.00000 p-value =      1.00000
Site   334 dN/dS =      1.00000 Full Log(L) =      0.00000 LRT =      0.00000 p-value =      1.00000
Site   335 dN/dS =      1.00000 Full Log(L) =      0.00000 LRT =      0.00000 p-value =      1.00000
Site   336 dN/dS =      1.00000 Full Log(L) =      0.00000 LRT =      0.00000 p-value =      1.00000
Site   337 dN/dS =      1.00000 Full Log(L) =      0.00000 LRT =      0.00000 p-value =      1.00000
Site   338 dN/dS =      1.00000 Full Log(L) =      0.00000 LRT =      0.00000 p-value =      1.00000
Site   339 dN/dS =      1.00000 Full Log(L) =      0.00000 LRT =      0.00000 p-value =      1.00000
Site   340 dN/dS =      1.00000 Full Log(L) =      0.00000 LRT =      0.00000 p-value =      1.00000
Site   341 dN/dS =      1.00000 Full Log(L) =      0.00000 LRT =      0.00000 p-value =      1.00000
Site   342 dN/dS =      1.00000 Full Log(L) =      0.00000 LRT =      0.00000 p-value =      1.00000
Site   343 dN/dS =      1.00000 Full Log(L) =      0.00000 LRT =      0.00000 p-value =      1.00000
Site   344 dN/dS =      1.00000 Full Log(L) =      0.00000 LRT =      0.00000 p-value =      1.00000
Site   345 dN/dS =      1.00000 Full Log(L) =      0.00000 LRT =      0.00000 p-value =      1.00000
Site   346 dN/dS =      0.00000 Full Log(L) =     -4.41092 LRT =      0.74046 p-value =      0.19476
Site   347 dN/dS =      0.00000 Full Log(L) =     -3.57101 LRT =      0.69715 p-value =      0.20187
Site   348 dN/dS =      0.00000 Full Log(L) =     -4.32194 LRT =      0.53041 p-value =      0.23322
Site   349 dN/dS =      0.00000 Full Log(L) =    -10.15859 LRT =      0.74046 p-value =      0.19476
Site   350 dN/dS =      0.00000 Full Log(L) =     -4.25110 LRT =      0.66041 p-value =      0.20821
Site   351 dN/dS =      0.00000 Full Log(L) =     -3.98083 LRT =      0.55107 p-value =      0.22894
Site   352 dN/dS =      0.00000 Full Log(L) =     -4.82360 LRT =      0.66041 p-value =      0.20821
Site   353 dN/dS =      0.00000 Full Log(L) =     -4.34900 LRT =      0.74046 p-value =      0.19476
Site   354 dN/dS =      0.00000 Full Log(L) =     -4.32194 LRT =      0.53041 p-value =      0.23322
Site   355 dN/dS =      2.88847 Full Log(L) =    -10.61790 LRT =      0.81057 p-value =      0.18398
Site   356 dN/dS =      0.00000 Full Log(L) =     -3.53606 LRT =      0.64665 p-value =      0.21066
Site   357 dN/dS =      0.00000 Full Log(L) =     -3.52288 LRT =      0.60601 p-value =      0.21815
Site   358 dN/dS =      0.00000 Full Log(L) =     -4.34900 LRT =      0.74046 p-value =      0.19476
Site   359 dN/dS =      0.00000 Full Log(L) =     -4.54643 LRT =      0.34491 p-value =      0.27850
Site   360 dN/dS =      0.00000 Full Log(L) =    -10.98370 LRT =      0.64662 p-value =      0.21066
Site   361 dN/dS =      0.00000 Full Log(L) =     -4.07413 LRT =      0.70795 p-value =      0.20006
Site   362 dN/dS =      0.00000 Full Log(L) =     -4.05260 LRT =      0.87897 p-value =      0.17424
Site   363 dN/dS =      3.33682 Full Log(L) =    -11.13080 LRT =      1.00596 p-value =      0.15794
Site   364 dN/dS =      2.95520 Full Log(L) =    -15.66793 LRT =      0.84027 p-value =      0.17966
Site   365 dN/dS =      0.00000 Full Log(L) =     -4.34900 LRT =      0.74046 p-value =      0.19476
Site   366 dN/dS =      0.00000 Full Log(L) =     -4.54643 LRT =      0.34491 p-value =      0.27850
Site   367 dN/dS =      0.00000 Full Log(L) =    -11.08824 LRT =      0.47213 p-value =      0.24600
Site   368 dN/dS =      5.73205 Full Log(L) =    -35.24928 LRT =      3.61997 p-value =      0.02854 *P
Site   369 dN/dS =      0.00000 Full Log(L) =     -4.32194 LRT =      0.53041 p-value =      0.23322
Site   370 dN/dS =      0.00000 Full Log(L) =     -4.33814 LRT =      0.70823 p-value =      0.20002
Site   371 dN/dS =      0.00000 Full Log(L) =     -4.31831 LRT =      0.61732 p-value =      0.21602
Site   372 dN/dS =      0.00000 Full Log(L) =     -4.04536 LRT =      0.39851 p-value =      0.26393
Site   373 dN/dS =      0.00000 Full Log(L) =    -10.71920 LRT =      0.60597 p-value =      0.21815
Site   374 dN/dS =      0.00000 Full Log(L) =     -4.60273 LRT =      0.51920 p-value =      0.23559
Site   375 dN/dS =      0.00000 Full Log(L) =     -4.10391 LRT =      0.62582 p-value =      0.21445
Site   376 dN/dS =      0.00000 Full Log(L) =     -4.40620 LRT =      0.71661 p-value =      0.19863
Site   377 dN/dS =      3.56434 Full Log(L) =    -17.55679 LRT =      1.09909 p-value =      0.14723
Site   378 dN/dS =      0.00000 Full Log(L) =     -4.06651 LRT =      0.66255 p-value =      0.20783
Site   379 dN/dS =      0.00000 Full Log(L) =     -4.03984 LRT =      0.37296 p-value =      0.27070
Site   380 dN/dS =      0.00000 Full Log(L) =     -4.24347 LRT =      0.61806 p-value =      0.21588
Site   381 dN/dS =      0.00000 Full Log(L) =     -4.24347 LRT =      0.61806 p-value =      0.21588
Site   382 dN/dS =      0.00000 Full Log(L) =     -3.80223 LRT =      0.63918 p-value =      0.21200
Site   383 dN/dS =      0.00000 Full Log(L) =     -4.71835 LRT =      0.50194 p-value =      0.23932
Site   384 dN/dS =      0.00000 Full Log(L) =     -3.24441 LRT =      0.53315 p-value =      0.23264
Site   385 dN/dS =      0.00000 Full Log(L) =     -4.08281 LRT =      0.68612 p-value =      0.20374
Site   386 dN/dS =      0.00000 Full Log(L) =     -4.23082 LRT =      0.54603 p-value =      0.22997
Site   387 dN/dS =      0.00000 Full Log(L) =     -4.03984 LRT =      0.37296 p-value =      0.27070
Site   388 dN/dS =      0.00000 Full Log(L) =     -4.24347 LRT =      0.61806 p-value =      0.21588
Site   389 dN/dS =      0.00000 Full Log(L) =     -4.24347 LRT =      0.61806 p-value =      0.21588
Site   390 dN/dS =      0.00000 Full Log(L) =     -3.97227 LRT =      0.51574 p-value =      0.23633
Site   391 dN/dS =      0.00000 Full Log(L) =     -9.33016 LRT =      0.56700 p-value =      0.22573
Site   392 dN/dS =      0.00000 Full Log(L) =     -4.03984 LRT =      0.37296 p-value =      0.27070
Site   393 dN/dS =      0.00000 Full Log(L) =     -3.97227 LRT =      0.51574 p-value =      0.23633
Site   394 dN/dS =      0.00000 Full Log(L) =     -3.57764 LRT =      0.56715 p-value =      0.22570
Site   395 dN/dS =      2.90118 Full Log(L) =    -11.39030 LRT =      0.81697 p-value =      0.18303
Site   396 dN/dS =      0.00000 Full Log(L) =     -3.24441 LRT =      0.53315 p-value =      0.23264
Site   397 dN/dS =      0.00000 Full Log(L) =     -5.11426 LRT =      0.30073 p-value =      0.29171
Site   398 dN/dS =      0.00000 Full Log(L) =     -3.51610 LRT =      0.56715 p-value =      0.22570
Site   399 dN/dS =      0.00000 Full Log(L) =     -9.26172 LRT =      0.66175 p-value =      0.20797
Site   400 dN/dS =      0.00000 Full Log(L) =     -4.04679 LRT =      0.28965 p-value =      0.29522
Site   401 dN/dS =      0.00000 Full Log(L) =     -3.97227 LRT =      0.51574 p-value =      0.23633
Site   402 dN/dS =      0.00000 Full Log(L) =     -4.09932 LRT =      0.60518 p-value =      0.21830
Site   403 dN/dS =      0.00000 Full Log(L) =     -3.24441 LRT =      0.53315 p-value =      0.23264
Site   404 dN/dS =      0.00000 Full Log(L) =     -9.15999 LRT =      0.54603 p-value =      0.22997
Site   405 dN/dS =      0.00000 Full Log(L) =    -10.71812 LRT =      0.56711 p-value =      0.22570
Site   406 dN/dS =      0.00000 Full Log(L) =    -10.29403 LRT =      0.60511 p-value =      0.21832
Site   407 dN/dS =      0.00000 Full Log(L) =     -9.95304 LRT =      0.53308 p-value =      0.23266
Site   408 dN/dS =      0.00000 Full Log(L) =     -4.31477 LRT =      0.49640 p-value =      0.24054
Site   409 dN/dS =      0.00000 Full Log(L) =     -4.31153 LRT =      0.57773 p-value =      0.22360
Site   410 dN/dS =      0.00000 Full Log(L) =     -4.03984 LRT =      0.37296 p-value =      0.27070
Site   411 dN/dS =      0.00000 Full Log(L) =     -3.91073 LRT =      0.51574 p-value =      0.23633
Site   412 dN/dS =      0.00000 Full Log(L) =     -3.53054 LRT =      0.60518 p-value =      0.21830
Site   413 dN/dS =      0.00000 Full Log(L) =     -3.24441 LRT =      0.53315 p-value =      0.23264
Site   414 dN/dS =      0.00000 Full Log(L) =     -3.53054 LRT =      0.60518 p-value =      0.21830
Site   415 dN/dS =      0.00000 Full Log(L) =     -4.31477 LRT =      0.49640 p-value =      0.24054
Site   416 dN/dS =      0.00000 Full Log(L) =     -4.32023 LRT =      0.41323 p-value =      0.26017
Site   417 dN/dS =      0.00000 Full Log(L) =     -3.53054 LRT =      0.60518 p-value =      0.21830
Site   418 dN/dS =      3.57721 Full Log(L) =     -9.17622 LRT =      1.10446 p-value =      0.14664
Site   419 dN/dS =      0.00000 Full Log(L) =     -3.53054 LRT =      0.60518 p-value =      0.21830
Site   420 dN/dS =      0.00000 Full Log(L) =     -4.63529 LRT =      0.69298 p-value =      0.20258
Site   421 dN/dS =      0.00000 Full Log(L) =     -3.75945 LRT =      0.63238 p-value =      0.21324
Site   422 dN/dS =      0.00000 Full Log(L) =     -3.91073 LRT =      0.51574 p-value =      0.23633
Site   423 dN/dS =      0.00000 Full Log(L) =     -4.60862 LRT =      0.37296 p-value =      0.27070
Site   424 dN/dS =      3.15266 Full Log(L) =     -9.43837 LRT =      0.92744 p-value =      0.16776
Site   425 dN/dS =      0.00000 Full Log(L) =     -4.77989 LRT =      0.50194 p-value =      0.23932
Site   426 dN/dS =      0.00000 Full Log(L) =     -4.09932 LRT =      0.60518 p-value =      0.21830
Site   427 dN/dS =      3.78036 Full Log(L) =     -9.51353 LRT =      1.18304 p-value =      0.13837
Site   428 dN/dS =      0.00000 Full Log(L) =     -3.87900 LRT =      0.44185 p-value =      0.25311
Site   429 dN/dS =      0.00000 Full Log(L) =     -4.20905 LRT =      0.56338 p-value =      0.22645
Site   430 dN/dS =      0.00000 Full Log(L) =     -9.88038 LRT =      0.60508 p-value =      0.21832
Site   431 dN/dS =      0.00000 Full Log(L) =     -3.86377 LRT =      0.63918 p-value =      0.21200
Site   432 dN/dS =      0.00000 Full Log(L) =     -4.23082 LRT =      0.54603 p-value =      0.22997
Site   433 dN/dS =      0.00000 Full Log(L) =     -3.24441 LRT =      0.53315 p-value =      0.23264
Site   434 dN/dS =      0.00000 Full Log(L) =     -3.56889 LRT =      0.65244 p-value =      0.20962
Site   435 dN/dS =      0.00000 Full Log(L) =     -9.04554 LRT =      0.63892 p-value =      0.21205
Site   436 dN/dS =      0.00000 Full Log(L) =     -4.77989 LRT =      0.50194 p-value =      0.23932
Site   437 dN/dS =      0.00000 Full Log(L) =     -4.54643 LRT =      0.32279 p-value =      0.28497
Site   438 dN/dS =      0.00000 Full Log(L) =     -4.88902 LRT =      0.44058 p-value =      0.25342
Site   439 dN/dS =      0.00000 Full Log(L) =     -3.94053 LRT =      0.44185 p-value =      0.25311
Site   440 dN/dS =      0.00000 Full Log(L) =     -3.57764 LRT =      0.56715 p-value =      0.22570
Site   441 dN/dS =      0.00000 Full Log(L) =     -4.81225 LRT =      0.61806 p-value =      0.21588
Site   442 dN/dS =      0.00000 Full Log(L) =     -4.09932 LRT =      0.60518 p-value =      0.21830
Site   443 dN/dS =      0.00000 Full Log(L) =     -4.71835 LRT =      0.50194 p-value =      0.23932
Site   444 dN/dS =      0.00000 Full Log(L) =     -4.71835 LRT =      0.50194 p-value =      0.23932
Site   445 dN/dS =      0.00000 Full Log(L) =     -4.20905 LRT =      0.56338 p-value =      0.22645
Site   446 dN/dS =      0.00000 Full Log(L) =     -4.57849 LRT =      0.61806 p-value =      0.21588
Site   447 dN/dS =      0.00000 Full Log(L) =     -5.11426 LRT =      0.30073 p-value =      0.29171
Site   448 dN/dS =      0.00000 Full Log(L) =     -4.09932 LRT =      0.60518 p-value =      0.21830
Site   449 dN/dS =      0.00000 Full Log(L) =     -3.57764 LRT =      0.56715 p-value =      0.22570
Site   450 dN/dS =      0.00000 Full Log(L) =     -4.03984 LRT =      0.37296 p-value =      0.27070
Site   451 dN/dS =      0.00000 Full Log(L) =     -4.31153 LRT =      0.57773 p-value =      0.22360
Site   452 dN/dS =      0.00000 Full Log(L) =     -3.95734 LRT =      0.54603 p-value =      0.22997
Site   453 dN/dS =      0.00000 Full Log(L) =     -3.91073 LRT =      0.51574 p-value =      0.23633
Site   454 dN/dS =      0.00000 Full Log(L) =     -3.80223 LRT =      0.63918 p-value =      0.21200
Site   455 dN/dS =      0.00000 Full Log(L) =     -4.54547 LRT =      0.30073 p-value =      0.29171
Site   456 dN/dS =      0.00000 Full Log(L) =     -4.23082 LRT =      0.54603 p-value =      0.22997
Site   457 dN/dS =      0.00000 Full Log(L) =     -3.86377 LRT =      0.63918 p-value =      0.21200
Site   458 dN/dS =      0.00000 Full Log(L) =     -4.32023 LRT =      0.41323 p-value =      0.26017
Site   459 dN/dS =      0.00000 Full Log(L) =     -3.53054 LRT =      0.60518 p-value =      0.21830
Site   460 dN/dS =      0.00000 Full Log(L) =     -4.05260 LRT =      0.82260 p-value =      0.18221
Site   461 dN/dS =      0.00000 Full Log(L) =     -3.57764 LRT =      0.56715 p-value =      0.22570
Site   462 dN/dS =      0.00000 Full Log(L) =     -3.24441 LRT =      0.53315 p-value =      0.23264
Site   463 dN/dS =      0.00000 Full Log(L) =    -12.29413 LRT =      0.30075 p-value =      0.29171
Site   464 dN/dS =      0.00000 Full Log(L) =     -4.25323 LRT =      0.49639 p-value =      0.24054
Site   465 dN/dS =      0.00000 Full Log(L) =     -3.53054 LRT =      0.60518 p-value =      0.21830
Site   466 dN/dS =      3.47335 Full Log(L) =    -10.30660 LRT =      1.06532 p-value =      0.15100
Site   467 dN/dS =      0.00000 Full Log(L) =     -3.95734 LRT =      0.54603 p-value =      0.22997
Site   468 dN/dS =      3.15552 Full Log(L) =     -8.75559 LRT =      0.92892 p-value =      0.16757
Site   469 dN/dS =      0.00000 Full Log(L) =     -3.81319 LRT =      0.53316 p-value =      0.23264
Site   470 dN/dS =      0.00000 Full Log(L) =     -4.03984 LRT =      0.37296 p-value =      0.27070
Site   471 dN/dS =      0.00000 Full Log(L) =     -5.11426 LRT =      0.30073 p-value =      0.29171
Site   472 dN/dS =      3.04298 Full Log(L) =    -16.78746 LRT =      0.87976 p-value =      0.17413
Site   473 dN/dS =      0.00000 Full Log(L) =     -3.53054 LRT =      0.60518 p-value =      0.21830
Site   474 dN/dS =      0.00000 Full Log(L) =     -3.51610 LRT =      0.56715 p-value =      0.22570
Site   475 dN/dS =      0.00000 Full Log(L) =     -4.51695 LRT =      0.61806 p-value =      0.21588
Site   476 dN/dS =      0.00000 Full Log(L) =     -4.09932 LRT =      0.60518 p-value =      0.21830
Site   477 dN/dS =      0.00000 Full Log(L) =     -3.80223 LRT =      0.63918 p-value =      0.21200
Site   478 dN/dS =      0.00000 Full Log(L) =     -4.05260 LRT =      0.82260 p-value =      0.18221
Site   479 dN/dS =      0.00000 Full Log(L) =    -15.62315 LRT =      0.69298 p-value =      0.20258
Site   480 dN/dS =      0.00000 Full Log(L) =     -3.51610 LRT =      0.56715 p-value =      0.22570
Site   481 dN/dS =      0.00000 Full Log(L) =    -10.14451 LRT =      0.69298 p-value =      0.20258
Site   482 dN/dS =      0.00000 Full Log(L) =     -4.38417 LRT =      0.58520 p-value =      0.22214
Site   483 dN/dS =      0.00000 Full Log(L) =     -4.31477 LRT =      0.49640 p-value =      0.24054
Site   484 dN/dS =      0.00000 Full Log(L) =     -3.24441 LRT =      0.53315 p-value =      0.23264
Site   485 dN/dS =      3.10918 Full Log(L) =    -10.54328 LRT =      0.90816 p-value =      0.17030
Site   486 dN/dS =      0.00000 Full Log(L) =     -9.69305 LRT =      0.44185 p-value =      0.25311
Site   487 dN/dS =      0.00000 Full Log(L) =     -4.37307 LRT =      0.57773 p-value =      0.22360
Site   488 dN/dS =      0.00000 Full Log(L) =     -3.24441 LRT =      0.53315 p-value =      0.23264
Site   489 dN/dS =      0.00000 Full Log(L) =     -4.38417 LRT =      0.58520 p-value =      0.22214
Site   490 dN/dS =      0.00000 Full Log(L) =     -3.86377 LRT =      0.63918 p-value =      0.21200
Site   491 dN/dS =      0.00000 Full Log(L) =     -3.51610 LRT =      0.56715 p-value =      0.22570
Site   492 dN/dS =      0.00000 Full Log(L) =     -4.57849 LRT =      0.61806 p-value =      0.21588
Site   493 dN/dS =      0.00000 Full Log(L) =     -4.44570 LRT =      0.58520 p-value =      0.22214
Site   494 dN/dS =      0.00000 Full Log(L) =     -3.56889 LRT =      0.65244 p-value =      0.20962
Site   495 dN/dS =      2.90216 Full Log(L) =    -11.35583 LRT =      0.81741 p-value =      0.18297
Site   496 dN/dS =      0.00000 Full Log(L) =     -4.32023 LRT =      0.41323 p-value =      0.26017
Site   497 dN/dS =      0.00000 Full Log(L) =     -3.97227 LRT =      0.51574 p-value =      0.23633
Site   498 dN/dS =      0.00000 Full Log(L) =     -3.75945 LRT =      0.63238 p-value =      0.21324
Site   499 dN/dS =      0.00000 Full Log(L) =     -3.51610 LRT =      0.56715 p-value =      0.22570
Site   500 dN/dS =      0.00000 Full Log(L) =     -4.06651 LRT =      0.66255 p-value =      0.20783
Site   501 dN/dS =      0.00000 Full Log(L) =     -4.23082 LRT =      0.54603 p-value =      0.22997
Site   502 dN/dS =      0.00000 Full Log(L) =     -3.87900 LRT =      0.44185 p-value =      0.25311
Site   503 dN/dS =      0.00000 Full Log(L) =     -3.86377 LRT =      0.63918 p-value =      0.21200
Site   504 dN/dS =      0.00000 Full Log(L) =     -4.31153 LRT =      0.57773 p-value =      0.22360
Site   505 dN/dS =      0.00000 Full Log(L) =     -3.80223 LRT =      0.63918 p-value =      0.21200
Site   506 dN/dS =      0.00000 Full Log(L) =     -3.93557 LRT =      0.56338 p-value =      0.22645
Site   507 dN/dS =      0.00000 Full Log(L) =     -3.94053 LRT =      0.44185 p-value =      0.25311
Site   508 dN/dS =      0.00000 Full Log(L) =     -3.75945 LRT =      0.63238 p-value =      0.21324
Site   509 dN/dS =      0.00000 Full Log(L) =     -9.61567 LRT =      0.63903 p-value =      0.21203
Site   510 dN/dS =      0.00000 Full Log(L) =     -3.53054 LRT =      0.60518 p-value =      0.21830
Site   511 dN/dS =      0.00000 Full Log(L) =     -4.24347 LRT =      0.61806 p-value =      0.21588
Site   512 dN/dS =      0.00000 Full Log(L) =     -4.04679 LRT =      0.28965 p-value =      0.29522
Site   513 dN/dS =      0.00000 Full Log(L) =     -3.57764 LRT =      0.56715 p-value =      0.22570
Site   514 dN/dS =      0.00000 Full Log(L) =     -3.57764 LRT =      0.56715 p-value =      0.22570
Site   515 dN/dS =      0.00000 Full Log(L) =     -5.16646 LRT =      0.58779 p-value =      0.22164
Site   516 dN/dS =      0.00000 Full Log(L) =    -23.94055 LRT =      0.49617 p-value =      0.24059
Site   517 dN/dS =      0.00000 Full Log(L) =     -4.60862 LRT =      0.37296 p-value =      0.27070
Site   518 dN/dS =      0.00000 Full Log(L) =     -3.97227 LRT =      0.51574 p-value =      0.23633
Site   519 dN/dS =      0.00000 Full Log(L) =     -3.24441 LRT =      0.53315 p-value =      0.23264
Site   520 dN/dS =      0.00000 Full Log(L) =    -10.84291 LRT =      0.69298 p-value =      0.20258
Site   521 dN/dS =      0.00000 Full Log(L) =     -4.20905 LRT =      0.56338 p-value =      0.22645
Site   522 dN/dS =      0.00000 Full Log(L) =     -4.09932 LRT =      0.60518 p-value =      0.21830
Site   523 dN/dS =      0.00000 Full Log(L) =     -5.11426 LRT =      0.30073 p-value =      0.29171
Site   524 dN/dS =      0.00000 Full Log(L) =     -3.81319 LRT =      0.53316 p-value =      0.23264
Site   525 dN/dS =      0.00000 Full Log(L) =     -4.32023 LRT =      0.41323 p-value =      0.26017
Site   526 dN/dS =      0.00000 Full Log(L) =     -4.06651 LRT =      0.66255 p-value =      0.20783
Site   527 dN/dS =      0.00000 Full Log(L) =     -3.94053 LRT =      0.44185 p-value =      0.25311
Site   528 dN/dS =      0.00000 Full Log(L) =     -3.24441 LRT =      0.53315 p-value =      0.23264
Site   529 dN/dS =      0.00000 Full Log(L) =     -3.80223 LRT =      0.63918 p-value =      0.21200
Site   530 dN/dS =      0.00000 Full Log(L) =     -4.54643 LRT =      0.32279 p-value =      0.28497
Site   531 dN/dS =      0.00000 Full Log(L) =     -3.97227 LRT =      0.51574 p-value =      0.23633
Site   532 dN/dS =      0.00000 Full Log(L) =     -4.54547 LRT =      0.30073 p-value =      0.29171
Site   533 dN/dS =      0.00000 Full Log(L) =     -4.54643 LRT =      0.32279 p-value =      0.28497
Site   534 dN/dS =      0.00000 Full Log(L) =     -3.91073 LRT =      0.51574 p-value =      0.23633
Site   535 dN/dS =      0.00000 Full Log(L) =     -4.65525 LRT =      0.48591 p-value =      0.24288
Site   536 dN/dS =      0.00000 Full Log(L) =     -4.25323 LRT =      0.49639 p-value =      0.24054
Site   537 dN/dS =      0.00000 Full Log(L) =     -4.57849 LRT =      0.61806 p-value =      0.21588
Site   538 dN/dS =      0.00000 Full Log(L) =     -3.56889 LRT =      0.65244 p-value =      0.20962
Site   539 dN/dS =      0.00000 Full Log(L) =     -4.32023 LRT =      0.41323 p-value =      0.26017
Site   540 dN/dS =      0.00000 Full Log(L) =     -4.38417 LRT =      0.58520 p-value =      0.22214
Site   541 dN/dS =      0.00000 Full Log(L) =     -4.25323 LRT =      0.49639 p-value =      0.24054
Site   542 dN/dS =      0.00000 Full Log(L) =     -4.61557 LRT =      0.31700 p-value =      0.28671
Site   543 dN/dS =      0.00000 Full Log(L) =     -4.71835 LRT =      0.50194 p-value =      0.23932
Site   544 dN/dS =      0.00000 Full Log(L) =     -4.38417 LRT =      0.58520 p-value =      0.22214
Site   545 dN/dS =      3.59464 Full Log(L) =     -8.79801 LRT =      1.11147 p-value =      0.14588
Site   546 dN/dS =      0.00000 Full Log(L) =     -4.20905 LRT =      0.56338 p-value =      0.22645
Site   547 dN/dS =      0.00000 Full Log(L) =    -10.80000 LRT =      0.31670 p-value =      0.28680
Site   548 dN/dS =      0.00000 Full Log(L) =    -11.19363 LRT =      0.30078 p-value =      0.29170
Site   549 dN/dS =      0.00000 Full Log(L) =     -4.63529 LRT =      0.69298 p-value =      0.20258
Site   550 dN/dS =      0.00000 Full Log(L) =     -4.31477 LRT =      0.49640 p-value =      0.24054
Site   551 dN/dS =      8.06002 Full Log(L) =    -14.87838 LRT =      4.81707 p-value =      0.01409 *P
Site   552 dN/dS =      2.50021 Full Log(L) =    -11.26012 LRT =      0.63079 p-value =      0.21353
Site   553 dN/dS =      0.00000 Full Log(L) =     -4.54643 LRT =      0.32279 p-value =      0.28497
Site   554 dN/dS =      0.00000 Full Log(L) =     -4.57849 LRT =      0.61806 p-value =      0.21588
Site   555 dN/dS =      0.00000 Full Log(L) =     -4.44570 LRT =      0.58520 p-value =      0.22214
Site   556 dN/dS =      0.00000 Full Log(L) =     -4.03984 LRT =      0.37296 p-value =      0.27070
Site   557 dN/dS =      0.00000 Full Log(L) =     -3.24441 LRT =      0.53315 p-value =      0.23264
Site   558 dN/dS =      0.00000 Full Log(L) =     -4.40152 LRT =      0.69298 p-value =      0.20258
Site   559 dN/dS =      0.00000 Full Log(L) =     -3.57764 LRT =      0.56715 p-value =      0.22570
Site   560 dN/dS =      0.00000 Full Log(L) =     -3.91073 LRT =      0.51574 p-value =      0.23633
Site   561 dN/dS =      0.00000 Full Log(L) =     -4.32823 LRT =      0.66281 p-value =      0.20779
Site   562 dN/dS =      0.00000 Full Log(L) =     -4.44570 LRT =      0.58520 p-value =      0.22214
Site   563 dN/dS =      0.00000 Full Log(L) =     -3.57764 LRT =      0.56715 p-value =      0.22570
Site   564 dN/dS =      3.98437 Full Log(L) =    -10.64994 LRT =      1.26175 p-value =      0.13066
Site   565 dN/dS =      0.00000 Full Log(L) =     -4.44570 LRT =      0.58520 p-value =      0.22214
Site   566 dN/dS =      0.00000 Full Log(L) =     -3.91073 LRT =      0.51574 p-value =      0.23633


Wall-clock run-time (seconds): 1412704441
Process time on the master node: 1231.33727
MPI nodes used: 0

Wall-clock time per site (seconds): 5837621.657024793
