

______________READ THE FOLLOWING DATA______________
69 species:{CY001453,CY003432,CY003272,CY000681,CY000697,CY003256,CY000817,CY114317,CY114493,CY003448,CY003456,CY000657,CY001365,CY003232,CY000737,CY003216,EF670537,CY001397,CY000617,CY000713,CY001520,CY000997,CY001445,CY090901,EF670536,CY001136,CY000857,CY001277,CY003817,CY003248,CY000633,CY001176,CY003280,CY000849,CY001381,CY003264,CY000841,JF710759,CY002312,CY000801,CY000649,CY000729,CY003240,CY000809,CY006659,CY003785,CY000721,EF670531,EF670532,CY000689,CY000665,CY000705,CY000457,CY001005,CY003440,CY001245,CY090909,CY000609,CY003793,CY000601,CY000989,CY090885,CY003825,CY000593,CY003809,JF710761,JF710760,CY001269,CY000673};
Total Sites:1698;
Distinct Sites:125

Phase 1:Nucleotide Model (010010) Model Fit


-3435.81799854222

Phase 2:MG94x(010010) Model Fit



Phase 3:Estimating dN/dS


Nuc->codon scaling factor:1.783260210709678
Raw scaling factor:1.783260210709678
Tree scaling factor(S): 1

Using dN/dS=0.4020334911684
Codon model:-3367.85694070845

Phase 4: Ancestral State Reconstruction and Counting

<<Significance level for Likelihood Ratio Tests (permissible range = [0,1], default value = 0.1)>>Site     1 dN/dS =      0.00000 Full Log(L) =     -4.05338 LRT =      0.86111 p-value =      0.17671
Site     2 dN/dS =      0.00000 Full Log(L) =     -3.82345 LRT =      0.55728 p-value =      0.22768
Site     3 dN/dS =      0.00000 Full Log(L) =     -4.23480 LRT =      0.57107 p-value =      0.22492
Site     4 dN/dS =      0.00000 Full Log(L) =     -3.98099 LRT =      0.53829 p-value =      0.23157
Site     5 dN/dS =      0.00000 Full Log(L) =     -3.91901 LRT =      0.53829 p-value =      0.23157
Site     6 dN/dS =      0.00000 Full Log(L) =     -4.52088 LRT =      0.64730 p-value =      0.21054
Site     7 dN/dS =      0.00000 Full Log(L) =     -4.62572 LRT =      0.32670 p-value =      0.28380
Site     8 dN/dS =      0.00000 Full Log(L) =     -4.08888 LRT =      0.71636 p-value =      0.19867
Site     9 dN/dS =      4.35950 Full Log(L) =     -9.94737 LRT =      1.39748 p-value =      0.11857
Site    10 dN/dS =      3.75883 Full Log(L) =    -12.68116 LRT =      1.17551 p-value =      0.13914
Site    11 dN/dS =      0.00000 Full Log(L) =    -18.97839 LRT =      0.29960 p-value =      0.29207
Site    12 dN/dS =      0.00000 Full Log(L) =     -4.38701 LRT =      0.61089 p-value =      0.21723
Site    13 dN/dS =     12.87448 Full Log(L) =    -18.08180 LRT =      6.49984 p-value =      0.00539 *P
Site    14 dN/dS =      0.00000 Full Log(L) =     -4.21731 LRT =      0.59009 p-value =      0.22119
Site    15 dN/dS =      0.00000 Full Log(L) =     -4.32070 LRT =      0.51438 p-value =      0.23662
Site    16 dN/dS =      0.00000 Full Log(L) =     -4.52088 LRT =      0.64730 p-value =      0.21054
Site    17 dN/dS =      1.00000 Full Log(L) =      0.00000 LRT =      0.00000 p-value =      1.00000
Site    18 dN/dS =      1.00000 Full Log(L) =      0.00000 LRT =      0.00000 p-value =      1.00000
Site    19 dN/dS =      3.66986 Full Log(L) =    -12.45936 LRT =      1.14232 p-value =      0.14258
Site    20 dN/dS =      6.77352 Full Log(L) =    -17.68815 LRT =      4.22942 p-value =      0.01986 *P
Site    21 dN/dS =      3.23444 Full Log(L) =    -10.76112 LRT =      0.96282 p-value =      0.16324
Site    22 dN/dS =      1.00000 Full Log(L) =      0.00000 LRT =      0.00000 p-value =      1.00000
Site    23 dN/dS =      2.86796 Full Log(L) =    -10.97012 LRT =      0.80166 p-value =      0.18530
Site    24 dN/dS =      1.00000 Full Log(L) =      0.00000 LRT =      0.00000 p-value =      1.00000
Site    25 dN/dS =      1.00000 Full Log(L) =      0.00000 LRT =      0.00000 p-value =      1.00000
Site    26 dN/dS =      1.00000 Full Log(L) =      0.00000 LRT =      0.00000 p-value =      1.00000
Site    27 dN/dS =      1.00000 Full Log(L) =      0.00000 LRT =      0.00000 p-value =      1.00000
Site    28 dN/dS =      1.00000 Full Log(L) =      0.00000 LRT =      0.00000 p-value =      1.00000
Site    29 dN/dS =      1.00000 Full Log(L) =      0.00000 LRT =      0.00000 p-value =      1.00000
Site    30 dN/dS =      1.00000 Full Log(L) =      0.00000 LRT =      0.00000 p-value =      1.00000
Site    31 dN/dS =      1.00000 Full Log(L) =      0.00000 LRT =      0.00000 p-value =      1.00000
Site    32 dN/dS =      0.00000 Full Log(L) =     -9.23599 LRT =      0.73790 p-value =      0.19517
Site    33 dN/dS =      1.00000 Full Log(L) =      0.00000 LRT =      0.00000 p-value =      1.00000
Site    34 dN/dS =      1.00000 Full Log(L) =      0.00000 LRT =      0.00000 p-value =      1.00000
Site    35 dN/dS =      1.00000 Full Log(L) =      0.00000 LRT =      0.00000 p-value =      1.00000
Site    36 dN/dS =      1.00000 Full Log(L) =      0.00000 LRT =      0.00000 p-value =      1.00000
Site    37 dN/dS =      1.00000 Full Log(L) =      0.00000 LRT =      0.00000 p-value =      1.00000
Site    38 dN/dS =      0.00000 Full Log(L) =    -10.69089 LRT =      0.62176 p-value =      0.21520
Site    39 dN/dS =      1.00000 Full Log(L) =      0.00000 LRT =      0.00000 p-value =      1.00000
Site    40 dN/dS =      1.00000 Full Log(L) =      0.00000 LRT =      0.00000 p-value =      1.00000
Site    41 dN/dS =      1.00000 Full Log(L) =      0.00000 LRT =      0.00000 p-value =      1.00000
Site    42 dN/dS =      1.00000 Full Log(L) =      0.00000 LRT =      0.00000 p-value =      1.00000
Site    43 dN/dS =      1.00000 Full Log(L) =      0.00000 LRT =      0.00000 p-value =      1.00000
Site    44 dN/dS =      1.00000 Full Log(L) =      0.00000 LRT =      0.00000 p-value =      1.00000
Site    45 dN/dS =      1.00000 Full Log(L) =      0.00000 LRT =      0.00000 p-value =      1.00000
Site    46 dN/dS =      1.00000 Full Log(L) =      0.00000 LRT =      0.00000 p-value =      1.00000
Site    47 dN/dS =      1.00000 Full Log(L) =      0.00000 LRT =      0.00000 p-value =      1.00000
Site    48 dN/dS =      2.87141 Full Log(L) =    -12.61730 LRT =      0.80319 p-value =      0.18507
Site    49 dN/dS =      6.80456 Full Log(L) =    -15.57667 LRT =      4.24083 p-value =      0.01973 *P
Site    50 dN/dS =      1.00000 Full Log(L) =      0.00000 LRT =      0.00000 p-value =      1.00000
Site    51 dN/dS =      0.00000 Full Log(L) =     -9.80289 LRT =      0.66603 p-value =      0.20722
Site    52 dN/dS =      1.00000 Full Log(L) =      0.00000 LRT =      0.00000 p-value =      1.00000
Site    53 dN/dS =      1.00000 Full Log(L) =      0.00000 LRT =      0.00000 p-value =      1.00000
Site    54 dN/dS =      1.00000 Full Log(L) =      0.00000 LRT =      0.00000 p-value =      1.00000
Site    55 dN/dS =      0.00000 Full Log(L) =    -10.29362 LRT =      0.68065 p-value =      0.20468
Site    56 dN/dS =      1.00000 Full Log(L) =      0.00000 LRT =      0.00000 p-value =      1.00000
Site    57 dN/dS =      1.00000 Full Log(L) =      0.00000 LRT =      0.00000 p-value =      1.00000
Site    58 dN/dS =      0.00000 Full Log(L) =    -16.62750 LRT =      0.32631 p-value =      0.28392
Site    59 dN/dS =      1.00000 Full Log(L) =      0.00000 LRT =      0.00000 p-value =      1.00000
Site    60 dN/dS =      1.00000 Full Log(L) =      0.00000 LRT =      0.00000 p-value =      1.00000
Site    61 dN/dS =      1.00000 Full Log(L) =      0.00000 LRT =      0.00000 p-value =      1.00000
Site    62 dN/dS =      1.00000 Full Log(L) =      0.00000 LRT =      0.00000 p-value =      1.00000
Site    63 dN/dS =      1.00000 Full Log(L) =      0.00000 LRT =      0.00000 p-value =      1.00000
Site    64 dN/dS =      1.00000 Full Log(L) =      0.00000 LRT =      0.00000 p-value =      1.00000
Site    65 dN/dS =      1.00000 Full Log(L) =      0.00000 LRT =      0.00000 p-value =      1.00000
Site    66 dN/dS =      1.00000 Full Log(L) =      0.00000 LRT =      0.00000 p-value =      1.00000
Site    67 dN/dS =      1.00000 Full Log(L) =      0.00000 LRT =      0.00000 p-value =      1.00000
Site    68 dN/dS =      0.00000 Full Log(L) =    -10.85832 LRT =      0.64233 p-value =      0.21143
Site    69 dN/dS =      1.00000 Full Log(L) =      0.00000 LRT =      0.00000 p-value =      1.00000
Site    70 dN/dS =      2.73142 Full Log(L) =    -11.13954 LRT =      0.73946 p-value =      0.19492
Site    71 dN/dS =      3.29454 Full Log(L) =    -13.56456 LRT =      0.98944 p-value =      0.15994
Site    72 dN/dS =      1.00000 Full Log(L) =      0.00000 LRT =      0.00000 p-value =      1.00000
Site    73 dN/dS =      0.00000 Full Log(L) =    -10.30702 LRT =      0.40392 p-value =      0.26254
Site    74 dN/dS =      3.55806 Full Log(L) =    -10.78459 LRT =      1.09614 p-value =      0.14756
Site    75 dN/dS =      1.00000 Full Log(L) =      0.00000 LRT =      0.00000 p-value =      1.00000
Site    76 dN/dS =      1.00000 Full Log(L) =      0.00000 LRT =      0.00000 p-value =      1.00000
Site    77 dN/dS =      1.00000 Full Log(L) =      0.00000 LRT =      0.00000 p-value =      1.00000
Site    78 dN/dS =      1.00000 Full Log(L) =      0.00000 LRT =      0.00000 p-value =      1.00000
Site    79 dN/dS =      1.00000 Full Log(L) =      0.00000 LRT =      0.00000 p-value =      1.00000
Site    80 dN/dS =      0.00000 Full Log(L) =    -11.55209 LRT =      0.64234 p-value =      0.21143
Site    81 dN/dS =      1.00000 Full Log(L) =      0.00000 LRT =      0.00000 p-value =      1.00000
Site    82 dN/dS =      1.00000 Full Log(L) =      0.00000 LRT =      0.00000 p-value =      1.00000
Site    83 dN/dS =      1.00000 Full Log(L) =      0.00000 LRT =      0.00000 p-value =      1.00000
Site    84 dN/dS =      1.00000 Full Log(L) =      0.00000 LRT =      0.00000 p-value =      1.00000
Site    85 dN/dS =      1.00000 Full Log(L) =      0.00000 LRT =      0.00000 p-value =      1.00000
Site    86 dN/dS =      1.00000 Full Log(L) =      0.00000 LRT =      0.00000 p-value =      1.00000
Site    87 dN/dS =      1.00000 Full Log(L) =      0.00000 LRT =      0.00000 p-value =      1.00000
Site    88 dN/dS =      1.00000 Full Log(L) =      0.00000 LRT =      0.00000 p-value =      1.00000
Site    89 dN/dS =      1.00000 Full Log(L) =      0.00000 LRT =      0.00000 p-value =      1.00000
Site    90 dN/dS =      1.00000 Full Log(L) =      0.00000 LRT =      0.00000 p-value =      1.00000
Site    91 dN/dS =      0.00000 Full Log(L) =    -10.37574 LRT =      0.63225 p-value =      0.21327
Site    92 dN/dS =      1.00000 Full Log(L) =      0.00000 LRT =      0.00000 p-value =      1.00000
Site    93 dN/dS =      1.00000 Full Log(L) =      0.00000 LRT =      0.00000 p-value =      1.00000
Site    94 dN/dS =      1.00000 Full Log(L) =      0.00000 LRT =      0.00000 p-value =      1.00000
Site    95 dN/dS =      1.00000 Full Log(L) =      0.00000 LRT =      0.00000 p-value =      1.00000
Site    96 dN/dS =      0.00000 Full Log(L) =    -18.76629 LRT =      0.40395 p-value =      0.26253
Site    97 dN/dS =      3.23433 Full Log(L) =     -9.03574 LRT =      0.96192 p-value =      0.16335
Site    98 dN/dS =      1.00000 Full Log(L) =      0.00000 LRT =      0.00000 p-value =      1.00000
Site    99 dN/dS =      1.00000 Full Log(L) =      0.00000 LRT =      0.00000 p-value =      1.00000
Site   100 dN/dS =      1.00000 Full Log(L) =      0.00000 LRT =      0.00000 p-value =      1.00000
Site   101 dN/dS =      1.00000 Full Log(L) =      0.00000 LRT =      0.00000 p-value =      1.00000
Site   102 dN/dS =      1.00000 Full Log(L) =      0.00000 LRT =      0.00000 p-value =      1.00000
Site   103 dN/dS =      0.00000 Full Log(L) =    -10.02561 LRT =      0.54074 p-value =      0.23106
Site   104 dN/dS =      1.00000 Full Log(L) =      0.00000 LRT =      0.00000 p-value =      1.00000
Site   105 dN/dS =      1.00000 Full Log(L) =      0.00000 LRT =      0.00000 p-value =      1.00000
Site   106 dN/dS =      1.00000 Full Log(L) =      0.00000 LRT =      0.00000 p-value =      1.00000
Site   107 dN/dS =      1.00000 Full Log(L) =      0.00000 LRT =      0.00000 p-value =      1.00000
Site   108 dN/dS =      3.44795 Full Log(L) =    -10.20894 LRT =      1.05174 p-value =      0.15255
Site   109 dN/dS =      1.00000 Full Log(L) =      0.00000 LRT =      0.00000 p-value =      1.00000
Site   110 dN/dS =      4.14949 Full Log(L) =    -10.40816 LRT =      1.32227 p-value =      0.12509
Site   111 dN/dS =      1.00000 Full Log(L) =      0.00000 LRT =      0.00000 p-value =      1.00000
Site   112 dN/dS =      1.00000 Full Log(L) =      0.00000 LRT =      0.00000 p-value =      1.00000
Site   113 dN/dS =      1.00000 Full Log(L) =      0.00000 LRT =      0.00000 p-value =      1.00000
Site   114 dN/dS =      1.00000 Full Log(L) =      0.00000 LRT =      0.00000 p-value =      1.00000
Site   115 dN/dS =      3.28937 Full Log(L) =    -10.85800 LRT =      0.98727 p-value =      0.16020
Site   116 dN/dS =      1.00000 Full Log(L) =      0.00000 LRT =      0.00000 p-value =      1.00000
Site   117 dN/dS =      1.00000 Full Log(L) =      0.00000 LRT =      0.00000 p-value =      1.00000
Site   118 dN/dS =      1.00000 Full Log(L) =      0.00000 LRT =      0.00000 p-value =      1.00000
Site   119 dN/dS =      1.00000 Full Log(L) =      0.00000 LRT =      0.00000 p-value =      1.00000
Site   120 dN/dS =      1.00000 Full Log(L) =      0.00000 LRT =      0.00000 p-value =      1.00000
Site   121 dN/dS =      1.00000 Full Log(L) =      0.00000 LRT =      0.00000 p-value =      1.00000
Site   122 dN/dS =      1.00000 Full Log(L) =      0.00000 LRT =      0.00000 p-value =      1.00000
Site   123 dN/dS =      0.00000 Full Log(L) =    -10.66349 LRT =      0.53247 p-value =      0.23279
Site   124 dN/dS =      1.00000 Full Log(L) =      0.00000 LRT =      0.00000 p-value =      1.00000
Site   125 dN/dS =      1.00000 Full Log(L) =      0.00000 LRT =      0.00000 p-value =      1.00000
Site   126 dN/dS =      1.00000 Full Log(L) =      0.00000 LRT =      0.00000 p-value =      1.00000
Site   127 dN/dS =      1.00000 Full Log(L) =      0.00000 LRT =      0.00000 p-value =      1.00000
Site   128 dN/dS =      3.28336 Full Log(L) =    -11.73324 LRT =      0.98351 p-value =      0.16067
Site   129 dN/dS =      1.00000 Full Log(L) =      0.00000 LRT =      0.00000 p-value =      1.00000
Site   130 dN/dS =      1.00000 Full Log(L) =      0.00000 LRT =      0.00000 p-value =      1.00000
Site   131 dN/dS =      1.00000 Full Log(L) =      0.00000 LRT =      0.00000 p-value =      1.00000
Site   132 dN/dS =      1.00000 Full Log(L) =      0.00000 LRT =      0.00000 p-value =      1.00000
Site   133 dN/dS =      1.00000 Full Log(L) =      0.00000 LRT =      0.00000 p-value =      1.00000
Site   134 dN/dS =      1.00000 Full Log(L) =      0.00000 LRT =      0.00000 p-value =      1.00000
Site   135 dN/dS =      1.00000 Full Log(L) =      0.00000 LRT =      0.00000 p-value =      1.00000
Site   136 dN/dS =      1.00000 Full Log(L) =      0.00000 LRT =      0.00000 p-value =      1.00000
Site   137 dN/dS =      1.00000 Full Log(L) =      0.00000 LRT =      0.00000 p-value =      1.00000
Site   138 dN/dS =      1.00000 Full Log(L) =      0.00000 LRT =      0.00000 p-value =      1.00000
Site   139 dN/dS =      1.00000 Full Log(L) =      0.00000 LRT =      0.00000 p-value =      1.00000
Site   140 dN/dS =      1.00000 Full Log(L) =      0.00000 LRT =      0.00000 p-value =      1.00000
Site   141 dN/dS =      1.00000 Full Log(L) =      0.00000 LRT =      0.00000 p-value =      1.00000
Site   142 dN/dS =      1.00000 Full Log(L) =      0.00000 LRT =      0.00000 p-value =      1.00000
Site   143 dN/dS =      1.00000 Full Log(L) =      0.00000 LRT =      0.00000 p-value =      1.00000
Site   144 dN/dS =      1.00000 Full Log(L) =      0.00000 LRT =      0.00000 p-value =      1.00000
Site   145 dN/dS =      1.00000 Full Log(L) =      0.00000 LRT =      0.00000 p-value =      1.00000
Site   146 dN/dS =      1.00000 Full Log(L) =      0.00000 LRT =      0.00000 p-value =      1.00000
Site   147 dN/dS =      1.00000 Full Log(L) =      0.00000 LRT =      0.00000 p-value =      1.00000
Site   148 dN/dS =      1.00000 Full Log(L) =      0.00000 LRT =      0.00000 p-value =      1.00000
Site   149 dN/dS =      1.00000 Full Log(L) =      0.00000 LRT =      0.00000 p-value =      1.00000
Site   150 dN/dS =      1.00000 Full Log(L) =      0.00000 LRT =      0.00000 p-value =      1.00000
Site   151 dN/dS =      1.00000 Full Log(L) =      0.00000 LRT =      0.00000 p-value =      1.00000
Site   152 dN/dS =      1.00000 Full Log(L) =      0.00000 LRT =      0.00000 p-value =      1.00000
Site   153 dN/dS =      3.77538 Full Log(L) =    -10.69630 LRT =      1.18357 p-value =      0.13832
Site   154 dN/dS =      1.00000 Full Log(L) =      0.00000 LRT =      0.00000 p-value =      1.00000
Site   155 dN/dS =      1.00000 Full Log(L) =      0.00000 LRT =      0.00000 p-value =      1.00000
Site   156 dN/dS =      1.00000 Full Log(L) =      0.00000 LRT =      0.00000 p-value =      1.00000
Site   157 dN/dS =      1.00000 Full Log(L) =      0.00000 LRT =      0.00000 p-value =      1.00000
Site   158 dN/dS =      0.00000 Full Log(L) =     -9.73927 LRT =      0.69964 p-value =      0.20145
Site   159 dN/dS =      1.00000 Full Log(L) =      0.00000 LRT =      0.00000 p-value =      1.00000
Site   160 dN/dS =      3.58178 Full Log(L) =    -10.13147 LRT =      1.10561 p-value =      0.14652
Site   161 dN/dS =      1.00000 Full Log(L) =      0.00000 LRT =      0.00000 p-value =      1.00000
Site   162 dN/dS =      1.00000 Full Log(L) =      0.00000 LRT =      0.00000 p-value =      1.00000
Site   163 dN/dS =      1.00000 Full Log(L) =      0.00000 LRT =      0.00000 p-value =      1.00000
Site   164 dN/dS =      1.00000 Full Log(L) =      0.00000 LRT =      0.00000 p-value =      1.00000
Site   165 dN/dS =      1.00000 Full Log(L) =      0.00000 LRT =      0.00000 p-value =      1.00000
Site   166 dN/dS =      1.00000 Full Log(L) =      0.00000 LRT =      0.00000 p-value =      1.00000
Site   167 dN/dS =      1.00000 Full Log(L) =      0.00000 LRT =      0.00000 p-value =      1.00000
Site   168 dN/dS =      1.00000 Full Log(L) =      0.00000 LRT =      0.00000 p-value =      1.00000
Site   169 dN/dS =      1.00000 Full Log(L) =      0.00000 LRT =      0.00000 p-value =      1.00000
Site   170 dN/dS =      0.00000 Full Log(L) =    -18.32443 LRT =      0.34327 p-value =      0.27898
Site   171 dN/dS =      1.00000 Full Log(L) =      0.00000 LRT =      0.00000 p-value =      1.00000
Site   172 dN/dS =      1.00000 Full Log(L) =      0.00000 LRT =      0.00000 p-value =      1.00000
Site   173 dN/dS =      0.00000 Full Log(L) =    -10.32752 LRT =      0.31674 p-value =      0.28679
Site   174 dN/dS =      1.00000 Full Log(L) =      0.00000 LRT =      0.00000 p-value =      1.00000
Site   175 dN/dS =      1.00000 Full Log(L) =      0.00000 LRT =      0.00000 p-value =      1.00000
Site   176 dN/dS =      1.00000 Full Log(L) =      0.00000 LRT =      0.00000 p-value =      1.00000
Site   177 dN/dS =      0.00000 Full Log(L) =     -8.83740 LRT =      0.48520 p-value =      0.24304
Site   178 dN/dS =      1.00000 Full Log(L) =      0.00000 LRT =      0.00000 p-value =      1.00000
Site   179 dN/dS =      2.99577 Full Log(L) =    -11.85329 LRT =      0.85942 p-value =      0.17695
Site   180 dN/dS =      0.00000 Full Log(L) =    -10.88474 LRT =      0.32639 p-value =      0.28390
Site   181 dN/dS =      3.24111 Full Log(L) =    -16.88666 LRT =      0.96440 p-value =      0.16304
Site   182 dN/dS =      1.00000 Full Log(L) =      0.00000 LRT =      0.00000 p-value =      1.00000
Site   183 dN/dS =      3.35425 Full Log(L) =    -17.20434 LRT =      1.01305 p-value =      0.15709
Site   184 dN/dS =      2.21997 Full Log(L) =    -13.30193 LRT =      0.49443 p-value =      0.24098
Site   185 dN/dS =      1.00000 Full Log(L) =      0.00000 LRT =      0.00000 p-value =      1.00000
Site   186 dN/dS =      1.00000 Full Log(L) =      0.00000 LRT =      0.00000 p-value =      1.00000
Site   187 dN/dS =      1.00000 Full Log(L) =      0.00000 LRT =      0.00000 p-value =      1.00000
Site   188 dN/dS =      0.00000 Full Log(L) =    -10.90180 LRT =      0.66610 p-value =      0.20721
Site   189 dN/dS =      6.97415 Full Log(L) =    -17.00985 LRT =      4.31305 p-value =      0.01891 *P
Site   190 dN/dS =      1.00000 Full Log(L) =      0.00000 LRT =      0.00000 p-value =      1.00000
Site   191 dN/dS =      1.00000 Full Log(L) =      0.00000 LRT =      0.00000 p-value =      1.00000
Site   192 dN/dS =      1.00000 Full Log(L) =      0.00000 LRT =      0.00000 p-value =      1.00000
Site   193 dN/dS =      1.00000 Full Log(L) =      0.00000 LRT =      0.00000 p-value =      1.00000
Site   194 dN/dS =      1.00000 Full Log(L) =      0.00000 LRT =      0.00000 p-value =      1.00000
Site   195 dN/dS =      0.00000 Full Log(L) =    -10.38538 LRT =      0.56599 p-value =      0.22593
Site   196 dN/dS =      1.00000 Full Log(L) =      0.00000 LRT =      0.00000 p-value =      1.00000
Site   197 dN/dS =      1.00000 Full Log(L) =      0.00000 LRT =      0.00000 p-value =      1.00000
Site   198 dN/dS =      1.00000 Full Log(L) =      0.00000 LRT =      0.00000 p-value =      1.00000
Site   199 dN/dS =      1.00000 Full Log(L) =      0.00000 LRT =      0.00000 p-value =      1.00000
Site   200 dN/dS =      0.00000 Full Log(L) =    -11.47850 LRT =      0.63232 p-value =      0.21325
Site   201 dN/dS =      1.00000 Full Log(L) =      0.00000 LRT =      0.00000 p-value =      1.00000
Site   202 dN/dS =      1.00000 Full Log(L) =      0.00000 LRT =      0.00000 p-value =      1.00000
Site   203 dN/dS =      1.00000 Full Log(L) =      0.00000 LRT =      0.00000 p-value =      1.00000
Site   204 dN/dS =      1.00000 Full Log(L) =      0.00000 LRT =      0.00000 p-value =      1.00000
Site   205 dN/dS =      1.00000 Full Log(L) =      0.00000 LRT =      0.00000 p-value =      1.00000
Site   206 dN/dS =      1.00000 Full Log(L) =      0.00000 LRT =      0.00000 p-value =      1.00000
Site   207 dN/dS =      1.00000 Full Log(L) =      0.00000 LRT =      0.00000 p-value =      1.00000
Site   208 dN/dS =      1.00000 Full Log(L) =      0.00000 LRT =      0.00000 p-value =      1.00000
Site   209 dN/dS =      0.00000 Full Log(L) =    -11.19191 LRT =      0.75323 p-value =      0.19273
Site   210 dN/dS =      1.00000 Full Log(L) =      0.00000 LRT =      0.00000 p-value =      1.00000
Site   211 dN/dS =      0.00000 Full Log(L) =    -10.63918 LRT =      0.48520 p-value =      0.24304
Site   212 dN/dS =      1.00000 Full Log(L) =      0.00000 LRT =      0.00000 p-value =      1.00000
Site   213 dN/dS =      1.00000 Full Log(L) =      0.00000 LRT =      0.00000 p-value =      1.00000
Site   214 dN/dS =      1.00000 Full Log(L) =      0.00000 LRT =      0.00000 p-value =      1.00000
Site   215 dN/dS =      4.39833 Full Log(L) =     -9.46325 LRT =      1.41283 p-value =      0.11729
Site   216 dN/dS =      0.00000 Full Log(L) =    -10.79933 LRT =      0.76359 p-value =      0.19110
Site   217 dN/dS =      1.00000 Full Log(L) =      0.00000 LRT =      0.00000 p-value =      1.00000
Site   218 dN/dS =      1.00000 Full Log(L) =      0.00000 LRT =      0.00000 p-value =      1.00000
Site   219 dN/dS =      1.00000 Full Log(L) =      0.00000 LRT =      0.00000 p-value =      1.00000
Site   220 dN/dS =      1.00000 Full Log(L) =      0.00000 LRT =      0.00000 p-value =      1.00000
Site   221 dN/dS =      1.00000 Full Log(L) =      0.00000 LRT =      0.00000 p-value =      1.00000
Site   222 dN/dS =      1.00000 Full Log(L) =      0.00000 LRT =      0.00000 p-value =      1.00000
Site   223 dN/dS =      1.00000 Full Log(L) =      0.00000 LRT =      0.00000 p-value =      1.00000
Site   224 dN/dS =      1.00000 Full Log(L) =      0.00000 LRT =      0.00000 p-value =      1.00000
Site   225 dN/dS =      2.66750 Full Log(L) =    -10.08003 LRT =      0.70977 p-value =      0.19976
Site   226 dN/dS =      1.00000 Full Log(L) =      0.00000 LRT =      0.00000 p-value =      1.00000
Site   227 dN/dS =      0.00000 Full Log(L) =    -10.31196 LRT =      0.40392 p-value =      0.26254
Site   228 dN/dS =      1.00000 Full Log(L) =      0.00000 LRT =      0.00000 p-value =      1.00000
Site   229 dN/dS =      1.00000 Full Log(L) =      0.00000 LRT =      0.00000 p-value =      1.00000
Site   230 dN/dS =      1.00000 Full Log(L) =      0.00000 LRT =      0.00000 p-value =      1.00000
Site   231 dN/dS =      1.00000 Full Log(L) =      0.00000 LRT =      0.00000 p-value =      1.00000
Site   232 dN/dS =      3.23585 Full Log(L) =     -9.32381 LRT =      0.96254 p-value =      0.16327
Site   233 dN/dS =      1.00000 Full Log(L) =      0.00000 LRT =      0.00000 p-value =      1.00000
Site   234 dN/dS =      1.00000 Full Log(L) =      0.00000 LRT =      0.00000 p-value =      1.00000
Site   235 dN/dS =      1.00000 Full Log(L) =      0.00000 LRT =      0.00000 p-value =      1.00000
Site   236 dN/dS =      2.88679 Full Log(L) =    -10.77504 LRT =      0.81016 p-value =      0.18404
Site   237 dN/dS =      1.00000 Full Log(L) =      0.00000 LRT =      0.00000 p-value =      1.00000
Site   238 dN/dS =      1.00000 Full Log(L) =      0.00000 LRT =      0.00000 p-value =      1.00000
Site   239 dN/dS =      3.26046 Full Log(L) =    -11.35899 LRT =      0.97381 p-value =      0.16187
Site   240 dN/dS =      1.00000 Full Log(L) =      0.00000 LRT =      0.00000 p-value =      1.00000
Site   241 dN/dS =      1.00000 Full Log(L) =      0.00000 LRT =      0.00000 p-value =      1.00000
Site   242 dN/dS =      1.00000 Full Log(L) =      0.00000 LRT =      0.00000 p-value =      1.00000
Site   243 dN/dS =      1.00000 Full Log(L) =      0.00000 LRT =      0.00000 p-value =      1.00000
Site   244 dN/dS =      0.00000 Full Log(L) =    -10.48656 LRT =      0.75319 p-value =      0.19273
Site   245 dN/dS =     18.25383 Full Log(L) =    -38.08751 LRT =     23.26318 p-value =      0.00000 *P
Site   246 dN/dS =      1.00000 Full Log(L) =      0.00000 LRT =      0.00000 p-value =      1.00000
Site   247 dN/dS =      1.00000 Full Log(L) =      0.00000 LRT =      0.00000 p-value =      1.00000
Site   248 dN/dS =      1.00000 Full Log(L) =      0.00000 LRT =      0.00000 p-value =      1.00000
Site   249 dN/dS =      4.15373 Full Log(L) =    -11.03835 LRT =      1.32379 p-value =      0.12496
Site   250 dN/dS =      1.00000 Full Log(L) =      0.00000 LRT =      0.00000 p-value =      1.00000
Site   251 dN/dS =      1.00000 Full Log(L) =      0.00000 LRT =      0.00000 p-value =      1.00000
Site   252 dN/dS =      1.00000 Full Log(L) =      0.00000 LRT =      0.00000 p-value =      1.00000
Site   253 dN/dS =      1.00000 Full Log(L) =      0.00000 LRT =      0.00000 p-value =      1.00000
Site   254 dN/dS =      1.00000 Full Log(L) =      0.00000 LRT =      0.00000 p-value =      1.00000
Site   255 dN/dS =      1.00000 Full Log(L) =      0.00000 LRT =      0.00000 p-value =      1.00000
Site   256 dN/dS =      1.00000 Full Log(L) =      0.00000 LRT =      0.00000 p-value =      1.00000
Site   257 dN/dS =      1.00000 Full Log(L) =      0.00000 LRT =      0.00000 p-value =      1.00000
Site   258 dN/dS =      1.00000 Full Log(L) =      0.00000 LRT =      0.00000 p-value =      1.00000
Site   259 dN/dS =      1.00000 Full Log(L) =      0.00000 LRT =      0.00000 p-value =      1.00000
Site   260 dN/dS =      1.00000 Full Log(L) =      0.00000 LRT =      0.00000 p-value =      1.00000
Site   261 dN/dS =      1.00000 Full Log(L) =      0.00000 LRT =      0.00000 p-value =      1.00000
Site   262 dN/dS =      1.00000 Full Log(L) =      0.00000 LRT =      0.00000 p-value =      1.00000
Site   263 dN/dS =      0.00000 Full Log(L) =     -9.23863 LRT =      0.75302 p-value =      0.19276
Site   264 dN/dS =      1.00000 Full Log(L) =      0.00000 LRT =      0.00000 p-value =      1.00000
Site   265 dN/dS =      1.00000 Full Log(L) =      0.00000 LRT =      0.00000 p-value =      1.00000
Site   266 dN/dS =      0.00000 Full Log(L) =    -10.68469 LRT =      0.62176 p-value =      0.21520
Site   267 dN/dS =      1.00000 Full Log(L) =      0.00000 LRT =      0.00000 p-value =      1.00000
Site   268 dN/dS =      1.00000 Full Log(L) =      0.00000 LRT =      0.00000 p-value =      1.00000
Site   269 dN/dS =      1.00000 Full Log(L) =      0.00000 LRT =      0.00000 p-value =      1.00000
Site   270 dN/dS =      1.00000 Full Log(L) =      0.00000 LRT =      0.00000 p-value =      1.00000
Site   271 dN/dS =      1.00000 Full Log(L) =      0.00000 LRT =      0.00000 p-value =      1.00000
Site   272 dN/dS =      1.00000 Full Log(L) =      0.00000 LRT =      0.00000 p-value =      1.00000
Site   273 dN/dS =      1.00000 Full Log(L) =      0.00000 LRT =      0.00000 p-value =      1.00000
Site   274 dN/dS =      0.00000 Full Log(L) =    -11.42066 LRT =      0.54084 p-value =      0.23104
Site   275 dN/dS =      1.00000 Full Log(L) =      0.00000 LRT =      0.00000 p-value =      1.00000
Site   276 dN/dS =      0.00000 Full Log(L) =    -11.15797 LRT =      0.71478 p-value =      0.19893
Site   277 dN/dS =      1.00000 Full Log(L) =      0.00000 LRT =      0.00000 p-value =      1.00000
Site   278 dN/dS =      1.00000 Full Log(L) =      0.00000 LRT =      0.00000 p-value =      1.00000
Site   279 dN/dS =      1.00000 Full Log(L) =      0.00000 LRT =      0.00000 p-value =      1.00000
Site   280 dN/dS =      1.00000 Full Log(L) =      0.00000 LRT =      0.00000 p-value =      1.00000
Site   281 dN/dS =      1.00000 Full Log(L) =      0.00000 LRT =      0.00000 p-value =      1.00000
Site   282 dN/dS =      1.00000 Full Log(L) =      0.00000 LRT =      0.00000 p-value =      1.00000
Site   283 dN/dS =      5.69311 Full Log(L) =    -15.14263 LRT =      3.63904 p-value =      0.02822 *P
Site   284 dN/dS =      1.00000 Full Log(L) =      0.00000 LRT =      0.00000 p-value =      1.00000
Site   285 dN/dS =      1.00000 Full Log(L) =      0.00000 LRT =      0.00000 p-value =      1.00000
Site   286 dN/dS =      1.00000 Full Log(L) =      0.00000 LRT =      0.00000 p-value =      1.00000
Site   287 dN/dS =      3.69577 Full Log(L) =    -10.29827 LRT =      1.16501 p-value =      0.14021
Site   288 dN/dS =      2.95897 Full Log(L) =     -9.63766 LRT =      0.84306 p-value =      0.17926
Site   289 dN/dS =      6.77959 Full Log(L) =    -14.62315 LRT =      4.23274 p-value =      0.01983 *P
Site   290 dN/dS =      1.00000 Full Log(L) =      0.00000 LRT =      0.00000 p-value =      1.00000
Site   291 dN/dS =      0.00000 Full Log(L) =    -10.41385 LRT =      0.76484 p-value =      0.19091
Site   292 dN/dS =      6.93968 Full Log(L) =    -15.01525 LRT =      4.29641 p-value =      0.01910 *P
Site   293 dN/dS =      1.00000 Full Log(L) =      0.00000 LRT =      0.00000 p-value =      1.00000
Site   294 dN/dS =      1.00000 Full Log(L) =      0.00000 LRT =      0.00000 p-value =      1.00000
Site   295 dN/dS =      1.00000 Full Log(L) =      0.00000 LRT =      0.00000 p-value =      1.00000
Site   296 dN/dS =      1.00000 Full Log(L) =      0.00000 LRT =      0.00000 p-value =      1.00000
Site   297 dN/dS =      0.00000 Full Log(L) =    -10.16412 LRT =      0.64231 p-value =      0.21144
Site   298 dN/dS =      1.00000 Full Log(L) =      0.00000 LRT =      0.00000 p-value =      1.00000
Site   299 dN/dS =      1.00000 Full Log(L) =      0.00000 LRT =      0.00000 p-value =      1.00000
Site   300 dN/dS =      1.00000 Full Log(L) =      0.00000 LRT =      0.00000 p-value =      1.00000
Site   301 dN/dS =      1.00000 Full Log(L) =      0.00000 LRT =      0.00000 p-value =      1.00000
Site   302 dN/dS =      1.00000 Full Log(L) =      0.00000 LRT =      0.00000 p-value =      1.00000
Site   303 dN/dS =      1.00000 Full Log(L) =      0.00000 LRT =      0.00000 p-value =      1.00000
Site   304 dN/dS =      3.55571 Full Log(L) =     -9.62375 LRT =      1.09523 p-value =      0.14766
Site   305 dN/dS =      1.00000 Full Log(L) =      0.00000 LRT =      0.00000 p-value =      1.00000
Site   306 dN/dS =      1.00000 Full Log(L) =      0.00000 LRT =      0.00000 p-value =      1.00000
Site   307 dN/dS =      1.00000 Full Log(L) =      0.00000 LRT =      0.00000 p-value =      1.00000
Site   308 dN/dS =      1.00000 Full Log(L) =      0.00000 LRT =      0.00000 p-value =      1.00000
Site   309 dN/dS =      1.00000 Full Log(L) =      0.00000 LRT =      0.00000 p-value =      1.00000
Site   310 dN/dS =      1.00000 Full Log(L) =      0.00000 LRT =      0.00000 p-value =      1.00000
Site   311 dN/dS =      1.00000 Full Log(L) =      0.00000 LRT =      0.00000 p-value =      1.00000
Site   312 dN/dS =      1.00000 Full Log(L) =      0.00000 LRT =      0.00000 p-value =      1.00000
Site   313 dN/dS =      1.00000 Full Log(L) =      0.00000 LRT =      0.00000 p-value =      1.00000
Site   314 dN/dS =      1.00000 Full Log(L) =      0.00000 LRT =      0.00000 p-value =      1.00000
Site   315 dN/dS =      1.00000 Full Log(L) =      0.00000 LRT =      0.00000 p-value =      1.00000
Site   316 dN/dS =      1.00000 Full Log(L) =      0.00000 LRT =      0.00000 p-value =      1.00000
Site   317 dN/dS =      1.00000 Full Log(L) =      0.00000 LRT =      0.00000 p-value =      1.00000
Site   318 dN/dS =      1.00000 Full Log(L) =      0.00000 LRT =      0.00000 p-value =      1.00000
Site   319 dN/dS =      1.00000 Full Log(L) =      0.00000 LRT =      0.00000 p-value =      1.00000
Site   320 dN/dS =      0.00000 Full Log(L) =    -21.06767 LRT =      0.68065 p-value =      0.20468
Site   321 dN/dS =      1.00000 Full Log(L) =      0.00000 LRT =      0.00000 p-value =      1.00000
Site   322 dN/dS =      1.00000 Full Log(L) =      0.00000 LRT =      0.00000 p-value =      1.00000
Site   323 dN/dS =      1.00000 Full Log(L) =      0.00000 LRT =      0.00000 p-value =      1.00000
Site   324 dN/dS =      0.00000 Full Log(L) =     -9.94550 LRT =      0.48520 p-value =      0.24304
Site   325 dN/dS =      1.00000 Full Log(L) =      0.00000 LRT =      0.00000 p-value =      1.00000
Site   326 dN/dS =      1.00000 Full Log(L) =      0.00000 LRT =      0.00000 p-value =      1.00000
Site   327 dN/dS =      1.00000 Full Log(L) =      0.00000 LRT =      0.00000 p-value =      1.00000
Site   328 dN/dS =      3.27403 Full Log(L) =    -11.38902 LRT =      0.97870 p-value =      0.16126
Site   329 dN/dS =      1.00000 Full Log(L) =      0.00000 LRT =      0.00000 p-value =      1.00000
Site   330 dN/dS =      1.00000 Full Log(L) =      0.00000 LRT =      0.00000 p-value =      1.00000
Site   331 dN/dS =      1.00000 Full Log(L) =      0.00000 LRT =      0.00000 p-value =      1.00000
Site   332 dN/dS =      1.00000 Full Log(L) =      0.00000 LRT =      0.00000 p-value =      1.00000
Site   333 dN/dS =      1.00000 Full Log(L) =      0.00000 LRT =      0.00000 p-value =      1.00000
Site   334 dN/dS =      1.00000 Full Log(L) =      0.00000 LRT =      0.00000 p-value =      1.00000
Site   335 dN/dS =      1.00000 Full Log(L) =      0.00000 LRT =      0.00000 p-value =      1.00000
Site   336 dN/dS =      1.00000 Full Log(L) =      0.00000 LRT =      0.00000 p-value =      1.00000
Site   337 dN/dS =      1.00000 Full Log(L) =      0.00000 LRT =      0.00000 p-value =      1.00000
Site   338 dN/dS =      1.00000 Full Log(L) =      0.00000 LRT =      0.00000 p-value =      1.00000
Site   339 dN/dS =      1.00000 Full Log(L) =      0.00000 LRT =      0.00000 p-value =      1.00000
Site   340 dN/dS =      1.00000 Full Log(L) =      0.00000 LRT =      0.00000 p-value =      1.00000
Site   341 dN/dS =      1.00000 Full Log(L) =      0.00000 LRT =      0.00000 p-value =      1.00000
Site   342 dN/dS =      1.00000 Full Log(L) =      0.00000 LRT =      0.00000 p-value =      1.00000
Site   343 dN/dS =      1.00000 Full Log(L) =      0.00000 LRT =      0.00000 p-value =      1.00000
Site   344 dN/dS =      1.00000 Full Log(L) =      0.00000 LRT =      0.00000 p-value =      1.00000
Site   345 dN/dS =      1.00000 Full Log(L) =      0.00000 LRT =      0.00000 p-value =      1.00000
Site   346 dN/dS =      0.00000 Full Log(L) =     -4.40757 LRT =      0.72738 p-value =      0.19687
Site   347 dN/dS =      0.00000 Full Log(L) =     -3.57200 LRT =      0.68488 p-value =      0.20396
Site   348 dN/dS =      0.00000 Full Log(L) =     -4.32070 LRT =      0.51438 p-value =      0.23662
Site   349 dN/dS =      0.00000 Full Log(L) =    -10.11199 LRT =      0.72738 p-value =      0.19687
Site   350 dN/dS =      0.00000 Full Log(L) =     -4.24716 LRT =      0.64730 p-value =      0.21054
Site   351 dN/dS =      0.00000 Full Log(L) =     -3.98099 LRT =      0.53829 p-value =      0.23157
Site   352 dN/dS =      0.00000 Full Log(L) =     -4.81666 LRT =      0.64730 p-value =      0.21054
Site   353 dN/dS =      0.00000 Full Log(L) =     -4.34560 LRT =      0.72738 p-value =      0.19687
Site   354 dN/dS =      0.00000 Full Log(L) =     -4.32070 LRT =      0.51438 p-value =      0.23662
Site   355 dN/dS =      2.94066 Full Log(L) =    -10.55936 LRT =      0.83397 p-value =      0.18056
Site   356 dN/dS =      0.00000 Full Log(L) =     -3.54004 LRT =      0.63350 p-value =      0.21304
Site   357 dN/dS =      0.00000 Full Log(L) =     -3.52588 LRT =      0.59134 p-value =      0.22095
Site   358 dN/dS =      0.00000 Full Log(L) =     -4.34560 LRT =      0.72738 p-value =      0.19687
Site   359 dN/dS =      0.00000 Full Log(L) =     -4.54177 LRT =      0.33120 p-value =      0.28248
Site   360 dN/dS =      0.00000 Full Log(L) =    -10.94184 LRT =      0.63347 p-value =      0.21304
Site   361 dN/dS =      0.00000 Full Log(L) =     -4.07188 LRT =      0.69689 p-value =      0.20192
Site   362 dN/dS =      0.00000 Full Log(L) =     -4.05338 LRT =      0.86111 p-value =      0.17671
Site   363 dN/dS =      3.40419 Full Log(L) =    -11.06658 LRT =      1.03399 p-value =      0.15461
Site   364 dN/dS =      3.02415 Full Log(L) =    -15.56308 LRT =      0.87083 p-value =      0.17536
Site   365 dN/dS =      0.00000 Full Log(L) =     -4.34560 LRT =      0.72738 p-value =      0.19687
Site   366 dN/dS =      0.00000 Full Log(L) =     -4.54177 LRT =      0.33120 p-value =      0.28248
Site   367 dN/dS =      0.00000 Full Log(L) =    -11.04541 LRT =      0.46143 p-value =      0.24848
Site   368 dN/dS =      5.85964 Full Log(L) =    -35.25215 LRT =      3.68768 p-value =      0.02741 *P
Site   369 dN/dS =      0.00000 Full Log(L) =     -4.32070 LRT =      0.51438 p-value =      0.23662
Site   370 dN/dS =      0.00000 Full Log(L) =     -4.33439 LRT =      0.69296 p-value =      0.20258
Site   371 dN/dS =      0.00000 Full Log(L) =     -4.31616 LRT =      0.60137 p-value =      0.21903
Site   372 dN/dS =      0.00000 Full Log(L) =     -4.04424 LRT =      0.38422 p-value =      0.26768
Site   373 dN/dS =      0.00000 Full Log(L) =    -10.67925 LRT =      0.59131 p-value =      0.22096
Site   374 dN/dS =      0.00000 Full Log(L) =     -4.59490 LRT =      0.50638 p-value =      0.23836
Site   375 dN/dS =      0.00000 Full Log(L) =     -4.10469 LRT =      0.61202 p-value =      0.21701
Site   376 dN/dS =      0.00000 Full Log(L) =     -4.40270 LRT =      0.70271 p-value =      0.20094
Site   377 dN/dS =      3.64835 Full Log(L) =    -17.44252 LRT =      1.13261 p-value =      0.14361
Site   378 dN/dS =      0.00000 Full Log(L) =     -4.06403 LRT =      0.64985 p-value =      0.21008
Site   379 dN/dS =      0.00000 Full Log(L) =     -4.03847 LRT =      0.35829 p-value =      0.27473
Site   380 dN/dS =      0.00000 Full Log(L) =     -4.23931 LRT =      0.60361 p-value =      0.21860
Site   381 dN/dS =      0.00000 Full Log(L) =     -4.23931 LRT =      0.60361 p-value =      0.21860
Site   382 dN/dS =      0.00000 Full Log(L) =     -3.80489 LRT =      0.62252 p-value =      0.21506
Site   383 dN/dS =      0.00000 Full Log(L) =     -4.71223 LRT =      0.48853 p-value =      0.24229
Site   384 dN/dS =      0.00000 Full Log(L) =     -3.24819 LRT =      0.51966 p-value =      0.23549
Site   385 dN/dS =      0.00000 Full Log(L) =     -4.08140 LRT =      0.66801 p-value =      0.20687
Site   386 dN/dS =      0.00000 Full Log(L) =     -4.22552 LRT =      0.53253 p-value =      0.23277
Site   387 dN/dS =      0.00000 Full Log(L) =     -4.03847 LRT =      0.35829 p-value =      0.27473
Site   388 dN/dS =      0.00000 Full Log(L) =     -4.23931 LRT =      0.60361 p-value =      0.21860
Site   389 dN/dS =      0.00000 Full Log(L) =     -4.23931 LRT =      0.60361 p-value =      0.21860
Site   390 dN/dS =      0.00000 Full Log(L) =     -3.97213 LRT =      0.50196 p-value =      0.23932
Site   391 dN/dS =      0.00000 Full Log(L) =     -9.28979 LRT =      0.55129 p-value =      0.22889
Site   392 dN/dS =      0.00000 Full Log(L) =     -4.03847 LRT =      0.35829 p-value =      0.27473
Site   393 dN/dS =      0.00000 Full Log(L) =     -3.97213 LRT =      0.50196 p-value =      0.23932
Site   394 dN/dS =      0.00000 Full Log(L) =     -3.58037 LRT =      0.55143 p-value =      0.22887
Site   395 dN/dS =      2.96437 Full Log(L) =    -11.32150 LRT =      0.84527 p-value =      0.17895
Site   396 dN/dS =      0.00000 Full Log(L) =     -3.24819 LRT =      0.51966 p-value =      0.23549
Site   397 dN/dS =      0.00000 Full Log(L) =     -5.10514 LRT =      0.28938 p-value =      0.29531
Site   398 dN/dS =      0.00000 Full Log(L) =     -3.51880 LRT =      0.55143 p-value =      0.22887
Site   399 dN/dS =      0.00000 Full Log(L) =     -4.32408 LRT =      0.64619 p-value =      0.21074
Site   400 dN/dS =      0.00000 Full Log(L) =     -4.04577 LRT =      0.27908 p-value =      0.29865
Site   401 dN/dS =      0.00000 Full Log(L) =     -3.97213 LRT =      0.50196 p-value =      0.23932
Site   402 dN/dS =      0.00000 Full Log(L) =     -4.09989 LRT =      0.59075 p-value =      0.22107
Site   403 dN/dS =      0.00000 Full Log(L) =     -3.24819 LRT =      0.51966 p-value =      0.23549
Site   404 dN/dS =      0.00000 Full Log(L) =     -9.11134 LRT =      0.53253 p-value =      0.23277
Site   405 dN/dS =      0.00000 Full Log(L) =    -10.67786 LRT =      0.55140 p-value =      0.22887
Site   406 dN/dS =      0.00000 Full Log(L) =    -10.25229 LRT =      0.59068 p-value =      0.22108
Site   407 dN/dS =      0.00000 Full Log(L) =     -9.91221 LRT =      0.51959 p-value =      0.23551
Site   408 dN/dS =      0.00000 Full Log(L) =     -4.31322 LRT =      0.47966 p-value =      0.24429
Site   409 dN/dS =      0.00000 Full Log(L) =     -4.30909 LRT =      0.56078 p-value =      0.22697
Site   410 dN/dS =      0.00000 Full Log(L) =     -4.03847 LRT =      0.35829 p-value =      0.27473
Site   411 dN/dS =      0.00000 Full Log(L) =     -3.91056 LRT =      0.50196 p-value =      0.23932
Site   412 dN/dS =      0.00000 Full Log(L) =     -3.53427 LRT =      0.59074 p-value =      0.22107
Site   413 dN/dS =      0.00000 Full Log(L) =     -3.24819 LRT =      0.51966 p-value =      0.23549
Site   414 dN/dS =      0.00000 Full Log(L) =     -3.53427 LRT =      0.59074 p-value =      0.22107
Site   415 dN/dS =      0.00000 Full Log(L) =     -4.31322 LRT =      0.47966 p-value =      0.24429
Site   416 dN/dS =      0.00000 Full Log(L) =     -4.31334 LRT =      0.40443 p-value =      0.26240
Site   417 dN/dS =      0.00000 Full Log(L) =     -3.53427 LRT =      0.59074 p-value =      0.22107
Site   418 dN/dS =      3.66316 Full Log(L) =     -9.10601 LRT =      1.13871 p-value =      0.14296
Site   419 dN/dS =      0.00000 Full Log(L) =     -3.53427 LRT =      0.59074 p-value =      0.22107
Site   420 dN/dS =      0.00000 Full Log(L) =     -4.62965 LRT =      0.67828 p-value =      0.20509
Site   421 dN/dS =      0.00000 Full Log(L) =     -3.75845 LRT =      0.61775 p-value =      0.21594
Site   422 dN/dS =      0.00000 Full Log(L) =     -3.91056 LRT =      0.50196 p-value =      0.23932
Site   423 dN/dS =      0.00000 Full Log(L) =     -4.60409 LRT =      0.35830 p-value =      0.27473
Site   424 dN/dS =      3.23772 Full Log(L) =     -9.37284 LRT =      0.96391 p-value =      0.16310
Site   425 dN/dS =      0.00000 Full Log(L) =     -4.77380 LRT =      0.48853 p-value =      0.24229
Site   426 dN/dS =      0.00000 Full Log(L) =     -4.09989 LRT =      0.59075 p-value =      0.22107
Site   427 dN/dS =      3.87893 Full Log(L) =     -9.44670 LRT =      1.22085 p-value =      0.13460
Site   428 dN/dS =      0.00000 Full Log(L) =     -3.87891 LRT =      0.43029 p-value =      0.25592
Site   429 dN/dS =      0.00000 Full Log(L) =     -4.20803 LRT =      0.55026 p-value =      0.22911
Site   430 dN/dS =      0.00000 Full Log(L) =     -9.55568 LRT =      0.59062 p-value =      0.22109
Site   431 dN/dS =      0.00000 Full Log(L) =     -3.86645 LRT =      0.62252 p-value =      0.21506
Site   432 dN/dS =      0.00000 Full Log(L) =     -4.22552 LRT =      0.53253 p-value =      0.23277
Site   433 dN/dS =      0.00000 Full Log(L) =     -3.24819 LRT =      0.51966 p-value =      0.23549
Site   434 dN/dS =      0.00000 Full Log(L) =     -3.56992 LRT =      0.63866 p-value =      0.21210
Site   435 dN/dS =      0.00000 Full Log(L) =     -9.00512 LRT =      0.62227 p-value =      0.21510
Site   436 dN/dS =      0.00000 Full Log(L) =     -4.77380 LRT =      0.48853 p-value =      0.24229
Site   437 dN/dS =      0.00000 Full Log(L) =     -4.54177 LRT =      0.30885 p-value =      0.28919
Site   438 dN/dS =      0.00000 Full Log(L) =     -4.87896 LRT =      0.43000 p-value =      0.25599
Site   439 dN/dS =      0.00000 Full Log(L) =     -3.94048 LRT =      0.43029 p-value =      0.25592
Site   440 dN/dS =      0.00000 Full Log(L) =     -3.58037 LRT =      0.55143 p-value =      0.22887
Site   441 dN/dS =      0.00000 Full Log(L) =     -4.80494 LRT =      0.60361 p-value =      0.21860
Site   442 dN/dS =      0.00000 Full Log(L) =     -4.09989 LRT =      0.59075 p-value =      0.22107
Site   443 dN/dS =      0.00000 Full Log(L) =     -4.71223 LRT =      0.48853 p-value =      0.24229
Site   444 dN/dS =      0.00000 Full Log(L) =     -4.71223 LRT =      0.48853 p-value =      0.24229
Site   445 dN/dS =      0.00000 Full Log(L) =     -4.20803 LRT =      0.55026 p-value =      0.22911
Site   446 dN/dS =      0.00000 Full Log(L) =     -4.57317 LRT =      0.60361 p-value =      0.21860
Site   447 dN/dS =      0.00000 Full Log(L) =     -5.10514 LRT =      0.28938 p-value =      0.29531
Site   448 dN/dS =      0.00000 Full Log(L) =     -4.09989 LRT =      0.59075 p-value =      0.22107
Site   449 dN/dS =      0.00000 Full Log(L) =     -3.58037 LRT =      0.55143 p-value =      0.22887
Site   450 dN/dS =      0.00000 Full Log(L) =     -4.03847 LRT =      0.35829 p-value =      0.27473
Site   451 dN/dS =      0.00000 Full Log(L) =     -4.30909 LRT =      0.56078 p-value =      0.22697
Site   452 dN/dS =      0.00000 Full Log(L) =     -3.95323 LRT =      0.53253 p-value =      0.23277
Site   453 dN/dS =      0.00000 Full Log(L) =     -3.91056 LRT =      0.50196 p-value =      0.23932
Site   454 dN/dS =      0.00000 Full Log(L) =     -3.80489 LRT =      0.62252 p-value =      0.21506
Site   455 dN/dS =      0.00000 Full Log(L) =     -4.53952 LRT =      0.28938 p-value =      0.29531
Site   456 dN/dS =      0.00000 Full Log(L) =     -4.22552 LRT =      0.53253 p-value =      0.23277
Site   457 dN/dS =      0.00000 Full Log(L) =     -3.86645 LRT =      0.62252 p-value =      0.21506
Site   458 dN/dS =      0.00000 Full Log(L) =     -4.31334 LRT =      0.40443 p-value =      0.26240
Site   459 dN/dS =      0.00000 Full Log(L) =     -3.53427 LRT =      0.59074 p-value =      0.22107
Site   460 dN/dS =      0.00000 Full Log(L) =     -4.05338 LRT =      0.80299 p-value =      0.18510
Site   461 dN/dS =      0.00000 Full Log(L) =     -3.58037 LRT =      0.55143 p-value =      0.22887
Site   462 dN/dS =      0.00000 Full Log(L) =     -3.24819 LRT =      0.51966 p-value =      0.23549
Site   463 dN/dS =      0.00000 Full Log(L) =    -12.24055 LRT =      0.28940 p-value =      0.29530
Site   464 dN/dS =      0.00000 Full Log(L) =     -4.25165 LRT =      0.47966 p-value =      0.24429
Site   465 dN/dS =      0.00000 Full Log(L) =     -3.53427 LRT =      0.59074 p-value =      0.22107
Site   466 dN/dS =      3.26670 Full Log(L) =     -8.93085 LRT =      0.97623 p-value =      0.16157
Site   467 dN/dS =      0.00000 Full Log(L) =     -3.95323 LRT =      0.53253 p-value =      0.23277
Site   468 dN/dS =      3.24442 Full Log(L) =     -8.68269 LRT =      0.96703 p-value =      0.16271
Site   469 dN/dS =      0.00000 Full Log(L) =     -3.81381 LRT =      0.51966 p-value =      0.23549
Site   470 dN/dS =      0.00000 Full Log(L) =     -4.03847 LRT =      0.35829 p-value =      0.27473
Site   471 dN/dS =      0.00000 Full Log(L) =     -5.10514 LRT =      0.28938 p-value =      0.29531
Site   472 dN/dS =      3.12217 Full Log(L) =    -16.67461 LRT =      0.91429 p-value =      0.16949
Site   473 dN/dS =      0.00000 Full Log(L) =     -3.53427 LRT =      0.59074 p-value =      0.22107
Site   474 dN/dS =      0.00000 Full Log(L) =     -3.51880 LRT =      0.55143 p-value =      0.22887
Site   475 dN/dS =      0.00000 Full Log(L) =     -4.51160 LRT =      0.60361 p-value =      0.21860
Site   476 dN/dS =      0.00000 Full Log(L) =     -4.09989 LRT =      0.59075 p-value =      0.22107
Site   477 dN/dS =      0.00000 Full Log(L) =     -3.80489 LRT =      0.62252 p-value =      0.21506
Site   478 dN/dS =      0.00000 Full Log(L) =     -4.05338 LRT =      0.80299 p-value =      0.18510
Site   479 dN/dS =      0.00000 Full Log(L) =    -15.25084 LRT =      0.67828 p-value =      0.20509
Site   480 dN/dS =      0.00000 Full Log(L) =     -3.51880 LRT =      0.55143 p-value =      0.22887
Site   481 dN/dS =      0.00000 Full Log(L) =    -10.09773 LRT =      0.67828 p-value =      0.20509
Site   482 dN/dS =      0.00000 Full Log(L) =     -4.37993 LRT =      0.56966 p-value =      0.22520
Site   483 dN/dS =      0.00000 Full Log(L) =     -4.31322 LRT =      0.47966 p-value =      0.24429
Site   484 dN/dS =      0.00000 Full Log(L) =     -3.24819 LRT =      0.51966 p-value =      0.23549
Site   485 dN/dS =      3.17819 Full Log(L) =    -10.48079 LRT =      0.93798 p-value =      0.16640
Site   486 dN/dS =      0.00000 Full Log(L) =     -9.64990 LRT =      0.43029 p-value =      0.25592
Site   487 dN/dS =      0.00000 Full Log(L) =     -4.37065 LRT =      0.56078 p-value =      0.22697
Site   488 dN/dS =      0.00000 Full Log(L) =     -3.24819 LRT =      0.51966 p-value =      0.23549
Site   489 dN/dS =      0.00000 Full Log(L) =     -4.37993 LRT =      0.56966 p-value =      0.22520
Site   490 dN/dS =      0.00000 Full Log(L) =     -3.86645 LRT =      0.62252 p-value =      0.21506
Site   491 dN/dS =      0.00000 Full Log(L) =     -3.51880 LRT =      0.55143 p-value =      0.22887
Site   492 dN/dS =      0.00000 Full Log(L) =     -4.57317 LRT =      0.60361 p-value =      0.21860
Site   493 dN/dS =      0.00000 Full Log(L) =     -4.44150 LRT =      0.56966 p-value =      0.22520
Site   494 dN/dS =      0.00000 Full Log(L) =     -3.56992 LRT =      0.63866 p-value =      0.21210
Site   495 dN/dS =      2.96541 Full Log(L) =    -11.28788 LRT =      0.84573 p-value =      0.17888
Site   496 dN/dS =      0.00000 Full Log(L) =     -4.31334 LRT =      0.40443 p-value =      0.26240
Site   497 dN/dS =      0.00000 Full Log(L) =     -3.97213 LRT =      0.50196 p-value =      0.23932
Site   498 dN/dS =      0.00000 Full Log(L) =     -3.75845 LRT =      0.61775 p-value =      0.21594
Site   499 dN/dS =      0.00000 Full Log(L) =     -3.51880 LRT =      0.55143 p-value =      0.22887
Site   500 dN/dS =      0.00000 Full Log(L) =     -4.06403 LRT =      0.64985 p-value =      0.21008
Site   501 dN/dS =      0.00000 Full Log(L) =     -4.22552 LRT =      0.53253 p-value =      0.23277
Site   502 dN/dS =      0.00000 Full Log(L) =     -3.87891 LRT =      0.43029 p-value =      0.25592
Site   503 dN/dS =      0.00000 Full Log(L) =     -3.86645 LRT =      0.62252 p-value =      0.21506
Site   504 dN/dS =      0.00000 Full Log(L) =     -4.30909 LRT =      0.56078 p-value =      0.22697
Site   505 dN/dS =      0.00000 Full Log(L) =     -3.80489 LRT =      0.62252 p-value =      0.21506
Site   506 dN/dS =      0.00000 Full Log(L) =     -3.93574 LRT =      0.55026 p-value =      0.22911
Site   507 dN/dS =      0.00000 Full Log(L) =     -3.94048 LRT =      0.43029 p-value =      0.25592
Site   508 dN/dS =      0.00000 Full Log(L) =     -3.75845 LRT =      0.61775 p-value =      0.21594
Site   509 dN/dS =      0.00000 Full Log(L) =     -9.57528 LRT =      0.62238 p-value =      0.21508
Site   510 dN/dS =      0.00000 Full Log(L) =     -3.53427 LRT =      0.59074 p-value =      0.22107
Site   511 dN/dS =      0.00000 Full Log(L) =     -4.23931 LRT =      0.60361 p-value =      0.21860
Site   512 dN/dS =      0.00000 Full Log(L) =     -4.04577 LRT =      0.27908 p-value =      0.29865
Site   513 dN/dS =      0.00000 Full Log(L) =     -3.58037 LRT =      0.55143 p-value =      0.22887
Site   514 dN/dS =      0.00000 Full Log(L) =     -3.58037 LRT =      0.55143 p-value =      0.22887
Site   515 dN/dS =      0.00000 Full Log(L) =     -5.15423 LRT =      0.57579 p-value =      0.22398
Site   516 dN/dS =      0.00000 Full Log(L) =    -23.80966 LRT =      0.47945 p-value =      0.24433
Site   517 dN/dS =      0.00000 Full Log(L) =     -4.60409 LRT =      0.35830 p-value =      0.27473
Site   518 dN/dS =      0.00000 Full Log(L) =     -3.97213 LRT =      0.50196 p-value =      0.23932
Site   519 dN/dS =      0.00000 Full Log(L) =     -3.24819 LRT =      0.51966 p-value =      0.23549
Site   520 dN/dS =      0.00000 Full Log(L) =    -10.79629 LRT =      0.67828 p-value =      0.20509
Site   521 dN/dS =      0.00000 Full Log(L) =     -4.20803 LRT =      0.55026 p-value =      0.22911
Site   522 dN/dS =      0.00000 Full Log(L) =     -4.09989 LRT =      0.59075 p-value =      0.22107
Site   523 dN/dS =      0.00000 Full Log(L) =     -5.10514 LRT =      0.28938 p-value =      0.29531
Site   524 dN/dS =      0.00000 Full Log(L) =     -3.81381 LRT =      0.51966 p-value =      0.23549
Site   525 dN/dS =      0.00000 Full Log(L) =     -4.31334 LRT =      0.40443 p-value =      0.26240
Site   526 dN/dS =      0.00000 Full Log(L) =     -4.06403 LRT =      0.64985 p-value =      0.21008
Site   527 dN/dS =      0.00000 Full Log(L) =     -3.94048 LRT =      0.43029 p-value =      0.25592
Site   528 dN/dS =      0.00000 Full Log(L) =     -3.24819 LRT =      0.51966 p-value =      0.23549
Site   529 dN/dS =      0.00000 Full Log(L) =     -3.80489 LRT =      0.62252 p-value =      0.21506
Site   530 dN/dS =      0.00000 Full Log(L) =     -4.54177 LRT =      0.30885 p-value =      0.28919
Site   531 dN/dS =      0.00000 Full Log(L) =     -3.97213 LRT =      0.50196 p-value =      0.23932
Site   532 dN/dS =      0.00000 Full Log(L) =     -4.53952 LRT =      0.28938 p-value =      0.29531
Site   533 dN/dS =      0.00000 Full Log(L) =     -4.54177 LRT =      0.30885 p-value =      0.28919
Site   534 dN/dS =      0.00000 Full Log(L) =     -3.91056 LRT =      0.50196 p-value =      0.23932
Site   535 dN/dS =      0.00000 Full Log(L) =     -4.64719 LRT =      0.47220 p-value =      0.24599
Site   536 dN/dS =      0.00000 Full Log(L) =     -4.25165 LRT =      0.47966 p-value =      0.24429
Site   537 dN/dS =      0.00000 Full Log(L) =     -4.57317 LRT =      0.60361 p-value =      0.21860
Site   538 dN/dS =      0.00000 Full Log(L) =     -3.56992 LRT =      0.63866 p-value =      0.21210
Site   539 dN/dS =      0.00000 Full Log(L) =     -4.31334 LRT =      0.40443 p-value =      0.26240
Site   540 dN/dS =      0.00000 Full Log(L) =     -4.37993 LRT =      0.56966 p-value =      0.22520
Site   541 dN/dS =      0.00000 Full Log(L) =     -4.25165 LRT =      0.47966 p-value =      0.24429
Site   542 dN/dS =      0.00000 Full Log(L) =     -4.61139 LRT =      0.30465 p-value =      0.29049
Site   543 dN/dS =      0.00000 Full Log(L) =     -4.71223 LRT =      0.48853 p-value =      0.24229
Site   544 dN/dS =      0.00000 Full Log(L) =     -4.37993 LRT =      0.56966 p-value =      0.22520
Site   545 dN/dS =      3.68231 Full Log(L) =     -8.73122 LRT =      1.14633 p-value =      0.14216
Site   546 dN/dS =      0.00000 Full Log(L) =     -4.20803 LRT =      0.55026 p-value =      0.22911
Site   547 dN/dS =      0.00000 Full Log(L) =    -10.75298 LRT =      0.30436 p-value =      0.29058
Site   548 dN/dS =      0.00000 Full Log(L) =    -11.14010 LRT =      0.28944 p-value =      0.29529
Site   549 dN/dS =      0.00000 Full Log(L) =     -4.62965 LRT =      0.67828 p-value =      0.20509
Site   550 dN/dS =      0.00000 Full Log(L) =     -4.31322 LRT =      0.47966 p-value =      0.24429
Site   551 dN/dS =      0.00000 Full Log(L) =     -3.97213 LRT =      0.50196 p-value =      0.23932
Site   552 dN/dS =      0.00000 Full Log(L) =     -4.05338 LRT =      0.80299 p-value =      0.18510
Site   553 dN/dS =      0.00000 Full Log(L) =     -4.54177 LRT =      0.30885 p-value =      0.28919
Site   554 dN/dS =      0.00000 Full Log(L) =     -4.57317 LRT =      0.60361 p-value =      0.21860
Site   555 dN/dS =      0.00000 Full Log(L) =     -4.44150 LRT =      0.56966 p-value =      0.22520
Site   556 dN/dS =      0.00000 Full Log(L) =     -4.03847 LRT =      0.35829 p-value =  
Check messages.log details of this run.
    0.27473
Site   557 dN/dS =      0.00000 Full Log(L) =     -3.24819 LRT =      0.51966 p-value =      0.23549
Site   558 dN/dS =      0.00000 Full Log(L) =     -4.39788 LRT =      0.67828 p-value =      0.20509
Site   559 dN/dS =      0.00000 Full Log(L) =     -3.58037 LRT =      0.55143 p-value =      0.22887
Site   560 dN/dS =      0.00000 Full Log(L) =     -3.91056 LRT =      0.50196 p-value =      0.23932
Site   561 dN/dS =      0.00000 Full Log(L) =     -4.32408 LRT =      0.64619 p-value =      0.21074
Site   562 dN/dS =      0.00000 Full Log(L) =     -4.44150 LRT =      0.56966 p-value =      0.22520
Site   563 dN/dS =      0.00000 Full Log(L) =     -3.58037 LRT =      0.55143 p-value =      0.22887
Site   564 dN/dS =      0.00000 Full Log(L) =     -3.91056 LRT =      0.50196 p-value =      0.23932
Site   565 dN/dS =      0.00000 Full Log(L) =     -4.44150 LRT =      0.56966 p-value =      0.22520
Site   566 dN/dS =      0.00000 Full Log(L) =     -3.91056 LRT =      0.50196 p-value =      0.23932


Wall-clock run-time (seconds): 1412791502
Process time on the master node: 504.84673
MPI nodes used: 0

Wall-clock time per site (seconds): 5986404.669491526
