

______________READ THE FOLLOWING DATA______________
38 species:{KC458098,KC458135,KC458133,KC458132,CY167275,KC535478,KC458096,KC458097,KC535396,KC535475,CY069741,CY069745,KC535405,KC458108,KC458109,KC535428,KC458103,KC458100,KC458106,KC535422,KC458104,KC458105,KC458124,KC458125,KC458126,KC458122,KC458123,KC458112,CY114501,KC458116,KC535413,KC535411,KC458118,KC458114,KC535419,KC458111,KC458110,KC535433};
Total Sites:1698;
Distinct Sites:125

Phase 1:Nucleotide Model (010010) Model Fit


-3402.77387552001

Phase 2:MG94x(010010) Model Fit



Phase 3:Estimating dN/dS


Nuc->codon scaling factor:1.980817151217663
Raw scaling factor:1.980817151217663
Tree scaling factor(S): 1

Using dN/dS=0.3161076670835539
Codon model:-3327.34681464468

Phase 4: Ancestral State Reconstruction and Counting

<<Significance level for Likelihood Ratio Tests (permissible range = [0,1], default value = 0.1)>>Site     1 dN/dS =      0.00000 Full Log(L) =     -4.13377 LRT =      0.57987 p-value =      0.22318
Site     2 dN/dS =      0.00000 Full Log(L) =     -3.90577 LRT =      0.36965 p-value =      0.27160
Site     3 dN/dS =      0.00000 Full Log(L) =     -4.10256 LRT =      0.36605 p-value =      0.27258
Site     4 dN/dS =      5.84760 Full Log(L) =     -9.73019 LRT =      1.85563 p-value =      0.08656 *P
Site     5 dN/dS =      0.00000 Full Log(L) =     -3.96010 LRT =      0.36374 p-value =      0.27322
Site     6 dN/dS =      0.00000 Full Log(L) =     -4.40638 LRT =      0.41774 p-value =      0.25903
Site     7 dN/dS =      0.00000 Full Log(L) =     -4.57084 LRT =      0.22789 p-value =      0.31654
Site     8 dN/dS =      0.00000 Full Log(L) =     -4.04348 LRT =      0.45301 p-value =      0.25046
Site     9 dN/dS =      6.62040 Full Log(L) =     -9.71328 LRT =      2.06120 p-value =      0.07555 *P
Site    10 dN/dS =      0.00000 Full Log(L) =     -3.96010 LRT =      0.36374 p-value =      0.27322
Site    11 dN/dS =      0.00000 Full Log(L) =     -4.38412 LRT =      0.21518 p-value =      0.32137
Site    12 dN/dS =      0.00000 Full Log(L) =     -4.28264 LRT =      0.39961 p-value =      0.26364
Site    13 dN/dS =      0.00000 Full Log(L) =     -4.94387 LRT =      0.21518 p-value =      0.32137
Site    14 dN/dS =      0.00000 Full Log(L) =     -4.27170 LRT =      0.39987 p-value =      0.26358
Site    15 dN/dS =      0.00000 Full Log(L) =     -4.28386 LRT =      0.36272 p-value =      0.27350
Site    16 dN/dS =      0.00000 Full Log(L) =     -9.82472 LRT =      0.41774 p-value =      0.25903
Site    17 dN/dS =      1.00000 Full Log(L) =      0.00000 LRT =      0.00000 p-value =      1.00000
Site    18 dN/dS =      1.00000 Full Log(L) =      0.00000 LRT =      0.00000 p-value =      1.00000
Site    19 dN/dS =      4.70397 Full Log(L) =    -15.71003 LRT =      3.02279 p-value =      0.04105 *P
Site    20 dN/dS =      0.00000 Full Log(L) =    -10.67984 LRT =      0.91086 p-value =      0.16994
Site    21 dN/dS =      1.90211 Full Log(L) =    -10.01019 LRT =      0.33521 p-value =      0.28130
Site    22 dN/dS =      1.00000 Full Log(L) =      0.00000 LRT =      0.00000 p-value =      1.00000
Site    23 dN/dS =      1.00000 Full Log(L) =      0.00000 LRT =      0.00000 p-value =      1.00000
Site    24 dN/dS =      1.00000 Full Log(L) =      0.00000 LRT =      0.00000 p-value =      1.00000
Site    25 dN/dS =      1.86426 Full Log(L) =    -10.13643 LRT =      0.31648 p-value =      0.28687
Site    26 dN/dS =      1.00000 Full Log(L) =      0.00000 LRT =      0.00000 p-value =      1.00000
Site    27 dN/dS =      1.00000 Full Log(L) =      0.00000 LRT =      0.00000 p-value =      1.00000
Site    28 dN/dS =      1.00000 Full Log(L) =      0.00000 LRT =      0.00000 p-value =      1.00000
Site    29 dN/dS =      1.00000 Full Log(L) =      0.00000 LRT =      0.00000 p-value =      1.00000
Site    30 dN/dS =      1.00000 Full Log(L) =      0.00000 LRT =      0.00000 p-value =      1.00000
Site    31 dN/dS =      1.00000 Full Log(L) =      0.00000 LRT =      0.00000 p-value =      1.00000
Site    32 dN/dS =      1.00000 Full Log(L) =      0.00000 LRT =      0.00000 p-value =      1.00000
Site    33 dN/dS =      1.00000 Full Log(L) =      0.00000 LRT =      0.00000 p-value =      1.00000
Site    34 dN/dS =      1.00000 Full Log(L) =      0.00000 LRT =      0.00000 p-value =      1.00000
Site    35 dN/dS =      1.00000 Full Log(L) =      0.00000 LRT =      0.00000 p-value =      1.00000
Site    36 dN/dS =      0.00000 Full Log(L) =     -9.40441 LRT =      0.95671 p-value =      0.16401
Site    37 dN/dS =      1.00000 Full Log(L) =      0.00000 LRT =      0.00000 p-value =      1.00000
Site    38 dN/dS =      1.00000 Full Log(L) =      0.00000 LRT =      0.00000 p-value =      1.00000
Site    39 dN/dS =      0.00000 Full Log(L) =     -9.46267 LRT =      1.06038 p-value =      0.15156
Site    40 dN/dS =      0.00000 Full Log(L) =     -8.80540 LRT =      0.87576 p-value =      0.17468
Site    41 dN/dS =      1.00000 Full Log(L) =      0.00000 LRT =      0.00000 p-value =      1.00000
Site    42 dN/dS =      1.00000 Full Log(L) =      0.00000 LRT =      0.00000 p-value =      1.00000
Site    43 dN/dS =      1.00000 Full Log(L) =      0.00000 LRT =      0.00000 p-value =      1.00000
Site    44 dN/dS =      1.00000 Full Log(L) =      0.00000 LRT =      0.00000 p-value =      1.00000
Site    45 dN/dS =      1.00000 Full Log(L) =      0.00000 LRT =      0.00000 p-value =      1.00000
Site    46 dN/dS =      1.00000 Full Log(L) =      0.00000 LRT =      0.00000 p-value =      1.00000
Site    47 dN/dS =      1.00000 Full Log(L) =      0.00000 LRT =      0.00000 p-value =      1.00000
Site    48 dN/dS =      1.00000 Full Log(L) =      0.00000 LRT =      0.00000 p-value =      1.00000
Site    49 dN/dS =      1.00000 Full Log(L) =      0.00000 LRT =      0.00000 p-value =      1.00000
Site    50 dN/dS =      0.00000 Full Log(L) =    -11.17838 LRT =      0.86975 p-value =      0.17551
Site    51 dN/dS =      0.00000 Full Log(L) =     -9.01075 LRT =      1.00777 p-value =      0.15772
Site    52 dN/dS =      0.00000 Full Log(L) =     -9.52927 LRT =      0.95671 p-value =      0.16401
Site    53 dN/dS =      1.00000 Full Log(L) =      0.00000 LRT =      0.00000 p-value =      1.00000
Site    54 dN/dS =      1.00000 Full Log(L) =      0.00000 LRT =      0.00000 p-value =      1.00000
Site    55 dN/dS =      1.00000 Full Log(L) =      0.00000 LRT =      0.00000 p-value =      1.00000
Site    56 dN/dS =      1.00000 Full Log(L) =      0.00000 LRT =      0.00000 p-value =      1.00000
Site    57 dN/dS =      0.00000 Full Log(L) =     -9.45417 LRT =      1.00786 p-value =      0.15771
Site    58 dN/dS =      1.00000 Full Log(L) =      0.00000 LRT =      0.00000 p-value =      1.00000
Site    59 dN/dS =      1.00000 Full Log(L) =      0.00000 LRT =      0.00000 p-value =      1.00000
Site    60 dN/dS =      1.00000 Full Log(L) =      0.00000 LRT =      0.00000 p-value =      1.00000
Site    61 dN/dS =      1.86017 Full Log(L) =    -10.14353 LRT =      0.31447 p-value =      0.28748
Site    62 dN/dS =      1.00000 Full Log(L) =      0.00000 LRT =      0.00000 p-value =      1.00000
Site    63 dN/dS =      1.00000 Full Log(L) =      0.00000 LRT =      0.00000 p-value =      1.00000
Site    64 dN/dS =      2.31158 Full Log(L) =    -10.00384 LRT =      0.53713 p-value =      0.23181
Site    65 dN/dS =      1.00000 Full Log(L) =      0.00000 LRT =      0.00000 p-value =      1.00000
Site    66 dN/dS =      1.00000 Full Log(L) =      0.00000 LRT =      0.00000 p-value =      1.00000
Site    67 dN/dS =      1.00000 Full Log(L) =      0.00000 LRT =      0.00000 p-value =      1.00000
Site    68 dN/dS =      1.00000 Full Log(L) =      0.00000 LRT =      0.00000 p-value =      1.00000
Site    69 dN/dS =      1.92323 Full Log(L) =     -9.18027 LRT =      0.34560 p-value =      0.27831
Site    70 dN/dS =      0.00000 Full Log(L) =     -8.82046 LRT =      1.08346 p-value =      0.14896
Site    71 dN/dS =      0.00000 Full Log(L) =     -9.95185 LRT =      0.91086 p-value =      0.16994
Site    72 dN/dS =      1.00000 Full Log(L) =      0.00000 LRT =      0.00000 p-value =      1.00000
Site    73 dN/dS =      1.00000 Full Log(L) =      0.00000 LRT =      0.00000 p-value =      1.00000
Site    74 dN/dS =      1.00000 Full Log(L) =      0.00000 LRT =      0.00000 p-value =      1.00000
Site    75 dN/dS =      1.00000 Full Log(L) =      0.00000 LRT =      0.00000 p-value =      1.00000
Site    76 dN/dS =      1.00000 Full Log(L) =      0.00000 LRT =      0.00000 p-value =      1.00000
Site    77 dN/dS =      1.00000 Full Log(L) =      0.00000 LRT =      0.00000 p-value =      1.00000
Site    78 dN/dS =      2.08404 Full Log(L) =    -14.16261 LRT =      0.42462 p-value =      0.25732
Site    79 dN/dS =      1.00000 Full Log(L) =      0.00000 LRT =      0.00000 p-value =      1.00000
Site    80 dN/dS =      1.00000 Full Log(L) =      0.00000 LRT =      0.00000 p-value =      1.00000
Site    81 dN/dS =      1.00000 Full Log(L) =      0.00000 LRT =      0.00000 p-value =      1.00000
Site    82 dN/dS =      1.00000 Full Log(L) =      0.00000 LRT =      0.00000 p-value =      1.00000
Site    83 dN/dS =      1.00000 Full Log(L) =      0.00000 LRT =      0.00000 p-value =      1.00000
Site    84 dN/dS =      1.00000 Full Log(L) =      0.00000 LRT =      0.00000 p-value =      1.00000
Site    85 dN/dS =      0.00000 Full Log(L) =     -9.95206 LRT =      0.99947 p-value =      0.15872
Site    86 dN/dS =      1.00000 Full Log(L) =      0.00000 LRT =      0.00000 p-value =      1.00000
Site    87 dN/dS =      1.00000 Full Log(L) =      0.00000 LRT =      0.00000 p-value =      1.00000
Site    88 dN/dS =      0.00000 Full Log(L) =    -16.39745 LRT =      1.06113 p-value =      0.15148
Site    89 dN/dS =      0.00000 Full Log(L) =     -9.86224 LRT =      1.06172 p-value =      0.15141
Site    90 dN/dS =      1.00000 Full Log(L) =      0.00000 LRT =      0.00000 p-value =      1.00000
Site    91 dN/dS =      0.00000 Full Log(L) =     -8.92010 LRT =      0.61390 p-value =      0.21666
Site    92 dN/dS =      1.00000 Full Log(L) =      0.00000 LRT =      0.00000 p-value =      1.00000
Site    93 dN/dS =      1.00000 Full Log(L) =      0.00000 LRT =      0.00000 p-value =      1.00000
Site    94 dN/dS =      1.81821 Full Log(L) =    -10.40658 LRT =      0.29386 p-value =      0.29388
Site    95 dN/dS =      1.00000 Full Log(L) =      0.00000 LRT =      0.00000 p-value =      1.00000
Site    96 dN/dS =      3.32317 Full Log(L) =    -15.46449 LRT =      0.99523 p-value =      0.15923
Site    97 dN/dS =      0.00000 Full Log(L) =     -9.35907 LRT =      0.93798 p-value =      0.16640
Site    98 dN/dS =      1.00000 Full Log(L) =      0.00000 LRT =      0.00000 p-value =      1.00000
Site    99 dN/dS =      2.28016 Full Log(L) =     -9.66548 LRT =      0.52111 p-value =      0.23518
Site   100 dN/dS =      1.00000 Full Log(L) =      0.00000 LRT =      0.00000 p-value =      1.00000
Site   101 dN/dS =      1.00000 Full Log(L) =      0.00000 LRT =      0.00000 p-value =      1.00000
Site   102 dN/dS =      0.00000 Full Log(L) =    -10.64849 LRT =      0.86811 p-value =      0.17574
Site   103 dN/dS =      1.00000 Full Log(L) =      0.00000 LRT =      0.00000 p-value =      1.00000
Site   104 dN/dS =      1.00000 Full Log(L) =      0.00000 LRT =      0.00000 p-value =      1.00000
Site   105 dN/dS =      1.00000 Full Log(L) =      0.00000 LRT =      0.00000 p-value =      1.00000
Site   106 dN/dS =      0.00000 Full Log(L) =    -19.89297 LRT =      0.87635 p-value =      0.17460
Site   107 dN/dS =      1.00000 Full Log(L) =      0.00000 LRT =      0.00000 p-value =      1.00000
Site   108 dN/dS =      2.29340 Full Log(L) =     -9.58197 LRT =      0.52754 p-value =      0.23382
Site   109 dN/dS =      0.00000 Full Log(L) =    -10.99105 LRT =      0.99947 p-value =      0.15872
Site   110 dN/dS =      2.59483 Full Log(L) =    -10.04593 LRT =      0.67252 p-value =      0.20609
Site   111 dN/dS =      1.00000 Full Log(L) =      0.00000 LRT =      0.00000 p-value =      1.00000
Site   112 dN/dS =      1.00000 Full Log(L) =      0.00000 LRT =      0.00000 p-value =      1.00000
Site   113 dN/dS =      1.00000 Full Log(L) =      0.00000 LRT =      0.00000 p-value =      1.00000
Site   114 dN/dS =      0.00000 Full Log(L) =     -9.14712 LRT =      0.77320 p-value =      0.18961
Site   115 dN/dS =      1.00000 Full Log(L) =      0.00000 LRT =      0.00000 p-value =      1.00000
Site   116 dN/dS =      2.65068 Full Log(L) =    -11.13796 LRT =      0.69854 p-value =      0.20164
Site   117 dN/dS =      1.00000 Full Log(L) =      0.00000 LRT =      0.00000 p-value =      1.00000
Site   118 dN/dS =      1.00000 Full Log(L) =      0.00000 LRT =      0.00000 p-value =      1.00000
Site   119 dN/dS =      1.00000 Full Log(L) =      0.00000 LRT =      0.00000 p-value =      1.00000
Site   120 dN/dS =      1.00000 Full Log(L) =      0.00000 LRT =      0.00000 p-value =      1.00000
Site   121 dN/dS =      1.00000 Full Log(L) =      0.00000 LRT =      0.00000 p-value =      1.00000
Site   122 dN/dS =      1.00000 Full Log(L) =      0.00000 LRT =      0.00000 p-value =      1.00000
Site   123 dN/dS =      1.00000 Full Log(L) =      0.00000 LRT =      0.00000 p-value =      1.00000
Site   124 dN/dS =      1.00000 Full Log(L) =      0.00000 LRT =      0.00000 p-value =      1.00000
Site   125 dN/dS =      1.00000 Full Log(L) =      0.00000 LRT =      0.00000 p-value =      1.00000
Site   126 dN/dS =      1.00000 Full Log(L) =      0.00000 LRT =      0.00000 p-value =      1.00000
Site   127 dN/dS =      1.00000 Full Log(L) =      0.00000 LRT =      0.00000 p-value =      1.00000
Site   128 dN/dS =      1.00000 Full Log(L) =      0.00000 LRT =      0.00000 p-value =      1.00000
Site   129 dN/dS =      1.00000 Full Log(L) =      0.00000 LRT =      0.00000 p-value =      1.00000
Site   130 dN/dS =      1.00000 Full Log(L) =      0.00000 LRT =      0.00000 p-value =      1.00000
Site   131 dN/dS =      1.00000 Full Log(L) =      0.00000 LRT =      0.00000 p-value =      1.00000
Site   132 dN/dS =      1.00000 Full Log(L) =      0.00000 LRT =      0.00000 p-value =      1.00000
Site   133 dN/dS =      1.00000 Full Log(L) =      0.00000 LRT =      0.00000 p-value =      1.00000
Site   134 dN/dS =      1.00000 Full Log(L) =      0.00000 LRT =      0.00000 p-value =      1.00000
Site   135 dN/dS =      0.00000 Full Log(L) =     -9.11612 LRT =      1.00779 p-value =      0.15772
Site   136 dN/dS =      1.00000 Full Log(L) =      0.00000 LRT =      0.00000 p-value =      1.00000
Site   137 dN/dS =      1.00000 Full Log(L) =      0.00000 LRT =      0.00000 p-value =      1.00000
Site   138 dN/dS =      1.00000 Full Log(L) =      0.00000 LRT =      0.00000 p-value =      1.00000
Site   139 dN/dS =      1.00000 Full Log(L) =      0.00000 LRT =      0.00000 p-value =      1.00000
Site   140 dN/dS =      1.00000 Full Log(L) =      0.00000 LRT =      0.00000 p-value =      1.00000
Site   141 dN/dS =      1.00000 Full Log(L) =      0.00000 LRT =      0.00000 p-value =      1.00000
Site   142 dN/dS =      1.00000 Full Log(L) =      0.00000 LRT =      0.00000 p-value =      1.00000
Site   143 dN/dS =      1.00000 Full Log(L) =      0.00000 LRT =      0.00000 p-value =      1.00000
Site   144 dN/dS =      0.00000 Full Log(L) =    -10.06020 LRT =      0.87576 p-value =      0.17468
Site   145 dN/dS =      1.00000 Full Log(L) =      0.00000 LRT =      0.00000 p-value =      1.00000
Site   146 dN/dS =      1.00000 Full Log(L) =      0.00000 LRT =      0.00000 p-value =      1.00000
Site   147 dN/dS =      1.00000 Full Log(L) =      0.00000 LRT =      0.00000 p-value =      1.00000
Site   148 dN/dS =      1.00000 Full Log(L) =      0.00000 LRT =      0.00000 p-value =      1.00000
Site   149 dN/dS =      2.14935 Full Log(L) =     -9.07068 LRT =      0.45722 p-value =      0.24946
Site   150 dN/dS =      1.00000 Full Log(L) =      0.00000 LRT =      0.00000 p-value =      1.00000
Site   151 dN/dS =      1.00000 Full Log(L) =      0.00000 LRT =      0.00000 p-value =      1.00000
Site   152 dN/dS =      1.00000 Full Log(L) =      0.00000 LRT =      0.00000 p-value =      1.00000
Site   153 dN/dS =      1.00000 Full Log(L) =      0.00000 LRT =      0.00000 p-value =      1.00000
Site   154 dN/dS =      1.00000 Full Log(L) =      0.00000 LRT =      0.00000 p-value =      1.00000
Site   155 dN/dS =      1.00000 Full Log(L) =      0.00000 LRT =      0.00000 p-value =      1.00000
Site   156 dN/dS =      1.00000 Full Log(L) =      0.00000 LRT =      0.00000 p-value =      1.00000
Site   157 dN/dS =      1.00000 Full Log(L) =      0.00000 LRT =      0.00000 p-value =      1.00000
Site   158 dN/dS =      4.10627 Full Log(L) =    -13.15944 LRT =      2.59825 p-value =      0.05349 *P
Site   159 dN/dS =      1.00000 Full Log(L) =      0.00000 LRT =      0.00000 p-value =      1.00000
Site   160 dN/dS =      2.17774 Full Log(L) =    -11.32713 LRT =      0.47111 p-value =      0.24624
Site   161 dN/dS =      0.00000 Full Log(L) =    -12.99238 LRT =      0.93725 p-value =      0.16649
Site   162 dN/dS =      1.85546 Full Log(L) =     -8.57317 LRT =      0.31233 p-value =      0.28813
Site   163 dN/dS =      1.00000 Full Log(L) =      0.00000 LRT =      0.00000 p-value =      1.00000
Site   164 dN/dS =      1.00000 Full Log(L) =      0.00000 LRT =      0.00000 p-value =      1.00000
Site   165 dN/dS =      1.00000 Full Log(L) =      0.00000 LRT =      0.00000 p-value =      1.00000
Site   166 dN/dS =      1.00000 Full Log(L) =      0.00000 LRT =      0.00000 p-value =      1.00000
Site   167 dN/dS =      1.00000 Full Log(L) =      0.00000 LRT =      0.00000 p-value =      1.00000
Site   168 dN/dS =      1.00000 Full Log(L) =      0.00000 LRT =      0.00000 p-value =      1.00000
Site   169 dN/dS =      1.00000 Full Log(L) =      0.00000 LRT =      0.00000 p-value =      1.00000
Site   170 dN/dS =      1.00000 Full Log(L) =      0.00000 LRT =      0.00000 p-value =      1.00000
Site   171 dN/dS =      1.00000 Full Log(L) =      0.00000 LRT =      0.00000 p-value =      1.00000
Site   172 dN/dS =      1.00000 Full Log(L) =      0.00000 LRT =      0.00000 p-value =      1.00000
Site   173 dN/dS =      3.95550 Full Log(L) =    -14.58633 LRT =      1.24788 p-value =      0.13198
Site   174 dN/dS =      4.48608 Full Log(L) =    -19.57204 LRT =      2.86063 p-value =      0.04539 *P
Site   175 dN/dS =      1.00000 Full Log(L) =      0.00000 LRT =      0.00000 p-value =      1.00000
Site   176 dN/dS =      1.00000 Full Log(L) =      0.00000 LRT =      0.00000 p-value =      1.00000
Site   177 dN/dS =      0.00000 Full Log(L) =     -9.11839 LRT =      0.77320 p-value =      0.18961
Site   178 dN/dS =      2.25471 Full Log(L) =    -11.48111 LRT =      0.51043 p-value =      0.23748
Site   179 dN/dS =      1.00000 Full Log(L) =      0.00000 LRT =      0.00000 p-value =      1.00000
Site   180 dN/dS =      0.00000 Full Log(L) =    -10.98682 LRT =      0.54315 p-value =      0.23056
Site   181 dN/dS =      0.00000 Full Log(L) =    -14.92438 LRT =      0.93771 p-value =      0.16643
Site   182 dN/dS =      0.00000 Full Log(L) =    -10.91183 LRT =      0.95671 p-value =      0.16401
Site   183 dN/dS =      1.00000 Full Log(L) =      0.00000 LRT =      0.00000 p-value =      1.00000
Site   184 dN/dS =      1.00000 Full Log(L) =      0.00000 LRT =      0.00000 p-value =      1.00000
Site   185 dN/dS =      0.00000 Full Log(L) =     -9.83318 LRT =      0.91086 p-value =      0.16994
Site   186 dN/dS =      1.00000 Full Log(L) =      0.00000 LRT =      0.00000 p-value =      1.00000
Site   187 dN/dS =      2.34379 Full Log(L) =    -14.87856 LRT =      0.55297 p-value =      0.22855
Site   188 dN/dS =      0.00000 Full Log(L) =     -9.36679 LRT =      1.00784 p-value =      0.15771
Site   189 dN/dS =      6.70554 Full Log(L) =    -14.10948 LRT =      4.16645 p-value =      0.02062 *P
Site   190 dN/dS =      1.00000 Full Log(L) =      0.00000 LRT =      0.00000 p-value =      1.00000
Site   191 dN/dS =      1.00000 Full Log(L) =      0.00000 LRT =      0.00000 p-value =      1.00000
Site   192 dN/dS =      0.00000 Full Log(L) =     -9.46994 LRT =      0.88419 p-value =      0.17353
Site   193 dN/dS =      1.00000 Full Log(L) =      0.00000 LRT =      0.00000 p-value =      1.00000
Site   194 dN/dS =      1.00000 Full Log(L) =      0.00000 LRT =      0.00000 p-value =      1.00000
Site   195 dN/dS =      1.00000 Full Log(L) =      0.00000 LRT =      0.00000 p-value =      1.00000
Site   196 dN/dS =      1.00000 Full Log(L) =      0.00000 LRT =      0.00000 p-value =      1.00000
Site   197 dN/dS =      1.00000 Full Log(L) =      0.00000 LRT =      0.00000 p-value =      1.00000
Site   198 dN/dS =      1.00000 Full Log(L) =      0.00000 LRT =      0.00000 p-value =      1.00000
Site   199 dN/dS =      2.09074 Full Log(L) =    -12.07605 LRT =      0.42911 p-value =      0.25621
Site   200 dN/dS =      1.00000 Full Log(L) =      0.00000 LRT =      0.00000 p-value =      1.00000
Site   201 dN/dS =      1.00000 Full Log(L) =      0.00000 LRT =      0.00000 p-value =      1.00000
Site   202 dN/dS =      1.81841 Full Log(L) =    -17.97332 LRT =      0.29391 p-value =      0.29386
Site   203 dN/dS =      0.00000 Full Log(L) =    -11.91272 LRT =      0.87576 p-value =      0.17468
Site   204 dN/dS =      1.92219 Full Log(L) =    -11.80078 LRT =      0.34507 p-value =      0.27846
Site   205 dN/dS =      2.45144 Full Log(L) =    -15.59788 LRT =      0.60751 p-value =      0.21786
Site   206 dN/dS =      1.00000 Full Log(L) =      0.00000 LRT =      0.00000 p-value =      1.00000
Site   207 dN/dS =      1.00000 Full Log(L) =      0.00000 LRT =      0.00000 p-value =      1.00000
Site   208 dN/dS =      1.00000 Full Log(L) =      0.00000 LRT =      0.00000 p-value =      1.00000
Site   209 dN/dS =      1.00000 Full Log(L) =      0.00000 LRT =      0.00000 p-value =      1.00000
Site   210 dN/dS =      0.00000 Full Log(L) =     -9.01454 LRT =      0.51488 p-value =      0.23652
Site   211 dN/dS =      1.00000 Full Log(L) =      0.00000 LRT =      0.00000 p-value =      1.00000
Site   212 dN/dS =      1.00000 Full Log(L) =      0.00000 LRT =      0.00000 p-value =      1.00000
Site   213 dN/dS =      1.00000 Full Log(L) =      0.00000 LRT =      0.00000 p-value =      1.00000
Site   214 dN/dS =      1.00000 Full Log(L) =      0.00000 LRT =      0.00000 p-value =      1.00000
Site   215 dN/dS =      2.90631 Full Log(L) =    -11.36258 LRT =      0.81600 p-value =      0.18318
Site   216 dN/dS =      1.00000 Full Log(L) =      0.00000 LRT =      0.00000 p-value =      1.00000
Site   217 dN/dS =      1.00000 Full Log(L) =      0.00000 LRT =      0.00000 p-value =      1.00000
Site   218 dN/dS =      1.00000 Full Log(L) =      0.00000 LRT =      0.00000 p-value =      1.00000
Site   219 dN/dS =      1.00000 Full Log(L) =      0.00000 LRT =      0.00000 p-value =      1.00000
Site   220 dN/dS =      0.00000 Full Log(L) =    -11.31740 LRT =      0.95671 p-value =      0.16401
Site   221 dN/dS =      1.00000 Full Log(L) =      0.00000 LRT =      0.00000 p-value =      1.00000
Site   222 dN/dS =      1.00000 Full Log(L) =      0.00000 LRT =      0.00000 p-value =      1.00000
Site   223 dN/dS =      1.00000 Full Log(L) =      0.00000 LRT =      0.00000 p-value =      1.00000
Site   224 dN/dS =      2.04121 Full Log(L) =    -10.81415 LRT =      0.40388 p-value =      0.26255
Site   225 dN/dS =      1.00000 Full Log(L) =      0.00000 LRT =      0.00000 p-value =      1.00000
Site   226 dN/dS =      1.00000 Full Log(L) =      0.00000 LRT =      0.00000 p-value =      1.00000
Site   227 dN/dS =      0.00000 Full Log(L) =     -9.49357 LRT =      0.61406 p-value =      0.21663
Site   228 dN/dS =      4.55055 Full Log(L) =    -13.44369 LRT =      2.91190 p-value =      0.04396 *P
Site   229 dN/dS =      2.17142 Full Log(L) =    -11.49911 LRT =      0.46845 p-value =      0.24685
Site   230 dN/dS =      4.70436 Full Log(L) =    -18.92176 LRT =      3.01198 p-value =      0.04133 *P
Site   231 dN/dS =      1.00000 Full Log(L) =      0.00000 LRT =      0.00000 p-value =      1.00000
Site   232 dN/dS =      1.00000 Full Log(L) =      0.00000 LRT =      0.00000 p-value =      1.00000
Site   233 dN/dS =      1.00000 Full Log(L) =      0.00000 LRT =      0.00000 p-value =      1.00000
Site   234 dN/dS =      1.00000 Full Log(L) =      0.00000 LRT =      0.00000 p-value =      1.00000
Site   235 dN/dS =      2.50128 Full Log(L) =    -12.61305 LRT =      0.62938 p-value =      0.21379
Site   236 dN/dS =      0.00000 Full Log(L) =     -8.15095 LRT =      0.99718 p-value =      0.15900
Site   237 dN/dS =      1.00000 Full Log(L) =      0.00000 LRT =      0.00000 p-value =      1.00000
Site   238 dN/dS =      0.00000 Full Log(L) =    -11.16853 LRT =      0.98172 p-value =      0.16089
Site   239 dN/dS =      2.10562 Full Log(L) =     -9.12882 LRT =      0.43630 p-value =      0.25446
Site   240 dN/dS =      1.00000 Full Log(L) =      0.00000 LRT =      0.00000 p-value =      1.00000
Site   241 dN/dS =      2.15758 Full Log(L) =    -10.27046 LRT =      0.46118 p-value =      0.24854
Site   242 dN/dS =      0.00000 Full Log(L) =     -8.65952 LRT =      0.87009 p-value =      0.17547
Site   243 dN/dS =      0.00000 Full Log(L) =     -8.97059 LRT =      0.91086 p-value =      0.16994
Site   244 dN/dS =      1.00000 Full Log(L) =      0.00000 LRT =      0.00000 p-value =      1.00000
Site   245 dN/dS =      1.00000 Full Log(L) =      0.00000 LRT =      0.00000 p-value =      1.00000
Site   246 dN/dS =      1.85045 Full Log(L) =     -9.11893 LRT =      0.30934 p-value =      0.28904
Site   247 dN/dS =      1.00000 Full Log(L) =      0.00000 LRT =      0.00000 p-value =      1.00000
Site   248 dN/dS =      1.00000 Full Log(L) =      0.00000 LRT =      0.00000 p-value =      1.00000
Site   249 dN/dS =      1.00000 Full Log(L) =      0.00000 LRT =      0.00000 p-value =      1.00000
Site   250 dN/dS =      1.00000 Full Log(L) =      0.00000 LRT =      0.00000 p-value =      1.00000
Site   251 dN/dS =      1.00000 Full Log(L) =      0.00000 LRT =      0.00000 p-value =      1.00000
Site   252 dN/dS =      1.00000 Full Log(L) =      0.00000 LRT =      0.00000 p-value =      1.00000
Site   253 dN/dS =      1.00000 Full Log(L) =      0.00000 LRT =      0.00000 p-value =      1.00000
Site   254 dN/dS =      1.00000 Full Log(L) =      0.00000 LRT =      0.00000 p-value =      1.00000
Site   255 dN/dS =      0.00000 Full Log(L) =     -9.42585 LRT =      0.91086 p-value =      0.16994
Site   256 dN/dS =      1.00000 Full Log(L) =      0.00000 LRT =      0.00000 p-value =      1.00000
Site   257 dN/dS =      0.00000 Full Log(L) =    -16.14710 LRT =      1.06165 p-value =      0.15142
Site   258 dN/dS =      1.00000 Full Log(L) =      0.00000 LRT =      0.00000 p-value =      1.00000
Site   259 dN/dS =      1.00000 Full Log(L) =      0.00000 LRT =      0.00000 p-value =      1.00000
Site   260 dN/dS =      1.00000 Full Log(L) =      0.00000 LRT =      0.00000 p-value =      1.00000
Site   261 dN/dS =      1.00000 Full Log(L) =      0.00000 LRT =      0.00000 p-value =      1.00000
Site   262 dN/dS =      1.00000 Full Log(L) =      0.00000 LRT =      0.00000 p-value =      1.00000
Site   263 dN/dS =      1.00000 Full Log(L) =      0.00000 LRT =      0.00000 p-value =      1.00000
Site   264 dN/dS =      0.00000 Full Log(L) =     -3.93138 LRT =      0.87399 p-value =      0.17493
Site   265 dN/dS =      1.00000 Full Log(L) =      0.00000 LRT =      0.00000 p-value =      1.00000
Site   266 dN/dS =      0.00000 Full Log(L) =    -10.75478 LRT =      0.93809 p-value =      0.16638
Site   267 dN/dS =      1.00000 Full Log(L) =      0.00000 LRT =      0.00000 p-value =      1.00000
Site   268 dN/dS =      1.00000 Full Log(L) =      0.00000 LRT =      0.00000 p-value =      1.00000
Site   269 dN/dS =      1.00000 Full Log(L) =      0.00000 LRT =      0.00000 p-value =      1.00000
Site   270 dN/dS =      1.00000 Full Log(L) =      0.00000 LRT =      0.00000 p-value =      1.00000
Site   271 dN/dS =      1.00000 Full Log(L) =      0.00000 LRT =      0.00000 p-value =      1.00000
Site   272 dN/dS =      1.00000 Full Log(L) =      0.00000 LRT =      0.00000 p-value =      1.00000
Site   273 dN/dS =      1.00000 Full Log(L) =      0.00000 LRT =      0.00000 p-value =      1.00000
Site   274 dN/dS =      0.00000 Full Log(L) =    -10.85655 LRT =      0.86783 p-value =      0.17578
Site   275 dN/dS =      1.00000 Full Log(L) =      0.00000 LRT =      0.00000 p-value =      1.00000
Site   276 dN/dS =      1.00000 Full Log(L) =      0.00000 LRT =      0.00000 p-value =      1.00000
Site   277 dN/dS =      3.37591 Full Log(L) =     -9.02941 LRT =      1.01848 p-value =      0.15644
Site   278 dN/dS =      1.00000 Full Log(L) =      0.00000 LRT =      0.00000 p-value =      1.00000
Site   279 dN/dS =      1.00000 Full Log(L) =      0.00000 LRT =      0.00000 p-value =      1.00000
Site   280 dN/dS =      0.00000 Full Log(L) =     -8.72199 LRT =      0.88407 p-value =      0.17355
Site   281 dN/dS =      1.00000 Full Log(L) =      0.00000 LRT =      0.00000 p-value =      1.00000
Site   282 dN/dS =      1.00000 Full Log(L) =      0.00000 LRT =      0.00000 p-value =      1.00000
Site   283 dN/dS =      1.00000 Full Log(L) =      0.00000 LRT =      0.00000 p-value =      1.00000
Site   284 dN/dS =      1.00000 Full Log(L) =      0.00000 LRT =      0.00000 p-value =      1.00000
Site   285 dN/dS =      2.03610 Full Log(L) =     -8.50951 LRT =      0.40149 p-value =      0.26316
Site   286 dN/dS =      1.00000 Full Log(L) =      0.00000 LRT =      0.00000 p-value =      1.00000
Site   287 dN/dS =      1.00000 Full Log(L) =      0.00000 LRT =      0.00000 p-value =      1.00000
Site   288 dN/dS =      0.00000 Full Log(L) =     -9.17813 LRT =      0.99947 p-value =      0.15872
Site   289 dN/dS =      1.00000 Full Log(L) =      0.00000 LRT =      0.00000 p-value =      1.00000
Site   290 dN/dS =      1.00000 Full Log(L) =      0.00000 LRT =      0.00000 p-value =      1.00000
Site   291 dN/dS =      1.00000 Full Log(L) =      0.00000 LRT =      0.00000 p-value =      1.00000
Site   292 dN/dS =      1.00000 Full Log(L) =      0.00000 LRT =      0.00000 p-value =      1.00000
Site   293 dN/dS =      1.00000 Full Log(L) =      0.00000 LRT =      0.00000 p-value =      1.00000
Site   294 dN/dS =      0.00000 Full Log(L) =    -14.65309 LRT =      0.93777 p-value =      0.16643
Site   295 dN/dS =      1.00000 Full Log(L) =      0.00000 LRT =      0.00000 p-value =      1.00000
Site   296 dN/dS =      4.10263 Full Log(L) =    -16.33866 LRT =      2.59556 p-value =      0.05358 *P
Site   297 dN/dS =      1.00000 Full Log(L) =      0.00000 LRT =      0.00000 p-value =      1.00000
Site   298 dN/dS =      1.00000 Full Log(L) =      0.00000 LRT =      0.00000 p-value =      1.00000
Site   299 dN/dS =      1.00000 Full Log(L) =      0.00000 LRT =      0.00000 p-value =      1.00000
Site   300 dN/dS =      1.00000 Full Log(L) =      0.00000 LRT =      0.00000 p-value =      1.00000
Site   301 dN/dS =      1.00000 Full Log(L) =      0.00000 LRT =      0.00000 p-value =      1.00000
Site   302 dN/dS =      1.00000 Full Log(L) =      0.00000 LRT =      0.00000 p-value =      1.00000
Site   303 dN/dS =      1.00000 Full Log(L) =      0.00000 LRT =      0.00000 p-value =      1.00000
Site   304 dN/dS =      1.00000 Full Log(L) =      0.00000 LRT =      0.00000 p-value =      1.00000
Site   305 dN/dS =      1.00000 Full Log(L) =      0.00000 LRT =      0.00000 p-value =      1.00000
Site   306 dN/dS =      0.00000 Full Log(L) =    -10.24777 LRT =      0.93807 p-value =      0.16639
Site   307 dN/dS =      1.00000 Full Log(L) =      0.00000 LRT =      0.00000 p-value =      1.00000
Site   308 dN/dS =      1.00000 Full Log(L) =      0.00000 LRT =      0.00000 p-value =      1.00000
Site   309 dN/dS =      1.00000 Full Log(L) =      0.00000 LRT =      0.00000 p-value =      1.00000
Site   310 dN/dS =      1.00000 Full Log(L) =      0.00000 LRT =      0.00000 p-value =      1.00000
Site   311 dN/dS =      1.00000 Full Log(L) =      0.00000 LRT =      0.00000 p-value =      1.00000
Site   312 dN/dS =      1.00000 Full Log(L) =      0.00000 LRT =      0.00000 p-value =      1.00000
Site   313 dN/dS =      0.00000 Full Log(L) =    -10.61961 LRT =      0.95671 p-value =      0.16401
Site   314 dN/dS =      1.00000 Full Log(L) =      0.00000 LRT =      0.00000 p-value =      1.00000
Site   315 dN/dS =      1.00000 Full Log(L) =      0.00000 LRT =      0.00000 p-value =      1.00000
Site   316 dN/dS =      1.00000 Full Log(L) =      0.00000 LRT =      0.00000 p-value =      1.00000
Site   317 dN/dS =      1.00000 Full Log(L) =      0.00000 LRT =      0.00000 p-value =      1.00000
Site   318 dN/dS =      1.00000 Full Log(L) =      0.00000 LRT =      0.00000 p-value =      1.00000
Site   319 dN/dS =      1.00000 Full Log(L) =      0.00000 LRT =      0.00000 p-value =      1.00000
Site   320 dN/dS =      2.03548 Full Log(L) =    -11.06733 LRT =      0.40153 p-value =      0.26315
Site   321 dN/dS =      0.00000 Full Log(L) =    -10.21069 LRT =      0.95607 p-value =      0.16409
Site   322 dN/dS =      1.00000 Full Log(L) =      0.00000 LRT =      0.00000 p-value =      1.00000
Site   323 dN/dS =      1.00000 Full Log(L) =      0.00000 LRT =      0.00000 p-value =      1.00000
Site   324 dN/dS =      1.00000 Full Log(L) =      0.00000 LRT =      0.00000 p-value =      1.00000
Site   325 dN/dS =      0.00000 Full Log(L) =    -10.23119 LRT =      0.95671 p-value =      0.16401
Site   326 dN/dS =      1.00000 Full Log(L) =      0.00000 LRT =      0.00000 p-value =      1.00000
Site   327 dN/dS =      1.00000 Full Log(L) =      0.00000 LRT =      0.00000 p-value =      1.00000
Site   328 dN/dS =      2.14599 Full Log(L) =    -11.09775 LRT =      0.45547 p-value =      0.24987
Site   329 dN/dS =      1.00000 Full Log(L) =      0.00000 LRT =      0.00000 p-value =      1.00000
Site   330 dN/dS =      1.00000 Full Log(L) =      0.00000 LRT =      0.00000 p-value =      1.00000
Site   331 dN/dS =      1.00000 Full Log(L) =      0.00000 LRT =      0.00000 p-value =      1.00000
Site   332 dN/dS =      1.00000 Full Log(L) =      0.00000 LRT =      0.00000 p-value =      1.00000
Site   333 dN/dS =      1.00000 Full Log(L) =      0.00000 LRT =      0.00000 p-value =      1.00000
Site   334 dN/dS =      1.00000 Full Log(L) =      0.00000 LRT =      0.00000 p-value =      1.00000
Site   335 dN/dS =      0.00000 Full Log(L) =    -14.44163 LRT =      1.09472 p-value =      0.14771
Site   336 dN/dS =      1.00000 Full Log(L) =      0.00000 LRT =      0.00000 p-value =      1.00000
Site   337 dN/dS =      0.00000 Full Log(L) =    -11.39515 LRT =      0.60236 p-value =      0.21884
Site   338 dN/dS =      1.00000 Full Log(L) =      0.00000 LRT =      0.00000 p-value =      1.00000
Site   339 dN/dS =      1.00000 Full Log(L) =      0.00000 LRT =      0.00000 p-value =      1.00000
Site   340 dN/dS =      1.00000 Full Log(L) =      0.00000 LRT =      0.00000 p-value =      1.00000
Site   341 dN/dS =      0.00000 Full Log(L) =    -11.05472 LRT =      1.00798 p-value =      0.15769
Site   342 dN/dS =      1.00000 Full Log(L) =      0.00000 LRT =      0.00000 p-value =      1.00000
Site   343 dN/dS =      1.00000 Full Log(L) =      0.00000 LRT =      0.00000 p-value =      1.00000
Site   344 dN/dS =      1.00000 Full Log(L) =      0.00000 LRT =      0.00000 p-value =      1.00000
Site   345 dN/dS =      1.00000 Full Log(L) =      0.00000 LRT =      0.00000 p-value =      1.00000
Site   346 dN/dS =      1.00000 Full Log(L) =      0.00000 LRT =      0.00000 p-value =      1.00000
Site   347 dN/dS =      1.00000 Full Log(L) =      0.00000 LRT =      0.00000 p-value =      1.00000
Site   348 dN/dS =      1.00000 Full Log(L) =      0.00000 LRT =      0.00000 p-value =      1.00000
Site   349 dN/dS =      1.00000 Full Log(L) =      0.00000 LRT =      0.00000 p-value =      1.00000
Site   350 dN/dS =      1.00000 Full Log(L) =      0.00000 LRT =      0.00000 p-value =      1.00000
Site   351 dN/dS =      0.00000 Full Log(L) =    -11.37358 LRT =      1.06991 p-value =      0.15048
Site   352 dN/dS =      0.00000 Full Log(L) =    -22.83319 LRT =      0.99947 p-value =      0.15872
Site   353 dN/dS =      1.00000 Full Log(L) =      0.00000 LRT =      0.00000 p-value =      1.00000
Site   354 dN/dS =      1.00000 Full Log(L) =      0.00000 LRT =      0.00000 p-value =      1.00000
Site   355 dN/dS =      1.00000 Full Log(L) =      0.00000 LRT =      0.00000 p-value =      1.00000
Site   356 dN/dS =     18.23875 Full Log(L) =    -37.32583 LRT =     30.48807 p-value =      0.00000 *P
Site   357 dN/dS =      0.00000 Full Log(L) =     -3.69456 LRT =      0.79064 p-value =      0.18695
Site   358 dN/dS =      0.00000 Full Log(L) =    -11.21191 LRT =      0.84020 p-value =      0.17967
Site   359 dN/dS =      0.00000 Full Log(L) =     -4.46940 LRT =      0.22784 p-value =      0.31656
Site   360 dN/dS =      0.00000 Full Log(L) =     -4.20959 LRT =      0.42134 p-value =      0.25813
Site   361 dN/dS =      0.00000 Full Log(L) =     -4.04131 LRT =      0.44285 p-value =      0.25287
Site   362 dN/dS =      0.00000 Full Log(L) =     -4.13377 LRT =      0.57987 p-value =      0.22318
Site   363 dN/dS =      0.00000 Full Log(L) =     -4.55344 LRT =      0.39987 p-value =      0.26358
Site   364 dN/dS =      0.00000 Full Log(L) =     -3.92666 LRT =      0.44382 p-value =      0.25264
Site   365 dN/dS =      0.00000 Full Log(L) =     -4.31933 LRT =      0.46295 p-value =      0.24812
Site   366 dN/dS =      0.00000 Full Log(L) =     -4.46940 LRT =      0.22784 p-value =      0.31656
Site   367 dN/dS =      0.00000 Full Log(L) =     -3.95969 LRT =      0.32319 p-value =      0.28485
Site   368 dN/dS =      0.00000 Full Log(L) =     -4.31933 LRT =      0.46295 p-value =      0.24812
Site   369 dN/dS =      0.00000 Full Log(L) =     -4.28386 LRT =      0.36272 p-value =      0.27350
Site   370 dN/dS =      0.00000 Full Log(L) =     -4.28477 LRT =      0.43620 p-value =      0.25448
Site   371 dN/dS =      0.00000 Full Log(L) =     -4.24328 LRT =      0.40676 p-value =      0.26181
Site   372 dN/dS =      0.00000 Full Log(L) =     -3.96646 LRT =      0.25674 p-value =      0.30619
Site   373 dN/dS =      0.00000 Full Log(L) =     -3.62284 LRT =      0.39214 p-value =      0.26559
Site   374 dN/dS =      0.00000 Full Log(L) =     -4.39056 LRT =      0.33884 p-value =      0.28025
Site   375 dN/dS =      0.00000 Full Log(L) =     -4.20959 LRT =      0.42134 p-value =      0.25813
Site   376 dN/dS =      0.00000 Full Log(L) =     -4.04131 LRT =      0.44285 p-value =      0.25287
Site   377 dN/dS =      0.00000 Full Log(L) =     -9.02902 LRT =      0.42077 p-value =      0.25828
Site   378 dN/dS =      0.00000 Full Log(L) =     -4.04131 LRT =      0.44285 p-value =      0.25287
Site   379 dN/dS =      0.00000 Full Log(L) =     -3.96646 LRT =      0.25674 p-value =      0.30619
Site   380 dN/dS =      0.00000 Full Log(L) =     -4.12837 LRT =      0.41774 p-value =      0.25903
Site   381 dN/dS =      0.00000 Full Log(L) =     -4.12837 LRT =      0.41774 p-value =      0.25903
Site   382 dN/dS =      0.00000 Full Log(L) =     -3.92666 LRT =      0.44382 p-value =      0.25264
Site   383 dN/dS =      0.00000 Full Log(L) =     -4.63717 LRT =      0.36281 p-value =      0.27347
Site   384 dN/dS =      0.00000 Full Log(L) =     -3.34602 LRT =      0.36965 p-value =      0.27160
Site   385 dN/dS =      0.00000 Full Log(L) =     -4.04348 LRT =      0.45301 p-value =      0.25046
Site   386 dN/dS =      0.00000 Full Log(L) =     -4.10256 LRT =      0.36605 p-value =      0.27258
Site   387 dN/dS =      0.00000 Full Log(L) =     -3.96646 LRT =      0.25674 p-value =      0.30619
Site   388 dN/dS =      0.00000 Full Log(L) =     -4.12837 LRT =      0.41774 p-value =      0.25903
Site   389 dN/dS =      0.00000 Full Log(L) =     -4.12837 LRT =      0.41774 p-value =      0.25903
Site   390 dN/dS =      0.00000 Full Log(L) =     -4.00895 LRT =      0.36374 p-value =      0.27322
Site   391 dN/dS =      0.00000 Full Log(L) =     -3.92666 LRT =      0.44382 p-value =      0.25264
Site   392 dN/dS =      0.00000 Full Log(L) =     -3.96646 LRT =      0.25674 p-value =      0.30619
Site   393 dN/dS =      0.00000 Full Log(L) =     -4.00895 LRT =      0.36374 p-value =      0.27322
Site   394 dN/dS =      0.00000 Full Log(L) =     -3.62284 LRT =      0.39214 p-value =      0.26559
Site   395 dN/dS =      0.00000 Full Log(L) =    -10.21620 LRT =      0.46082 p-value =      0.24862
Site   396 dN/dS =      0.00000 Full Log(L) =     -3.90577 LRT =      0.36965 p-value =      0.27160
Site   397 dN/dS =      0.00000 Full Log(L) =     -4.94387 LRT =      0.21518 p-value =      0.32137
Site   398 dN/dS =      0.00000 Full Log(L) =     -3.62284 LRT =      0.39214 p-value =      0.26559
Site   399 dN/dS =      0.00000 Full Log(L) =     -3.72502 LRT =      0.41610 p-value =      0.25944
Site   400 dN/dS =      0.00000 Full Log(L) =     -4.57084 LRT =      0.22789 p-value =      0.31654
Site   401 dN/dS =      0.00000 Full Log(L) =     -3.99814 LRT =      0.31856 p-value =      0.28624
Site   402 dN/dS =      0.00000 Full Log(L) =     -4.58668 LRT =      0.40544 p-value =      0.26215
Site   403 dN/dS =      0.00000 Full Log(L) =     -3.33893 LRT =      0.32373 p-value =      0.28469
Site   404 dN/dS =      0.00000 Full Log(L) =     -4.13964 LRT =      0.32058 p-value =      0.28563
Site   405 dN/dS =      0.00000 Full Log(L) =     -3.66251 LRT =      0.34342 p-value =      0.27893
Site   406 dN/dS =      0.00000 Full Log(L) =     -4.19765 LRT =      0.36900 p-value =      0.27178
Site   407 dN/dS =      0.00000 Full Log(L) =     -3.33893 LRT =      0.32373 p-value =      0.28469
Site   408 dN/dS =      0.00000 Full Log(L) =     -4.27468 LRT =      0.31767 p-value =      0.28651
Site   409 dN/dS =      0.00000 Full Log(L) =     -4.23452 LRT =      0.35624 p-value =      0.27530
Site   410 dN/dS =      0.00000 Full Log(L) =     -4.51427 LRT =      0.22485 p-value =      0.31768
Site   411 dN/dS =      0.00000 Full Log(L) =     -3.94970 LRT =      0.31856 p-value =      0.28624
Site   412 dN/dS =      0.00000 Full Log(L) =     -3.64276 LRT =      0.36899 p-value =      0.27178
Site   413 dN/dS =      0.00000 Full Log(L) =     -3.33893 LRT =      0.32373 p-value =      0.28469
Site   414 dN/dS =      0.00000 Full Log(L) =     -3.64276 LRT =      0.36899 p-value =      0.27178
Site   415 dN/dS =      0.00000 Full Log(L) =     -4.27468 LRT =      0.31767 p-value =      0.28651
Site   416 dN/dS =      0.00000 Full Log(L) =    -11.28459 LRT =      0.25903 p-value =      0.30539
Site   417 dN/dS =      0.00000 Full Log(L) =     -3.64276 LRT =      0.36899 p-value =      0.27178
Site   418 dN/dS =      0.00000 Full Log(L) =    -12.33061 LRT =      0.35020 p-value =      0.27700
Site   419 dN/dS =      0.00000 Full Log(L) =     -3.64276 LRT =      0.36899 p-value =      0.27178
Site   420 dN/dS =      0.00000 Full Log(L) =     -4.58668 LRT =      0.40544 p-value =      0.26215
Site   421 dN/dS =      0.00000 Full Log(L) =     -3.71704 LRT =      0.36441 p-value =      0.27303
Site   422 dN/dS =      0.00000 Full Log(L) =     -3.94970 LRT =      0.31856 p-value =      0.28624
Site   423 dN/dS =      0.00000 Full Log(L) =     -4.51427 LRT =      0.22485 p-value =      0.31768
Site   424 dN/dS =      0.00000 Full Log(L) =     -3.96634 LRT =      0.38869 p-value =      0.26649
Site   425 dN/dS =      0.00000 Full Log(L) =     -4.57696 LRT =      0.31775 p-value =      0.28648
Site   426 dN/dS =      0.00000 Full Log(L) =     -4.19765 LRT =      0.36900 p-value =      0.27178
Site   427 dN/dS =      0.00000 Full Log(L) =     -3.33893 LRT =      0.32373 p-value =      0.28469
Site   428 dN/dS =      0.00000 Full Log(L) =     -3.90208 LRT =      0.28304 p-value =      0.29736
Site   429 dN/dS =      0.00000 Full Log(L) =     -4.26034 LRT =      0.35020 p-value =      0.27700
Site   430 dN/dS =      0.00000 Full Log(L) =     -4.19765 LRT =      0.36900 p-value =      0.27178
Site   431 dN/dS =      0.00000 Full Log(L) =     -3.96634 LRT =      0.38869 p-value =      0.26649
Site   432 dN/dS =      0.00000 Full Log(L) =     -4.09120 LRT =      0.32058 p-value =      0.28563
Site   433 dN/dS =      0.00000 Full Log(L) =     -3.33893 LRT =      0.32373 p-value =      0.28469
Site   434 dN/dS =      0.00000 Full Log(L) =     -3.63035 LRT =      0.40488 p-value =      0.26229
Site   435 dN/dS =      0.00000 Full Log(L) =     -3.91790 LRT =      0.38869 p-value =      0.26649
Site   436 dN/dS =      0.00000 Full Log(L) =     -4.62540 LRT =      0.31775 p-value =      0.28648
Site   437 dN/dS =      0.00000 Full Log(L) =     -4.46940 LRT =      0.19954 p-value =      0.32754
Site   438 dN/dS =      0.00000 Full Log(L) =     -4.10301 LRT =      0.25734 p-value =      0.30598
Site   439 dN/dS =      0.00000 Full Log(L) =     -3.95051 LRT =      0.28304 p-value =      0.29736
Site   440 dN/dS =      0.00000 Full Log(L) =     -3.66251 LRT =      0.34342 p-value =      0.27893
Site   441 dN/dS =      0.00000 Full Log(L) =     -4.67373 LRT =      0.36585 p-value =      0.27264
Site   442 dN/dS =      0.00000 Full Log(L) =     -4.19765 LRT =      0.36900 p-value =      0.27178
Site   443 dN/dS =      0.00000 Full Log(L) =     -4.57696 LRT =      0.31775 p-value =      0.28648
Site   444 dN/dS =      0.00000 Full Log(L) =     -4.57696 LRT =      0.31775 p-value =      0.28648
Site   445 dN/dS =      0.00000 Full Log(L) =     -4.26034 LRT =      0.35020 p-value =      0.27700
Site   446 dN/dS =      0.00000 Full Log(L) =     -4.44346 LRT =      0.36585 p-value =      0.27264
Site   447 dN/dS =      0.00000 Full Log(L) =     -4.92031 LRT =      0.18845 p-value =      0.33210
Site   448 dN/dS =      0.00000 Full Log(L) =     -4.19765 LRT =      0.36900 p-value =      0.27178
Site   449 dN/dS =      0.00000 Full Log(L) =     -3.66251 LRT =      0.34342 p-value =      0.27893
Site   450 dN/dS =      0.00000 Full Log(L) =     -3.95937 LRT =      0.22485 p-value =      0.31769
Site   451 dN/dS =      0.00000 Full Log(L) =     -9.87248 LRT =      0.35610 p-value =      0.27534
Site   452 dN/dS =      0.00000 Full Log(L) =     -3.81501 LRT =      0.32058 p-value =      0.28563
Site   453 dN/dS =      0.00000 Full Log(L) =     -3.94970 LRT =      0.31856 p-value =      0.28624
Site   454 dN/dS =      0.00000 Full Log(L) =     -3.91790 LRT =      0.38869 p-value =      0.26649
Site   455 dN/dS =      0.00000 Full Log(L) =     -4.36542 LRT =      0.18845 p-value =      0.33210
Site   456 dN/dS =      0.00000 Full Log(L) =     -4.09120 LRT =      0.32058 p-value =      0.28563
Site   457 dN/dS =      0.00000 Full Log(L) =     -3.96634 LRT =      0.38869 p-value =      0.26649
Site   458 dN/dS =      0.00000 Full Log(L) =     -4.10301 LRT =      0.25734 p-value =      0.30598
Site   459 dN/dS =      0.00000 Full Log(L) =     -3.64276 LRT =      0.36899 p-value =      0.27178
Site   460 dN/dS =      0.00000 Full Log(L) =     -4.13377 LRT =      0.50785 p-value =      0.23804
Site   461 dN/dS =      0.00000 Full Log(L) =     -3.66251 LRT =      0.34342 p-value =      0.27893
Site   462 dN/dS =      0.00000 Full Log(L) =     -3.33893 LRT =      0.32373 p-value =      0.28469
Site   463 dN/dS =      0.00000 Full Log(L) =     -4.92031 LRT =      0.18845 p-value =      0.33210
Site   464 dN/dS =      0.00000 Full Log(L) =     -4.22624 LRT =      0.31767 p-value =      0.28651
Site   465 dN/dS =      0.00000 Full Log(L) =     -3.64276 LRT =      0.36899 p-value =      0.27178
Site   466 dN/dS =      0.00000 Full Log(L) =     -3.33893 LRT =      0.32373 p-value =      0.28469
Site   467 dN/dS =      0.00000 Full Log(L) =     -3.81501 LRT =      0.32058 p-value =      0.28563
Site   468 dN/dS =      6.37685 Full Log(L) =     -8.05574 LRT =      1.99405 p-value =      0.07896 *P
Site   469 dN/dS =      0.00000 Full Log(L) =     -3.89382 LRT =      0.32373 p-value =      0.28469
Site   470 dN/dS =      0.00000 Full Log(L) =     -3.95937 LRT =      0.22485 p-value =      0.31769
Site   471 dN/dS =      0.00000 Full Log(L) =     -4.92031 LRT =      0.18845 p-value =      0.33210
Site   472 dN/dS =      0.00000 Full Log(L) =     -4.27193 LRT =      0.38202 p-value =      0.26826
Site   473 dN/dS =      0.00000 Full Log(L) =     -3.64276 LRT =      0.36899 p-value =      0.27178
Site   474 dN/dS =      0.00000 Full Log(L) =     -3.61407 LRT =      0.34342 p-value =      0.27893
Site   475 dN/dS =      0.00000 Full Log(L) =     -4.39503 LRT =      0.36585 p-value =      0.27264
Site   476 dN/dS =      0.00000 Full Log(L) =     -4.19765 LRT =      0.36900 p-value =      0.27178
Site   477 dN/dS =      0.00000 Full Log(L) =     -3.91790 LRT =      0.38869 p-value =      0.26649
Site   478 dN/dS =      0.00000 Full Log(L) =     -4.13377 LRT =      0.50785 p-value =      0.23804
Site   479 dN/dS =      0.00000 Full Log(L) =     -4.35641 LRT =      0.40544 p-value =      0.26215
Site   480 dN/dS =      0.00000 Full Log(L) =     -3.61407 LRT =      0.34342 p-value =      0.27893
Site   481 dN/dS =      0.00000 Full Log(L) =     -4.30797 LRT =      0.40544 p-value =      0.26215
Site   482 dN/dS =      0.00000 Full Log(L) =     -4.27387 LRT =      0.34998 p-value =      0.27706
Site   483 dN/dS =      0.00000 Full Log(L) =     -4.27468 LRT =      0.31767 p-value =      0.28651
Site   484 dN/dS =      6.48926 Full Log(L) =    -10.95562 LRT =      2.02162 p-value =      0.07754 *P
Site   485 dN/dS =      0.00000 Full Log(L) =     -3.63035 LRT =      0.40488 p-value =      0.26229
Site   486 dN/dS =      0.00000 Full Log(L) =     -3.95051 LRT =      0.28304 p-value =      0.29736
Site   487 dN/dS =      0.00000 Full Log(L) =     -4.28295 LRT =      0.35624 p-value =      0.27530
Site   488 dN/dS =      0.00000 Full Log(L) =     -3.33893 LRT =      0.32373 p-value =      0.28469
Site   489 dN/dS =      0.00000 Full Log(L) =     -4.27387 LRT =      0.34998 p-value =      0.27706
Site   490 dN/dS =      0.00000 Full Log(L) =     -3.96634 LRT =      0.38869 p-value =      0.26649
Site   491 dN/dS =      0.00000 Full Log(L) =     -3.61407 LRT =      0.34342 p-value =      0.27893
Site   492 dN/dS =      0.00000 Full Log(L) =     -4.44346 LRT =      0.36585 p-value =      0.27264
Site   493 dN/dS =      0.00000 Full Log(L) =     -4.32231 LRT =      0.34998 p-value =      0.27706
Site   494 dN/dS =      0.00000 Full Log(L) =     -3.63035 LRT =      0.40488 p-value =      0.26229
Site   495 dN/dS =      0.00000 Full Log(L) =     -4.03178 LRT =      0.38784 p-value =      0.26672
Site   496 dN/dS =      0.00000 Full Log(L) =    -10.65426 LRT =      0.25757 p-value =      0.30590
Site   497 dN/dS =      0.00000 Full Log(L) =     -3.99814 LRT =      0.31856 p-value =      0.28624
Site   498 dN/dS =      0.00000 Full Log(L) =     -3.71704 LRT =      0.36441 p-value =      0.27303
Site   499 dN/dS =      0.00000 Full Log(L) =     -3.61407 LRT =      0.34342 p-value =      0.27893
Site   500 dN/dS =      0.00000 Full Log(L) =     -4.03178 LRT =      0.38784 p-value =      0.26672
Site   501 dN/dS =      0.00000 Full Log(L) =     -4.09120 LRT =      0.32058 p-value =      0.28563
Site   502 dN/dS =      0.00000 Full Log(L) =     -3.90208 LRT =      0.28304 p-value =      0.29736
Site   503 dN/dS =      0.00000 Full Log(L) =     -3.96634 LRT =      0.38869 p-value =      0.26649
Site   504 dN/dS =      0.00000 Full Log(L) =     -4.28295 LRT =      0.35624 p-value =      0.27530
Site   505 dN/dS =      5.46269 Full Log(L) =     -9.23872 LRT =      1.74473 p-value =      0.09327 *P
Site   506 dN/dS =      0.00000 Full Log(L) =     -9.83968 LRT =      0.35020 p-value =      0.27700
Site   507 dN/dS =      0.00000 Full Log(L) =     -3.95051 LRT =      0.28304 p-value =      0.29736
Site   508 dN/dS =      0.00000 Full Log(L) =     -3.71704 LRT =      0.36441 p-value =      0.27303
Site   509 dN/dS =      0.00000 Full Log(L) =     -3.91790 LRT =      0.38869 p-value =      0.26649
Site   510 dN/dS =      0.00000 Full Log(L) =     -3.64276 LRT =      0.36899 p-value =      0.27178
Site   511 dN/dS =      0.00000 Full Log(L) =     -4.11883 LRT =      0.36585 p-value =      0.27264
Site   512 dN/dS =      0.00000 Full Log(L) =     -3.99743 LRT =      0.18350 p-value =      0.33419
Site   513 dN/dS =      0.00000 Full Log(L) =     -3.66251 LRT =      0.34342 p-value =      0.27893
Site   514 dN/dS =      6.01269 Full Log(L) =     -9.64828 LRT =      1.89809 p-value =      0.08415 *P
Site   515 dN/dS =      0.00000 Full Log(L) =     -9.67893 LRT =      0.31351 p-value =      0.28777
Site   516 dN/dS =      0.00000 Full Log(L) =     -8.94952 LRT =      0.31731 p-value =      0.28661
Site   517 dN/dS =      0.00000 Full Log(L) =     -4.51427 LRT =      0.22485 p-value =      0.31768
Site   518 dN/dS =      0.00000 Full Log(L) =     -3.99814 LRT =      0.31856 p-value =      0.28624
Site   519 dN/dS =      0.00000 Full Log(L) =     -3.89382 LRT =      0.32373 p-value =      0.28469
Site   520 dN/dS =      0.00000 Full Log(L) =     -4.03178 LRT =      0.38784 p-value =      0.26672
Site   521 dN/dS =      5.88305 Full Log(L) =     -8.25189 LRT =      1.86645 p-value =      0.08594 *P
Site   522 dN/dS =      0.00000 Full Log(L) =     -4.19765 LRT =      0.36900 p-value =      0.27178
Site   523 dN/dS =      0.00000 Full Log(L) =     -4.92031 LRT =      0.18845 p-value =      0.33210
Site   524 dN/dS =      0.00000 Full Log(L) =     -3.89382 LRT =      0.32373 p-value =      0.28469
Site   525 dN/dS =      0.00000 Full Log(L) =     -4.10301 LRT =      0.25734 p-value =      0.30598
Site   526 dN/dS =      0.00000 Full Log(L) =     -4.58668 LRT =      0.40544 p-value =      0.26215
Site   527 dN/dS =      0.00000 Full Log(L) =     -3.95051 LRT =      0.28304 p-value =      0.29736
Site   528 dN/dS =      0.00000 Full Log(L) =     -3.33893 LRT =      0.32373 p-value =      0.28469
Site   529 dN/dS =      0.00000 Full Log(L) =     -3.91790 LRT =      0.38869 p-value =      0.26649
Site   530 dN/dS =      0.00000 Full Log(L) =     -4.46940 LRT =      0.19954 p-value =      0.32754
Site   531 dN/dS =      0.00000 Full Log(L) =     -3.99814 LRT =      0.31856 p-value =      0.28624
Site   532 dN/dS =      0.00000 Full Log(L) =     -4.36542 LRT =      0.18845 p-value =      0.33210
Site   533 dN/dS =      0.00000 Full Log(L) =     -4.46940 LRT =      0.19954 p-value =      0.32754
Site   534 dN/dS =      0.00000 Full Log(L) =     -3.94970 LRT =      0.31856 p-value =      0.28624
Site   535 dN/dS =      0.00000 Full Log(L) =     -4.42764 LRT =      0.29675 p-value =      0.29296
Site   536 dN/dS =      0.00000 Full Log(L) =     -4.22624 LRT =      0.31767 p-value =      0.28651
Site   537 dN/dS =      0.00000 Full Log(L) =     -4.44346 LRT =      0.36585 p-value =      0.27264
Site   538 dN/dS =      0.00000 Full Log(L) =     -3.63035 LRT =      0.40488 p-value =      0.26229
Site   539 dN/dS =      0.00000 Full Log(L) =     -4.10301 LRT =      0.25734 p-value =      0.30598
Site   540 dN/dS =      0.00000 Full Log(L) =     -4.27387 LRT =      0.34998 p-value =      0.27706
Site   541 dN/dS =      0.00000 Full Log(L) =     -4.22624 LRT =      0.31767 p-value =      0.28651
Site   542 dN/dS =      0.00000 Full Log(L) =     -4.55232 LRT =      0.19959 p-value =      0.32753
Site   543 dN/dS =      0.00000 Full Log(L) =     -4.57696 LRT =      0.31775 p-value =      0.28648
Site   544 dN/dS =      0.00000 Full Log(L) =     -4.27387 LRT =      0.34998 p-value =      0.27706
Site   545 dN/dS =      0.00000 Full Log(L) =     -4.26034 LRT =      0.35020 p-value =      0.27700
Site   546 dN/dS =      0.00000 Full Log(L) =     -4.39503 LRT =      0.36585 p-value =      0.27264
Site   547 dN/dS =      0.00000 Full Log(L) =     -4.55232 LRT =      0.19959 p-value =      0.32753
Site   548 dN/dS =      0.00000 Full Log(L) =     -4.55232 LRT =      0.19959 p-value =      0.32753
Site   549 dN/dS =      0.00000 Full Log(L) =     -4.58668 LRT =      0.40544 p-value =      0.26215
Site   550 dN/dS =      0.00000 Full Log(L) =     -4.27468 LRT =      0.31767 p-value =      0.28651
Site   551 dN/dS =      0.00000 Full Log(L) =     -3.99814 LRT =      0.31856 p-value =      0.28624
Site   552 dN/dS =      0.00000 Full Log(L) =     -4.13377 LRT =      0.50785 p-value =      0.23804
Site   553 dN/dS =      0.00000 Full Log(L) =     -4.46940 LRT =      0.19954 p-value =      0.32754
Site   554 dN/dS =      0.00000 Full Log(L) =     -4.44346 LRT =      0.36585 p-value =      0.27264
Site   555 dN/dS =      0.00000 Full Log(L) =     -4.32231 LRT =      0.34998 p-value =      0.27706
Site   556 dN/dS =      0.00000 Full Log(L) =     -9.40705 LRT =      0.22465 p-value =      0.31776
Site   557 dN/dS =      0.00000 Full Log(L) =     -3.33893 LRT =      0.32373 p-value =      0.28469
Site   558 dN/dS =      0.00000 Full Log(L) =     -4.35641 LRT =      0.40544 p-value =      0.26215
Site   559 dN/dS =      0.00000 Full Log(L) 
Check messages.log details of this run.
=     -3.66251 LRT =      0.34342 p-value =      0.27893
Site   560 dN/dS =      0.00000 Full Log(L) =     -3.94970 LRT =      0.31856 p-value =      0.28624
Site   561 dN/dS =      0.00000 Full Log(L) =     -4.27193 LRT =      0.38202 p-value =      0.26826
Site   562 dN/dS =      0.00000 Full Log(L) =     -4.32231 LRT =      0.34998 p-value =      0.27706
Site   563 dN/dS =      0.00000 Full Log(L) =     -3.66251 LRT =      0.34342 p-value =      0.27893
Site   564 dN/dS =      0.00000 Full Log(L) =     -3.94970 LRT =      0.31856 p-value =      0.28624
Site   565 dN/dS =      0.00000 Full Log(L) =     -4.32231 LRT =      0.34998 p-value =      0.27706
Site   566 dN/dS =      0.00000 Full Log(L) =     -3.94970 LRT =      0.31856 p-value =      0.28624


Wall-clock run-time (seconds): 1412751411
Process time on the master node: 349.232895
MPI nodes used: 0

Wall-clock time per site (seconds): 5862039.049792531
