

______________READ THE FOLLOWING DATA______________
825 species:{CY168135,CY183033,CY170207,CY183305,CY182913,KF789585,CY149252,CY170639,KF790411,KF790413,KF790414,KF790416,KF790418,KF805656,CY169327,CY134647,KF790394,KF850663,KF805712,CY148516,CY149180,KF790398,CY168783,CY183233,CY171127,KF790190,CY169719,CY170447,KC814208,KC814205,KC814207,KC814206,CY170527,CY182737,CY130200,KF790524,KF790527,KF790482,CY148764,KF789871,KF886309,CY148836,KF886322,CY135100,KF886303,KF789998,CY171351,KF886305,CY168367,CY168719,CY169663,CY163428,CY171727,CY163426,CY163425,CY168247,CY163423,CY169783,CY186123,KF790049,KF790167,KF789739,KF790169,CY171335,KF886315,CY135036,KJ880918,KF789847,KC539122,KC539121,CY183257,CY170063,CY147290,KC539129,KF789633,KF789630,CY169247,KF790229,KF790228,KF790227,KF789927,CY134828,KF886312,CY168567,CY141219,CY141190,CY141191,CY141196,CY141197,CY168407,CY141195,CY171191,CY141210,CY141213,CY141212,CY141215,CY141214,CY141216,CY171583,CY171423,CY170119,CY141179,CY183073,CY170367,CY183177,CY141176,CY141177,CY134660,CY134661,CY134663,CY134664,CY134665,CY134666,CY134669,KF790452,KF805696,KF789706,KF789889,CY171615,KF790357,KF790356,CY148996,KF790425,CY149028,KF789709,CY170807,CY170967,CY171055,KF761498,KF790391,CY168847,CY170487,CY134764,KC535046,CY148636,CY168103,CY168063,CY182777,CY170647,KF789736,CY182889,CY168999,KF790473,CY169215,KF805664,KF789794,CY186035,KF789799,CY148644,CY170247,CY134643,CY169623,KF789895,KF789891,KF790516,CY168207,CY134719,CY168615,KC535030,CY134711,CY134713,CY134715,CY170415,CY134717,CY167967,CY168191,CY170047,CY168199,KC535035,CY149212,KF789569,CY168295,KF789562,CY168927,CY171007,CY169487,CY148940,CY148860,CY169527,KF789966,CY169959,KF886350,KF886353,KF886352,KF886355,KF886354,KF886357,KF886356,KF886359,KF886358,CY168447,CY134908,CY168335,KF886297,CY186179,CY141257,CY168727,CY141251,CY141250,CY141252,CY186171,CY171095,KF790137,KF790135,CY186075,CY135060,CY171303,KC539134,CY171647,CY169391,CY171135,CY169559,KF789740,CY171527,KF789615,KF790316,KF928618,CY171487,CY169007,KF790310,KF790257,CY148596,CY149100,KF789722,CY183185,CY149108,CY148452,CY141220,CY141221,CY141222,CY141224,CY186211,KF789796,CY141227,CY141228,CY141229,CY186219,CY149084,CY170359,CY148676,CY170351,CY170607,CY183001,CY171639,CY148884,CY171735,KF789597,CY171631,KF789591,KF790403,KF790402,KF790407,CY170575,KF790408,KF850674,CY169311,CY134884,CY149172,KF805704,CY168631,CY183137,CY170855,CY182769,CY148708,CY147311,KF789596,CY148868,CY148700,CY168871,CY169879,KF886360,CY170455,KJ734804,CY170511,KJ734826,KJ734825,CY182705,KJ734822,KJ734821,CY141231,KJ734828,CY149316,CY171039,CY134682,CY169679,CY135052,CY148820,CY169671,CY171359,KF789841,CY148828,CY168487,KF789842,CY168375,CY141186,CY169775,CY141181,CY168271,CY168951,CY167852,KF761476,KF790077,KF761474,KF790178,CY149228,CY182793,CY149220,CY134900,CY182897,KC539136,CY171071,CY148852,CY134836,KF790216,CY169511,KF789623,CY168575,CY170887,KF789628,CY141185,CY141184,CY141187,CY169687,CY141268,CY168471,CY141264,CY141266,CY170591,CY141188,CY141262,CY182905,CY183313,CY171591,CY170103,CY171455,KC814214,KF886301,CY169519,CY170311,CY183169,CY182961,CY170319,CY134672,KF790138,CY134676,CY134675,KF790448,CY182809,CY134679,CY134678,KF789714,CY169199,CY149036,CY134844,KF790361,KF790286,KF790368,KF790282,CY170815,CY168495,CY147291,CY170775,CY186243,CY170951,CY170559,CY171407,CY170983,KF761489,KF761488,CY141259,CY170223,CY148748,KF761481,CY170799,CY182969,CY170655,CY182745,CY171703,CY163422,CY167983,CY169223,CY183049,CY149044,KF805672,CY168239,CY169631,CY168231,CY168887,CY134709,KF790039,KC535022,CY134700,KC535027,KF790037,CY134705,KF789571,CY134670,CY149260,CY168287,CY149268,CY169831,CY186195,CY148956,CY169943,KF789977,CY134674,CY148812,CY135084,KF886321,KF789872,KF886323,CY168303,CY168399,CY168735,CY169351,KF761509,KF761506,KF761507,KF790104,KF761505,KF761503,CY167820,KF199859,KF199858,KF199854,CY135012,KF199856,KC526210,KC526211,CY134639,CY134638,CY134637,CY134635,CY141282,CY171103,CY141280,CY141281,KF928626,KF790323,CY148924,KF789752,KF789614,KF790362,KF790329,KF789759,KF790244,KF789906,KF789613,CY170919,CY170911,KJ880910,CY141232,CY148364,CY141230,CY186203,CY141180,CY141235,CY183225,CY141239,CY171031,CY169495,CY168503,CY149092,CY168015,CY183153,CY148540,CY148668,CY170439,CY134688,CY134689,CY169551,CY171623,CY182833,CY134686,CY134687,CY134684,CY169303,KF789728,KF790438,CY183129,CY134892,CY183081,CY134876,CY170863,KF789688,CY147305,CY169847,CY147301,CY147300,CY147302,CY168647,CY148404,CY147308,CY170071,CY170503,KC535063,KC535060,KJ734810,CY170663,CY135124,CY134748,KF790509,CY168167,KF789535,KF789534,KF790500,CY134820,CY148780,CY141269,CY149308,CY171367,CY135044,CY168343,CY171287,CY134740,KF685747,CY167868,CY169767,CY134940,CY148740,CY167903,KF790065,KF790064,CY169895,KF790066,CY186027,KC535052,KF789587,CY171215,KF789546,KF789547,CY171199,CY167796,CY170551,CY148964,KF789582,CY169935,KF790205,KF789829,CY168583,KF790201,KF790081,CY170895,CY167788,KF790209,KF789949,CY169103,CY168463,CY141194,CY141279,CY141278,CY141277,CY141276,KC535050,CY170599,CY141271,CY141270,CY169983,CY141211,KF789618,CY186155,CY171447,CY186091,CY169591,CY141199,CY183113,CY170719,CY182977,KF886349,KF790378,CY169439,CY134642,KF789769,CY134640,CY134641,KF790478,KF790479,CY168599,CY134648,CY134649,CY149292,KF789646,CY169023,KF790278,CY170823,CY168511,CY134996,CY134659,KF886343,CY148436,CY170943,CY148356,KF886340,CY148572,CY171143,CY170007,CY148756,CY134780,CY168127,CY141243,CY134788,CY148612,CY183025,CY170543,CY171719,CY147294,CY170783,CY171711,CY149076,CY169967,CY147292,CY169231,CY141261,CY169239,KF805640,CY141245,KF790384,CY148508,CY169015,CY149196,KF790389,CY169727,CY147304,CY168223,CY170431,KF790187,KF790184,KF790185,KF790028,KC535019,KC814212,KC814211,CY134732,CY170535,KF790023,CY168639,KF886341,KF789888,CY182729,CY149276,KF761484,KF790491,KF790495,CY135132,KF789983,CY148804,CY169151,KF886337,KF886335,CY170991,KF886332,CY168319,CY170999,KF761511,KF761510,KF790119,KF790051,CY186115,CY186051,CY135004,CY171247,CY186059,KC526207,CY183241,KC526205,CY170199,CY170055,KJ561738,CY171119,CY171503,KF790106,KC539112,KC526209,KC526208,CY148932,KF790331,KF790333,CY182817,KF789606,KF789605,KF850676,KF790230,CY134812,CY169479,KF789600,CY134956,CY148476,CY148372,CY170903,CY186235,CY141205,CY141202,CY171183,CY141200,CY141201,CY171567,CY141209,CY183065,CY168663,CY170271,CY148492,CY170375,CY182945,CY169279,CY134698,CY134695,CY134694,CY134697,CY134656,CY134691,CY134690,CY134693,CY134692,KF789731,KF790345,CY169071,KF789701,CY149012,KF805688,CY170871,CY167959,CY170879,CY170975,CY170479,CY168911,CY134772,CY148724,KC535051,CY170471,KC535054,CY168071,KJ734808,CY169807,KJ734805,CY168079,KJ734806,CY182761,KJ734803,CY182849,CY134988,KF790514,KC539118,KF790512,CY148796,KF928630,CY148652,CY186227,CY170583,KF789782,KF789780,CY135076,CY171271,CY168359,CY148428,CY170767,AB796432,CY168215,CY169759,CY167975,KF790010,KF790011,KF790334,CY186019,KF790019,CY171231,KF789550,CY169855,CY171015,CY141242,CY170383,CY170519,CY148972,CY169535,CY148876,KF789952,KF886348,KF789819,KF886344,KF789812,KF790236,KF789810,CY168455,CY147297,KF790129,CY147295,CY141241,CY147293,CY141247,CY141244,CY148332,CY168759,CY141249,KF790125,CY147299,CY182697,KC535044,CY167943,CY171375,CY141240,CY170703,CY134658,CY183105,CY134653,CY170495,CY134657,CY171655,CY171551,KF789579,CY182865,KC535043,CY169407,CY171495,KF790262,CY148580,CY169575,KF789673,CY134860,KF789671,CY148588,CY134707,CY183193,CY148340,CY141192,CY148348,CY169503};
Total Sites:1698;
Distinct Sites:735

Phase 1:Nucleotide Model (010010) Model Fit


-15025.9738571245

Phase 2:MG94x(010010) Model Fit



Phase 3:Estimating dN/dS


Nuc->codon scaling factor:2.190955297117262
Raw scaling factor:2.190955297117262
Tree scaling factor(S): 1

Using dN/dS=0.2427815915470669
Codon model:-14526.7603828381

Phase 4: Ancestral State Reconstruction and Counting

<<Significance level for Likelihood Ratio Tests (permissible range = [0,1], default value = 0.1)>>Site     1 dN/dS =      0.00000 Full Log(L) =     -4.04868 LRT =     12.19239 p-value =      0.00024 *N
Site     2 dN/dS =      0.25892 Full Log(L) =    -42.05780 LRT =      3.00542 p-value =      0.04149 *N
Site     3 dN/dS =      0.00000 Full Log(L) =    -48.63477 LRT =      8.05219 p-value =      0.00227 *N
Site     4 dN/dS =      0.54117 Full Log(L) =    -29.09286 LRT =      0.93024 p-value =      0.16740
Site     5 dN/dS =      0.00000 Full Log(L) =     -5.46605 LRT =      7.39310 p-value =      0.00327 *N
Site     6 dN/dS =      0.00000 Full Log(L) =     -6.23788 LRT =      9.27234 p-value =      0.00116 *N
Site     7 dN/dS =      0.95466 Full Log(L) =    -32.54048 LRT =      0.00436 p-value =      0.47369
Site     8 dN/dS =      0.59350 Full Log(L) =    -31.89611 LRT =      0.97418 p-value =      0.16182
Site     9 dN/dS =      0.31751 Full Log(L) =    -14.34529 LRT =      1.99517 p-value =      0.07890 *N
Site    10 dN/dS =      0.54050 Full Log(L) =    -23.90749 LRT =      0.93442 p-value =      0.16686
Site    11 dN/dS =      0.00000 Full Log(L) =    -20.71399 LRT =      4.03751 p-value =      0.02225 *N
Site    12 dN/dS =      0.00000 Full Log(L) =    -31.31629 LRT =      8.55847 p-value =      0.00172 *N
Site    13 dN/dS =      0.00000 Full Log(L) =    -70.95278 LRT =      4.03587 p-value =      0.02227 *N
Site    14 dN/dS =      1.68889 Full Log(L) =    -57.76752 LRT =      1.61502 p-value =      0.10189
Site    15 dN/dS =      0.29419 Full Log(L) =    -36.41313 LRT =      2.34353 p-value =      0.06290 *N
Site    16 dN/dS =      1.07902 Full Log(L) =    -65.01699 LRT =      0.02805 p-value =      0.43349
Site    17 dN/dS =      0.39175 Full Log(L) =    -15.86917 LRT =      1.22572 p-value =      0.13412
Site    18 dN/dS =      0.50142 Full Log(L) =    -21.42899 LRT =      1.21054 p-value =      0.13561
Site    19 dN/dS =      3.53061 Full Log(L) =   -118.12922 LRT =     14.03819 p-value =      0.00009 *P
Site    20 dN/dS =      0.00000 Full Log(L) =    -11.85444 LRT =      8.50598 p-value =      0.00177 *N
Site    21 dN/dS =      0.56153 Full Log(L) =    -55.26711 LRT =      1.21667 p-value =      0.13501
Site    22 dN/dS =      0.23583 Full Log(L) =    -27.34423 LRT =      3.57347 p-value =      0.02935 *N
Site    23 dN/dS =      0.41098 Full Log(L) =    -29.95460 LRT =      2.16517 p-value =      0.07058 *N
Site    24 dN/dS =      0.70132 Full Log(L) =    -41.99875 LRT =      0.42376 p-value =      0.25753
Site    25 dN/dS =      0.56937 Full Log(L) =    -27.87307 LRT =      1.15289 p-value =      0.14147
Site    26 dN/dS =      0.47530 Full Log(L) =    -56.22303 LRT =      1.43376 p-value =      0.11558
Site    27 dN/dS =      0.00000 Full Log(L) =    -11.28507 LRT =      9.67576 p-value =      0.00093 *N
Site    28 dN/dS =      0.23751 Full Log(L) =    -55.92044 LRT =      3.53152 p-value =      0.03011 *N
Site    29 dN/dS =      0.00000 Full Log(L) =    -25.47023 LRT =      4.20072 p-value =      0.02020 *N
Site    30 dN/dS =      0.00000 Full Log(L) =    -12.97405 LRT =      8.91461 p-value =      0.00141 *N
Site    31 dN/dS =      0.00000 Full Log(L) =    -14.40787 LRT =      7.30515 p-value =      0.00344 *N
Site    32 dN/dS =      0.00000 Full Log(L) =    -37.17691 LRT =     11.02146 p-value =      0.00045 *N
Site    33 dN/dS =      1.00000 Full Log(L) =      0.00000 LRT =      0.00000 p-value =      1.00000
Site    34 dN/dS =      0.23321 Full Log(L) =    -13.68086 LRT =      3.65207 p-value =      0.02800 *N
Site    35 dN/dS =      1.00000 Full Log(L) =      0.00000 LRT =      0.00000 p-value =      1.00000
Site    36 dN/dS =      0.00000 Full Log(L) =    -28.04291 LRT =      8.70761 p-value =      0.00158 *N
Site    37 dN/dS =      0.23497 Full Log(L) =    -24.21365 LRT =      3.60633 p-value =      0.02878 *N
Site    38 dN/dS =      0.00000 Full Log(L) =    -21.73779 LRT =      8.46383 p-value =      0.00181 *N
Site    39 dN/dS =      0.00000 Full Log(L) =    -21.06195 LRT =     10.69061 p-value =      0.00054 *N
Site    40 dN/dS =      0.23759 Full Log(L) =    -41.79404 LRT =      3.52938 p-value =      0.03015 *N
Site    41 dN/dS =      1.24809 Full Log(L) =    -50.16869 LRT =      0.27276 p-value =      0.30074
Site    42 dN/dS =      0.00000 Full Log(L) =    -20.41125 LRT =      8.70761 p-value =      0.00158 *N
Site    43 dN/dS =      0.74686 Full Log(L) =    -27.72562 LRT =      0.28041 p-value =      0.29822
Site    44 dN/dS =      0.00000 Full Log(L) =    -11.89953 LRT =      8.40260 p-value =      0.00187 *N
Site    45 dN/dS =      0.00000 Full Log(L) =    -25.81345 LRT =      7.71420 p-value =      0.00274 *N
Site    46 dN/dS =      0.23755 Full Log(L) =    -75.71911 LRT =      3.53043 p-value =      0.03013 *N
Site    47 dN/dS =      0.23586 Full Log(L) =    -19.68261 LRT =      3.57264 p-value =      0.02937 *N
Site    48 dN/dS =      0.41067 Full Log(L) =    -30.53766 LRT =      2.16962 p-value =      0.07038 *N
Site    49 dN/dS =      3.52597 Full Log(L) =    -62.75167 LRT =     10.78969 p-value =      0.00051 *P
Site    50 dN/dS =      1.00000 Full Log(L) =      0.00000 LRT =      0.00000 p-value =      1.00000
Site    51 dN/dS =      0.00000 Full Log(L) =    -11.82417 LRT =      9.31855 p-value =      0.00113 *N
Site    52 dN/dS =      0.00000 Full Log(L) =    -28.96717 LRT =      8.70761 p-value =      0.00158 *N
Site    53 dN/dS =      0.00000 Full Log(L) =    -10.87053 LRT =      8.40261 p-value =      0.00187 *N
Site    54 dN/dS =      0.00000 Full Log(L) =    -17.40500 LRT =      8.46411 p-value =      0.00181 *N
Site    55 dN/dS =      0.00000 Full Log(L) =    -18.04929 LRT =      9.67576 p-value =      0.00093 *N
Site    56 dN/dS =      1.00000 Full Log(L) =      0.00000 LRT =      0.00000 p-value =      1.00000
Site    57 dN/dS =      0.00000 Full Log(L) =    -49.06760 LRT =      9.31797 p-value =      0.00113 *N
Site    58 dN/dS =      0.00000 Full Log(L) =    -36.23238 LRT =      4.21011 p-value =      0.02009 *N
Site    59 dN/dS =      0.22936 Full Log(L) =    -14.20671 LRT =      3.76061 p-value =      0.02624 *N
Site    60 dN/dS =      0.00000 Full Log(L) =    -25.03799 LRT =      5.16924 p-value =      0.01150 *N
Site    61 dN/dS =      1.34931 Full Log(L) =    -49.91589 LRT =      0.48528 p-value =      0.24302
Site    62 dN/dS =      0.00000 Full Log(L) =    -12.44039 LRT =      7.26207 p-value =      0.00352 *N
Site    63 dN/dS =      0.31168 Full Log(L) =    -19.96937 LRT =      2.07836 p-value =      0.07470 *N
Site    64 dN/dS =      1.03718 Full Log(L) =    -35.73578 LRT =      0.00654 p-value =      0.46776
Site    65 dN/dS =      0.18074 Full Log(L) =    -36.10143 LRT =      5.62413 p-value =      0.00886 *N
Site    66 dN/dS =      0.64318 Full Log(L) =    -19.88708 LRT =      0.67795 p-value =      0.20515
Site    67 dN/dS =      1.00000 Full Log(L) =      0.00000 LRT =      0.00000 p-value =      1.00000
Site    68 dN/dS =      0.00000 Full Log(L) =    -12.97295 LRT =      8.91461 p-value =      0.00141 *N
Site    69 dN/dS =      1.47910 Full Log(L) =    -44.91965 LRT =      0.93827 p-value =      0.16636
Site    70 dN/dS =      0.37904 Full Log(L) =    -40.05093 LRT =      2.66056 p-value =      0.05143 *N
Site    71 dN/dS =      0.00000 Full Log(L) =    -19.34115 LRT =      8.50598 p-value =      0.00177 *N
Site    72 dN/dS =      0.23323 Full Log(L) =    -16.39549 LRT =      3.65036 p-value =      0.02803 *N
Site    73 dN/dS =      1.53361 Full Log(L) =    -59.98604 LRT =      0.63419 p-value =      0.21291
Site    74 dN/dS =      0.51974 Full Log(L) =    -46.95755 LRT =      1.07279 p-value =      0.15016
Site    75 dN/dS =      0.26515 Full Log(L) =    -17.57437 LRT =      2.87978 p-value =      0.04485 *N
Site    76 dN/dS =      0.00000 Full Log(L) =    -12.15777 LRT =      9.73735 p-value =      0.00090 *N
Site    77 dN/dS =      0.00000 Full Log(L) =    -21.75712 LRT =     10.69050 p-value =      0.00054 *N
Site    78 dN/dS =      0.64441 Full Log(L) =    -28.17144 LRT =      0.67040 p-value =      0.20646
Site    79 dN/dS =      0.23585 Full Log(L) =    -53.12609 LRT =      3.57284 p-value =      0.02937 *N
Site    80 dN/dS =      0.00000 Full Log(L) =    -18.09082 LRT =      8.91458 p-value =      0.00141 *N
Site    81 dN/dS =      0.00000 Full Log(L) =    -12.59533 LRT =      8.40260 p-value =      0.00187 *N
Site    82 dN/dS =      0.47591 Full Log(L) =    -39.80211 LRT =      0.71510 p-value =      0.19888
Site    83 dN/dS =      0.59730 Full Log(L) =    -25.49340 LRT =      0.94736 p-value =      0.16520
Site    84 dN/dS =      0.00000 Full Log(L) =    -12.15467 LRT =      9.73735 p-value =      0.00090 *N
Site    85 dN/dS =      0.20642 Full Log(L) =    -29.72505 LRT =      4.51810 p-value =      0.01677 *N
Site    86 dN/dS =      1.00000 Full Log(L) =      0.00000 LRT =      0.00000 p-value =      1.00000
Site    87 dN/dS =      0.00000 Full Log(L) =    -27.16979 LRT =      4.37241 p-value =      0.01826 *N
Site    88 dN/dS =      0.00000 Full Log(L) =    -25.13936 LRT =     10.69117 p-value =      0.00054 *N
Site    89 dN/dS =      0.00000 Full Log(L) =    -17.78159 LRT =      9.73727 p-value =      0.00090 *N
Site    90 dN/dS =      0.00000 Full Log(L) =    -27.06828 LRT =      8.50598 p-value =      0.00177 *N
Site    91 dN/dS =      0.37942 Full Log(L) =    -24.62190 LRT =      1.32766 p-value =      0.12461
Site    92 dN/dS =      0.00000 Full Log(L) =    -19.69936 LRT =      8.91459 p-value =      0.00141 *N
Site    93 dN/dS =      0.00000 Full Log(L) =    -11.05800 LRT =      9.73729 p-value =      0.00090 *N
Site    94 dN/dS =      0.36195 Full Log(L) =    -37.23179 LRT =      2.97389 p-value =      0.04231 *N
Site    95 dN/dS =      0.28282 Full Log(L) =    -28.37802 LRT =      2.53704 p-value =      0.05560 *N
Site    96 dN/dS =      0.00000 Full Log(L) =    -29.17926 LRT =      5.16875 p-value =      0.01150 *N
Site    97 dN/dS =      0.47243 Full Log(L) =    -36.56534 LRT =      1.45870 p-value =      0.11357
Site    98 dN/dS =      0.24809 Full Log(L) =    -19.03480 LRT =      3.25608 p-value =      0.03558 *N
Site    99 dN/dS =      0.74294 Full Log(L) =    -38.09725 LRT =      0.29148 p-value =      0.29464
Site   100 dN/dS =      1.00000 Full Log(L) =      0.00000 LRT =      0.00000 p-value =      1.00000
Site   101 dN/dS =      0.00000 Full Log(L) =    -18.08122 LRT =      9.73730 p-value =      0.00090 *N
Site   102 dN/dS =      0.00000 Full Log(L) =    -12.35717 LRT =      7.53782 p-value =      0.00302 *N
Site   103 dN/dS =      0.28326 Full Log(L) =    -21.07204 LRT =      2.53003 p-value =      0.05585 *N
Site   104 dN/dS =      1.62058 Full Log(L) =    -58.86144 LRT =      1.38833 p-value =      0.11934
Site   105 dN/dS =      0.00000 Full Log(L) =    -10.21431 LRT =      9.31846 p-value =      0.00113 *N
Site   106 dN/dS =      0.00000 Full Log(L) =    -75.00637 LRT =      6.22916 p-value =      0.00628 *N
Site   107 dN/dS =      0.37904 Full Log(L) =    -35.22449 LRT =      2.66062 p-value =      0.05143 *N
Site   108 dN/dS =      0.24813 Full Log(L) =    -23.71060 LRT =      3.25433 p-value =      0.03562 *N
Site   109 dN/dS =      0.20643 Full Log(L) =    -14.64076 LRT =      4.51778 p-value =      0.01677 *N
Site   110 dN/dS =      1.47077 Full Log(L) =    -41.50118 LRT =      0.65250 p-value =      0.20961
Site   111 dN/dS =      1.00000 Full Log(L) =      0.00000 LRT =      0.00000 p-value =      1.00000
Site   112 dN/dS =      0.94744 Full Log(L) =    -32.88037 LRT =      0.01179 p-value =      0.45677
Site   113 dN/dS =      1.00000 Full Log(L) =      0.00000 LRT =      0.00000 p-value =      1.00000
Site   114 dN/dS =      0.00000 Full Log(L) =    -12.43820 LRT =      6.55245 p-value =      0.00524 *N
Site   115 dN/dS =      0.00000 Full Log(L) =    -19.38181 LRT =      8.50598 p-value =      0.00177 *N
Site   116 dN/dS =      1.00000 Full Log(L) =      0.00000 LRT =      0.00000 p-value =      1.00000
Site   117 dN/dS =      1.00000 Full Log(L) =      0.00000 LRT =      0.00000 p-value =      1.00000
Site   118 dN/dS =      0.22954 Full Log(L) =    -21.81872 LRT =      3.75524 p-value =      0.02632 *N
Site   119 dN/dS =      0.00000 Full Log(L) =    -32.64647 LRT =      8.50596 p-value =      0.00177 *N
Site   120 dN/dS =      0.41063 Full Log(L) =    -20.60121 LRT =      2.17020 p-value =      0.07035 *N
Site   121 dN/dS =      1.00000 Full Log(L) =      0.00000 LRT =      0.00000 p-value =      1.00000
Site   122 dN/dS =      0.62081 Full Log(L) =    -45.13635 LRT =      0.80082 p-value =      0.18542
Site   123 dN/dS =      0.00000 Full Log(L) =    -14.81717 LRT =      7.26154 p-value =      0.00352 *N
Site   124 dN/dS =      0.00000 Full Log(L) =    -34.19125 LRT =      7.52947 p-value =      0.00303 *N
Site   125 dN/dS =      0.00000 Full Log(L) =    -17.90278 LRT =     10.25967 p-value =      0.00068 *N
Site   126 dN/dS =      0.00000 Full Log(L) =    -27.72155 LRT =      6.41038 p-value =      0.00567 *N
Site   127 dN/dS =      0.00000 Full Log(L) =    -12.72220 LRT =      4.20000 p-value =      0.02021 *N
Site   128 dN/dS =      0.22935 Full Log(L) =    -21.42013 LRT =      3.76089 p-value =      0.02623 *N
Site   129 dN/dS =      0.00000 Full Log(L) =    -22.25634 LRT =      9.67576 p-value =      0.00093 *N
Site   130 dN/dS =      0.00000 Full Log(L) =    -20.51545 LRT =      6.42693 p-value =      0.00562 *N
Site   131 dN/dS =      0.00000 Full Log(L) =    -54.09910 LRT =      7.26147 p-value =      0.00352 *N
Site   132 dN/dS =      1.00000 Full Log(L) =      0.00000 LRT =      0.00000 p-value =      1.00000
Site   133 dN/dS =      0.00000 Full Log(L) =    -16.10544 LRT =      8.40260 p-value =      0.00187 *N
Site   134 dN/dS =      0.47557 Full Log(L) =    -25.42991 LRT =      0.71673 p-value =      0.19861
Site   135 dN/dS =      0.00000 Full Log(L) =    -32.14809 LRT =      9.31806 p-value =      0.00113 *N
Site   136 dN/dS =      1.00000 Full Log(L) =      0.00000 LRT =      0.00000 p-value =      1.00000
Site   137 dN/dS =      0.94776 Full Log(L) =    -44.69234 LRT =      0.01164 p-value =      0.45704
Site   138 dN/dS =      0.47237 Full Log(L) =    -27.43720 LRT =      1.45943 p-value =      0.11351
Site   139 dN/dS =      1.00000 Full Log(L) =      0.00000 LRT =      0.00000 p-value =      1.00000
Site   140 dN/dS =      0.95248 Full Log(L) =    -87.63039 LRT =      0.01197 p-value =      0.45643
Site   141 dN/dS =      1.00000 Full Log(L) =      0.00000 LRT =      0.00000 p-value =      1.00000
Site   142 dN/dS =      0.23585 Full Log(L) =    -16.00494 LRT =      3.57306 p-value =      0.02936 *N
Site   143 dN/dS =      1.00000 Full Log(L) =      0.00000 LRT =      0.00000 p-value =      1.00000
Site   144 dN/dS =      1.61619 Full Log(L) =    -66.61009 LRT =      1.37418 p-value =      0.12055
Site   145 dN/dS =      0.18660 Full Log(L) =    -21.18461 LRT =      5.34068 p-value =      0.01042 *N
Site   146 dN/dS =      1.00000 Full Log(L) =      0.00000 LRT =      0.00000 p-value =      1.00000
Site   147 dN/dS =      0.82027 Full Log(L) =    -53.51711 LRT =      0.13441 p-value =      0.35695
Site   148 dN/dS =      0.00000 Full Log(L) =     -8.15942 LRT =      5.16759 p-value =      0.01151 *N
Site   149 dN/dS =      0.23579 Full Log(L) =    -32.38148 LRT =      3.57345 p-value =      0.02936 *N
Site   150 dN/dS =      0.00000 Full Log(L) =    -11.32667 LRT =     10.69072 p-value =      0.00054 *N
Site   151 dN/dS =      0.23765 Full Log(L) =    -14.72021 LRT =      3.52765 p-value =      0.03018 *N
Site   152 dN/dS =      0.18932 Full Log(L) =    -38.57605 LRT =      5.21507 p-value =      0.01120 *N
Site   153 dN/dS =      0.27846 Full Log(L) =    -14.22737 LRT =      2.61633 p-value =      0.05288 *N
Site   154 dN/dS =      2.32467 Full Log(L) =   -103.80480 LRT =      5.97958 p-value =      0.00724 *P
Site   155 dN/dS =      0.00000 Full Log(L) =    -12.27864 LRT =      8.91460 p-value =      0.00141 *N
Site   156 dN/dS =      1.21841 Full Log(L) =    -48.33371 LRT =      0.21788 p-value =      0.32033
Site   157 dN/dS =      0.00000 Full Log(L) =    -17.74819 LRT =     10.25926 p-value =      0.00068 *N
Site   158 dN/dS =      2.19562 Full Log(L) =    -72.92791 LRT =      5.27864 p-value =      0.01079 *P
Site   159 dN/dS =      0.00000 Full Log(L) =    -26.50739 LRT =      7.26207 p-value =      0.00352 *N
Site   160 dN/dS =      1.68054 Full Log(L) =    -65.21581 LRT =      1.58594 p-value =      0.10395
Site   161 dN/dS =      1.60607 Full Log(L) =    -69.21819 LRT =      1.53188 p-value =      0.10792
Site   162 dN/dS =      0.00000 Full Log(L) =    -12.38759 LRT =     10.54597 p-value =      0.00058 *N
Site   163 dN/dS =      1.00000 Full Log(L) =      0.00000 LRT =      0.00000 p-value =      1.00000
Site   164 dN/dS =      0.00000 Full Log(L) =    -10.99358 LRT =      7.06506 p-value =      0.00393 *N
Site   165 dN/dS =      0.00000 Full Log(L) =    -18.19954 LRT =     10.54589 p-value =      0.00058 *N
Site   166 dN/dS =      0.00000 Full Log(L) =    -25.68966 LRT =      9.90326 p-value =      0.00082 *N
Site   167 dN/dS =      0.00000 Full Log(L) =    -34.72859 LRT =      4.13919 p-value =      0.02095 *N
Site   168 dN/dS =      0.00000 Full Log(L) =    -22.72408 LRT =      8.46395 p-value =      0.00181 *N
Site   169 dN/dS =      1.00000 Full Log(L) =      0.00000 LRT =      0.00000 p-value =      1.00000
Site   170 dN/dS =      0.00000 Full Log(L) =    -23.67409 LRT =      4.37003 p-value =      0.01829 *N
Site   171 dN/dS =      0.48059 Full Log(L) =    -21.85511 LRT =      1.38632 p-value =      0.11951
Site   172 dN/dS =      0.47758 Full Log(L) =    -38.92396 LRT =      1.41461 p-value =      0.11715
Site   173 dN/dS =      1.46941 Full Log(L) =    -32.58427 LRT =      0.39055 p-value =      0.26601
Site   174 dN/dS =      0.47433 Full Log(L) =    -21.18608 LRT =      1.44107 p-value =      0.11498
Site   175 dN/dS =      0.57272 Full Log(L) =    -21.79828 LRT =      0.75158 p-value =      0.19299
Site   176 dN/dS =      0.24808 Full Log(L) =    -19.15170 LRT =      3.25659 p-value =      0.03557 *N
Site   177 dN/dS =      0.00000 Full Log(L) =    -22.24226 LRT =      6.55245 p-value =      0.00524 *N
Site   178 dN/dS =      1.00000 Full Log(L) =      0.00000 LRT =      0.00000 p-value =      1.00000
Site   179 dN/dS =      0.00000 Full Log(L) =    -18.61622 LRT =      9.67576 p-value =      0.00093 *N
Site   180 dN/dS =      0.00000 Full Log(L) =    -41.82334 LRT =      4.35757 p-value =      0.01842 *N
Site   181 dN/dS =      0.00000 Full Log(L) =    -24.29879 LRT =      8.46412 p-value =      0.00181 *N
Site   182 dN/dS =      0.68930 Full Log(L) =    -52.87095 LRT =      0.46966 p-value =      0.24657
Site   183 dN/dS =      0.00000 Full Log(L) =    -31.57442 LRT =      8.40261 p-value =      0.00187 *N
Site   184 dN/dS =      0.15692 Full Log(L) =    -12.75639 LRT =      7.01622 p-value =      0.00404 *N
Site   185 dN/dS =      1.00000 Full Log(L) =      0.00000 LRT =      0.00000 p-value =      1.00000
Site   186 dN/dS =      0.00000 Full Log(L) =    -12.06943 LRT =      8.46422 p-value =      0.00181 *N
Site   187 dN/dS =      0.00000 Full Log(L) =    -18.09901 LRT =      8.46414 p-value =      0.00181 *N
Site   188 dN/dS =      0.21397 Full Log(L) =    -18.61737 LRT =      4.24574 p-value =      0.01967 *N
Site   189 dN/dS =      1.16088 Full Log(L) =    -25.31467 LRT =      0.06323 p-value =      0.40073
Site   190 dN/dS =      1.00000 Full Log(L) =      0.00000 LRT =      0.00000 p-value =      1.00000
Site   191 dN/dS =      1.00000 Full Log(L) =      0.00000 LRT =      0.00000 p-value =      1.00000
Site   192 dN/dS =      1.00000 Full Log(L) =      0.00000 LRT =      0.00000 p-value =      1.00000
Site   193 dN/dS =      0.00000 Full Log(L) =    -21.63364 LRT =      4.37278 p-value =      0.01826 *N
Site   194 dN/dS =      0.00000 Full Log(L) =    -17.45344 LRT =      6.55245 p-value =      0.00524 *N
Site   195 dN/dS =      1.00000 Full Log(L) =      0.00000 LRT =      0.00000 p-value =      1.00000
Site   196 dN/dS =      1.00000 Full Log(L) =      0.00000 LRT =      0.00000 p-value =      1.00000
Site   197 dN/dS =      0.00000 Full Log(L) =    -41.43583 LRT =     11.02256 p-value =      0.00045 *N
Site   198 dN/dS =      0.00000 Full Log(L) =    -37.20314 LRT =      8.70761 p-value =      0.00158 *N
Site   199 dN/dS =      0.23319 Full Log(L) =    -24.43665 LRT =      3.65256 p-value =      0.02799 *N
Site   200 dN/dS =      0.00000 Full Log(L) =    -12.90337 LRT =      8.56757 p-value =      0.00171 *N
Site   201 dN/dS =      0.00000 Full Log(L) =    -51.67668 LRT =      8.50596 p-value =      0.00177 *N
Site   202 dN/dS =      0.90971 Full Log(L) =    -86.63601 LRT =      0.04601 p-value =      0.41508
Site   203 dN/dS =      0.00000 Full Log(L) =    -58.01622 LRT =      8.40260 p-value =      0.00187 *N
Site   204 dN/dS =      0.41059 Full Log(L) =    -21.73668 LRT =      2.17070 p-value =      0.07033 *N
Site   205 dN/dS =      0.49241 Full Log(L) =    -27.64849 LRT =      1.28306 p-value =      0.12867
Site   206 dN/dS =      0.00000 Full Log(L) =    -11.68073 LRT =      9.73735 p-value =      0.00090 *N
Site   207 dN/dS =      0.00000 Full Log(L) =    -18.07615 LRT =      5.16896 p-value =      0.01150 *N
Site   208 dN/dS =      2.00531 Full Log(L) =    -61.35206 LRT =      2.84567 p-value =      0.04581 *P
Site   209 dN/dS =      2.26577 Full Log(L) =    -68.08853 LRT =      4.11249 p-value =      0.02128 *P
Site   210 dN/dS =      3.04821 Full Log(L) =    -74.43690 LRT =      5.62885 p-value =      0.00883 *P
Site   211 dN/dS =      1.00000 Full Log(L) =      0.00000 LRT =      0.00000 p-value =      1.00000
Site   212 dN/dS =      0.00000 Full Log(L) =    -20.51909 LRT =      9.67576 p-value =      0.00093 *N
Site   213 dN/dS =      0.77507 Full Log(L) =    -27.00880 LRT =      0.14087 p-value =      0.35371
Site   214 dN/dS =      1.44475 Full Log(L) =    -43.63658 LRT =      0.59827 p-value =      0.21962
Site   215 dN/dS =      0.30588 Full Log(L) =    -24.01777 LRT =      2.16212 p-value =      0.07072 *N
Site   216 dN/dS =      0.00000 Full Log(L) =    -21.63753 LRT =     10.70116 p-value =      0.00054 *N
Site   217 dN/dS =      0.20159 Full Log(L) =    -20.87596 LRT =      4.69888 p-value =      0.01509 *N
Site   218 dN/dS =      0.77536 Full Log(L) =    -24.45196 LRT =      0.21080 p-value =      0.32307
Site   219 dN/dS =      0.23773 Full Log(L) =    -37.25899 LRT =      3.52554 p-value =      0.03022 *N
Site   220 dN/dS =      0.00000 Full Log(L) =    -17.46549 LRT =      8.70761 p-value =      0.00158 *N
Site   221 dN/dS =      0.00000 Full Log(L) =    -20.26028 LRT =      7.26207 p-value =      0.00352 *N
Site   222 dN/dS =      1.00000 Full Log(L) =      0.00000 LRT =      0.00000 p-value =      1.00000
Site   223 dN/dS =      1.00012 Full Log(L) =    -47.18963 LRT =      0.00000 p-value =      0.49991
Site   224 dN/dS =      0.20161 Full Log(L) =    -20.53173 LRT =      4.69807 p-value =      0.01510 *N
Site   225 dN/dS =      0.37907 Full Log(L) =    -23.58527 LRT =      2.66001 p-value =      0.05145 *N
Site   226 dN/dS =      1.00000 Full Log(L) =      0.00000 LRT =      0.00000 p-value =      1.00000
Site   227 dN/dS =      1.00000 Full Log(L) =      0.00000 LRT =      0.00000 p-value =      1.00000
Site   228 dN/dS =      0.62533 Full Log(L) =    -33.90772 LRT =      0.77535 p-value =      0.18928
Site   229 dN/dS =      0.00000 Full Log(L) =    -10.95221 LRT =      8.70761 p-value =      0.00158 *N
Site   230 dN/dS =      1.56580 Full Log(L) =    -61.72661 LRT =      1.03673 p-value =      0.15429
Site   231 dN/dS =      0.00000 Full Log(L) =    -44.33858 LRT =      8.50596 p-value =      0.00177 *N
Site   232 dN/dS =      0.00000 Full Log(L) =    -11.85125 LRT =      8.46419 p-value =      0.00181 *N
Site   233 dN/dS =      0.25883 Full Log(L) =    -41.58386 LRT =      3.01031 p-value =      0.04137 *N
Site   234 dN/dS =      0.00000 Full Log(L) =    -19.13158 LRT =     10.69173 p-value =      0.00054 *N
Site   235 dN/dS =      0.55127 Full Log(L) =    -43.44103 LRT =      0.87081 p-value =      0.17537
Site   236 dN/dS =      0.20166 Full Log(L) =    -20.53065 LRT =      4.69606 p-value =      0.01512 *N
Site   237 dN/dS =      1.17908 Full Log(L) =    -46.26858 LRT =      0.12805 p-value =      0.36023
Site   238 dN/dS =      0.20606 Full Log(L) =    -29.73117 LRT =      4.53389 p-value =      0.01662 *N
Site   239 dN/dS =      0.81650 Full Log(L) =    -32.16491 LRT =      0.17518 p-value =      0.33777
Site   240 dN/dS =      0.00000 Full Log(L) =    -22.71494 LRT =     10.25777 p-value =      0.00068 *N
Site   241 dN/dS =      4.52483 Full Log(L) =   -122.48137 LRT =     27.43931 p-value =      0.00000 *P
Site   242 dN/dS =      0.51801 Full Log(L) =    -42.52435 LRT =      1.08286 p-value =      0.14903
Site   243 dN/dS =      0.23596 Full Log(L) =    -14.65474 LRT =      3.58040 p-value =      0.02923 *N
Site   244 dN/dS =      0.00000 Full Log(L) =    -16.92104 LRT =     10.54585 p-value =      0.00058 *N
Site   245 dN/dS =      0.00000 Full Log(L) =    -19.26926 LRT =      9.90465 p-value =      0.00082 *N
Site   246 dN/dS =      0.40578 Full Log(L) =    -18.41785 LRT =      2.23766 p-value =      0.06734 *N
Site   247 dN/dS =      1.00000 Full Log(L) =      0.00000 LRT =      0.00000 p-value =      1.00000
Site   248 dN/dS =      0.00000 Full Log(L) =    -14.67132 LRT =      7.71480 p-value =      0.00274 *N
Site   249 dN/dS =      0.30216 Full Log(L) =    -16.83026 LRT =      2.21629 p-value =      0.06828 *N
Site   250 dN/dS =      1.00000 Full Log(L) =      0.00000 LRT =      0.00000 p-value =      1.00000
Site   251 dN/dS =      0.00000 Full Log(L) =    -11.49189 LRT =      8.40260 p-value =      0.00187 *N
Site   252 dN/dS =      1.00000 Full Log(L) =      0.00000 LRT =      0.00000 p-value =      1.00000
Site   253 dN/dS =      0.00000 Full Log(L) =    -23.73864 LRT =      8.70761 p-value =      0.00158 *N
Site   254 dN/dS =      0.74656 Full Log(L) =    -38.00383 LRT =      0.28123 p-value =      0.29795
Site   255 dN/dS =      0.00000 Full Log(L) =    -56.02460 LRT =      8.50596 p-value =      0.00177 *N
Site   256 dN/dS =      0.00000 Full Log(L) =    -12.01979 LRT =     10.69117 p-value =      0.00054 *N
Site   257 dN/dS =      0.00000 Full Log(L) =    -12.37355 LRT =      9.73738 p-value =      0.00090 *N
Site   258 dN/dS =      0.39769 Full Log(L) =    -19.76860 LRT =      2.35674 p-value =      0.06237 *N
Site   259 dN/dS =      0.00000 Full Log(L) =    -13.45679 LRT =      7.53782 p-value =      0.00302 *N
Site   260 dN/dS =      1.00000 Full Log(L) =      0.00000 LRT =      0.00000 p-value =      1.00000
Site   261 dN/dS =      0.00000 Full Log(L) =    -11.09246 LRT =      7.71483 p-value =      0.00274 *N
Site   262 dN/dS =      0.47273 Full Log(L) =    -27.76154 LRT =      1.45598 p-value =      0.11379
Site   263 dN/dS =      0.00000 Full Log(L) =    -11.18697 LRT =     10.54592 p-value =      0.00058 *N
Site   264 dN/dS =      0.00000 Full Log(L) =    -14.65566 LRT =      8.40260 p-value =      0.00187 *N
Site   265 dN/dS =      0.00000 Full Log(L) =    -24.14730 LRT =     11.04606 p-value =      0.00044 *N
Site   266 dN/dS =      0.00000 Full Log(L) =    -22.29816 LRT =      8.46390 p-value =      0.00181 *N
Site   267 dN/dS =      0.00000 Full Log(L) =    -20.24081 LRT =      4.20037 p-value =      0.02021 *N
Site   268 dN/dS =      0.00000 Full Log(L) =    -12.48110 LRT =      7.71486 p-value =      0.00274 *N
Site   269 dN/dS =      0.00000 Full Log(L) =    -18.58732 LRT =      9.67576 p-value =      0.00093 *N
Site   270 dN/dS =      0.00000 Full Log(L) =    -11.99413 LRT =      8.50598 p-value =      0.00177 *N
Site   271 dN/dS =      0.00000 Full Log(L) =    -28.43303 LRT =     10.08774 p-value =      0.00075 *N
Site   272 dN/dS =      0.00000 Full Log(L) =    -28.76395 LRT =     11.04789 p-value =      0.00044 *N
Site   273 dN/dS =      1.00000 Full Log(L) =      0.00000 LRT =      0.00000 p-value =      1.00000
Site   274 dN/dS =      0.00000 Full Log(L) =    -12.82282 LRT =      7.06520 p-value =      0.00393 *N
Site   275 dN/dS =      1.00000 Full Log(L) =      0.00000 LRT =      0.00000 p-value =      1.00000
Site   276 dN/dS =      0.39784 Full Log(L) =    -20.90513 LRT =      2.35447 p-value =      0.06246 *N
Site   277 dN/dS =      2.66309 Full Log(L) =    -95.62316 LRT =      5.62756 p-value =      0.00884 *P
Site   278 dN/dS =      0.56967 Full Log(L) =    -27.41856 LRT =      1.15047 p-value =      0.14172
Site   279 dN/dS =      0.00000 Full Log(L) =    -33.28080 LRT =     11.04158 p-value =      0.00045 *N
Site   280 dN/dS =      0.49698 Full Log(L) =    -20.97408 LRT =      1.24408 p-value =      0.13234
Site   281 dN/dS =      1.00000 Full Log(L) =      0.00000 LRT =      0.00000 p-value =      1.00000
Site   282 dN/dS =      1.00000 Full Log(L) =      0.00000 LRT =      0.00000 p-value =      1.00000
Site   283 dN/dS =      0.19865 Full Log(L) =    -12.87521 LRT =      4.81296 p-value =      0.01412 *N
Site   284 dN/dS =      0.31419 Full Log(L) =    -21.46333 LRT =      4.08326 p-value =      0.02165 *N
Site   285 dN/dS =      0.40376 Full Log(L) =    -43.46320 LRT =      2.26798 p-value =      0.06604 *N
Site   286 dN/dS =      1.00000 Full Log(L) =      0.00000 LRT =      0.00000 p-value =      1.00000
Site   287 dN/dS =      0.00000 Full Log(L) =    -11.05734 LRT =      9.73729 p-value =      0.00090 *N
Site   288 dN/dS =      0.62062 Full Log(L) =    -29.70660 LRT =      0.80197 p-value =      0.18525
Site   289 dN/dS =      0.23493 Full Log(L) =    -16.51013 LRT =      3.60772 p-value =      0.02876 *N
Site   290 dN/dS =      0.00000 Full Log(L) =    -26.59290 LRT =      7.71473 p-value =      0.00274 *N
Site   291 dN/dS =      0.18094 Full Log(L) =    -26.91988 LRT =      5.61407 p-value =      0.00891 *N
Site   292 dN/dS =      1.00000 Full Log(L) =      0.00000 LRT =      0.00000 p-value =      1.00000
Site   293 dN/dS =      0.00000 Full Log(L) =    -16.08328 LRT =      8.91449 p-value =      0.00141 *N
Site   294 dN/dS =      0.98724 Full Log(L) =    -42.06332 LRT =      0.00066 p-value =      0.48976
Site   295 dN/dS =      0.00000 Full Log(L) =    -21.41089 LRT =      7.26127 p-value =      0.00352 *N
Site   296 dN/dS =      0.42830 Full Log(L) =    -20.26321 LRT =      1.93771 p-value =      0.08196 *N
Site   297 dN/dS =      0.00000 Full Log(L) =    -12.96413 LRT =      8.91461 p-value =      0.00141 *N
Site   298 dN/dS =      0.00000 Full Log(L) =    -20.08893 LRT =      7.71469 p-value =      0.00274 *N
Site   299 dN/dS =      0.00000 Full Log(L) =    -17.18341 LRT =      8.40261 p-value =      0.00187 *N
Site   300 dN/dS =      1.00000 Full Log(L) =      0.00000 LRT =      0.00000 p-value =      1.00000
Site   301 dN/dS =      0.00000 Full Log(L) =    -18.09357 LRT =      8.46413 p-value =      0.00181 *N
Site   302 dN/dS =      0.00000 Full Log(L) =    -11.68531 LRT =     10.69059 p-value =      0.00054 *N
Site   303 dN/dS =      1.00000 Full Log(L) =      0.00000 LRT =      0.00000 p-value =      1.00000
Site   304 dN/dS =      0.00000 Full Log(L) =    -17.62828 LRT =      7.71482 p-value =      0.00274 *N
Site   305 dN/dS =      0.23494 Full Log(L) =    -30.65004 LRT =      3.60740 p-value =      0.02876 *N
Site   306 dN/dS =      0.94870 Full Log(L) =    -46.05948 LRT =      0.01121 p-value =      0.45784
Site   307 dN/dS =      1.00000 Full Log(L) =      0.00000 LRT =      0.00000 p-value =      1.00000
Site   308 dN/dS =      0.49666 Full Log(L) =    -19.06533 LRT =      1.24670 p-value =      0.13209
Site   309 dN/dS =      1.00000 Full Log(L) =      0.00000 LRT =      0.00000 p-value =      1.00000
Site   310 dN/dS =      0.00000 Full Log(L) =     -8.59282 LRT =      7.06345 p-value =      0.00393 *N
Site   311 dN/dS =      0.00000 Full Log(L) =    -11.25579 LRT =      5.16898 p-value =      0.01150 *N
Site   312 dN/dS =      0.00000 Full Log(L) =    -10.05822 LRT =      8.46406 p-value =      0.00181 *N
Site   313 dN/dS =      0.22942 Full Log(L) =    -37.64544 LRT =      3.75886 p-value =      0.02626 *N
Site   314 dN/dS =      1.00000 Full Log(L) =      0.00000 LRT =      0.00000 p-value =      1.00000
Site   315 dN/dS =      0.19481 Full Log(L) =    -35.11987 LRT =      4.96928 p-value =      0.01290 *N
Site   316 dN/dS =      0.51882 Full Log(L) =    -42.97851 LRT =      1.07646 p-value =      0.14975
Site   317 dN/dS =      0.23765 Full Log(L) =    -28.51336 LRT =      3.52784 p-value =      0.03017 *N
Site   318 dN/dS =      0.00000 Full Log(L) =    -43.38708 LRT =      6.55245 p-value =      0.00524 *N
Site   319 dN/dS =      0.00000 Full Log(L) =    -16.18924 LRT =     11.04785 p-value =      0.00044 *N
Site   320 dN/dS =      1.03801 Full Log(L) =    -58.92109 LRT =      0.00684 p-value =      0.46705
Site   321 dN/dS =      0.00000 Full Log(L) =    -17.90282 LRT =      8.91455 p-value =      0.00141 *N
Site   322 dN/dS =      0.00000 Full Log(L) =    -13.95058 LRT =      8.50598 p-value =      0.00177 *N
Site   323 dN/dS =      0.00000 Full Log(L) =    -19.27373 LRT =      9.90286 p-value =      0.00083 *N
Site   324 dN/dS =      0.00000 Full Log(L) =    -10.82432 LRT =      6.55245 p-value =      0.00524 *N
Site   325 dN/dS =      0.22943 Full Log(L) =    -19.19728 LRT =      3.75847 p-value =      0.02627 *N
Site   326 dN/dS =      0.00000 Full Log(L) =    -21.89665 LRT =      8.04526 p-value =      0.00228 *N
Site   327 dN/dS =      0.00000 Full Log(L) =    -18.07544 LRT =      5.16896 p-value =      0.01150 *N
Site   328 dN/dS =      1.60520 Full Log(L) =    -54.75965 LRT =      1.53038 p-value =      0.10803
Site   329 dN/dS =      0.00000 Full Log(L) =    -19.93922 LRT =      8.40261 p-value =      0.00187 *N
Site   330 dN/dS =      0.00000 Full Log(L) =    -28.32427 LRT =      4.20464 p-value =      0.02016 *N
Site   331 dN/dS =      0.00000 Full Log(L) =    -25.74071 LRT =      8.04539 p-value =      0.00228 *N
Site   332 dN/dS =      0.00000 Full Log(L) =    -28.55472 LRT =      4.36338 p-value =      0.01836 *N
Site   333 dN/dS =      1.00000 Full Log(L) =      0.00000 LRT =      0.00000 p-value =      1.00000
Site   334 dN/dS =      0.00000 Full Log(L) =    -13.26415 LRT =      8.40260 p-value =      0.00187 *N
Site   335 dN/dS =      0.00000 Full Log(L) =    -32.31978 LRT =     10.70679 p-value =      0.00053 *N
Site   336 dN/dS =      1.00000 Full Log(L) =      0.00000 LRT =      0.00000 p-value =      1.00000
Site   337 dN/dS =      0.00000 Full Log(L) =    -28.10593 LRT =      6.73169 p-value =      0.00474 *N
Site   338 dN/dS =      0.00000 Full Log(L) =    -25.74152 LRT =      8.46414 p-value =      0.00181 *N
Site   339 dN/dS =      0.22942 Full Log(L) =    -31.24637 LRT =      3.75886 p-value =      0.02626 *N
Site   340 dN/dS =      1.00000 Full Log(L) =      0.00000 LRT =      0.00000 p-value =      1.00000
Site   341 dN/dS =      0.21422 Full Log(L) =    -21.64485 LRT =      4.23617 p-value =      0.01979 *N
Site   342 dN/dS =      0.74761 Full Log(L) =    -43.41560 LRT =      0.27840 p-value =      0.29888
Site   343 dN/dS =      1.00000 Full Log(L) =      0.00000 LRT =      0.00000 p-value =      1.00000
Site   344 dN/dS =      0.00000 Full Log(L) =    -33.78143 LRT =      8.40261 p-value =      0.00187 *N
Site   345 dN/dS =      1.00000 Full Log(L) =      0.00000 LRT =      0.00000 p-value =      1.00000
Site   346 dN/dS =      0.00000 Full Log(L) =    -28.65290 LRT =     11.04585 p-value =      0.00044 *N
Site   347 dN/dS =      1.00000 Full Log(L) =      0.00000 LRT =      0.00000 p-value =      1.00000
Site   348 dN/dS =      0.00000 Full Log(L) =     -8.38813 LRT =      7.06343 p-value =      0.00393 *N
Site   349 dN/dS =      0.00000 Full Log(L) =    -59.70607 LRT =     10.90541 p-value =      0.00048 *N
Site   350 dN/dS =      0.00000 Full Log(L) =     -5.76533 LRT =      9.55108 p-value =      0.00100 *N
Site   351 dN/dS =      0.00000 Full Log(L) =     -8.80037 LRT =      9.79630 p-value =      0.00087 *N
Site   352 dN/dS =      0.00000 Full Log(L) =    -34.25851 LRT =      9.55108 p-value =      0.00100 *N
Site   353 dN/dS =      0.00000 Full Log(L) =    -25.57925 LRT =     10.90552 p-value =      0.00048 *N
Site   354 dN/dS =      0.00000 Full Log(L) =    -10.71629 LRT =      6.97398 p-value =      0.00414 *N
Site   355 dN/dS =      0.00000 Full Log(L) =     -3.83930 LRT =      9.91577 p-value =      0.00082 *N
Site   356 dN/dS =      0.00000 Full Log(L) =     -4.69889 LRT =      9.19848 p-value =      0.00121 *N
Site   357 dN/dS =      0.00000 Full Log(L) =     -4.89170 LRT =      8.35513 p-value =      0.00192 *N
Site   358 dN/dS =      0.00000 Full Log(L) =    -29.89090 LRT =     10.90518 p-value =      0.00048 *N
Site   359 dN/dS =      0.00000 Full Log(L) =     -4.56959 LRT =      4.27650 p-value =      0.01932 *N
Site   360 dN/dS =      0.21702 Full Log(L) =    -37.94356 LRT =      4.14173 p-value =      0.02092 *N
Site   361 dN/dS =      0.00000 Full Log(L) =    -23.73792 LRT =     10.55743 p-value =      0.00058 *N
Site   362 dN/dS =      0.00000 Full Log(L) =     -4.04868 LRT =     12.55899 p-value =      0.00020 *N
Site   363 dN/dS =      2.26318 Full Log(L) =    -90.87718 LRT =      5.11775 p-value =      0.01184 *P
Site   364 dN/dS =      0.20776 Full Log(L) =    -15.37592 LRT =      4.46384 p-value =      0.01731 *N
Site   365 dN/dS =      0.00000 Full Log(L) =     -6.11234 LRT =     10.90552 p-value =      0.00048 *N
Site   366 dN/dS =      0.00000 Full Log(L) =     -4.56959 LRT =      4.27650 p-value =      0.01932 *N
Site   367 dN/dS =      0.00000 Full Log(L) =    -10.61586 LRT =      6.46801 p-value =      0.00549 *N
Site   368 dN/dS =      0.00000 Full Log(L) =     -6.11234 LRT =     10.90552 p-value =      0.00048 *N
Site   369 dN/dS =      0.28658 Full Log(L) =    -16.93431 LRT =      2.47164 p-value =      0.05796 *N
Site   370 dN/dS =      0.19729 Full Log(L) =    -35.01923 LRT =      4.87189 p-value =      0.01365 *N
Site   371 dN/dS =      0.00000 Full Log(L) =    -23.56718 LRT =      8.45690 p-value =      0.00182 *N
Site   372 dN/dS =      1.58355 Full Log(L) =    -46.73218 LRT =      0.72441 p-value =      0.19735
Site   373 dN/dS =      0.00000 Full Log(L) =    -11.13860 LRT =      8.35508 p-value =      0.00192 *N
Site   374 dN/dS =      0.55831 Full Log(L) =    -37.55372 LRT =      0.83021 p-value =      0.18111
Site   375 dN/dS =      0.21701 Full Log(L) =    -59.02961 LRT =      4.14181 p-value =      0.02092 *N
Site   376 dN/dS =      0.00000 Full Log(L) =    -31.94926 LRT =     10.56404 p-value =      0.00058 *N
Site   377 dN/dS =      0.20797 Full Log(L) =    -36.60054 LRT =      4.46135 p-value =      0.01734 *N
Site   378 dN/dS =      0.00000 Full Log(L) =     -5.58412 LRT =     10.55251 p-value =      0.00058 *N
Site   379 dN/dS =      0.00000 Full Log(L) =     -5.22870 LRT =      5.10244 p-value =      0.01195 *N
Site   380 dN/dS =      0.00000 Full Log(L) =     -5.76533 LRT =      9.55108 p-value =      0.00100 *N
Site   381 dN/dS =      0.00000 Full Log(L) =    -12.87035 LRT =      9.55108 p-value =      0.00100 *N
Site   382 dN/dS =      0.00000 Full Log(L) =    -11.03740 LRT =      9.61181 p-value =      0.00097 *N
Site   383 dN/dS =      0.00000 Full Log(L) =    -15.53042 LRT =      7.44066 p-value =      0.00319 *N
Site   384 dN/dS =      0.25135 Full Log(L) =    -19.58545 LRT =      3.17831 p-value =      0.03731 *N
Site   385 dN/dS =      0.00000 Full Log(L) =     -5.77237 LRT =     10.41012 p-value =      0.00063 *N
Site   386 dN/dS =      0.00000 Full Log(L) =    -31.83456 LRT =      8.29432 p-value =      0.00199 *N
Site   387 dN/dS =      0.00000 Full Log(L) =     -5.22870 LRT =      5.10244 p-value =      0.01195 *N
Site   388 dN/dS =      0.20911 Full Log(L) =    -14.82690 LRT =      4.41969 p-value =      0.01776 *N
Site   389 dN/dS =      0.20913 Full Log(L) =    -27.91718 LRT =      4.41903 p-value =      0.01777 *N
Site   390 dN/dS =      0.00000 Full Log(L) =    -11.97792 LRT =      7.61544 p-value =      0.00289 *N
Site   391 dN/dS =      0.20851 Full Log(L) =    -24.33244 LRT =      4.43953 p-value =      0.01756 *N
Site   392 dN/dS =      0.00000 Full Log(L) =     -5.22870 LRT =      5.10244 p-value =      0.01195 *N
Site   393 dN/dS =      0.26218 Full Log(L) =    -13.61598 LRT =      2.93754 p-value =      0.04327 *N
Site   394 dN/dS =      0.00000 Full Log(L) =    -14.30601 LRT =      8.35334 p-value =      0.00192 *N
Site   395 dN/dS =      0.18310 Full Log(L) =    -29.36354 LRT =      5.50768 p-value =      0.00947 *N
Site   396 dN/dS =      0.00000 Full Log(L) =    -25.79650 LRT =      7.94012 p-value =      0.00242 *N
Site   397 dN/dS =      0.00000 Full Log(L) =    -29.09623 LRT =      4.14633 p-value =      0.02086 *N
Site   398 dN/dS =      0.00000 Full Log(L) =    -21.61243 LRT =      8.35482 p-value =      0.00192 *N
Site   399 dN/dS =      0.59864 Full Log(L) =    -55.32955 LRT =      0.60974 p-value =      0.21744
Site   400 dN/dS =      0.00000 Full Log(L) =    -15.85464 LRT =      4.30410 p-value =      0.01901 *N
Site   401 dN/dS =      0.26216 Full Log(L) =    -33.23802 LRT =      2.93702 p-value =      0.04329 *N
Site   402 dN/dS =      0.36822 Full Log(L) =    -24.65678 LRT =      2.85659 p-value =      0.04550 *N
Site   403 dN/dS =      0.00000 Full Log(L) =     -4.39368 LRT =      7.94177 p-value =      0.00242 *N
Site   404 dN/dS =      0.00000 Full Log(L) =    -16.24334 LRT =      8.29432 p-value =      0.00199 *N
Site   405 dN/dS =      0.00000 Full Log(L) =    -22.73219 LRT =      8.35490 p-value =      0.00192 *N
Site   406 dN/dS =      0.65307 Full Log(L) =    -34.03743 LRT =      0.62728 p-value =      0.21418
Site   407 dN/dS =      0.00000 Full Log(L) =    -10.40418 LRT =      7.94170 p-value =      0.00242 *N
Site   408 dN/dS =      0.00000 Full Log(L) =    -24.11275 LRT =      6.97398 p-value =      0.00414 *N
Site   409 dN/dS =      0.00000 Full Log(L) =    -18.91299 LRT =      8.45708 p-value =      0.00182 *N
Site   410 dN/dS =      0.00000 Full Log(L) =    -26.61313 LRT =      5.10082 p-value =      0.01196 *N
Site   411 dN/dS =      0.00000 Full Log(L) =    -11.76487 LRT =      7.61543 p-value =      0.00289 *N
Site   412 dN/dS =      0.00000 Full Log(L) =    -18.94108 LRT =      9.18213 p-value =      0.00122 *N
Site   413 dN/dS =      0.00000 Full Log(L) =    -17.22091 LRT =      7.92757 p-value =      0.00243 *N
Site   414 dN/dS =      0.00000 Full Log(L) =    -10.19501 LRT =      9.18206 p-value =      0.00122 *N
Site   415 dN/dS =      0.00000 Full Log(L) =    -21.94676 LRT =      6.96122 p-value =      0.00416 *N
Site   416 dN/dS =      0.63438 Full Log(L) =    -22.51727 LRT =      0.48299 p-value =      0.24354
Site   417 dN/dS =      0.21741 Full Log(L) =    -27.30622 LRT =      4.12898 p-value =      0.02108 *N
Site   418 dN/dS =      0.23274 Full Log(L) =    -28.56183 LRT =      3.66350 p-value =      0.02781 *N
Site   419 dN/dS =      0.00000 Full Log(L) =    -17.12980 LRT =      9.18206 p-value =      0.00122 *N
Site   420 dN/dS =      0.00000 Full Log(L) =    -30.24838 LRT =     10.88480 p-value =      0.00048 *N
Site   421 dN/dS =      0.00000 Full Log(L) =    -10.53539 LRT =      9.75817 p-value =      0.00089 *N
Site   422 dN/dS =      0.79065 Full Log(L) =    -45.96380 LRT =      0.17823 p-value =      0.33645
Site   423 dN/dS =      0.00000 Full Log(L) =    -12.58724 LRT =      5.09366 p-value =      0.01201 *N
Site   424 dN/dS =      0.62617 Full Log(L) =    -25.56014 LRT =      0.76901 p-value =      0.19026
Site   425 dN/dS =      0.53924 Full Log(L) =    -37.37474 LRT =      0.94430 p-value =      0.16559
Site   426 dN/dS =      0.00000 Full Log(L) =    -12.77370 LRT =      9.18231 p-value =      0.00122 *N
Site   427 dN/dS =      0.00000 Full Log(L) =     -4.39139 LRT =      7.92769 p-value =      0.00243 *N
Site   428 dN/dS =      0.00000 Full Log(L) =    -11.50447 LRT =      6.45654 p-value =      0.00553 *N
Site   429 dN/dS =      0.00000 Full Log(L) =    -32.18634 LRT =      8.58017 p-value =      0.00170 *N
Site   430 dN/dS =      0.21746 Full Log(L) =    -23.27398 LRT =      4.12736 p-value =      0.02110 *N
Site   431 dN/dS =      0.00000 Full Log(L) =    -24.33609 LRT =      9.59469 p-value =      0.00098 *N
Site   432 dN/dS =      0.24125 Full Log(L) =    -33.05243 LRT =      3.43238 p-value =      0.03197 *N
Site   433 dN/dS =      0.00000 Full Log(L) =     -4.38603 LRT =      7.89466 p-value =      0.00248 *N
Site   434 dN/dS =      0.40564 Full Log(L) =    -20.00988 LRT =      2.23929 p-value =      0.06727 *N
Site   435 dN/dS =      0.00000 Full Log(L) =    -24.55828 LRT =      9.55474 p-value =      0.00100 *N
Site   436 dN/dS =      0.00000 Full Log(L) =    -29.55753 LRT =      7.39033 p-value =      0.00328 *N
Site   437 dN/dS =      0.47044 Full Log(L) =    -14.26247 LRT =      0.74127 p-value =      0.19463
Site   438 dN/dS =      0.00000 Full Log(L) =    -11.32062 LRT =      6.28994 p-value =      0.00607 *N
Site   439 dN/dS =      0.00000 Full Log(L) =    -11.71163 LRT =      6.42965 p-value =      0.00561 *N
Site   440 dN/dS =      0.00000 Full Log(L) =    -33.21679 LRT =      8.29141 p-value =      0.00199 *N
Site   441 dN/dS =      0.00000 Full Log(L) =    -50.51091 LRT =      9.46322 p-value =      0.00105 *N
Site   442 dN/dS =      0.00000 Full Log(L) =    -12.05810 LRT =      9.09149 p-value =      0.00128 *N
Site   443 dN/dS =      0.54447 Full Log(L) =    -40.33271 LRT =      0.91173 p-value =      0.16983
Site   444 dN/dS =      0.27263 Full Log(L) =    -31.36820 LRT =      2.72878 p-value =      0.04928 *N
Site   445 dN/dS =      0.00000 Full Log(L) =     -5.93910 LRT =      8.49536 p-value =      0.00178 *N
Site   446 dN/dS =      0.21157 Full Log(L) =    -33.60186 LRT =      4.33194 p-value =      0.01870 *N
Site   447 dN/dS =      0.00000 Full Log(L) =    -57.85733 LRT =      4.09841 p-value =      0.02146 *N
Site   448 dN/dS =      0.00000 Full Log(L) =    -28.92982 LRT =      9.09127 p-value =      0.00128 *N
Site   449 dN/dS =      0.00000 Full Log(L) =    -34.71442 LRT =      8.25747 p-value =      0.00203 *N
Site   450 dN/dS =      0.00000 Full Log(L) =    -11.62875 LRT =      5.04301 p-value =      0.01236 *N
Site   451 dN/dS =      0.00000 Full Log(L) =     -9.96394 LRT =      8.35836 p-value =      0.00192 *N
Site   452 dN/dS =      0.00000 Full Log(L) =    -15.94405 LRT =      8.19778 p-value =      0.00210 *N
Site   453 dN/dS =      0.00000 Full Log(L) =    -19.10832 LRT =      7.52657 p-value =      0.00304 *N
Site   454 dN/dS =      0.00000 Full Log(L) =    -30.85804 LRT =      9.49977 p-value =      0.00103 *N
Site   455 dN/dS =      0.00000 Full Log(L) =    -25.64122 LRT =      4.09755 p-value =      0.02147 *N
Site   456 dN/dS =      0.00000 Full Log(L) =    -13.32901 LRT =      8.19778 p-value =      0.00210 *N
Site   457 dN/dS =      0.00000 Full Log(L) =    -16.64634 LRT =      9.49981 p-value =      0.00103 *N
Site   458 dN/dS =      0.00000 Full Log(L) =     -5.81089 LRT =      6.25334 p-value =      0.00620 *N
Site   459 dN/dS =      0.00000 Full Log(L) =     -4.68388 LRT =      9.09138 p-value =      0.00128 *N
Site   460 dN/dS =      0.00000 Full Log(L) =     -4.04868 LRT =     12.41281 p-value =      0.00021 *N
Site   461 dN/dS =      0.24191 Full Log(L) =    -14.43793 LRT =      3.41196 p-value =      0.03236 *N
Site   462 dN/dS =      0.00000 Full Log(L) =    -17.88861 LRT =      7.84919 p-value =      0.00254 *N
Site   463 dN/dS =      0.00000 Full Log(L) =    -62.96462 LRT =      4.09863 p-value =      0.02146 *N
Site   464 dN/dS =      0.00000 Full Log(L) =    -10.61816 LRT =      6.89284 p-value =      0.00433 *N
Site   465 dN/dS =      0.00000 Full Log(L) =     -4.68388 LRT =      9.09138 p-value =      0.00128 *N
Site   466 dN/dS =      0.50942 Full Log(L) =    -20.10694 LRT =      1.14688 p-value =      0.14210
Site   467 dN/dS =      0.24356 Full Log(L) =    -27.95175 LRT =      3.37298 p-value =      0.03314 *N
Site   468 dN/dS =      1.02374 Full Log(L) =    -52.08994 LRT =      0.00217 p-value =      0.48143
Site   469 dN/dS =      0.00000 Full Log(L) =    -16.50459 LRT =      7.84926 p-value =      0.00254 *N
Site   470 dN/dS =      0.79609 Full Log(L) =    -31.55033 LRT =      0.11179 p-value =      0.36906
Site   471 dN/dS =      0.00000 Full Log(L) =    -29.83302 LRT =      4.10019 p-value =      0.02144 *N
Site   472 dN/dS =      0.00000 Full Log(L) =    -39.84160 LRT =     10.00129 p-value =      0.00078 *N
Site   473 dN/dS =      0.00000 Full Log(L) =    -11.79181 LRT =      9.09136 p-value =      0.00128 *N
Site   474 dN/dS =      0.00000 Full Log(L) =     -4.87393 LRT =      8.25782 p-value =      0.00203 *N
Site   475 dN/dS =      0.00000 Full Log(L) =    -21.85841 LRT =      9.43993 p-value =      0.00106 *N
Site   476 dN/dS =      0.00000 Full Log(L) =    -11.35268 LRT =      9.09144 p-value =      0.00128 *N
Site   477 dN/dS =      0.00000 Full Log(L) =     -5.17915 LRT =      9.49998 p-value =      0.00103 *N
Site   478 dN/dS =      0.32198 Full Log(L) =    -21.66688 LRT =      3.87381 p-value =      0.02452 *N
Site   479 dN/dS =      0.00000 Full Log(L) =    -32.63910 LRT =     10.77836 p-value =      0.00051 *N
Site   480 dN/dS =      0.00000 Full Log(L) =    -11.81466 LRT =      8.25780 p-value =      0.00203 *N
Site   481 dN/dS =      0.00000 Full Log(L) =    -37.33687 LRT =     10.77859 p-value =      0.00051 *N
Site   482 dN/dS =      0.00000 Full Log(L) =    -22.49943 LRT =      8.69721 p-value =      0.00159 *N
Site   483 dN/dS =      0.00000 Full Log(L) =     -5.97092 LRT =      6.89305 p-value =      0.00433 *N
Site   484 dN/dS =      0.00000 Full Log(L) =    -11.48899 LRT =      7.84925 p-value =      0.00254 *N
Site   485 dN/dS =      0.00000 Full Log(L) =     -3.83523 LRT =      9.80029 p-value =      0.00087 *N
Site   486 dN/dS =      0.00000 Full Log(L) =    -37.54953 LRT =      6.39271 p-value =      0.00573 *N
Site   487 dN/dS =      0.00000 Full Log(L) =    -10.91265 LRT =      8.35860 p-value =      0.00192 *N
Site   488 dN/dS =      0.00000 Full Log(L) =    -10.79451 LRT =      7.84922 p-value =      0.00254 *N
Site   489 dN/dS =      0.00000 Full Log(L) =    -12.02496 LRT =      8.69733 p-value =      0.00159 *N
Site   490 dN/dS =      0.42113 Full Log(L) =    -18.62497 LRT =      2.02877 p-value =      0.07717 *N
Site   491 dN/dS =      0.00000 Full Log(L) =     -4.87393 LRT =      8.25782 p-value =      0.00203 *N
Site   492 dN/dS =      1.06481 Full Log(L) =    -64.47618 LRT =      0.01921 p-value =      0.44488
Site   493 dN/dS =      0.00000 Full Log(L) =    -18.35196 LRT =      8.69732 p-value =      0.00159 *N
Site   494 dN/dS =      0.20354 Full Log(L) =    -12.43529 LRT =      4.62026 p-value =      0.01580 *N
Site   495 dN/dS =      0.19172 Full Log(L) =    -26.13784 LRT =      5.10926 p-value =      0.01190 *N
Site   496 dN/dS =      0.31969 Full Log(L) =    -15.98756 LRT =      1.96868 p-value =      0.08029 *N
Site   497 dN/dS =      0.00000 Full Log(L) =    -29.10137 LRT =      7.92551 p-value =      0.00244 *N
Site   498 dN/dS =      0.20673 Full Log(L) =    -22.39805 LRT =      4.50284 p-value =      0.01692 *N
Site   499 dN/dS =      0.00000 Full Log(L) =     -4.87393 LRT =      8.25782 p-value =      0.00203 *N
Site   500 dN/dS =      0.19142 Full Log(L) =    -40.22042 LRT =      5.12244 p-value =      0.01181 *N
Site   501 dN/dS =      0.00000 Full Log(L) =    -21.14511 LRT =      8.19778 p-value =      0.00210 *N
Site   502 dN/dS =      0.00000 Full Log(L) =    -12.18336 LRT =      6.39271 p-value =      0.00573 *N
Site   503 dN/dS =      1.06584 Full Log(L) =    -56.82818 LRT =      0.01977 p-value =      0.44409
Site   504 dN/dS =      0.00000 Full Log(L) =    -17.58672 LRT =      8.35855 p-value =      0.00192 *N
Site   505 dN/dS =      2.44389 Full Log(L) =    -81.44155 LRT =      6.59978 p-value =      0.00510 *P
Site   506 dN/dS =      0.23506 Full Log(L) =    -42.06785 LRT =      3.59854 p-value =      0.02892 *N
Site   507 dN/dS =      0.00000 Full Log(L) =    -17.41073 LRT =      6.39271 p-value =      0.00573 *N
Site   508 dN/dS =      0.00000 Full Log(L) =    -20.99004 LRT =      9.90667 p-value =      0.00082 *N
Site   509 dN/dS =      0.21019 Full Log(L) =    -24.42228 LRT =      4.37678 p-value =      0.01822 *N
Site   510 dN/dS =      0.00000 Full Log(L) =    -10.17984 LRT =      9.09126 p-value =      0.00128 *N
Site   511 dN/dS =      0.00000 Full Log(L) =    -12.85430 LRT =      9.43993 p-value =      0.00106 *N
Site   512 dN/dS =      0.00000 Full Log(L) =    -37.34975 LRT =      3.95980 p-value =      0.02330 *N
Site   513 dN/dS =      0.00000 Full Log(L) =    -10.63855 LRT =      8.25775 p-value =      0.00203 *N
Site   514 dN/dS =      0.00000 Full Log(L) =    -16.75284 LRT =      8.25770 p-value =      0.00203 *N
Site   515 dN/dS =      0.00000 Full Log(L) =    -44.46184 LRT =      8.65168 p-value =      0.00163 *N
Site   516 dN/dS =      0.28988 Full Log(L) =    -39.59134 LRT =      2.41506 p-value =      0.06009 *N
Site   517 dN/dS =      0.39635 Full Log(L) =    -23.93730 LRT =      1.19000 p-value =      0.13766
Site   518 dN/dS =      0.26527 Full Log(L) =    -25.57975 LRT =      2.87222 p-value =      0.04506 *N
Site   519 dN/dS =      0.50955 Full Log(L) =    -70.90325 LRT =      1.14542 p-value =      0.14225
Site   520 dN/dS =      0.19120 Full Log(L) =    -26.87451 LRT =      5.13053 p-value =      0.01175 *N
Site   521 dN/dS =      0.70763 Full Log(L) =    -28.77382 LRT =      0.40191 p-value =      0.26305
Site   522 dN/dS =      0.00000 Full Log(L) =    -12.75102 LRT =      9.09151 p-value =      0.00128 *N
Site   523 dN/dS =      0.00000 Full Log(L) =    -41.02661 LRT =      4.28814 p-value =      0.01919 *N
Site   524 dN/dS =      0.25425 Full Log(L) =    -27.25998 LRT =      3.11059 p-value =      0.03889 *N
Site   525 dN/dS =      0.31931 Full Log(L) =    -20.44767 LRT =      1.97363 p-value =      0.08003 *N
Site   526 dN/dS =      0.74461 Full Log(L) =    -70.33288 LRT =      0.38275 p-value =      0.26807
Site   527 dN/dS =      0.00000 Full Log(L) =    -12.39471 LRT =      6.39271 p-value =      0.00573 *N
Site   528 dN/dS =      0.00000 Full Log(L) =     -4.37866 LRT =      7.84927 p-value =      0.00254 *N
Site   529 dN/dS =      0.84436 Full Log(L) =    -46.67965 LRT =      0.12048 p-value =      0.36426
Site   530 dN/dS =      0.00000 Full Log(L) =     -4.56959 LRT =      4.22677 p-value =      0.01990 *N
Site   531 dN/dS =      0.26530 Full Log(L) =    -14.96818 LRT =      2.87162 p-value =      0.04508 *N
Site   532 dN/dS =      0.97786 Full Log(L) =    -44.17694 LRT =      0.00101 p-value =      0.48735
Site   533 dN/dS =      0.00000 Full Log(L) =     -4.56959 LRT =      4.22677 p-value =      0.01990 *N
Site   534 dN/dS =      0.00000 Full Log(L) =     -5.49709 LRT =      7.52679 p-value =      0.00304 *N
Site   535 dN/dS =      0.00000 Full Log(L) =     -6.67943 LRT =      7.08511 p-value =      0.00389 *N
Site   536 dN/dS =      0.00000 Full Log(L) =     -5.62750 LRT =      6.89302 p-value =      0.00433 *N
Site   537 dN/dS =      0.00000 Full Log(L) =     -6.61478 LRT =      9.43993 p-value =      0.00106 *N
Site   538 dN/dS =      1.43947 Full Log(L) =    -52.72391 LRT =      0.81875 p-value =      0.18277
Site   539 dN/dS =      0.31961 Full Log(L) =    -25.72359 LRT =      1.96963 p-value =      0.08024 *N
Site   540 dN/dS =      0.00000 Full Log(L) =    -12.71845 LRT =      8.69734 p-value =      0.00159 *N
Site   541 dN/dS =      0.28988 Full Log(L) =    -15.19733 LRT =      2.41526 p-value =      0.06008 *N
Site   542 dN/dS =      0.00000 Full Log(L) =    -32.94374 LRT =      4.26564 p-value =      0.01945 *N
Site   543 dN/dS =      0.27178 Full Log(L) =    -29.58875 LRT =      2.74545 p-value =      0.04877 *N
Site   544 dN/dS =      0.00000 Full Log(L) =     -5.77855 LRT =      8.69735 p-value =      0.00159 *N
Site   545 dN/dS =      0.47067 Full Log(L) =    -21.58945 LRT =      1.47726 p-value =      0.11210
Site   546 dN/dS =      1.49841 Full Log(L) =    -48.15651 LRT =      0.99946 p-value =      0.15872
Site   547 dN/dS =      0.00000 Full Log(L) =    -14.30667 LRT =      4.26626 p-value =      0.01944 *N
Site   548 dN/dS =      0.00000 Full Log(L) =    -16.74297 LRT =      4.25901 p-value =      0.01952 *N
Site   549 dN/dS =      0.00000 Full Log(L) =    -11.83749 LRT =     10.77788 p-value =      0.00051 *N
Site   550 dN/dS =      0.58050 Full Log(L) =    -28.13520 LRT =      0.71247 p-value =      0.19931
Site   551 dN/dS =      0.26556 Full Log(L) =    -43.09678 LRT =      2.86455 p-value =      0.04528 *N
Site   552 dN/dS =      0.16105 Full Log(L) =    -12.72901 LRT =      6.74132 p-value =      0.00471 *N
Site   553 dN/dS =      0.00000 Full Log(L) =     -4.56959 LRT =      4.22105 p-value =      0.01996 *N
Site   554 dN/dS =      0.21203 Full Log(L) =    -37.22328 LRT =      4.31578 p-value =      0.01888 *N
Site   555 dN/dS =      0.00000 Full Log(L) =     -6.11850 LRT =      8.67989 p-value =      0.00161 *N
Site   556 dN/dS =      0.00000 Full Log(L) =     -5.21112 LRT =      5.03292 p-value =      0.01243 *N
Site   557 dN/dS =      0.51069 Full Log(L) =    -82.71075 LRT =      1.13686 p-value =      0.14316
Site   558 dN/dS =      0.00000 Full Log(L) =     -6.42936 LRT =     10
Check messages.log details of this run.
.75692 p-value =      0.00052 *N
Site   559 dN/dS =      0.24222 Full Log(L) =    -19.79836 LRT =      3.40386 p-value =      0.03252 *N
Site   560 dN/dS =      0.00000 Full Log(L) =    -11.73903 LRT =      7.51164 p-value =      0.00307 *N
Site   561 dN/dS =      0.40033 Full Log(L) =    -47.39662 LRT =      2.31885 p-value =      0.06391 *N
Site   562 dN/dS =      0.00000 Full Log(L) =     -6.09625 LRT =      8.56744 p-value =      0.00171 *N
Site   563 dN/dS =      0.24536 Full Log(L) =    -25.31675 LRT =      3.32425 p-value =      0.03413 *N
Site   564 dN/dS =      0.00000 Full Log(L) =     -5.47097 LRT =      7.41431 p-value =      0.00324 *N
Site   565 dN/dS =      0.23323 Full Log(L) =    -16.58759 LRT =      3.65181 p-value =      0.02800 *N
Site   566 dN/dS =      0.00000 Full Log(L) =     -5.47097 LRT =      7.41431 p-value =      0.00324 *N


Wall-clock run-time (seconds): 1412797714
Process time on the master node: 13088.214902
MPI nodes used: 0

Wall-clock time per site (seconds): 2660635.996233521
