
Check messages.log details of this run.
____________
106 species:{CY001184,CY003144,EU514637,CY000281,CY000529,CY000321,CY000289,CY000209,CY000201,CY001437,CY001333,EU501154,CY001237,CY003152,CY000297,CY091109,CY112941,CY091101,CY003096,CY001104,CY001736,EU514628,CY000113,CY013805,CY003160,CY003168,CY000793,CY001197,CY002328,CY000185,CY003080,EU514645,AB434107,EU514643,EU514640,CY000585,CY000584,AB434108,CY003176,CY000941,CY000625,CY001168,CY000273,CY001072,CY000933,CY003104,CY000409,CY000401,EU514622,CY003200,CY000569,CY003184,CY091093,EF670487,CY000481,CY000489,CY000241,CY001720,CY003112,CY003208,CY000925,CY000417,EU514636,EU514635,EU514634,EU514633,EU514632,EU514631,EU514630,CY000313,CY000553,CY003192,CY001944,CY000497,CY001309,CY001261,CY001301,CY001144,CY000393,CY001429,CY003123,CY003120,CY000425,CY000545,CY000305,CY000225,CY001152,CY001317,CY000385,CY003136,CY003777,EU514617,CY003424,EU514629,CY002128,CY000433,CY114341,CY001728,CY000537,EU514619,EU514618,CY000337,CY000233,CY003088,CY001080,CY001128};
Total Sites:1698;
Distinct Sites:144

Phase 1:Nucleotide Model (010010) Model Fit


-3827.54173769679

Phase 2:MG94x(010010) Model Fit



Phase 3:Estimating dN/dS


Nuc->codon scaling factor:1.8466063202563
Raw scaling factor:1.8466063202563
Tree scaling factor(S): 1

Using dN/dS=0.3618537051020321
Codon model:-3749.20336019703

Phase 4: Ancestral State Reconstruction and Counting

<<Significance level for Likelihood Ratio Tests (permissible range = [0,1], default value = 0.1)>>Site     1 dN/dS =      0.00000 Full Log(L) =     -4.04346 LRT =      1.08328 p-value =      0.14898
Site     2 dN/dS =      0.00000 Full Log(L) =     -3.84615 LRT =      0.69635 p-value =      0.20201
Site     3 dN/dS =      2.80108 Full Log(L) =    -11.20863 LRT =      0.77135 p-value =      0.18990
Site     4 dN/dS =      0.00000 Full Log(L) =     -4.06123 LRT =      0.66527 p-value =      0.20735
Site     5 dN/dS =      0.00000 Full Log(L) =     -3.98375 LRT =      0.66527 p-value =      0.20735
Site     6 dN/dS =      0.00000 Full Log(L) =     -4.55964 LRT =      0.81670 p-value =      0.18307
Site     7 dN/dS =      0.00000 Full Log(L) =    -16.80092 LRT =      0.36563 p-value =      0.27270
Site     8 dN/dS =      0.00000 Full Log(L) =     -4.14916 LRT =      0.89790 p-value =      0.17167
Site     9 dN/dS =      0.00000 Full Log(L) =     -3.99038 LRT =      0.57510 p-value =      0.22412
Site    10 dN/dS =      0.00000 Full Log(L) =     -3.98375 LRT =      0.66527 p-value =      0.20735
Site    11 dN/dS =      0.00000 Full Log(L) =     -4.13808 LRT =      0.34175 p-value =      0.27941
Site    12 dN/dS =      0.00000 Full Log(L) =    -16.43661 LRT =      0.76788 p-value =      0.19044
Site    13 dN/dS =      0.00000 Full Log(L) =    -10.77862 LRT =      0.35235 p-value =      0.27639
Site    14 dN/dS =      0.00000 Full Log(L) =     -4.27337 LRT =      0.74330 p-value =      0.19430
Site    15 dN/dS =      3.31390 Full Log(L) =    -10.09712 LRT =      0.99690 p-value =      0.15903
Site    16 dN/dS =      0.00000 Full Log(L) =     -4.55964 LRT =      0.81670 p-value =      0.18307
Site    17 dN/dS =      1.00000 Full Log(L) =      0.00000 LRT =      0.00000 p-value =      1.00000
Site    18 dN/dS =      2.28669 Full Log(L) =    -10.47482 LRT =      0.52623 p-value =      0.23410
Site    19 dN/dS =      2.45673 Full Log(L) =    -11.20566 LRT =      0.61006 p-value =      0.21738
Site    20 dN/dS =      1.00000 Full Log(L) =      0.00000 LRT =      0.00000 p-value =      1.00000
Site    21 dN/dS =      1.74135 Full Log(L) =    -11.22230 LRT =      0.25700 p-value =      0.30610
Site    22 dN/dS =      0.00000 Full Log(L) =    -10.66490 LRT =      0.91924 p-value =      0.16884
Site    23 dN/dS =      1.00000 Full Log(L) =      0.00000 LRT =      0.00000 p-value =      1.00000
Site    24 dN/dS =      1.00000 Full Log(L) =      0.00000 LRT =      0.00000 p-value =      1.00000
Site    25 dN/dS =      1.00000 Full Log(L) =      0.00000 LRT =      0.00000 p-value =      1.00000
Site    26 dN/dS =      2.18759 Full Log(L) =    -18.45191 LRT =      0.47805 p-value =      0.24465
Site    27 dN/dS =      0.00000 Full Log(L) =    -17.34985 LRT =      1.03210 p-value =      0.15483
Site    28 dN/dS =      0.00000 Full Log(L) =    -10.24849 LRT =      0.90519 p-value =      0.17070
Site    29 dN/dS =      0.00000 Full Log(L) =    -13.63026 LRT =      0.45619 p-value =      0.24970
Site    30 dN/dS =      1.00000 Full Log(L) =      0.00000 LRT =      0.00000 p-value =      1.00000
Site    31 dN/dS =      4.42788 Full Log(L) =    -11.73218 LRT =      1.42200 p-value =      0.11654
Site    32 dN/dS =      1.00000 Full Log(L) =      0.00000 LRT =      0.00000 p-value =      1.00000
Site    33 dN/dS =      0.00000 Full Log(L) =    -22.90022 LRT =      0.92416 p-value =      0.16819
Site    34 dN/dS =      1.00000 Full Log(L) =      0.00000 LRT =      0.00000 p-value =      1.00000
Site    35 dN/dS =      1.00000 Full Log(L) =      0.00000 LRT =      0.00000 p-value =      1.00000
Site    36 dN/dS =      1.00000 Full Log(L) =      0.00000 LRT =      0.00000 p-value =      1.00000
Site    37 dN/dS =      1.00000 Full Log(L) =      0.00000 LRT =      0.00000 p-value =      1.00000
Site    38 dN/dS =      1.00000 Full Log(L) =      0.00000 LRT =      0.00000 p-value =      1.00000
Site    39 dN/dS =      1.00000 Full Log(L) =      0.00000 LRT =      0.00000 p-value =      1.00000
Site    40 dN/dS =      1.00000 Full Log(L) =      0.00000 LRT =      0.00000 p-value =      1.00000
Site    41 dN/dS =      1.00000 Full Log(L) =      0.00000 LRT =      0.00000 p-value =      1.00000
Site    42 dN/dS =      1.00000 Full Log(L) =      0.00000 LRT =      0.00000 p-value =      1.00000
Site    43 dN/dS =      1.00000 Full Log(L) =      0.00000 LRT =      0.00000 p-value =      1.00000
Site    44 dN/dS =      1.00000 Full Log(L) =      0.00000 LRT =      0.00000 p-value =      1.00000
Site    45 dN/dS =      1.00000 Full Log(L) =      0.00000 LRT =      0.00000 p-value =      1.00000
Site    46 dN/dS =      1.00000 Full Log(L) =      0.00000 LRT =      0.00000 p-value =      1.00000
Site    47 dN/dS =      1.00000 Full Log(L) =      0.00000 LRT =      0.00000 p-value =      1.00000
Site    48 dN/dS =      1.00000 Full Log(L) =      0.00000 LRT =      0.00000 p-value =      1.00000
Site    49 dN/dS =      0.00000 Full Log(L) =    -10.19125 LRT =      0.54688 p-value =      0.22980
Site    50 dN/dS =      1.00000 Full Log(L) =      0.00000 LRT =      0.00000 p-value =      1.00000
Site    51 dN/dS =      1.00000 Full Log(L) =      0.00000 LRT =      0.00000 p-value =      1.00000
Site    52 dN/dS =      0.00000 Full Log(L) =    -10.60277 LRT =      0.93933 p-value =      0.16622
Site    53 dN/dS =      0.00000 Full Log(L) =    -11.37784 LRT =      0.90519 p-value =      0.17070
Site    54 dN/dS =      1.00000 Full Log(L) =      0.00000 LRT =      0.00000 p-value =      1.00000
Site    55 dN/dS =      1.00000 Full Log(L) =      0.00000 LRT =      0.00000 p-value =      1.00000
Site    56 dN/dS =      1.00000 Full Log(L) =      0.00000 LRT =      0.00000 p-value =      1.00000
Site    57 dN/dS =      0.00000 Full Log(L) =     -9.67707 LRT =      1.00680 p-value =      0.15784
Site    58 dN/dS =      1.00000 Full Log(L) =      0.00000 LRT =      0.00000 p-value =      1.00000
Site    59 dN/dS =      1.00000 Full Log(L) =      0.00000 LRT =      0.00000 p-value =      1.00000
Site    60 dN/dS =      1.00000 Full Log(L) =      0.00000 LRT =      0.00000 p-value =      1.00000
Site    61 dN/dS =      5.43937 Full Log(L) =    -21.00182 LRT =      5.23520 p-value =      0.01107 *P
Site    62 dN/dS =      0.00000 Full Log(L) =    -10.62835 LRT =      0.78589 p-value =      0.18767
Site    63 dN/dS =      1.00000 Full Log(L) =      0.00000 LRT =      0.00000 p-value =      1.00000
Site    64 dN/dS =      4.45364 Full Log(L) =    -14.27614 LRT =      2.85883 p-value =      0.04544 *P
Site    65 dN/dS =      5.20136 Full Log(L) =    -19.91728 LRT =      5.01993 p-value =      0.01253 *P
Site    66 dN/dS =      1.00000 Full Log(L) =      0.00000 LRT =      0.00000 p-value =      1.00000
Site    67 dN/dS =      1.00000 Full Log(L) =      0.00000 LRT =      0.00000 p-value =      1.00000
Site    68 dN/dS =      1.00000 Full Log(L) =      0.00000 LRT =      0.00000 p-value =      1.00000
Site    69 dN/dS =      1.92151 Full Log(L) =     -9.89700 LRT =      0.34576 p-value =      0.27826
Site    70 dN/dS =      1.77206 Full Log(L) =     -9.77335 LRT =      0.27198 p-value =      0.30100
Site    71 dN/dS =      1.00000 Full Log(L) =      0.00000 LRT =      0.00000 p-value =      1.00000
Site    72 dN/dS =      0.00000 Full Log(L) =    -11.42018 LRT =      0.92427 p-value =      0.16818
Site    73 dN/dS =      1.00000 Full Log(L) =      0.00000 LRT =      0.00000 p-value =      1.00000
Site    74 dN/dS =      1.00000 Full Log(L) =      0.00000 LRT =      0.00000 p-value =      1.00000
Site    75 dN/dS =      1.00000 Full Log(L) =      0.00000 LRT =      0.00000 p-value =      1.00000
Site    76 dN/dS =      1.00000 Full Log(L) =      0.00000 LRT =      0.00000 p-value =      1.00000
Site    77 dN/dS =      1.00000 Full Log(L) =      0.00000 LRT =      0.00000 p-value =      1.00000
Site    78 dN/dS =      1.00000 Full Log(L) =      0.00000 LRT =      0.00000 p-value =      1.00000
Site    79 dN/dS =      0.00000 Full Log(L) =     -9.57748 LRT =      0.91921 p-value =      0.16884
Site    80 dN/dS =      1.00000 Full Log(L) =      0.00000 LRT =      0.00000 p-value =      1.00000
Site    81 dN/dS =      1.00000 Full Log(L) =      0.00000 LRT =      0.00000 p-value =      1.00000
Site    82 dN/dS =      1.00000 Full Log(L) =      0.00000 LRT =      0.00000 p-value =      1.00000
Site    83 dN/dS =      1.00000 Full Log(L) =      0.00000 LRT =      0.00000 p-value =      1.00000
Site    84 dN/dS =      1.00000 Full Log(L) =      0.00000 LRT =      0.00000 p-value =      1.00000
Site    85 dN/dS =      1.00000 Full Log(L) =      0.00000 LRT =      0.00000 p-value =      1.00000
Site    86 dN/dS =      1.00000 Full Log(L) =      0.00000 LRT =      0.00000 p-value =      1.00000
Site    87 dN/dS =      0.00000 Full Log(L) =    -17.52011 LRT =      0.46229 p-value =      0.24828
Site    88 dN/dS =      1.00000 Full Log(L) =      0.00000 LRT =      0.00000 p-value =      1.00000
Site    89 dN/dS =      1.00000 Full Log(L) =      0.00000 LRT =      0.00000 p-value =      1.00000
Site    90 dN/dS =      1.00000 Full Log(L) =      0.00000 LRT =      0.00000 p-value =      1.00000
Site    91 dN/dS =      1.00000 Full Log(L) =      0.00000 LRT =      0.00000 p-value =      1.00000
Site    92 dN/dS =      1.00000 Full Log(L) =      0.00000 LRT =      0.00000 p-value =      1.00000
Site    93 dN/dS =      1.00000 Full Log(L) =      0.00000 LRT =      0.00000 p-value =      1.00000
Site    94 dN/dS =      1.00000 Full Log(L) =      0.00000 LRT =      0.00000 p-value =      1.00000
Site    95 dN/dS =      1.00000 Full Log(L) =      0.00000 LRT =      0.00000 p-value =      1.00000
Site    96 dN/dS =      0.00000 Full Log(L) =    -10.05306 LRT =      0.54687 p-value =      0.22980
Site    97 dN/dS =      1.00000 Full Log(L) =      0.00000 LRT =      0.00000 p-value =      1.00000
Site    98 dN/dS =      1.00000 Full Log(L) =      0.00000 LRT =      0.00000 p-value =      1.00000
Site    99 dN/dS =      1.00000 Full Log(L) =      0.00000 LRT =      0.00000 p-value =      1.00000
Site   100 dN/dS =      1.00000 Full Log(L) =      0.00000 LRT =      0.00000 p-value =      1.00000
Site   101 dN/dS =      1.91854 Full Log(L) =    -10.74760 LRT =      0.34429 p-value =      0.27868
Site   102 dN/dS =      1.00000 Full Log(L) =      0.00000 LRT =      0.00000 p-value =      1.00000
Site   103 dN/dS =      1.00000 Full Log(L) =      0.00000 LRT =      0.00000 p-value =      1.00000
Site   104 dN/dS =      1.00000 Full Log(L) =      0.00000 LRT =      0.00000 p-value =      1.00000
Site   105 dN/dS =      1.00000 Full Log(L) =      0.00000 LRT =      0.00000 p-value =      1.00000
Site   106 dN/dS =      1.00000 Full Log(L) =      0.00000 LRT =      0.00000 p-value =      1.00000
Site   107 dN/dS =      1.00000 Full Log(L) =      0.00000 LRT =      0.00000 p-value =      1.00000
Site   108 dN/dS =      2.28660 Full Log(L) =    -10.09568 LRT =      0.52621 p-value =      0.23410
Site   109 dN/dS =      1.00000 Full Log(L) =      0.00000 LRT =      0.00000 p-value =      1.00000
Site   110 dN/dS =      0.00000 Full Log(L) =    -10.32129 LRT =      0.72675 p-value =      0.19697
Site   111 dN/dS =      1.00000 Full Log(L) =      0.00000 LRT =      0.00000 p-value =      1.00000
Site   112 dN/dS =      1.00000 Full Log(L) =      0.00000 LRT =      0.00000 p-value =      1.00000
Site   113 dN/dS =      1.00000 Full Log(L) =      0.00000 LRT =      0.00000 p-value =      1.00000
Site   114 dN/dS =      1.00000 Full Log(L) =      0.00000 LRT =      0.00000 p-value =      1.00000
Site   115 dN/dS =      1.00000 Full Log(L) =      0.00000 LRT =      0.00000 p-value =      1.00000
Site   116 dN/dS =      1.00000 Full Log(L) =      0.00000 LRT =      0.00000 p-value =      1.00000
Site   117 dN/dS =      1.00000 Full Log(L) =      0.00000 LRT =      0.00000 p-value =      1.00000
Site   118 dN/dS =      0.00000 Full Log(L) =    -10.24026 LRT =      0.93933 p-value =      0.16622
Site   119 dN/dS =      1.00000 Full Log(L) =      0.00000 LRT =      0.00000 p-value =      1.00000
Site   120 dN/dS =      1.00000 Full Log(L) =      0.00000 LRT =      0.00000 p-value =      1.00000
Site   121 dN/dS =      1.00000 Full Log(L) =      0.00000 LRT =      0.00000 p-value =      1.00000
Site   122 dN/dS =      0.00000 Full Log(L) =    -11.38287 LRT =      0.93933 p-value =      0.16622
Site   123 dN/dS =      1.00000 Full Log(L) =      0.00000 LRT =      0.00000 p-value =      1.00000
Site   124 dN/dS =      1.00000 Full Log(L) =      0.00000 LRT =      0.00000 p-value =      1.00000
Site   125 dN/dS =      1.00000 Full Log(L) =      0.00000 LRT =      0.00000 p-value =      1.00000
Site   126 dN/dS =      1.00000 Full Log(L) =      0.00000 LRT =      0.00000 p-value =      1.00000
Site   127 dN/dS =      1.00000 Full Log(L) =      0.00000 LRT =      0.00000 p-value =      1.00000
Site   128 dN/dS =      1.00000 Full Log(L) =      0.00000 LRT =      0.00000 p-value =      1.00000
Site   129 dN/dS =      1.00000 Full Log(L) =      0.00000 LRT =      0.00000 p-value =      1.00000
Site   130 dN/dS =      0.00000 Full Log(L) =    -10.49727 LRT =      0.70472 p-value =      0.20060
Site   131 dN/dS =      1.00000 Full Log(L) =      0.00000 LRT =      0.00000 p-value =      1.00000
Site   132 dN/dS =      1.00000 Full Log(L) =      0.00000 LRT =      0.00000 p-value =      1.00000
Site   133 dN/dS =      0.00000 Full Log(L) =     -8.84902 LRT =      0.90519 p-value =      0.17070
Site   134 dN/dS =      1.00000 Full Log(L) =      0.00000 LRT =      0.00000 p-value =      1.00000
Site   135 dN/dS =      0.00000 Full Log(L) =    -10.22216 LRT =      1.00682 p-value =      0.15783
Site   136 dN/dS =      1.00000 Full Log(L) =      0.00000 LRT =      0.00000 p-value =      1.00000
Site   137 dN/dS =      1.00000 Full Log(L) =      0.00000 LRT =      0.00000 p-value =      1.00000
Site   138 dN/dS =      2.18517 Full Log(L) =     -9.71480 LRT =      0.47647 p-value =      0.24501
Site   139 dN/dS =      1.00000 Full Log(L) =      0.00000 LRT =      0.00000 p-value =      1.00000
Site   140 dN/dS =      1.00000 Full Log(L) =      0.00000 LRT =      0.00000 p-value =      1.00000
Site   141 dN/dS =      1.00000 Full Log(L) =      0.00000 LRT =      0.00000 p-value =      1.00000
Site   142 dN/dS =      1.00000 Full Log(L) =      0.00000 LRT =      0.00000 p-value =      1.00000
Site   143 dN/dS =      1.00000 Full Log(L) =      0.00000 LRT =      0.00000 p-value =      1.00000
Site   144 dN/dS =      1.00000 Full Log(L) =      0.00000 LRT =      0.00000 p-value =      1.00000
Site   145 dN/dS =      1.00000 Full Log(L) =      0.00000 LRT =      0.00000 p-value =      1.00000
Site   146 dN/dS =      1.00000 Full Log(L) =      0.00000 LRT =      0.00000 p-value =      1.00000
Site   147 dN/dS =      1.00000 Full Log(L) =      0.00000 LRT =      0.00000 p-value =      1.00000
Site   148 dN/dS =      1.00000 Full Log(L) =      0.00000 LRT =      0.00000 p-value =      1.00000
Site   149 dN/dS =      1.00000 Full Log(L) =      0.00000 LRT =      0.00000 p-value =      1.00000
Site   150 dN/dS =      0.00000 Full Log(L) =     -9.74706 LRT =      1.15489 p-value =      0.14126
Site   151 dN/dS =      1.00000 Full Log(L) =      0.00000 LRT =      0.00000 p-value =      1.00000
Site   152 dN/dS =      1.00000 Full Log(L) =      0.00000 LRT =      0.00000 p-value =      1.00000
Site   153 dN/dS =      2.55591 Full Log(L) =    -10.64081 LRT =      0.65743 p-value =      0.20873
Site   154 dN/dS =      1.00000 Full Log(L) =      0.00000 LRT =      0.00000 p-value =      1.00000
Site   155 dN/dS =      1.00000 Full Log(L) =      0.00000 LRT =      0.00000 p-value =      1.00000
Site   156 dN/dS =      1.00000 Full Log(L) =      0.00000 LRT =      0.00000 p-value =      1.00000
Site   157 dN/dS =      1.00000 Full Log(L) =      0.00000 LRT =      0.00000 p-value =      1.00000
Site   158 dN/dS =      1.00000 Full Log(L) =      0.00000 LRT =      0.00000 p-value =      1.00000
Site   159 dN/dS =      1.00000 Full Log(L) =      0.00000 LRT =      0.00000 p-value =      1.00000
Site   160 dN/dS =      1.97390 Full Log(L) =    -10.19454 LRT =      0.37193 p-value =      0.27098
Site   161 dN/dS =      1.00000 Full Log(L) =      0.00000 LRT =      0.00000 p-value =      1.00000
Site   162 dN/dS =      1.00000 Full Log(L) =      0.00000 LRT =      0.00000 p-value =      1.00000
Site   163 dN/dS =      1.00000 Full Log(L) =      0.00000 LRT =      0.00000 p-value =      1.00000
Site   164 dN/dS =      1.00000 Full Log(L) =      0.00000 LRT =      0.00000 p-value =      1.00000
Site   165 dN/dS =      1.00000 Full Log(L) =      0.00000 LRT =      0.00000 p-value =      1.00000
Site   166 dN/dS =      1.00000 Full Log(L) =      0.00000 LRT =      0.00000 p-value =      1.00000
Site   167 dN/dS =      1.00000 Full Log(L) =      0.00000 LRT =      0.00000 p-value =      1.00000
Site   168 dN/dS =      1.00000 Full Log(L) =      0.00000 LRT =      0.00000 p-value =      1.00000
Site   169 dN/dS =      1.00000 Full Log(L) =      0.00000 LRT =      0.00000 p-value =      1.00000
Site   170 dN/dS =      1.00000 Full Log(L) =      0.00000 LRT =      0.00000 p-value =      1.00000
Site   171 dN/dS =      1.00000 Full Log(L) =      0.00000 LRT =      0.00000 p-value =      1.00000
Site   172 dN/dS =      1.00000 Full Log(L) =      0.00000 LRT =      0.00000 p-value =      1.00000
Site   173 dN/dS =      1.00000 Full Log(L) =      0.00000 LRT =      0.00000 p-value =      1.00000
Site   174 dN/dS =      1.00000 Full Log(L) =      0.00000 LRT =      0.00000 p-value =      1.00000
Site   175 dN/dS =      1.00000 Full Log(L) =      0.00000 LRT =      0.00000 p-value =      1.00000
Site   176 dN/dS =      1.00000 Full Log(L) =      0.00000 LRT =      0.00000 p-value =      1.00000
Site   177 dN/dS =      1.00000 Full Log(L) =      0.00000 LRT =      0.00000 p-value =      1.00000
Site   178 dN/dS =      1.00000 Full Log(L) =      0.00000 LRT =      0.00000 p-value =      1.00000
Site   179 dN/dS =      0.00000 Full Log(L) =    -21.83443 LRT =      1.03210 p-value =      0.15483
Site   180 dN/dS =      0.00000 Full Log(L) =    -11.97354 LRT =      0.44550 p-value =      0.25224
Site   181 dN/dS =      1.00000 Full Log(L) =      0.00000 LRT =      0.00000 p-value =      1.00000
Site   182 dN/dS =      1.00000 Full Log(L) =      0.00000 LRT =      0.00000 p-value =      1.00000
Site   183 dN/dS =      1.00000 Full Log(L) =      0.00000 LRT =      0.00000 p-value =      1.00000
Site   184 dN/dS =      1.00000 Full Log(L) =      0.00000 LRT =      0.00000 p-value =      1.00000
Site   185 dN/dS =      1.00000 Full Log(L) =      0.00000 LRT =      0.00000 p-value =      1.00000
Site   186 dN/dS =      1.00000 Full Log(L) =      0.00000 LRT =      0.00000 p-value =      1.00000
Site   187 dN/dS =      1.00000 Full Log(L) =      0.00000 LRT =      0.00000 p-value =      1.00000
Site   188 dN/dS =      1.00000 Full Log(L) =      0.00000 LRT =      0.00000 p-value =      1.00000
Site   189 dN/dS =      1.00000 Full Log(L) =      0.00000 LRT =      0.00000 p-value =      1.00000
Site   190 dN/dS =      1.00000 Full Log(L) =      0.00000 LRT =      0.00000 p-value =      1.00000
Site   191 dN/dS =      1.00000 Full Log(L) =      0.00000 LRT =      0.00000 p-value =      1.00000
Site   192 dN/dS =      1.00000 Full Log(L) =      0.00000 LRT =      0.00000 p-value =      1.00000
Site   193 dN/dS =      1.00000 Full Log(L) =      0.00000 LRT =      0.00000 p-value =      1.00000
Site   194 dN/dS =      1.00000 Full Log(L) =      0.00000 LRT =      0.00000 p-value =      1.00000
Site   195 dN/dS =      1.00000 Full Log(L) =      0.00000 LRT =      0.00000 p-value =      1.00000
Site   196 dN/dS =      1.00000 Full Log(L) =      0.00000 LRT =      0.00000 p-value =      1.00000
Site   197 dN/dS =      1.00000 Full Log(L) =      0.00000 LRT =      0.00000 p-value =      1.00000
Site   198 dN/dS =      1.00000 Full Log(L) =      0.00000 LRT =      0.00000 p-value =      1.00000
Site   199 dN/dS =      6.77720 Full Log(L) =    -26.33031 LRT =      6.33515 p-value =      0.00592 *P
Site   200 dN/dS =      1.00000 Full Log(L) =      0.00000 LRT =      0.00000 p-value =      1.00000
Site   201 dN/dS =      1.00000 Full Log(L) =      0.00000 LRT =      0.00000 p-value =      1.00000
Site   202 dN/dS =      5.12774 Full Log(L) =    -23.59031 LRT =      4.95464 p-value =      0.01301 *P
Site   203 dN/dS =      0.00000 Full Log(L) =    -16.55228 LRT =      0.90519 p-value =      0.17070
Site   204 dN/dS =      1.91999 Full Log(L) =    -13.44770 LRT =      0.34500 p-value =      0.27848
Site   205 dN/dS =      1.77616 Full Log(L) =     -9.54797 LRT =      0.27399 p-value =      0.30033
Site   206 dN/dS =      1.92618 Full Log(L) =    -15.34778 LRT =      0.34809 p-value =      0.27760
Site   207 dN/dS =      1.00000 Full Log(L) =      0.00000 LRT =      0.00000 p-value =      1.00000
Site   208 dN/dS =      1.00000 Full Log(L) =      0.00000 LRT =      0.00000 p-value =      1.00000
Site   209 dN/dS =      0.00000 Full Log(L) =    -11.17215 LRT =      1.13467 p-value =      0.14339
Site   210 dN/dS =      0.00000 Full Log(L) =    -11.70925 LRT =      0.44493 p-value =      0.25238
Site   211 dN/dS =      1.00000 Full Log(L) =      0.00000 LRT =      0.00000 p-value =      1.00000
Site   212 dN/dS =      1.00000 Full Log(L) =      0.00000 LRT =      0.00000 p-value =      1.00000
Site   213 dN/dS =      0.00000 Full Log(L) =    -10.19081 LRT =      0.54688 p-value =      0.22980
Site   214 dN/dS =      1.95964 Full Log(L) =    -12.96247 LRT =      0.36500 p-value =      0.27287
Site   215 dN/dS =      1.00000 Full Log(L) =      0.00000 LRT =      0.00000 p-value =      1.00000
Site   216 dN/dS =      1.00000 Full Log(L) =      0.00000 LRT =      0.00000 p-value =      1.00000
Site   217 dN/dS =      1.00000 Full Log(L) =      0.00000 LRT =      0.00000 p-value =      1.00000
Site   218 dN/dS =      2.13949 Full Log(L) =    -16.36648 LRT =      0.45432 p-value =      0.25015
Site   219 dN/dS =      2.21487 Full Log(L) =     -9.88593 LRT =      0.49155 p-value =      0.24162
Site   220 dN/dS =      1.00000 Full Log(L) =      0.00000 LRT =      0.00000 p-value =      1.00000
Site   221 dN/dS =      1.00000 Full Log(L) =      0.00000 LRT =      0.00000 p-value =      1.00000
Site   222 dN/dS =      1.00000 Full Log(L) =      0.00000 LRT =      0.00000 p-value =      1.00000
Site   223 dN/dS =      0.00000 Full Log(L) =     -9.85953 LRT =      0.87991 p-value =      0.17411
Site   224 dN/dS =      0.00000 Full Log(L) =    -11.05515 LRT =      1.07262 p-value =      0.15018
Site   225 dN/dS =      0.00000 Full Log(L) =     -9.78539 LRT =      1.13462 p-value =      0.14340
Site   226 dN/dS =      1.00000 Full Log(L) =      0.00000 LRT =      0.00000 p-value =      1.00000
Site   227 dN/dS =      1.00000 Full Log(L) =      0.00000 LRT =      0.00000 p-value =      1.00000
Site   228 dN/dS =      1.00000 Full Log(L) =      0.00000 LRT =      0.00000 p-value =      1.00000
Site   229 dN/dS =      1.00000 Full Log(L) =      0.00000 LRT =      0.00000 p-value =      1.00000
Site   230 dN/dS =      1.00000 Full Log(L) =      0.00000 LRT =      0.00000 p-value =      1.00000
Site   231 dN/dS =      0.00000 Full Log(L) =    -10.00461 LRT =      0.91022 p-value =      0.17003
Site   232 dN/dS =      1.00000 Full Log(L) =      0.00000 LRT =      0.00000 p-value =      1.00000
Site   233 dN/dS =      0.00000 Full Log(L) =     -9.47890 LRT =      0.84068 p-value =      0.17960
Site   234 dN/dS =      0.00000 Full Log(L) =    -17.17248 LRT =      1.15456 p-value =      0.14130
Site   235 dN/dS =      0.00000 Full Log(L) =    -18.22306 LRT =      0.78589 p-value =      0.18767
Site   236 dN/dS =     23.48596 Full Log(L) =    -55.73454 LRT =     52.03201 p-value =      0.00000 *P
Site   237 dN/dS =      1.00000 Full Log(L) =      0.00000 LRT =      0.00000 p-value =      1.00000
Site   238 dN/dS =      1.00000 Full Log(L) =      0.00000 LRT =      0.00000 p-value =      1.00000
Site   239 dN/dS =      4.37664 Full Log(L) =    -19.61744 LRT =      2.80622 p-value =      0.04695 *P
Site   240 dN/dS =      1.00000 Full Log(L) =      0.00000 LRT =      0.00000 p-value =      1.00000
Site   241 dN/dS =      1.00000 Full Log(L) =      0.00000 LRT =      0.00000 p-value =      1.00000
Site   242 dN/dS =      1.00000 Full Log(L) =      0.00000 LRT =      0.00000 p-value =      1.00000
Site   243 dN/dS =      1.00000 Full Log(L) =      0.00000 LRT =      0.00000 p-value =      1.00000
Site   244 dN/dS =      1.00000 Full Log(L) =      0.00000 LRT =      0.00000 p-value =      1.00000
Site   245 dN/dS =     22.51699 Full Log(L) =    -62.56319 LRT =     46.81125 p-value =      0.00000 *P
Site   246 dN/dS =      1.00000 Full Log(L) =      0.00000 LRT =      0.00000 p-value =      1.00000
Site   247 dN/dS =      1.00000 Full Log(L) =      0.00000 LRT =      0.00000 p-value =      1.00000
Site   248 dN/dS =      1.00000 Full Log(L) =      0.00000 LRT =      0.00000 p-value =      1.00000
Site   249 dN/dS =      1.00000 Full Log(L) =      0.00000 LRT =      0.00000 p-value =      1.00000
Site   250 dN/dS =      1.00000 Full Log(L) =      0.00000 LRT =      0.00000 p-value =      1.00000
Site   251 dN/dS =      1.00000 Full Log(L) =      0.00000 LRT =      0.00000 p-value =      1.00000
Site   252 dN/dS =      1.00000 Full Log(L) =      0.00000 LRT =      0.00000 p-value =      1.00000
Site   253 dN/dS =      0.00000 Full Log(L) =    -10.54718 LRT =      0.93933 p-value =      0.16622
Site   254 dN/dS =      1.00000 Full Log(L) =      0.00000 LRT =      0.00000 p-value =      1.00000
Site   255 dN/dS =      1.00000 Full Log(L) =      0.00000 LRT =      0.00000 p-value =      1.00000
Site   256 dN/dS =      1.00000 Full Log(L) =      0.00000 LRT =      0.00000 p-value =      1.00000
Site   257 dN/dS =      1.00000 Full Log(L) =      0.00000 LRT =      0.00000 p-value =      1.00000
Site   258 dN/dS =      1.00000 Full Log(L) =      0.00000 LRT =      0.00000 p-value =      1.00000
Site   259 dN/dS =      2.45673 Full Log(L) =    -11.20577 LRT =      0.61006 p-value =      0.21738
Site   260 dN/dS =      0.00000 Full Log(L) =     -9.40242 LRT =      0.45965 p-value =      0.24889
Site   261 dN/dS =      1.00000 Full Log(L) =      0.00000 LRT =      0.00000 p-value =      1.00000
Site   262 dN/dS =      1.00000 Full Log(L) =      0.00000 LRT =      0.00000 p-value =      1.00000
Site   263 dN/dS =      1.00000 Full Log(L) =      0.00000 LRT =      0.00000 p-value =      1.00000
Site   264 dN/dS =      1.00000 Full Log(L) =      0.00000 LRT =      0.00000 p-value =      1.00000
Site   265 dN/dS =      0.00000 Full Log(L) =    -10.75284 LRT =      1.18822 p-value =      0.13784
Site   266 dN/dS =      1.00000 Full Log(L) =      0.00000 LRT =      0.00000 p-value =      1.00000
Site   267 dN/dS =      0.00000 Full Log(L) =    -10.80278 LRT =      0.44517 p-value =      0.25232
Site   268 dN/dS =      1.00000 Full Log(L) =      0.00000 LRT =      0.00000 p-value =      1.00000
Site   269 dN/dS =      1.00000 Full Log(L) =      0.00000 LRT =      0.00000 p-value =      1.00000
Site   270 dN/dS =      1.00000 Full Log(L) =      0.00000 LRT =      0.00000 p-value =      1.00000
Site   271 dN/dS =      1.00000 Full Log(L) =      0.00000 LRT =      0.00000 p-value =      1.00000
Site   272 dN/dS =      1.00000 Full Log(L) =      0.00000 LRT =      0.00000 p-value =      1.00000
Site   273 dN/dS =      0.00000 Full Log(L) =    -14.80809 LRT =      0.72675 p-value =      0.19697
Site   274 dN/dS =      1.00000 Full Log(L) =      0.00000 LRT =      0.00000 p-value =      1.00000
Site   275 dN/dS =      1.00000 Full Log(L) =      0.00000 LRT =      0.00000 p-value =      1.00000
Site   276 dN/dS =      1.78968 Full Log(L) =     -9.85162 LRT =      0.28046 p-value =      0.29820
Site   277 dN/dS =      3.18036 Full Log(L) =    -10.41583 LRT =      0.93944 p-value =      0.16621
Site   278 dN/dS =      1.00000 Full Log(L) =      0.00000 LRT =      0.00000 p-value =      1.00000
Site   279 dN/dS =      1.00000 Full Log(L) =      0.00000 LRT =      0.00000 p-value =      1.00000
Site   280 dN/dS =      1.00000 Full Log(L) =      0.00000 LRT =      0.00000 p-value =      1.00000
Site   281 dN/dS =      1.00000 Full Log(L) =      0.00000 LRT =      0.00000 p-value =      1.00000
Site   282 dN/dS =      1.00000 Full Log(L) =      0.00000 LRT =      0.00000 p-value =      1.00000
Site   283 dN/dS =      1.00000 Full Log(L) =      0.00000 LRT =      0.00000 p-value =      1.00000
Site   284 dN/dS =      1.00000 Full Log(L) =      0.00000 LRT =      0.00000 p-value =      1.00000
Site   285 dN/dS =      1.00000 Full Log(L) =      0.00000 LRT =      0.00000 p-value =      1.00000
Site   286 dN/dS =      0.00000 Full Log(L) =    -13.13853 LRT =      0.71000 p-value =      0.19972
Site   287 dN/dS =      1.00000 Full Log(L) =      0.00000 LRT =      0.00000 p-value =      1.00000
Site   288 dN/dS =      1.00000 Full Log(L) =      0.00000 LRT =      0.00000 p-value =      1.00000
Site   289 dN/dS =      1.00000 Full Log(L) =      0.00000 LRT =      0.00000 p-value =      1.00000
Site   290 dN/dS =      1.00000 Full Log(L) =      0.00000 LRT =      0.00000 p-value =      1.00000
Site   291 dN/dS =      1.69405 Full Log(L) =    -10.50066 LRT =      0.23411 p-value =      0.31425
Site   292 dN/dS =      1.00000 Full Log(L) =      0.00000 LRT =      0.00000 p-value =      1.00000
Site   293 dN/dS =      1.00000 Full Log(L) =      0.00000 LRT =      0.00000 p-value =      1.00000
Site   294 dN/dS =      1.00000 Full Log(L) =      0.00000 LRT =      0.00000 p-value =      1.00000
Site   295 dN/dS =      0.00000 Full Log(L) =    -13.79012 LRT =      0.78570 p-value =      0.18770
Site   296 dN/dS =      1.99737 Full Log(L) =     -9.50861 LRT =      0.38345 p-value =      0.26788
Site   297 dN/dS =      1.00000 Full Log(L) =      0.00000 LRT =      0.00000 p-value =      1.00000
Site   298 dN/dS =      1.00000 Full Log(L) =      0.00000 LRT =      0.00000 p-value =      1.00000
Site   299 dN/dS =      1.00000 Full Log(L) =      0.00000 LRT =      0.00000 p-value =      1.00000
Site   300 dN/dS =      1.00000 Full Log(L) =      0.00000 LRT =      0.00000 p-value =      1.00000
Site   301 dN/dS =      2.18698 Full Log(L) =    -10.95249 LRT =      0.47734 p-value =      0.24482
Site   302 dN/dS =      1.00000 Full Log(L) =      0.00000 LRT =      0.00000 p-value =      1.00000
Site   303 dN/dS =      1.00000 Full Log(L) =      0.00000 LRT =      0.00000 p-value =      1.00000
Site   304 dN/dS =      0.00000 Full Log(L) =    -10.38415 LRT =      0.84070 p-value =      0.17960
Site   305 dN/dS =      1.00000 Full Log(L) =      0.00000 LRT =      0.00000 p-value =      1.00000
Site   306 dN/dS =      1.00000 Full Log(L) =      0.00000 LRT =      0.00000 p-value =      1.00000
Site   307 dN/dS =      1.91286 Full Log(L) =    -10.34546 LRT =      0.34147 p-value =      0.27949
Site   308 dN/dS =      1.00000 Full Log(L) =      0.00000 LRT =      0.00000 p-value =      1.00000
Site   309 dN/dS =      1.00000 Full Log(L) =      0.00000 LRT =      0.00000 p-value =      1.00000
Site   310 dN/dS =      1.00000 Full Log(L) =      0.00000 LRT =      0.00000 p-value =      1.00000
Site   311 dN/dS =      1.00000 Full Log(L) =      0.00000 LRT =      0.00000 p-value =      1.00000
Site   312 dN/dS =      1.00000 Full Log(L) =      0.00000 LRT =      0.00000 p-value =      1.00000
Site   313 dN/dS =      1.00000 Full Log(L) =      0.00000 LRT =      0.00000 p-value =      1.00000
Site   314 dN/dS =      1.00000 Full Log(L) =      0.00000 LRT =      0.00000 p-value =      1.00000
Site   315 dN/dS =      0.00000 Full Log(L) =    -10.45184 LRT =      1.10659 p-value =      0.14641
Site   316 dN/dS =      1.00000 Full Log(L) =      0.00000 LRT =      0.00000 p-value =      1.00000
Site   317 dN/dS =      1.00000 Full Log(L) =      0.00000 LRT =      0.00000 p-value =      1.00000
Site   318 dN/dS =      2.76912 Full Log(L) =    -11.35457 LRT =      0.75590 p-value =      0.19231
Site   319 dN/dS =      1.00000 Full Log(L) =      0.00000 LRT =      0.00000 p-value =      1.00000
Site   320 dN/dS =      6.29525 Full Log(L) =    -32.49141 LRT =      5.96405 p-value =      0.00730 *P
Site   321 dN/dS =      1.00000 Full Log(L) =      0.00000 LRT =      0.00000 p-value =      1.00000
Site   322 dN/dS =      0.00000 Full Log(L) =    -11.44054 LRT =      0.91022 p-value =      0.17003
Site   323 dN/dS =      1.00000 Full Log(L) =      0.00000 LRT =      0.00000 p-value =      1.00000
Site   324 dN/dS =      1.00000 Full Log(L) =      0.00000 LRT =      0.00000 p-value =      1.00000
Site   325 dN/dS =      1.00000 Full Log(L) =      0.00000 LRT =      0.00000 p-value =      1.00000
Site   326 dN/dS =      1.00000 Full Log(L) =      0.00000 LRT =      0.00000 p-value =      1.00000
Site   327 dN/dS =      1.00000 Full Log(L) =      0.00000 LRT =      0.00000 p-value =      1.00000
Site   328 dN/dS =      2.19550 Full Log(L) =    -13.05175 LRT =      0.48154 p-value =      0.24386
Site   329 dN/dS =      1.00000 Full Log(L) =      0.00000 LRT =      0.00000 p-value =      1.00000
Site   330 dN/dS =      1.00000 Full Log(L) =      0.00000 LRT =      0.00000 p-value =      1.00000
Site   331 dN/dS =      1.00000 Full Log(L) =      0.00000 LRT =      0.00000 p-value =      1.00000
Site   332 dN/dS =      1.00000 Full Log(L) =      0.00000 LRT =      0.00000 p-value =      1.00000
Site   333 dN/dS =      1.00000 Full Log(L) =      0.00000 LRT =      0.00000 p-value =      1.00000
Site   334 dN/dS =      1.00000 Full Log(L) =      0.00000 LRT =      0.00000 p-value =      1.00000
Site   335 dN/dS =      0.00000 Full Log(L) =    -10.75251 LRT =      1.18822 p-value =      0.13784
Site   336 dN/dS =      1.00000 Full Log(L) =      0.00000 LRT =      0.00000 p-value =      1.00000
Site   337 dN/dS =      0.00000 Full Log(L) =    -10.95051 LRT =      1.00750 p-value =      0.15775
Site   338 dN/dS =      1.00000 Full Log(L) =      0.00000 LRT =      0.00000 p-value =      1.00000
Site   339 dN/dS =      0.00000 Full Log(L) =    -10.61603 LRT =      0.93933 p-value =      0.16622
Site   340 dN/dS =      1.00000 Full Log(L) =      0.00000 LRT =      0.00000 p-value =      1.00000
Site   341 dN/dS =      1.00000 Full Log(L) =      0.00000 LRT =      0.00000 p-value =      1.00000
Site   342 dN/dS =      1.00000 Full Log(L) =      0.00000 LRT =      0.00000 p-value =      1.00000
Site   343 dN/dS =      1.00000 Full Log(L) =      0.00000 LRT =      0.00000 p-value =      1.00000
Site   344 dN/dS =      2.21609 Full Log(L) =    -11.48710 LRT =      0.49214 p-value =      0.24149
Site   345 dN/dS =      1.00000 Full Log(L) =      0.00000 LRT =      0.00000 p-value =      1.00000
Site   346 dN/dS =      0.00000 Full Log(L) =     -4.45656 LRT =      0.94038 p-value =      0.16609
Site   347 dN/dS =      0.00000 Full Log(L) =     -3.60785 LRT =      0.88610 p-value =      0.17327
Site   348 dN/dS =      0.00000 Full Log(L) =     -4.38093 LRT =      0.60639 p-value =      0.21808
Site   349 dN/dS =      2.13608 Full Log(L) =     -9.78267 LRT =      0.45290 p-value =      0.25048
Site   350 dN/dS =      0.00000 Full Log(L) =     -4.29415 LRT =      0.81670 p-value =      0.18307
Site   351 dN/dS =      0.00000 Full Log(L) =     -4.06123 LRT =      0.66527 p-value =      0.20735
Site   352 dN/dS =      0.00000 Full Log(L) =    -10.05363 LRT =      0.81670 p-value =      0.18307
Site   353 dN/dS =      0.00000 Full Log(L) =     -4.45656 LRT =      0.94038 p-value =      0.16609
Site   354 dN/dS =      0.00000 Full Log(L) =     -4.38093 LRT =      0.60639 p-value =      0.21808
Site   355 dN/dS =      0.00000 Full Log(L) =     -3.60785 LRT =      0.88610 p-value =      0.17327
Site   356 dN/dS =      0.00000 Full Log(L) =     -3.59038 LRT =      0.79675 p-value =      0.18603
Site   357 dN/dS =      0.00000 Full Log(L) =     -3.57543 LRT =      0.72746 p-value =      0.19685
Site   358 dN/dS =      0.00000 Full Log(L) =     -4.37908 LRT =      0.94038 p-value =      0.16609
Site   359 dN/dS =      0.00000 Full Log(L) =     -4.48664 LRT =      0.36425 p-value =      0.27308
Site   360 dN/dS =      0.00000 Full Log(L) =     -4.12458 LRT =      0.79676 p-value =      0.18603
Site   361 dN/dS =      0.00000 Full Log(L) =    -11.31541 LRT =      0.91403 p-value =      0.16952
Site   362 dN/dS =      0.00000 Full Log(L) =     -4.04346 LRT =      1.08328 p-value =      0.14898
Site   363 dN/dS =      0.00000 Full Log(L) =     -4.04346 LRT =      1.08328 p-value =      0.14898
Site   364 dN/dS =      0.00000 Full Log(L) =     -3.93134 LRT =      0.82787 p-value =      0.18145
Site   365 dN/dS =      0.00000 Full Log(L) =     -9.91659 LRT =      0.94038 p-value =      0.16609
Site   366 dN/dS =      0.00000 Full Log(L) =     -4.48664 LRT =      0.36425 p-value =      0.27308
Site   367 dN/dS =      0.00000 Full Log(L) =     -3.99038 LRT =      0.57510 p-value =      0.22412
Site   368 dN/dS =      0.00000 Full Log(L) =     -4.37908 LRT =      0.94038 p-value =      0.16609
Site   369 dN/dS =      0.00000 Full Log(L) =     -4.38093 LRT =      0.60639 p-value =      0.21808
Site   370 dN/dS =      0.00000 Full Log(L) =     -4.35143 LRT =      0.87582 p-value =      0.17467
Site   371 dN/dS =      0.00000 Full Log(L) =     -4.31880 LRT =      0.73139 p-value =      0.19622
Site   372 dN/dS =      0.00000 Full Log(L) =    -17.07769 LRT =      0.43273 p-value =      0.25533
Site   373 dN/dS =      0.00000 Full Log(L) =     -3.57543 LRT =      0.72746 p-value =      0.19685
Site   374 dN/dS =      0.00000 Full Log(L) =     -4.61868 LRT =      0.62186 p-value =      0.21518
Site   375 dN/dS =      0.00000 Full Log(L) =     -8.77251 LRT =      0.77452 p-value =      0.18941
Site   376 dN/dS =      0.00000 Full Log(L) =     -4.45155 LRT =      0.91427 p-value =      0.16949
Site   377 dN/dS =      2.87478 Full Log(L) =    -10.27599 LRT =      0.80484 p-value =      0.18483
Site   378 dN/dS =      0.00000 Full Log(L) =     -4.64168 LRT =      0.91427 p-value =      0.16949
Site   379 dN/dS =      0.00000 Full Log(L) =     -4.05195 LRT =      0.42078 p-value =      0.25827
Site   380 dN/dS =      0.00000 Full Log(L) =     -4.29003 LRT =      0.79402 p-value =      0.18644
Site   381 dN/dS =      0.00000 Full Log(L) =     -4.29003 LRT =      0.79402 p-value =      0.18644
Site   382 dN/dS =      0.00000 Full Log(L) =     -3.84993 LRT =      0.80489 p-value =      0.18482
Site   383 dN/dS =      0.00000 Full Log(L) =     -4.73358 LRT =      0.62886 p-value =      0.21389
Site   384 dN/dS =      0.00000 Full Log(L) =     -3.30858 LRT =      0.67702 p-value =      0.20531
Site   385 dN/dS =      0.00000 Full Log(L) =     -4.14496 LRT =      0.87297 p-value =      0.17507
Site   386 dN/dS =      0.00000 Full Log(L) =    -12.70812 LRT =      0.69640 p-value =      0.20200
Site   387 dN/dS =      0.00000 Full Log(L) =     -4.05195 LRT =      0.42078 p-value =      0.25827
Site   388 dN/dS =      0.00000 Full Log(L) =     -4.29003 LRT =      0.79402 p-value =      0.18644
Site   389 dN/dS =      0.00000 Full Log(L) =    -10.80082 LRT =      0.79402 p-value =      0.18644
Site   390 dN/dS =      0.00000 Full Log(L) =     -4.05653 LRT =      0.64681 p-value =      0.21063
Site   391 dN/dS =      0.00000 Full Log(L) =    -10.63262 LRT =      0.70725 p-value =      0.20018
Site   392 dN/dS =      0.00000 Full Log(L) =     -4.05195 LRT =      0.42078 p-value =      0.25827
Site   393 dN/dS =      0.00000 Full Log(L) =     -4.05653 LRT =      0.64681 p-value =      0.21063
Site   394 dN/dS =      0.00000 Full Log(L) =     -3.64870 LRT =      0.70727 p-value =      0.20018
Site   395 dN/dS =      2.19781 Full Log(L) =    -10.78547 LRT =      0.48347 p-value =      0.24343
Site   396 dN/dS =      0.00000 Full Log(L) =     -9.12563 LRT =      0.67696 p-value =      0.20532
Site   397 dN/dS =      0.00000 Full Log(L) =     -9.79735 LRT =      0.34247 p-value =      0.27920
Site   398 dN/dS =      0.00000 Full Log(L) =     -3.57150 LRT =      0.70727 p-value =      0.20018
Site   399 dN/dS =      0.00000 Full Log(L) =    -10.39236 LRT =      0.85132 p-value =      0.17809
Site   400 dN/dS =      0.00000 Full Log(L) =    -10.64210 LRT =      0.33238 p-value =      0.28213
Site   401 dN/dS =      0.00000 Full Log(L) =     -9.42980 LRT =      0.64678 p-value =      0.21063
Site   402 dN/dS =      2.60086 Full Log(L) =    -21.83254 LRT =      0.67799 p-value =      0.20514
Site   403 dN/dS =      0.00000 Full Log(L) =     -3.30858 LRT =      0.67702 p-value =      0.20531
Site   404 dN/dS =      0.00000 Full Log(L) =     -4.54381 LRT =      0.69640 p-value =      0.20200
Site   405 dN/dS =      0.00000 Full Log(L) =     -3.64870 LRT =      0.70727 p-value =      0.20018
Site   406 dN/dS =      0.00000 Full Log(L) =    -10.16467 LRT =      0.77461 p-value =      0.18940
Site   407 dN/dS =      0.00000 Full Log(L) =     -3.30858 LRT =      0.67702 p-value =      0.20531
Site   408 dN/dS =      0.00000 Full Log(L) =     -4.37672 LRT =      0.58956 p-value =      0.22130
Site   409 dN/dS =      0.00000 Full Log(L) =     -4.31487 LRT =      0.71108 p-value =      0.19954
Site   410 dN/dS =      0.00000 Full Log(L) =     -4.05195 LRT =      0.42078 p-value =      0.25827
Site   411 dN/dS =      0.00000 Full Log(L) =     -3.97933 LRT =      0.64681 p-value =      0.21063
Site   412 dN/dS =      0.00000 Full Log(L) =     -3.58701 LRT =      0.77464 p-value =      0.18939
Site   413 dN/dS =      0.00000 Full Log(L) =    -17.72427 LRT =      0.67699 p-value =      0.20531
Site   414 dN/dS =      0.00000 Full Log(L) =     -3.58701 LRT =      0.77464 p-value =      0.18939
Site   415 dN/dS =      0.00000 Full Log(L) =     -4.37672 LRT =      0.58956 p-value =      0.22130
Site   416 dN/dS =      3.74165 Full Log(L) =    -11.98582 LRT =      1.16989 p-value =      0.13971
Site   417 dN/dS =      0.00000 Full Log(L) =     -3.58701 LRT =      0.77464 p-value =      0.18939
Site   418 dN/dS =      0.00000 Full Log(L) =     -4.00376 LRT =      0.72267 p-value =      0.19763
Site   419 dN/dS =      0.00000 Full Log(L) =     -3.58701 LRT =      0.77464 p-value =      0.18939
Site   420 dN/dS =      0.00000 Full Log(L) =    -10.28244 LRT =      0.91402 p-value =      0.16952
Site   421 dN/dS =      0.00000 Full Log(L) =     -3.81361 LRT =      0.82518 p-value =      0.18184
Site   422 dN/dS =      0.00000 Full Log(L) =     -3.97933 LRT =      0.64681 p-value =      0.21063
Site   423 dN/dS =      0.00000 Full Log(L) =     -4.58416 LRT =      0.42078 p-value =      0.25827
Site   424 dN/dS =      0.00000 Full Log(L) =     -3.92713 LRT =      0.80489 p-value =      0.18482
Site   425 dN/dS =      0.00000 Full Log(L) =     -4.81079 LRT =      0.62886 p-value =      0.21389
Site   426 dN/dS =      0.00000 Full Log(L) =     -4.11922 LRT =      0.77464 p-value =      0.18939
Site   427 dN/dS =      0.00000 Full Log(L) =     -3.30858 LRT =      0.67702 p-value =      0.20531
Site   428 dN/dS =      0.00000 Full Log(L) =     -3.90897 LRT =      0.55914 p-value =      0.22730
Site   429 dN/dS =      0.00000 Full Log(L) =    -10.22159 LRT =      0.72267 p-value =      0.19763
Site   430 dN/dS =      0.00000 Full Log(L) =     -4.11922 LRT =      0.77464 p-value =      0.18939
Site   431 dN/dS =      0.00000 Full Log(L) =     -3.92713 LRT =      0.80489 p-value =      0.18482
Site   432 dN/dS =      0.00000 Full Log(L) =     -4.27647 LRT =      0.69640 p-value =      0.20200
Site   433 dN/dS =      0.00000 Full Log(L) =     -9.81870 LRT =      0.67699 p-value =      0.20531
Site   434 dN/dS =      2.33784 Full Log(L) =     -9.32826 LRT =      0.55186 p-value =      0.22878
Site   435 dN/dS =      0.00000 Full Log(L) =     -3.84993 LRT =      0.80489 p-value =      0.18482
Site   436 dN/dS =      0.00000 Full Log(L) =     -4.81079 LRT =      0.62886 p-value =      0.21389
Site   437 dN/dS =      0.00000 Full Log(L) =     -4.48664 LRT =      0.35413 p-value =      0.27589
Site   438 dN/dS =      0.00000 Full Log(L) =     -4.88128 LRT =      0.56567 p-value =      0.22599
Site   439 dN/dS =      0.00000 Full Log(L) =     -3.98618 LRT =      0.55914 p-value =      0.22730
Site   440 dN/dS =      0.00000 Full Log(L) =     -3.57150 LRT =      0.70727 p-value =      0.20018
Site   441 dN/dS =      0.00000 Full Log(L) =     -4.82224 LRT =      0.79402 p-value =      0.18644
Site   442 dN/dS =      0.00000 Full Log(L) =     -4.11922 LRT =      0.77464 p-value =      0.18939
Site   443 dN/dS =      3.19628 Full Log(L) =    -10.48710 LRT =      0.94726 p-value =      0.16521
Site   444 dN/dS =      0.00000 Full Log(L) =     -4.73358 LRT =      0.62886 p-value =      0.21389
Site   445 dN/dS =      0.00000 Full Log(L) =     -4.26864 LRT =      0.72267 p-value =      0.19763
Site   446 dN/dS =      0.00000 Full Log(L) =     -4.63211 LRT =      0.79402 p-value =      0.18644
Site   447 dN/dS =      0.00000 Full Log(L) =     -5.14411 LRT =      0.34247 p-value =      0.27920
Site   448 dN/dS =      0.00000 Full Log(L) =     -4.11922 LRT =      0.77464 p-value =      0.18939
Site   449 dN/dS =      0.00000 Full Log(L) =     -9.02199 LRT =      0.70719 p-value =      0.20019
Site   450 dN/dS =      0.00000 Full Log(L) =     -4.05195 LRT =      0.42078 p-value =      0.25827
Site   451 dN/dS =      0.00000 Full Log(L) =    -10.66517 LRT =      0.71105 p-value =      0.19955
Site   452 dN/dS =      0.00000 Full Log(L) =     -4.01160 LRT =      0.69640 p-value =      0.20200
Site   453 dN/dS =      0.00000 Full Log(L) =     -3.97933 LRT =      0.64681 p-value =      0.21063
Site   454 dN/dS =      0.00000 Full Log(L) =     -3.84993 LRT =      0.80489 p-value =      0.18482
Site   455 dN/dS =      0.00000 Full Log(L) =     -4.61190 LRT =      0.34247 p-value =      0.27920
Site   456 dN/dS =      0.00000 Full Log(L) =     -4.27647 LRT =      0.69640 p-value =      0.20200
Site   457 dN/dS =      0.00000 Full Log(L) =     -3.92713 LRT =      0.80489 p-value =      0.18482
Site   458 dN/dS =      0.00000 Full Log(L) =     -4.34907 LRT =      0.54198 p-value =      0.23081
Site   459 dN/dS =      0.00000 Full Log(L) =     -3.58701 LRT =      0.77464 p-value =      0.18939
Site   460 dN/dS =      0.00000 Full Log(L) =     -4.04346 LRT =      1.05321 p-value =      0.15238
Site   461 dN/dS =      0.00000 Full Log(L) =     -3.64870 LRT =      0.70727 p-value =      0.20018
Site   462 dN/dS =      0.00000 Full Log(L) =     -3.30858 LRT =      0.67702 p-value =      0.20531
Site   463 dN/dS =      0.00000 Full Log(L) =     -5.14411 LRT =      0.34247 p-value =      0.27920
Site   464 dN/dS =      0.00000 Full Log(L) =     -4.29952 LRT =      0.58956 p-value =      0.22130
Site   465 dN/dS =      0.00000 Full Log(L) =     -3.58701 LRT =      0.77464 p-value =      0.18939
Site   466 dN/dS =      0.00000 Full Log(L) =     -3.81361 LRT =      0.82518 p-value =      0.18184
Site   467 dN/dS =      0.00000 Full Log(L) =     -4.01160 LRT =      0.69640 p-value =      0.20200
Site   468 dN/dS =      0.00000 Full Log(L) =     -3.84079 LRT =      0.67702 p-value =      0.20531
Site   469 dN/dS =      0.00000 Full Log(L) =     -3.84079 LRT =      0.67702 p-value =      0.20531
Site   470 dN/dS =      0.00000 Full Log(L) =     -4.05195 LRT =      0.42078 p-value =      0.25827
Site   471 dN/dS =      0.00000 Full Log(L) =    -16.54324 LRT =      0.34247 p-value =      0.27920
Site   472 dN/dS =      0.00000 Full Log(L) =     -4.34582 LRT =      0.85151 p-value =      0.17806
Site   473 dN/dS =      0.00000 Full Log(L) =     -3.58701 LRT =      0.77464 p-value =      0.18939
Site   474 dN/dS =      0.00000 Full Log(L) =     -3.57150 LRT =      0.70727 p-value =      0.20018
Site   475 dN/dS =      0.00000 Full Log(L) =     -4.55490 LRT =      0.79402 p-value =      0.18644
Site   476 dN/dS =      0.00000 Full Log(L) =     -4.11922 LRT =      0.77464 p-value =      0.18939
Site   477 dN/dS =      0.00000 Full Log(L) =     -3.84993 LRT =      0.80489 p-value =      0.18482
Site   478 dN/dS =      0.00000 Full Log(L) =     -4.04346 LRT =      1.05321 p-value =      0.15238
Site   479 dN/dS =      0.00000 Full Log(L) =     -4.45155 LRT =      0.91427 p-value =      0.16949
Site   480 dN/dS =      0.00000 Full Log(L) =     -9.01266 LRT =      0.70719 p-value =      0.20019
Site   481 dN/dS =      0.00000 Full Log(L) =     -4.37434 LRT =      0.91427 p-value =      0.16949
Site   482 dN/dS =      0.00000 Full Log(L) =     -4.40523 LRT =      0.74660 p-value =      0.19378
Site   483 dN/dS =      0.00000 Full Log(L) =     -4.37672 LRT =      0.58956 p-value =      0.22130
Site   484 dN/dS =      0.00000 Full Log(L) =     -3.30858 LRT =      0.67702 p-value =      0.20531
Site   485 dN/dS =      0.00000 Full Log(L) =     -3.60710 LRT =      0.86151 p-value =      0.17666
Site   486 dN/dS =      0.00000 Full Log(L) =     -3.98618 LRT =      0.55914 p-value =      0.22730
Site   487 dN/dS =      0.00000 Full Log(L) =     -4.39208 LRT =      0.71108 p-value =      0.19954
Site   488 dN/dS =      0.00000 Full Log(L) =     -3.30858 LRT =      0.67702 p-value =      0.20531
Site   489 dN/dS =      0.00000 Full Log(L) =     -4.40523 LRT =      0.74660 p-value =      0.19378
Site   490 dN/dS =      0.00000 Full Log(L) =     -3.92713 LRT =      0.80489 p-value =      0.18482
Site   491 dN/dS =      0.00000 Full Log(L) =     -3.57150 LRT =      0.70727 p-value =      0.20018
Site   492 dN/dS =      2.53054 Full Log(L) =    -11.02547 LRT =      0.64537 p-value =      0.21089
Site   493 dN/dS =      0.00000 Full Log(L) =     -4.48243 LRT =      0.74660 p-value =      0.19378
Site   494 dN/dS =      0.00000 Full Log(L) =     -3.60710 LRT =      0.86151 p-value =      0.17666
Site   495 dN/dS =      0.00000 Full Log(L) =     -4.64168 LRT =      0.91427 p-value =      0.16949
Site   496 dN/dS =      0.00000 Full Log(L) =     -4.34907 LRT =      0.54198 p-value =      0.23081
Site   497 dN/dS =      0.00000 Full Log(L) =     -4.05653 LRT =      0.64681 p-value =      0.21063
Site   498 dN/dS =      0.00000 Full Log(L) =     -3.81361 LRT =      0.82518 p-value =      0.18184
Site   499 dN/dS =      0.00000 Full Log(L) =     -9.23634 LRT =      0.70720 p-value =      0.20019
Site   500 dN/dS =      0.00000 Full Log(L) =     -4.10947 LRT =      0.88794 p-value =      0.17302
Site   501 dN/dS =      0.00000 Full Log(L) =     -9.94128 LRT =      0.69640 p-value =      0.20200
Site   502 dN/dS =      0.00000 Full Log(L) =     -3.90897 LRT =      0.55914 p-value =      0.22730
Site   503 dN/dS =      0.00000 Full Log(L) =     -3.92713 LRT =      0.80489 p-value =      0.18482
Site   504 dN/dS =      0.00000 Full Log(L) =     -4.31487 LRT =      0.71108 p-value =      0.19954
Site   505 dN/dS =      0.00000 Full Log(L) =     -3.84993 LRT =      0.80489 p-value =      0.18482
Site   506 dN/dS =      0.00000 Full Log(L) =    -10.10866 LRT =      0.72267 p-value =      0.19763
Site   507 dN/dS =      0.00000 Full Log(L) =     -3.98618 LRT =      0.55914 p-value =      0.22730
Site   508 dN/dS =      0.00000 Full Log(L) =     -3.81361 LRT =      0.82518 p-value =      0.18184
Site   509 dN/dS =      2.49925 Full Log(L) =    -16.28629 LRT =      0.62980 p-value =      0.21371
Site   510 dN/dS =      0.00000 Full Log(L) =     -3.58701 LRT =      0.77464 p-value =      0.18939
Site   511 dN/dS =      0.00000 Full Log(L) =     -4.29003 LRT =      0.79402 p-value =      0.18644
Site   512 dN/dS =      0.00000 Full Log(L) =     -4.66419 LRT =      0.35596 p-value =      0.27538
Site   513 dN/dS =      0.00000 Full Log(L) =     -3.64870 LRT =      0.70727 p-value =      0.20018
Site   514 dN/dS =      0.00000 Full Log(L) =     -3.64870 LRT =      0.70727 p-value =      0.20018
Site   515 dN/dS =      0.00000 Full Log(L) =    -16.99340 LRT =      0.77455 p-value =      0.18941
Site   516 dN/dS =      0.00000 Full Log(L) =     -4.37672 LRT =      0.58956 p-value =      0.22130
Site   517 dN/dS =      0.00000 Full Log(L) =     -4.58416 LRT =      0.42078 p-value =      0.25827
Site   518 dN/dS =      0.00000 Full Log(L) =     -4.05653 LRT =      0.64681 p-value =      0.21063
Site   519 dN/dS =      0.00000 Full Log(L) =    -10.51226 LRT =      0.67701 p-value =      0.20531
Site   520 dN/dS =      0.00000 Full Log(L) =     -4.37434 LRT =      0.91427 p-value =      0.16949
Site   521 dN/dS =      0.00000 Full Log(L) =     -4.26864 LRT =      0.72267 p-value =      0.19763
Site   522 dN/dS =      0.00000 Full Log(L) =     -4.11922 LRT =      0.77464 p-value =      0.18939
Site   523 dN/dS =      0.00000 Full Log(L) =     -5.14411 LRT =      0.34247 p-value =      0.27920
Site   524 dN/dS =      0.00000 Full Log(L) =     -3.84079 LRT =      0.67702 p-value =      0.20531
Site   525 dN/dS =      0.00000 Full Log(L) =     -4.34907 LRT =      0.54198 p-value =      0.23081
Site   526 dN/dS =      0.00000 Full Log(L) =    -11.31293 LRT =      0.88802 p-value =      0.17301
Site   527 dN/dS =      0.00000 Full Log(L) =     -3.98618 LRT =      0.55914 p-value =      0.22730
Site   528 dN/dS =      0.00000 Full Log(L) =     -3.30858 LRT =      0.67702 p-value =      0.20531
Site   529 dN/dS =      0.00000 Full Log(L) =     -3.84993 LRT =      0.80489 p-value =      0.18482
Site   530 dN/dS =      0.00000 Full Log(L) =     -4.48664 LRT =      0.35413 p-value =      0.27589
Site   531 dN/dS =      0.00000 Full Log(L) =     -4.05653 LRT =      0.64681 p-value =      0.21063
Site   532 dN/dS =      0.00000 Full Log(L) =     -4.61190 LRT =      0.34247 p-value =      0.27920
Site   533 dN/dS =      0.00000 Full Log(L) =     -4.48664 LRT =      0.35413 p-value =      0.27589
Site   534 dN/dS =      0.00000 Full Log(L) =     -3.97933 LRT =      0.64681 p-value =      0.21063
Site   535 dN/dS =      0.00000 Full Log(L) =     -4.69115 LRT =      0.60459 p-value =      0.21842
Site   536 dN/dS =      0.00000 Full Log(L) =     -4.29952 LRT =      0.58956 p-value =      0.22130
Site   537 dN/dS =      0.00000 Full Log(L) =     -4.63211 LRT =      0.79402 p-value =      0.18644
Site   538 dN/dS =      0.00000 Full Log(L) =     -3.60710 LRT =      0.86151 p-value =      0.17666
Site   539 dN/dS =      0.00000 Full Log(L) =     -4.34907 LRT =      0.54198 p-value =      0.23081
Site   540 dN/dS =      0.00000 Full Log(L) =     -4.40523 LRT =      0.74660 p-value =      0.19378
Site   541 dN/dS =      0.00000 Full Log(L) =     -4.29952 LRT =      0.58956 p-value =      0.22130
Site   542 dN/dS =      5.66528 Full Log(L) =    -13.27384 LRT =      1.81581 p-value =      0.08891 *P
Site   543 dN/dS =      0.00000 Full Log(L) =     -4.73358 LRT =      0.62886 p-value =      0.21389
Site   544 dN/dS =      0.00000 Full Log(L) =    -11.45736 LRT =      0.74660 p-value =      0.19378
Site   545 dN/dS =      0.00000 Full Log(L) =     -3.97933 LRT =      0.64681 p-value =      0.21063
Site   546 dN/dS =      2.78685 Full Log(L) =    -13.75220 LRT =      0.76496 p-value =      0.19089
Site   547 dN/dS =      0.00000 Full Log(L) =    -10.30332 LRT =      0.35509 p-value =      0.27562
Site   548 dN/dS =      0.00000 Full Log(L) =     -5.14411 LRT =      0.34247 p-value =      0.27920
Site   549 dN/dS =      0.00000 Full Log(L) =     -4.64168 LRT =      0.91427 p-value =      0.16949
Site   550 dN/dS =      0.00000 Full Log(L) =     -4.37672 LRT =      0.58956 p-value =      0.22130
Site   551 dN/dS =      0.00000 Full Log(L) =     -4.05653 LRT =      0.64681 p-value =      0.21063
Site   552 dN/dS =      0.00000 Full Log(L) =     -4.04346 LRT =      1.05321 p-value =      0.15238
Site   553 dN/dS =      0.00000 Full Log(L) =     -4.48664 LRT =      0.35413 p-value =      0.27589
Site   554 dN/dS =      0.00000 Full Log(L) =     -4.63211 LRT =      0.79402 p-value =      0.18644
Site   555 dN/dS =      0.00000 Full Log(L) =     -4.48243 LRT =      0.74660 p-value =      0.19378
Site   556 dN/dS =      0.00000 Full Log(L) =     -4.05195 LRT =      0.42078 p-value =      0.25827
Site   557 dN/dS =      0.00000 Full Log(L) =     -3.30858 LRT =      0.67702 p-value =      0.20531
Site   558 dN/dS =      0.00000 Full Log(L) =     -4.45155 LRT =      0.91427 p-value =      0.16949
Site   559 dN/dS =      0.00000 Full Log(L) =     -3.64870 LRT =      0.70727 p-value =      0.20018
Site   560 dN/dS =      0.00000 Full Log(L) =     -3.97933 LRT =      0.64681 p-value =      0.21063
Site   561 dN/dS =      0.00000 Full Log(L) =     -4.34582 LRT =      0.85151 p-value =      0.17806
Site   562 dN/dS =      0.00000 Full Log(L) =     -4.48243 LRT =      0.74660 p-value =      0.19378
Site   563 dN/dS =      0.00000 Full Log(L) =     -3.64870 LRT =      0.70727 p-value =      0.20018
Site   564 dN/dS =      0.00000 Full Log(L) =     -3.97933 LRT =      0.64681 p-value =      0.21063
Site   565 dN/dS =      0.00000 Full Log(L) =     -4.48243 LRT =      0.74660 p-value =      0.19378
Site   566 dN/dS =      3.10733 Full Log(L) =     -9.41508 LRT =      0.90766 p-value =      0.17037


Wall-clock run-time (seconds): 1412706439
Process time on the master node: 1837.956649
MPI nodes used: 0

Wall-clock time per site (seconds): 5518384.52734375
