

______________READ THE FOLLOWING DATA______________
106 species:{CY001184,CY003144,EU514637,CY000281,CY000529,CY000321,CY000289,CY000209,CY000201,CY001437,CY001333,EU501154,CY001237,CY003152,CY000297,CY091109,CY112941,CY091101,CY003096,CY001104,CY001736,EU514628,CY000113,CY013805,CY003160,CY003168,CY000793,CY001197,CY002328,CY000185,CY003080,EU514645,AB434107,EU514643,EU514640,CY000585,CY000584,AB434108,CY003176,CY000941,CY000625,CY001168,CY000273,CY001072,CY000933,CY003104,CY000409,CY000401,EU514622,CY003200,CY000569,CY003184,CY091093,EF670487,CY000481,CY000489,CY000241,CY001720,CY003112,CY003208,CY000925,CY000417,EU514636,EU514635,EU514634,EU514633,EU514632,EU514631,EU514630,CY000313,CY000553,CY003192,CY001944,CY000497,CY001309,CY001261,CY001301,CY001144,CY000393,CY001429,CY003123,CY003120,CY000425,CY000545,CY000305,CY000225,CY001152,CY001317,CY000385,CY003136,CY003777,EU514617,CY003424,EU514629,CY002128,CY000433,CY114341,CY001728,CY000537,EU514619,EU514618,CY000337,CY000233,CY003088,CY001080,CY001128};
Total Sites:1698;
Distinct Sites:144

Phase 1:Nucleotide Model (010010) Model Fit


-3827.54173304166

Phase 2:MG94x(010010) Model Fit



Phase 3:Estimating dN/dS


Nuc->codon scaling factor:1.846577550449233
Raw scaling factor:1.846577550449233
Tree scaling factor(S): 1

Using dN/dS=0.3618612850224322
Codon model:-3749.20441076836

Phase 4: Ancestral State Reconstruction and Counting

<<Significance level for Likelihood Ratio Tests (permissible range = [0,1], default value = 0.1)>>Site     1 dN/dS =      0.00000 Full Log(L) =     -4.04346 LRT =      1.08337 p-value =      0.14897
Site     2 dN/dS =      0.00000 Full Log(L) =     -3.84617 LRT =      0.69640 p-value =      0.20200
Site     3 dN/dS =      2.80086 Full Log(L) =    -11.20862 LRT =      0.77124 p-value =      0.18992
Site     4 dN/dS =      0.00000 Full Log(L) =     -4.06124 LRT =      0.66532 p-value =      0.20734
Site     5 dN/dS =      0.00000 Full Log(L) =     -3.98376 LRT =      0.66532 p-value =      0.20734
Site     6 dN/dS =      0.00000 Full Log(L) =     -4.55965 LRT =      0.81676 p-value =      0.18306
Site     7 dN/dS =      0.00000 Full Log(L) =    -16.80021 LRT =      0.36565 p-value =      0.27269
Site     8 dN/dS =      0.00000 Full Log(L) =     -4.14918 LRT =      0.89797 p-value =      0.17166
Site     9 dN/dS =      0.00000 Full Log(L) =     -3.99040 LRT =      0.57514 p-value =      0.22411
Site    10 dN/dS =      0.00000 Full Log(L) =     -3.98376 LRT =      0.66532 p-value =      0.20734
Site    11 dN/dS =      0.00000 Full Log(L) =     -4.13811 LRT =      0.34176 p-value =      0.27941
Site    12 dN/dS =      0.00000 Full Log(L) =    -16.43631 LRT =      0.76794 p-value =      0.19043
Site    13 dN/dS =      0.00000 Full Log(L) =    -10.77860 LRT =      0.35236 p-value =      0.27639
Site    14 dN/dS =      0.00000 Full Log(L) =     -4.27338 LRT =      0.74336 p-value =      0.19429
Site    15 dN/dS =      3.31374 Full Log(L) =    -10.09702 LRT =      0.99683 p-value =      0.15904
Site    16 dN/dS =      0.00000 Full Log(L) =     -4.55965 LRT =      0.81676 p-value =      0.18306
Site    17 dN/dS =      1.00000 Full Log(L) =      0.00000 LRT =      0.00000 p-value =      1.00000
Site    18 dN/dS =      2.28649 Full Log(L) =    -10.47482 LRT =      0.52613 p-value =      0.23412
Site    19 dN/dS =      2.45653 Full Log(L) =    -11.20566 LRT =      0.60997 p-value =      0.21740
Site    20 dN/dS =      1.00000 Full Log(L) =      0.00000 LRT =      0.00000 p-value =      1.00000
Site    21 dN/dS =      1.74116 Full Log(L) =    -11.22234 LRT =      0.25690 p-value =      0.30613
Site    22 dN/dS =      0.00000 Full Log(L) =    -10.66484 LRT =      0.91932 p-value =      0.16883
Site    23 dN/dS =      1.00000 Full Log(L) =      0.00000 LRT =      0.00000 p-value =      1.00000
Site    24 dN/dS =      1.00000 Full Log(L) =      0.00000 LRT =      0.00000 p-value =      1.00000
Site    25 dN/dS =      1.00000 Full Log(L) =      0.00000 LRT =      0.00000 p-value =      1.00000
Site    26 dN/dS =      2.18739 Full Log(L) =    -18.45160 LRT =      0.47795 p-value =      0.24468
Site    27 dN/dS =      0.00000 Full Log(L) =    -17.34944 LRT =      1.03220 p-value =      0.15482
Site    28 dN/dS =      0.00000 Full Log(L) =    -10.24836 LRT =      0.90527 p-value =      0.17069
Site    29 dN/dS =      0.00000 Full Log(L) =    -13.63044 LRT =      0.45621 p-value =      0.24970
Site    30 dN/dS =      1.00000 Full Log(L) =      0.00000 LRT =      0.00000 p-value =      1.00000
Site    31 dN/dS =      4.42767 Full Log(L) =    -11.73240 LRT =      1.42192 p-value =      0.11654
Site    32 dN/dS =      1.00000 Full Log(L) =      0.00000 LRT =      0.00000 p-value =      1.00000
Site    33 dN/dS =      0.00000 Full Log(L) =    -22.90012 LRT =      0.92423 p-value =      0.16818
Site    34 dN/dS =      1.00000 Full Log(L) =      0.00000 LRT =      0.00000 p-value =      1.00000
Site    35 dN/dS =      1.00000 Full Log(L) =      0.00000 LRT =      0.00000 p-value =      1.00000
Site    36 dN/dS =      1.00000 Full Log(L) =      0.00000 LRT =      0.00000 p-value =      1.00000
Site    37 dN/dS =      1.00000 Full Log(L) =      0.00000 LRT =      0.00000 p-value =      1.00000
Site    38 dN/dS =      1.00000 Full Log(L) =      0.00000 LRT =      0.00000 p-value =      1.00000
Site    39 dN/dS =      1.00000 Full Log(L) =      0.00000 LRT =      0.00000 p-value =      1.00000
Site    40 dN/dS =      1.00000 Full Log(L) =      0.00000 LRT =      0.00000 p-value =      1.00000
Site    41 dN/dS =      1.00000 Full Log(L) =      0.00000 LRT =      0.00000 p-value =      1.00000
Site    42 dN/dS =      1.00000 Full Log(L) =      0.00000 LRT =      0.00000 p-value =      1.00000
Site    43 dN/dS =      1.00000 Full Log(L) =      0.00000 LRT =      0.00000 p-value =      1.00000
Site    44 dN/dS =      1.00000 Full Log(L) =      0.00000 LRT =      0.00000 p-value =      1.00000
Site    45 dN/dS =      1.00000 Full Log(L) =      0.00000 LRT =      0.00000 p-value =      1.00000
Site    46 dN/dS =      1.00000 Full Log(L) =      0.00000 LRT =      0.00000 p-value =      1.00000
Site    47 dN/dS =      1.00000 Full Log(L) =      0.00000 LRT =      0.00000 p-value =      1.00000
Site    48 dN/dS =      1.00000 Full Log(L) =      0.00000 LRT =      0.00000 p-value =      1.00000
Site    49 dN/dS =      0.00000 Full Log(L) =    -10.19119 LRT =      0.54690 p-value =      0.22979
Site    50 dN/dS =      1.00000 Full Log(L) =      0.00000 LRT =      0.00000 p-value =      1.00000
Site    51 dN/dS =      1.00000 Full Log(L) =      0.00000 LRT =      0.00000 p-value =      1.00000
Site    52 dN/dS =      0.00000 Full Log(L) =    -10.60258 LRT =      0.93942 p-value =      0.16621
Site    53 dN/dS =      0.00000 Full Log(L) =    -11.37773 LRT =      0.90527 p-value =      0.17069
Site    54 dN/dS =      1.00000 Full Log(L) =      0.00000 LRT =      0.00000 p-value =      1.00000
Site    55 dN/dS =      1.00000 Full Log(L) =      0.00000 LRT =      0.00000 p-value =      1.00000
Site    56 dN/dS =      1.00000 Full Log(L) =      0.00000 LRT =      0.00000 p-value =      1.00000
Site    57 dN/dS =      0.00000 Full Log(L) =     -9.67700 LRT =      1.00689 p-value =      0.15782
Site    58 dN/dS =      1.00000 Full Log(L) =      0.00000 LRT =      0.00000 p-value =      1.00000
Site    59 dN/dS =      1.00000 Full Log(L) =      0.00000 LRT =      0.00000 p-value =      1.00000
Site    60 dN/dS =      1.00000 Full Log(L) =      0.00000 LRT =      0.00000 p-value =      1.00000
Site    61 dN/dS =      5.43889 Full Log(L) =    -21.00205 LRT =      5.23477 p-value =      0.01107 *P
Site    62 dN/dS =      0.00000 Full Log(L) =    -10.62821 LRT =      0.78596 p-value =      0.18766
Site    63 dN/dS =      1.00000 Full Log(L) =      0.00000 LRT =      0.00000 p-value =      1.00000
Site    64 dN/dS =      4.45323 Full Log(L) =    -14.27561 LRT =      2.85854 p-value =      0.04544 *P
Site    65 dN/dS =      5.20085 Full Log(L) =    -19.91721 LRT =      5.01945 p-value =      0.01253 *P
Site    66 dN/dS =      1.00000 Full Log(L) =      0.00000 LRT =      0.00000 p-value =      1.00000
Site    67 dN/dS =      1.00000 Full Log(L) =      0.00000 LRT =      0.00000 p-value =      1.00000
Site    68 dN/dS =      1.00000 Full Log(L) =      0.00000 LRT =      0.00000 p-value =      1.00000
Site    69 dN/dS =      1.92134 Full Log(L) =     -9.89694 LRT =      0.34568 p-value =      0.27828
Site    70 dN/dS =      1.77190 Full Log(L) =     -9.77336 LRT =      0.27190 p-value =      0.30103
Site    71 dN/dS =      1.00000 Full Log(L) =      0.00000 LRT =      0.00000 p-value =      1.00000
Site    72 dN/dS =      0.00000 Full Log(L) =    -11.42011 LRT =      0.92434 p-value =      0.16817
Site    73 dN/dS =      1.00000 Full Log(L) =      0.00000 LRT =      0.00000 p-value =      1.00000
Site    74 dN/dS =      1.00000 Full Log(L) =      0.00000 LRT =      0.00000 p-value =      1.00000
Site    75 dN/dS =      1.00000 Full Log(L) =      0.00000 LRT =      0.00000 p-value =      1.00000
Site    76 dN/dS =      1.00000 Full Log(L) =      0.00000 LRT =      0.00000 p-value =      1.00000
Site    77 dN/dS =      1.00000 Full Log(L) =      0.00000 LRT =      0.00000 p-value =      1.00000
Site    78 dN/dS =      1.00000 Full Log(L) =      0.00000 LRT =      0.00000 p-value =      1.00000
Site    79 dN/dS =      0.00000 Full Log(L) =     -9.57734 LRT =      0.91929 p-value =      0.16883
Site    80 dN/dS =      1.00000 Full Log(L) =      0.00000 LRT =      0.00000 p-value =      1.00000
Site    81 dN/dS =      1.00000 Full Log(L) =      0.00000 LRT =      0.00000 p-value =      1.00000
Site    82 dN/dS =      1.00000 Full Log(L) =      0.00000 LRT =      0.00000 p-value =      1.00000
Site    83 dN/dS =      1.00000 Full Log(L) =      0.00000 LRT =      0.00000 p-value =      1.00000
Site    84 dN/dS =      1.00000 Full Log(L) =      0.00000 LRT =      0.00000 p-value =      1.00000
Site    85 dN/dS =      1.00000 Full Log(L) =      0.00000 LRT =      0.00000 p-value =      1.00000
Site    86 dN/dS =      1.00000 Full Log(L) =      0.00000 LRT =      0.00000 p-value =      1.00000
Site    87 dN/dS =      0.00000 Full Log(L) =    -17.51992 LRT =      0.46231 p-value =      0.24827
Site    88 dN/dS =      1.00000 Full Log(L) =      0.00000 LRT =      0.00000 p-value =      1.00000
Site    89 dN/dS =      1.00000 Full Log(L) =      0.00000 LRT =      0.00000 p-value =      1.00000
Site    90 dN/dS =      1.00000 Full Log(L) =      0.00000 LRT =      0.00000 p-value =      1.00000
Site    91 dN/dS =      1.00000 Full Log(L) =      0.00000 LRT =      0.00000 p-value =      1.00000
Site    92 dN/dS =      1.00000 Full Log(L) =      0.00000 LRT =      0.00000 p-value =      1.00000
Site    93 dN/dS =      1.00000 Full Log(L) =      0.00000 LRT =      0.00000 p-value =      1.00000
Site    94 dN/dS =      1.00000 Full Log(L) =      0.00000 LRT =      0.00000 p-value =      1.00000
Site    95 dN/dS =      1.00000 Full Log(L) =      0.00000 LRT =      0.00000 p-value =      1.00000
Site    96 dN/dS =      0.00000 Full Log(L) =    -10.05297 LRT =      0.54690 p-value =      0.22979
Site    97 dN/dS =      1.00000 Full Log(L) =      0.00000 LRT =      0.00000 p-value =      1.00000
Site    98 dN/dS =      1.00000 Full Log(L) =      0.00000 LRT =      0.00000 p-value =      1.00000
Site    99 dN/dS =      1.00000 Full Log(L) =      0.00000 LRT =      0.00000 p-value =      1.00000
Site   100 dN/dS =      1.00000 Full Log(L) =      0.00000 LRT =      0.00000 p-value =      1.00000
Site   101 dN/dS =      1.91837 Full Log(L) =    -10.74760 LRT =      0.34420 p-value =      0.27871
Site   102 dN/dS =      1.00000 Full Log(L) =      0.00000 LRT =      0.00000 p-value =      1.00000
Site   103 dN/dS =      1.00000 Full Log(L) =      0.00000 LRT =      0.00000 p-value =      1.00000
Site   104 dN/dS =      1.00000 Full Log(L) =      0.00000 LRT =      0.00000 p-value =      1.00000
Site   105 dN/dS =      1.00000 Full Log(L) =      0.00000 LRT =      0.00000 p-value =      1.00000
Site   106 dN/dS =      1.00000 Full Log(L) =      0.00000 LRT =      0.00000 p-value =      1.00000
Site   107 dN/dS =      1.00000 Full Log(L) =      0.00000 LRT =      0.00000 p-value =      1.00000
Site   108 dN/dS =      2.28639 Full Log(L) =    -10.09562 LRT =      0.52611 p-value =      0.23412
Site   109 dN/dS =      1.00000 Full Log(L) =      0.00000 LRT =      0.00000 p-value =      1.00000
Site   110 dN/dS =      0.00000 Full Log(L) =    -10.32126 LRT =      0.72681 p-value =      0.19696
Site   111 dN/dS =      1.00000 Full Log(L) =      0.00000 LRT =      0.00000 p-value =      1.00000
Site   112 dN/dS =      1.00000 Full Log(L) =      0.00000 LRT =      0.00000 p-value =      1.00000
Site   113 dN/dS =      1.00000 Full Log(L) =      0.00000 LRT =      0.00000 p-value =      1.00000
Site   114 dN/dS =      1.00000 Full Log(L) =      0.00000 LRT =      0.00000 p-value =      1.00000
Site   115 dN/dS =      1.00000 Full Log(L) =      0.00000 LRT =      0.00000 p-value =      1.00000
Site   116 dN/dS =      1.00000 Full Log(L) =      0.00000 LRT =      0.00000 p-value =      1.00000
Site   117 dN/dS =      1.00000 Full Log(L) =      0.00000 LRT =      0.00000 p-value =      1.00000
Site   118 dN/dS =      0.00000 Full Log(L) =    -10.24012 LRT =      0.93942 p-value =      0.16621
Site   119 dN/dS =      1.00000 Full Log(L) =      0.00000 LRT =      0.00000 p-value =      1.00000
Site   120 dN/dS =      1.00000 Full Log(L) =      0.00000 LRT =      0.00000 p-value =      1.00000
Site   121 dN/dS =      1.00000 Full Log(L) =      0.00000 LRT =      0.00000 p-value =      1.00000
Site   122 dN/dS =      0.00000 Full Log(L) =    -11.38280 LRT =      0.93942 p-value =      0.16621
Site   123 dN/dS =      1.00000 Full Log(L) =      0.00000 LRT =      0.00000 p-value =      1.00000
Site   124 dN/dS =      1.00000 Full Log(L) =      0.00000 LRT =      0.00000 p-value =      1.00000
Site   125 dN/dS =      1.00000 Full Log(L) =      0.00000 LRT =      0.00000 p-value =      1.00000
Site   126 dN/dS =      1.00000 Full Log(L) =      0.00000 LRT =      0.00000 p-value =      1.00000
Site   127 dN/dS =      1.00000 Full Log(L) =      0.00000 LRT =      0.00000 p-value =      1.00000
Site   128 dN/dS =      1.00000 Full Log(L) =      0.00000 LRT =      0.00000 p-value =      1.00000
Site   129 dN/dS =      1.00000 Full Log(L) =      0.00000 LRT =      0.00000 p-value =      1.00000
Site   130 dN/dS =      0.00000 Full Log(L) =    -10.49711 LRT =      0.70479 p-value =      0.20059
Site   131 dN/dS =      1.00000 Full Log(L) =      0.00000 LRT =      0.00000 p-value =      1.00000
Site   132 dN/dS =      1.00000 Full Log(L) =      0.00000 LRT =      0.00000 p-value =      1.00000
Site   133 dN/dS =      0.00000 Full Log(L) =     -8.84896 LRT =      0.90527 p-value =      0.17069
Site   134 dN/dS =      1.00000 Full Log(L) =      0.00000 LRT =      0.00000 p-value =      1.00000
Site   135 dN/dS =      0.00000 Full Log(L) =    -10.22197 LRT =      1.00692 p-value =      0.15782
Site   136 dN/dS =      1.00000 Full Log(L) =      0.00000 LRT =      0.00000 p-value =      1.00000
Site   137 dN/dS =      1.00000 Full Log(L) =      0.00000 LRT =      0.00000 p-value =      1.00000
Site   138 dN/dS =      2.18499 Full Log(L) =     -9.71480 LRT =      0.47638 p-value =      0.24503
Site   139 dN/dS =      1.00000 Full Log(L) =      0.00000 LRT =      0.00000 p-value =      1.00000
Site   140 dN/dS =      1.00000 Full Log(L) =      0.00000 LRT =      0.00000 p-value =      1.00000
Site   141 dN/dS =      1.00000 Full Log(L) =      0.00000 LRT =      0.00000 p-value =      1.00000
Site   142 dN/dS =      1.00000 Full Log(L) =      0.00000 LRT =      0.00000 p-value =      1.00000
Site   143 dN/dS =      1.00000 Full Log(L) =      0.00000 LRT =      0.00000 p-value =      1.00000
Site   144 dN/dS =      1.00000 Full Log(L) =      0.00000 LRT =      0.00000 p-value =      1.00000
Site   145 dN/dS =      1.00000 Full Log(L) =      0.00000 LRT =      0.00000 p-value =      1.00000
Site   146 dN/dS =      1.00000 Full Log(L) =      0.00000 LRT =      0.00000 p-value =      1.00000
Site   147 dN/dS =      1.00000 Full Log(L) =      0.00000 LRT =      0.00000 p-value =      1.00000
Site   148 dN/dS =      1.00000 Full Log(L) =      0.00000 LRT =      0.00000 p-value =      1.00000
Site   149 dN/dS =      1.00000 Full Log(L) =      0.00000 LRT =      0.00000 p-value =      1.00000
Site   150 dN/dS =      0.00000 Full Log(L) =     -9.74705 LRT =      1.15502 p-value =      0.14125
Site   151 dN/dS =      1.00000 Full Log(L) =      0.00000 LRT =      0.00000 p-value =      1.00000
Site   152 dN/dS =      1.00000 Full Log(L) =      0.00000 LRT =      0.00000 p-value =      1.00000
Site   153 dN/dS =      2.55571 Full Log(L) =    -10.64071 LRT =      0.65734 p-value =      0.20875
Site   154 dN/dS =      1.00000 Full Log(L) =      0.00000 LRT =      0.00000 p-value =      1.00000
Site   155 dN/dS =      1.00000 Full Log(L) =      0.00000 LRT =      0.00000 p-value =      1.00000
Site   156 dN/dS =      1.00000 Full Log(L) =      0.00000 LRT =      0.00000 p-value =      1.00000
Site   157 dN/dS =      1.00000 Full Log(L) =      0.00000 LRT =      0.00000 p-value =      1.00000
Site   158 dN/dS =      1.00000 Full Log(L) =      0.00000 LRT =      0.00000 p-value =      1.00000
Site   159 dN/dS =      1.00000 Full Log(L) =      0.00000 LRT =      0.00000 p-value =      1.00000
Site   160 dN/dS =      1.97373 Full Log(L) =    -10.19450 LRT =      0.37184 p-value =      0.27100
Site   161 dN/dS =      1.00000 Full Log(L) =      0.00000 LRT =      0.00000 p-value =      1.00000
Site   162 dN/dS =      1.00000 Full Log(L) =      0.00000 LRT =      0.00000 p-value =      1.00000
Site   163 dN/dS =      1.00000 Full Log(L) =      0.00000 LRT =      0.00000 p-value =      1.00000
Site   164 dN/dS =      1.00000 Full Log(L) =      0.00000 LRT =      0.00000 p-value =      1.00000
Site   165 dN/dS =      1.00000 Full Log(L) =      0.00000 LRT =      0.00000 p-value =      1.00000
Site   166 dN/dS =      1.00000 Full Log(L) =      0.00000 LRT =      0.00000 p-value =      1.00000
Site   167 dN/dS =      1.00000 Full Log(L) =      0.00000 LRT =      0.00000 p-value =      1.00000
Site   168 dN/dS =      1.00000 Full Log(L) =      0.00000 LRT =      0.00000 p-value =      1.00000
Site   169 dN/dS =      1.00000 Full Log(L) =      0.00000 LRT =      0.00000 p-value =      1.00000
Site   170 dN/dS =      1.00000 Full Log(L) =      0.00000 LRT =      0.00000 p-value =      1.00000
Site   171 dN/dS =      1.00000 Full Log(L) =      0.00000 LRT =      0.00000 p-value =      1.00000
Site   172 dN/dS =      1.00000 Full Log(L) =      0.00000 LRT =      0.00000 p-value =      1.00000
Site   173 dN/dS =      1.00000 Full Log(L) =      0.00000 LRT =      0.00000 p-value =      1.00000
Site   174 dN/dS =      1.00000 Full Log(L) =      0.00000 LRT =      0.00000 p-value =      1.00000
Site   175 dN/dS =      1.00000 Full Log(L) =      0.00000 LRT =      0.00000 p-value =      1.00000
Site   176 dN/dS =      1.00000 Full Log(L) =      0.00000 LRT =      0.00000 p-value =      1.00000
Site   177 dN/dS =      1.00000 Full Log(L) =      0.00000 LRT =      0.00000 p-value =      1.00000
Site   178 dN/dS =      1.00000 Full Log(L) =      0.00000 LRT =      0.00000 p-value =      1.00000
Site   179 dN/dS =      0.00000 Full Log(L) =    -21.83470 LRT =      1.03220 p-value =      0.15482
Site   180 dN/dS =      0.00000 Full Log(L) =    -11.97345 LRT =      0.44552 p-value =      0.25224
Site   181 dN/dS =      1.00000 Full Log(L) =      0.00000 LRT =      0.00000 p-value =      1.00000
Site   182 dN/dS =      1.00000 Full Log(L) =      0.00000 LRT =      0.00000 p-value =      1.00000
Site   183 dN/dS =      1.00000 Full Log(L) =      0.00000 LRT =      0.00000 p-value =      1.00000
Site   184 dN/dS =      1.00000 Full Log(L) =      0.00000 LRT =      0.00000 p-value =      1.00000
Site   185 dN/dS =      1.00000 Full Log(L) =      0.00000 LRT =      0.00000 p-value =      1.00000
Site   186 dN/dS =      1.00000 Full Log(L) =      0.00000 LRT =      0.00000 p-value =      1.00000
Site   187 dN/dS =      1.00000 Full Log(L) =      0.00000 LRT =      0.00000 p-value =      1.00000
Site   188 dN/dS =      1.00000 Full Log(L) =      0.00000 LRT =      0.00000 p-value =      1.00000
Site   189 dN/dS =      1.00000 Full Log(L) =      0.00000 LRT =      0.00000 p-value =      1.00000
Site   190 dN/dS =      1.00000 Full Log(L) =      0.00000 LRT =      0.00000 p-value =      1.00000
Site   191 dN/dS =      1.00000 Full Log(L) =      0.00000 LRT =      0.00000 p-value =      1.00000
Site   192 dN/dS =      1.00000 Full Log(L) =      0.00000 LRT =      0.00000 p-value =      1.00000
Site   193 dN/dS =      1.00000 Full Log(L) =      0.00000 LRT =      0.00000 p-value =      1.00000
Site   194 dN/dS =      1.00000 Full Log(L) =      0.00000 LRT =      0.00000 p-value =      1.00000
Site   195 dN/dS =      1.00000 Full Log(L) =      0.00000 LRT =      0.00000 p-value =      1.00000
Site   196 dN/dS =      1.00000 Full Log(L) =      0.00000 LRT =      0.00000 p-value =      1.00000
Site   197 dN/dS =      1.00000 Full Log(L) =      0.00000 LRT =      0.00000 p-value =      1.00000
Site   198 dN/dS =      1.00000 Full Log(L) =      0.00000 LRT =      0.00000 p-value =      1.00000
Site   199 dN/dS =      6.77670 Full Log(L) =    -26.33091 LRT =      6.33477 p-value =      0.00592 *P
Site   200 dN/dS =      1.00000 Full Log(L) =      0.00000 LRT =      0.00000 p-value =      1.00000
Site   201 dN/dS =      1.00000 Full Log(L) =      0.00000 LRT =      0.00000 p-value =      1.00000
Site   202 dN/dS =      5.12721 Full Log(L) =    -23.59026 LRT =      4.95415 p-value =      0.01301 *P
Site   203 dN/dS =      0.00000 Full Log(L) =    -16.55188 LRT =      0.90527 p-value =      0.17069
Site   204 dN/dS =      1.91982 Full Log(L) =    -13.44792 LRT =      0.34492 p-value =      0.27850
Site   205 dN/dS =      1.77601 Full Log(L) =     -9.54806 LRT =      0.27392 p-value =      0.30036
Site   206 dN/dS =      1.92601 Full Log(L) =    -15.34764 LRT =      0.34801 p-value =      0.27762
Site   207 dN/dS =      1.00000 Full Log(L) =      0.00000 LRT =      0.00000 p-value =      1.00000
Site   208 dN/dS =      1.00000 Full Log(L) =      0.00000 LRT =      0.00000 p-value =      1.00000
Site   209 dN/dS =      0.00000 Full Log(L) =    -11.17206 LRT =      1.13477 p-value =      0.14338
Site   210 dN/dS =      0.00000 Full Log(L) =    -11.70920 LRT =      0.44495 p-value =      0.25237
Site   211 dN/dS =      1.00000 Full Log(L) =      0.00000 LRT =      0.00000 p-value =      1.00000
Site   212 dN/dS =      1.00000 Full Log(L) =      0.00000 LRT =      0.00000 p-value =      1.00000
Site   213 dN/dS =      0.00000 Full Log(L) =    -10.19088 LRT =      0.54690 p-value =      0.22979
Site   214 dN/dS =      1.95945 Full Log(L) =    -12.96270 LRT =      0.36490 p-value =      0.27290
Site   215 dN/dS =      1.00000 Full Log(L) =      0.00000 LRT =      0.00000 p-value =      1.00000
Site   216 dN/dS =      1.00000 Full Log(L) =      0.00000 LRT =      0.00000 p-value =      1.00000
Site   217 dN/dS =      1.00000 Full Log(L) =      0.00000 LRT =      0.00000 p-value =      1.00000
Site   218 dN/dS =      2.13928 Full Log(L) =    -16.36628 LRT =      0.45422 p-value =      0.25017
Site   219 dN/dS =      2.21467 Full Log(L) =     -9.88582 LRT =      0.49145 p-value =      0.24164
Site   220 dN/dS =      1.00000 Full Log(L) =      0.00000 LRT =      0.00000 p-value =      1.00000
Site   221 dN/dS =      1.00000 Full Log(L) =      0.00000 LRT =      0.00000 p-value =      1.00000
Site   222 dN/dS =      1.00000 Full Log(L) =      0.00000 LRT =      0.00000 p-value =      1.00000
Site   223 dN/dS =      0.00000 Full Log(L) =     -9.85950 LRT =      0.87998 p-value =      0.17410
Site   224 dN/dS =      0.00000 Full Log(L) =    -11.05516 LRT =      1.07273 p-value =      0.15017
Site   225 dN/dS =      0.00000 Full Log(L) =     -9.78531 LRT =      1.13472 p-value =      0.14338
Site   226 dN/dS =      1.00000 Full Log(L) =      0.00000 LRT =      0.00000 p-value =      1.00000
Site   227 dN/dS =      1.00000 Full Log(L) =      0.00000 LRT =      0.00000 p-value =      1.00000
Site   228 dN/dS =      1.00000 Full Log(L) =      0.00000 LRT =      0.00000 p-value =      1.00000
Site   229 dN/dS =      1.00000 Full Log(L) =      0.00000 LRT =      0.00000 p-value =      1.00000
Site   230 dN/dS =      1.00000 Full Log(L) =      0.00000 LRT =      0.00000 p-value =      1.00000
Site   231 dN/dS =      0.00000 Full Log(L) =    -10.00456 LRT =      0.91030 p-value =      0.17002
Site   232 dN/dS =      1.00000 Full Log(L) =      0.00000 LRT =      0.00000 p-value =      1.00000
Site   233 dN/dS =      0.00000 Full Log(L) =     -9.47890 LRT =      0.84075 p-value =      0.17959
Site   234 dN/dS =      0.00000 Full Log(L) =    -17.17232 LRT =      1.15469 p-value =      0.14128
Site   235 dN/dS =      0.00000 Full Log(L) =    -18.22284 LRT =      0.78596 p-value =      0.18766
Site   236 dN/dS =     23.48362 Full Log(L) =    -55.73480 LRT =     52.02966 p-value =      0.00000 *P
Site   237 dN/dS =      1.00000 Full Log(L) =      0.00000 LRT =      0.00000 p-value =      1.00000
Site   238 dN/dS =      1.00000 Full Log(L) =      0.00000 LRT =      0.00000 p-value =      1.00000
Site   239 dN/dS =      4.37623 Full Log(L) =    -19.61789 LRT =      2.80593 p-value =      0.04696 *P
Site   240 dN/dS =      1.00000 Full Log(L) =      0.00000 LRT =      0.00000 p-value =      1.00000
Site   241 dN/dS =      1.00000 Full Log(L) =      0.00000 LRT =      0.00000 p-value =      1.00000
Site   242 dN/dS =      1.00000 Full Log(L) =      0.00000 LRT =      0.00000 p-value =      1.00000
Site   243 dN/dS =      1.00000 Full Log(L) =      0.00000 LRT =      0.00000 p-value =      1.00000
Site   244 dN/dS =      1.00000 Full Log(L) =      0.00000 LRT =      0.00000 p-value =      1.00000
Site   245 dN/dS =     22.51498 Full Log(L) =    -62.56385 LRT =     46.80932 p-value =      0.00000 *P
Site   246 dN/dS =      1.00000 Full Log(L) =      0.00000 LRT =      0.00000 p-value =      1.00000
Site   247 dN/dS =      1.00000 Full Log(L) =      0.00000 LRT =      0.00000 p-value =      1.00000
Site   248 dN/dS =      1.00000 Full Log(L) =      0.00000 LRT =      0.00000 p-value =      1.00000
Site   249 dN/dS =      1.00000 Full Log(L) =      0.00000 LRT =      0.00000 p-value =      1.00000
Site   250 dN/dS =      1.00000 Full Log(L) =      0.00000 LRT =      0.00000 p-value =      1.00000
Site   251 dN/dS =      1.00000 Full Log(L) =      0.00000 LRT =      0.00000 p-value =      1.00000
Site   252 dN/dS =      1.00000 Full Log(L) =      0.00000 LRT =      0.00000 p-value =      1.00000
Site   253 dN/dS =      0.00000 Full Log(L) =    -10.54714 LRT =      0.93942 p-value =      0.16621
Site   254 dN/dS =      1.00000 Full Log(L) =      0.00000 LRT =      0.00000 p-value =      1.00000
Site   255 dN/dS =      1.00000 Full Log(L) =      0.00000 LRT =      0.00000 p-value =      1.00000
Site   256 dN/dS =      1.00000 Full Log(L) =      0.00000 LRT =      0.00000 p-value =      1.00000
Site   257 dN/dS =      1.00000 Full Log(L) =      0.00000 LRT =      0.00000 p-value =      1.00000
Site   258 dN/dS =      1.00000 Full Log(L) =      0.00000 LRT =      0.00000 p-value =      1.00000
Site   259 dN/dS =      2.45653 Full Log(L) =    -11.20573 LRT =      0.60997 p-value =      0.21740
Site   260 dN/dS =      0.00000 Full Log(L) =     -9.40238 LRT =      0.45967 p-value =      0.24889
Site   261 dN/dS =      1.00000 Full Log(L) =      0.00000 LRT =      0.00000 p-value =      1.00000
Site   262 dN/dS =      1.00000 Full Log(L) =      0.00000 LRT =      0.00000 p-value =      1.00000
Site   263 dN/dS =      1.00000 Full Log(L) =      0.00000 LRT =      0.00000 p-value =      1.00000
Site   264 dN/dS =      1.00000 Full Log(L) =      0.00000 LRT =      0.00000 p-value =      1.00000
Site   265 dN/dS =      0.00000 Full Log(L) =    -10.75277 LRT =      1.18834 p-value =      0.13783
Site   266 dN/dS =      1.00000 Full Log(L) =      0.00000 LRT =      0.00000 p-value =      1.00000
Site   267 dN/dS =      0.00000 Full Log(L) =    -10.80274 LRT =      0.44519 p-value =      0.25231
Site   268 dN/dS =      1.00000 Full Log(L) =      0.00000 LRT =      0.00000 p-value =      1.00000
Site   269 dN/dS =      1.00000 Full Log(L) =      0.00000 LRT =      0.00000 p-value =      1.00000
Site   270 dN/dS =      1.00000 Full Log(L) =      0.00000 LRT =      0.00000 p-value =      1.00000
Site   271 dN/dS =      1.00000 Full Log(L) =      0.00000 LRT =      0.00000 p-value =      1.00000
Site   272 dN/dS =      1.00000 Full Log(L) =      0.00000 LRT =      0.00000 p-value =      1.00000
Site   273 dN/dS =      0.00000 Full Log(L) =    -14.80788 LRT =      0.72681 p-value =      0.19696
Site   274 dN/dS =      1.00000 Full Log(L) =      0.00000 LRT =      0.00000 p-value =      1.00000
Site   275 dN/dS =      1.00000 Full Log(L) =      0.00000 LRT =      0.00000 p-value =      1.00000
Site   276 dN/dS =      1.78951 Full Log(L) =     -9.85163 LRT =      0.28037 p-value =      0.29823
Site   277 dN/dS =      3.18007 Full Log(L) =    -10.41588 LRT =      0.93931 p-value =      0.16623
Site   278 dN/dS =      1.00000 Full Log(L) =      0.00000 LRT =      0.00000 p-value =      1.00000
Site   279 dN/dS =      1.00000 Full Log(L) =      0.00000 LRT =      0.00000 p-value =      1.00000
Site   280 dN/dS =      1.00000 Full Log(L) =      0.00000 LRT =      0.00000 p-value =      1.00000
Site   281 dN/dS =      1.00000 Full Log(L) =      0.00000 LRT =      0.00000 p-value =      1.00000
Site   282 dN/dS =      1.00000 Full Log(L) =      0.00000 LRT =      0.00000 p-value =      1.00000
Site   283 dN/dS =      1.00000 Full Log(L) =      0.00000 LRT =      0.00000 p-value =      1.00000
Site   284 dN/dS =      1.00000 Full Log(L) =      0.00000 LRT =      0.00000 p-value =      1.00000
Site   285 dN/dS =      1.00000 Full Log(L) =      0.00000 LRT =      0.00000 p-value =      1.00000
Site   286 dN/dS =      0.00000 Full Log(L) =    -13.13870 LRT =      0.71007 p-value =      0.19971
Site   287 dN/dS =      1.00000 Full Log(L) =      0.00000 LRT =      0.00000 p-value =      1.00000
Site   288 dN/dS =      1.00000 Full Log(L) =      0.00000 LRT =      0.00000 p-value =      1.00000
Site   289 dN/dS =      1.00000 Full Log(L) =      0.00000 LRT =      0.00000 p-value =      1.00000
Site   290 dN/dS =      1.00000 Full Log(L) =      0.00000 LRT =      0.00000 p-value =      1.00000
Site   291 dN/dS =      1.69387 Full Log(L) =    -10.50069 LRT =      0.23402 p-value =      0.31428
Site   292 dN/dS =      1.00000 Full Log(L) =      0.00000 LRT =      0.00000 p-value =      1.00000
Site   293 dN/dS =      1.00000 Full Log(L) =      0.00000 LRT =      0.00000 p-value =      1.00000
Site   294 dN/dS =      1.00000 Full Log(L) =      0.00000 LRT =      0.00000 p-value =      1.00000
Site   295 dN/dS =      0.00000 Full Log(L) =    -13.79025 LRT =      0.78576 p-value =      0.18769
Site   296 dN/dS =      1.99718 Full Log(L) =     -9.50864 LRT =      0.38336 p-value =      0.26791
Site   297 dN/dS =      1.00000 Full Log(L) =      0.00000 LRT =      0.00000 p-value =      1.00000
Site   298 dN/dS =      1.00000 Full Log(L) =      0.00000 LRT =      0.00000 p-value =      1.00000
Site   299 dN/dS =      1.00000 Full Log(L) =      0.00000 LRT =      0.00000 p-value =      1.00000
Site   300 dN/dS =      1.00000 Full Log(L) =      0.00000 LRT =      0.00000 p-value =      1.00000
Site   301 dN/dS =      2.18681 Full Log(L) =    -10.95253 LRT =      0.47725 p-value =      0.24484
Site   302 dN/dS =      1.00000 Full Log(L) =      0.00000 LRT =      0.00000 p-value =      1.00000
Site   303 dN/dS =      1.00000 Full Log(L) =      0.00000 LRT =      0.00000 p-value =      1.00000
Site   304 dN/dS =      0.00000 Full Log(L) =    -10.38404 LRT =      0.84077 p-value =      0.17959
Site   305 dN/dS =      1.00000 Full Log(L) =      0.00000 LRT =      0.00000 p-value =      1.00000
Site   306 dN/dS =      1.00000 Full Log(L) =      0.00000 LRT =      0.00000 p-value =      1.00000
Site   307 dN/dS =      1.91270 Full Log(L) =    -10.34547 LRT =      0.34139 p-value =      0.27952
Site   308 dN/dS =      1.00000 Full Log(L) =      0.00000 LRT =      0.00000 p-value =      1.00000
Site   309 dN/dS =      1.00000 Full Log(L) =      0.00000 LRT =      0.00000 p-value =      1.00000
Site   310 dN/dS =      1.00000 Full Log(L) =      0.00000 LRT =      0.00000 p-value =      1.00000
Site   311 dN/dS =      1.00000 Full Log(L) =      0.00000 LRT =      0.00000 p-value =      1.00000
Site   312 dN/dS =      1.00000 Full Log(L) =      0.00000 LRT =      0.00000 p-value =      1.00000
Site   313 dN/dS =      1.00000 Full Log(L) =      0.00000 LRT =      0.00000 p-value =      1.00000
Site   314 dN/dS =      1.00000 Full Log(L) =      0.00000 LRT =      0.00000 p-value =      1.00000
Site   315 dN/dS =      0.00000 Full Log(L) =    -10.45181 LRT =      1.10670 p-value =      0.14640
Site   316 dN/dS =      1.00000 Full Log(L) =      0.00000 LRT =      0.00000 p-value =      1.00000
Site   317 dN/dS =      1.00000 Full Log(L) =      0.00000 LRT =      0.00000 p-value =      1.00000
Site   318 dN/dS =      2.76890 Full Log(L) =    -11.35455 LRT =      0.75579 p-value =      0.19232
Site   319 dN/dS =      1.00000 Full Log(L) =      0.00000 LRT =      0.00000 p-value =      1.00000
Site   320 dN/dS =      6.29468 Full Log(L) =    -32.49156 LRT =      5.96359 p-value =      0.00730 *P
Site   321 dN/dS =      1.00000 Full Log(L) =      0.00000 LRT =      0.00000 p-value =      1.00000
Site   322 dN/dS =      0.00000 Full Log(L) =    -11.44033 LRT =      0.91030 p-value =      0.17002
Site   323 dN/dS =      1.00000 Full Log(L) =      0.00000 LRT =      0.00000 p-value =      1.00000
Site   324 dN/dS =      1.00000 Full Log(L) =      0.00000 LRT =      0.00000 p-value =      1.00000
Site   325 dN/dS =      1.00000 Full Log(L) =      0.00000 LRT =      0.00000 p-value =      1.00000
Site   326 dN/dS =      1.00000 Full Log(L) =      0.00000 LRT =      0.00000 p-value =      1.00000
Site   327 dN/dS =      1.00000 Full Log(L) =      0.00000 LRT =      0.00000 p-value =      1.00000
Site   328 dN/dS =      2.19532 Full Log(L) =    -13.05177 LRT =      0.48146 p-value =      0.24388
Site   329 dN/dS =      1.00000 Full Log(L) =      0.00000 LRT =      0.00000 p-value =      1.00000
Site   330 dN/dS =      1.00000 Full Log(L) =      0.00000 LRT =      0.00000 p-value =      1.00000
Site   331 dN/dS =      1.00000 Full Log(L) =      0.00000 LRT =      0.00000 p-value =      1.00000
Site   332 dN/dS =      1.00000 Full Log(L) =      0.00000 LRT =      0.00000 p-value =      1.00000
Site   333 dN/dS =      1.00000 Full Log(L) =      0.00000 LRT =      0.00000 p-value =      1.00000
Site   334 dN/dS =      1.00000 Full Log(L) =      0.00000 LRT =      0.00000 p-value =      1.00000
Site   335 dN/dS =      0.00000 Full Log(L) =    -10.75247 LRT =      1.18834 p-value =      0.13783
Site   336 dN/dS =      1.00000 Full Log(L) =      0.00000 LRT =      0.00000 p-value =      1.00000
Site   337 dN/dS =      0.00000 Full Log(L) =    -10.95046 LRT =      1.00760 p-value =      0.15774
Site   338 dN/dS =      1.00000 Full Log(L) =      0.00000 LRT =      0.00000 p-value =      1.00000
Site   339 dN/dS =      0.00000 Full Log(L) =    -10.61592 LRT =      0.93942 p-value =      0.16621
Site   340 dN/dS =      1.00000 Full Log(L) =      0.00000 LRT =      0.00000 p-value =      1.00000
Site   341 dN/dS =      1.00000 Full Log(L) =      0.00000 LRT =      0.00000 p-value =      1.00000
Site   342 dN/dS =      1.00000 Full Log(L) =      0.00000 LRT =      0.00000 p-value =      1.00000
Site   343 dN/dS =      1.00000 Full Log(L) =      0.00000 LRT =      0.00000 p-value =      1.00000
Site   344 dN/dS =      2.21588 Full Log(L) =    -11.48709 LRT =      0.49204 p-value =      0.24151
Site   345 dN/dS =      1.00000 Full Log(L) =      0.00000 LRT =      0.00000 p-value =      1.00000
Site   346 dN/dS =      0.00000 Full Log(L) =     -4.45657 LRT =      0.94046 p-value =      0.16608
Site   347 dN/dS =      0.00000 Full Log(L) =     -3.60785 LRT =      0.88618 p-value =      0.17326
Site   348 dN/dS =      0.00000 Full Log(L) =     -4.38095 LRT =      0.60642 p-value =      0.21807
Site   349 dN/dS =      2.13588 Full Log(L) =     -9.78274 LRT =      0.45280 p-value =      0.25050
Site   350 dN/dS =      0.00000 Full Log(L) =     -4.29416 LRT =      0.81676 p-value =      0.18306
Site   351 dN/dS =      0.00000 Full Log(L) =     -4.06124 LRT =      0.66532 p-value =      0.20734
Site   352 dN/dS =      0.00000 Full Log(L) =    -10.05361 LRT =      0.81676 p-value =      0.18306
Site   353 dN/dS =      0.00000 Full Log(L) =     -4.45657 LRT =      0.94046 p-value =      0.16608
Site   354 dN/dS =      0.00000 Full Log(L) =     -4.38095 LRT =      0.60642 p-value =      0.21807
Site   355 dN/dS =      0.00000 Full Log(L) =     -3.60785 LRT =      0.88618 p-value =      0.17326
Site   356 dN/dS =      0.00000 Full Log(L) =     -3.59040 LRT =      0.79682 p-value =      0.18602
Site   357 dN/dS =      0.00000 Full Log(L) =     -3.57544 LRT =      0.72751 p-value =      0.19685
Site   358 dN/dS =      0.00000 Full Log(L) =     -4.37909 LRT =      0.94046 p-value =      0.16608
Site   359 dN/dS =      0.00000 Full Log(L) =     -4.48664 LRT =      0.36425 p-value =      0.27308
Site   360 dN/dS =      0.00000 Full Log(L) =     -4.12460 LRT =      0.79682 p-value =      0.18602
Site   361 dN/dS =      0.00000 Full Log(L) =    -11.31521 LRT =      0.91412 p-value =      0.16951
Site   362 dN/dS =      0.00000 Full Log(L) =     -4.04346 LRT =      1.08337 p-value =      0.14897
Site   363 dN/dS =      0.00000 Full Log(L) =     -4.04346 LRT =      1.08337 p-value =      0.14897
Site   364 dN/dS =      0.00000 Full Log(L) =     -3.93135 LRT =      0.82793 p-value =      0.18144
Site   365 dN/dS =      0.00000 Full Log(L) =     -9.91656 LRT =      0.94046 p-value =      0.16608
Site   366 dN/dS =      0.00000 Full Log(L) =     -4.48664 LRT =      0.36425 p-value =      0.27308
Site   367 dN/dS =      0.00000 Full Log(L) =     -3.99040 LRT =      0.57514 p-value =      0.22411
Site   368 dN/dS =      0.00000 Full Log(L) =     -4.37909 LRT =      0.94046 p-value =      0.16608
Site   369 dN/dS =      0.00000 Full Log(L) =     -4.38095 LRT =      0.60642 p-value =      0.21807
Site   370 dN/dS =      0.00000 Full Log(L) =     -4.35145 LRT =      0.87590 p-value =      0.17466
Site   371 dN/dS =      0.00000 Full Log(L) =     -4.31882 LRT =      0.73143 p-value =      0.19621
Site   372 dN/dS =      0.00000 Full Log(L) =    -17.07736 LRT =      0.43274 p-value =      0.25532
Site   373 dN/dS =      0.00000 Full Log(L) =     -3.57544 LRT =      0.72751 p-value =      0.19685
Site   374 dN/dS =      0.00000 Full Log(L) =     -4.61869 LRT =      0.62190 p-value =      0.21517
Site   375 dN/dS =      0.00000 Full Log(L) =     -8.77245 LRT =      0.77459 p-value =      0.18940
Site   376 dN/dS =      0.00000 Full Log(L) =     -4.45156 LRT =      0.91436 p-value =      0.16948
Site   377 dN/dS =      2.87454 Full Log(L) =    -10.27597 LRT =      0.80473 p-value =      0.18484
Site   378 dN/dS =      0.00000 Full Log(L) =     -4.64170 LRT =      0.91436 p-value =      0.16948
Site   379 dN/dS =      0.00000 Full Log(L) =     -4.05197 LRT =      0.42079 p-value =      0.25827
Site   380 dN/dS =      0.00000 Full Log(L) =     -4.29004 LRT =      0.79409 p-value =      0.18643
Site   381 dN/dS =      0.00000 Full Log(L) =     -4.29004 LRT =      0.79409 p-value =      0.18643
Site   382 dN/dS =      0.00000 Full Log(L) =     -3.84994 LRT =      0.80495 p-value =      0.18481
Site   383 dN/dS =      0.00000 Full Log(L) =     -4.73359 LRT =      0.62891 p-value =      0.21388
Site   384 dN/dS =      0.00000 Full Log(L) =     -3.30859 LRT =      0.67708 p-value =      0.20530
Site   385 dN/dS =      0.00000 Full Log(L) =     -4.14498 LRT =      0.87304 p-value =      0.17506
Site   386 dN/dS =      0.00000 Full Log(L) =    -12.70836 LRT =      0.69646 p-value =      0.20199
Site   387 dN/dS =      0.00000 Full Log(L) =     -4.05197 LRT =      0.42079 p-value =      0.25827
Site   388 dN/dS =      0.00000 Full Log(L) =     -4.29004 LRT =      0.79409 p-value =      0.18643
Site   389 dN/dS =      0.00000 Full Log(L) =    -10.80078 LRT =      0.79409 p-value =      0.18643
Site   390 dN/dS =      0.00000 Full Log(L) =     -4.05655 LRT =      0.64686 p-value =      0.21062
Site   391 dN/dS =      0.00000 Full Log(L) =    -10.63269 LRT =      0.70730 p-value =      0.20017
Site   392 dN/dS =      0.00000 Full Log(L) =     -4.05197 LRT =      0.42079 p-value =      0.25827
Site   393 dN/dS =      0.00000 Full Log(L) =     -4.05655 LRT =      0.64686 p-value =      0.21062
Site   394 dN/dS =      0.00000 Full Log(L) =     -3.64872 LRT =      0.70732 p-value =      0.20017
Site   395 dN/dS =      2.19760 Full Log(L) =    -10.78553 LRT =      0.48337 p-value =      0.24345
Site   396 dN/dS =      0.00000 Full Log(L) =     -9.12555 LRT =      0.67701 p-value =      0.20531
Site   397 dN/dS =      0.00000 Full Log(L) =     -9.79730 LRT =      0.34248 p-value =      0.27920
Site   398 dN/dS =      0.00000 Full Log(L) =     -3.57151 LRT =      0.70732 p-value =      0.20017
Site   399 dN/dS =      0.00000 Full Log(L) =    -10.39223 LRT =      0.85139 p-value =      0.17808
Site   400 dN/dS =      0.00000 Full Log(L) =    -10.64202 LRT =      0.33240 p-value =      0.28213
Site   401 dN/dS =      0.00000 Full Log(L) =     -9.42928 LRT =      0.64683 p-value =      0.21062
Site   402 dN/dS =      2.60064 Full Log(L) =    -21.83232 LRT =      0.67789 p-value =      0.20516
Site   403 dN/dS =      0.00000 Full Log(L) =     -3.30859 LRT =      0.67708 p-value =      0.20530
Site   404 dN/dS =      0.00000 Full Log(L) =     -4.54383 LRT =      0.69646 p-value =      0.20199
Site   405 dN/dS =      0.00000 Full Log(L) =     -3.64872 LRT =      0.70732 p-value =      0.20017
Site   406 dN/dS =      0.00000 Full Log(L) =    -10.16471 LRT =      0.77468 p-value =      0.18939
Site   407 dN/dS =      0.00000 Full Log(L) =     -3.30859 LRT =      0.67708 p-value =      0.20530
Site   408 dN/dS =      0.00000 Full Log(L) =     -4.37674 LRT =      0.58959 p-value =      0.22129
Site   409 dN/dS =      0.00000 Full Log(L) =     -4.31489 LRT =      0.71113 p-value =      0.19953
Site   410 dN/dS =      0.00000 Full Log(L) =     -4.05197 LRT =      0.42079 p-value =      0.25827
Site   411 dN/dS =      0.00000 Full Log(L) =     -3.97934 LRT =      0.64686 p-value =      0.21062
Site   412 dN/dS =      0.00000 Full Log(L) =     -3.58702 LRT =      0.77471 p-value =      0.18938
Site   413 dN/dS =      0.00000 Full Log(L) =    -17.72429 LRT =      0.67705 p-value =      0.20530
Site   414 dN/dS =      0.00000 Full Log(L) =     -3.58702 LRT =      0.77471 p-value =      0.18938
Site   415 dN/dS =      0.00000 Full Log(L) =     -4.37674 LRT =      0.58959 p-value =      0.22129
Site   416 dN/dS =      3.74131 Full Log(L) =    -11.98591 LRT =      1.16976 p-value =      0.13973
Site   417 dN/dS =      0.00000 Full Log(L) =     -3.58702 LRT =      0.77471 p-value =      0.18938
Site   418 dN/dS =      0.00000 Full Log(L) =     -4.00377 LRT =      0.72273 p-value =      0.19762
Site   419 dN/dS =      0.00000 Full Log(L) =     -3.58702 LRT =      0.77471 p-value =      0.18938
Site   420 dN/dS =      0.00000 Full Log(L) =    -10.28239 LRT =      0.91411 p-value =      0.16951
Site   421 dN/dS =      0.00000 Full Log(L) =     -3.81362 LRT =      0.82525 p-value =      0.18182
Site   422 dN/dS =      0.00000 Full Log(L) =     -3.97934 LRT =      0.64686 p-value =      0.21062
Site   423 dN/dS =      0.00000 Full Log(L) =     -4.58418 LRT =      0.42079 p-value =      0.25827
Site   424 dN/dS =      0.00000 Full Log(L) =     -3.92715 LRT =      0.80495 p-value =      0.18481
Site   425 dN/dS =      0.00000 Full Log(L) =     -4.81080 LRT =      0.62891 p-value =      0.21388
Site   426 dN/dS =      0.00000 Full Log(L) =     -4.11924 LRT =      0.77471 p-value =      0.18938
Site   427 dN/dS =      0.00000 Full Log(L) =     -3.30859 LRT =      0.67708 p-value =      0.20530
Site   428 dN/dS =      0.00000 Full Log(L) =     -3.90899 LRT =      0.55918 p-value =      0.22730
Site   429 dN/dS =      0.00000 Full Log(L) =    -10.22151 LRT =      0.72273 p-value =      0.19762
Site   430 dN/dS =      0.00000 Full Log(L) =     -4.11924 LRT =      0.77471 p-value =      0.18938
Site   431 dN/dS =      0.00000 Full Log(L) =     -3.92715 LRT =      0.80495 p-value =      0.18481
Site   432 dN/dS =      0.00000 Full Log(L) =     -4.27649 LRT =      0.69646 p-value =      0.20199
Site   433 dN/dS =      0.00000 Full Log(L) =     -9.81860 LRT =      0.67705 p-value =      0.20530
Site   434 dN/dS =      2.33763 Full Log(L) =     -9.32818 LRT =      0.55176 p-value =      0.22880
Site   435 dN/dS =      0.00000 Full Log(L) =     -3.84994 LRT =      0.80495 p-value =      0.18481
Site   436 dN/dS =      0.00000 Full Log(L) =     -4.81080 LRT =      0.62891 p-value =      0.21388
Site   437 dN/dS =      0.00000 Full Log(L) =     -4.48664 LRT =      0.35414 p-value =      0.27589
Site   438 dN/dS =      0.00000 Full Log(L) =     -4.88130 LRT =      0.56572 p-value =      0.22598
Site   439 dN/dS =      0.00000 Full Log(L) =     -3.98619 LRT =      0.55918 p-value =      0.22730
Site   440 dN/dS =      0.00000 Full Log(L) =     -3.57151 LRT =      0.70732 p-value =      0.20017
Site   441 dN/dS =      0.00000 Full Log(L) =     -4.82226 LRT =      0.79409 p-value =      0.18643
Site   442 dN/dS =      0.00000 Full Log(L) =     -4.11924 LRT =      0.77471 p-value =      0.18938
Site   443 dN/dS =      3.19605 Full Log(L) =    -10.48712 LRT =      0.94716 p-value =      0.16522
Site   444 dN/dS =      0.00000 Full Log(L) =     -4.73359 LRT =      0.62891 p-value =      0.21388
Site   445 dN/dS =      0.00000 Full Log(L) =     -4.26865 LRT =      0.72273 p-value =      0.19762
Site   446 dN/dS =      0.00000 Full Log(L) =     -4.63212 LRT =      0.79409 p-value =      0.18643
Site   447 dN/dS =      0.00000 Full Log(L) =     -5.14415 LRT =      0.34248 p-value =      0.27920
Site   448 dN/dS =      0.00000 Full Log(L) =     -4.11924 LRT =      0.77471 p-value =      0.18938
Site   449 dN/dS =      0.00000 Full Log(L) =     -9.02148 LRT =      0.70724 p-value =      0.20018
Site   450 dN/dS =      0.00000 Full Log(L) =     -4.05197 LRT =      0.42079 p-value =      0.25827
Site   451 dN/dS =      0.00000 Full Log(L) =    -10.66504 LRT =      0.71110 p-value =      0.19954
Site   452 dN/dS =      0.00000 Full Log(L) =     -4.01161 LRT =      0.69646 p-value =      0.20199
Site   453 dN/dS =      0.00000 Full Log(L) =     -3.97934 LRT =      0.64686 p-value =      0.21062
Site   454 dN/dS =      0.00000 Full Log(L) =     -3.84994 LRT =      0.80495 p-value =      0.18481
Site   455 dN/dS =      0.00000 Full Log(L) =     -4.61193 LRT =      0.34248 p-value =      0.27920
Site   456 dN/dS =      0.00000 Full Log(L) =     -4.27649 LRT =      0.69646 p-value =      0.20199
Site   457 dN/dS =      0.00000 Full Log(L) =     -3.92715 LRT =      0.80495 p-value =      0.18481
Site   458 dN/dS =      0.00000 Full Log(L) =     -4.34908 LRT =      0.54203 p-value =      0.23080
Site   459 dN/dS =      0.00000 Full Log(L) =     -3.58702 LRT =      0.77471 p-value =      0.18938
Site   460 dN/dS =      0.00000 Full Log(L) =     -4.04346 LRT =      1.05330 p-value =      0.15237
Site   461 dN/dS =      0.00000 Full Log(L) =     -3.64872 LRT =      0.70732 p-value =      0.20017
Site   462 dN/dS =      0.00000 Full Log(L) =     -3.30859 LRT =      0.67708 p-value =      0.20530
Site   463 dN/dS =      0.00000 Full Log(L) =     -5.14415 LRT =      0.34248 p-value =      0.27920
Site   464 dN/dS =      0.00000 Full Log(L) =     -4.29954 LRT =      0.58959 p-value =      0.22129
Site   465 dN/dS =      0.00000 Full Log(L) =     -3.58702 LRT =      0.77471 p-value =      0.18938
Site   466 dN/dS =      0.00000 Full Log(L) =     -3.81362 LRT =      0.82525 p-value =      0.18182
Site   467 dN/dS =      0.00000 Full Log(L) =     -4.01161 LRT =      0.69646 p-value =      0.20199
Site   468 dN/dS =      0.00000 Full Log(L) =     -3.84081 LRT =      0.67708 p-value =      0.20530
Site   469 dN/dS =      0.00000 Full Log(L) =     -3.84081 LRT =      0.67708 p-value =      0.20530
Site   470 dN/dS =      0.00000 Full Log(L) =     -4.05197 LRT =      0.42079 p-value =      0.25827
Site   471 dN/dS =      0.00000 Full Log(L) =    -16.54295 LRT =      0.34248 p-value =      0.27920
Site   472 dN/dS =      0.00000 Full Log(L) =     -4.34584 LRT =      0.85159 p-value =      0.17805
Site   473 dN/dS =      0.00000 Full Log(L) =     -3.58702 LRT =      0.77471 p-value =      0.18938
Site   474 dN/dS =      0.00000 Full Log(L) =     -3.57151 LRT =      0.70732 p-value =      0.20017
Site   475 dN/dS =      0.00000 Full Log(L) =     -4.55492 LRT =      0.79409 p-value =      0.18643
Site   476 dN/dS =      0.00000 Full Log(L) =     -4.11924 LRT =      0.77471 p-value =      0.18938
Site   477 dN/dS =      0.00000 Full Log(L) =     -3.84994 LRT =      0.80495 p-value =      0.18481
Site   478 dN/dS =      0.00000 Full Log(L) =     -4.04346 LRT =      1.05330 p-value =      0.15237
Site   479 dN/dS =      0.00000 Full Log(L) =     -4.45156 LRT =      0.91436 p-value =      0.16948
Site   480 dN/dS =      0.00000 Full Log(L) =     -9.01215 LRT =      0.70724 p-value =      0.20018
Site   481 dN/dS =      0.00000 Full Log(L) =     -4.37436 LRT =      0.91436 p-value =      0.16948
Site   482 dN/dS =      0.00000 Full Log(L) =     -4.40524 LRT =      0.74666 p-value =      0.19377
Site   483 dN/dS =      0.00000 Full Log(L) =     -4.37674 LRT =      0.58959 p-value =      0.22129
Site   484 dN/dS =      0.00000 Full Log(L) =     -3.30859 LRT =      0.67708 p-value =      0.20530
Site   485 dN/dS =      0.00000 Full Log(L) =     -3.60710 LRT =      0.86159 p-value =      0.17665
Site   486 dN/dS =      0.00000 Full Log(L) =     -3.98619 LRT =      0.55918 p-value =      0.22730
Site   487 dN/dS =      0.00000 Full Log(L) =     -4.39209 LRT =      0.71113 p-value =      0.19953
Site   488 dN/dS =      0.00000 Full Log(L) =     -3.30859 LRT =      0.67708 p-value =      0.20530
Site   489 dN/dS =      0.00000 Full Log(L) =     -4.40524 LRT =      0.74666 p-value =      0.19377
Site   490 dN/dS =      0.00000 Full Log(L) =     -3.92715 LRT =      0.80495 p-value =      0.18481
Site   491 dN/dS =      0.00000 Full Log(L) =     -3.57151 LRT =      0.70732 p-value =      0.20017
Site   492 dN/dS =      2.53032 Full Log(L) =    -11.02547 LRT =      0.64526 p-value =      0.21091
Site   493 dN/dS =      0.00000 Full Log(L) =     -4.48245 LRT =      0.74666 p-value =      0.19377
Site   494 dN/dS =      0.00000 Full Log(L) =     -3.60710 LRT =      0.86159 p-value =      0.17665
Site   495 dN/dS =      0.00000 Full Log(L) =     -4.64170 LRT =      0.91436 p-value =      0.16948
Site   496 dN/dS =      0.00000 Full Log(L) =     -4.34908 LRT =      0.54203 p-value =      0.23080
Site   497 dN/dS =      0.00000 Full Log(L) =     -4.05655 LRT =      0.64686 p-value =      0.21062
Site   498 dN/dS =      0.00000 Full Log(L) =     -3.81362 LRT =      0.82525 p-value =      0.18182
Site   499 dN/dS =      0.00000 Full Log(L) =     -9.23626 LRT =      0.70725 p-value =      0.20018
Site   500 dN/dS =      0.00000 Full Log(L) =     -4.10948 LRT =      0.88803 p-value =      0.17301
Site   501 dN/dS =      0.00000 Full Log(L) =     -9.94120 LRT =      0.69646 p-value =      0.20199
Site   502 dN/dS =      0.00000 Full Log(L) =     -3.90899 LRT =      0.55918 p-value =      0.22730
Site   503 dN/dS =      0.00000 Full Log(L) =     -3.92715 LRT =      0.80495 p-value =      0.18481
Site   504 dN/dS =      0.00000 Full Log(L) =     -4.31489 LRT =      0.71113 p-value =      0.19953
Site   505 dN/dS =      0.00000 Full Log(L) =     -3.84994 LRT =      0.80495 p-value =      0.18481
Site   506 dN/dS =      0.00000 Full Log(L) =    -10.10851 LRT =      0.72273 p-value =      0.19762
Site   507 dN/dS =      0.00000 Full Log(L) =     -3.98619 LRT =      0.55918 p-value =      0.22730
Site   508 dN/dS =      0.00000 Full Log(L) =     -3.81362 LRT =      0.82525 p-value =      0.18182
Site   509 dN/dS =      2.49906 Full Log(L) =    -16.28603 LRT =      0.62971 p-value =      0.21373
Site   510 dN/dS =      0.00000 Full Log(L) =     -3.58702 LRT =      0.77471 p-value =      0.18938
Site   511 dN/dS =      0.00000 Full Log(L) =     -4.29004 LRT =      0.79409 p-value =      0.18643
Site   512 dN/dS =      0.00000 Full Log(L) =     -4.66423 LRT =      0.35597 p-value =      0.27538
Site   513 dN/dS =      0.00000 Full Log(L) =     -3.64872 LRT =      0.70732 p-value =      0.20017
Site   514 dN/dS =      0.00000 Full Log(L) =     -3.64872 LRT =      0.70732 p-value =      0.20017
Site   515 dN/dS =      0.00000 Full Log(L) =    -16.99327 LRT =      0.77463 p-value =      0.18939
Site   516 dN/dS =      0.00000 Full Log(L) =     -4.37674 LRT =      0.58959 p-value =      0.22129
Site   517 dN/dS =      0.00000 Full Log(L) =     -4.58418 LRT =      0.42079 p-value =      0.25827
Site   518 dN/dS =      0.00000 Full Log(L) =     -4.05655 LRT =      0.64686 p-value =      0.21062
Site   519 dN/dS =      0.00000 Full Log(L) =    -10.51218 LRT =      0.67706 p-value =      0.20530
Site   520 dN/dS =      0.00000 Full Log(L) =     -4.37436 LRT =      0.91436 p-value =      0.16948
Site   521 dN/dS =      0.00000 Full Log(L) =     -4.26865 LRT =      0.72273 p-value =      0.19762
Site   522 dN/dS =      0.00000 Full Log(L) =     -4.11924 LRT =      0.77471 p-value =      0.18938
Site   523 dN/dS =      0.00000 Full Log(L) =     -5.14415 LRT =      0.34248 p-value =      0.27920
Site   524 dN/dS =      0.00000 Full Log(L) =     -3.84081 LRT =      0.67708 p-value =      0.20530
Site   525 dN/dS =      0.00000 Full Log(L) =     -4.34908 LRT =      0.54203 p-value =      0.23080
Site   526 dN/dS =      0.00000 Full Log(L) =    -11.31285 LRT =      0.88811 p-value =      0.17299
Site   527 dN/dS =      0.00000 Full Log(L) =     -3.98619 LRT =      0.55918 p-value =      0.22730
Site   528 dN/dS =      0.00000 Full Log(L) =     -3.30859 LRT =      0.67708 p-value =      0.20530
Site   529 dN/dS =      0.00000 Full Log(L) =     -3.84994 LRT =      0.80495 p-value =      0.18481
Site   530 dN/dS =      0.00000 Full Log(L) =     -4.48664 LRT =      0.35414 p-value =      0.27589
Site   531 dN/dS =      0.00000 Full Log(L) =     -4.05655 LRT =      0.64686 p-value =      0.21062
Site   532 dN/dS =      0.00000 Full Log(L) =     -4.61193 LRT =      0.34248 p-value =      0.27920
Site   533 dN/dS =      0.00000 Full Log(L) =     -4.48664 LRT =      0.35414 p-value =      0.27589
Site   534 dN/dS =      0.00000 Full Log(L) =     -3.97934 LRT =      0.64686 p-value =      0.21062
Site   535 dN/dS =      0.00000 Full Log(L) =     -4.69117 LRT =      0.60463 p-value =      0.21841
Site   536 dN/dS =      0.00000 Full Log(L) =     -4.29954 LRT =      0.58959 p-value =      0.22129
Site   537 dN/dS =      0.00000 Full Log(L) =     -4.63212 LRT =      0.79409 p-value =      0.18643
Site   538 dN/dS =      0.00000 Full Log(L) =     -3.60710 LRT =      0.86159 p-value =      0.17665
Site   539 dN/dS =      0.00000 Full Log(L) =     -4.34908 LRT =      0.54203 p-value =      0.23080
Site   540 dN/dS =      0.00000 Full Log(L) =     -4.40524 LRT =      0.74666 p-value =      0.19377
Site   541 dN/dS =      0.00000 Full Log(L) =     -4.29954 LRT =      0.58959 p-value =      0.22129
Site   542 dN/dS =      5.66510 Full Log(L) =    -13.27431 LRT =      1.81575 p-value =      0.08891 *P
Site   543 dN/dS =      0.00000 Full Log(L) =     -4.73359 LRT =      0.62891 p-value =      0.21388
Site   544 dN/dS =      0.00000 Full Log(L) =    -11.45743 LRT =      0.74665 p-value =      0.19377
Site   545 dN/dS =      0.00000 Full Log(L) =     -3.97934 LRT =      0.64686 p-value =      0.21062
Site   546 dN/dS =      2.78661 Full Log(L) =    -13.75238 LRT =      0.76485 p-value =      0.19091
Site   547 dN/dS =      0.00000 Full Log(L) =    -10.30326 LRT =      0.35511 p-value =      0.27562
Site   548 dN/dS =      0.00000 Full Log(L) =     -5.14415 LRT =      0.34248 p-value =      0.27920
Site   549 dN/dS =      0.00000 Full Log(L) =     -4.64170 LRT =      0.91436 p-value =      0.16948
Site   550 dN/dS =      0.00000 Full Log(L) =     -4.37674 LRT =      0.58959 p-value =      0.22129
Site   551 dN/dS =      0.00000 Full Log(L) =     -4.05655 LRT =      0.64686 p-value =      0.21062
Site   552 dN/dS =      0.00000 Full Log(L) =     -4.04346 LRT =      1.05330 p-value =      0.15237
Site   553 dN/dS =      0.00000 Full Log(L) =     -4
Check messages.log details of this run.
.48664 LRT =      0.35414 p-value =      0.27589
Site   554 dN/dS =      0.00000 Full Log(L) =     -4.63212 LRT =      0.79409 p-value =      0.18643
Site   555 dN/dS =      0.00000 Full Log(L) =     -4.48245 LRT =      0.74666 p-value =      0.19377
Site   556 dN/dS =      0.00000 Full Log(L) =     -4.05197 LRT =      0.42079 p-value =      0.25827
Site   557 dN/dS =      0.00000 Full Log(L) =     -3.30859 LRT =      0.67708 p-value =      0.20530
Site   558 dN/dS =      0.00000 Full Log(L) =     -4.45156 LRT =      0.91436 p-value =      0.16948
Site   559 dN/dS =      0.00000 Full Log(L) =     -3.64872 LRT =      0.70732 p-value =      0.20017
Site   560 dN/dS =      0.00000 Full Log(L) =     -3.97934 LRT =      0.64686 p-value =      0.21062
Site   561 dN/dS =      0.00000 Full Log(L) =     -4.34584 LRT =      0.85159 p-value =      0.17805
Site   562 dN/dS =      0.00000 Full Log(L) =     -4.48245 LRT =      0.74666 p-value =      0.19377
Site   563 dN/dS =      0.00000 Full Log(L) =     -3.64872 LRT =      0.70732 p-value =      0.20017
Site   564 dN/dS =      0.00000 Full Log(L) =     -3.97934 LRT =      0.64686 p-value =      0.21062
Site   565 dN/dS =      0.00000 Full Log(L) =     -4.48245 LRT =      0.74666 p-value =      0.19377
Site   566 dN/dS =      3.10710 Full Log(L) =     -9.41506 LRT =      0.90756 p-value =      0.17038


Wall-clock run-time (seconds): 1412751917
Process time on the master node: 823.33138
MPI nodes used: 0

Wall-clock time per site (seconds): 5518562.17578125
