
Check messages.log details of this run.
____________
113 species:{CY000873,CY054126,CY112957,EU514662,EU514663,CY001560,EU514665,EU514668,HQ166052,EU501322,EU501158,EU501159,EU501246,EU501247,EU502115,EU502114,EU502117,EU501155,EU502299,EF456797,CY112949,EF467827,EU514673,EU514672,EU514670,EU514679,EU502368,EU502478,EU501146,EU502470,EU502300,CY001544,CY001461,CY006859,CY001469,CY000865,EU502461,EU502463,EU502462,EU502465,EU502464,EU502467,EU502469,EU502468,EU501170,EU501269,EU514683,EU501286,EU501287,EU502315,EU514664,EU502490,EU502492,CY001552,CY026134,EU501145,CY001160,EU502125,EU502126,EU501291,EU502489,EU502488,EU502487,EU502485,EU502483,EU502480,CY001405,CY001373,EU502407,EU501362,EU502405,EU502403,EU502402,EU502521,EU502137,EU502239,EU502333,EU502338,CY003680,EU502438,CY037343,CY112981,CY001536,CY026138,CY026133,EU502241,EU502243,EU502223,EU502222,CY114357,CY112973,EU514682,CY001253,EU514680,CY000753,CY026123,CY026121,CY026127,CY026126,CY026125,CY026124,EU501223,CY001013,CY112965,EU502188,EU502458,CY026118,CY026119,CY026116,CY026117,CY026114,CY026115,EU501343};
Total Sites:1698;
Distinct Sites:242

Phase 1:Nucleotide Model (010010) Model Fit


-5051.86456921716

Phase 2:MG94x(010010) Model Fit



Phase 3:Estimating dN/dS


Nuc->codon scaling factor:1.755310864195202
Raw scaling factor:1.755310864195202
Tree scaling factor(S): 1

Using dN/dS=0.4203672650419265
Codon model:-4961.27225517287

Phase 4: Ancestral State Reconstruction and Counting

<<Significance level for Likelihood Ratio Tests (permissible range = [0,1], default value = 0.1)>>Site     1 dN/dS =      0.00000 Full Log(L) =     -4.14370 LRT =      0.91642 p-value =      0.16921
Site     2 dN/dS =      0.00000 Full Log(L) =     -3.93357 LRT =      0.59722 p-value =      0.21982
Site     3 dN/dS =      0.00000 Full Log(L) =     -4.16581 LRT =      0.57570 p-value =      0.22400
Site     4 dN/dS =      0.00000 Full Log(L) =     -4.13667 LRT =      0.59316 p-value =      0.22060
Site     5 dN/dS =      0.00000 Full Log(L) =    -10.71009 LRT =      0.61452 p-value =      0.21655
Site     6 dN/dS =      0.00000 Full Log(L) =     -4.45147 LRT =      0.64621 p-value =      0.21074
Site     7 dN/dS =      0.00000 Full Log(L) =     -4.60685 LRT =      0.39427 p-value =      0.26503
Site     8 dN/dS =      0.00000 Full Log(L) =     -4.09218 LRT =      0.72507 p-value =      0.19724
Site     9 dN/dS =      0.00000 Full Log(L) =     -4.00390 LRT =      0.53288 p-value =      0.23270
Site    10 dN/dS =      0.00000 Full Log(L) =     -4.06962 LRT =      0.59315 p-value =      0.22060
Site    11 dN/dS =      0.00000 Full Log(L) =     -7.80534 LRT =      0.35796 p-value =      0.27482
Site    12 dN/dS =      0.00000 Full Log(L) =    -10.80556 LRT =      0.64682 p-value =      0.21063
Site    13 dN/dS =      0.00000 Full Log(L) =     -4.97044 LRT =      0.36879 p-value =      0.27183
Site    14 dN/dS =      0.00000 Full Log(L) =     -4.37178 LRT =      0.63065 p-value =      0.21356
Site    15 dN/dS =      0.00000 Full Log(L) =     -4.35294 LRT =      0.61772 p-value =      0.21595
Site    16 dN/dS =      0.00000 Full Log(L) =     -4.45147 LRT =      0.64621 p-value =      0.21074
Site    17 dN/dS =      1.00000 Full Log(L) =      0.00000 LRT =      0.00000 p-value =      1.00000
Site    18 dN/dS =      0.00000 Full Log(L) =    -10.69418 LRT =      2.21119 p-value =      0.06851 *N
Site    19 dN/dS =      1.00000 Full Log(L) =      0.00000 LRT =      0.00000 p-value =      1.00000
Site    20 dN/dS =      1.00000 Full Log(L) =      0.00000 LRT =      0.00000 p-value =      1.00000
Site    21 dN/dS =      0.00000 Full Log(L) =    -20.05981 LRT =      2.48313 p-value =      0.05754 *N
Site    22 dN/dS =      1.00000 Full Log(L) =      0.00000 LRT =      0.00000 p-value =      1.00000
Site    23 dN/dS =      1.00000 Full Log(L) =      0.00000 LRT =      0.00000 p-value =      1.00000
Site    24 dN/dS =      0.84108 Full Log(L) =    -13.32447 LRT =      0.03156 p-value =      0.42950
Site    25 dN/dS =      1.00000 Full Log(L) =      0.00000 LRT =      0.00000 p-value =      1.00000
Site    26 dN/dS =      3.82232 Full Log(L) =    -35.00610 LRT =      4.76470 p-value =      0.01452 *P
Site    27 dN/dS =      0.00000 Full Log(L) =    -15.03177 LRT =      2.39108 p-value =      0.06101 *N
Site    28 dN/dS =      1.00000 Full Log(L) =      0.00000 LRT =      0.00000 p-value =      1.00000
Site    29 dN/dS =      1.00000 Full Log(L) =      0.00000 LRT =      0.00000 p-value =      1.00000
Site    30 dN/dS =      0.00000 Full Log(L) =    -10.16767 LRT =      2.39335 p-value =      0.06093 *N
Site    31 dN/dS =      0.00000 Full Log(L) =    -11.47556 LRT =      1.73530 p-value =      0.09387 *N
Site    32 dN/dS =      0.00000 Full Log(L) =    -13.81833 LRT =      2.62493 p-value =      0.05260 *N
Site    33 dN/dS =      0.00000 Full Log(L) =    -11.48367 LRT =      2.49489 p-value =      0.05711 *N
Site    34 dN/dS =      1.00000 Full Log(L) =      0.00000 LRT =      0.00000 p-value =      1.00000
Site    35 dN/dS =      1.00000 Full Log(L) =      0.00000 LRT =      0.00000 p-value =      1.00000
Site    36 dN/dS =      0.00000 Full Log(L) =     -9.04649 LRT =      2.33364 p-value =      0.06330 *N
Site    37 dN/dS =      0.89815 Full Log(L) =    -11.42289 LRT =      0.01191 p-value =      0.45655
Site    38 dN/dS =      1.00000 Full Log(L) =      0.00000 LRT =      0.00000 p-value =      1.00000
Site    39 dN/dS =      1.00000 Full Log(L) =      0.00000 LRT =      0.00000 p-value =      1.00000
Site    40 dN/dS =      0.00000 Full Log(L) =    -11.13229 LRT =      2.13079 p-value =      0.07218 *N
Site    41 dN/dS =      2.04531 Full Log(L) =    -16.82857 LRT =      0.81250 p-value =      0.18369
Site    42 dN/dS =      1.00000 Full Log(L) =      0.00000 LRT =      0.00000 p-value =      1.00000
Site    43 dN/dS =      1.00000 Full Log(L) =      0.00000 LRT =      0.00000 p-value =      1.00000
Site    44 dN/dS =      1.00000 Full Log(L) =      0.00000 LRT =      0.00000 p-value =      1.00000
Site    45 dN/dS =      1.00000 Full Log(L) =      0.00000 LRT =      0.00000 p-value =      1.00000
Site    46 dN/dS =      0.00000 Full Log(L) =    -14.67802 LRT =      2.13079 p-value =      0.07218 *N
Site    47 dN/dS =      0.00000 Full Log(L) =     -9.97963 LRT =      2.38436 p-value =      0.06128 *N
Site    48 dN/dS =      1.00000 Full Log(L) =      0.00000 LRT =      0.00000 p-value =      1.00000
Site    49 dN/dS =      1.24756 Full Log(L) =    -19.52517 LRT =      0.04527 p-value =      0.41575
Site    50 dN/dS =      1.00000 Full Log(L) =      0.00000 LRT =      0.00000 p-value =      1.00000
Site    51 dN/dS =      1.00000 Full Log(L) =      0.00000 LRT =      0.00000 p-value =      1.00000
Site    52 dN/dS =      0.00000 Full Log(L) =    -28.55014 LRT =      2.33364 p-value =      0.06330 *N
Site    53 dN/dS =      1.00000 Full Log(L) =      0.00000 LRT =      0.00000 p-value =      1.00000
Site    54 dN/dS =      1.00000 Full Log(L) =      0.00000 LRT =      0.00000 p-value =      1.00000
Site    55 dN/dS =      1.00000 Full Log(L) =      0.00000 LRT =      0.00000 p-value =      1.00000
Site    56 dN/dS =      1.00000 Full Log(L) =      0.00000 LRT =      0.00000 p-value =      1.00000
Site    57 dN/dS =      0.00000 Full Log(L) =    -10.99385 LRT =      2.47152 p-value =      0.05796 *N
Site    58 dN/dS =      1.00000 Full Log(L) =      0.00000 LRT =      0.00000 p-value =      1.00000
Site    59 dN/dS =      1.00000 Full Log(L) =      0.00000 LRT =      0.00000 p-value =      1.00000
Site    60 dN/dS =      1.00000 Full Log(L) =      0.00000 LRT =      0.00000 p-value =      1.00000
Site    61 dN/dS =      1.00000 Full Log(L) =      0.00000 LRT =      0.00000 p-value =      1.00000
Site    62 dN/dS =      1.00000 Full Log(L) =      0.00000 LRT =      0.00000 p-value =      1.00000
Site    63 dN/dS =      1.00000 Full Log(L) =      0.00000 LRT =      0.00000 p-value =      1.00000
Site    64 dN/dS =      0.93795 Full Log(L) =    -11.19189 LRT =      0.00417 p-value =      0.47426
Site    65 dN/dS =      3.09866 Full Log(L) =    -27.03124 LRT =      3.59505 p-value =      0.02898 *P
Site    66 dN/dS =      3.43199 Full Log(L) =    -25.34370 LRT =      4.15141 p-value =      0.02080 *P
Site    67 dN/dS =      0.73250 Full Log(L) =    -10.61353 LRT =      0.10711 p-value =      0.37173
Site    68 dN/dS =      1.00000 Full Log(L) =      0.00000 LRT =      0.00000 p-value =      1.00000
Site    69 dN/dS =      1.52975 Full Log(L) =    -19.94353 LRT =      0.31294 p-value =      0.28794
Site    70 dN/dS =      1.00000 Full Log(L) =      0.00000 LRT =      0.00000 p-value =      1.00000
Site    71 dN/dS =      1.00000 Full Log(L) =      0.00000 LRT =      0.00000 p-value =      1.00000
Site    72 dN/dS =      0.00000 Full Log(L) =    -17.09189 LRT =      2.49453 p-value =      0.05712 *N
Site    73 dN/dS =      2.46084 Full Log(L) =    -19.20097 LRT =      1.21832 p-value =      0.13485
Site    74 dN/dS =      0.00000 Full Log(L) =     -8.63466 LRT =      2.19485 p-value =      0.06924 *N
Site    75 dN/dS =      1.00000 Full Log(L) =      0.00000 LRT =      0.00000 p-value =      1.00000
Site    76 dN/dS =      1.00000 Full Log(L) =      0.00000 LRT =      0.00000 p-value =      1.00000
Site    77 dN/dS =      0.00000 Full Log(L) =    -11.53806 LRT =      2.48346 p-value =      0.05752 *N
Site    78 dN/dS =      1.63931 Full Log(L) =    -13.47390 LRT =      0.41421 p-value =      0.25992
Site    79 dN/dS =      1.00000 Full Log(L) =      0.00000 LRT =      0.00000 p-value =      1.00000
Site    80 dN/dS =      1.00000 Full Log(L) =      0.00000 LRT =      0.00000 p-value =      1.00000
Site    81 dN/dS =      0.00000 Full Log(L) =    -10.00005 LRT =      2.13079 p-value =      0.07218 *N
Site    82 dN/dS =      0.00000 Full Log(L) =     -8.77547 LRT =      1.36380 p-value =      0.12144
Site    83 dN/dS =      1.00000 Full Log(L) =      0.00000 LRT =      0.00000 p-value =      1.00000
Site    84 dN/dS =      1.00000 Full Log(L) =      0.00000 LRT =      0.00000 p-value =      1.00000
Site    85 dN/dS =      0.00000 Full Log(L) =    -10.44581 LRT =      2.39108 p-value =      0.06101 *N
Site    86 dN/dS =      1.00000 Full Log(L) =      0.00000 LRT =      0.00000 p-value =      1.00000
Site    87 dN/dS =      0.00000 Full Log(L) =    -11.28080 LRT =      1.45738 p-value =      0.11367
Site    88 dN/dS =      1.00000 Full Log(L) =      0.00000 LRT =      0.00000 p-value =      1.00000
Site    89 dN/dS =      1.00000 Full Log(L) =      0.00000 LRT =      0.00000 p-value =      1.00000
Site    90 dN/dS =      0.00000 Full Log(L) =    -11.10266 LRT =      2.24121 p-value =      0.06719 *N
Site    91 dN/dS =      0.94993 Full Log(L) =    -11.79524 LRT =      0.00267 p-value =      0.47939
Site    92 dN/dS =      1.00000 Full Log(L) =      0.00000 LRT =      0.00000 p-value =      1.00000
Site    93 dN/dS =      1.52218 Full Log(L) =    -21.60980 LRT =      0.30616 p-value =      0.29002
Site    94 dN/dS =      1.52924 Full Log(L) =    -25.97489 LRT =      0.31256 p-value =      0.28806
Site    95 dN/dS =      1.00000 Full Log(L) =      0.00000 LRT =      0.00000 p-value =      1.00000
Site    96 dN/dS =      1.00000 Full Log(L) =      0.00000 LRT =      0.00000 p-value =      1.00000
Site    97 dN/dS =      0.00000 Full Log(L) =     -9.97600 LRT =      2.38436 p-value =      0.06128 *N
Site    98 dN/dS =      1.00000 Full Log(L) =      0.00000 LRT =      0.00000 p-value =      1.00000
Site    99 dN/dS =      1.73283 Full Log(L) =    -19.51017 LRT =      0.50206 p-value =      0.23930
Site   100 dN/dS =      1.00000 Full Log(L) =      0.00000 LRT =      0.00000 p-value =      1.00000
Site   101 dN/dS =      1.00000 Full Log(L) =      0.00000 LRT =      0.00000 p-value =      1.00000
Site   102 dN/dS =      1.00000 Full Log(L) =      0.00000 LRT =      0.00000 p-value =      1.00000
Site   103 dN/dS =      1.00000 Full Log(L) =      0.00000 LRT =      0.00000 p-value =      1.00000
Site   104 dN/dS =      1.00000 Full Log(L) =      0.00000 LRT =      0.00000 p-value =      1.00000
Site   105 dN/dS =      1.00000 Full Log(L) =      0.00000 LRT =      0.00000 p-value =      1.00000
Site   106 dN/dS =      1.00000 Full Log(L) =      0.00000 LRT =      0.00000 p-value =      1.00000
Site   107 dN/dS =      0.75918 Full Log(L) =    -13.75863 LRT =      0.08294 p-value =      0.38668
Site   108 dN/dS =      0.90875 Full Log(L) =    -18.29258 LRT =      0.00939 p-value =      0.46141
Site   109 dN/dS =      1.68549 Full Log(L) =    -20.82494 LRT =      0.45839 p-value =      0.24919
Site   110 dN/dS =      1.00000 Full Log(L) =      0.00000 LRT =      0.00000 p-value =      1.00000
Site   111 dN/dS =      1.00000 Full Log(L) =      0.00000 LRT =      0.00000 p-value =      1.00000
Site   112 dN/dS =      0.00000 Full Log(L) =    -16.33959 LRT =      2.38407 p-value =      0.06129 *N
Site   113 dN/dS =      1.00000 Full Log(L) =      0.00000 LRT =      0.00000 p-value =      1.00000
Site   114 dN/dS =      1.00000 Full Log(L) =      0.00000 LRT =      0.00000 p-value =      1.00000
Site   115 dN/dS =      1.00000 Full Log(L) =      0.00000 LRT =      0.00000 p-value =      1.00000
Site   116 dN/dS =      1.00000 Full Log(L) =      0.00000 LRT =      0.00000 p-value =      1.00000
Site   117 dN/dS =      1.00000 Full Log(L) =      0.00000 LRT =      0.00000 p-value =      1.00000
Site   118 dN/dS =      1.00000 Full Log(L) =      0.00000 LRT =      0.00000 p-value =      1.00000
Site   119 dN/dS =      1.00000 Full Log(L) =      0.00000 LRT =      0.00000 p-value =      1.00000
Site   120 dN/dS =      1.00000 Full Log(L) =      0.00000 LRT =      0.00000 p-value =      1.00000
Site   121 dN/dS =      1.00000 Full Log(L) =      0.00000 LRT =      0.00000 p-value =      1.00000
Site   122 dN/dS =      0.84662 Full Log(L) =    -14.58387 LRT =      0.02917 p-value =      0.43219
Site   123 dN/dS =      1.00000 Full Log(L) =      0.00000 LRT =      0.00000 p-value =      1.00000
Site   124 dN/dS =      1.00000 Full Log(L) =      0.00000 LRT =      0.00000 p-value =      1.00000
Site   125 dN/dS =      0.00000 Full Log(L) =    -14.43137 LRT =      2.54441 p-value =      0.05534 *N
Site   126 dN/dS =      1.00000 Full Log(L) =      0.00000 LRT =      0.00000 p-value =      1.00000
Site   127 dN/dS =      1.00000 Full Log(L) =      0.00000 LRT =      0.00000 p-value =      1.00000
Site   128 dN/dS =      2.62167 Full Log(L) =    -23.58894 LRT =      2.05443 p-value =      0.07588 *P
Site   129 dN/dS =      0.00000 Full Log(L) =     -9.06076 LRT =      2.39108 p-value =      0.06101 *N
Site   130 dN/dS =      0.00000 Full Log(L) =     -4.49743 LRT =      1.69436 p-value =      0.09651 *N
Site   131 dN/dS =      0.00000 Full Log(L) =    -17.20946 LRT =      1.90418 p-value =      0.08381 *N
Site   132 dN/dS =      0.00000 Full Log(L) =    -11.52585 LRT =      2.63105 p-value =      0.05240 *N
Site   133 dN/dS =      0.00000 Full Log(L) =    -30.59634 LRT =      2.13079 p-value =      0.07218 *N
Site   134 dN/dS =      1.00000 Full Log(L) =      0.00000 LRT =      0.00000 p-value =      1.00000
Site   135 dN/dS =      1.00000 Full Log(L) =      0.00000 LRT =      0.00000 p-value =      1.00000
Site   136 dN/dS =      0.00000 Full Log(L) =    -16.16171 LRT =      2.28442 p-value =      0.06534 *N
Site   137 dN/dS =      2.63433 Full Log(L) =    -24.18174 LRT =      2.07157 p-value =      0.07503 *P
Site   138 dN/dS =      0.84110 Full Log(L) =    -10.45826 LRT =      0.03155 p-value =      0.42951
Site   139 dN/dS =      1.00000 Full Log(L) =      0.00000 LRT =      0.00000 p-value =      1.00000
Site   140 dN/dS =      0.74728 Full Log(L) =    -14.40824 LRT =      0.09326 p-value =      0.38003
Site   141 dN/dS =      1.00000 Full Log(L) =      0.00000 LRT =      0.00000 p-value =      1.00000
Site   142 dN/dS =      0.00000 Full Log(L) =     -9.98095 LRT =      2.38436 p-value =      0.06128 *N
Site   143 dN/dS =      1.00000 Full Log(L) =      0.00000 LRT =      0.00000 p-value =      1.00000
Site   144 dN/dS =      3.86655 Full Log(L) =    -27.81888 LRT =      4.83611 p-value =      0.01393 *P
Site   145 dN/dS =      1.00000 Full Log(L) =      0.00000 LRT =      0.00000 p-value =      1.00000
Site   146 dN/dS =      1.00000 Full Log(L) =      0.00000 LRT =      0.00000 p-value =      1.00000
Site   147 dN/dS =      1.79201 Full Log(L) =    -23.09880 LRT =      0.56148 p-value =      0.22683
Site   148 dN/dS =      0.00000 Full Log(L) =    -10.14547 LRT =      1.65285 p-value =      0.09929 *N
Site   149 dN/dS =      1.68172 Full Log(L) =    -13.98504 LRT =      0.45440 p-value =      0.25013
Site   150 dN/dS =      1.00000 Full Log(L) =      0.00000 LRT =      0.00000 p-value =      1.00000
Site   151 dN/dS =      1.00000 Full Log(L) =      0.00000 LRT =      0.00000 p-value =      1.00000
Site   152 dN/dS =      1.00000 Full Log(L) =      0.00000 LRT =      0.00000 p-value =      1.00000
Site   153 dN/dS =      1.01763 Full Log(L) =    -10.64215 LRT =      0.00030 p-value =      0.49307
Site   154 dN/dS =      2.58147 Full Log(L) =    -32.70333 LRT =      1.99836 p-value =      0.07873 *P
Site   155 dN/dS =      1.00000 Full Log(L) =      0.00000 LRT =      0.00000 p-value =      1.00000
Site   156 dN/dS =      0.90645 Full Log(L) =    -10.06458 LRT =      0.00990 p-value =      0.46037
Site   157 dN/dS =      0.78704 Full Log(L) =    -16.21506 LRT =      0.06184 p-value =      0.40181
Site   158 dN/dS =      0.83433 Full Log(L) =     -8.72796 LRT =      0.03469 p-value =      0.42612
Site   159 dN/dS =      0.00000 Full Log(L) =    -11.29342 LRT =      2.02817 p-value =      0.07720 *N
Site   160 dN/dS =      4.37813 Full Log(L) =    -34.54824 LRT =      6.93427 p-value =      0.00423 *P
Site   161 dN/dS =      1.00000 Full Log(L) =      0.00000 LRT =      0.00000 p-value =      1.00000
Site   162 dN/dS =      1.00000 Full Log(L) =      0.00000 LRT =      0.00000 p-value =      1.00000
Site   163 dN/dS =      0.00000 Full Log(L) =     -8.78206 LRT =      2.28376 p-value =      0.06537 *N
Site   164 dN/dS =      1.00000 Full Log(L) =      0.00000 LRT =      0.00000 p-value =      1.00000
Site   165 dN/dS =      1.00000 Full Log(L) =      0.00000 LRT =      0.00000 p-value =      1.00000
Site   166 dN/dS =      1.00000 Full Log(L) =      0.00000 LRT =      0.00000 p-value =      1.00000
Site   167 dN/dS =      0.00000 Full Log(L) =    -11.04848 LRT =      1.45742 p-value =      0.11367
Site   168 dN/dS =      1.00000 Full Log(L) =      0.00000 LRT =      0.00000 p-value =      1.00000
Site   169 dN/dS =      1.00000 Full Log(L) =      0.00000 LRT =      0.00000 p-value =      1.00000
Site   170 dN/dS =      0.00000 Full Log(L) =    -10.90468 LRT =      1.45598 p-value =      0.11379
Site   171 dN/dS =      4.57416 Full Log(L) =    -39.89989 LRT =      7.30081 p-value =      0.00345 *P
Site   172 dN/dS =      4.28139 Full Log(L) =    -43.22452 LRT =      5.45503 p-value =      0.00976 *P
Site   173 dN/dS =      2.62973 Full Log(L) =    -27.35266 LRT =      0.97921 p-value =      0.16120
Site   174 dN/dS =      1.80765 Full Log(L) =    -19.67607 LRT =      0.57612 p-value =      0.22392
Site   175 dN/dS =      1.00868 Full Log(L) =    -18.42501 LRT =      0.00007 p-value =      0.49657
Site   176 dN/dS =      1.00000 Full Log(L) =      0.00000 LRT =      0.00000 p-value =      1.00000
Site   177 dN/dS =      0.00000 Full Log(L) =    -16.54769 LRT =      1.97259 p-value =      0.08009 *N
Site   178 dN/dS =      1.00000 Full Log(L) =      0.00000 LRT =      0.00000 p-value =      1.00000
Site   179 dN/dS =      0.84065 Full Log(L) =    -20.01444 LRT =      0.03179 p-value =      0.42925
Site   180 dN/dS =      0.00000 Full Log(L) =    -18.14954 LRT =      1.41125 p-value =      0.11742
Site   181 dN/dS =      1.00000 Full Log(L) =      0.00000 LRT =      0.00000 p-value =      1.00000
Site   182 dN/dS =      0.86102 Full Log(L) =    -19.57073 LRT =      0.02343 p-value =      0.43918
Site   183 dN/dS =      1.89983 Full Log(L) =    -19.02293 LRT =      0.66727 p-value =      0.20700
Site   184 dN/dS =      1.00000 Full Log(L) =      0.00000 LRT =      0.00000 p-value =      1.00000
Site   185 dN/dS =      1.00000 Full Log(L) =      0.00000 LRT =      0.00000 p-value =      1.00000
Site   186 dN/dS =      0.84094 Full Log(L) =    -12.62641 LRT =      0.03162 p-value =      0.42943
Site   187 dN/dS =      1.72104 Full Log(L) =    -18.80737 LRT =      0.49178 p-value =      0.24157
Site   188 dN/dS =      1.62509 Full Log(L) =    -16.18266 LRT =      0.40072 p-value =      0.26336
Site   189 dN/dS =      1.00000 Full Log(L) =      0.00000 LRT =      0.00000 p-value =      1.00000
Site   190 dN/dS =      1.00000 Full Log(L) =      0.00000 LRT =      0.00000 p-value =      1.00000
Site   191 dN/dS =      1.00000 Full Log(L) =      0.00000 LRT =      0.00000 p-value =      1.00000
Site   192 dN/dS =      1.00000 Full Log(L) =      0.00000 LRT =      0.00000 p-value =      1.00000
Site   193 dN/dS =      0.00000 Full Log(L) =    -10.73949 LRT =      1.45696 p-value =      0.11371
Site   194 dN/dS =      1.00000 Full Log(L) =      0.00000 LRT =      0.00000 p-value =      1.00000
Site   195 dN/dS =      1.00000 Full Log(L) =      0.00000 LRT =      0.00000 p-value =      1.00000
Site   196 dN/dS =      1.00000 Full Log(L) =      0.00000 LRT =      0.00000 p-value =      1.00000
Site   197 dN/dS =      1.00000 Full Log(L) =      0.00000 LRT =      0.00000 p-value =      1.00000
Site   198 dN/dS =      0.00000 Full Log(L) =    -18.17738 LRT =      2.33364 p-value =      0.06330 *N
Site   199 dN/dS =      4.15080 Full Log(L) =    -41.81181 LRT =      6.57554 p-value =      0.00517 *P
Site   200 dN/dS =      1.00000 Full Log(L) =      0.00000 LRT =      0.00000 p-value =      1.00000
Site   201 dN/dS =      1.00000 Full Log(L) =      0.00000 LRT =      0.00000 p-value =      1.00000
Site   202 dN/dS =      5.68748 Full Log(L) =    -43.73087 LRT =     12.66191 p-value =      0.00019 *P
Site   203 dN/dS =      0.00000 Full Log(L) =    -25.62929 LRT =      2.13079 p-value =      0.07218 *N
Site   204 dN/dS =      0.00000 Full Log(L) =    -10.98360 LRT =      2.64475 p-value =      0.05195 *N
Site   205 dN/dS =      0.74756 Full Log(L) =    -11.47296 LRT =      0.09298 p-value =      0.38021
Site   206 dN/dS =      0.77748 Full Log(L) =    -16.76218 LRT =      0.06867 p-value =      0.39664
Site   207 dN/dS =      1.00000 Full Log(L) =      0.00000 LRT =      0.00000 p-value =      1.00000
Site   208 dN/dS =      2.79240 Full Log(L) =    -19.28352 LRT =      2.29083 p-value =      0.06507 *P
Site   209 dN/dS =      1.50148 Full Log(L) =    -19.45330 LRT =      0.28782 p-value =      0.29581
Site   210 dN/dS =      2.91781 Full Log(L) =    -18.40612 LRT =      1.64413 p-value =      0.09988 *P
Site   211 dN/dS =      1.00000 Full Log(L) =      0.00000 LRT =      0.00000 p-value =      1.00000
Site   212 dN/dS =      2.55707 Full Log(L) =    -23.92356 LRT =      1.96531 p-value =      0.08047 *P
Site   213 dN/dS =      1.21977 Full Log(L) =     -9.52347 LRT =      0.03677 p-value =      0.42396
Site   214 dN/dS =      1.70126 Full Log(L) =    -20.32817 LRT =      0.47349 p-value =      0.24569
Site   215 dN/dS =      1.00000 Full Log(L) =      0.00000 LRT =      0.00000 p-value =      1.00000
Site   216 dN/dS =      0.00000 Full Log(L) =    -16.93973 LRT =      2.57706 p-value =      0.05421 *N
Site   217 dN/dS =      1.00000 Full Log(L) =      0.00000 LRT =      0.00000 p-value =      1.00000
Site   218 dN/dS =      2.77390 Full Log(L) =    -22.39339 LRT =      2.26862 p-value =      0.06601 *P
Site   219 dN/dS =      0.00000 Full Log(L) =    -11.89037 LRT =      2.13079 p-value =      0.07218 *N
Site   220 dN/dS =      0.85883 Full Log(L) =    -18.01749 LRT =      0.02425 p-value =      0.43812
Site   221 dN/dS =      1.00000 Full Log(L) =      0.00000 LRT =      0.00000 p-value =      1.00000
Site   222 dN/dS =      0.00000 Full Log(L) =    -10.18377 LRT =      2.13079 p-value =      0.07218 *N
Site   223 dN/dS =      0.00000 Full Log(L) =    -10.52207 LRT =      2.21117 p-value =      0.06851 *N
Site   224 dN/dS =      0.00000 Full Log(L) =    -16.36792 LRT =      2.39827 p-value =      0.06073 *N
Site   225 dN/dS =      1.00000 Full Log(L) =      0.00000 LRT =      0.00000 p-value =      1.00000
Site   226 dN/dS =      1.00000 Full Log(L) =      0.00000 LRT =      0.00000 p-value =      1.00000
Site   227 dN/dS =      1.00000 Full Log(L) =      0.00000 LRT =      0.00000 p-value =      1.00000
Site   228 dN/dS =      1.00000 Full Log(L) =      0.00000 LRT =      0.00000 p-value =      1.00000
Site   229 dN/dS =      1.00000 Full Log(L) =      0.00000 LRT =      0.00000 p-value =      1.00000
Site   230 dN/dS =      0.00000 Full Log(L) =    -10.98384 LRT =      2.19525 p-value =      0.06922 *N
Site   231 dN/dS =      1.00000 Full Log(L) =      0.00000 LRT =      0.00000 p-value =      1.00000
Site   232 dN/dS =      0.83954 Full Log(L) =    -15.50187 LRT =      0.03224 p-value =      0.42875
Site   233 dN/dS =      0.91319 Full Log(L) =    -11.70622 LRT =      0.00845 p-value =      0.46337
Site   234 dN/dS =      0.80383 Full Log(L) =    -19.46937 LRT =      0.05106 p-value =      0.41062
Site   235 dN/dS =      1.99328 Full Log(L) =    -20.85549 LRT =      0.76089 p-value =      0.19152
Site   236 dN/dS =      4.29107 Full Log(L) =    -40.58751 LRT =      6.80761 p-value =      0.00454 *P
Site   237 dN/dS =      1.00000 Full Log(L) =      0.00000 LRT =      0.00000 p-value =      1.00000
Site   238 dN/dS =      2.09072 Full Log(L) =    -18.59927 LRT =      0.85890 p-value =      0.17702
Site   239 dN/dS =      2.63232 Full Log(L) =    -29.96673 LRT =      2.06950 p-value =      0.07514 *P
Site   240 dN/dS =      1.00000 Full Log(L) =      0.00000 LRT =      0.00000 p-value =      1.00000
Site   241 dN/dS =      1.58461 Full Log(L) =    -15.80849 LRT =      0.36353 p-value =      0.27328
Site   242 dN/dS =      8.64558 Full Log(L) =    -64.43884 LRT =     22.21682 p-value =      0.00000 *P
Site   243 dN/dS =      0.98686 Full Log(L) =    -11.43189 LRT =      0.00018 p-value =      0.49472
Site   244 dN/dS =      0.00000 Full Log(L) =     -8.65674 LRT =      2.68251 p-value =      0.05073 *N
Site   245 dN/dS =      1.68943 Full Log(L) =    -20.05631 LRT =      0.46151 p-value =      0.24846
Site   246 dN/dS =      1.48202 Full Log(L) =    -16.63046 LRT =      0.27048 p-value =      0.30151
Site   247 dN/dS =      1.00000 Full Log(L) =      0.00000 LRT =      0.00000 p-value =      1.00000
Site   248 dN/dS =      1.00000 Full Log(L) =      0.00000 LRT =      0.00000 p-value =      1.00000
Site   249 dN/dS =      0.99840 Full Log(L) =    -10.84288 LRT =      0.00000 p-value =      0.49936
Site   250 dN/dS =      1.00000 Full Log(L) =      0.00000 LRT =      0.00000 p-value =      1.00000
Site   251 dN/dS =      1.00000 Full Log(L) =      0.00000 LRT =      0.00000 p-value =      1.00000
Site   252 dN/dS =      1.00000 Full Log(L) =      0.00000 LRT =      0.00000 p-value =      1.00000
Site   253 dN/dS =      1.00000 Full Log(L) =      0.00000 LRT =      0.00000 p-value =      1.00000
Site   254 dN/dS =      0.90767 Full Log(L) =    -10.38159 LRT =      0.00963 p-value =      0.46092
Site   255 dN/dS =      0.00000 Full Log(L) =    -12.20775 LRT =      2.24120 p-value =      0.06719 *N
Site   256 dN/dS =      0.00000 Full Log(L) =     -9.99874 LRT =      2.49227 p-value =      0.05720 *N
Site   257 dN/dS =      1.00000 Full Log(L) =      0.00000 LRT =      0.00000 p-value =      1.00000
Site   258 dN/dS =      1.00000 Full Log(L) =      0.00000 LRT =      0.00000 p-value =      1.00000
Site   259 dN/dS =      0.00000 Full Log(L) =    -18.77441 LRT =      2.16253 p-value =      0.07071 *N
Site   260 dN/dS =      0.00000 Full Log(L) =    -16.96968 LRT =      1.45645 p-value =      0.11375
Site   261 dN/dS =      1.00000 Full Log(L) =      0.00000 LRT =      0.00000 p-value =      1.00000
Site   262 dN/dS =      0.84217 Full Log(L) =    -18.15684 LRT =      0.03105 p-value =      0.43007
Site   263 dN/dS =      1.00000 Full Log(L) =      0.00000 LRT =      0.00000 p-value =      1.00000
Site   264 dN/dS =      0.93958 Full Log(L) =    -23.67098 LRT =      0.00394 p-value =      0.47497
Site   265 dN/dS =      0.00000 Full Log(L) =    -17.16240 LRT =      2.62836 p-value =      0.05249 *N
Site   266 dN/dS =      0.00000 Full Log(L) =     -8.46767 LRT =      2.38370 p-value =      0.06130 *N
Site   267 dN/dS =      1.00000 Full Log(L) =      0.00000 LRT =      0.00000 p-value =      1.00000
Site   268 dN/dS =      1.00000 Full Log(L) =      0.00000 LRT =      0.00000 p-value =      1.00000
Site   269 dN/dS =      1.00000 Full Log(L) =      0.00000 LRT =      0.00000 p-value =      1.00000
Site   270 dN/dS =      1.00000 Full Log(L) =      0.00000 LRT =      0.00000 p-value =      1.00000
Site   271 dN/dS =      0.00000 Full Log(L) =    -10.40709 LRT =      2.27200 p-value =      0.06586 *N
Site   272 dN/dS =      1.00000 Full Log(L) =      0.00000 LRT =      0.00000 p-value =      1.00000
Site   273 dN/dS =      1.01692 Full Log(L) =    -12.20956 LRT =      0.00028 p-value =      0.49335
Site   274 dN/dS =      1.00000 Full Log(L) =      0.00000 LRT =      0.00000 p-value =      1.00000
Site   275 dN/dS =      0.90662 Full Log(L) =    -10.35234 LRT =      0.00986 p-value =      0.46045
Site   276 dN/dS =      0.73401 Full Log(L) =    -13.47568 LRT =      0.10561 p-value =      0.37260
Site   277 dN/dS =      0.00000 Full Log(L) =    -10.96806 LRT =      1.48420 p-value =      0.11156
Site   278 dN/dS =      0.74760 Full Log(L) =    -10.57550 LRT =      0.09295 p-value =      0.38023
Site   279 dN/dS =      1.00000 Full Log(L) =      0.00000 LRT =      0.00000 p-value =      1.00000
Site   280 dN/dS =      1.82539 Full Log(L) =    -16.76185 LRT =      0.59308 p-value =      0.22062
Site   281 dN/dS =      1.00000 Full Log(L) =      0.00000 LRT =      0.00000 p-value =      1.00000
Site   282 dN/dS =      1.00000 Full Log(L) =      0.00000 LRT =      0.00000 p-value =      1.00000
Site   283 dN/dS =      0.73436 Full Log(L) =    -11.13270 LRT =      0.10528 p-value =      0.37279
Site   284 dN/dS =      1.00000 Full Log(L) =      0.00000 LRT =      0.00000 p-value =      1.00000
Site   285 dN/dS =      0.00000 Full Log(L) =    -17.31067 LRT =      2.48487 p-value =      0.05747 *N
Site   286 dN/dS =      1.00000 Full Log(L) =      0.00000 LRT =      0.00000 p-value =      1.00000
Site   287 dN/dS =      1.00000 Full Log(L) =      0.00000 LRT =      0.00000 p-value =      1.00000
Site   288 dN/dS =      0.84083 Full Log(L) =    -12.10177 LRT =      0.03171 p-value =      0.42934
Site   289 dN/dS =      0.89781 Full Log(L) =    -10.41283 LRT =      0.01200 p-value =      0.45639
Site   290 dN/dS =      0.00000 Full Log(L) =    -12.35228 LRT =      2.20377 p-value =      0.06884 *N
Site   291 dN/dS =      0.76203 Full Log(L) =    -11.77492 LRT =      0.08059 p-value =      0.38825
Site   292 dN/dS =      3.53451 Full Log(L) =    -26.23175 LRT =      3.74308 p-value =      0.02651 *P
Site   293 dN/dS =      0.00000 Full Log(L) =     -9.73233 LRT =      2.39329 p-value =      0.06093 *N
Site   294 dN/dS =      1.69719 Full Log(L) =    -16.81203 LRT =      0.46889 p-value =      0.24675
Site   295 dN/dS =      1.00000 Full Log(L) =      0.00000 LRT =      0.00000 p-value =      1.00000
Site   296 dN/dS =      0.81447 Full Log(L) =     -9.05703 LRT =      0.04488 p-value =      0.41611
Site   297 dN/dS =      1.00000 Full Log(L) =      0.00000 LRT =      0.00000 p-value =      1.00000
Site   298 dN/dS =      0.00000 Full Log(L) =     -8.93576 LRT =      2.19497 p-value =      0.06923 *N
Site   299 dN/dS =      1.00000 Full Log(L) =      0.00000 LRT =      0.00000 p-value =      1.00000
Site   300 dN/dS =      1.00000 Full Log(L) =      0.00000 LRT =      0.00000 p-value =      1.00000
Site   301 dN/dS =      1.00000 Full Log(L) =      0.00000 LRT =      0.00000 p-value =      1.00000
Site   302 dN/dS =      1.00000 Full Log(L) =      0.00000 LRT =      0.00000 p-value =      1.00000
Site   303 dN/dS =      1.00000 Full Log(L) =      0.00000 LRT =      0.00000 p-value =      1.00000
Site   304 dN/dS =      1.00000 Full Log(L) =      0.00000 LRT =      0.00000 p-value =      1.00000
Site   305 dN/dS =      0.00000 Full Log(L) =    -10.38360 LRT =      2.24121 p-value =      0.06719 *N
Site   306 dN/dS =      0.84100 Full Log(L) =    -12.13549 LRT =      0.03159 p-value =      0.42946
Site   307 dN/dS =      0.75851 Full Log(L) =    -12.17956 LRT =      0.08348 p-value =      0.38632
Site   308 dN/dS =      1.00000 Full Log(L) =      0.00000 LRT =      0.00000 p-value =      1.00000
Site   309 dN/dS =      0.00000 Full Log(L) =    -15.92168 LRT =      2.24120 p-value =      0.06719 *N
Site   310 dN/dS =      1.00000 Full Log(L) =      0.00000 LRT =      0.00000 p-value =      1.00000
Site   311 dN/dS =      1.00000 Full Log(L) =      0.00000 LRT =      0.00000 p-value =      1.00000
Site   312 dN/dS =      1.00000 Full Log(L) =      0.00000 LRT =      0.00000 p-value =      1.00000
Site   313 dN/dS =      1.00000 Full Log(L) =      0.00000 LRT =      0.00000 p-value =      1.00000
Site   314 dN/dS =      1.00000 Full Log(L) =      0.00000 LRT =      0.00000 p-value =      1.00000
Site   315 dN/dS =      1.58123 Full Log(L) =    -17.28011 LRT =      0.35982 p-value =      0.27430
Site   316 dN/dS =      1.00000 Full Log(L) =      0.00000 LRT =      0.00000 p-value =      1.00000
Site   317 dN/dS =      1.00000 Full Log(L) =      0.00000 LRT =      0.00000 p-value =      1.00000
Site   318 dN/dS =      1.00000 Full Log(L) =      0.00000 LRT =      0.00000 p-value =      1.00000
Site   319 dN/dS =      0.00000 Full Log(L) =     -5.06912 LRT =      2.63202 p-value =      0.05236 *N
Site   320 dN/dS =      0.84146 Full Log(L) =    -14.56584 LRT =      0.03143 p-value =      0.42965
Site   321 dN/dS =      0.00000 Full Log(L) =    -10.14404 LRT =      2.39335 p-value =      0.06093 *N
Site   322 dN/dS =      1.00000 Full Log(L) =      0.00000 LRT =      0.00000 p-value =      1.00000
Site   323 dN/dS =      0.00000 Full Log(L) =    -13.04688 LRT =      2.40103 p-value =      0.06063 *N
Site   324 dN/dS =      1.00000 Full Log(L) =      0.00000 LRT =      0.00000 p-value =      1.00000
Site   325 dN/dS =      0.00000 Full Log(L) =    -10.07502 LRT =      2.33364 p-value =      0.06330 *N
Site   326 dN/dS =      1.00000 Full Log(L) =      0.00000 LRT =      0.00000 p-value =      1.00000
Site   327 dN/dS =      1.00000 Full Log(L) =      0.00000 LRT =      0.00000 p-value =      1.00000
Site   328 dN/dS =      0.85092 Full Log(L) =    -13.38711 LRT =      0.02734 p-value =      0.43433
Site   329 dN/dS =      0.00000 Full Log(L) =    -11.95181 LRT =      2.13079 p-value =      0.07218 *N
Site   330 dN/dS =      1.00000 Full Log(L) =      0.00000 LRT =      0.00000 p-value =      1.00000
Site   331 dN/dS =      1.00000 Full Log(L) =      0.00000 LRT =      0.00000 p-value =      1.00000
Site   332 dN/dS =      1.00000 Full Log(L) =      0.00000 LRT =      0.00000 p-value =      1.00000
Site   333 dN/dS =      1.00000 Full Log(L) =      0.00000 LRT =      0.00000 p-value =      1.00000
Site   334 dN/dS =      0.00000 Full Log(L) =    -11.79956 LRT =      2.13079 p-value =      0.07218 *N
Site   335 dN/dS =      1.00000 Full Log(L) =      0.00000 LRT =      0.00000 p-value =      1.00000
Site   336 dN/dS =      1.00000 Full Log(L) =      0.00000 LRT =      0.00000 p-value =      1.00000
Site   337 dN/dS =      0.00000 Full Log(L) =    -22.65803 LRT =      2.01476 p-value =      0.07789 *N
Site   338 dN/dS =      1.00000 Full Log(L) =      0.00000 LRT =      0.00000 p-value =      1.00000
Site   339 dN/dS =      0.00000 Full Log(L) =    -14.51220 LRT =      2.33364 p-value =      0.06330 *N
Site   340 dN/dS =      0.00000 Full Log(L) =    -10.23201 LRT =      2.24120 p-value =      0.06719 *N
Site   341 dN/dS =      0.00000 Full Log(L) =    -10.30153 LRT =      2.47144 p-value =      0.05797 *N
Site   342 dN/dS =      1.00000 Full Log(L) =      0.00000 LRT =      0.00000 p-value =      1.00000
Site   343 dN/dS =      1.00000 Full Log(L) =      0.00000 LRT =      0.00000 p-value =      1.00000
Site   344 dN/dS =      1.00000 Full Log(L) =      0.00000 LRT =      0.00000 p-value =      1.00000
Site   345 dN/dS =      1.00000 Full Log(L) =      0.00000 LRT =      0.00000 p-value =      1.00000
Site   346 dN/dS =      0.00000 Full Log(L) =     -4.42003 LRT =      0.71118 p-value =      0.19953
Site   347 dN/dS =      0.00000 Full Log(L) =     -3.74040 LRT =      0.73807 p-value =      0.19514
Site   348 dN/dS =      0.00000 Full Log(L) =     -7.73591 LRT =      0.61531 p-value =      0.21640
Site   349 dN/dS =      0.00000 Full Log(L) =     -7.79982 LRT =      0.71118 p-value =      0.19953
Site   350 dN/dS =      0.00000 Full Log(L) =     -4.19471 LRT =      0.64621 p-value =      0.21074
Site   351 dN/dS =      0.00000 Full Log(L) =     -4.13667 LRT =      0.59316 p-value =      0.22060
Site   352 dN/dS =      0.00000 Full Log(L) =     -4.68718 LRT =      0.64621 p-value =      0.21074
Site   353 dN/dS =      0.00000 Full Log(L) =     -7.80180 LRT =      0.71118 p-value =      0.19953
Site   354 dN/dS =      0.00000 Full Log(L) =     -4.35294 LRT =      0.61772 p-value =      0.21595
Site   355 dN/dS =      0.00000 Full Log(L) =     -3.74040 LRT =      0.73807 p-value =      0.19514
Site   356 dN/dS =      0.00000 Full Log(L) =     -3.72677 LRT =      0.66767 p-value =      0.20693
Site   357 dN/dS =      0.00000 Full Log(L) =     -3.69489 LRT =      0.64409 p-value =      0.21112
Site   358 dN/dS =      0.00000 Full Log(L) =     -4.35298 LRT =      0.71118 p-value =      0.19953
Site   359 dN/dS =      0.00000 Full Log(L) =     -4.36687 LRT =      0.40632 p-value =      0.26192
Site   360 dN/dS =      0.00000 Full Log(L) =     -4.21922 LRT =      0.66771 p-value =      0.20693
Site   361 dN/dS =      0.00000 Full Log(L) =     -4.09622 LRT =      0.67021 p-value =      0.20649
Site   362 dN/dS =      0.00000 Full Log(L) =     -4.14370 LRT =      0.91642 p-value =      0.16921
Site   363 dN/dS =      5.27443 Full Log(L) =    -11.60225 LRT =      3.34994 p-value =      0.03360 *P
Site   364 dN/dS =      0.00000 Full Log(L) =     -4.04760 LRT =      0.71460 p-value =      0.19896
Site   365 dN/dS =      0.00000 Full Log(L) =     -4.35298 LRT =      0.71118 p-value =      0.19953
Site   366 dN/dS =      0.00000 Full Log(L) =     -4.36687 LRT =      0.40632 p-value =      0.26192
Site   367 dN/dS =      0.00000 Full Log(L) =    -10.08923 LRT =      0.53288 p-value =      0.23270
Site   368 dN/dS =      0.00000 Full Log(L) =     -4.35298 LRT =      0.71118 p-value =      0.19953
Site   369 dN/dS =      0.00000 Full Log(L) =     -4.35294 LRT =      0.61772 p-value =      0.21595
Site   370 dN/dS =      0.00000 Full Log(L) =     -4.27904 LRT =      0.68868 p-value =      0.20331
Site   371 dN/dS =      0.00000 Full Log(L) =     -4.23270 LRT =      0.67432 p-value =      0.20577
Site   372 dN/dS =      0.00000 Full Log(L) =    -10.66389 LRT =      0.44667 p-value =      0.25196
Site   373 dN/dS =      0.00000 Full Log(L) =     -3.69489 LRT =      0.64409 p-value =      0.21112
Site   374 dN/dS =      3.80429 Full Log(L) =    -11.30775 LRT =      1.17846 p-value =      0.13883
Site   375 dN/dS =      0.00000 Full Log(L) =     -4.21922 LRT =      0.66771 p-value =      0.20693
Site   376 dN/dS =      0.00000 Full Log(L) =     -4.42003 LRT =      0.71118 p-value =      0.19953
Site   377 dN/dS =      0.00000 Full Log(L) =     -3.90905 LRT =      0.57570 p-value =      0.22400
Site   378 dN/dS =      0.00000 Full Log(L) =    -10.72070 LRT =      0.68317 p-value =      0.20425
Site   379 dN/dS =      0.00000 Full Log(L) =     -3.97892 LRT =      0.44678 p-value =      0.25194
Site   380 dN/dS =      0.00000 Full Log(L) =     -4.19471 LRT =      0.64621 p-value =      0.21074
Site   381 dN/dS =      0.00000 Full Log(L) =     -4.19471 LRT =      0.64621 p-value =      0.21074
Site   382 dN/dS =      0.00000 Full Log(L) =     -3.98055 LRT =      0.71459 p-value =      0.19896
Site   383 dN/dS =      0.00000 Full Log(L) =     -8.07079 LRT =      0.59036 p-value =      0.22114
Site   384 dN/dS =      0.00000 Full Log(L) =     -3.44111 LRT =      0.59718 p-value =      0.21983
Site   385 dN/dS =      0.00000 Full Log(L) =     -4.09218 LRT =      0.72507 p-value =      0.19724
Site   386 dN/dS =      0.00000 Full Log(L) =     -4.16581 LRT =      0.57570 p-value =      0.22400
Site   387 dN/dS =      0.00000 Full Log(L) =     -3.97892 LRT =      0.44678 p-value =      0.25194
Site   388 dN/dS =      0.00000 Full Log(L) =     -4.19471 LRT =      0.64621 p-value =      0.21074
Site   389 dN/dS =      0.00000 Full Log(L) =     -4.19471 LRT =      0.64621 p-value =      0.21074
Site   390 dN/dS =      0.00000 Full Log(L) =     -4.13667 LRT =      0.59316 p-value =      0.22060
Site   391 dN/dS =      0.00000 Full Log(L) =     -3.76194 LRT =      0.64409 p-value =      0.21112
Site   392 dN/dS =      0.00000 Full Log(L) =     -9.28518 LRT =      0.44638 p-value =      0.25203
Site   393 dN/dS =      0.00000 Full Log(L) =     -4.13667 LRT =      0.59316 p-value =      0.22060
Site   394 dN/dS =      0.00000 Full Log(L) =     -7.14491 LRT =      0.64169 p-value =      0.21155
Site   395 dN/dS =      0.00000 Full Log(L) =     -4.58870 LRT =      0.71118 p-value =      0.19953
Site   396 dN/dS =      0.00000 Full Log(L) =     -3.44111 LRT =      0.59718 p-value =      0.21983
Site   397 dN/dS =      0.00000 Full Log(L) =     -4.97044 LRT =      0.36879 p-value =      0.27183
Site   398 dN/dS =      0.00000 Full Log(L) =     -8.85856 LRT =      0.64366 p-value =      0.21119
Site   399 dN/dS =      3.06805 Full Log(L) =     -9.68543 LRT =      0.87680 p-value =      0.17454
Site   400 dN/dS =      0.00000 Full Log(L) =     -9.10225 LRT =      0.35707 p-value =      0.27507
Site   401 dN/dS =      0.00000 Full Log(L) =     -8.91980 LRT =      0.59292 p-value =      0.22065
Site   402 dN/dS =      3.00143 Full Log(L) =     -7.59224 LRT =      0.85274 p-value =      0.17789
Site   403 dN/dS =      0.00000 Full Log(L) =     -3.44111 LRT =      0.59718 p-value =      0.21983
Site   404 dN/dS =      0.00000 Full Log(L) =     -7.52826 LRT =      0.57570 p-value =      0.22400
Site   405 dN/dS =      0.00000 Full Log(L) =     -8.54525 LRT =      0.64350 p-value =      0.21122
Site   406 dN/dS =      0.00000 Full Log(L) =     -4.21922 LRT =      0.66771 p-value =      0.20693
Site   407 dN/dS =      0.00000 Full Log(L) =     -3.44111 LRT =      0.59718 p-value =      0.21983
Site   408 dN/dS =      0.00000 Full Log(L) =     -4.35294 LRT =      0.61772 p-value =      0.21595
Site   409 dN/dS =      0.00000 Full Log(L) =     -9.49351 LRT =      0.67391 p-value =      0.20585
Site   410 dN/dS =      0.00000 Full Log(L) =     -7.58394 LRT =      0.44460 p-value =      0.25246
Site   411 dN/dS =      0.00000 Full Log(L) =     -4.06962 LRT =      0.59315 p-value =      0.22060
Site   412 dN/dS =      0.00000 Full Log(L) =     -3.72677 LRT =      0.66767 p-value =      0.20693
Site   413 dN/dS =      0.00000 Full Log(L) =     -3.44111 LRT =      0.59718 p-value =      0.21983
Site   414 dN/dS =      0.00000 Full Log(L) =     -3.72677 LRT =      0.66767 p-value =      0.20693
Site   415 dN/dS =      0.00000 Full Log(L) =     -4.35294 LRT =      0.61772 p-value =      0.21595
Site   416 dN/dS =      0.00000 Full Log(L) =     -4.15101 LRT =      0.45786 p-value =      0.24931
Site   417 dN/dS =      0.00000 Full Log(L) =     -3.72677 LRT =      0.66767 p-value =      0.20693
Site   418 dN/dS =      0.00000 Full Log(L) =     -4.11502 LRT =      0.63065 p-value =      0.21356
Site   419 dN/dS =      0.00000 Full Log(L) =     -3.72677 LRT =      0.66767 p-value =      0.20693
Site   420 dN/dS =      0.00000 Full Log(L) =     -4.58870 LRT =      0.71118 p-value =      0.19953
Site   421 dN/dS =      0.00000 Full Log(L) =     -3.78658 LRT =      0.64769 p-value =      0.21047
Site   422 dN/dS =      0.00000 Full Log(L) =     -9.23277 LRT =      0.59298 p-value =      0.22063
Site   423 dN/dS =      0.00000 Full Log(L) =     -4.47138 LRT =      0.44683 p-value =      0.25192
Site   424 dN/dS =      0.00000 Full Log(L) =    -10.53826 LRT =      0.71449 p-value =      0.19898
Site   425 dN/dS =      3.50231 Full Log(L) =    -11.97343 LRT =      1.06239 p-value =      0.15134
Site   426 dN/dS =      0.00000 Full Log(L) =     -4.21922 LRT =      0.66771 p-value =      0.20693
Site   427 dN/dS =      0.00000 Full Log(L) =     -3.44111 LRT =      0.59718 p-value =      0.21983
Site   428 dN/dS =      0.00000 Full Log(L) =     -3.93686 LRT =      0.53288 p-value =      0.23270
Site   429 dN/dS =      0.00000 Full Log(L) =    -10.91348 LRT =      0.63065 p-value =      0.21356
Site   430 dN/dS =      0.00000 Full Log(L) =     -4.21922 LRT =      0.66771 p-value =      0.20693
Site   431 dN/dS =      0.00000 Full Log(L) =     -4.04760 LRT =      0.71460 p-value =      0.19896
Site   432 dN/dS =      0.00000 Full Log(L) =     -4.16581 LRT =      0.57570 p-value =      0.22400
Site   433 dN/dS =      0.00000 Full Log(L) =     -3.44111 LRT =      0.59718 p-value =      0.21983
Site   434 dN/dS =      0.00000 Full Log(L) =     -3.74040 LRT =      0.73807 p-value =      0.19514
Site   435 dN/dS =      0.00000 Full Log(L) =     -3.98055 LRT =      0.71459 p-value =      0.19896
Site   436 dN/dS =      0.00000 Full Log(L) =     -4.69098 LRT =      0.59038 p-value =      0.22114
Site   437 dN/dS =      0.00000 Full Log(L) =     -4.36687 LRT =      0.40632 p-value =      0.26192
Site   438 dN/dS =      0.00000 Full Log(L) =     -7.77023 LRT =      0.48269 p-value =      0.24360
Site   439 dN/dS =      0.00000 Full Log(L) =     -4.00390 LRT =      0.53288 p-value =      0.23270
Site   440 dN/dS =      0.00000 Full Log(L) =     -7.14293 LRT =      0.64169 p-value =      0.21155
Site   441 dN/dS =      0.00000 Full Log(L) =     -4.68718 LRT =      0.64621 p-value =      0.21074
Site   442 dN/dS =      0.00000 Full Log(L) =     -4.21922 LRT =      0.66771 p-value =      0.20693
Site   443 dN/dS =      0.00000 Full Log(L) =     -4.62393 LRT =      0.59038 p-value =      0.22114
Site   444 dN/dS =      0.00000 Full Log(L) =     -4.62393 LRT =      0.59038 p-value =      0.22114
Site   445 dN/dS =      0.00000 Full Log(L) =     -4.37178 LRT =      0.63065 p-value =      0.21356
Site   446 dN/dS =      0.00000 Full Log(L) =     -4.51852 LRT =      0.64621 p-value =      0.21074
Site   447 dN/dS =      0.00000 Full Log(L) =    -10.52445 LRT =      0.36879 p-value =      0.27183
Site   448 dN/dS =      0.00000 Full Log(L) =     -4.21922 LRT =      0.66771 p-value =      0.20693
Site   449 dN/dS =      0.00000 Full Log(L) =     -3.76194 LRT =      0.64409 p-value =      0.21112
Site   450 dN/dS =      0.00000 Full Log(L) =     -3.97892 LRT =      0.44678 p-value =      0.25194
Site   451 dN/dS =      0.00000 Full Log(L) =     -4.23270 LRT =      0.67432 p-value =      0.20577
Site   452 dN/dS =      0.00000 Full Log(L) =     -3.90905 LRT =      0.57570 p-value =      0.22400
Site   453 dN/dS =      0.00000 Full Log(L) =     -4.06962 LRT =      0.59315 p-value =      0.22060
Site   454 dN/dS =      0.00000 Full Log(L) =     -3.98055 LRT =      0.71459 p-value =      0.19896
Site   455 dN/dS =      0.00000 Full Log(L) =     -4.47797 LRT =      0.36879 p-value =      0.27183
Site   456 dN/dS =      0.00000 Full Log(L) =     -4.16581 LRT =      0.57570 p-value =      0.22400
Site   457 dN/dS =      0.00000 Full Log(L) =     -4.04760 LRT =      0.71460 p-value =      0.19896
Site   458 dN/dS =      0.00000 Full Log(L) =     -4.15101 LRT =      0.45786 p-value =      0.24931
Site   459 dN/dS =      0.00000 Full Log(L) =     -3.72677 LRT =      0.66767 p-value =      0.20693
Site   460 dN/dS =      0.00000 Full Log(L) =     -4.14370 LRT =      0.91642 p-value =      0.16921
Site   461 dN/dS =      0.00000 Full Log(L) =     -3.76194 LRT =      0.64409 p-value =      0.21112
Site   462 dN/dS =      0.00000 Full Log(L) =     -3.44111 LRT =      0.59718 p-value =      0.21983
Site   463 dN/dS =      0.00000 Full Log(L) =     -4.97044 LRT =      0.36879 p-value =      0.27183
Site   464 dN/dS =      0.00000 Full Log(L) =     -4.28589 LRT =      0.61771 p-value =      0.21595
Site   465 dN/dS =      0.00000 Full Log(L) =     -3.72677 LRT =      0.66767 p-value =      0.20693
Site   466 dN/dS =      3.20729 Full Log(L) =    -15.16581 LRT =      0.93478 p-value =      0.16681
Site   467 dN/dS =      0.00000 Full Log(L) =     -3.90905 LRT =      0.57570 p-value =      0.22400
Site   468 dN/dS =      0.00000 Full Log(L) =     -3.93357 LRT =      0.59722 p-value =      0.21982
Site   469 dN/dS =      0.00000 Full Log(L) =     -3.93357 LRT =      0.59722 p-value =      0.21982
Site   470 dN/dS =      0.00000 Full Log(L) =     -3.97892 LRT =      0.44678 p-value =      0.25194
Site   471 dN/dS =      0.00000 Full Log(L) =    -12.14014 LRT =      0.36917 p-value =      0.27173
Site   472 dN/dS =      0.00000 Full Log(L) =     -4.27904 LRT =      0.68868 p-value =      0.20331
Site   473 dN/dS =      0.00000 Full Log(L) =     -3.72677 LRT =      0.66767 p-value =      0.20693
Site   474 dN/dS =      0.00000 Full Log(L) =     -3.69489 LRT =      0.64409 p-value =      0.21112
Site   475 dN/dS =      0.00000 Full Log(L) =     -4.45147 LRT =      0.64621 p-value =      0.21074
Site   476 dN/dS =      0.00000 Full Log(L) =     -4.21922 LRT =      0.66771 p-value =      0.20693
Site   477 dN/dS =      0.00000 Full Log(L) =     -3.98055 LRT =      0.71459 p-value =      0.19896
Site   478 dN/dS =      0.00000 Full Log(L) =     -4.14370 LRT =      0.91642 p-value =      0.16921
Site   479 dN/dS =      0.00000 Full Log(L) =     -4.42003 LRT =      0.71118 p-value =      0.19953
Site   480 dN/dS =      0.00000 Full Log(L) =     -3.69489 LRT =      0.64409 p-value =      0.21112
Site   481 dN/dS =      0.00000 Full Log(L) =     -4.35298 LRT =      0.71118 p-value =      0.19953
Site   482 dN/dS =      0.00000 Full Log(L) =     -4.26709 LRT =      0.64686 p-value =      0.21062
Site   483 dN/dS =      0.00000 Full Log(L) =     -4.35294 LRT =      0.61772 p-value =      0.21595
Site   484 dN/dS =      0.00000 Full Log(L) =     -3.44111 LRT =      0.59718 p-value =      0.21983
Site   485 dN/dS =      0.00000 Full Log(L) =     -3.74040 LRT =      0.73807 p-value =      0.19514
Site   486 dN/dS =      0.00000 Full Log(L) =     -4.00390 LRT =      0.53288 p-value =      0.23270
Site   487 dN/dS =      0.00000 Full Log(L) =     -4.29975 LRT =      0.67433 p-value =      0.20577
Site   488 dN/dS =      0.00000 Full Log(L) =     -3.44111 LRT =      0.59718 p-value =      0.21983
Site   489 dN/dS =      0.00000 Full Log(L) =     -4.26709 LRT =      0.64686 p-value =      0.21062
Site   490 dN/dS =      0.00000 Full Log(L) =     -4.04760 LRT =      0.71460 p-value =      0.19896
Site   491 dN/dS =      0.00000 Full Log(L) =     -3.69489 LRT =      0.64409 p-value =      0.21112
Site   492 dN/dS =      3.18453 Full Log(L) =    -10.20620 LRT =      0.92915 p-value =      0.16754
Site   493 dN/dS =      0.00000 Full Log(L) =     -4.33414 LRT =      0.64686 p-value =      0.21062
Site   494 dN/dS =      0.00000 Full Log(L) =     -3.74040 LRT =      0.73807 p-value =      0.19514
Site   495 dN/dS =      2.92036 Full Log(L) =    -10.34327 LRT =      0.81345 p-value =      0.18355
Site   496 dN/dS =      0.00000 Full Log(L) =     -4.15101 LRT =      0.45786 p-value =      0.24931
Site   497 dN/dS =      0.00000 Full Log(L) =     -4.13667 LRT =      0.59316 p-value =      0.22060
Site   498 dN/dS =      0.00000 Full Log(L) =     -3.78658 LRT =      0.64769 p-value =      0.21047
Site   499 dN/dS =      0.00000 Full Log(L) =     -3.69489 LRT =      0.64409 p-value =      0.21112
Site   500 dN/dS =      0.00000 Full Log(L) =     -9.40323 LRT =      0.67135 p-value =      0.20629
Site   501 dN/dS =      0.00000 Full Log(L) =     -4.16581 LRT =      0.57570 p-value =      0.22400
Site   502 dN/dS =      0.00000 Full Log(L) =     -3.93686 LRT =      0.53288 p-value =      0.23270
Site   503 dN/dS =      0.00000 Full Log(L) =     -4.04760 LRT =      0.71460 p-value =      0.19896
Site   504 dN/dS =      0.00000 Full Log(L) =     -4.23270 LRT =      0.67432 p-value =      0.20577
Site   505 dN/dS =      0.00000 Full Log(L) =     -3.98055 LRT =      0.71459 p-value =      0.19896
Site   506 dN/dS =      0.00000 Full Log(L) =     -4.11502 LRT =      0.63065 p-value =      0.21356
Site   507 dN/dS =      0.00000 Full Log(L) =     -4.00390 LRT =      0.53288 p-value =      0.23270
Site   508 dN/dS =      0.00000 Full Log(L) =     -3.78658 LRT =      0.64769 p-value =      0.21047
Site   509 dN/dS =      0.00000 Full Log(L) =     -7.43056 LRT =      0.71220 p-value =      0.19936
Site   510 dN/dS =      0.00000 Full Log(L) =     -8.71462 LRT =      0.66712 p-value =      0.20703
Site   511 dN/dS =      0.00000 Full Log(L) =     -4.19471 LRT =      0.64621 p-value =      0.21074
Site   512 dN/dS =      0.00000 Full Log(L) =    -10.73909 LRT =      0.36776 p-value =      0.27211
Site   513 dN/dS =      0.00000 Full Log(L) =     -3.76194 LRT =      0.64409 p-value =      0.21112
Site   514 dN/dS =      0.00000 Full Log(L) =     -3.76194 LRT =      0.64409 p-value =      0.21112
Site   515 dN/dS =      0.00000 Full Log(L) =     -4.86695 LRT =      0.61865 p-value =      0.21577
Site   516 dN/dS =      0.00000 Full Log(L) =     -9.45568 LRT =      0.61729 p-value =      0.21603
Site   517 dN/dS =      0.00000 Full Log(L) =     -4.47138 LRT =      0.44683 p-value =      0.25192
Site   518 dN/dS =      0.00000 Full Log(L) =     -4.13667 LRT =      0.59316 p-value =      0.22060
Site   519 dN/dS =      0.00000 Full Log(L) =     -3.44111 LRT =      0.59718 p-value =      0.21983
Site   520 dN/dS =      2.88582 Full Log(L) =     -9.15570 LRT =      0.79907 p-value =      0.18569
Site   521 dN/dS =      0.00000 Full Log(L) =     -4.37178 LRT =      0.63065 p-value =      0.21356
Site   522 dN/dS =      0.00000 Full Log(L) =     -4.21922 LRT =      0.66771 p-value =      0.20693
Site   523 dN/dS =      0.00000 Full Log(L) =     -4.97044 LRT =      0.36879 p-value =      0.27183
Site   524 dN/dS =      0.00000 Full Log(L) =     -8.92275 LRT =      0.59687 p-value =      0.21989
Site   525 dN/dS =      0.00000 Full Log(L) =     -4.15101 LRT =      0.45786 p-value =      0.24931
Site   526 dN/dS =      0.00000 Full Log(L) =     -4.09622 LRT =      0.67021 p-value =      0.20649
Site   527 dN/dS =      0.00000 Full Log(L) =     -4.00390 LRT =      0.53288 p-value =      0.23270
Site   528 dN/dS =      0.00000 Full Log(L) =     -3.44111 LRT =      0.59718 p-value =      0.21983
Site   529 dN/dS =      0.00000 Full Log(L) =     -3.98055 LRT =      0.71459 p-value =      0.19896
Site   530 dN/dS =      0.00000 Full Log(L) =     -4.36687 LRT =      0.40632 p-value =      0.26192
Site   531 dN/dS =      0.00000 Full Log(L) =    -10.22167 LRT =      0.59309 p-value =      0.22061
Site   532 dN/dS =      0.00000 Full Log(L) =    -10.95483 LRT =      0.36858 p-value =      0.27189
Site   533 dN/dS =      0.00000 Full Log(L) =     -4.36687 LRT =      0.40632 p-value =      0.26192
Site   534 dN/dS =      0.00000 Full Log(L) =     -4.06962 LRT =      0.59315 p-value =      0.22060
Site   535 dN/dS =      0.00000 Full Log(L) =     -4.47483 LRT =      0.54888 p-value =      0.22939
Site   536 dN/dS =      0.00000 Full Log(L) =     -4.28589 LRT =      0.61771 p-value =      0.21595
Site   537 dN/dS =      0.00000 Full Log(L) =     -4.51852 LRT =      0.64621 p-value =      0.21074
Site   538 dN/dS =      0.00000 Full Log(L) =     -3.74040 LRT =      0.73807 p-value =      0.19514
Site   539 dN/dS =      0.00000 Full Log(L) =     -4.15101 LRT =      0.45786 p-value =      0.24931
Site   540 dN/dS =      0.00000 Full Log(L) =     -4.26709 LRT =      0.64686 p-value =      0.21062
Site   541 dN/dS =      0.00000 Full Log(L) =     -4.28589 LRT =      0.61771 p-value =      0.21595
Site   542 dN/dS =      0.00000 Full Log(L) =     -4.60685 LRT =      0.39427 p-value =      0.26503
Site   543 dN/dS =      0.00000 Full Log(L) =     -4.62393 LRT =      0.59038 p-value =      0.22114
Site   544 dN/dS =      0.00000 Full Log(L) =     -4.26709 LRT =      0.64686 p-value =      0.21062
Site   545 dN/dS =      3.38243 Full Log(L) =     -7.28505 LRT =      1.01552 p-value =      0.15679
Site   546 dN/dS =      4.57233 Full Log(L) =    -11.19234 LRT =      1.56045 p-value =      0.10580
Site   547 dN/dS =      0.00000 Full Log(L) =    -10.83780 LRT =      0.38838 p-value =      0.26658
Site   548 dN/dS =      0.00000 Full Log(L) =     -8.31850 LRT =      0.37506 p-value =      0.27013
Site   549 dN/dS =      0.00000 Full Log(L) =     -4.58870 LRT =      0.71118 p-value =      0.19953
Site   550 dN/dS =      0.00000 Full Log(L) =     -4.35294 LRT =      0.61772 p-value =      0.21595
Site   551 dN/dS =      0.00000 Full Log(L) =     -4.13667 LRT =      0.59316 p-value =      0.22060
Site   552 dN/dS =      0.00000 Full Log(L) =     -4.14370 LRT =      0.91642 p-value =      0.16921
Site   553 dN/dS =      0.00000 Full Log(L) =     -4.36687 LRT =      0.40632 p-value =      0.26192
Site   554 dN/dS =      0.00000 Full Log(L) =     -4.51852 LRT =      0.64621 p-value =      0.21074
Site   555 dN/dS =      0.00000 Full Log(L) =     -4.33414 LRT =      0.64686 p-value =      0.21062
Site   556 dN/dS =      0.00000 Full Log(L) =     -3.97892 LRT =      0.44678 p-value =      0.25194
Site   557 dN/dS =      0.00000 Full Log(L) =     -3.44111 LRT =      0.59718 p-value =      0.21983
Site   558 dN/dS =      0.00000 Full Log(L) =     -4.42003 LRT =      0.71118 p-value =      0.19953
Site   559 dN/dS =      0.00000 Full Log(L) =     -3.76194 LRT =      0.64409 p-value =      0.21112
Site   560 dN/dS =      0.00000 Full Log(L) =     -9.92575 LRT =      0.59307 p-value =      0.22062
Site   561 dN/dS =      0.00000 Full Log(L) =     -9.14022 LRT =      0.68714 p-value =      0.20357
Site   562 dN/dS =      0.00000 Full Log(L) =     -4.33414 LRT =      0.64686 p-value =      0.21062
Site   563 dN/dS =      0.00000 Full Log(L) =     -3.76194 LRT =      0.64409 p-value =      0.21112
Site   564 dN/dS =      0.00000 Full Log(L) =     -4.06962 LRT =      0.59315 p-value =      0.22060
Site   565 dN/dS =      0.00000 Full Log(L) =     -4.33414 LRT =      0.64686 p-value =      0.21062
Site   566 dN/dS =      0.00000 Full Log(L) =     -4.06962 LRT =      0.59315 p-value =      0.22060


Wall-clock run-time (seconds): 1412708987
Process time on the master node: 2542.465016
MPI nodes used: 0

Wall-clock time per site (seconds): 4586717.490259741
