
Check messages.log details of this run.
____________
53 species:{CY016483,CY112605,CY013781,CY014143,CY012184,CY013725,CY012728,CY114045,CY112581,CY013629,CY012744,CY114061,CY012760,CY012136,CY112589,CY013621,CY013605,CY013669,CY012768,CY012168,CY012152,CY012120,CY114053,CY012160,CY012144,CY012128,CY013192,CY013693,CY013613,CY014151,CY012736,CY113981,CY013733,CY113941,CY013184,CY013653,CY013701,CY013677,CY012752,CY013208,CY013717,CY113917,CY113909,CY112597,CY013200,CY013637,CY013773,CY113933,CY013685,CY013765,CY013168,CY012176,CY012784};
Total Sites:1698;
Distinct Sites:97

Phase 1:Nucleotide Model (010010) Model Fit


-3404.50953721608

Phase 2:MG94x(010010) Model Fit



Phase 3:Estimating dN/dS


Nuc->codon scaling factor:1.778097405447604
Raw scaling factor:1.778097405447604
Tree scaling factor(S): 1

Using dN/dS=0.3969170479409527
Codon model:-3334.83074190047

Phase 4: Ancestral State Reconstruction and Counting

<<Significance level for Likelihood Ratio Tests (permissible range = [0,1], default value = 0.1)>>Site     1 dN/dS =      1.00000 Full Log(L) =      0.00000 LRT =      0.00000 p-value =      1.00000
Site     2 dN/dS =      1.00000 Full Log(L) =      0.00000 LRT =      0.00000 p-value =      1.00000
Site     3 dN/dS =      1.00000 Full Log(L) =      0.00000 LRT =      0.00000 p-value =      1.00000
Site     4 dN/dS =      1.00000 Full Log(L) =      0.00000 LRT =      0.00000 p-value =      1.00000
Site     5 dN/dS =      1.00000 Full Log(L) =      0.00000 LRT =      0.00000 p-value =      1.00000
Site     6 dN/dS =      1.00000 Full Log(L) =      0.00000 LRT =      0.00000 p-value =      1.00000
Site     7 dN/dS =      1.00000 Full Log(L) =      0.00000 LRT =      0.00000 p-value =      1.00000
Site     8 dN/dS =      1.00000 Full Log(L) =      0.00000 LRT =      0.00000 p-value =      1.00000
Site     9 dN/dS =      4.16214 Full Log(L) =     -8.58006 LRT =      1.31483 p-value =      0.12576
Site    10 dN/dS =      1.00000 Full Log(L) =      0.00000 LRT =      0.00000 p-value =      1.00000
Site    11 dN/dS =      6.94044 Full Log(L) =    -10.58678 LRT =      2.13855 p-value =      0.07182 *P
Site    12 dN/dS =      1.00000 Full Log(L) =      0.00000 LRT =      0.00000 p-value =      1.00000
Site    13 dN/dS =      0.00000 Full Log(L) =    -10.16610 LRT =      0.30669 p-value =      0.28986
Site    14 dN/dS =      1.00000 Full Log(L) =      0.00000 LRT =      0.00000 p-value =      1.00000
Site    15 dN/dS =      1.00000 Full Log(L) =      0.00000 LRT =      0.00000 p-value =      1.00000
Site    16 dN/dS =      2.92340 Full Log(L) =    -13.56177 LRT =      0.82161 p-value =      0.18235
Site    17 dN/dS =      1.00000 Full Log(L) =      0.00000 LRT =      0.00000 p-value =      1.00000
Site    18 dN/dS =      1.00000 Full Log(L) =      0.00000 LRT =      0.00000 p-value =      1.00000
Site    19 dN/dS =      1.00000 Full Log(L) =      0.00000 LRT =      0.00000 p-value =      1.00000
Site    20 dN/dS =      1.00000 Full Log(L) =      0.00000 LRT =      0.00000 p-value =      1.00000
Site    21 dN/dS =      1.00000 Full Log(L) =      0.00000 LRT =      0.00000 p-value =      1.00000
Site    22 dN/dS =      1.00000 Full Log(L) =      0.00000 LRT =      0.00000 p-value =      1.00000
Site    23 dN/dS =      1.00000 Full Log(L) =      0.00000 LRT =      0.00000 p-value =      1.00000
Site    24 dN/dS =      1.00000 Full Log(L) =      0.00000 LRT =      0.00000 p-value =      1.00000
Site    25 dN/dS =      1.00000 Full Log(L) =      0.00000 LRT =      0.00000 p-value =      1.00000
Site    26 dN/dS =      1.00000 Full Log(L) =      0.00000 LRT =      0.00000 p-value =      1.00000
Site    27 dN/dS =      1.00000 Full Log(L) =      0.00000 LRT =      0.00000 p-value =      1.00000
Site    28 dN/dS =      1.00000 Full Log(L) =      0.00000 LRT =      0.00000 p-value =      1.00000
Site    29 dN/dS =      0.00000 Full Log(L) =     -9.49147 LRT =      0.30639 p-value =      0.28995
Site    30 dN/dS =      1.00000 Full Log(L) =      0.00000 LRT =      0.00000 p-value =      1.00000
Site    31 dN/dS =      0.00000 Full Log(L) =    -11.98505 LRT =      0.30639 p-value =      0.28995
Site    32 dN/dS =      0.00000 Full Log(L) =     -8.01326 LRT =      0.77545 p-value =      0.18927
Site    33 dN/dS =      0.00000 Full Log(L) =    -10.33441 LRT =      0.63110 p-value =      0.21348
Site    34 dN/dS =      1.00000 Full Log(L) =      0.00000 LRT =      0.00000 p-value =      1.00000
Site    35 dN/dS =      1.00000 Full Log(L) =      0.00000 LRT =      0.00000 p-value =      1.00000
Site    36 dN/dS =      1.00000 Full Log(L) =      0.00000 LRT =      0.00000 p-value =      1.00000
Site    37 dN/dS =      1.00000 Full Log(L) =      0.00000 LRT =      0.00000 p-value =      1.00000
Site    38 dN/dS =      1.00000 Full Log(L) =      0.00000 LRT =      0.00000 p-value =      1.00000
Site    39 dN/dS =      1.00000 Full Log(L) =      0.00000 LRT =      0.00000 p-value =      1.00000
Site    40 dN/dS =      0.00000 Full Log(L) =    -21.61698 LRT =      0.62792 p-value =      0.21406
Site    41 dN/dS =      0.00000 Full Log(L) =    -18.31946 LRT =      0.30627 p-value =      0.28999
Site    42 dN/dS =      1.00000 Full Log(L) =      0.00000 LRT =      0.00000 p-value =      1.00000
Site    43 dN/dS =      1.00000 Full Log(L) =      0.00000 LRT =      0.00000 p-value =      1.00000
Site    44 dN/dS =      1.00000 Full Log(L) =      0.00000 LRT =      0.00000 p-value =      1.00000
Site    45 dN/dS =      0.00000 Full Log(L) =    -11.02980 LRT =      0.57456 p-value =      0.22423
Site    46 dN/dS =      1.00000 Full Log(L) =      0.00000 LRT =      0.00000 p-value =      1.00000
Site    47 dN/dS =      1.00000 Full Log(L) =      0.00000 LRT =      0.00000 p-value =      1.00000
Site    48 dN/dS =      1.00000 Full Log(L) =      0.00000 LRT =      0.00000 p-value =      1.00000
Site    49 dN/dS =      1.00000 Full Log(L) =      0.00000 LRT =      0.00000 p-value =      1.00000
Site    50 dN/dS =      1.00000 Full Log(L) =      0.00000 LRT =      0.00000 p-value =      1.00000
Site    51 dN/dS =      1.00000 Full Log(L) =      0.00000 LRT =      0.00000 p-value =      1.00000
Site    52 dN/dS =      1.00000 Full Log(L) =      0.00000 LRT =      0.00000 p-value =      1.00000
Site    53 dN/dS =      0.00000 Full Log(L) =     -9.59599 LRT =      0.62792 p-value =      0.21406
Site    54 dN/dS =      1.00000 Full Log(L) =      0.00000 LRT =      0.00000 p-value =      1.00000
Site    55 dN/dS =      1.00000 Full Log(L) =      0.00000 LRT =      0.00000 p-value =      1.00000
Site    56 dN/dS =      0.00000 Full Log(L) =    -11.39030 LRT =      0.62792 p-value =      0.21406
Site    57 dN/dS =      1.00000 Full Log(L) =      0.00000 LRT =      0.00000 p-value =      1.00000
Site    58 dN/dS =      0.00000 Full Log(L) =    -12.26458 LRT =      0.30761 p-value =      0.28958
Site    59 dN/dS =      1.00000 Full Log(L) =      0.00000 LRT =      0.00000 p-value =      1.00000
Site    60 dN/dS =      1.00000 Full Log(L) =      0.00000 LRT =      0.00000 p-value =      1.00000
Site    61 dN/dS =      1.00000 Full Log(L) =      0.00000 LRT =      0.00000 p-value =      1.00000
Site    62 dN/dS =      0.00000 Full Log(L) =     -9.25929 LRT =      0.53482 p-value =      0.23229
Site    63 dN/dS =      1.00000 Full Log(L) =      0.00000 LRT =      0.00000 p-value =      1.00000
Site    64 dN/dS =      3.24301 Full Log(L) =    -10.15801 LRT =      0.95903 p-value =      0.16372
Site    65 dN/dS =      1.00000 Full Log(L) =      0.00000 LRT =      0.00000 p-value =      1.00000
Site    66 dN/dS =      2.84469 Full Log(L) =     -8.34145 LRT =      0.78462 p-value =      0.18787
Site    67 dN/dS =      1.00000 Full Log(L) =      0.00000 LRT =      0.00000 p-value =      1.00000
Site    68 dN/dS =      1.00000 Full Log(L) =      0.00000 LRT =      0.00000 p-value =      1.00000
Site    69 dN/dS =      1.00000 Full Log(L) =      0.00000 LRT =      0.00000 p-value =      1.00000
Site    70 dN/dS =      1.00000 Full Log(L) =      0.00000 LRT =      0.00000 p-value =      1.00000
Site    71 dN/dS =      1.00000 Full Log(L) =      0.00000 LRT =      0.00000 p-value =      1.00000
Site    72 dN/dS =      1.00000 Full Log(L) =      0.00000 LRT =      0.00000 p-value =      1.00000
Site    73 dN/dS =      0.00000 Full Log(L) =    -12.82651 LRT =      0.44336 p-value =      0.25275
Site    74 dN/dS =      1.00000 Full Log(L) =      0.00000 LRT =      0.00000 p-value =      1.00000
Site    75 dN/dS =      0.00000 Full Log(L) =     -8.48622 LRT =      0.54717 p-value =      0.22974
Site    76 dN/dS =      1.00000 Full Log(L) =      0.00000 LRT =      0.00000 p-value =      1.00000
Site    77 dN/dS =      0.00000 Full Log(L) =    -10.66373 LRT =      0.77251 p-value =      0.18972
Site    78 dN/dS =      1.00000 Full Log(L) =      0.00000 LRT =      0.00000 p-value =      1.00000
Site    79 dN/dS =      1.00000 Full Log(L) =      0.00000 LRT =      0.00000 p-value =      1.00000
Site    80 dN/dS =      1.00000 Full Log(L) =      0.00000 LRT =      0.00000 p-value =      1.00000
Site    81 dN/dS =      1.00000 Full Log(L) =      0.00000 LRT =      0.00000 p-value =      1.00000
Site    82 dN/dS =      0.00000 Full Log(L) =    -10.18874 LRT =      0.30639 p-value =      0.28995
Site    83 dN/dS =      1.00000 Full Log(L) =      0.00000 LRT =      0.00000 p-value =      1.00000
Site    84 dN/dS =      1.00000 Full Log(L) =      0.00000 LRT =      0.00000 p-value =      1.00000
Site    85 dN/dS =      1.00000 Full Log(L) =      0.00000 LRT =      0.00000 p-value =      1.00000
Site    86 dN/dS =      0.00000 Full Log(L) =    -11.92220 LRT =      0.30639 p-value =      0.28995
Site    87 dN/dS =      1.00000 Full Log(L) =      0.00000 LRT =      0.00000 p-value =      1.00000
Site    88 dN/dS =      1.00000 Full Log(L) =      0.00000 LRT =      0.00000 p-value =      1.00000
Site    89 dN/dS =      1.00000 Full Log(L) =      0.00000 LRT =      0.00000 p-value =      1.00000
Site    90 dN/dS =      1.00000 Full Log(L) =      0.00000 LRT =      0.00000 p-value =      1.00000
Site    91 dN/dS =      1.00000 Full Log(L) =      0.00000 LRT =      0.00000 p-value =      1.00000
Site    92 dN/dS =      1.00000 Full Log(L) =      0.00000 LRT =      0.00000 p-value =      1.00000
Site    93 dN/dS =      1.00000 Full Log(L) =      0.00000 LRT =      0.00000 p-value =      1.00000
Site    94 dN/dS =      2.60792 Full Log(L) =     -8.98080 LRT =      0.67703 p-value =      0.20531
Site    95 dN/dS =      1.00000 Full Log(L) =      0.00000 LRT =      0.00000 p-value =      1.00000
Site    96 dN/dS =      1.00000 Full Log(L) =      0.00000 LRT =      0.00000 p-value =      1.00000
Site    97 dN/dS =      1.00000 Full Log(L) =      0.00000 LRT =      0.00000 p-value =      1.00000
Site    98 dN/dS =      1.00000 Full Log(L) =      0.00000 LRT =      0.00000 p-value =      1.00000
Site    99 dN/dS =      1.00000 Full Log(L) =      0.00000 LRT =      0.00000 p-value =      1.00000
Site   100 dN/dS =      1.00000 Full Log(L) =      0.00000 LRT =      0.00000 p-value =      1.00000
Site   101 dN/dS =      1.00000 Full Log(L) =      0.00000 LRT =      0.00000 p-value =      1.00000
Site   102 dN/dS =      1.00000 Full Log(L) =      0.00000 LRT =      0.00000 p-value =      1.00000
Site   103 dN/dS =      1.00000 Full Log(L) =      0.00000 LRT =      0.00000 p-value =      1.00000
Site   104 dN/dS =      1.00000 Full Log(L) =      0.00000 LRT =      0.00000 p-value =      1.00000
Site   105 dN/dS =      1.00000 Full Log(L) =      0.00000 LRT =      0.00000 p-value =      1.00000
Site   106 dN/dS =      1.00000 Full Log(L) =      0.00000 LRT =      0.00000 p-value =      1.00000
Site   107 dN/dS =      2.60171 Full Log(L) =    -10.12413 LRT =      0.67398 p-value =      0.20583
Site   108 dN/dS =      1.00000 Full Log(L) =      0.00000 LRT =      0.00000 p-value =      1.00000
Site   109 dN/dS =      1.00000 Full Log(L) =      0.00000 LRT =      0.00000 p-value =      1.00000
Site   110 dN/dS =      1.00000 Full Log(L) =      0.00000 LRT =      0.00000 p-value =      1.00000
Site   111 dN/dS =      1.00000 Full Log(L) =      0.00000 LRT =      0.00000 p-value =      1.00000
Site   112 dN/dS =      0.00000 Full Log(L) =     -7.27943 LRT =      0.63670 p-value =      0.21245
Site   113 dN/dS =      1.00000 Full Log(L) =      0.00000 LRT =      0.00000 p-value =      1.00000
Site   114 dN/dS =      1.00000 Full Log(L) =      0.00000 LRT =      0.00000 p-value =      1.00000
Site   115 dN/dS =      1.00000 Full Log(L) =      0.00000 LRT =      0.00000 p-value =      1.00000
Site   116 dN/dS =      1.00000 Full Log(L) =      0.00000 LRT =      0.00000 p-value =      1.00000
Site   117 dN/dS =      1.00000 Full Log(L) =      0.00000 LRT =      0.00000 p-value =      1.00000
Site   118 dN/dS =      1.00000 Full Log(L) =      0.00000 LRT =      0.00000 p-value =      1.00000
Site   119 dN/dS =      0.00000 Full Log(L) =     -8.85335 LRT =      0.62178 p-value =      0.21519
Site   120 dN/dS =      1.00000 Full Log(L) =      0.00000 LRT =      0.00000 p-value =      1.00000
Site   121 dN/dS =      1.00000 Full Log(L) =      0.00000 LRT =      0.00000 p-value =      1.00000
Site   122 dN/dS =      2.91947 Full Log(L) =    -10.88259 LRT =      0.81944 p-value =      0.18267
Site   123 dN/dS =      1.00000 Full Log(L) =      0.00000 LRT =      0.00000 p-value =      1.00000
Site   124 dN/dS =      1.00000 Full Log(L) =      0.00000 LRT =      0.00000 p-value =      1.00000
Site   125 dN/dS =      1.00000 Full Log(L) =      0.00000 LRT =      0.00000 p-value =      1.00000
Site   126 dN/dS =      1.00000 Full Log(L) =      0.00000 LRT =      0.00000 p-value =      1.00000
Site   127 dN/dS =      1.00000 Full Log(L) =      0.00000 LRT =      0.00000 p-value =      1.00000
Site   128 dN/dS =      1.00000 Full Log(L) =      0.00000 LRT =      0.00000 p-value =      1.00000
Site   129 dN/dS =      1.00000 Full Log(L) =      0.00000 LRT =      0.00000 p-value =      1.00000
Site   130 dN/dS =      0.00000 Full Log(L) =    -10.32260 LRT =      0.47109 p-value =      0.24624
Site   131 dN/dS =      1.00000 Full Log(L) =      0.00000 LRT =      0.00000 p-value =      1.00000
Site   132 dN/dS =      1.00000 Full Log(L) =      0.00000 LRT =      0.00000 p-value =      1.00000
Site   133 dN/dS =      1.00000 Full Log(L) =      0.00000 LRT =      0.00000 p-value =      1.00000
Site   134 dN/dS =      0.00000 Full Log(L) =    -11.28289 LRT =      0.30639 p-value =      0.28995
Site   135 dN/dS =      3.00697 Full Log(L) =    -13.95112 LRT =      0.85503 p-value =      0.17757
Site   136 dN/dS =      1.00000 Full Log(L) =      0.00000 LRT =      0.00000 p-value =      1.00000
Site   137 dN/dS =      3.56164 Full Log(L) =    -10.69772 LRT =      1.08784 p-value =      0.14848
Site   138 dN/dS =      1.00000 Full Log(L) =      0.00000 LRT =      0.00000 p-value =      1.00000
Site   139 dN/dS =      1.00000 Full Log(L) =      0.00000 LRT =      0.00000 p-value =      1.00000
Site   140 dN/dS =      1.00000 Full Log(L) =      0.00000 LRT =      0.00000 p-value =      1.00000
Site   141 dN/dS =      1.00000 Full Log(L) =      0.00000 LRT =      0.00000 p-value =      1.00000
Site   142 dN/dS =      1.00000 Full Log(L) =      0.00000 LRT =      0.00000 p-value =      1.00000
Site   143 dN/dS =      1.00000 Full Log(L) =      0.00000 LRT =      0.00000 p-value =      1.00000
Site   144 dN/dS =      1.00000 Full Log(L) =      0.00000 LRT =      0.00000 p-value =      1.00000
Site   145 dN/dS =      1.00000 Full Log(L) =      0.00000 LRT =      0.00000 p-value =      1.00000
Site   146 dN/dS =      0.00000 Full Log(L) =    -18.47506 LRT =      0.62535 p-value =      0.21453
Site   147 dN/dS =      1.00000 Full Log(L) =      0.00000 LRT =      0.00000 p-value =      1.00000
Site   148 dN/dS =      1.00000 Full Log(L) =      0.00000 LRT =      0.00000 p-value =      1.00000
Site   149 dN/dS =      6.10266 Full Log(L) =    -10.66841 LRT =      3.84707 p-value =      0.02492 *P
Site   150 dN/dS =      1.00000 Full Log(L) =      0.00000 LRT =      0.00000 p-value =      1.00000
Site   151 dN/dS =     15.74792 Full Log(L) =    -22.64928 LRT =     16.52324 p-value =      0.00002 *P
Site   152 dN/dS =      1.00000 Full Log(L) =      0.00000 LRT =      0.00000 p-value =      1.00000
Site   153 dN/dS =      1.00000 Full Log(L) =      0.00000 LRT =      0.00000 p-value =      1.00000
Site   154 dN/dS =     20.11152 Full Log(L) =    -36.77079 LRT =     23.80758 p-value =      0.00000 *P
Site   155 dN/dS =      1.00000 Full Log(L) =      0.00000 LRT =      0.00000 p-value =      1.00000
Site   156 dN/dS =      1.00000 Full Log(L) =      0.00000 LRT =      0.00000 p-value =      1.00000
Site   157 dN/dS =      1.00000 Full Log(L) =      0.00000 LRT =      0.00000 p-value =      1.00000
Site   158 dN/dS =      1.00000 Full Log(L) =      0.00000 LRT =      0.00000 p-value =      1.00000
Site   159 dN/dS =      1.00000 Full Log(L) =      0.00000 LRT =      0.00000 p-value =      1.00000
Site   160 dN/dS =      1.00000 Full Log(L) =      0.00000 LRT =      0.00000 p-value =      1.00000
Site   161 dN/dS =      6.68113 Full Log(L) =    -16.51445 LRT =      4.11054 p-value =      0.02131 *P
Site   162 dN/dS =      1.00000 Full Log(L) =      0.00000 LRT =      0.00000 p-value =      1.00000
Site   163 dN/dS =      1.00000 Full Log(L) =      0.00000 LRT =      0.00000 p-value =      1.00000
Site   164 dN/dS =      1.00000 Full Log(L) =      0.00000 LRT =      0.00000 p-value =      1.00000
Site   165 dN/dS =      1.00000 Full Log(L) =      0.00000 LRT =      0.00000 p-value =      1.00000
Site   166 dN/dS =      1.00000 Full Log(L) =      0.00000 LRT =      0.00000 p-value =      1.00000
Site   167 dN/dS =      1.00000 Full Log(L) =      0.00000 LRT =      0.00000 p-value =      1.00000
Site   168 dN/dS =      1.00000 Full Log(L) =      0.00000 LRT =      0.00000 p-value =      1.00000
Site   169 dN/dS =      1.00000 Full Log(L) =      0.00000 LRT =      0.00000 p-value =      1.00000
Site   170 dN/dS =      1.00000 Full Log(L) =      0.00000 LRT =      0.00000 p-value =      1.00000
Site   171 dN/dS =      1.00000 Full Log(L) =      0.00000 LRT =      0.00000 p-value =      1.00000
Site   172 dN/dS =      3.28425 Full Log(L) =     -6.72603 LRT =      0.97616 p-value =      0.16157
Site   173 dN/dS =      5.79892 Full Log(L) =    -10.05966 LRT =      1.83166 p-value =      0.08797 *P
Site   174 dN/dS =      0.00000 Full Log(L) =    -10.82823 LRT =      0.68094 p-value =      0.20463
Site   175 dN/dS =      1.00000 Full Log(L) =      0.00000 LRT =      0.00000 p-value =      1.00000
Site   176 dN/dS =      1.00000 Full Log(L) =      0.00000 LRT =      0.00000 p-value =      1.00000
Site   177 dN/dS =      0.00000 Full Log(L) =     -9.37441 LRT =      0.48793 p-value =      0.24243
Site   178 dN/dS =      1.00000 Full Log(L) =      0.00000 LRT =      0.00000 p-value =      1.00000
Site   179 dN/dS =      0.00000 Full Log(L) =    -12.30367 LRT =      0.69995 p-value =      0.20140
Site   180 dN/dS =      1.00000 Full Log(L) =      0.00000 LRT =      0.00000 p-value =      1.00000
Site   181 dN/dS =      1.00000 Full Log(L) =      0.00000 LRT =      0.00000 p-value =      1.00000
Site   182 dN/dS =      1.00000 Full Log(L) =      0.00000 LRT =      0.00000 p-value =      1.00000
Site   183 dN/dS =      3.29397 Full Log(L) =    -11.82671 LRT =      0.98021 p-value =      0.16107
Site   184 dN/dS =      1.00000 Full Log(L) =      0.00000 LRT =      0.00000 p-value =      1.00000
Site   185 dN/dS =      1.00000 Full Log(L) =      0.00000 LRT =      0.00000 p-value =      1.00000
Site   186 dN/dS =      1.00000 Full Log(L) =      0.00000 LRT =      0.00000 p-value =      1.00000
Site   187 dN/dS =      3.21375 Full Log(L) =     -9.47481 LRT =      0.94393 p-value =      0.16563
Site   188 dN/dS =      5.28773 Full Log(L) =    -11.95171 LRT =      3.37728 p-value =      0.03305 *P
Site   189 dN/dS =      1.00000 Full Log(L) =      0.00000 LRT =      0.00000 p-value =      1.00000
Site   190 dN/dS =      1.00000 Full Log(L) =      0.00000 LRT =      0.00000 p-value =      1.00000
Site   191 dN/dS =      2.87845 Full Log(L) =     -8.90049 LRT =      0.79951 p-value =      0.18562
Site   192 dN/dS =      0.00000 Full Log(L) =     -7.25108 LRT =      0.60836 p-value =      0.21770
Site   193 dN/dS =      1.00000 Full Log(L) =      0.00000 LRT =      0.00000 p-value =      1.00000
Site   194 dN/dS =      1.00000 Full Log(L) =      0.00000 LRT =      0.00000 p-value =      1.00000
Site   195 dN/dS =      1.00000 Full Log(L) =      0.00000 LRT =      0.00000 p-value =      1.00000
Site   196 dN/dS =      1.00000 Full Log(L) =      0.00000 LRT =      0.00000 p-value =      1.00000
Site   197 dN/dS =      1.00000 Full Log(L) =      0.00000 LRT =      0.00000 p-value =      1.00000
Site   198 dN/dS =      1.00000 Full Log(L) =      0.00000 LRT =      0.00000 p-value =      1.00000
Site   199 dN/dS =      1.00000 Full Log(L) =      0.00000 LRT =      0.00000 p-value =      1.00000
Site   200 dN/dS =      1.00000 Full Log(L) =      0.00000 LRT =      0.00000 p-value =      1.00000
Site   201 dN/dS =      0.00000 Full Log(L) =    -12.16911 LRT =      0.62178 p-value =      0.21519
Site   202 dN/dS =      1.00000 Full Log(L) =      0.00000 LRT =      0.00000 p-value =      1.00000
Site   203 dN/dS =      1.00000 Full Log(L) =      0.00000 LRT =      0.00000 p-value =      1.00000
Site   204 dN/dS =      1.00000 Full Log(L) =      0.00000 LRT =      0.00000 p-value =      1.00000
Site   205 dN/dS =      2.62243 Full Log(L) =     -9.74035 LRT =      0.68444 p-value =      0.20403
Site   206 dN/dS =      2.88936 Full Log(L) =     -9.41250 LRT =      0.80539 p-value =      0.18474
Site   207 dN/dS =      1.00000 Full Log(L) =      0.00000 LRT =      0.00000 p-value =      1.00000
Site   208 dN/dS =      1.00000 Full Log(L) =      0.00000 LRT =      0.00000 p-value =      1.00000
Site   209 dN/dS =      1.00000 Full Log(L) =      0.00000 LRT =      0.00000 p-value =      1.00000
Site   210 dN/dS =      1.00000 Full Log(L) =      0.00000 LRT =      0.00000 p-value =      1.00000
Site   211 dN/dS =      1.00000 Full Log(L) =      0.00000 LRT =      0.00000 p-value =      1.00000
Site   212 dN/dS =      3.30194 Full Log(L) =     -7.38745 LRT =      0.98652 p-value =      0.16030
Site   213 dN/dS =      4.65656 Full Log(L) =    -10.09423 LRT =      1.48894 p-value =      0.11119
Site   214 dN/dS =      1.00000 Full Log(L) =      0.00000 LRT =      0.00000 p-value =      1.00000
Site   215 dN/dS =      1.00000 Full Log(L) =      0.00000 LRT =      0.00000 p-value =      1.00000
Site   216 dN/dS =      1.00000 Full Log(L) =      0.00000 LRT =      0.00000 p-value =      1.00000
Site   217 dN/dS =      1.00000 Full Log(L) =      0.00000 LRT =      0.00000 p-value =      1.00000
Site   218 dN/dS =      1.00000 Full Log(L) =      0.00000 LRT =      0.00000 p-value =      1.00000
Site   219 dN/dS =      1.00000 Full Log(L) =      0.00000 LRT =      0.00000 p-value =      1.00000
Site   220 dN/dS =      1.00000 Full Log(L) =      0.00000 LRT =      0.00000 p-value =      1.00000
Site   221 dN/dS =      1.00000 Full Log(L) =      0.00000 LRT =      0.00000 p-value =      1.00000
Site   222 dN/dS =      1.00000 Full Log(L) =      0.00000 LRT =      0.00000 p-value =      1.00000
Site   223 dN/dS =      1.00000 Full Log(L) =      0.00000 LRT =      0.00000 p-value =      1.00000
Site   224 dN/dS =      2.80598 Full Log(L) =    -11.24815 LRT =      0.76742 p-value =      0.19051
Site   225 dN/dS =      0.00000 Full Log(L) =    -14.98147 LRT =      0.78106 p-value =      0.18841
Site   226 dN/dS =      1.00000 Full Log(L) =      0.00000 LRT =      0.00000 p-value =      1.00000
Site   227 dN/dS =      1.00000 Full Log(L) =      0.00000 LRT =      0.00000 p-value =      1.00000
Site   228 dN/dS =      1.00000 Full Log(L) =      0.00000 LRT =      0.00000 p-value =      1.00000
Site   229 dN/dS =      1.00000 Full Log(L) =      0.00000 LRT =      0.00000 p-value =      1.00000
Site   230 dN/dS =      7.05201 Full Log(L) =    -12.55087 LRT =      4.31276 p-value =      0.01891 *P
Site   231 dN/dS =      0.00000 Full Log(L) =    -16.23096 LRT =      0.62178 p-value =      0.21519
Site   232 dN/dS =      1.00000 Full Log(L) =      0.00000 LRT =      0.00000 p-value =      1.00000
Site   233 dN/dS =      1.00000 Full Log(L) =      0.00000 LRT =      0.00000 p-value =      1.00000
Site   234 dN/dS =      1.00000 Full Log(L) =      0.00000 LRT =      0.00000 p-value =      1.00000
Site   235 dN/dS =      0.00000 Full Log(L) =     -8.39351 LRT =      0.53482 p-value =      0.23229
Site   236 dN/dS =      1.00000 Full Log(L) =      0.00000 LRT =      0.00000 p-value =      1.00000
Site   237 dN/dS =      1.00000 Full Log(L) =      0.00000 LRT =      0.00000 p-value =      1.00000
Site   238 dN/dS =      1.00000 Full Log(L) =      0.00000 LRT =      0.00000 p-value =      1.00000
Site   239 dN/dS =      1.00000 Full Log(L) =      0.00000 LRT =      0.00000 p-value =      1.00000
Site   240 dN/dS =      1.00000 Full Log(L) =      0.00000 LRT =      0.00000 p-value =      1.00000
Site   241 dN/dS =      1.00000 Full Log(L) =      0.00000 LRT =      0.00000 p-value =      1.00000
Site   242 dN/dS =      6.98749 Full Log(L) =    -10.64235 LRT =      2.15489 p-value =      0.07106 *P
Site   243 dN/dS =      3.79148 Full Log(L) =    -10.53191 LRT =      1.18304 p-value =      0.13837
Site   244 dN/dS =      1.00000 Full Log(L) =      0.00000 LRT =      0.00000 p-value =      1.00000
Site   245 dN/dS =      1.00000 Full Log(L) =      0.00000 LRT =      0.00000 p-value =      1.00000
Site   246 dN/dS =      1.00000 Full Log(L) =      0.00000 LRT =      0.00000 p-value =      1.00000
Site   247 dN/dS =      1.00000 Full Log(L) =      0.00000 LRT =      0.00000 p-value =      1.00000
Site   248 dN/dS =      1.00000 Full Log(L) =      0.00000 LRT =      0.00000 p-value =      1.00000
Site   249 dN/dS =      1.00000 Full Log(L) =      0.00000 LRT =      0.00000 p-value =      1.00000
Site   250 dN/dS =      1.00000 Full Log(L) =      0.00000 LRT =      0.00000 p-value =      1.00000
Site   251 dN/dS =      1.00000 Full Log(L) =      0.00000 LRT =      0.00000 p-value =      1.00000
Site   252 dN/dS =      1.00000 Full Log(L) =      0.00000 LRT =      0.00000 p-value =      1.00000
Site   253 dN/dS =      1.00000 Full Log(L) =      0.00000 LRT =      0.00000 p-value =      1.00000
Site   254 dN/dS =      1.00000 Full Log(L) =      0.00000 LRT =      0.00000 p-value =      1.00000
Site   255 dN/dS =      1.00000 Full Log(L) =      0.00000 LRT =      0.00000 p-value =      1.00000
Site   256 dN/dS =      1.00000 Full Log(L) =      0.00000 LRT =      0.00000 p-value =      1.00000
Site   257 dN/dS =      1.00000 Full Log(L) =      0.00000 LRT =      0.00000 p-value =      1.00000
Site   258 dN/dS =      1.00000 Full Log(L) =      0.00000 LRT =      0.00000 p-value =      1.00000
Site   259 dN/dS =      1.00000 Full Log(L) =      0.00000 LRT =      0.00000 p-value =      1.00000
Site   260 dN/dS =      1.00000 Full Log(L) =      0.00000 LRT =      0.00000 p-value =      1.00000
Site   261 dN/dS =      1.00000 Full Log(L) =      0.00000 LRT =      0.00000 p-value =      1.00000
Site   262 dN/dS =      6.57871 Full Log(L) =    -21.44734 LRT =      4.05855 p-value =      0.02197 *P
Site   263 dN/dS =      1.00000 Full Log(L) =      0.00000 LRT =      0.00000 p-value =      1.00000
Site   264 dN/dS =      0.00000 Full Log(L) =     -9.97022 LRT =      0.62792 p-value =      0.21406
Site   265 dN/dS =      1.00000 Full Log(L) =      0.00000 LRT =      0.00000 p-value =      1.00000
Site   266 dN/dS =      1.00000 Full Log(L) =      0.00000 LRT =      0.00000 p-value =      1.00000
Site   267 dN/dS =      1.00000 Full Log(L) =      0.00000 LRT =      0.00000 p-value =      1.00000
Site   268 dN/dS =      1.00000 Full Log(L) =      0.00000 LRT =      0.00000 p-value =      1.00000
Site   269 dN/dS =      1.00000 Full Log(L) =      0.00000 LRT =      0.00000 p-value =      1.00000
Site   270 dN/dS =      0.00000 Full Log(L) =    -12.03160 LRT =      0.62178 p-value =      0.21519
Site   271 dN/dS =      1.00000 Full Log(L) =      0.00000 LRT =      0.00000 p-value =      1.00000
Site   272 dN/dS =      1.00000 Full Log(L) =      0.00000 LRT =      0.00000 p-value =      1.00000
Site   273 dN/dS =      1.00000 Full Log(L) =      0.00000 LRT =      0.00000 p-value =      1.00000
Site   274 dN/dS =      1.00000 Full Log(L) =      0.00000 LRT =      0.00000 p-value =      1.00000
Site   275 dN/dS =      1.00000 Full Log(L) =      0.00000 LRT =      0.00000 p-value =      1.00000
Site   276 dN/dS =      1.00000 Full Log(L) =      0.00000 LRT =      0.00000 p-value =      1.00000
Site   277 dN/dS =      0.00000 Full Log(L) =    -12.19779 LRT =      0.44082 p-value =      0.25336
Site   278 dN/dS =      7.05989 Full Log(L) =    -14.04914 LRT =      4.31518 p-value =      0.01889 *P
Site   279 dN/dS =      1.00000 Full Log(L) =      0.00000 LRT =      0.00000 p-value =      1.00000
Site   280 dN/dS =      1.00000 Full Log(L) =      0.00000 LRT =      0.00000 p-value =      1.00000
Site   281 dN/dS =      1.00000 Full Log(L) =      0.00000 LRT =      0.00000 p-value =      1.00000
Site   282 dN/dS =      0.00000 Full Log(L) =     -8.36669 LRT =      0.47512 p-value =      0.24532
Site   283 dN/dS =      3.43953 Full Log(L) =     -9.24855 LRT =      1.06515 p-value =      0.15102
Site   284 dN/dS =      1.00000 Full Log(L) =      0.00000 LRT =      0.00000 p-value =      1.00000
Site   285 dN/dS =      0.00000 Full Log(L) =     -9.77411 LRT =      0.76126 p-value =      0.19147
Site   286 dN/dS =      1.00000 Full Log(L) =      0.00000 LRT =      0.00000 p-value =      1.00000
Site   287 dN/dS =      1.00000 Full Log(L) =      0.00000 LRT =      0.00000 p-value =      1.00000
Site   288 dN/dS =      2.91374 Full Log(L) =     -8.78501 LRT =      0.81747 p-value =      0.18296
Site   289 dN/dS =      6.67751 Full Log(L) =    -18.73367 LRT =      4.15159 p-value =      0.02080 *P
Site   290 dN/dS =      1.00000 Full Log(L) =      0.00000 LRT =      0.00000 p-value =      1.00000
Site   291 dN/dS =      1.00000 Full Log(L) =      0.00000 LRT =      0.00000 p-value =      1.00000
Site   292 dN/dS =      6.66377 Full Log(L) =    -17.15322 LRT =      4.11158 p-value =      0.02130 *P
Site   293 dN/dS =      1.00000 Full Log(L) =      0.00000 LRT =      0.00000 p-value =      1.00000
Site   294 dN/dS =      1.00000 Full Log(L) =      0.00000 LRT =      0.00000 p-value =      1.00000
Site   295 dN/dS =      3.80342 Full Log(L) =    -16.86944 LRT =      1.18748 p-value =      0.13792
Site   296 dN/dS =      1.00000 Full Log(L) =      0.00000 LRT =      0.00000 p-value =      1.00000
Site   297 dN/dS =      1.00000 Full Log(L) =      0.00000 LRT =      0.00000 p-value =      1.00000
Site   298 dN/dS =      1.00000 Full Log(L) =      0.00000 LRT =      0.00000 p-value =      1.00000
Site   299 dN/dS =      1.00000 Full Log(L) =      0.00000 LRT =      0.00000 p-value =      1.00000
Site   300 dN/dS =      1.00000 Full Log(L) =      0.00000 LRT =      0.00000 p-value =      1.00000
Site   301 dN/dS =      1.00000 Full Log(L) =      0.00000 LRT =      0.00000 p-value =      1.00000
Site   302 dN/dS =      1.00000 Full Log(L) =      0.00000 LRT =      0.00000 p-value =      1.00000
Site   303 dN/dS =      1.00000 Full Log(L) =      0.00000 LRT =      0.00000 p-value =      1.00000
Site   304 dN/dS =      0.00000 Full Log(L) =     -7.67305 LRT =      0.57434 p-value =      0.22427
Site   305 dN/dS =      1.00000 Full Log(L) =      0.00000 LRT =      0.00000 p-value =      1.00000
Site   306 dN/dS =      3.20550 Full Log(L) =     -9.19039 LRT =      0.94052 p-value =      0.16607
Site   307 dN/dS =      1.00000 Full Log(L) =      0.00000 LRT =      0.00000 p-value =      1.00000
Site   308 dN/dS =      3.36547 Full Log(L) =     -9.57193 LRT =      1.00629 p-value =      0.15790
Site   309 dN/dS =      1.00000 Full Log(L) =      0.00000 LRT =      0.00000 p-value =      1.00000
Site   310 dN/dS =      1.00000 Full Log(L) =      0.00000 LRT =      0.00000 p-value =      1.00000
Site   311 dN/dS =      1.00000 Full Log(L) =      0.00000 LRT =      0.00000 p-value =      1.00000
Site   312 dN/dS =      1.00000 Full Log(L) =      0.00000 LRT =      0.00000 p-value =      1.00000
Site   313 dN/dS =      1.00000 Full Log(L) =      0.00000 LRT =      0.00000 p-value =      1.00000
Site   314 dN/dS =      1.00000 Full Log(L) =      0.00000 LRT =      0.00000 p-value =      1.00000
Site   315 dN/dS =      1.00000 Full Log(L) =      0.00000 LRT =      0.00000 p-value =      1.00000
Site   316 dN/dS =      1.00000 Full Log(L) =      0.00000 LRT =      0.00000 p-value =      1.00000
Site   317 dN/dS =      1.00000 Full Log(L) =      0.00000 LRT =      0.00000 p-value =      1.00000
Site   318 dN/dS =      1.00000 Full Log(L) =      0.00000 LRT =      0.00000 p-value =      1.00000
Site   319 dN/dS =      1.00000 Full Log(L) =      0.00000 LRT =      0.00000 p-value =      1.00000
Site   320 dN/dS =      0.00000 Full Log(L) =    -10.22383 LRT =      0.69995 p-value =      0.20140
Site   321 dN/dS =      0.00000 Full Log(L) =     -8.13625 LRT =      0.65294 p-value =      0.20953
Site   322 dN/dS =      1.00000 Full Log(L) =      0.00000 LRT =      0.00000 p-value =      1.00000
Site   323 dN/dS =      1.00000 Full Log(L) =      0.00000 LRT =      0.00000 p-value =      1.00000
Site   324 dN/dS =      1.00000 Full Log(L) =      0.00000 LRT =      0.00000 p-value =      1.00000
Site   325 dN/dS =      3.26130 Full Log(L) =    -10.75787 LRT =      0.96646 p-value =      0.16278
Site   326 dN/dS =      1.00000 Full Log(L) =      0.00000 LRT =      0.00000 p-value =      1.00000
Site   327 dN/dS =      1.00000 Full Log(L) =      0.00000 LRT =      0.00000 p-value =      1.00000
Site   328 dN/dS =      1.00000 Full Log(L) =      0.00000 LRT =      0.00000 p-value =      1.00000
Site   329 dN/dS =      1.00000 Full Log(L) =      0.00000 LRT =      0.00000 p-value =      1.00000
Site   330 dN/dS =      1.00000 Full Log(L) =      0.00000 LRT =      0.00000 p-value =      1.00000
Site   331 dN/dS =      1.00000 Full Log(L) =      0.00000 LRT =      0.00000 p-value =      1.00000
Site   332 dN/dS =      1.00000 Full Log(L) =      0.00000 LRT =      0.00000 p-value =      1.00000
Site   333 dN/dS =      1.00000 Full Log(L) =      0.00000 LRT =      0.00000 p-value =      1.00000
Site   334 dN/dS =      1.00000 Full Log(L) =      0.00000 LRT =      0.00000 p-value =      1.00000
Site   335 dN/dS =      1.00000 Full Log(L) =      0.00000 LRT =      0.00000 p-value =      1.00000
Site   336 dN/dS =      1.00000 Full Log(L) =      0.00000 LRT =      0.00000 p-value =      1.00000
Site   337 dN/dS =      1.00000 Full Log(L) =      0.00000 LRT =      0.00000 p-value =      1.00000
Site   338 dN/dS =      1.00000 Full Log(L) =      0.00000 LRT =      0.00000 p-value =      1.00000
Site   339 dN/dS =      1.00000 Full Log(L) =      0.00000 LRT =      0.00000 p-value =      1.00000
Site   340 dN/dS =      1.00000 Full Log(L) =      0.00000 LRT =      0.00000 p-value =      1.00000
Site   341 dN/dS =      1.00000 Full Log(L) =      0.00000 LRT =      0.00000 p-value =      1.00000
Site   342 dN/dS =      1.00000 Full Log(L) =      0.00000 LRT =      0.00000 p-value =      1.00000
Site   343 dN/dS =      1.00000 Full Log(L) =      0.00000 LRT =      0.00000 p-value =      1.00000
Site   344 dN/dS =      1.00000 Full Log(L) =      0.00000 LRT =      0.00000 p-value =      1.00000
Site   345 dN/dS =      1.00000 Full Log(L) =      0.00000 LRT =      0.00000 p-value =      1.00000
Site   346 dN/dS =      1.00000 Full Log(L) =      0.00000 LRT =      0.00000 p-value =      1.00000
Site   347 dN/dS =      1.00000 Full Log(L) =      0.00000 LRT =      0.00000 p-value =      1.00000
Site   348 dN/dS =      1.00000 Full Log(L) =      0.00000 LRT =      0.00000 p-value =      1.00000
Site   349 dN/dS =      1.00000 Full Log(L) =      0.00000 LRT =      0.00000 p-value =      1.00000
Site   350 dN/dS =      1.00000 Full Log(L) =      0.00000 LRT =      0.00000 p-value =      1.00000
Site   351 dN/dS =      0.00000 Full Log(L) =     -7.67558 LRT =      0.57434 p-value =      0.22427
Site   352 dN/dS =      1.00000 Full Log(L) =      0.00000 LRT =      0.00000 p-value =      1.00000
Site   353 dN/dS =      1.00000 Full Log(L) =      0.00000 LRT =      0.00000 p-value =      1.00000
Site   354 dN/dS =      1.00000 Full Log(L) =      0.00000 LRT =      0.00000 p-value =      1.00000
Site   355 dN/dS =      1.00000 Full Log(L) =      0.00000 LRT =      0.00000 p-value =      1.00000
Site   356 dN/dS =      0.00000 Full Log(L) =     -9.72922 LRT =      0.68090 p-value =      0.20464
Site   357 dN/dS =      1.00000 Full Log(L) =      0.00000 LRT =      0.00000 p-value =      1.00000
Site   358 dN/dS =      1.00000 Full Log(L) =      0.00000 LRT =      0.00000 p-value =      1.00000
Site   359 dN/dS =      1.00000 Full Log(L) =      0.00000 LRT =      0.00000 p-value =      1.00000
Site   360 dN/dS =      1.00000 Full Log(L) =      0.00000 LRT =      0.00000 p-value =      1.00000
Site   361 dN/dS =      1.00000 Full Log(L) =      0.00000 LRT =      0.00000 p-value =      1.00000
Site   362 dN/dS =      1.00000 Full Log(L) =      0.00000 LRT =      0.00000 p-value =      1.00000
Site   363 dN/dS =      1.00000 Full Log(L) =      0.00000 LRT =      0.00000 p-value =      1.00000
Site   364 dN/dS =      1.00000 Full Log(L) =      0.00000 LRT =      0.00000 p-value =      1.00000
Site   365 dN/dS =      1.00000 Full Log(L) =      0.00000 LRT =      0.00000 p-value =      1.00000
Site   366 dN/dS =      1.00000 Full Log(L) =      0.00000 LRT =      0.00000 p-value =      1.00000
Site   367 dN/dS =      0.00000 Full Log(L) =     -8.49850 LRT =      0.48793 p-value =      0.24243
Site   368 dN/dS =      1.00000 Full Log(L) =      0.00000 LRT =      0.00000 p-value =      1.00000
Site   369 dN/dS =      1.00000 Full Log(L) =      0.00000 LRT =      0.00000 p-value =      1.00000
Site   370 dN/dS =      1.00000 Full Log(L) =      0.00000 LRT =      0.00000 p-value =      1.00000
Site   371 dN/dS =      1.00000 Full Log(L) =      0.00000 LRT =      0.00000 p-value =      1.00000
Site   372 dN/dS =      0.00000 Full Log(L) =    -10.00999 LRT =      0.38826 p-value =      0.26661
Site   373 dN/dS =      1.00000 Full Log(L) =      0.00000 LRT =      0.00000 p-value =      1.00000
Site   374 dN/dS =      1.00000 Full Log(L) =      0.00000 LRT =      0.00000 p-value =      1.00000
Site   375 dN/dS =      0.00000 Full Log(L) =     -7.52558 LRT =      0.68039 p-value =      0.20473
Site   376 dN/dS =      1.00000 Full Log(L) =      0.00000 LRT =      0.00000 p-value =      1.00000
Site   377 dN/dS =      1.00000 Full Log(L) =      0.00000 LRT =      0.00000 p-value =      1.00000
Site   378 dN/dS =      1.00000 Full Log(L) =      0.00000 LRT =      0.00000 p-value =      1.00000
Site   379 dN/dS =      1.00000 Full Log(L) =      0.00000 LRT =      0.00000 p-value =      1.00000
Site   380 dN/dS =      1.00000 Full Log(L) =      0.00000 LRT =      0.00000 p-value =      1.00000
Site   381 dN/dS =      1.00000 Full Log(L) =      0.00000 LRT =      0.00000 p-value =      1.00000
Site   382 dN/dS =      1.00000 Full Log(L) =      0.00000 LRT =      0.00000 p-value =      1.00000
Site   383 dN/dS =      1.00000 Full Log(L) =      0.00000 LRT =      0.00000 p-value =      1.00000
Site   384 dN/dS =      1.00000 Full Log(L) =      0.00000 LRT =      0.00000 p-value =      1.00000
Site   385 dN/dS =      1.00000 Full Log(L) =      0.00000 LRT =      0.00000 p-value =      1.00000
Site   386 dN/dS =      1.00000 Full Log(L) =      0.00000 LRT =      0.00000 p-value =      1.00000
Site   387 dN/dS =      1.00000 Full Log(L) =      0.00000 LRT =      0.00000 p-value =      1.00000
Site   388 dN/dS =      2.90766 Full Log(L) =    -13.11382 LRT =      0.81459 p-value =      0.18338
Site   389 dN/dS =      1.00000 Full Log(L) =      0.00000 LRT =      0.00000 p-value =      1.00000
Site   390 dN/dS =      7.32862 Full Log(L) =    -14.36163 LRT =      4.42777 p-value =      0.01768 *P
Site   391 dN/dS =      1.00000 Full Log(L) =      0.00000 LRT =      0.00000 p-value =      1.00000
Site   392 dN/dS =      1.00000 Full Log(L) =      0.00000 LRT =      0.00000 p-value =      1.00000
Site   393 dN/dS =      1.00000 Full Log(L) =      0.00000 LRT =      0.00000 p-value =      1.00000
Site   394 dN/dS =      1.00000 Full Log(L) =      0.00000 LRT =      0.00000 p-value =      1.00000
Site   395 dN/dS =      1.00000 Full Log(L) =      0.00000 LRT =      0.00000 p-value =      1.00000
Site   396 dN/dS =      1.00000 Full Log(L) =      0.00000 LRT =      0.00000 p-value =      1.00000
Site   397 dN/dS =      1.00000 Full Log(L) =      0.00000 LRT =      0.00000 p-value =      1.00000
Site   398 dN/dS =      4.09710 Full Log(L) =     -9.20970 LRT =      1.35044 p-value =      0.12260
Site   399 dN/dS =      2.74397 Full Log(L) =     -8.94006 LRT =      0.73924 p-value =      0.19495
Site   400 dN/dS =      1.00000 Full Log(L) =      0.00000 LRT =      0.00000 p-value =      1.00000
Site   401 dN/dS =      1.00000 Full Log(L) =      0.00000 LRT =      0.00000 p-value =      1.00000
Site   402 dN/dS =      3.00016 Full Log(L) =     -9.63315 LRT =      0.85306 p-value =      0.17784
Site   403 dN/dS =      3.36407 Full Log(L) =     -8.87880 LRT =      1.00575 p-value =      0.15796
Site   404 dN/dS =      1.00000 Full Log(L) =      0.00000 LRT =      0.00000 p-value =      1.00000
Site   405 dN/dS =      1.00000 Full Log(L) =      0.00000 LRT =      0.00000 p-value =      1.00000
Site   406 dN/dS =      1.00000 Full Log(L) =      0.00000 LRT =      0.00000 p-value =      1.00000
Site   407 dN/dS =      1.00000 Full Log(L) =      0.00000 LRT =      0.00000 p-value =      1.00000
Site   408 dN/dS =      0.00000 Full Log(L) =    -10.67182 LRT =      0.51646 p-value =      0.23618
Site   409 dN/dS =      1.00000 Full Log(L) =      0.00000 LRT =      0.00000 p-value =      1.00000
Site   410 dN/dS =      1.00000 Full Log(L) =      0.00000 LRT =      0.00000 p-value =      1.00000
Site   411 dN/dS =      1.00000 Full Log(L) =      0.00000 LRT =      0.00000 p-value =      1.00000
Site   412 dN/dS =      1.00000 Full Log(L) =      0.00000 LRT =      0.00000 p-value =      1.00000
Site   413 dN/dS =      0.00000 Full Log(L) =     -7.25108 LRT =      0.60836 p-value =      0.21770
Site   414 dN/dS =      1.00000 Full Log(L) =      0.00000 LRT =      0.00000 p-value =      1.00000
Site   415 dN/dS =      3.96893 Full Log(L) =    -12.44405 LRT =      1.24922 p-value =      0.13185
Site   416 dN/dS =      1.00000 Full Log(L) =      0.00000 LRT =      0.00000 p-value =      1.00000
Site   417 dN/dS =      1.00000 Full Log(L) =      0.00000 LRT =      0.00000 p-value =      1.00000
Site   418 dN/dS =      0.00000 Full Log(L) =     -8.74499 LRT =      0.62535 p-value =      0.21453
Site   419 dN/dS =      1.00000 Full Log(L) =      0.00000 LRT =      0.00000 p-value =      1.00000
Site   420 dN/dS =      0.00000 Full Log(L) =    -10.03008 LRT =      0.79668 p-value =      0.18604
Site   421 dN/dS =      1.00000 Full Log(L) =      0.00000 LRT =      0.00000 p-value =      1.00000
Site   422 dN/dS =      1.00000 Full Log(L) =      0.00000 LRT =      0.00000 p-value =      1.00000
Site   423 dN/dS =      1.00000 Full Log(L) =      0.00000 LRT =      0.00000 p-value =      1.00000
Site   424 dN/dS =      0.00000 Full Log(L) =     -9.48096 LRT =      0.70925 p-value =      0.19985
Site   425 dN/dS =      1.00000 Full Log(L) =      0.00000 LRT =      0.00000 p-value =      1.00000
Site   426 dN/dS =      1.00000 Full Log(L) =      0.00000 LRT =      0.00000 p-value =      1.00000
Site   427 dN/dS =      1.00000 Full Log(L) =      0.00000 LRT =      0.00000 p-value =      1.00000
Site   428 dN/dS =      1.00000 Full Log(L) =      0.00000 LRT =      0.00000 p-value =      1.00000
Site   429 dN/dS =      1.00000 Full Log(L) =      0.00000 LRT =      0.00000 p-value =      1.00000
Site   430 dN/dS =      1.00000 Full Log(L) =      0.00000 LRT =      0.00000 p-value =      1.00000
Site   431 dN/dS =      1.00000 Full Log(L) =      0.00000 LRT =      0.00000 p-value =      1.00000
Site   432 dN/dS =      1.00000 Full Log(L) =      0.00000 LRT =      0.00000 p-value =      1.00000
Site   433 dN/dS =      1.00000 Full Log(L) =      0.00000 LRT =      0.00000 p-value =      1.00000
Site   434 dN/dS =      1.00000 Full Log(L) =      0.00000 LRT =      0.00000 p-value =      1.00000
Site   435 dN/dS =      1.00000 Full Log(L) =      0.00000 LRT =      0.00000 p-value =      1.00000
Site   436 dN/dS =      1.00000 Full Log(L) =      0.00000 LRT =      0.00000 p-value =      1.00000
Site   437 dN/dS =      1.00000 Full Log(L) =      0.00000 LRT =      0.00000 p-value =      1.00000
Site   438 dN/dS =      1.00000 Full Log(L) =      0.00000 LRT =      0.00000 p-value =      1.00000
Site   439 dN/dS =      1.00000 Full Log(L) =      0.00000 LRT =      0.00000 p-value =      1.00000
Site   440 dN/dS =      0.00000 Full Log(L) =     -9.53408 LRT =      0.63724 p-value =      0.21236
Site   441 dN/dS =      1.00000 Full Log(L) =      0.00000 LRT =      0.00000 p-value =      1.00000
Site   442 dN/dS =      1.00000 Full Log(L) =      0.00000 LRT =      0.00000 p-value =      1.00000
Site   443 dN/dS =      1.00000 Full Log(L) =      0.00000 LRT =      0.00000 p-value =      1.00000
Site   444 dN/dS =      3.85362 Full Log(L) =    -10.87987 LRT =      1.20713 p-value =      0.13595
Site   445 dN/dS =      1.00000 Full Log(L) =      0.00000 LRT =      0.00000 p-value =      1.00000
Site   446 dN/dS =      1.00000 Full Log(L) =      0.00000 LRT =      0.00000 p-value =      1.00000
Site   447 dN/dS =      0.00000 Full Log(L) =     -9.77648 LRT =      0.30668 p-value =      0.28986
Site   448 dN/dS =      1.00000 Full Log(L) =      0.00000 LRT =      0.00000 p-value =      1.00000
Site   449 dN/dS =      1.00000 Full Log(L) =      0.00000 LRT =      0.00000 p-value =      1.00000
Site   450 dN/dS =      1.00000 Full Log(L) =      0.00000 LRT =      0.00000 p-value =      1.00000
Site   451 dN/dS =      1.00000 Full Log(L) =      0.00000 LRT =      0.00000 p-value =      1.00000
Site   452 dN/dS =      1.00000 Full Log(L) =      0.00000 LRT =      0.00000 p-value =      1.00000
Site   453 dN/dS =      1.00000 Full Log(L) =      0.00000 LRT =      0.00000 p-value =      1.00000
Site   454 dN/dS =      0.00000 Full Log(L) =    -10.16930 LRT =      0.70929 p-value =      0.19984
Site   455 dN/dS =      0.00000 Full Log(L) =     -8.57979 LRT =      0.30640 p-value =      0.28995
Site   456 dN/dS =      1.00000 Full Log(L) =      0.00000 LRT =      0.00000 p-value =      1.00000
Site   457 dN/dS =      1.00000 Full Log(L) =      0.00000 LRT =      0.00000 p-value =      1.00000
Site   458 dN/dS =      1.00000 Full Log(L) =      0.00000 LRT =      0.00000 p-value =      1.00000
Site   459 dN/dS =      1.00000 Full Log(L) =      0.00000 LRT =      0.00000 p-value =      1.00000
Site   460 dN/dS =      1.00000 Full Log(L) =      0.00000 LRT =      0.00000 p-value =      1.00000
Site   461 dN/dS =      3.21124 Full Log(L) =    -10.40512 LRT =      0.94288 p-value =      0.16577
Site   462 dN/dS =      1.00000 Full Log(L) =      0.00000 LRT =      0.00000 p-value =      1.00000
Site   463 dN/dS =      1.00000 Full Log(L) =      0.00000 LRT =      0.00000 p-value =      1.00000
Site   464 dN/dS =      1.00000 Full Log(L) =      0.00000 LRT =      0.00000 p-value =      1.00000
Site   465 dN/dS =      1.00000 Full Log(L) =      0.00000 LRT =      0.00000 p-value =      1.00000
Site   466 dN/dS =      6.30029 Full Log(L) =    -14.82830 LRT =      3.92229 p-value =      0.02382 *P
Site   467 dN/dS =      1.00000 Full Log(L) =      0.00000 LRT =      0.00000 p-value =      1.00000
Site   468 dN/dS =      1.00000 Full Log(L) =      0.00000 LRT =      0.00000 p-value =      1.00000
Site   469 dN/dS =      0.00000 Full Log(L) =     -9.55519 LRT =      0.60889 p-value =      0.21760
Site   470 dN/dS =      1.00000 Full Log(L) =      0.00000 LRT =      0.00000 p-value =      1.00000
Site   471 dN/dS =      0.00000 Full Log(L) =    -10.86338 LRT =      0.30639 p-value =      0.28995
Site   472 dN/dS =      1.00000 Full Log(L) =      0.00000 LRT =      0.00000 p-value =      1.00000
Site   473 dN/dS =      1.00000 Full Log(L) =      0.00000 LRT =      0.00000 p-value =      1.00000
Site   474 dN/dS =      1.00000 Full Log(L) =      0.00000 LRT =      0.00000 p-value =      1.00000
Site   475 dN/dS =      1.00000 Full Log(L) =      0.00000 LRT =      0.00000 p-value =      1.00000
Site   476 dN/dS =      1.00000 Full Log(L) =      0.00000 LRT =      0.00000 p-value =      1.00000
Site   477 dN/dS =      1.00000 Full Log(L) =      0.00000 LRT =      0.00000 p-value =      1.00000
Site   478 dN/dS =      1.00000 Full Log(L) =      0.00000 LRT =      0.00000 p-value =      1.00000
Site   479 dN/dS =      1.00000 Full Log(L) =      0.00000 LRT =      0.00000 p-value =      1.00000
Site   480 dN/dS =      1.00000 Full Log(L) =      0.00000 LRT =      0.00000 p-value =      1.00000
Site   481 dN/dS =      1.00000 Full Log(L) =      0.00000 LRT =      0.00000 p-value =      1.00000
Site   482 dN/dS =      1.00000 Full Log(L) =      0.00000 LRT =      0.00000 p-value =      1.00000
Site   483 dN/dS =      0.00000 Full Log(L) =    -11.36485 LRT =      0.51649 p-value =      0.23617
Site   484 dN/dS =      1.00000 Full Log(L) =      0.00000 LRT =      0.00000 p-value =      1.00000
Site   485 dN/dS =      2.73407 Full Log(L) =     -9.18484 LRT =      0.73377 p-value =      0.19583
Site   486 dN/dS =      1.00000 Full Log(L) =      0.00000 LRT =      0.00000 p-value =      1.00000
Site   487 dN/dS =      1.00000 Full Log(L) =      0.00000 LRT =      0.00000 p-value =      1.00000
Site   488 dN/dS =      1.00000 Full Log(L) =      0.00000 LRT =      0.00000 p-value =      1.00000
Site   489 dN/dS =      1.00000 Full Log(L) =      0.00000 LRT =      0.00000 p-value =      1.00000
Site   490 dN/dS =      0.00000 Full Log(L) =    -10.16938 LRT =      0.70929 p-value =      0.19984
Site   491 dN/dS =      1.00000 Full Log(L) =      0.00000 LRT =      0.00000 p-value =      1.00000
Site   492 dN/dS =      1.00000 Full Log(L) =      0.00000 LRT =      0.00000 p-value =      1.00000
Site   493 dN/dS =      1.00000 Full Log(L) =      0.00000 LRT =      0.00000 p-value =      1.00000
Site   494 dN/dS =      1.00000 Full Log(L) =      0.00000 LRT =      0.00000 p-value =      1.00000
Site   495 dN/dS =      2.55025 Full Log(L) =     -9.97317 LRT =      0.65006 p-value =      0.21005
Site   496 dN/dS =      1.00000 Full Log(L) =      0.00000 LRT =      0.00000 p-value =      1.00000
Site   497 dN/dS =      1.00000 Full Log(L) =      0.00000 LRT =      0.00000 p-value =      1.00000
Site   498 dN/dS =      1.00000 Full Log(L) =      0.00000 LRT =      0.00000 p-value =      1.00000
Site   499 dN/dS =      1.00000 Full Log(L) =      0.00000 LRT =      0.00000 p-value =      1.00000
Site   500 dN/dS =      1.00000 Full Log(L) =      0.00000 LRT =      0.00000 p-value =      1.00000
Site   501 dN/dS =      1.00000 Full Log(L) =      0.00000 LRT =      0.00000 p-value =      1.00000
Site   502 dN/dS =      1.00000 Full Log(L) =      0.00000 LRT =      0.00000 p-value =      1.00000
Site   503 dN/dS =      0.00000 Full Log(L) =     -9.76695 LRT =      0.70927 p-value =      0.19984
Site   504 dN/dS =      1.00000 Full Log(L) =      0.00000 LRT =      0.00000 p-value =      1.00000
Site   505 dN/dS =      1.00000 Full Log(L) =      0.00000 LRT =      0.00000 p-value =      1.00000
Site   506 dN/dS =      1.00000 Full Log(L) =      0.00000 LRT =      0.00000 p-value =      1.00000
Site   507 dN/dS =      1.00000 Full Log(L) =      0.00000 LRT =      0.00000 p-value =      1.00000
Site   508 dN/dS =      0.00000 Full Log(L) =     -9.30938 LRT =      0.73669 p-value =      0.19536
Site   509 dN/dS =      0.00000 Full Log(L) =     -9.25678 LRT =      0.70923 p-value =      0.19985
Site   510 dN/dS =      1.00000 Full Log(L) =      0.00000 LRT =      0.00000 p-value =      1.00000
Site   511 dN/dS =      0.00000 Full Log(L) =    -10.89416 LRT =      0.69995 p-value =      0.20140
Site   512 dN/dS =      0.00000 Full Log(L) =    -10.94367 LRT =      0.29659 p-value =      0.29301
Site   513 dN/dS =      1.00000 Full Log(L) =      0.00000 LRT =      0.00000 p-value =      1.00000
Site   514 dN/dS =      1.00000 Full Log(L) =      0.00000 LRT =      0.00000 p-value =      1.00000
Site   515 dN/dS =      1.00000 Full Log(L) =      0.00000 LRT =      0.00000 p-value =      1.00000
Site   516 dN/dS =      1.00000 Full Log(L) =      0.00000 LRT =      0.00000 p-value =      1.00000
Site   517 dN/dS =      1.00000 Full Log(L) =      0.00000 LRT =      0.00000 p-value =      1.00000
Site   518 dN/dS =      1.00000 Full Log(L) =      0.00000 LRT =      0.00000 p-value =      1.00000
Site   519 dN/dS =      1.00000 Full Log(L) =      0.00000 LRT =      0.00000 p-value =      1.00000
Site   520 dN/dS =      2.55480 Full Log(L) =     -9.73254 LRT =      0.65222 p-value =      0.20966
Site   521 dN/dS =      1.00000 Full Log(L) =      0.00000 LRT =      0.00000 p-value =      1.00000
Site   522 dN/dS =      0.00000 Full Log(L) =     -9.79050 LRT =      0.68091 p-value =      0.20464
Site   523 dN/dS =      1.00000 Full Log(L) =      0.00000 LRT =      0.00000 p-value =      1.00000
Site   524 dN/dS =      1.00000 Full Log(L) =      0.00000 LRT =      0.00000 p-value =      1.00000
Site   525 dN/dS =      1.00000 Full Log(L) =      0.00000 LRT =      0.00000 p-value =      1.00000
Site   526 dN/dS =      1.00000 Full Log(L) =      0.00000 LRT =      0.00000 p-value =      1.00000
Site   527 dN/dS =      1.00000 Full Log(L) =      0.00000 LRT =      0.00000 p-value =      1.00000
Site   528 dN/dS =      1.00000 Full Log(L) =      0.00000 LRT =      0.00000 p-value =      1.00000
Site   529 dN/dS =      1.00000 Full Log(L) =      0.00000 LRT =      0.00000 p-value =      1.00000
Site   530 dN/dS =      1.00000 Full Log(L) =      0.00000 LRT =      0.00000 p-value =      1.00000
Site   531 dN/dS =      1.00000 Full Log(L) =      0.00000 LRT =      0.00000 p-value =      1.00000
Site   532 dN/dS =      1.00000 Full Log(L) =      0.00000 LRT =      0.00000 p-value =      1.00000
Site   533 dN/dS =      1.00000 Full Log(L) =      0.00000 LRT =      0.00000 p-value =      1.00000
Site   534 dN/dS =      1.00000 Full Log(L) =      0.00000 LRT =      0.00000 p-value =      1.00000
Site   535 dN/dS =      1.00000 Full Log(L) =      0.00000 LRT =      0.00000 p-value =      1.00000
Site   536 dN/dS =      1.00000 Full Log(L) =      0.00000 LRT =      0.00000 p-value =      1.00000
Site   537 dN/dS =      1.00000 Full Log(L) =      0.00000 LRT =      0.00000 p-value =      1.00000
Site   538 dN/dS =      1.00000 Full Log(L) =      0.00000 LRT =      0.00000 p-value =      1.00000
Site   539 dN/dS =      1.00000 Full Log(L) =      0.00000 LRT =      0.00000 p-value =      1.00000
Site   540 dN/dS =      1.00000 Full Log(L) =      0.00000 LRT =      0.00000 p-value =      1.00000
Site   541 dN/dS =      0.00000 Full Log(L) =    -10.67111 LRT =      0.51646 p-value =      0.23618
Site   542 dN/dS =      1.00000 Full Log(L) =      0.00000 LRT =      0.00000 p-value =      1.00000
Site   543 dN/dS =      1.00000 Full Log(L) =      0.00000 LRT =      0.00000 p-value =      1.00000
Site   544 dN/dS =      1.00000 Full Log(L) =      0.00000 LRT =      0.00000 p-value =      1.00000
Site   545 dN/dS =      1.00000 Full Log(L) =      0.00000 LRT =      0.00000 p-value =      1.00000
Site   546 dN/dS =      1.00000 Full Log(L) =      0.00000 LRT =      0.00000 p-value =      1.00000
Site   547 dN/dS =      1.00000 Full Log(L) =      0.00000 LRT =      0.00000 p-value =      1.00000
Site   548 dN/dS =      0.00000 Full Log(L) =    -10.88516 LRT =      0.30639 p-value =      0.28995
Site   549 dN/dS =      1.00000 Full Log(L) =      0.00000 LRT =      0.00000 p-value =      1.00000
Site   550 dN/dS =      1.00000 Full Log(L) =      0.00000 LRT =      0.00000 p-value =      1.00000
Site   551 dN/dS =      0.00000 Full Log(L) =    -11.02966 LRT =      0.57456 p-value =      0.22423
Site   552 dN/dS =      1.00000 Full Log(L) =      0.00000 LRT =      0.00000 p-value =      1.00000
Site   553 dN/dS =      1.00000 Full Log(L) =      0.00000 LRT =      0.00000 p-value =      1.00000
Site   554 dN/dS =      1.00000 Full Log(L) =      0.00000 LRT =      0.00000 p-value =      1.00000
Site   555 dN/dS =      1.00000 Full Log(L) =      0.00000 LRT =      0.00000 p-value =      1.00000
Site   556 dN/dS =      1.00000 Full Log(L) =      0.00000 LRT =      0.00000 p-value =      1.00000
Site   557 dN/dS =      1.00000 Full Log(L) =      0.00000 LRT =      0.00000 p-value =      1.00000
Site   558 dN/dS =      1.00000 Full Log(L) =      0.00000 LRT =      0.00000 p-value =      1.00000
Site   559 dN/dS =      1.00000 Full Log(L) =      0.00000 LRT =      0.00000 p-value =      1.00000
Site   560 dN/dS =      1.00000 Full Log(L) =      0.00000 LRT =      0.00000 p-value =      1.00000
Site   561 dN/dS =      1.00000 Full Log(L) =      0.00000 LRT =      0.00000 p-value =      1.00000
Site   562 dN/dS =      1.00000 Full Log(L) =      0.00000 LRT =      0.00000 p-value =      1.00000
Site   563 dN/dS =      1.00000 Full Log(L) =      0.00000 LRT =      0.00000 p-value =      1.00000
Site   564 dN/dS =      1.00000 Full Log(L) =      0.00000 LRT =      0.00000 p-value =      1.00000
Site   565 dN/dS =      1.00000 Full Log(L) =      0.00000 LRT =      0.00000 p-value =      1.00000
Site   566 dN/dS =      1.00000 Full Log(L) =      0.00000 LRT =      0.00000 p-value =      1.00000


Wall-clock run-time (seconds): 1412699286
Process time on the master node: 520.497011
MPI nodes used: 0

Wall-clock time per site (seconds): 8165891.826589596
