

______________READ THE FOLLOWING DATA______________
42 species:{CY187685,KJ938669,CY187382,KJ938679,CY187709,KJ938667,AB934036,CY163509,KJ561706,KJ144648,CY187712,CY187678,CY187637,CY187674,KJ361870,CY187696,CY187695,CY187694,CY187693,KJ439217,CY187691,CY187690,KJ938671,KJ938673,KJ938675,KJ938677,KJ667973,KJ667974,KJ667975,CY163511,KJ144633,KJ144632,KJ144637,CY187381,CY187383,CY187724,CY187723,KJ361869,CY187645,CY187647,KJ361865,KJ361866};
Total Sites:1698;
Distinct Sites:143

Phase 1:Nucleotide Model (010010) Model Fit


-3358.35427854668

Phase 2:MG94x(010010) Model Fit



Phase 3:Estimating dN/dS


Nuc->codon scaling factor:2.223407891803707
Raw scaling factor:2.223407891803707
Tree scaling factor(S): 1

Using dN/dS=0.2435697035540666
Codon model:-3272.97881353722

Phase 4: Ancestral State Reconstruction and Counting

<<Significance level for Likelihood Ratio Tests (permissible range = [0,1], default value = 0.1)>>Site     1 dN/dS =      0.00000 Full Log(L) =     -4.07193 LRT =      0.97651 p-value =      0.16153
Site     2 dN/dS =      0.00000 Full Log(L) =     -9.40183 LRT =      0.65935 p-value =      0.20839
Site     3 dN/dS =      0.00000 Full Log(L) =     -4.22703 LRT =      0.71363 p-value =      0.19912
Site     4 dN/dS =      2.99504 Full Log(L) =     -9.76804 LRT =      0.85601 p-value =      0.17743
Site     5 dN/dS =      0.00000 Full Log(L) =     -3.93582 LRT =      0.68162 p-value =      0.20451
Site     6 dN/dS =      2.43230 Full Log(L) =    -19.81275 LRT =      0.59402 p-value =      0.22043
Site     7 dN/dS =      4.58421 Full Log(L) =    -11.80160 LRT =      1.47445 p-value =      0.11232
Site     8 dN/dS =      0.00000 Full Log(L) =     -4.16652 LRT =      0.92641 p-value =      0.16790
Site     9 dN/dS =      3.27927 Full Log(L) =     -8.79052 LRT =      0.97866 p-value =      0.16127
Site    10 dN/dS =      0.00000 Full Log(L) =     -3.94124 LRT =      0.70596 p-value =      0.20039
Site    11 dN/dS =      0.00000 Full Log(L) =     -4.57531 LRT =      0.41832 p-value =      0.25889
Site    12 dN/dS =      0.00000 Full Log(L) =     -4.35545 LRT =      0.79634 p-value =      0.18609
Site    13 dN/dS =      0.00000 Full Log(L) =    -11.00956 LRT =      0.41839 p-value =      0.25887
Site    14 dN/dS =      2.60976 Full Log(L) =    -10.88686 LRT =      0.68107 p-value =      0.20461
Site    15 dN/dS =      0.00000 Full Log(L) =    -16.33656 LRT =      0.69249 p-value =      0.20266
Site    16 dN/dS =      0.00000 Full Log(L) =     -4.53301 LRT =      0.83992 p-value =      0.17971
Site    17 dN/dS =      1.00000 Full Log(L) =      0.00000 LRT =      0.00000 p-value =      1.00000
Site    18 dN/dS =      1.00000 Full Log(L) =      0.00000 LRT =      0.00000 p-value =      1.00000
Site    19 dN/dS =      5.86042 Full Log(L) =    -15.48406 LRT =      3.73323 p-value =      0.02667 *P
Site    20 dN/dS =      1.00000 Full Log(L) =      0.00000 LRT =      0.00000 p-value =      1.00000
Site    21 dN/dS =      1.00000 Full Log(L) =      0.00000 LRT =      0.00000 p-value =      1.00000
Site    22 dN/dS =      2.57064 Full Log(L) =     -8.93409 LRT =      0.66177 p-value =      0.20797
Site    23 dN/dS =      1.00000 Full Log(L) =      0.00000 LRT =      0.00000 p-value =      1.00000
Site    24 dN/dS =      0.00000 Full Log(L) =    -10.55580 LRT =      0.78614 p-value =      0.18763
Site    25 dN/dS =      1.00000 Full Log(L) =      0.00000 LRT =      0.00000 p-value =      1.00000
Site    26 dN/dS =      1.00000 Full Log(L) =      0.00000 LRT =      0.00000 p-value =      1.00000
Site    27 dN/dS =      1.00000 Full Log(L) =      0.00000 LRT =      0.00000 p-value =      1.00000
Site    28 dN/dS =      1.00000 Full Log(L) =      0.00000 LRT =      0.00000 p-value =      1.00000
Site    29 dN/dS =      1.00000 Full Log(L) =      0.00000 LRT =      0.00000 p-value =      1.00000
Site    30 dN/dS =      1.00000 Full Log(L) =      0.00000 LRT =      0.00000 p-value =      1.00000
Site    31 dN/dS =      1.00000 Full Log(L) =      0.00000 LRT =      0.00000 p-value =      1.00000
Site    32 dN/dS =      1.00000 Full Log(L) =      0.00000 LRT =      0.00000 p-value =      1.00000
Site    33 dN/dS =      1.00000 Full Log(L) =      0.00000 LRT =      0.00000 p-value =      1.00000
Site    34 dN/dS =      1.00000 Full Log(L) =      0.00000 LRT =      0.00000 p-value =      1.00000
Site    35 dN/dS =      1.00000 Full Log(L) =      0.00000 LRT =      0.00000 p-value =      1.00000
Site    36 dN/dS =      1.00000 Full Log(L) =      0.00000 LRT =      0.00000 p-value =      1.00000
Site    37 dN/dS =      1.00000 Full Log(L) =      0.00000 LRT =      0.00000 p-value =      1.00000
Site    38 dN/dS =      0.00000 Full Log(L) =    -21.14199 LRT =      0.78558 p-value =      0.18772
Site    39 dN/dS =      1.00000 Full Log(L) =      0.00000 LRT =      0.00000 p-value =      1.00000
Site    40 dN/dS =      1.00000 Full Log(L) =      0.00000 LRT =      0.00000 p-value =      1.00000
Site    41 dN/dS =      1.00000 Full Log(L) =      0.00000 LRT =      0.00000 p-value =      1.00000
Site    42 dN/dS =      1.00000 Full Log(L) =      0.00000 LRT =      0.00000 p-value =      1.00000
Site    43 dN/dS =      1.00000 Full Log(L) =      0.00000 LRT =      0.00000 p-value =      1.00000
Site    44 dN/dS =      1.00000 Full Log(L) =      0.00000 LRT =      0.00000 p-value =      1.00000
Site    45 dN/dS =      1.00000 Full Log(L) =      0.00000 LRT =      0.00000 p-value =      1.00000
Site    46 dN/dS =      0.00000 Full Log(L) =    -11.19545 LRT =      0.74817 p-value =      0.19353
Site    47 dN/dS =      1.00000 Full Log(L) =      0.00000 LRT =      0.00000 p-value =      1.00000
Site    48 dN/dS =      1.00000 Full Log(L) =      0.00000 LRT =      0.00000 p-value =      1.00000
Site    49 dN/dS =      1.00000 Full Log(L) =      0.00000 LRT =      0.00000 p-value =      1.00000
Site    50 dN/dS =      1.00000 Full Log(L) =      0.00000 LRT =      0.00000 p-value =      1.00000
Site    51 dN/dS =      1.00000 Full Log(L) =      0.00000 LRT =      0.00000 p-value =      1.00000
Site    52 dN/dS =      1.00000 Full Log(L) =      0.00000 LRT =      0.00000 p-value =      1.00000
Site    53 dN/dS =      1.00000 Full Log(L) =      0.00000 LRT =      0.00000 p-value =      1.00000
Site    54 dN/dS =      1.00000 Full Log(L) =      0.00000 LRT =      0.00000 p-value =      1.00000
Site    55 dN/dS =      1.00000 Full Log(L) =      0.00000 LRT =      0.00000 p-value =      1.00000
Site    56 dN/dS =      1.00000 Full Log(L) =      0.00000 LRT =      0.00000 p-value =      1.00000
Site    57 dN/dS =      1.00000 Full Log(L) =      0.00000 LRT =      0.00000 p-value =      1.00000
Site    58 dN/dS =      0.00000 Full Log(L) =    -12.53900 LRT =      0.42743 p-value =      0.25663
Site    59 dN/dS =      1.00000 Full Log(L) =      0.00000 LRT =      0.00000 p-value =      1.00000
Site    60 dN/dS =      1.00000 Full Log(L) =      0.00000 LRT =      0.00000 p-value =      1.00000
Site    61 dN/dS =      1.00000 Full Log(L) =      0.00000 LRT =      0.00000 p-value =      1.00000
Site    62 dN/dS =      0.00000 Full Log(L) =    -10.01196 LRT =      0.67571 p-value =      0.20553
Site    63 dN/dS =      1.00000 Full Log(L) =      0.00000 LRT =      0.00000 p-value =      1.00000
Site    64 dN/dS =      1.00000 Full Log(L) =      0.00000 LRT =      0.00000 p-value =      1.00000
Site    65 dN/dS =      1.00000 Full Log(L) =      0.00000 LRT =      0.00000 p-value =      1.00000
Site    66 dN/dS =      1.00000 Full Log(L) =      0.00000 LRT =      0.00000 p-value =      1.00000
Site    67 dN/dS =      1.00000 Full Log(L) =      0.00000 LRT =      0.00000 p-value =      1.00000
Site    68 dN/dS =      1.00000 Full Log(L) =      0.00000 LRT =      0.00000 p-value =      1.00000
Site    69 dN/dS =      4.60913 Full Log(L) =    -12.09461 LRT =      2.95739 p-value =      0.04274 *P
Site    70 dN/dS =      1.00000 Full Log(L) =      0.00000 LRT =      0.00000 p-value =      1.00000
Site    71 dN/dS =      1.00000 Full Log(L) =      0.00000 LRT =      0.00000 p-value =      1.00000
Site    72 dN/dS =      1.00000 Full Log(L) =      0.00000 LRT =      0.00000 p-value =      1.00000
Site    73 dN/dS =      1.00000 Full Log(L) =      0.00000 LRT =      0.00000 p-value =      1.00000
Site    74 dN/dS =      1.00000 Full Log(L) =      0.00000 LRT =      0.00000 p-value =      1.00000
Site    75 dN/dS =      1.00000 Full Log(L) =      0.00000 LRT =      0.00000 p-value =      1.00000
Site    76 dN/dS =      1.00000 Full Log(L) =      0.00000 LRT =      0.00000 p-value =      1.00000
Site    77 dN/dS =      1.00000 Full Log(L) =      0.00000 LRT =      0.00000 p-value =      1.00000
Site    78 dN/dS =      2.60131 Full Log(L) =     -9.92785 LRT =      0.67819 p-value =      0.20511
Site    79 dN/dS =      1.00000 Full Log(L) =      0.00000 LRT =      0.00000 p-value =      1.00000
Site    80 dN/dS =      1.00000 Full Log(L) =      0.00000 LRT =      0.00000 p-value =      1.00000
Site    81 dN/dS =      1.00000 Full Log(L) =      0.00000 LRT =      0.00000 p-value =      1.00000
Site    82 dN/dS =      1.00000 Full Log(L) =      0.00000 LRT =      0.00000 p-value =      1.00000
Site    83 dN/dS =      1.00000 Full Log(L) =      0.00000 LRT =      0.00000 p-value =      1.00000
Site    84 dN/dS =      1.00000 Full Log(L) =      0.00000 LRT =      0.00000 p-value =      1.00000
Site    85 dN/dS =      1.00000 Full Log(L) =      0.00000 LRT =      0.00000 p-value =      1.00000
Site    86 dN/dS =      1.00000 Full Log(L) =      0.00000 LRT =      0.00000 p-value =      1.00000
Site    87 dN/dS =      1.00000 Full Log(L) =      0.00000 LRT =      0.00000 p-value =      1.00000
Site    88 dN/dS =      1.00000 Full Log(L) =      0.00000 LRT =      0.00000 p-value =      1.00000
Site    89 dN/dS =      1.00000 Full Log(L) =      0.00000 LRT =      0.00000 p-value =      1.00000
Site    90 dN/dS =      1.00000 Full Log(L) =      0.00000 LRT =      0.00000 p-value =      1.00000
Site    91 dN/dS =      3.82857 Full Log(L) =    -11.25680 LRT =      1.20030 p-value =      0.13663
Site    92 dN/dS =      1.00000 Full Log(L) =      0.00000 LRT =      0.00000 p-value =      1.00000
Site    93 dN/dS =      1.00000 Full Log(L) =      0.00000 LRT =      0.00000 p-value =      1.00000
Site    94 dN/dS =      1.00000 Full Log(L) =      0.00000 LRT =      0.00000 p-value =      1.00000
Site    95 dN/dS =      0.00000 Full Log(L) =    -10.77532 LRT =      0.70125 p-value =      0.20118
Site    96 dN/dS =      1.00000 Full Log(L) =      0.00000 LRT =      0.00000 p-value =      1.00000
Site    97 dN/dS =      1.00000 Full Log(L) =      0.00000 LRT =      0.00000 p-value =      1.00000
Site    98 dN/dS =      0.00000 Full Log(L) =     -8.72552 LRT =      0.73452 p-value =      0.19571
Site    99 dN/dS =      2.75454 Full Log(L) =    -14.28106 LRT =      0.74643 p-value =      0.19380
Site   100 dN/dS =      1.00000 Full Log(L) =      0.00000 LRT =      0.00000 p-value =      1.00000
Site   101 dN/dS =      1.00000 Full Log(L) =      0.00000 LRT =      0.00000 p-value =      1.00000
Site   102 dN/dS =      1.00000 Full Log(L) =      0.00000 LRT =      0.00000 p-value =      1.00000
Site   103 dN/dS =      1.00000 Full Log(L) =      0.00000 LRT =      0.00000 p-value =      1.00000
Site   104 dN/dS =      1.00000 Full Log(L) =      0.00000 LRT =      0.00000 p-value =      1.00000
Site   105 dN/dS =      1.00000 Full Log(L) =      0.00000 LRT =      0.00000 p-value =      1.00000
Site   106 dN/dS =      0.00000 Full Log(L) =    -17.00469 LRT =      0.53438 p-value =      0.23239
Site   107 dN/dS =      1.00000 Full Log(L) =      0.00000 LRT =      0.00000 p-value =      1.00000
Site   108 dN/dS =      0.00000 Full Log(L) =     -9.75228 LRT =      0.73470 p-value =      0.19568
Site   109 dN/dS =      0.00000 Full Log(L) =    -11.06186 LRT =      0.85021 p-value =      0.17825
Site   110 dN/dS =      6.55123 Full Log(L) =    -13.98581 LRT =      4.08893 p-value =      0.02158 *P
Site   111 dN/dS =      1.00000 Full Log(L) =      0.00000 LRT =      0.00000 p-value =      1.00000
Site   112 dN/dS =      1.00000 Full Log(L) =      0.00000 LRT =      0.00000 p-value =      1.00000
Site   113 dN/dS =      1.00000 Full Log(L) =      0.00000 LRT =      0.00000 p-value =      1.00000
Site   114 dN/dS =      1.00000 Full Log(L) =      0.00000 LRT =      0.00000 p-value =      1.00000
Site   115 dN/dS =      1.00000 Full Log(L) =      0.00000 LRT =      0.00000 p-value =      1.00000
Site   116 dN/dS =      1.00000 Full Log(L) =      0.00000 LRT =      0.00000 p-value =      1.00000
Site   117 dN/dS =      1.00000 Full Log(L) =      0.00000 LRT =      0.00000 p-value =      1.00000
Site   118 dN/dS =      1.00000 Full Log(L) =      0.00000 LRT =      0.00000 p-value =      1.00000
Site   119 dN/dS =      1.00000 Full Log(L) =      0.00000 LRT =      0.00000 p-value =      1.00000
Site   120 dN/dS =      1.00000 Full Log(L) =      0.00000 LRT =      0.00000 p-value =      1.00000
Site   121 dN/dS =      1.00000 Full Log(L) =      0.00000 LRT =      0.00000 p-value =      1.00000
Site   122 dN/dS =      1.00000 Full Log(L) =      0.00000 LRT =      0.00000 p-value =      1.00000
Site   123 dN/dS =      1.00000 Full Log(L) =      0.00000 LRT =      0.00000 p-value =      1.00000
Site   124 dN/dS =      1.00000 Full Log(L) =      0.00000 LRT =      0.00000 p-value =      1.00000
Site   125 dN/dS =      1.00000 Full Log(L) =      0.00000 LRT =      0.00000 p-value =      1.00000
Site   126 dN/dS =      1.00000 Full Log(L) =      0.00000 LRT =      0.00000 p-value =      1.00000
Site   127 dN/dS =      1.00000 Full Log(L) =      0.00000 LRT =      0.00000 p-value =      1.00000
Site   128 dN/dS =      1.00000 Full Log(L) =      0.00000 LRT =      0.00000 p-value =      1.00000
Site   129 dN/dS =      1.00000 Full Log(L) =      0.00000 LRT =      0.00000 p-value =      1.00000
Site   130 dN/dS =      1.00000 Full Log(L) =      0.00000 LRT =      0.00000 p-value =      1.00000
Site   131 dN/dS =      1.00000 Full Log(L) =      0.00000 LRT =      0.00000 p-value =      1.00000
Site   132 dN/dS =      0.00000 Full Log(L) =    -10.28799 LRT =      0.94623 p-value =      0.16534
Site   133 dN/dS =      1.00000 Full Log(L) =      0.00000 LRT =      0.00000 p-value =      1.00000
Site   134 dN/dS =      0.00000 Full Log(L) =    -10.72072 LRT =      0.42344 p-value =      0.25761
Site   135 dN/dS =      1.00000 Full Log(L) =      0.00000 LRT =      0.00000 p-value =      1.00000
Site   136 dN/dS =      1.00000 Full Log(L) =      0.00000 LRT =      0.00000 p-value =      1.00000
Site   137 dN/dS =      1.00000 Full Log(L) =      0.00000 LRT =      0.00000 p-value =      1.00000
Site   138 dN/dS =      2.54708 Full Log(L) =     -9.52641 LRT =      0.65057 p-value =      0.20995
Site   139 dN/dS =      1.00000 Full Log(L) =      0.00000 LRT =      0.00000 p-value =      1.00000
Site   140 dN/dS =      2.15793 Full Log(L) =    -15.62734 LRT =      0.46257 p-value =      0.24821
Site   141 dN/dS =      1.00000 Full Log(L) =      0.00000 LRT =      0.00000 p-value =      1.00000
Site   142 dN/dS =      1.00000 Full Log(L) =      0.00000 LRT =      0.00000 p-value =      1.00000
Site   143 dN/dS =      1.00000 Full Log(L) =      0.00000 LRT =      0.00000 p-value =      1.00000
Site   144 dN/dS =      2.43265 Full Log(L) =     -9.28150 LRT =      0.59719 p-value =      0.21983
Site   145 dN/dS =      1.00000 Full Log(L) =      0.00000 LRT =      0.00000 p-value =      1.00000
Site   146 dN/dS =      1.00000 Full Log(L) =      0.00000 LRT =      0.00000 p-value =      1.00000
Site   147 dN/dS =      1.00000 Full Log(L) =      0.00000 LRT =      0.00000 p-value =      1.00000
Site   148 dN/dS =      1.00000 Full Log(L) =      0.00000 LRT =      0.00000 p-value =      1.00000
Site   149 dN/dS =      1.00000 Full Log(L) =      0.00000 LRT =      0.00000 p-value =      1.00000
Site   150 dN/dS =      0.00000 Full Log(L) =    -10.55646 LRT =      0.90239 p-value =      0.17107
Site   151 dN/dS =      1.00000 Full Log(L) =      0.00000 LRT =      0.00000 p-value =      1.00000
Site   152 dN/dS =      0.00000 Full Log(L) =    -10.33382 LRT =      0.93765 p-value =      0.16644
Site   153 dN/dS =      1.00000 Full Log(L) =      0.00000 LRT =      0.00000 p-value =      1.00000
Site   154 dN/dS =      2.45228 Full Log(L) =    -11.46396 LRT =      0.60666 p-value =      0.21802
Site   155 dN/dS =      1.00000 Full Log(L) =      0.00000 LRT =      0.00000 p-value =      1.00000
Site   156 dN/dS =      1.00000 Full Log(L) =      0.00000 LRT =      0.00000 p-value =      1.00000
Site   157 dN/dS =      1.00000 Full Log(L) =      0.00000 LRT =      0.00000 p-value =      1.00000
Site   158 dN/dS =      2.26055 Full Log(L) =     -8.90945 LRT =      0.51319 p-value =      0.23688
Site   159 dN/dS =      1.00000 Full Log(L) =      0.00000 LRT =      0.00000 p-value =      1.00000
Site   160 dN/dS =      2.55141 Full Log(L) =     -8.70136 LRT =      0.65289 p-value =      0.20954
Site   161 dN/dS =      1.00000 Full Log(L) =      0.00000 LRT =      0.00000 p-value =      1.00000
Site   162 dN/dS =      1.00000 Full Log(L) =      0.00000 LRT =      0.00000 p-value =      1.00000
Site   163 dN/dS =      1.00000 Full Log(L) =      0.00000 LRT =      0.00000 p-value =      1.00000
Site   164 dN/dS =      0.00000 Full Log(L) =     -9.66445 LRT =      0.70108 p-value =      0.20121
Site   165 dN/dS =      1.00000 Full Log(L) =      0.00000 LRT =      0.00000 p-value =      1.00000
Site   166 dN/dS =      1.00000 Full Log(L) =      0.00000 LRT =      0.00000 p-value =      1.00000
Site   167 dN/dS =      1.00000 Full Log(L) =      0.00000 LRT =      0.00000 p-value =      1.00000
Site   168 dN/dS =      1.00000 Full Log(L) =      0.00000 LRT =      0.00000 p-value =      1.00000
Site   169 dN/dS =      1.00000 Full Log(L) =      0.00000 LRT =      0.00000 p-value =      1.00000
Site   170 dN/dS =      0.00000 Full Log(L) =    -10.20233 LRT =      0.44623 p-value =      0.25207
Site   171 dN/dS =      1.00000 Full Log(L) =      0.00000 LRT =      0.00000 p-value =      1.00000
Site   172 dN/dS =      1.00000 Full Log(L) =      0.00000 LRT =      0.00000 p-value =      1.00000
Site   173 dN/dS =      9.62738 Full Log(L) =    -12.99749 LRT =      5.42753 p-value =      0.00991 *P
Site   174 dN/dS =      1.00000 Full Log(L) =      0.00000 LRT =      0.00000 p-value =      1.00000
Site   175 dN/dS =      5.96913 Full Log(L) =    -14.53471 LRT =      3.79269 p-value =      0.02574 *P
Site   176 dN/dS =      2.80207 Full Log(L) =    -10.35394 LRT =      0.76877 p-value =      0.19030
Site   177 dN/dS =      1.00000 Full Log(L) =      0.00000 LRT =      0.00000 p-value =      1.00000
Site   178 dN/dS =      1.00000 Full Log(L) =      0.00000 LRT =      0.00000 p-value =      1.00000
Site   179 dN/dS =      1.00000 Full Log(L) =      0.00000 LRT =      0.00000 p-value =      1.00000
Site   180 dN/dS =      0.00000 Full Log(L) =    -14.86637 LRT =      0.44251 p-value =      0.25296
Site   181 dN/dS =      1.00000 Full Log(L) =      0.00000 LRT =      0.00000 p-value =      1.00000
Site   182 dN/dS =      1.00000 Full Log(L) =      0.00000 LRT =      0.00000 p-value =      1.00000
Site   183 dN/dS =      1.00000 Full Log(L) =      0.00000 LRT =      0.00000 p-value =      1.00000
Site   184 dN/dS =      1.00000 Full Log(L) =      0.00000 LRT =      0.00000 p-value =      1.00000
Site   185 dN/dS =      1.00000 Full Log(L) =      0.00000 LRT =      0.00000 p-value =      1.00000
Site   186 dN/dS =      1.00000 Full Log(L) =      0.00000 LRT =      0.00000 p-value =      1.00000
Site   187 dN/dS =      1.00000 Full Log(L) =      0.00000 LRT =      0.00000 p-value =      1.00000
Site   188 dN/dS =      1.00000 Full Log(L) =      0.00000 LRT =      0.00000 p-value =      1.00000
Site   189 dN/dS =      1.00000 Full Log(L) =      0.00000 LRT =      0.00000 p-value =      1.00000
Site   190 dN/dS =      1.00000 Full Log(L) =      0.00000 LRT =      0.00000 p-value =      1.00000
Site   191 dN/dS =      1.00000 Full Log(L) =      0.00000 LRT =      0.00000 p-value =      1.00000
Site   192 dN/dS =      1.00000 Full Log(L) =      0.00000 LRT =      0.00000 p-value =      1.00000
Site   193 dN/dS =      1.00000 Full Log(L) =      0.00000 LRT =      0.00000 p-value =      1.00000
Site   194 dN/dS =      1.00000 Full Log(L) =      0.00000 LRT =      0.00000 p-value =      1.00000
Site   195 dN/dS =      1.00000 Full Log(L) =      0.00000 LRT =      0.00000 p-value =      1.00000
Site   196 dN/dS =      1.00000 Full Log(L) =      0.00000 LRT =      0.00000 p-value =      1.00000
Site   197 dN/dS =      0.00000 Full Log(L) =     -9.25322 LRT =      0.94499 p-value =      0.16550
Site   198 dN/dS =      0.00000 Full Log(L) =     -9.17680 LRT =      0.78228 p-value =      0.18822
Site   199 dN/dS =      1.00000 Full Log(L) =      0.00000 LRT =      0.00000 p-value =      1.00000
Site   200 dN/dS =      1.00000 Full Log(L) =      0.00000 LRT =      0.00000 p-value =      1.00000
Site   201 dN/dS =      1.00000 Full Log(L) =      0.00000 LRT =      0.00000 p-value =      1.00000
Site   202 dN/dS =      1.00000 Full Log(L) =      0.00000 LRT =      0.00000 p-value =      1.00000
Site   203 dN/dS =      0.00000 Full Log(L) =    -16.01977 LRT =      0.74817 p-value =      0.19353
Site   204 dN/dS =      1.00000 Full Log(L) =      0.00000 LRT =      0.00000 p-value =      1.00000
Site   205 dN/dS =      1.00000 Full Log(L) =      0.00000 LRT =      0.00000 p-value =      1.00000
Site   206 dN/dS =      1.00000 Full Log(L) =      0.00000 LRT =      0.00000 p-value =      1.00000
Site   207 dN/dS =      1.00000 Full Log(L) =      0.00000 LRT =      0.00000 p-value =      1.00000
Site   208 dN/dS =      1.00000 Full Log(L) =      0.00000 LRT =      0.00000 p-value =      1.00000
Site   209 dN/dS =      1.00000 Full Log(L) =      0.00000 LRT =      0.00000 p-value =      1.00000
Site   210 dN/dS =      1.00000 Full Log(L) =      0.00000 LRT =      0.00000 p-value =      1.00000
Site   211 dN/dS =      1.00000 Full Log(L) =      0.00000 LRT =      0.00000 p-value =      1.00000
Site   212 dN/dS =      0.00000 Full Log(L) =    -11.05612 LRT =      0.85021 p-value =      0.17825
Site   213 dN/dS =      3.85059 Full Log(L) =    -15.97120 LRT =      1.20582 p-value =      0.13608
Site   214 dN/dS =      0.00000 Full Log(L) =    -11.04259 LRT =      0.57623 p-value =      0.22390
Site   215 dN/dS =      1.00000 Full Log(L) =      0.00000 LRT =      0.00000 p-value =      1.00000
Site   216 dN/dS =      1.00000 Full Log(L) =      0.00000 LRT =      0.00000 p-value =      1.00000
Site   217 dN/dS =      1.00000 Full Log(L) =      0.00000 LRT =      0.00000 p-value =      1.00000
Site   218 dN/dS =      1.00000 Full Log(L) =      0.00000 LRT =      0.00000 p-value =      1.00000
Site   219 dN/dS =      1.00000 Full Log(L) =      0.00000 LRT =      0.00000 p-value =      1.00000
Site   220 dN/dS =      1.00000 Full Log(L) =      0.00000 LRT =      0.00000 p-value =      1.00000
Site   221 dN/dS =      0.00000 Full Log(L) =    -10.46119 LRT =      0.67571 p-value =      0.20553
Site   222 dN/dS =      0.00000 Full Log(L) =     -9.86057 LRT =      0.74817 p-value =      0.19353
Site   223 dN/dS =      1.00000 Full Log(L) =      0.00000 LRT =      0.00000 p-value =      1.00000
Site   224 dN/dS =      1.00000 Full Log(L) =      0.00000 LRT =      0.00000 p-value =      1.00000
Site   225 dN/dS =      0.00000 Full Log(L) =     -9.65524 LRT =      0.93755 p-value =      0.16645
Site   226 dN/dS =      1.00000 Full Log(L) =      0.00000 LRT =      0.00000 p-value =      1.00000
Site   227 dN/dS =      1.00000 Full Log(L) =      0.00000 LRT =      0.00000 p-value =      1.00000
Site   228 dN/dS =      1.00000 Full Log(L) =      0.00000 LRT =      0.00000 p-value =      1.00000
Site   229 dN/dS =      1.00000 Full Log(L) =      0.00000 LRT =      0.00000 p-value =      1.00000
Site   230 dN/dS =      1.00000 Full Log(L) =      0.00000 LRT =      0.00000 p-value =      1.00000
Site   231 dN/dS =      0.00000 Full Log(L) =     -9.98674 LRT =      0.77413 p-value =      0.18947
Site   232 dN/dS =      1.00000 Full Log(L) =      0.00000 LRT =      0.00000 p-value =      1.00000
Site   233 dN/dS =      1.00000 Full Log(L) =      0.00000 LRT =      0.00000 p-value =      1.00000
Site   234 dN/dS =      1.00000 Full Log(L) =      0.00000 LRT =      0.00000 p-value =      1.00000
Site   235 dN/dS =      1.00000 Full Log(L) =      0.00000 LRT =      0.00000 p-value =      1.00000
Site   236 dN/dS =      1.00000 Full Log(L) =      0.00000 LRT =      0.00000 p-value =      1.00000
Site   237 dN/dS =      1.00000 Full Log(L) =      0.00000 LRT =      0.00000 p-value =      1.00000
Site   238 dN/dS =      1.00000 Full Log(L) =      0.00000 LRT =      0.00000 p-value =      1.00000
Site   239 dN/dS =      1.00000 Full Log(L) =      0.00000 LRT =      0.00000 p-value =      1.00000
Site   240 dN/dS =      1.00000 Full Log(L) =      0.00000 LRT =      0.00000 p-value =      1.00000
Site   241 dN/dS =      5.12050 Full Log(L) =    -12.17748 LRT =      3.28475 p-value =      0.03496 *P
Site   242 dN/dS =      1.00000 Full Log(L) =      0.00000 LRT =      0.00000 p-value =      1.00000
Site   243 dN/dS =      1.00000 Full Log(L) =      0.00000 LRT =      0.00000 p-value =      1.00000
Site   244 dN/dS =      1.00000 Full Log(L) =      0.00000 LRT =      0.00000 p-value =      1.00000
Site   245 dN/dS =      1.00000 Full Log(L) =      0.00000 LRT =      0.00000 p-value =      1.00000
Site   246 dN/dS =      1.00000 Full Log(L) =      0.00000 LRT =      0.00000 p-value =      1.00000
Site   247 dN/dS =      1.00000 Full Log(L) =      0.00000 LRT =      0.00000 p-value =      1.00000
Site   248 dN/dS =      1.00000 Full Log(L) =      0.00000 LRT =      0.00000 p-value =      1.00000
Site   249 dN/dS =      1.00000 Full Log(L) =      0.00000 LRT =      0.00000 p-value =      1.00000
Site   250 dN/dS =      1.00000 Full Log(L) =      0.00000 LRT =      0.00000 p-value =      1.00000
Site   251 dN/dS =      1.00000 Full Log(L) =      0.00000 LRT =      0.00000 p-value =      1.00000
Site   252 dN/dS =      1.00000 Full Log(L) =      0.00000 LRT =      0.00000 p-value =      1.00000
Site   253 dN/dS =      1.00000 Full Log(L) =      0.00000 LRT =      0.00000 p-value =      1.00000
Site   254 dN/dS =      1.00000 Full Log(L) =      0.00000 LRT =      0.00000 p-value =      1.00000
Site   255 dN/dS =      1.00000 Full Log(L) =      0.00000 LRT =      0.00000 p-value =      1.00000
Site   256 dN/dS =      1.00000 Full Log(L) =      0.00000 LRT =      0.00000 p-value =      1.00000
Site   257 dN/dS =      1.00000 Full Log(L) =      0.00000 LRT =      0.00000 p-value =      1.00000
Site   258 dN/dS =      1.00000 Full Log(L) =      0.00000 LRT =      0.00000 p-value =      1.00000
Site   259 dN/dS =      1.00000 Full Log(L) =      0.00000 LRT =      0.00000 p-value =      1.00000
Site   260 dN/dS =      1.00000 Full Log(L) =      0.00000 LRT =      0.00000 p-value =      1.00000
Site   261 dN/dS =      0.00000 Full Log(L) =     -9.55327 LRT =      0.71454 p-value =      0.19897
Site   262 dN/dS =      1.00000 Full Log(L) =      0.00000 LRT =      0.00000 p-value =      1.00000
Site   263 dN/dS =      1.00000 Full Log(L) =      0.00000 LRT =      0.00000 p-value =      1.00000
Site   264 dN/dS =      1.00000 Full Log(L) =      0.00000 LRT =      0.00000 p-value =      1.00000
Site   265 dN/dS =      1.00000 Full Log(L) =      0.00000 LRT =      0.00000 p-value =      1.00000
Site   266 dN/dS =      0.00000 Full Log(L) =     -8.47414 LRT =      0.78578 p-value =      0.18769
Site   267 dN/dS =      0.00000 Full Log(L) =     -9.92142 LRT =      0.42289 p-value =      0.25775
Site   268 dN/dS =      1.00000 Full Log(L) =      0.00000 LRT =      0.00000 p-value =      1.00000
Site   269 dN/dS =      1.00000 Full Log(L) =      0.00000 LRT =      0.00000 p-value =      1.00000
Site   270 dN/dS =      1.00000 Full Log(L) =      0.00000 LRT =      0.00000 p-value =      1.00000
Site   271 dN/dS =      1.00000 Full Log(L) =      0.00000 LRT =      0.00000 p-value =      1.00000
Site   272 dN/dS =      1.00000 Full Log(L) =      0.00000 LRT =      0.00000 p-value =      1.00000
Site   273 dN/dS =      1.00000 Full Log(L) =      0.00000 LRT =      0.00000 p-value =      1.00000
Site   274 dN/dS =      1.00000 Full Log(L) =      0.00000 LRT =      0.00000 p-value =      1.00000
Site   275 dN/dS =      1.00000 Full Log(L) =      0.00000 LRT =      0.00000 p-value =      1.00000
Site   276 dN/dS =      1.00000 Full Log(L) =      0.00000 LRT =      0.00000 p-value =      1.00000
Site   277 dN/dS =      3.85408 Full Log(L) =     -8.99875 LRT =      1.21044 p-value =      0.13562
Site   278 dN/dS =      1.00000 Full Log(L) =      0.00000 LRT =      0.00000 p-value =      1.00000
Site   279 dN/dS =      1.00000 Full Log(L) =      0.00000 LRT =      0.00000 p-value =      1.00000
Site   280 dN/dS =      1.00000 Full Log(L) =      0.00000 LRT =      0.00000 p-value =      1.00000
Site   281 dN/dS =      1.00000 Full Log(L) =      0.00000 LRT =      0.00000 p-value =      1.00000
Site   282 dN/dS =      1.00000 Full Log(L) =      0.00000 LRT =      0.00000 p-value =      1.00000
Site   283 dN/dS =      1.00000 Full Log(L) =      0.00000 LRT =      0.00000 p-value =      1.00000
Site   284 dN/dS =      1.00000 Full Log(L) =      0.00000 LRT =      0.00000 p-value =      1.00000
Site   285 dN/dS =      0.00000 Full Log(L) =     -8.84906 LRT =      0.85840 p-value =      0.17709
Site   286 dN/dS =      1.00000 Full Log(L) =      0.00000 LRT =      0.00000 p-value =      1.00000
Site   287 dN/dS =      1.00000 Full Log(L) =      0.00000 LRT =      0.00000 p-value =      1.00000
Site   288 dN/dS =      0.00000 Full Log(L) =    -11.31244 LRT =      0.85021 p-value =      0.17825
Site   289 dN/dS =      1.00000 Full Log(L) =      0.00000 LRT =      0.00000 p-value =      1.00000
Site   290 dN/dS =      1.00000 Full Log(L) =      0.00000 LRT =      0.00000 p-value =      1.00000
Site   291 dN/dS =      0.00000 Full Log(L) =    -10.29043 LRT =      0.94623 p-value =      0.16534
Site   292 dN/dS =      1.00000 Full Log(L) =      0.00000 LRT =      0.00000 p-value =      1.00000
Site   293 dN/dS =      1.00000 Full Log(L) =      0.00000 LRT =      0.00000 p-value =      1.00000
Site   294 dN/dS =      1.00000 Full Log(L) =      0.00000 LRT =      0.00000 p-value =      1.00000
Site   295 dN/dS =      1.00000 Full Log(L) =      0.00000 LRT =      0.00000 p-value =      1.00000
Site   296 dN/dS =      1.00000 Full Log(L) =      0.00000 LRT =      0.00000 p-value =      1.00000
Site   297 dN/dS =      1.00000 Full Log(L) =      0.00000 LRT =      0.00000 p-value =      1.00000
Site   298 dN/dS =      1.00000 Full Log(L) =      0.00000 LRT =      0.00000 p-value =      1.00000
Site   299 dN/dS =      1.00000 Full Log(L) =      0.00000 LRT =      0.00000 p-value =      1.00000
Site   300 dN/dS =      0.00000 Full Log(L) =    -11.33352 LRT =      0.77413 p-value =      0.18947
Site   301 dN/dS =      1.00000 Full Log(L) =      0.00000 LRT =      0.00000 p-value =      1.00000
Site   302 dN/dS =      1.00000 Full Log(L) =      0.00000 LRT =      0.00000 p-value =      1.00000
Site   303 dN/dS =      1.00000 Full Log(L) =      0.00000 LRT =      0.00000 p-value =      1.00000
Site   304 dN/dS =      1.00000 Full Log(L) =      0.00000 LRT =      0.00000 p-value =      1.00000
Site   305 dN/dS =      2.64104 Full Log(L) =    -11.80843 LRT =      0.69709 p-value =      0.20188
Site   306 dN/dS =      1.00000 Full Log(L) =      0.00000 LRT =      0.00000 p-value =      1.00000
Site   307 dN/dS =      1.00000 Full Log(L) =      0.00000 LRT =      0.00000 p-value =      1.00000
Site   308 dN/dS =      1.00000 Full Log(L) =      0.00000 LRT =      0.00000 p-value =      1.00000
Site   309 dN/dS =      1.00000 Full Log(L) =      0.00000 LRT =      0.00000 p-value =      1.00000
Site   310 dN/dS =      1.00000 Full Log(L) =      0.00000 LRT =      0.00000 p-value =      1.00000
Site   311 dN/dS =      1.00000 Full Log(L) =      0.00000 LRT =      0.00000 p-value =      1.00000
Site   312 dN/dS =      1.00000 Full Log(L) =      0.00000 LRT =      0.00000 p-value =      1.00000
Site   313 dN/dS =      1.00000 Full Log(L) =      0.00000 LRT =      0.00000 p-value =      1.00000
Site   314 dN/dS =      1.00000 Full Log(L) =      0.00000 LRT =      0.00000 p-value =      1.00000
Site   315 dN/dS =      0.00000 Full Log(L) =     -9.90827 LRT =      0.90079 p-value =      0.17128
Site   316 dN/dS =      1.00000 Full Log(L) =      0.00000 LRT =      0.00000 p-value =      1.00000
Site   317 dN/dS =      1.00000 Full Log(L) =      0.00000 LRT =      0.00000 p-value =      1.00000
Site   318 dN/dS =      0.00000 Full Log(L) =    -10.20226 LRT =      0.62017 p-value =      0.21549
Site   319 dN/dS =      1.00000 Full Log(L) =      0.00000 LRT =      0.00000 p-value =      1.00000
Site   320 dN/dS =      2.38855 Full Log(L) =    -25.79834 LRT =      0.57585 p-value =      0.22397
Site   321 dN/dS =      1.00000 Full Log(L) =      0.00000 LRT =      0.00000 p-value =      1.00000
Site   322 dN/dS =      1.00000 Full Log(L) =      0.00000 LRT =      0.00000 p-value =      1.00000
Site   323 dN/dS =      1.00000 Full Log(L) =      0.00000 LRT =      0.00000 p-value =      1.00000
Site   324 dN/dS =      1.00000 Full Log(L) =      0.00000 LRT =      0.00000 p-value =      1.00000
Site   325 dN/dS =      1.00000 Full Log(L) =      0.00000 LRT =      0.00000 p-value =      1.00000
Site   326 dN/dS =      1.00000 Full Log(L) =      0.00000 LRT =      0.00000 p-value =      1.00000
Site   327 dN/dS =      3.76556 Full Log(L) =    -10.49365 LRT =      1.17594 p-value =      0.13909
Site   328 dN/dS =      1.00000 Full Log(L) =      0.00000 LRT =      0.00000 p-value =      1.00000
Site   329 dN/dS =      1.00000 Full Log(L) =      0.00000 LRT =      0.00000 p-value =      1.00000
Site   330 dN/dS =      1.00000 Full Log(L) =      0.00000 LRT =      0.00000 p-value =      1.00000
Site   331 dN/dS =      1.00000 Full Log(L) =      0.00000 LRT =      0.00000 p-value =      1.00000
Site   332 dN/dS =      0.00000 Full Log(L) =    -11.99849 LRT =      0.44461 p-value =      0.25245
Site   333 dN/dS =      1.00000 Full Log(L) =      0.00000 LRT =      0.00000 p-value =      1.00000
Site   334 dN/dS =      1.00000 Full Log(L) =      0.00000 LRT =      0.00000 p-value =      1.00000
Site   335 dN/dS =      1.00000 Full Log(L) =      0.00000 LRT =      0.00000 p-value =      1.00000
Site   336 dN/dS =      1.00000 Full Log(L) =      0.00000 LRT =      0.00000 p-value =      1.00000
Site   337 dN/dS =      0.00000 Full Log(L) =    -12.32733 LRT =      0.52627 p-value =      0.23409
Site   338 dN/dS =      1.00000 Full Log(L) =      0.00000 LRT =      0.00000 p-value =      1.00000
Site   339 dN/dS =      1.00000 Full Log(L) =      0.00000 LRT =      0.00000 p-value =      1.00000
Site   340 dN/dS =      2.65487 Full Log(L) =    -22.91127 LRT =      0.70356 p-value =      0.20080
Site   341 dN/dS =      0.00000 Full Log(L) =     -4.20476 LRT =      0.83684 p-value =      0.18015
Site   342 dN/dS =      2.71296 Full Log(L) =     -8.37097 LRT =      0.72803 p-value =      0.19676
Site   343 dN/dS =      0.00000 Full Log(L) =     -4.03777 LRT =      0.52214 p-value =      0.23496
Site   344 dN/dS =      0.00000 Full Log(L) =     -4.23517 LRT =      0.74817 p-value =      0.19353
Site   345 dN/dS =      0.00000 Full Log(L) =     -3.76635 LRT =      0.85753 p-value =      0.17721
Site   346 dN/dS =      0.00000 Full Log(L) =     -4.51504 LRT =      0.94623 p-value =      0.16534
Site   347 dN/dS =      0.00000 Full Log(L) =     -3.57073 LRT =      0.88900 p-value =      0.17287
Site   348 dN/dS =      0.00000 Full Log(L) =     -4.24143 LRT =      0.69285 p-value =      0.20260
Site   349 dN/dS =      0.00000 Full Log(L) =     -4.51270 LRT =      0.93478 p-value =      0.16681
Site   350 dN/dS =      0.00000 Full Log(L) =    -11.02189 LRT =      0.83992 p-value =      0.17971
Site   351 dN/dS =      0.00000 Full Log(L) =     -3.57073 LRT =      0.88900 p-value =      0.17287
Site   352 dN/dS =      0.00000 Full Log(L) =     -4.87649 LRT =      0.83992 p-value =      0.17971
Site   353 dN/dS =      0.00000 Full Log(L) =     -9.79354 LRT =      0.93478 p-value =      0.16681
Site   354 dN/dS =      0.00000 Full Log(L) =     -4.38192 LRT =      0.69285 p-value =      0.20260
Site   355 dN/dS =      0.00000 Full Log(L) =     -3.57073 LRT =      0.88900 p-value =      0.17287
Site   356 dN/dS =      0.00000 Full Log(L) =     -3.58000 LRT =      0.82669 p-value =      0.18162
Site   357 dN/dS =      0.00000 Full Log(L) =     -3.55544 LRT =      0.77667 p-value =      0.18908
Site   358 dN/dS =      0.00000 Full Log(L) =     -4.34835 LRT =      0.80669 p-value =      0.18455
Site   359 dN/dS =      0.00000 Full Log(L) =     -4.51537 LRT =      0.38802 p-value =      0.26667
Site   360 dN/dS =      0.00000 Full Log(L) =     -4.17682 LRT =      0.71343 p-value =      0.19915
Site   361 dN/dS =      0.00000 Full Log(L) =     -4.07251 LRT =      0.76904 p-value =      0.19026
Site   362 dN/dS =      0.00000 Full Log(L) =     -4.07193 LRT =      0.97651 p-value =      0.16153
Site   363 dN/dS =      5.66514 Full Log(L) =    -18.06889 LRT =      3.61024 p-value =      0.02871 *P
Site   364 dN/dS =      0.00000 Full Log(L) =     -3.83788 LRT =      0.75724 p-value =      0.19210
Site   365 dN/dS =      0.00000 Full Log(L) =     -4.34835 LRT =      0.80669 p-value =      0.18455
Site   366 dN/dS =      0.00000 Full Log(L) =     -4.51537 LRT =      0.38802 p-value =      0.26667
Site   367 dN/dS =      0.00000 Full Log(L) =     -4.00551 LRT =      0.52872 p-value =      0.23357
Site   368 dN/dS =      0.00000 Full Log(L) =     -9.40013 LRT =      0.80669 p-value =      0.18455
Site   369 dN/dS =      0.00000 Full Log(L) =     -4.36208 LRT =      0.59791 p-value =      0.21969
Site   370 dN/dS =      0.00000 Full Log(L) =     -4.35972 LRT =      0.76874 p-value =      0.19030
Site   371 dN/dS =      0.00000 Full Log(L) =    -10.59837 LRT =      0.69228 p-value =      0.20269
Site   372 dN/dS =      0.00000 Full Log(L) =     -4.02157 LRT =      0.44514 p-value =      0.25233
Site   373 dN/dS =      0.00000 Full Log(L) =     -3.53791 LRT =      0.67025 p-value =      0.20648
Site   374 dN/dS =      0.00000 Full Log(L) =     -4.53859 LRT =      0.57606 p-value =      0.22393
Site   375 dN/dS =      0.00000 Full Log(L) =     -4.17682 LRT =      0.71343 p-value =      0.19915
Site   376 dN/dS =      0.00000 Full Log(L) =     -4.07251 LRT =      0.76904 p-value =      0.19026
Site   377 dN/dS =      0.00000 Full Log(L) =     -3.74803 LRT =      0.73107 p-value =      0.19627
Site   378 dN/dS =      0.00000 Full Log(L) =    -11.41354 LRT =      0.76966 p-value =      0.19016
Site   379 dN/dS =      0.00000 Full Log(L) =     -4.02157 LRT =      0.44514 p-value =      0.25233
Site   380 dN/dS =      0.00000 Full Log(L) =     -4.23331 LRT =      0.72483 p-value =      0.19728
Site   381 dN/dS =      0.00000 Full Log(L) =     -4.23331 LRT =      0.72483 p-value =      0.19728
Site   382 dN/dS =      0.00000 Full Log(L) =     -3.83788 LRT =      0.75724 p-value =      0.19210
Site   383 dN/dS =      0.00000 Full Log(L) =    -12.61478 LRT =      0.58613 p-value =      0.22196
Site   384 dN/dS =      0.00000 Full Log(L) =     -3.26517 LRT =      0.62643 p-value =      0.21433
Site   385 dN/dS =      0.00000 Full Log(L) =     -4.14667 LRT =      0.79946 p-value =      0.18563
Site   386 dN/dS =      0.00000 Full Log(L) =     -4.20917 LRT =      0.63784 p-value =      0.21225
Site   387 dN/dS =      0.00000 Full Log(L) =     -4.02157 LRT =      0.44514 p-value =      0.25233
Site   388 dN/dS =      2.87649 Full Log(L) =    -10.86869 LRT =      0.80433 p-value =      0.18490
Site   389 dN/dS =      0.00000 Full Log(L) =     -4.23331 LRT =      0.72483 p-value =      0.19728
Site   390 dN/dS =      0.00000 Full Log(L) =     -4.05789 LRT =      0.60923 p-value =      0.21754
Site   391 dN/dS =      0.00000 Full Log(L) =     -3.83788 LRT =      0.75724 p-value =      0.19210
Site   392 dN/dS =      0.00000 Full Log(L) =     -4.02157 LRT =      0.44514 p-value =      0.25233
Site   393 dN/dS =      0.00000 Full Log(L) =     -8.98446 LRT =      0.60910 p-value =      0.21756
Site   394 dN/dS =      0.00000 Full Log(L) =     -3.53791 LRT =      0.67025 p-value =      0.20648
Site   395 dN/dS =      0.00000 Full Log(L) =     -4.68421 LRT =      0.80669 p-value =      0.18455
Site   396 dN/dS =      0.00000 Full Log(L) =     -3.87685 LRT =      0.62644 p-value =      0.21433
Site   397 dN/dS =      0.00000 Full Log(L) =     -5.14715 LRT =      0.36100 p-value =      0.27398
Site   398 dN/dS =      0.00000 Full Log(L) =     -3.53791 LRT =      0.67025 p-value =      0.20648
Site   399 dN/dS =      0.00000 Full Log(L) =     -4.55512 LRT =      0.44842 p-value =      0.25154
Site   400 dN/dS =      0.00000 Full Log(L) =     -4.64142 LRT =      0.38090 p-value =      0.26856
Site   401 dN/dS =      0.00000 Full Log(L) =     -9.13673 LRT =      0.60912 p-value =      0.21756
Site   402 dN/dS =      0.00000 Full Log(L) =     -4.68421 LRT =      0.80669 p-value =      0.18455
Site   403 dN/dS =      0.00000 Full Log(L) =     -3.26517 LRT =      0.62643 p-value =      0.21433
Site   404 dN/dS =      0.00000 Full Log(L) =     -4.34735 LRT =      0.63784 p-value =      0.21225
Site   405 dN/dS =      0.00000 Full Log(L) =     -3.67609 LRT =      0.67026 p-value =      0.20648
Site   406 dN/dS =      0.00000 Full Log(L) =     -4.17682 LRT =      0.71343 p-value =      0.19915
Site   407 dN/dS =      0.00000 Full Log(L) =     -3.26517 LRT =      0.62643 p-value =      0.21433
Site   408 dN/dS =      0.00000 Full Log(L) =     -4.36208 LRT =      0.59791 p-value =      0.21969
Site   409 dN/dS =      0.00000 Full Log(L) =    -11.28725 LRT =      0.69233 p-value =      0.20269
Site   410 dN/dS =      0.00000 Full Log(L) =     -4.63326 LRT =      0.44516 p-value =      0.25232
Site   411 dN/dS =      0.00000 Full Log(L) =     -3.91971 LRT =      0.60923 p-value =      0.21754
Site   412 dN/dS =      0.00000 Full Log(L) =     -3.56514 LRT =      0.71341 p-value =      0.19916
Site   413 dN/dS =      0.00000 Full Log(L) =     -3.26517 LRT =      0.62643 p-value =      0.21433
Site   414 dN/dS =      0.00000 Full Log(L) =     -3.56514 LRT =      0.71341 p-value =      0.19916
Site   415 dN/dS =      0.00000 Full Log(L) =     -4.36208 LRT =      0.59791 p-value =      0.21969
Site   416 dN/dS =      0.00000 Full Log(L) =     -4.26276 LRT =      0.48884 p-value =      0.24222
Site   417 dN/dS =      0.00000 Full Log(L) =     -3.56514 LRT =      0.71341 p-value =      0.19916
Site   418 dN/dS =      0.00000 Full Log(L) =    -10.02350 LRT =      0.66692 p-value =      0.20706
Site   419 dN/dS =      0.00000 Full Log(L) =     -3.56514 LRT =      0.71341 p-value =      0.19916
Site   420 dN/dS =      0.00000 Full Log(L) =     -9.34554 LRT =      0.80435 p-value =      0.18490
Site   421 dN/dS =      0.00000 Full Log(L) =     -3.74803 LRT =      0.73107 p-value =      0.19627
Site   422 dN/dS =      0.00000 Full Log(L) =     -3.91971 LRT =      0.60923 p-value =      0.21754
Site   423 dN/dS =      0.00000 Full Log(L) =     -4.63326 LRT =      0.44516 p-value =      0.25232
Site   424 dN/dS =      0.00000 Full Log(L) =     -3.97606 LRT =      0.75724 p-value =      0.19210
Site   425 dN/dS =      0.00000 Full Log(L) =     -4.69076 LRT =      0.60207 p-value =      0.21890
Site   426 dN/dS =      0.00000 Full Log(L) =     -4.17682 LRT =      0.71343 p-value =      0.19915
Site   427 dN/dS =      0.00000 Full Log(L) =     -3.26517 LRT =      0.62643 p-value =      0.21433
Site   428 dN/dS =      0.00000 Full Log(L) =     -3.86733 LRT =      0.52872 p-value =      0.23357
Site   429 dN/dS =      3.02899 Full Log(L) =    -10.71474 LRT =      0.87153 p-value =      0.17527
Site   430 dN/dS =      0.00000 Full Log(L) =     -4.17682 LRT =      0.71343 p-value =      0.19915
Site   431 dN/dS =      0.00000 Full Log(L) =     -3.97606 LRT =      0.75724 p-value =      0.19210
Site   432 dN/dS =      0.00000 Full Log(L) =    -10.71248 LRT =      0.63784 p-value =      0.21225
Site   433 dN/dS =      0.00000 Full Log(L) =     -3.26517 LRT =      0.62643 p-value =      0.21433
Site   434 dN/dS =      0.00000 Full Log(L) =     -3.56489 LRT =      0.76719 p-value =      0.19054
Site   435 dN/dS =      0.00000 Full Log(L) =     -3.83788 LRT =      0.75724 p-value =      0.19210
Site   436 dN/dS =      0.00000 Full Log(L) =     -4.82894 LRT =      0.60207 p-value =      0.21890
Site   437 dN/dS =      0.00000 Full Log(L) =     -4.51537 LRT =      0.38802 p-value =      0.26667
Site   438 dN/dS =      0.00000 Full Log(L) =     -4.26276 LRT =      0.48884 p-value =      0.24222
Site   439 dN/dS =      0.00000 Full Log(L) =     -4.00551 LRT =      0.52872 p-value =      0.23357
Site   440 dN/dS =      3.02292 Full Log(L) =    -11.20485 LRT =      0.86761 p-value =      0.17581
Site   441 dN/dS =      2.82628 Full Log(L) =    -12.19183 LRT =      0.78147 p-value =      0.18835
Site   442 dN/dS =      0.00000 Full Log(L) =     -4.17682 LRT =      0.70235 p-value =      0.20100
Site   443 dN/dS =      0.00000 Full Log(L) =     -4.69076 LRT =      0.60207 p-value =      0.21890
Site   444 dN/dS =      0.00000 Full Log(L) =     -4.69076 LRT =      0.60207 p-value =      0.21890
Site   445 dN/dS =      0.00000 Full Log(L) =     -4.23433 LRT =      0.66692 p-value =      0.20706
Site   446 dN/dS =      0.00000 Full Log(L) =     -4.64732 LRT =      0.72483 p-value =      0.19728
Site   447 dN/dS =      0.00000 Full Log(L) =     -5.14715 LRT =      0.36100 p-value =      0.27398
Site   448 dN/dS =      0.00000 Full Log(L) =     -4.17682 LRT =      0.71343 p-value =      0.19915
Site   449 dN/dS =      0.00000 Full Log(L) =     -3.67609 LRT =      0.67026 p-value =      0.20648
Site   450 dN/dS =      0.00000 Full Log(L) =     -4.02157 LRT =      0.44514 p-value =      0.25233
Site   451 dN/dS =      0.00000 Full Log(L) =     -4.29432 LRT =      0.69238 p-value =      0.20268
Site   452 dN/dS =      0.00000 Full Log(L) =     -3.93334 LRT =      0.63784 p-value =      0.21225
Site   453 dN/dS =      0.00000 Full Log(L) =     -3.91971 LRT =      0.60812 p-value =      0.21775
Site   454 dN/dS =      2.66316 Full Log(L) =     -9.79392 LRT =      0.70570 p-value =      0.20044
Site   455 dN/dS =      0.00000 Full Log(L) =     -4.53546 LRT =      0.36100 p-value =      0.27398
Site   456 dN/dS =      0.00000 Full Log(L) =     -4.20917 LRT =      0.63784 p-value =      0.21225
Site   457 dN/dS =      0.00000 Full Log(L) =     -3.97606 LRT =      0.75724 p-value =      0.19210
Site   458 dN/dS =      0.00000 Full Log(L) =     -4.26276 LRT =      0.48884 p-value =      0.24222
Site   459 dN/dS =      0.00000 Full Log(L) =     -3.56514 LRT =      0.71341 p-value =      0.19916
Site   460 dN/dS =      0.00000 Full Log(L) =     -4.07193 LRT =      0.97651 p-value =      0.16153
Site   461 dN/dS =      0.00000 Full Log(L) =     -9.45209 LRT =      0.67010 p-value =      0.20651
Site   462 dN/dS =      0.00000 Full Log(L) =     -8.63658 LRT =      0.62615 p-value =      0.21439
Site   463 dN/dS =      0.00000 Full Log(L) =     -5.14715 LRT =      0.36100 p-value =      0.27398
Site   464 dN/dS =      0.00000 Full Log(L) =     -4.22390 LRT =      0.59791 p-value =      0.21969
Site   465 dN/dS =      0.00000 Full Log(L) =     -3.56514 LRT =      0.71341 p-value =      0.19916
Site   466 dN/dS =      0.00000 Full Log(L) =     -3.26517 LRT =      0.62643 p-value =      0.21433
Site   467 dN/dS =      0.00000 Full Log(L) =     -3.93334 LRT =      0.63784 p-value =      0.21225
Site   468 dN/dS =      0.00000 Full Log(L) =     -8.69860 LRT =      0.62616 p-value =      0.21438
Site   469 dN/dS =      0.00000 Full Log(L) =     -3.87685 LRT =      0.62644 p-value =      0.21433
Site   470 dN/dS =      0.00000 Full Log(L) =     -4.02157 LRT =      0.44514 p-value =      0.25233
Site   471 dN/dS =      0.00000 Full Log(L) =    -10.66705 LRT =      0.36100 p-value =      0.27398
Site   472 dN/dS =      0.00000 Full Log(L) =    -14.54831 LRT =      0.76671 p-value =      0.19062
Site   473 dN/dS =      0.00000 Full Log(L) =     -3.56514 LRT =      0.71341 p-value =      0.19916
Site   474 dN/dS =      0.00000 Full Log(L) =     -3.53791 LRT =      0.67025 p-value =      0.20648
Site   475 dN/dS =      0.00000 Full Log(L) =     -4.50914 LRT =      0.72483 p-value =      0.19728
Site   476 dN/dS =      0.00000 Full Log(L) =     -4.17682 LRT =      0.71343 p-value =      0.19915
Site   477 dN/dS =      0.00000 Full Log(L) =     -3.83788 LRT =      0.75724 p-value =      0.19210
Site   478 dN/dS =      2.16191 Full Log(L) =    -13.52102 LRT =      0.46473 p-value =      0.24771
Site   479 dN/dS =      0.00000 Full Log(L) =    -11.86085 LRT =      0.80623 p-value =      0.18462
Site   480 dN/dS =      0.00000 Full Log(L) =     -3.53791 LRT =      0.67025 p-value =      0.20648
Site   481 dN/dS =      0.00000 Full Log(L) =     -9.55403 LRT =      0.80669 p-value =      0.18455
Site   482 dN/dS =      0.00000 Full Log(L) =     -4.33792 LRT =      0.68722 p-value =      0.20356
Site   483 dN/dS =      0.00000 Full Log(L) =     -4.36208 LRT =      0.59791 p-value =      0.21969
Site   484 dN/dS =      3.34710 Full Log(L) =     -8.84785 LRT =      1.00609 p-value =      0.15792
Site   485 dN/dS =      0.00000 Full Log(L) =     -3.56489 LRT =      0.76719 p-value =      0.19054
Site   486 dN/dS =      0.00000 Full Log(L) =     -4.00551 LRT =      0.52872 p-value =      0.23357
Site   487 dN/dS =      0.00000 Full Log(L) =     -4.43250 LRT =      0.69239 p-value =      0.20268
Site   488 dN/dS =      3.22327 Full Log(L) =     -8.33762 LRT =      0.95373 p-value =      0.16439
Site   489 dN/dS =      0.00000 Full Log(L) =     -4.33792 LRT =      0.68722 p-value =      0.20356
Site   490 dN/dS =      0.00000 Full Log(L) =     -3.97606 LRT =      0.75724 p-value =      0.19210
Site   491 dN/dS =      0.00000 Full Log(L) =     -3.53791 LRT =      0.67025 p-value =      0.20648
Site   492 dN/dS =      0.00000 Full Log(L) =     -4.64732 LRT =      0.72483 p-value =      0.19728
Site   493 dN/dS =      0.00000 Full Log(L) =     -4.47610 LRT =      0.68722 p-value =      0.20356
Site   494 dN/dS =      0.00000 Full Log(L) =     -3.56489 LRT =      0.76719 p-value =      0.19054
Site   495 dN/dS =      0.00000 Full Log(L) =     -4.07251 LRT =      0.76904 p-value =      0.19026
Site   496 dN/dS =      0.00000 Full Log(L) =     -4.26276 LRT =      0.48884 p-value =      0.24222
Site   497 dN/dS =      0.00000 Full Log(L) =    -10.55852 LRT =      0.63318 p-value =      0.21310
Site   498 dN/dS =      0.00000 Full Log(L) =     -3.74803 LRT =      0.73107 p-value =      0.19627
Site   499 dN/dS =      0.00000 Full Log(L) =     -3.53791 LRT =      0.67025 p-value =      0.20648
Site   500 dN/dS =      0.00000 Full Log(L) =     -4.07251 LRT =      0.76904 p-value =      0.19026
Site   501 dN/dS =      0.00000 Full Log(L) =     -4.20917 LRT =      0.63784 p-value =      0.21225
Site   502 dN/dS =      0.00000 Full Log(L) =     -3.86733 LRT =      0.52872 p-value =      0.23357
Site   503 dN/dS =      0.00000 Full Log(L) =     -3.97606 LRT =      0.75724 p-value =      0.19210
Site   504 dN/dS =      0.00000 Full Log(L) =     -4.43250 LRT =      0.69239 p-value =      0.20268
Site   505 dN/dS =      5.55258 Full Log(L) =    -11.85318 LRT =      3.54594 p-value =      0.02985 *P
Site   506 dN/dS =      0.00000 Full Log(L) =     -9.18183 LRT =      0.66692 p-value =      0.20706
Site   507 dN/dS =      0.00000 Full Log(L) =     -4.00551 LRT =      0.52872 p-value =      0.23357
Site   508 dN/dS =      0.00000 Full Log(L) =     -4.35972 LRT =      0.76874 p-value =      0.19030
Site   509 dN/dS =      0.00000 Full Log(L) =     -3.83788 LRT =      0.75724 p-value =      0.19210
Site   510 dN/dS =      0.00000 Full Log(L) =     -8.78202 LRT =      0.71308 p-value =      0.19921
Site   511 dN/dS =      0.00000 Full Log(L) =    -11.57667 LRT =      0.72483 p-value =      0.19728
Site   512 dN/dS =      0.00000 Full Log(L) =     -4.02974 LRT =      0.34735 p-value =      0.27781
Site   513 dN/dS =      0.00000 Full Log(L) =     -3.67609 LRT =      0.67026 p-value =      0.20648
Site   514 dN/dS =      0.00000 Full Log(L) =     -3.67609 LRT =      0.67026 p-value =      0.20648
Site   515 dN/dS =      0.00000 Full Log(L) =     -5.16681 LRT =      0.68948 p-value =      0.20317
Site   516 dN/dS =      0.00000 Full Log(L) =    -16.72453 LRT =      0.59765 p-value =      0.21974
Site   517 dN/dS =      0.00000 Full Log(L) =     -9.30247 LRT =      0.44483 p-value =      0.25240
Site   518 dN/dS =      0.00000 Full Log(L) =     -4.05789 LRT =      0.60923 p-value =      0.21754
Site   519 dN/dS =      3.22268 Full Log(L) =    -14.46900 LRT =      0.95286 p-value =      0.16450
Site   520 dN/dS =      0.00000 Full Log(L) =     -9.15503 LRT =      0.77029 p-value =      0.19006
Site   521 dN/dS =      0.00000 Full Log(L) =     -4.23433 LRT =      0.66692 p-value =      0.20706
Site   522 dN/dS =      0.00000 Full Log(L) =     -4.17682 LRT =      0.71343 p-value =      0.19915
Site   523 dN/dS =      0.00000 Full Log(L) =    -11.35424 LRT =      0.36219 p-value =      0.27365
Site   524 dN/dS =      3.23041 Full Log(L) =     -9.49637 LRT =      0.95671 p-value =      0.16401
Site   525 dN/dS =      0.00000 Full Log(L) =     -4.26276 LRT =      0.48884 p-value =      0.24222
Site   526 dN/dS =      0.00000 Full Log(L) =     -4.68421 LRT =      0.80669 p-value =      0.18455
Site   527 dN/dS =      0.00000 Full Log(L) =     -4.00551 LRT =      0.52872 p-value =      0.23357
Site   528 dN/dS =      0.00000 Full Log(L) =     -3.26517 LRT =      0.62643 p-value =      0.21433
Site   529 dN/dS =      0.00000 Full Log(L) =     -3.83788 LRT =      0.75724 p-value =      0.19210
Site   530 dN/dS =      0.00000 Full Log(L) =     -4.51537 LRT =      0.38802 p-value =      0.26667
Site   531 dN/dS =      0.00000 Full Log(L) =     -4.05789 LRT =      0.60923 p-value =      0.21754
Site   532 dN/dS =      0.00000 Full Log(L) =     -4.53546 LRT =      0.36100 p-value =      0.27398
Site   533 dN/dS =      0.00000 Full Log(L) =     -4.51537 LRT =      0.38802 p-value =      0.26667
Site   534 dN/dS =      0.00000 Full Log(L) =     -3.91971 LRT =      0.60923 p-value =      0.21754
Site   535 dN/dS =      0.00000 Full Log(L) =     -4.67677 LRT =      0.57606 p-value =      0.22393
Site   536 dN/dS =      0.00000 Full Log(L) =     -4.22390 LRT =      0.59791 p-value =      0.21969
Site   537 dN/dS =      0.00000 Full Log(L) =     -4.64732 LRT =      0.72483 p-value =      0.19728
Site   538 dN/dS =      0.00000 Full Log(L) =     -3.56489 LRT =      0.76719 p-value =      0.19054
Site   539 dN/dS =      0.00000 Full Log(L) =     -4.26276 LRT =      0.48884 p-value =      0.24222
Site   540 dN/dS =      0.00000 Full Log(L) =     -4.33792 LRT =      0.68722 p-value =      0.20356
Site   541 dN/dS =      0.00000 Full Log(L) =     -4.22390 LRT =      0.59791 p-value =      0.21969
Site   542 dN/dS =      0.00000 Full Log(L) =     -4.64142 LRT =      0.38090 p-value =      0.26856
Site   543 dN/dS =      0.00000 Full Log(L) =     -4.69076 LRT =      0.60207 p-value =      0.21890
Site   544 dN/dS =      0.00000 Full Log(L) =     -4.33792 LRT =      0.68722 p-value =      0.20356
Site   545 dN/dS =      0.00000 Full Log(L) =     -4.23433 LRT =      0.66692 p-value =      0.20706
Site   546 dN/dS =      2.80835 Full Log(L) =    -10.70173 LRT =      0.77329 p-value =      0.18960
Site   547 dN/dS =      0.00000 Full Log(L) =     -4.64142 LRT =      0.38090 p-value =      0.26856
Site   548 dN/dS =      0.00000 Full Log(L) =     -4.64142 LRT =      0.38090 p-value =      0.26856
Site   549 dN/dS =      0.00000 Full Log(L) =     -4.68421 LRT =      0.80669 p-value =      0.18455
Site   550 dN/dS =      0.00000 Full Log(L) =     -4.36208 LRT =      0.59791 p-value =      0.21969
Site   551 dN/dS =      0.00000 Full Log(L) =     -4.05789 LRT =      0.60923 p-value =      0.21754
Site   552 dN/dS =      0.00000 Full Log(L) =     -4.07193 LRT =      0.97651 p-value =      0.16153
Site   553 dN/dS =      0.00000 Full Log(L) =     -4.51537 LRT =      0.38802 p-value =      0.26667
Site   554 dN/dS =      0.00000 Full Log(L) =     -4.64732 LRT =      0.72483 p-value =      0.19728
Site   555 dN/dS =      0.00000 Full Log(L) =     -4.47610 LRT =      0.68722 p-value =      0.20356
Site   556 dN/dS =      0.00000 Full Log(L) =     -4.02157 LRT =      0.44514 p-value =      0.25233
Site   557 dN/dS =      0.00000 Full Log(L) =     -3.87685 LRT =      0.62644 p-value =      0.21433
Site   558 dN/dS =      0.00000 Full Log(L) =     -4.48653 LRT =      0.80669 p-value =      0.18455
Site   559 dN/dS =      0.000
Check messages.log details of this run.
00 Full Log(L) =     -3.67609 LRT =      0.67026 p-value =      0.20648
Site   560 dN/dS =      0.00000 Full Log(L) =     -3.91971 LRT =      0.60923 p-value =      0.21754
Site   561 dN/dS =      0.00000 Full Log(L) =     -4.35972 LRT =      0.76874 p-value =      0.19030
Site   562 dN/dS =      0.00000 Full Log(L) =     -4.47610 LRT =      0.68722 p-value =      0.20356
Site   563 dN/dS =      0.00000 Full Log(L) =     -3.67609 LRT =      0.67026 p-value =      0.20648
Site   564 dN/dS =      0.00000 Full Log(L) =     -3.91971 LRT =      0.60923 p-value =      0.21754
Site   565 dN/dS =      0.00000 Full Log(L) =     -4.47610 LRT =      0.68722 p-value =      0.20356
Site   566 dN/dS =      0.00000 Full Log(L) =     -3.91971 LRT =      0.60923 p-value =      0.21754


Wall-clock run-time (seconds): 1412751412
Process time on the master node: 336.510015
MPI nodes used: 0

Wall-clock time per site (seconds): 6063310.78111588
