

______________READ THE FOLLOWING DATA______________
497 species:{KC892866,KC893060,KC892860,CY120875,KC892190,KC892597,KC892594,CY112109,CY112108,KC892591,CY112105,CY112104,CY112107,CY112106,CY112100,CY112103,KC892699,KC814204,KC892696,KC814201,KC814200,KC814203,KC814202,KC892266,KC892260,KC892263,KC892504,KC892918,KC892268,CY112192,KC892462,CY112196,KC892465,CY112195,KC892468,KC892326,KC892288,KC892320,KC892323,KF586738,KC892329,KC892284,CY112178,CY112179,CY112171,CY112174,CY112175,CY112177,KF598743,KC892710,KC892863,KC892212,KC892309,KC892601,KC892600,KC892218,KC892608,KC513483,CY114548,CY114543,JX978746,JX978740,JX978743,JX978749,CY120866,CY120865,CY120864,CY120863,CY120862,CY120861,CY120860,KC892732,CY120868,JX913003,KC892744,KC893107,KC893104,KC893059,JX978734,JX978737,CY120913,CY120911,CY120910,KF551075,KC892959,KC892955,KC892954,KC892953,KC892952,KF586734,KF586735,KF586736,KC892812,KF586731,KC892429,KC893034,KC892423,KC892818,KC892420,JQ290164,KC135512,KC135510,CY112139,KC892394,KC892397,KC892391,KC892393,KC892392,KC892257,KC892399,KC892253,KC892552,KC892498,KC892882,KC892885,KC892492,KC893084,KC893081,KC892379,KC892373,KC892370,KC892376,KF598719,KF598718,KF598711,KF598712,KF598716,KC892776,KC892774,KC892773,KF551068,KF551069,KC892675,KC892673,KC892778,JX913043,KC892250,CY116640,CY114533,JX978776,JX978770,CY114538,KC892691,KC488831,KC488830,KC488837,KC488834,KC892174,KC892177,KC892172,KC892853,KC892850,KC892856,JX913035,KC893078,KC893072,KC892576,KC893171,KF789696,KF789697,KC892685,KC892926,KF586768,KC892519,CY112193,KF586763,KF586762,KC892514,KC892456,CY112184,CY112181,KC892453,CY112183,CY112182,CY112189,CY112188,KC892459,KC892336,KC892334,KF182344,KC513484,KF586743,KC892339,KC513482,CY112169,CY112163,CY112161,CY112165,CY112164,KC892975,KC892638,KC892974,KC892635,KC892206,KC892209,CY120858,CY120859,CY120856,CY120857,CY120855,KF598722,KF598723,KF598724,KF598728,KF598729,KC892702,KC892962,JX913079,JX913072,KC893132,KC892706,JX905414,KC488807,JX905419,CY125791,KC893169,KF790088,KC892809,KC892960,KC892965,KC892801,KC892968,JN866186,JX913019,KC892806,KC893006,KF586726,KC893004,KF586724,KC892416,KC893001,KC893009,CY112122,CY112121,KC892677,KC892799,KC892889,KC814188,KC814189,KC814186,KC814187,KC814184,KC893090,KC892564,KC893096,KC893099,KC892480,KC892482,KC892349,CY112149,KC814190,CY112148,CY120896,CY120897,CY120894,CY120895,CY120892,CY120893,CY120890,CY120891,KC892741,CY120898,CY120899,KC892988,KF551072,KF551070,KF551076,KC892667,KF551074,KC892669,CY112116,JX978767,JX978764,JX978761,KC892181,KC892184,KC892186,JQ070792,KC488809,KC135496,KF003439,KF003438,KC135498,KC892845,KC893043,CY110774,KC893047,KC893164,KC893166,KC892871,JN992750,KC892578,KC892903,KC892931,CY130180,KC892934,KC892937,JX978779,KF182352,KF182353,KF182350,KC892764,KC814197,KF586759,KF586756,KF182358,KC892444,KF586750,KC814198,CY148788,KC892278,KC513477,KC513479,CY112158,CY112157,CY112154,CY112155,CY112153,KC892629,KC892626,KC892621,KC892230,KC488827,CY130179,KC892156,KC892153,KC892523,KC892159,KC488843,KF598733,KC892838,KF598730,KF598737,KC892716,KC892719,KC892303,KC892300,KF598738,KC892306,KC892655,KC892657,JX913067,KC893126,KC893123,KC893122,JQ070776,JQ988033,KC892739,KC892358,KC892410,KC893019,KC893018,KC892971,KC892879,KC892874,KF586723,KC892876,KC893012,KC893015,KC892978,KC892405,KC892407,KC892400,JQ988045,CY112118,CY112119,KC892582,CY112112,CY112113,CY112110,KC892588,CY112115,KC814191,KC892901,KC814192,KC814195,KC892274,KC814196,KC814199,KC892570,KC892573,KC892279,KF598732,KC892471,KC892474,KC892477,KC892352,KC892355,KC892291,KC892294,KC892297,CY120889,CY120888,CY120881,CY120880,CY120883,CY120885,CY120884,CY120887,CY120886,KC892758,KC892751,KC892450,KC892998,KC892992,KC892991,KC892312,KC892995,KC892641,CY114558,CY114553,JX978752,KC488815,KC488817,KC892193,KC892192,CY120877,CY120870,CY120872,KC892722,KC892198,KC892724,CY120879,KC892727,JX913059,KC893057,JX913011,KF586754,KC893116,KC893110,KC893113,CY116638,CY116636,CY120908,CY120909,CY120903,CY120904,CY120906,CY120907,CY112120,KF182345,KC892822,KC893022,KC893023,KC892531,KF586744,KC892829,KC892437,KC892432,KC893183,KC893180,KC135508,CY112144,KC135500,KC892790,KC135502,KC135504,KC135506,KC892796,KC892382,KC892221,KC892388,KC892248,KC892224,KC892227,CY112099,KC892896,KC892549,KC892895,KC892892,KC892361,KC892364,KC892367,KC892567,KC892150,KC893093,KF598706,KC892766,KF598702,KF598703,KC892317,KC892769,KF598708,KF598709,JX913051,KC892561,KC892485,JQ070768,KC892723,KC892921,KC892517,KC892168,KC488823,KC488826,KF182366,KC892162,KC892165};
Total Sites:1698;
Distinct Sites:615

Phase 1:Nucleotide Model (010010) Model Fit


-11817.0190800331

Phase 2:MG94x(010010) Model Fit



Phase 3:Estimating dN/dS


Nuc->codon scaling factor:2.159840748477361
Raw scaling factor:2.159840748477361
Tree scaling factor(S): 1

Using dN/dS=0.2585086537718639
Codon model:-11444.6472788573

Phase 4: Ancestral State Reconstruction and Counting

<<Significance level for Likelihood Ratio Tests (permissible range = [0,1], default value = 0.1)>>Site     1 dN/dS =      0.00000 Full Log(L) =     -4.05892 LRT =      9.65503 p-value =      0.00094 *N
Site     2 dN/dS =      0.32251 Full Log(L) =    -13.45503 LRT =      1.90080 p-value =      0.08399 *N
Site     3 dN/dS =      0.31447 Full Log(L) =    -37.89109 LRT =      2.01430 p-value =      0.07791 *N
Site     4 dN/dS =      1.01169 Full Log(L) =    -28.26693 LRT =      0.00039 p-value =      0.49209
Site     5 dN/dS =      0.33221 Full Log(L) =    -27.22494 LRT =      1.78441 p-value =      0.09080 *N
Site     6 dN/dS =      0.00000 Full Log(L) =    -16.29571 LRT =      7.25553 p-value =      0.00353 *N
Site     7 dN/dS =      1.05215 Full Log(L) =    -18.38827 LRT =      0.00501 p-value =      0.47178
Site     8 dN/dS =      0.00000 Full Log(L) =     -5.26240 LRT =      7.94394 p-value =      0.00241 *N
Site     9 dN/dS =      0.75745 Full Log(L) =    -30.45394 LRT =      0.16748 p-value =      0.34118
Site    10 dN/dS =      0.00000 Full Log(L) =    -11.03078 LRT =      5.99604 p-value =      0.00717 *N
Site    11 dN/dS =      0.00000 Full Log(L) =    -13.73534 LRT =      3.48762 p-value =      0.03091 *N
Site    12 dN/dS =      0.58803 Full Log(L) =    -31.66330 LRT =      0.66795 p-value =      0.20688
Site    13 dN/dS =      0.00000 Full Log(L) =    -24.11091 LRT =      3.48904 p-value =      0.03089 *N
Site    14 dN/dS =      1.53183 Full Log(L) =    -45.33615 LRT =      0.78064 p-value =      0.18847
Site    15 dN/dS =      0.34521 Full Log(L) =    -25.97689 LRT =      1.64694 p-value =      0.09969 *N
Site    16 dN/dS =      0.55473 Full Log(L) =    -37.07127 LRT =      0.83961 p-value =      0.17975
Site    17 dN/dS =      0.43966 Full Log(L) =    -14.19192 LRT =      0.89254 p-value =      0.17240
Site    18 dN/dS =      0.60953 Full Log(L) =    -28.05819 LRT =      0.56956 p-value =      0.22522
Site    19 dN/dS =      3.69096 Full Log(L) =   -114.68254 LRT =     12.39569 p-value =      0.00022 *P
Site    20 dN/dS =      0.00000 Full Log(L) =    -11.07452 LRT =      6.92082 p-value =      0.00426 *N
Site    21 dN/dS =      0.48424 Full Log(L) =    -39.16269 LRT =      1.33682 p-value =      0.12380
Site    22 dN/dS =      0.28063 Full Log(L) =     -8.84285 LRT =      2.55219 p-value =      0.05507 *N
Site    23 dN/dS =      0.75889 Full Log(L) =    -27.63656 LRT =      0.24587 p-value =      0.31000
Site    24 dN/dS =      0.57521 Full Log(L) =    -36.64227 LRT =      0.72678 p-value =      0.19696
Site    25 dN/dS =      0.23528 Full Log(L) =    -19.43327 LRT =      3.55558 p-value =      0.02967 *N
Site    26 dN/dS =      1.74459 Full Log(L) =    -63.37747 LRT =      1.51835 p-value =      0.10893
Site    27 dN/dS =      1.00000 Full Log(L) =      0.00000 LRT =      0.00000 p-value =      1.00000
Site    28 dN/dS =      1.50934 Full Log(L) =    -50.87086 LRT =      0.72601 p-value =      0.19709
Site    29 dN/dS =      0.00000 Full Log(L) =    -19.86485 LRT =      3.71287 p-value =      0.02700 *N
Site    30 dN/dS =      1.00000 Full Log(L) =      0.00000 LRT =      0.00000 p-value =      1.00000
Site    31 dN/dS =      0.00000 Full Log(L) =    -17.68191 LRT =      6.08691 p-value =      0.00681 *N
Site    32 dN/dS =      0.00000 Full Log(L) =    -28.44262 LRT =      8.63837 p-value =      0.00165 *N
Site    33 dN/dS =      0.84206 Full Log(L) =    -25.83988 LRT =      0.09243 p-value =      0.38055
Site    34 dN/dS =      1.00000 Full Log(L) =      0.00000 LRT =      0.00000 p-value =      1.00000
Site    35 dN/dS =      1.00000 Full Log(L) =      0.00000 LRT =      0.00000 p-value =      1.00000
Site    36 dN/dS =      0.00000 Full Log(L) =    -20.68259 LRT =      7.07863 p-value =      0.00390 *N
Site    37 dN/dS =      1.00000 Full Log(L) =      0.00000 LRT =      0.00000 p-value =      1.00000
Site    38 dN/dS =      0.00000 Full Log(L) =    -11.73422 LRT =      6.97831 p-value =      0.00413 *N
Site    39 dN/dS =      0.00000 Full Log(L) =    -23.11429 LRT =      8.30752 p-value =      0.00197 *N
Site    40 dN/dS =      0.00000 Full Log(L) =    -31.95760 LRT =      6.74068 p-value =      0.00471 *N
Site    41 dN/dS =      1.05004 Full Log(L) =    -30.45180 LRT =      0.00927 p-value =      0.46166
Site    42 dN/dS =      0.00000 Full Log(L) =    -20.48750 LRT =      7.07864 p-value =      0.00390 *N
Site    43 dN/dS =      1.00000 Full Log(L) =      0.00000 LRT =      0.00000 p-value =      1.00000
Site    44 dN/dS =      1.00000 Full Log(L) =      0.00000 LRT =      0.00000 p-value =      1.00000
Site    45 dN/dS =      0.00000 Full Log(L) =    -13.71266 LRT =      6.38241 p-value =      0.00576 *N
Site    46 dN/dS =      0.59432 Full Log(L) =    -36.68313 LRT =      0.63810 p-value =      0.21220
Site    47 dN/dS =      2.94378 Full Log(L) =    -62.55447 LRT =      8.18672 p-value =      0.00211 *P
Site    48 dN/dS =      0.00000 Full Log(L) =    -10.94225 LRT =      7.95995 p-value =      0.00239 *N
Site    49 dN/dS =      0.88032 Full Log(L) =    -36.85345 LRT =      0.03334 p-value =      0.42756
Site    50 dN/dS =      1.00000 Full Log(L) =      0.00000 LRT =      0.00000 p-value =      1.00000
Site    51 dN/dS =      0.00000 Full Log(L) =    -10.54308 LRT =      7.55016 p-value =      0.00300 *N
Site    52 dN/dS =      0.00000 Full Log(L) =    -15.52900 LRT =      7.07864 p-value =      0.00390 *N
Site    53 dN/dS =      1.00000 Full Log(L) =      0.00000 LRT =      0.00000 p-value =      1.00000
Site    54 dN/dS =      1.00000 Full Log(L) =      0.00000 LRT =      0.00000 p-value =      1.00000
Site    55 dN/dS =      0.00000 Full Log(L) =    -18.02395 LRT =      7.72243 p-value =      0.00273 *N
Site    56 dN/dS =      1.00000 Full Log(L) =      0.00000 LRT =      0.00000 p-value =      1.00000
Site    57 dN/dS =      0.00000 Full Log(L) =    -54.01683 LRT =      7.55042 p-value =      0.00300 *N
Site    58 dN/dS =      0.00000 Full Log(L) =    -35.74365 LRT =      3.71625 p-value =      0.02694 *N
Site    59 dN/dS =      0.28160 Full Log(L) =    -13.63679 LRT =      2.53128 p-value =      0.05580 *N
Site    60 dN/dS =      0.00000 Full Log(L) =    -11.22510 LRT =      4.54683 p-value =      0.01649 *N
Site    61 dN/dS =      2.12285 Full Log(L) =    -49.87631 LRT =      3.49513 p-value =      0.03077 *P
Site    62 dN/dS =      0.66550 Full Log(L) =    -34.15755 LRT =      0.37671 p-value =      0.26968
Site    63 dN/dS =      0.77747 Full Log(L) =    -23.17635 LRT =      0.13594 p-value =      0.35618
Site    64 dN/dS =      0.86331 Full Log(L) =    -24.63554 LRT =      0.06685 p-value =      0.39799
Site    65 dN/dS =      0.22961 Full Log(L) =    -19.04190 LRT =      3.71644 p-value =      0.02694 *N
Site    66 dN/dS =      1.05932 Full Log(L) =    -22.87953 LRT =      0.01290 p-value =      0.45479
Site    67 dN/dS =      1.00000 Full Log(L) =      0.00000 LRT =      0.00000 p-value =      1.00000
Site    68 dN/dS =      0.00000 Full Log(L) =    -19.46520 LRT =      7.25390 p-value =      0.00354 *N
Site    69 dN/dS =      3.27822 Full Log(L) =    -66.89322 LRT =     11.54801 p-value =      0.00034 *P
Site    70 dN/dS =      0.47364 Full Log(L) =    -29.80826 LRT =      1.43174 p-value =      0.11574
Site    71 dN/dS =      1.00000 Full Log(L) =      0.00000 LRT =      0.00000 p-value =      1.00000
Site    72 dN/dS =      0.27865 Full Log(L) =    -17.43919 LRT =      2.58625 p-value =      0.05390 *N
Site    73 dN/dS =      0.88795 Full Log(L) =    -26.24186 LRT =      0.02885 p-value =      0.43256
Site    74 dN/dS =      0.31209 Full Log(L) =    -20.69797 LRT =      2.04696 p-value =      0.07626 *N
Site    75 dN/dS =      0.31801 Full Log(L) =    -16.16015 LRT =      1.97720 p-value =      0.07984 *N
Site    76 dN/dS =      0.00000 Full Log(L) =    -10.30249 LRT =      7.95975 p-value =      0.00239 *N
Site    77 dN/dS =      0.00000 Full Log(L) =    -13.92858 LRT =      8.33031 p-value =      0.00195 *N
Site    78 dN/dS =      1.35493 Full Log(L) =    -48.53588 LRT =      0.41063 p-value =      0.26083
Site    79 dN/dS =      0.28530 Full Log(L) =    -29.11778 LRT =      2.45517 p-value =      0.05857 *N
Site    80 dN/dS =      0.00000 Full Log(L) =    -19.12310 LRT =      7.25389 p-value =      0.00354 *N
Site    81 dN/dS =      1.00000 Full Log(L) =      0.00000 LRT =      0.00000 p-value =      1.00000
Site    82 dN/dS =      0.00000 Full Log(L) =    -22.32973 LRT =      3.71287 p-value =      0.02700 *N
Site    83 dN/dS =      0.24488 Full Log(L) =    -12.07675 LRT =      3.29686 p-value =      0.03471 *N
Site    84 dN/dS =      1.00000 Full Log(L) =      0.00000 LRT =      0.00000 p-value =      1.00000
Site    85 dN/dS =      0.51888 Full Log(L) =    -22.92676 LRT =      1.06805 p-value =      0.15069
Site    86 dN/dS =      0.00000 Full Log(L) =    -12.52469 LRT =      3.71251 p-value =      0.02700 *N
Site    87 dN/dS =      0.00000 Full Log(L) =    -18.86391 LRT =      3.90473 p-value =      0.02408 *N
Site    88 dN/dS =      0.00000 Full Log(L) =    -28.95675 LRT =      8.33208 p-value =      0.00195 *N
Site    89 dN/dS =      0.00000 Full Log(L) =    -12.04105 LRT =      7.96004 p-value =      0.00239 *N
Site    90 dN/dS =      1.00000 Full Log(L) =      0.00000 LRT =      0.00000 p-value =      1.00000
Site    91 dN/dS =      0.84919 Full Log(L) =    -32.26928 LRT =      0.05567 p-value =      0.40674
Site    92 dN/dS =      1.00000 Full Log(L) =      0.00000 LRT =      0.00000 p-value =      1.00000
Site    93 dN/dS =      0.00000 Full Log(L) =    -11.21255 LRT =      7.95988 p-value =      0.00239 *N
Site    94 dN/dS =      0.69881 Full Log(L) =    -31.16722 LRT =      0.42990 p-value =      0.25602
Site    95 dN/dS =      0.32413 Full Log(L) =    -20.54722 LRT =      1.89626 p-value =      0.08425 *N
Site    96 dN/dS =      1.00000 Full Log(L) =      0.00000 LRT =      0.00000 p-value =      1.00000
Site    97 dN/dS =      0.57500 Full Log(L) =    -34.91362 LRT =      0.72674 p-value =      0.19697
Site    98 dN/dS =      0.00000 Full Log(L) =    -10.60355 LRT =      6.56944 p-value =      0.00519 *N
Site    99 dN/dS =      0.29922 Full Log(L) =    -30.61316 LRT =      2.24138 p-value =      0.06718 *N
Site   100 dN/dS =      1.00000 Full Log(L) =      0.00000 LRT =      0.00000 p-value =      1.00000
Site   101 dN/dS =      0.00000 Full Log(L) =    -11.34704 LRT =      7.96000 p-value =      0.00239 *N
Site   102 dN/dS =      0.00000 Full Log(L) =    -13.14993 LRT =      6.27698 p-value =      0.00612 *N
Site   103 dN/dS =      1.00000 Full Log(L) =      0.00000 LRT =      0.00000 p-value =      1.00000
Site   104 dN/dS =      0.56608 Full Log(L) =    -25.20732 LRT =      0.77684 p-value =      0.18905
Site   105 dN/dS =      1.00000 Full Log(L) =      0.00000 LRT =      0.00000 p-value =      1.00000
Site   106 dN/dS =      0.00000 Full Log(L) =    -32.33451 LRT =      4.80677 p-value =      0.01417 *N
Site   107 dN/dS =      0.47294 Full Log(L) =    -32.41254 LRT =      1.43821 p-value =      0.11521
Site   108 dN/dS =      0.63533 Full Log(L) =    -17.12161 LRT =      0.47544 p-value =      0.24525
Site   109 dN/dS =      0.51969 Full Log(L) =    -30.59882 LRT =      1.06178 p-value =      0.15140
Site   110 dN/dS =      1.04580 Full Log(L) =    -27.09822 LRT =      0.00582 p-value =      0.46961
Site   111 dN/dS =      1.00000 Full Log(L) =      0.00000 LRT =      0.00000 p-value =      1.00000
Site   112 dN/dS =      1.16561 Full Log(L) =    -33.80253 LRT =      0.08713 p-value =      0.38393
Site   113 dN/dS =      0.00000 Full Log(L) =    -11.01593 LRT =      7.25382 p-value =      0.00354 *N
Site   114 dN/dS =      0.36336 Full Log(L) =    -21.20613 LRT =      1.45619 p-value =      0.11377
Site   115 dN/dS =      0.00000 Full Log(L) =    -31.89563 LRT =      6.92082 p-value =      0.00426 *N
Site   116 dN/dS =      0.00000 Full Log(L) =    -11.42915 LRT =      5.49152 p-value =      0.00955 *N
Site   117 dN/dS =      0.26638 Full Log(L) =    -28.70680 LRT =      2.83827 p-value =      0.04602 *N
Site   118 dN/dS =      0.00000 Full Log(L) =    -12.74186 LRT =      7.07864 p-value =      0.00390 *N
Site   119 dN/dS =      0.28822 Full Log(L) =    -23.13513 LRT =      2.42768 p-value =      0.05960 *N
Site   120 dN/dS =      0.00000 Full Log(L) =    -11.56703 LRT =      7.95990 p-value =      0.00239 *N
Site   121 dN/dS =      1.00000 Full Log(L) =      0.00000 LRT =      0.00000 p-value =      1.00000
Site   122 dN/dS =      0.00000 Full Log(L) =    -25.83335 LRT =      7.72243 p-value =      0.00273 *N
Site   123 dN/dS =      0.34297 Full Log(L) =    -36.50037 LRT =      1.67933 p-value =      0.09751 *N
Site   124 dN/dS =      0.00000 Full Log(L) =    -12.45424 LRT =      6.27698 p-value =      0.00612 *N
Site   125 dN/dS =      0.00000 Full Log(L) =    -41.84169 LRT =      8.15725 p-value =      0.00214 *N
Site   126 dN/dS =      1.00000 Full Log(L) =      0.00000 LRT =      0.00000 p-value =      1.00000
Site   127 dN/dS =      0.00000 Full Log(L) =    -24.65089 LRT =      3.70851 p-value =      0.02707 *N
Site   128 dN/dS =      0.28134 Full Log(L) =    -21.86524 LRT =      2.53614 p-value =      0.05563 *N
Site   129 dN/dS =      0.00000 Full Log(L) =    -14.79365 LRT =      7.72243 p-value =      0.00273 *N
Site   130 dN/dS =      0.38448 Full Log(L) =    -37.48739 LRT =      1.27377 p-value =      0.12953
Site   131 dN/dS =      0.00000 Full Log(L) =    -38.32254 LRT =      6.02495 p-value =      0.00705 *N
Site   132 dN/dS =      0.00000 Full Log(L) =    -13.59518 LRT =      8.66463 p-value =      0.00162 *N
Site   133 dN/dS =      0.39771 Full Log(L) =    -14.88691 LRT =      1.31499 p-value =      0.12575
Site   134 dN/dS =      0.00000 Full Log(L) =    -41.20629 LRT =      3.71271 p-value =      0.02700 *N
Site   135 dN/dS =      0.00000 Full Log(L) =    -12.75333 LRT =      7.54454 p-value =      0.00301 *N
Site   136 dN/dS =      1.00000 Full Log(L) =      0.00000 LRT =      0.00000 p-value =      1.00000
Site   137 dN/dS =      1.52286 Full Log(L) =    -36.71975 LRT =      0.75949 p-value =      0.19174
Site   138 dN/dS =      1.83541 Full Log(L) =    -56.06383 LRT =      1.80114 p-value =      0.08979 *P
Site   139 dN/dS =      1.00000 Full Log(L) =      0.00000 LRT =      0.00000 p-value =      1.00000
Site   140 dN/dS =      1.45045 Full Log(L) =    -47.75483 LRT =      0.71810 p-value =      0.19838
Site   141 dN/dS =      1.00000 Full Log(L) =      0.00000 LRT =      0.00000 p-value =      1.00000
Site   142 dN/dS =      1.00000 Full Log(L) =      0.00000 LRT =      0.00000 p-value =      1.00000
Site   143 dN/dS =      1.00000 Full Log(L) =      0.00000 LRT =      0.00000 p-value =      1.00000
Site   144 dN/dS =      1.85763 Full Log(L) =    -54.64403 LRT =      1.84022 p-value =      0.08746 *P
Site   145 dN/dS =      0.00000 Full Log(L) =    -11.80411 LRT =      8.30591 p-value =      0.00198 *N
Site   146 dN/dS =      0.00000 Full Log(L) =     -7.69168 LRT =      7.07865 p-value =      0.00390 *N
Site   147 dN/dS =      0.29205 Full Log(L) =     -9.67280 LRT =      2.36427 p-value =      0.06207 *N
Site   148 dN/dS =      1.00000 Full Log(L) =      0.00000 LRT =      0.00000 p-value =      1.00000
Site   149 dN/dS =      0.28197 Full Log(L) =    -44.78330 LRT =      2.52968 p-value =      0.05586 *N
Site   150 dN/dS =      0.00000 Full Log(L) =    -16.95082 LRT =      8.30591 p-value =      0.00198 *N
Site   151 dN/dS =      0.31233 Full Log(L) =    -24.61660 LRT =      2.06262 p-value =      0.07548 *N
Site   152 dN/dS =      0.00000 Full Log(L) =    -28.07205 LRT =      8.45478 p-value =      0.00182 *N
Site   153 dN/dS =      0.35051 Full Log(L) =    -26.88781 LRT =      1.60059 p-value =      0.10291
Site   154 dN/dS =      0.25805 Full Log(L) =    -18.42741 LRT =      3.00211 p-value =      0.04158 *N
Site   155 dN/dS =      1.00000 Full Log(L) =      0.00000 LRT =      0.00000 p-value =      1.00000
Site   156 dN/dS =      1.79617 Full Log(L) =    -51.24363 LRT =      1.95310 p-value =      0.08113 *P
Site   157 dN/dS =      0.24382 Full Log(L) =    -26.42129 LRT =      3.33069 p-value =      0.03400 *N
Site   158 dN/dS =      1.81404 Full Log(L) =    -59.36326 LRT =      2.01482 p-value =      0.07788 *P
Site   159 dN/dS =      1.00000 Full Log(L) =      0.00000 LRT =      0.00000 p-value =      1.00000
Site   160 dN/dS =      2.69772 Full Log(L) =    -57.36448 LRT =      6.45635 p-value =      0.00553 *P
Site   161 dN/dS =      1.88720 Full Log(L) =    -59.40060 LRT =      2.24983 p-value =      0.06681 *P
Site   162 dN/dS =      1.00000 Full Log(L) =      0.00000 LRT =      0.00000 p-value =      1.00000
Site   163 dN/dS =      0.00000 Full Log(L) =    -10.85016 LRT =      6.15407 p-value =      0.00656 *N
Site   164 dN/dS =      0.00000 Full Log(L) =    -17.52670 LRT =      6.15395 p-value =      0.00656 *N
Site   165 dN/dS =      0.23527 Full Log(L) =    -13.77129 LRT =      3.55585 p-value =      0.02967 *N
Site   166 dN/dS =      1.58360 Full Log(L) =    -64.24377 LRT =      1.06555 p-value =      0.15098
Site   167 dN/dS =      0.00000 Full Log(L) =    -20.05224 LRT =      3.85427 p-value =      0.02481 *N
Site   168 dN/dS =      0.00000 Full Log(L) =    -11.60397 LRT =      6.97819 p-value =      0.00413 *N
Site   169 dN/dS =      1.00000 Full Log(L) =      0.00000 LRT =      0.00000 p-value =      1.00000
Site   170 dN/dS =      0.00000 Full Log(L) =    -35.91666 LRT =      3.90249 p-value =      0.02411 *N
Site   171 dN/dS =      0.65119 Full Log(L) =    -17.72242 LRT =      0.42565 p-value =      0.25707
Site   172 dN/dS =      0.88342 Full Log(L) =    -58.06809 LRT =      0.04745 p-value =      0.41378
Site   173 dN/dS =      0.55592 Full Log(L) =    -27.46060 LRT =      0.41726 p-value =      0.25915
Site   174 dN/dS =      0.29553 Full Log(L) =    -14.94655 LRT =      2.29021 p-value =      0.06510 *N
Site   175 dN/dS =      0.68379 Full Log(L) =    -19.59020 LRT =      0.32674 p-value =      0.28379
Site   176 dN/dS =      0.00000 Full Log(L) =    -19.58518 LRT =      6.56291 p-value =      0.00521 *N
Site   177 dN/dS =      0.00000 Full Log(L) =    -18.62133 LRT =      5.49151 p-value =      0.00955 *N
Site   178 dN/dS =      0.28872 Full Log(L) =    -19.52534 LRT =      2.41921 p-value =      0.05993 *N
Site   179 dN/dS =      0.54269 Full Log(L) =    -25.06935 LRT =      0.91470 p-value =      0.16944
Site   180 dN/dS =      0.56152 Full Log(L) =    -30.23985 LRT =      0.37862 p-value =      0.26917
Site   181 dN/dS =      0.00000 Full Log(L) =    -22.34624 LRT =      6.97796 p-value =      0.00413 *N
Site   182 dN/dS =      0.28103 Full Log(L) =    -41.94246 LRT =      2.53844 p-value =      0.05555 *N
Site   183 dN/dS =      0.29546 Full Log(L) =    -14.76129 LRT =      2.29653 p-value =      0.06483 *N
Site   184 dN/dS =      1.00000 Full Log(L) =      0.00000 LRT =      0.00000 p-value =      1.00000
Site   185 dN/dS =      0.00000 Full Log(L) =    -12.02075 LRT =      6.92047 p-value =      0.00426 *N
Site   186 dN/dS =      1.00000 Full Log(L) =      0.00000 LRT =      0.00000 p-value =      1.00000
Site   187 dN/dS =      0.28506 Full Log(L) =    -12.15054 LRT =      2.46283 p-value =      0.05828 *N
Site   188 dN/dS =      0.26264 Full Log(L) =    -32.43673 LRT =      2.90017 p-value =      0.04429 *N
Site   189 dN/dS =      1.30905 Full Log(L) =    -43.91745 LRT =      0.19147 p-value =      0.33085
Site   190 dN/dS =      0.00000 Full Log(L) =    -17.17612 LRT =      6.15392 p-value =      0.00656 *N
Site   191 dN/dS =      0.00000 Full Log(L) =    -11.33925 LRT =      7.95999 p-value =      0.00239 *N
Site   192 dN/dS =      0.00000 Full Log(L) =     -9.37376 LRT =      6.56848 p-value =      0.00519 *N
Site   193 dN/dS =      0.00000 Full Log(L) =    -19.23533 LRT =      3.90276 p-value =      0.02410 *N
Site   194 dN/dS =      1.00000 Full Log(L) =      0.00000 LRT =      0.00000 p-value =      1.00000
Site   195 dN/dS =      0.31208 Full Log(L) =    -13.58890 LRT =      2.04710 p-value =      0.07625 *N
Site   196 dN/dS =      1.00000 Full Log(L) =      0.00000 LRT =      0.00000 p-value =      1.00000
Site   197 dN/dS =      0.00000 Full Log(L) =    -24.04824 LRT =      8.66301 p-value =      0.00162 *N
Site   198 dN/dS =      0.00000 Full Log(L) =    -18.83215 LRT =      7.07865 p-value =      0.00390 *N
Site   199 dN/dS =      0.00000 Full Log(L) =    -10.91099 LRT =      7.15795 p-value =      0.00373 *N
Site   200 dN/dS =      0.00000 Full Log(L) =    -23.04635 LRT =      7.15778 p-value =      0.00373 *N
Site   201 dN/dS =      0.00000 Full Log(L) =    -30.42351 LRT =      6.92060 p-value =      0.00426 *N
Site   202 dN/dS =      1.41730 Full Log(L) =    -66.55141 LRT =      0.63681 p-value =      0.21243
Site   203 dN/dS =      0.00000 Full Log(L) =    -15.93252 LRT =      6.74069 p-value =      0.00471 *N
Site   204 dN/dS =      0.52030 Full Log(L) =    -20.10098 LRT =      1.05749 p-value =      0.15189
Site   205 dN/dS =      0.00000 Full Log(L) =     -9.26150 LRT =      6.56898 p-value =      0.00519 *N
Site   206 dN/dS =      1.00000 Full Log(L) =      0.00000 LRT =      0.00000 p-value =      1.00000
Site   207 dN/dS =      0.00000 Full Log(L) =     -4.95405 LRT =      4.54486 p-value =      0.01651 *N
Site   208 dN/dS =      1.59192 Full Log(L) =    -65.02811 LRT =      0.91129 p-value =      0.16989
Site   209 dN/dS =      1.32393 Full Log(L) =    -35.48807 LRT =      0.27968 p-value =      0.29846
Site   210 dN/dS =      2.75923 Full Log(L) =    -72.09786 LRT =      3.71288 p-value =      0.02700 *P
Site   211 dN/dS =      1.00000 Full Log(L) =      0.00000 LRT =      0.00000 p-value =      1.00000
Site   212 dN/dS =      0.53991 Full Log(L) =    -23.33826 LRT =      0.93388 p-value =      0.16693
Site   213 dN/dS =      1.00000 Full Log(L) =      0.00000 LRT =      0.00000 p-value =      1.00000
Site   214 dN/dS =      1.98369 Full Log(L) =    -50.61802 LRT =      2.19217 p-value =      0.06936 *P
Site   215 dN/dS =      0.71377 Full Log(L) =    -22.29708 LRT =      0.25171 p-value =      0.30794
Site   216 dN/dS =      0.00000 Full Log(L) =     -7.45381 LRT =      8.33004 p-value =      0.00195 *N
Site   217 dN/dS =      0.51265 Full Log(L) =    -18.58114 LRT =      1.10960 p-value =      0.14608
Site   218 dN/dS =      0.93618 Full Log(L) =    -44.06840 LRT =      0.01315 p-value =      0.45435
Site   219 dN/dS =      0.29166 Full Log(L) =    -23.66764 LRT =      2.36050 p-value =      0.06222 *N
Site   220 dN/dS =      0.00000 Full Log(L) =    -29.81565 LRT =      7.07864 p-value =      0.00390 *N
Site   221 dN/dS =      0.00000 Full Log(L) =    -11.96529 LRT =      6.02569 p-value =      0.00705 *N
Site   222 dN/dS =      1.00000 Full Log(L) =      0.00000 LRT =      0.00000 p-value =      1.00000
Site   223 dN/dS =      1.00000 Full Log(L) =      0.00000 LRT =      0.00000 p-value =      1.00000
Site   224 dN/dS =      0.00000 Full Log(L) =    -34.13901 LRT =      7.81381 p-value =      0.00259 *N
Site   225 dN/dS =      1.00000 Full Log(L) =      0.00000 LRT =      0.00000 p-value =      1.00000
Site   226 dN/dS =      0.00000 Full Log(L) =    -10.87016 LRT =      4.54472 p-value =      0.01651 *N
Site   227 dN/dS =      0.43971 Full Log(L) =    -13.70778 LRT =      0.89227 p-value =      0.17243
Site   228 dN/dS =      0.83176 Full Log(L) =    -37.01267 LRT =      0.10567 p-value =      0.37257
Site   229 dN/dS =      0.00000 Full Log(L) =    -36.61239 LRT =      7.07863 p-value =      0.00390 *N
Site   230 dN/dS =      0.31200 Full Log(L) =    -18.57509 LRT =      2.04812 p-value =      0.07620 *N
Site   231 dN/dS =      0.00000 Full Log(L) =    -41.49482 LRT =      6.92060 p-value =      0.00426 *N
Site   232 dN/dS =      0.00000 Full Log(L) =    -10.56551 LRT =      6.97811 p-value =      0.00413 *N
Site   233 dN/dS =      0.62928 Full Log(L) =    -26.95839 LRT =      0.49438 p-value =      0.24099
Site   234 dN/dS =      0.00000 Full Log(L) =    -13.39400 LRT =      8.32976 p-value =      0.00195 *N
Site   235 dN/dS =      1.00447 Full Log(L) =    -47.68576 LRT =      0.00006 p-value =      0.49696
Site   236 dN/dS =      0.00000 Full Log(L) =    -10.90146 LRT =      7.81102 p-value =      0.00260 *N
Site   237 dN/dS =      3.02409 Full Log(L) =    -73.68139 LRT =      8.55708 p-value =      0.00172 *P
Site   238 dN/dS =      0.26868 Full Log(L) =    -34.46119 LRT =      2.77928 p-value =      0.04775 *N
Site   239 dN/dS =      1.08520 Full Log(L) =    -35.82017 LRT =      0.02591 p-value =      0.43605
Site   240 dN/dS =      0.00000 Full Log(L) =    -12.63653 LRT =      8.15676 p-value =      0.00215 *N
Site   241 dN/dS =      6.03445 Full Log(L) =   -115.61874 LRT =     37.63057 p-value =      0.00000 *P
Site   242 dN/dS =      0.61906 Full Log(L) =    -36.28316 LRT =      0.53643 p-value =      0.23196
Site   243 dN/dS =      0.29101 Full Log(L) =    -15.14597 LRT =      2.38678 p-value =      0.06118 *N
Site   244 dN/dS =      1.00000 Full Log(L) =      0.00000 LRT =      0.00000 p-value =      1.00000
Site   245 dN/dS =      0.26549 Full Log(L) =    -18.02939 LRT =      2.84678 p-value =      0.04578 *N
Site   246 dN/dS =      0.50912 Full Log(L) =    -18.84545 LRT =      1.13286 p-value =      0.14358
Site   247 dN/dS =      1.00000 Full Log(L) =      0.00000 LRT =      0.00000 p-value =      1.00000
Site   248 dN/dS =      0.00000 Full Log(L) =    -35.48143 LRT =      6.38147 p-value =      0.00577 *N
Site   249 dN/dS =      0.00000 Full Log(L) =    -11.27612 LRT =      5.49152 p-value =      0.00955 *N
Site   250 dN/dS =      1.00000 Full Log(L) =      0.00000 LRT =      0.00000 p-value =      1.00000
Site   251 dN/dS =      0.00000 Full Log(L) =    -14.79993 LRT =      6.74068 p-value =      0.00471 *N
Site   252 dN/dS =      1.00000 Full Log(L) =      0.00000 LRT =      0.00000 p-value =      1.00000
Site   253 dN/dS =      0.28180 Full Log(L) =    -42.53343 LRT =      2.52819 p-value =      0.05591 *N
Site   254 dN/dS =      1.00000 Full Log(L) =      0.00000 LRT =      0.00000 p-value =      1.00000
Site   255 dN/dS =      0.28831 Full Log(L) =    -47.06444 LRT =      2.42634 p-value =      0.05966 *N
Site   256 dN/dS =      0.00000 Full Log(L) =    -11.39791 LRT =      8.30550 p-value =      0.00198 *N
Site   257 dN/dS =      1.00000 Full Log(L) =      0.00000 LRT =      0.00000 p-value =      1.00000
Site   258 dN/dS =      0.49287 Full Log(L) =    -21.42405 LRT =      1.26018 p-value =      0.13081
Site   259 dN/dS =      0.00000 Full Log(L) =    -12.80199 LRT =      6.27698 p-value =      0.00612 *N
Site   260 dN/dS =      0.00000 Full Log(L) =    -25.86336 LRT =      3.90124 p-value =      0.02413 *N
Site   261 dN/dS =      0.00000 Full Log(L) =    -17.00164 LRT =      6.38243 p-value =      0.00576 *N
Site   262 dN/dS =      1.16929 Full Log(L) =    -38.20153 LRT =      0.09062 p-value =      0.38170
Site   263 dN/dS =      0.00000 Full Log(L) =    -18.41448 LRT =      8.45552 p-value =      0.00182 *N
Site   264 dN/dS =      0.00000 Full Log(L) =    -11.24593 LRT =      6.74068 p-value =      0.00471 *N
Site   265 dN/dS =      0.00000 Full Log(L) =    -23.64320 LRT =      8.66186 p-value =      0.00162 *N
Site   266 dN/dS =      0.00000 Full Log(L) =    -10.50685 LRT =      6.97811 p-value =      0.00413 *N
Site   267 dN/dS =      0.00000 Full Log(L) =    -12.45116 LRT =      3.71210 p-value =      0.02701 *N
Site   268 dN/dS =      0.31209 Full Log(L) =    -14.28353 LRT =      2.04695 p-value =      0.07626 *N
Site   269 dN/dS =      0.00000 Full Log(L) =    -21.03651 LRT =      7.72243 p-value =      0.00273 *N
Site   270 dN/dS =      0.00000 Full Log(L) =    -12.33077 LRT =      6.92082 p-value =      0.00426 *N
Site   271 dN/dS =      0.00000 Full Log(L) =    -26.89506 LRT =      7.79544 p-value =      0.00262 *N
Site   272 dN/dS =      0.00000 Full Log(L) =    -19.43208 LRT =      8.66502 p-value =      0.00162 *N
Site   273 dN/dS =      0.00000 Full Log(L) =    -18.28667 LRT =      5.49152 p-value =      0.00955 *N
Site   274 dN/dS =      0.00000 Full Log(L) =    -12.11896 LRT =      6.15422 p-value =      0.00655 *N
Site   275 dN/dS =      1.00000 Full Log(L) =      0.00000 LRT =      0.00000 p-value =      1.00000
Site   276 dN/dS =      0.24467 Full Log(L) =    -10.67671 LRT =      3.30174 p-value =      0.03460 *N
Site   277 dN/dS =      3.00075 Full Log(L) =    -46.47844 LRT =      5.96934 p-value =      0.00728 *P
Site   278 dN/dS =      1.20073 Full Log(L) =    -38.70130 LRT =      0.15405 p-value =      0.34735
Site   279 dN/dS =      0.22976 Full Log(L) =    -25.47924 LRT =      3.71167 p-value =      0.02702 *N
Site   280 dN/dS =      0.61042 Full Log(L) =    -34.09084 LRT =      0.56594 p-value =      0.22594
Site   281 dN/dS =      0.23525 Full Log(L) =    -20.10950 LRT =      3.55653 p-value =      0.02966 *N
Site   282 dN/dS =      0.00000 Full Log(L) =    -11.09699 LRT =      5.17455 p-value =      0.01146 *N
Site   283 dN/dS =      1.00000 Full Log(L) =      0.00000 LRT =      0.00000 p-value =      1.00000
Site   284 dN/dS =      0.19343 Full Log(L) =    -13.33796 LRT =      4.98652 p-value =      0.01277 *N
Site   285 dN/dS =      0.00000 Full Log(L) =    -31.30689 LRT =      7.81174 p-value =      0.00260 *N
Site   286 dN/dS =      0.00000 Full Log(L) =    -12.70807 LRT =      5.17333 p-value =      0.01147 *N
Site   287 dN/dS =      1.00000 Full Log(L) =      0.00000 LRT =      0.00000 p-value =      1.00000
Site   288 dN/dS =      1.00000 Full Log(L) =      0.00000 LRT =      0.00000 p-value =      1.00000
Site   289 dN/dS =      0.30011 Full Log(L) =    -25.03119 LRT =      2.24366 p-value =      0.06708 *N
Site   290 dN/dS =      1.00000 Full Log(L) =      0.00000 LRT =      0.00000 p-value =      1.00000
Site   291 dN/dS =      0.23130 Full Log(L) =    -26.82704 LRT =      3.67962 p-value =      0.02754 *N
Site   292 dN/dS =      0.60161 Full Log(L) =    -23.54332 LRT =      0.60685 p-value =      0.21799
Site   293 dN/dS =      0.00000 Full Log(L) =    -11.48269 LRT =      7.25388 p-value =      0.00354 *N
Site   294 dN/dS =      0.88183 Full Log(L) =    -47.44265 LRT =      0.04837 p-value =      0.41296
Site   295 dN/dS =      1.00000 Full Log(L) =      0.00000 LRT =      0.00000 p-value =      1.00000
Site   296 dN/dS =      1.07085 Full Log(L) =    -35.54354 LRT =      0.01790 p-value =      0.44679
Site   297 dN/dS =      0.00000 Full Log(L) =    -10.79494 LRT =      7.25384 p-value =      0.00354 *N
Site   298 dN/dS =      0.62987 Full Log(L) =    -21.82632 LRT =      0.49187 p-value =      0.24155
Site   299 dN/dS =      0.00000 Full Log(L) =    -18.92725 LRT =      6.74070 p-value =      0.00471 *N
Site   300 dN/dS =      1.00000 Full Log(L) =      0.00000 LRT =      0.00000 p-value =      1.00000
Site   301 dN/dS =      1.00000 Full Log(L) =      0.00000 LRT =      0.00000 p-value =      1.00000
Site   302 dN/dS =      0.00000 Full Log(L) =    -11.79760 LRT =      8.30618 p-value =      0.00198 *N
Site   303 dN/dS =      1.00000 Full Log(L) =      0.00000 LRT =      0.00000 p-value =      1.00000
Site   304 dN/dS =      0.31220 Full Log(L) =    -23.36674 LRT =      2.04536 p-value =      0.07634 *N
Site   305 dN/dS =      0.87735 Full Log(L) =    -29.67991 LRT =      0.05296 p-value =      0.40899
Site   306 dN/dS =      1.00000 Full Log(L) =      0.00000 LRT =      0.00000 p-value =      1.00000
Site   307 dN/dS =      0.24990 Full Log(L) =    -21.92971 LRT =      3.18100 p-value =      0.03725 *N
Site   308 dN/dS =      0.00000 Full Log(L) =    -16.15498 LRT =      6.56851 p-value =      0.00519 *N
Site   309 dN/dS =      0.00000 Full Log(L) =    -24.58565 LRT =      6.92065 p-value =      0.00426 *N
Site   310 dN/dS =      0.00000 Full Log(L) =    -21.10381 LRT =      6.14749 p-value =      0.00658 *N
Site   311 dN/dS =      0.00000 Full Log(L) =    -11.42947 LRT =      4.54478 p-value =      0.01651 *N
Site   312 dN/dS =      0.00000 Full Log(L) =    -16.77289 LRT =      6.97802 p-value =      0.00413 *N
Site   313 dN/dS =      0.28144 Full Log(L) =    -18.42555 LRT =      2.53456 p-value =      0.05569 *N
Site   314 dN/dS =      0.28510 Full Log(L) =    -13.29494 LRT =      2.46219 p-value =      0.05831 *N
Site   315 dN/dS =      0.49572 Full Log(L) =    -28.39669 LRT =      1.24617 p-value =      0.13214
Site   316 dN/dS =      0.31208 Full Log(L) =    -19.59926 LRT =      2.04711 p-value =      0.07625 *N
Site   317 dN/dS =      0.29544 Full Log(L) =    -13.62344 LRT =      2.29699 p-value =      0.06481 *N
Site   318 dN/dS =      0.00000 Full Log(L) =    -24.24253 LRT =      5.49151 p-value =      0.00955 *N
Site   319 dN/dS =      0.00000 Full Log(L) =    -16.91831 LRT =      8.63885 p-value =      0.00165 *N
Site   320 dN/dS =      0.25793 Full Log(L) =    -17.87729 LRT =      3.00494 p-value =      0.04151 *N
Site   321 dN/dS =      0.00000 Full Log(L) =    -16.79285 LRT =      7.25377 p-value =      0.00354 *N
Site   322 dN/dS =      0.00000 Full Log(L) =    -13.55602 LRT =      6.92082 p-value =      0.00426 *N
Site   323 dN/dS =      0.00000 Full Log(L) =    -11.93989 LRT =      7.81457 p-value =      0.00259 *N
Site   324 dN/dS =      0.00000 Full Log(L) =    -11.62178 LRT =      5.49152 p-value =      0.00955 *N
Site   325 dN/dS =      1.14652 Full Log(L) =    -54.70785 LRT =      0.06997 p-value =      0.39569
Site   326 dN/dS =      0.30290 Full Log(L) =    -27.63640 LRT =      2.17411 p-value =      0.07018 *N
Site   327 dN/dS =      1.00000 Full Log(L) =      0.00000 LRT =      0.00000 p-value =      1.00000
Site   328 dN/dS =      1.33481 Full Log(L) =    -37.67900 LRT =      0.37003 p-value =      0.27150
Site   329 dN/dS =      0.00000 Full Log(L) =    -12.92559 LRT =      6.74070 p-value =      0.00471 *N
Site   330 dN/dS =      0.00000 Full Log(L) =    -51.34675 LRT =      3.71286 p-value =      0.02700 *N
Site   331 dN/dS =      0.00000 Full Log(L) =     -4.16625 LRT =      6.56875 p-value =      0.00519 *N
Site   332 dN/dS =      2.65713 Full Log(L) =    -64.64842 LRT =      3.47520 p-value =      0.03115 *P
Site   333 dN/dS =      0.00000 Full Log(L) =     -5.45410 LRT =      7.54838 p-value =      0.00300 *N
Site   334 dN/dS =      0.00000 Full Log(L) =    -21.02991 LRT =      6.59122 p-value =      0.00512 *N
Site   335 dN/dS =      0.24486 Full Log(L) =    -40.29129 LRT =      3.30507 p-value =      0.03453 *N
Site   336 dN/dS =      0.00000 Full Log(L) =     -4.05892 LRT =      9.99595 p-value =      0.00078 *N
Site   337 dN/dS =      0.00000 Full Log(L) =    -24.45654 LRT =      5.68959 p-value =      0.00853 *N
Site   338 dN/dS =      0.00000 Full Log(L) =     -4.58977 LRT =      6.77822 p-value =      0.00461 *N
Site   339 dN/dS =      0.28962 Full Log(L) =    -27.99263 LRT =      2.39224 p-value =      0.06097 *N
Site   340 dN/dS =      0.00000 Full Log(L) =     -5.92648 LRT =      6.72297 p-value =      0.00476 *N
Site   341 dN/dS =      0.27121 Full Log(L) =    -14.33433 LRT =      2.71967 p-value =      0.04956 *N
Site   342 dN/dS =      0.31188 Full Log(L) =    -12.09766 LRT =      2.04332 p-value =      0.07644 *N
Site   343 dN/dS =      0.45262 Full Log(L) =    -26.36912 LRT =      0.82101 p-value =      0.18244
Site   344 dN/dS =      0.00000 Full Log(L) =     -5.61441 LRT =      6.54779 p-value =      0.00525 *N
Site   345 dN/dS =      0.00000 Full Log(L) =     -4.74538 LRT =      7.58708 p-value =      0.00294 *N
Site   346 dN/dS =      0.00000 Full Log(L) =    -10.77024 LRT =      8.41707 p-value =      0.00186 *N
Site   347 dN/dS =      0.25257 Full Log(L) =    -13.74314 LRT =      3.11126 p-value =      0.03888 *N
Site   348 dN/dS =      0.00000 Full Log(L) =    -13.16212 LRT =      5.97169 p-value =      0.00727 *N
Site   349 dN/dS =      0.47760 Full Log(L) =    -23.60881 LRT =      1.39572 p-value =      0.11872
Site   350 dN/dS =      0.00000 Full Log(L) =     -5.44526 LRT =      7.50159 p-value =      0.00308 *N
Site   351 dN/dS =      0.00000 Full Log(L) =    -13.79442 LRT =      7.62951 p-value =      0.00287 *N
Site   352 dN/dS =      0.00000 Full Log(L) =    -29.50333 LRT =      7.50159 p-value =      0.00308 *N
Site   353 dN/dS =      0.00000 Full Log(L) =    -21.88234 LRT =      8.41707 p-value =      0.00186 *N
Site   354 dN/dS =      0.00000 Full Log(L) =     -5.54297 LRT =      5.97853 p-value =      0.00724 *N
Site   355 dN/dS =      0.00000 Full Log(L) =     -3.87727 LRT =      7.88106 p-value =      0.00250 *N
Site   356 dN/dS =      0.00000 Full Log(L) =    -10.51412 LRT =      7.33389 p-value =      0.00338 *N
Site   357 dN/dS =      0.00000 Full Log(L) =    -10.87771 LRT =      6.77814 p-value =      0.00461 *N
Site   358 dN/dS =      0.00000 Full Log(L) =     -5.76590 LRT =      8.41707 p-value =      0.00186 *N
Site   359 dN/dS =      0.52308 Full Log(L) =    -12.96181 LRT =      0.52323 p-value =      0.23473
Site   360 dN/dS =      0.00000 Full Log(L) =    -16.34816 LRT =      7.33430 p-value =      0.00338 *N
Site   361 dN/dS =      0.00000 Full Log(L) =    -26.39402 LRT =      8.06836 p-value =      0.00225 *N
Site   362 dN/dS =      0.00000 Full Log(L) =     -4.05892 LRT =      9.98273 p-value =      0.00079 *N
Site   363 dN/dS =      1.48395 Full Log(L) =    -48.86989 LRT =      0.66324 p-value =      0.20771
Site   364 dN/dS =      0.00000 Full Log(L) =     -6.79676 LRT =      7.72549 p-value =      0.00272 *N
Site   365 dN/dS =      0.00000 Full Log(L) =    -17.93662 LRT =      8.41707 p-value =      0.00186 *N
Site   366 dN/dS =      0.00000 Full Log(L) =     -4.54759 LRT =      3.82658 p-value =      0.02522 *N
Site   367 dN/dS =      0.00000 Full Log(L) =    -29.40015 LRT =      5.33432 p-value =      0.01045 *N
Site   368 dN/dS =      0.00000 Full Log(L) =    -12.05487 LRT =      8.41707 p-value =      0.00186 *N
Site   369 dN/dS =      0.00000 Full Log(L) =     -5.54297 LRT =      5.97853 p-value =      0.00724 *N
Site   370 dN/dS =      0.00000 Full Log(L) =    -28.28395 LRT =      7.93365 p-value =      0.00243 *N
Site   371 dN/dS =      0.28672 Full Log(L) =    -21.79335 LRT =      2.44585 p-value =      0.05892 *N
Site   372 dN/dS =      0.45331 Full Log(L) =    -24.21135 LRT =      0.81625 p-value =      0.18314
Site   373 dN/dS =      0.00000 Full Log(L) =     -4.58977 LRT =      6.77822 p-value =      0.00461 *N
Site   374 dN/dS =      0.00000 Full Log(L) =     -5.97756 LRT =      5.85362 p-value =      0.00777 *N
Site   375 dN/dS =      0.00000 Full Log(L) =    -24.23274 LRT =      7.32806 p-value =      0.00339 *N
Site   376 dN/dS =      0.00000 Full Log(L) =    -15.50843 LRT =      8.09660 p-value =      0.00222 *N
Site   377 dN/dS =      0.55496 Full Log(L) =    -36.82152 LRT =      0.84163 p-value =      0.17947
Site   378 dN/dS =      0.00000 Full Log(L) =     -5.28946 LRT =      8.06712 p-value =      0.00225 *N
Site   379 dN/dS =      0.00000 Full Log(L) =    -17.34192 LRT =      4.41475 p-value =      0.01781 *N
Site   380 dN/dS =      0.00000 Full Log(L) =     -5.44526 LRT =      7.50159 p-value =      0.00308 *N
Site   381 dN/dS =      0.00000 Full Log(L) =    -20.77129 LRT =      7.50159 p-value =      0.00308 *N
Site   382 dN/dS =      0.00000 Full Log(L) =     -4.89706 LRT =      7.73204 p-value =      0.00271 *N
Site   383 dN/dS =      0.00000 Full Log(L) =     -8.12360 LRT =      6.09745 p-value =      0.00677 *N
Site   384 dN/dS =      0.00000 Full Log(L) =     -4.13728 LRT =      6.38039 p-value =      0.00577 *N
Site   385 dN/dS =      0.00000 Full Log(L) =     -5.30533 LRT =      8.21365 p-value =      0.00208 *N
Site   386 dN/dS =      0.00000 Full Log(L) =    -10.39373 LRT =      6.54779 p-value =      0.00525 *N
Site   387 dN/dS =      0.00000 Full Log(L) =     -4.92579 LRT =      4.41491 p-value =      0.01781 *N
Site   388 dN/dS =      0.26566 Full Log(L) =    -23.14940 LRT =      2.83942 p-value =      0.04599 *N
Site   389 dN/dS =      0.00000 Full Log(L) =     -5.44526 LRT =      7.50159 p-value =      0.00308 *N
Site   390 dN/dS =      0.00000 Full Log(L) =    -19.07048 LRT =      6.23329 p-value =      0.00627 *N
Site   391 dN/dS =      0.52148 Full Log(L) =    -25.13559 LRT =      1.05104 p-value =      0.15263
Site   392 dN/dS =      0.00000 Full Log(L) =    -10.99413 LRT =      4.41479 p-value =      0.01781 *N
Site   393 dN/dS =      0.00000 Full Log(L) =    -13.32241 LRT =      6.19960 p-value =      0.00639 *N
Site   394 dN/dS =      0.30753 Full Log(L) =    -12.76622 LRT =      2.12022 p-value =      0.07268 *N
Site   395 dN/dS =      0.00000 Full Log(L) =    -26.83277 LRT =      8.41421 p-value =      0.00186 *N
Site   396 dN/dS =      0.00000 Full Log(L) =    -19.43380 LRT =      6.37466 p-value =      0.00579 *N
Site   397 dN/dS =      0.00000 Full Log(L) =    -22.49081 LRT =      3.60999 p-value =      0.02872 *N
Site   398 dN/dS =      0.00000 Full Log(L) =    -16.32671 LRT =      6.77798 p-value =      0.00461 *N
Site   399 dN/dS =      0.66682 Full Log(L) =    -62.46262 LRT =      0.36518 p-value =      0.27282
Site   400 dN/dS =      0.52928 Full Log(L) =    -26.67301 LRT =      0.48813 p-value =      0.24238
Site   401 dN/dS =      0.00000 Full Log(L) =    -11.00990 LRT =      5.43635 p-value =      0.00986 *N
Site   402 dN/dS =      0.54995 Full Log(L) =    -20.11343 LRT =      0.87429 p-value =      0.17489
Site   403 dN/dS =      0.35604 Full Log(L) =    -12.40469 LRT =      1.51807 p-value =      0.10896
Site   404 dN/dS =      0.00000 Full Log(L) =    -15.29549 LRT =      5.74197 p-value =      0.00828 *N
Site   405 dN/dS =      0.00000 Full Log(L) =    -15.77316 LRT =      5.94229 p-value =      0.00739 *N
Site   406 dN/dS =      0.30948 Full Log(L) =    -20.15944 LRT =      2.07701 p-value =      0.07477 *N
Site   407 dN/dS =      0.00000 Full Log(L) =    -10.08527 LRT =      5.59318 p-value =      0.00902 *N
Site   408 dN/dS =      0.00000 Full Log(L) =     -5.38208 LRT =      5.24469 p-value =      0.01101 *N
Site   409 dN/dS =      0.00000 Full Log(L) =     -5.23246 LRT =      6.09905 p-value =      0.00676 *N
Site   410 dN/dS =      0.00000 Full Log(L) =    -19.32347 LRT =      3.86729 p-value =      0.02462 *N
Site   411 dN/dS =      0.36681 Full Log(L) =    -16.12488 LRT =      1.41857 p-value =      0.11682
Site   412 dN/dS =      0.00000 Full Log(L) =     -4.32351 LRT =      6.43048 p-value =      0.00561 *N
Site   413 dN/dS =      0.00000 Full Log(L) =     -8.98526 LRT =      5.59295 p-value =      0.00902 *N
Site   414 dN/dS =      0.00000 Full Log(L) =    -11.49132 LRT =      6.43044 p-value =      0.00561 *N
Site   415 dN/dS =      0.00000 Full Log(L) =    -12.26513 LRT =      5.24465 p-value =      0.01101 *N
Site   416 dN/dS =      0.45351 Full Log(L) =    -15.66975 LRT =      0.81599 p-value =      0.18318
Site   417 dN/dS =      0.00000 Full Log(L) =    -10.79882 LRT =      6.43040 p-value =      0.00561 *N
Site   418 dN/dS =      0.33057 Full Log(L) =    -41.90262 LRT =      1.80562 p-value =      0.08952 *N
Site   419 dN/dS =      0.00000 Full Log(L) =    -10.10288 LRT =      6.43033 p-value =      0.00561 *N
Site   420 dN/dS =      0.00000 Full Log(L) =    -22.83290 LRT =      7.37924 p-value =      0.00330 *N
Site   421 dN/dS =      0.00000 Full Log(L) =     -4.61034 LRT =      6.65278 p-value =      0.00495 *N
Site   422 dN/dS =      0.36665 Full Log(L) =    -19.09416 LRT =      1.42105 p-value =      0.11662
Site   423 dN/dS =      0.00000 Full Log(L) =     -5.95157 LRT =      3.87431 p-value =      0.02452 *N
Site   424 dN/dS =      0.29348 Full Log(L) =    -13.75826 LRT =      2.32043 p-value =      0.06384 *N
Site   425 dN/dS =      0.77916 Full Log(L) =    -32.35918 LRT =      0.13366 p-value =      0.35733
Site   426 dN/dS =      0.00000 Full Log(L) =     -5.47035 LRT =      6.43132 p-value =      0.00561 *N
Site   427 dN/dS =      0.35605 Full Log(L) =    -41.43634 LRT =      1.51772 p-value =      0.10898
Site   428 dN/dS =      0.00000 Full Log(L) =     -6.70681 LRT =      4.67757 p-value =      0.01528 *N
Site   429 dN/dS =      0.00000 Full Log(L) =    -13.48048 LRT =      6.03016 p-value =      0.00703 *N
Site   430 dN/dS =      0.00000 Full Log(L) =     -6.96235 LRT =      6.42485 p-value =      0.00563 *N
Site   431 dN/dS =      0.00000 Full Log(L) =    -10.74251 LRT =      6.77993 p-value =      0.00461 *N
Site   432 dN/dS =      0.70033 Full Log(L) =    -41.08634 LRT =      0.28078 p-value =      0.29809
Site   433 dN/dS =      0.00000 Full Log(L) =     -4.01622 LRT =      5.59329 p-value =      0.00901 *N
Site   434 dN/dS =      0.28777 Full Log(L) =    -12.26994 LRT =      2.40926 p-value =      0.06031 *N
Site   435 dN/dS =      0.00000 Full Log(L) =     -4.75125 LRT =      6.77994 p-value =      0.00461 *N
Site   436 dN/dS =      0.37338 Full Log(L) =    -20.65005 LRT =      1.36916 p-value =      0.12098
Site   437 dN/dS =      0.00000 Full Log(L) =     -4.54759 LRT =      3.35795 p-value =      0.03344 *N
Site   438 dN/dS =      0.00000 Full Log(L) =     -8.98030 LRT =      4.46964 p-value =      0.01725 *N
Site   439 dN/dS =      0.00000 Full Log(L) =     -5.01389 LRT =      4.67759 p-value =      0.01528 *N
Site   440 dN/dS =      0.00000 Full Log(L) =    -15.36588 LRT =      5.94225 p-value =      0.00739 *N
Site   441 dN/dS =      0.00000 Full Log(L) =    -26.55655 LRT =      6.57936 p-value =      0.00516 *N
Site   442 dN/dS =      0.00000 Full Log(L) =     -5.47035 LRT =      6.43132 p-value =      0.00561 *N
Site   443 dN/dS =      0.00000 Full Log(L) =     -5.93001 LRT =      5.34952 p-value =      0.01036 *N
Site   444 dN/dS =      0.75132 Full Log(L) =    -25.59097 LRT =      0.17759 p-value =      0.33673
Site   445 dN/dS =      0.00000 Full Log(L) =     -5.44876 LRT =      6.03016 p-value =      0.00703 *N
Site   446 dN/dS =      0.00000 Full Log(L) =    -37.89744 LRT =      6.57937 p-value =      0.00516 *N
Site   447 dN/dS =      0.00000 Full Log(L) =    -39.40941 LRT =      3.16435 p-value =      0.03763 *N
Site   448 dN/dS =      0.00000 Full Log(L) =    -22.00676 LRT =      6.43099 p-value =      0.00561 *N
Site   449 dN/dS =      0.00000 Full Log(L) =    -10.55189 LRT =      5.94255 p-value =      0.00739 *N
Site   450 dN/dS =      0.00000 Full Log(L) =    -11.98022 LRT =      3.87212 p-value =      0.02455 *N
Site   451 dN/dS =      0.00000 Full Log(L) =    -15.51206 LRT =      6.09852 p-value =      0.00676 *N
Site   452 dN/dS =      0.00000 Full Log(L) =     -4.97400 LRT =      5.74196 p-value =      0.00828 *N
Site   453 dN/dS =      0.00000 Full Log(L) =     -5.01967 LRT =      5.43636 p-value =      0.00986 *N
Site   454 dN/dS =      0.00000 Full Log(L) =     -4.75125 LRT =      6.77994 p-value =      0.00461 *N
Site   455 dN/dS =      0.00000 Full Log(L) =    -13.67633 LRT =      3.14612 p-value =      0.03805 *N
Site   456 dN/dS =      0.00000 Full Log(L) =    -32.40713 LRT =      5.74198 p-value =      0.00828 *N
Site   457 dN/dS =      0.29347 Full Log(L) =    -26.88671 LRT =      2.32046 p-value =      0.06384 *N
Site   458 dN/dS =      0.00000 Full Log(L) =     -5.33715 LRT =      4.40806 p-value =      0.01788 *N
Site   459 dN/dS =      0.30967 Full Log(L) =    -15.19970 LRT =      2.07117 p-value =      0.07505 *N
Site   460 dN/dS =      0.00000 Full Log(L) =     -4.05892 LRT =      8.75456 p-value =      0.00154 *N
Site   461 dN/dS =      0.32870 Full Log(L) =     -8.71165 LRT =      1.83116 p-value =      0.08800 *N
Site   462 dN/dS =      0.00000 Full Log(L) =    -10.49014 LRT =      5.59322 p-value =      0.00902 *N
Site   463 dN/dS =      0.63186 Full Log(L) =    -28.78114 LRT =      0.24391 p-value =      0.31070
Site   464 dN/dS =      0.00000 Full Log(L) =     -7.07500 LRT =      5.23797 p-value =      0.01105 *N
Site   465 dN/dS =      0.00000 Full Log(L) =     -4.32351 LRT =      6.43048 p-value =      0.00561 *N
Site   466 dN/dS =      0.34995 Full Log(L) =     -8.02335 LRT =      1.58949 p-value =      0.10370
Site   467 dN/dS =      0.00000 Full Log(L) =    -12.72321 LRT =      5.74196 p-value =      0.00828 *N
Site   468 dN/dS =      0.70711 Full Log(L) =    -18.36393 LRT =      0.26478 p-value =      0.30343
Site   469 dN/dS =      0.34837 Full Log(L) =    -21.34344 LRT =      1.60619 p-value =      0.10251
Site   470 dN/dS =      0.00000 Full Log(L) =     -4.80473 LRT =      3.87215 p-value =      0.02455 *N
Site   471 dN/dS =      0.00000 Full Log(L) =     -7.72090 LRT =      3.16424 p-value =      0.03763 *N
Site   472 dN/dS =      0.00000 Full Log(L) =    -21.67710 LRT =      6.58498 p-value =      0.00514 *N
Site   473 dN/dS =      0.00000 Full Log(L) =     -4.32351 LRT =      6.43048 p-value =      0.00561 *N
Site   474 dN/dS =      0.00000 Full Log(L) =     -4.44395 LRT =      5.94254 p-value =      0.00739 *N
Site   475 dN/dS =      0.00000 Full Log(L) =     -5.73008 LRT =      6.57937 p-value =      0.00516 *N
Site   476 dN/dS =      0.00000 Full Log(L) =    -10.49142 LRT =      6.43113 p-value =      0.00561 *N
Site   477 dN/dS =      0.00000 Full Log(L) =     -6.65095 LRT =      6.77339 p-value =      0.00463 *N
Site   478 dN/dS =      0.00000 Full Log(L) =     -4.05892 LRT =      8.75456 p-value =      0.00154 *N
Site   479 dN/dS =      0.00000 Full Log(L) =    -11.27554 LRT =      7.38144 p-value =      0.00330 *N
Site   480 dN/dS =      0.00000 Full Log(L) =     -4.44395 LRT =      5.94254 p-value =      0.00739 *N
Site   481 dN/dS =      0.00000 Full Log(L) =    -29.57352 LRT =      7.38143 p-value =      0.00330 *N
Site   482 dN/dS =      0.00000 Full Log(L) =     -7.20051 LRT =      6.17824 p-value =      0.00647 *N
Site   483 dN/dS =      0.00000 Full Log(L) =    -17.53014 LRT =      5.24444 p-value =      0.01101 *N
Site   484 dN/dS =      0.00000 Full Log(L) =     -4.01622 LRT =      5.59329 p-value =      0.00901 *N
Site   485 dN/dS =      0.00000 Full Log(L) =     -3.83436 LRT =      6.90939 p-value =      0.00429 *N
Site   486 dN/dS =      0.00000 Full Log(L) =     -5.01389 LRT =      4.67759 p-value =      0.01528 *N
Site   487 dN/dS =      0.00000 Full Log(L) =     -5.43925 LRT =      6.09917 p-value =      0.00676 *N
Site   488 dN/dS =      0.35603 Full Log(L) =    -19.68361 LRT =      1.51816 p-value =      0.10895
Site   489 dN/dS =      0.00000 Full Log(L) =     -5.30081 LRT =      6.18079 p-value =      0.00646 *N
Site   490 dN/dS =      0.29362 Full Log(L) =    -19.02929 LRT =      2.31817 p-value =      0.06394 *N
Site   491 dN/dS =      0.00000 Full Log(L) =     -4.44395 LRT =      5.94254 p-value =      0.00739 *N
Site   492 dN/dS =      0.00000 Full Log(L) =    -18.93010 LRT =      6.57937 p-value =      0.00516 *N
Site   493 dN/dS =      0.00000 Full Log(L) =     -5.50759 LRT =      6.18084 p-value =      0.00646 *N
Site   494 dN/dS =      0.28741 Full Log(L) =    -12.55660 LRT =      2.41545 p-value =      0.06007 *N
Site   495 dN/dS =      0.00000 Full Log(L) =    -11.59829 LRT =      7.07453 p-value =      0.00391 *N
Site   496 dN/dS =      0.00000 Full Log(L) =    -15.99579 LRT =      4.41003 p-value =      0.01786 *N
Site   497 dN/dS =      0.00000 Full Log(L) =    -11.01029 LRT =      5.43635 p-value =      0.00986 *N
Site   498 dN/dS =      0.00000 Full Log(L) =    -15.05938 LRT =      6.65420 p-value =      0.00495 *N
Site   499 dN/dS =      0.33501 Full Log(L) =    -13.58647 LRT =      1.74633 p-value =      0.09317 *N
Site   500 dN/dS =      0.00000 Full Log(L) =    -11.19511 LRT =      7.07466 p-value =      0.00391 *N
Site   501 dN/dS =      0.00000 Full Log(L) =    -12.40442 LRT =      5.74198 p-value =      0.00828 *N
Site   502 dN/dS =      0.00000 Full Log(L) =    -11.78956 LRT =      4.67758 p-value =      0.01528 *N
Site   503 dN/dS =      0.62246 Full Log(L) =    -43.07740 LRT =      0.51765 p-value =      0.23592
Site   504 dN/dS =      0.00000 Full Log(L) =    -17.94081 LRT =      6.09183 p-value =      0.00679 *N
Site   505 dN/dS =      0.89495 Full Log(L) =    -27.61174 LRT =      0.03742 p-value =      0.42330
Site   506 dN/dS =      0.99079 Full Log(L) =    -33.11092 LRT =      0.00025 p-value =      0.49364
Site   507 dN/dS =      0.00000 Full Log(L) =     -5.01389 LRT =      4.67759 p-value =      0.01528 *N
Site   508 dN/dS =      0.00000 Full Log(L) =    -11.09017 LRT =      6.65761 p-value =      0.00494 *N
Site   509 dN/dS =      0.29637 Full Log(L) =    -23.58486 LRT =      2.28363 p-value =      0.06537 *N
Site   510 dN/dS =      0.00000 Full Log(L) =     -6.45154 LRT =      6.42478 p-value =      0.00563 *N
Site   511 dN/dS =      0.30329 Full Log(L) =    -23.81364 LRT =      2.17447 p-value =      0.07016 *N
Site   512 dN/dS =      0.00000 Full Log(L) =    -10.68175 LRT =      3.05381 p-value =      0.04027 *N
Site   513 dN/dS =      0.00000 Full Log(L) =    -10.84070 LRT =      5.94258 p-value =      0.00739 *N
Site   514 dN/dS =      0.00000 Full Log(L) =    -12.62215 LRT =      5.93593 p-value =      0.00742 *N
Site   515 dN/dS =      0.00000 Full Log(L) =    -27.68650 LRT =      5.76840 p-value =      0.00816 *N
Site   516 dN/dS =      0.00000 Full Log(L) =    -15.95839 LRT =      5.24424 p-value =      0.01101 *N
Site   517 dN/dS =      0.51454 Full Log(L) =    -25.58705 LRT =      0.54927 p-value =      0.22931
Site   518 dN/dS =      0.00000 Full Log(L) =    -13.13334 LRT =      5.43618 p-value =      0.00986 *N
Site   519 dN/dS =      0.35636 Full Log(L) =    -33.33076 LRT =      1.51229 p-value =      0.10940
Site   520 dN/dS =      0.00000 Full Log(L) =    -15.93937 LRT =      7.10224 p-value =      0.00385 *N
Site   521 dN/dS =      0.00000 Full Log(L) =    -11.04117 LRT =      6.03016 p-value =      0.00703 *N
Site   522 dN/dS =      0.33142 Full Log(L) =    -28.93114 LRT =      1.80652 p-value =      0.08946 *N
Site   523 dN/dS =      0.00000 Full Log(L) =    -32.03402 LRT =      3.16457 p-value =      0.03763 *N
Site   524 dN/dS =      0.35600 Full Log(L) =    -18.51417 LRT =      1.51886 p-value =      0.10890
Site   525 dN/dS =      0.00000 Full Log(L) =    -23.55360 LRT =      4.41451 p-value =      0.01782 *N
Site   526 dN/dS =      0.00000 Full Log(L) =    -29.92229 LRT =      7.35076 p-value =      0.00335 *N
Site   527 dN/dS =      0.00000 Full Log(L) =     -5.01389 LRT =      4.67759 p-value =      0.01528 *N
Site   528 dN/dS =      0.00000 Full Log(L) =     -4.01622 LRT =      5.59329 p-value =      0.00901 *N
Site   529 dN/dS =      0.00000 Full Log(L) =    -15.71707 LRT =      6.77957 p-value =      0.00461 *N
Site   530 dN/dS =      0.00000 Full Log(L) =     -4.54759 LRT =      3.35795 p-value =      0.03344 *N
Site   531 dN/dS =      0.00000 Full Log(L) =    -15.29352 LRT =      5.43620 p-value =      0.00986 *N
Site   532 dN/dS =      0.00000 Full Log(L) =    -13.74223 LRT =      3.16413 p-value =      0.03764 *N
Site   533 dN/dS =      0.00000 Full Log(L) =     -4.54759 LRT =      3.35795 p-value =      0.03344 *N
Site   534 dN/dS =      0.00000 Full Log(L) =     -5.01967 LRT =      5.43636 p-value =      0.00986 *N
Site   535 dN/dS =      0.00000 Full Log(L) =    -20.88143 LRT =      5.13030 p-value =      0.01176 *N
Site   536 dN/dS =      0.00000 Full Log(L) =     -5.17529 LRT =      5.24457 p-value =      0.01101 *N
Site   537 dN/dS =      0.30310 Full Log(L) =    -16.34050 LRT =      2.17736 p-value =      0.07003 *N
Site   538 dN/dS =      0.28787 Full Log(L) =    -12.58821 LRT =      2.40765 p-value =      0.06037 *N
Site   539 dN/dS =      0.00000 Full Log(L) =     -5.33715 LRT =      4.40806 p-value =      0.01788 *N
Site   540 dN/dS =      0.32269 Full Log(L) =    -21.95911 LRT =      1.90660 p-value =      0.08367 *N
Site   541 dN/dS =      1.15879 Full Log(L) =    -27.23141 LRT =      0.06094 p-value =      0.40251
Site   542 dN/dS =      0.60112 Full Log(L) =    -20.69949 LRT =      0.30530 p-value =      0.29029
Site   543 dN/dS =      0.00000 Full Log(L) =    -11.81184 LRT =      5.34952 p-value =      0.01036 *N
Site   544 dN/dS =      0.00000 Full Log(L) =     -5.30081 LRT =      6.18079 p-value =      0.00646 *N
Site   545 dN/dS =      0.33055 Full Log(L) =    -16.46073 LRT =      1.80554 p-value =      0.08952 *N
Site   546 dN/dS =      1.24120 Full Log(L) =    -31.48319 LRT =      0.17070 p-value =      0.33975
Site   547 dN/dS =      0.00000 Full Log(L) =     -8.92929 LRT =      3.30785 p-value =      0.03447 *N
Site   548 dN/dS =      0.0000
Check messages.log details of this run.
0 Full Log(L) =     -8.92929 LRT =      3.30785 p-value =      0.03447 *N
Site   549 dN/dS =      0.00000 Full Log(L) =    -20.10025 LRT =      7.36440 p-value =      0.00333 *N
Site   550 dN/dS =      0.00000 Full Log(L) =     -5.38208 LRT =      5.24469 p-value =      0.01101 *N
Site   551 dN/dS =      0.00000 Full Log(L) =     -7.00760 LRT =      5.43393 p-value =      0.00987 *N
Site   552 dN/dS =      0.45668 Full Log(L) =    -20.21277 LRT =      1.59292 p-value =      0.10345
Site   553 dN/dS =      0.00000 Full Log(L) =     -4.54759 LRT =      3.35795 p-value =      0.03344 *N
Site   554 dN/dS =      0.00000 Full Log(L) =    -45.33631 LRT =      6.57937 p-value =      0.00516 *N
Site   555 dN/dS =      0.00000 Full Log(L) =     -5.50759 LRT =      6.18084 p-value =      0.00646 *N
Site   556 dN/dS =      0.00000 Full Log(L) =     -4.80473 LRT =      3.87215 p-value =      0.02455 *N
Site   557 dN/dS =      0.00000 Full Log(L) =    -62.06723 LRT =      5.59110 p-value =      0.00903 *N
Site   558 dN/dS =      0.00000 Full Log(L) =    -20.64029 LRT =      7.36651 p-value =      0.00332 *N
Site   559 dN/dS =      0.00000 Full Log(L) =     -4.64865 LRT =      5.93185 p-value =      0.00743 *N
Site   560 dN/dS =      0.00000 Full Log(L) =     -5.01741 LRT =      5.42648 p-value =      0.00992 *N
Site   561 dN/dS =      0.28638 Full Log(L) =    -23.90235 LRT =      2.43933 p-value =      0.05916 *N
Site   562 dN/dS =      0.00000 Full Log(L) =     -5.50551 LRT =      6.16963 p-value =      0.00650 *N
Site   563 dN/dS =      0.00000 Full Log(L) =     -4.64865 LRT =      5.93185 p-value =      0.00743 *N
Site   564 dN/dS =      0.00000 Full Log(L) =     -5.01294 LRT =      5.40691 p-value =      0.01003 *N
Site   565 dN/dS =      0.00000 Full Log(L) =     -5.50139 LRT =      6.14745 p-value =      0.00658 *N
Site   566 dN/dS =      0.00000 Full Log(L) =     -5.01071 LRT =      5.39718 p-value =      0.01008 *N


Wall-clock run-time (seconds): 1412755896
Process time on the master node: 8292.224238000001
MPI nodes used: 0

Wall-clock time per site (seconds): 2792007.699604743
