

______________READ THE FOLLOWING DATA______________
247 species:{EU199272,JX239598,CY054200,EU100719,EU100718,JX239593,JX239590,EU100716,JX239596,JX239597,JX239594,EU199363,JX239599,CY172855,CY054128,CY054129,CY027579,CY054125,CY025851,CY035882,EU502612,EU502610,EU502611,EU502616,EU502617,EU502614,EU502615,EU199262,FJ794150,CY054268,EU199266,CY025485,CY172743,EU502567,EU502562,EU502563,CY030205,EU502568,EU502569,EU516054,CY172903,JX239591,JX239589,JF710751,JF710752,CY026787,EU199380,JX239587,JX239586,CY054238,CY025277,CY026827,CY025501,CY172823,CY022934,CY022935,CY022937,CY022933,CY026707,EU502604,EU502607,CY092241,EU199258,EU502603,EU199259,EU199256,EU199257,EU199254,EU199255,EU502609,EU502608,CY027683,CY114405,EU502577,CY028740,EU502575,EU502574,EU502573,EU502571,EU502570,CY026019,CY026275,EU502578,CY092249,CY054146,CY172831,CY027075,CY054148,CY172839,CY025349,EU502549,EU502576,EU502542,EU502543,CY054217,EU502546,CY114397,CY025747,CY026243,CY025723,CY034414,CY030053,CY172791,CY058074,CY172799,CY054159,CY027539,CY026555,EU502559,EU502558,EU516105,CY028443,CY026603,EU502553,CY025755,AB453361,AB453362,AB453363,AB453364,AB453365,AB453366,CY054221,CY054240,EU199261,CY025731,CY054169,CY034406,CY172815,CY030197,CY054166,CY054167,EU100698,CY027587,EU100714,CY022900,CY172783,EU502590,EU199281,EU100695,CY172759,AB453356,CY026147,EU199343,EU199344,EU199346,EU100717,EU516034,EU516032,CY054257,CY025603,CY054251,CY054252,FJ794145,CY025707,FJ794146,FJ794142,CY027107,FJ794149,CY054170,EU100720,CY025421,EU100723,CY172863,EU199359,EU199358,CY027571,CY025907,CY054115,CY025835,CY172895,EU502539,EU100722,CY054248,CY054246,CY025739,CY172775,CY027499,AB453349,EU199285,CY026883,CY054184,EU199283,EU199282,CY054189,CY025341,JX239600,JX239601,CY172879,CY026771,FJ794139,CY028475,FJ794144,JX239588,AB453359,AB453360,EU502584,EU502585,EU516019,EU502583,EU199368,EU502581,EU199367,AB453353,AB453352,AB453355,AB453354,EU502588,EU502589,JX239585,CY027563,CY022883,EU502602,CY172767,CY025643,EU502587,CY054197,AB453358,CY054198,CY026251,FJ794148,EU502598,CY025859,CY172847,EU502593,EU502592,CY025843,CY054114,EU199279,CY026195,JF340081,EU199377,EU199376,EU199379,EU199378,AB453350,EU199273,EU502582,CY028371,EU199276,EU199277,CY054261,CY054262,CY054168,CY025715,EU199364,CY022899,CY172751};
Total Sites:1698;
Distinct Sites:411

Phase 1:Nucleotide Model (010010) Model Fit


-7466.91343491694

Phase 2:MG94x(010010) Model Fit



Phase 3:Estimating dN/dS


Nuc->codon scaling factor:1.994233292222522
Raw scaling factor:1.994233292222522
Tree scaling factor(S): 1

Using dN/dS=0.309237067055089
Codon model:-7306.35380956372

Phase 4: Ancestral State Reconstruction and Counting

<<Significance level for Likelihood Ratio Tests (permissible range = [0,1], default value = 0.1)>>Site     1 dN/dS =      0.00000 Full Log(L) =     -4.11948 LRT =      2.66893 p-value =      0.05116 *N
Site     2 dN/dS =      9.94777 Full Log(L) =    -45.08753 LRT =     21.97291 p-value =      0.00000 *P
Site     3 dN/dS =      0.00000 Full Log(L) =    -10.28091 LRT =      1.68505 p-value =      0.09713 *N
Site     4 dN/dS =      0.00000 Full Log(L) =     -4.33812 LRT =      1.68968 p-value =      0.09682 *N
Site     5 dN/dS =      0.00000 Full Log(L) =     -4.25854 LRT =      1.68968 p-value =      0.09682 *N
Site     6 dN/dS =      0.00000 Full Log(L) =     -4.71112 LRT =      1.93428 p-value =      0.08215 *N
Site     7 dN/dS =      0.00000 Full Log(L) =     -5.10894 LRT =      1.04489 p-value =      0.15334
Site     8 dN/dS =      0.00000 Full Log(L) =     -4.30478 LRT =      2.12803 p-value =      0.07231 *N
Site     9 dN/dS =      0.00000 Full Log(L) =     -4.21118 LRT =      1.46245 p-value =      0.11327
Site    10 dN/dS =      0.00000 Full Log(L) =     -4.25854 LRT =      1.68968 p-value =      0.09682 *N
Site    11 dN/dS =      0.00000 Full Log(L) =    -11.99644 LRT =      0.99034 p-value =      0.15983
Site    12 dN/dS =      1.08539 Full Log(L) =    -12.33312 LRT =      0.00656 p-value =      0.46773
Site    13 dN/dS =      4.09663 Full Log(L) =    -21.09343 LRT =      2.60256 p-value =      0.05335 *P
Site    14 dN/dS =      1.07348 Full Log(L) =    -11.55204 LRT =      0.00489 p-value =      0.47213
Site    15 dN/dS =      1.22472 Full Log(L) =    -12.95916 LRT =      0.03831 p-value =      0.42241
Site    16 dN/dS =      0.00000 Full Log(L) =    -16.86950 LRT =      1.93429 p-value =      0.08214 *N
Site    17 dN/dS =      0.00000 Full Log(L) =    -22.02579 LRT =      2.14446 p-value =      0.07154 *N
Site    18 dN/dS =      0.00000 Full Log(L) =    -10.23499 LRT =      3.13100 p-value =      0.03841 *N
Site    19 dN/dS =      1.28845 Full Log(L) =    -19.94144 LRT =      0.11785 p-value =      0.36569
Site    20 dN/dS =      0.61793 Full Log(L) =    -30.09268 LRT =      0.27316 p-value =      0.30061
Site    21 dN/dS =      1.54161 Full Log(L) =    -36.29690 LRT =      0.48655 p-value =      0.24274
Site    22 dN/dS =      1.21017 Full Log(L) =    -22.25540 LRT =      0.06800 p-value =      0.39714
Site    23 dN/dS =      0.00000 Full Log(L) =     -4.50099 LRT =      3.82766 p-value =      0.02521 *N
Site    24 dN/dS =      0.17895 Full Log(L) =    -14.88791 LRT =      2.57655 p-value =      0.05423 *N
Site    25 dN/dS =      0.45849 Full Log(L) =    -18.31603 LRT =      0.63259 p-value =      0.21320
Site    26 dN/dS =      0.14141 Full Log(L) =    -10.03432 LRT =      2.61934 p-value =      0.05278 *N
Site    27 dN/dS =      0.10246 Full Log(L) =    -16.32301 LRT =      3.09246 p-value =      0.03933 *N
Site    28 dN/dS =      0.16939 Full Log(L) =    -23.93522 LRT =      2.36725 p-value =      0.06195 *N
Site    29 dN/dS =      0.12778 Full Log(L) =    -22.13512 LRT =      1.63601 p-value =      0.10044
Site    30 dN/dS =      0.27390 Full Log(L) =     -9.35881 LRT =      2.11038 p-value =      0.07315 *N
Site    31 dN/dS =      0.14166 Full Log(L) =     -9.37719 LRT =      2.60614 p-value =      0.05323 *N
Site    32 dN/dS =      0.14431 Full Log(L) =     -9.95569 LRT =      3.17095 p-value =      0.03748 *N
Site    33 dN/dS =      0.53225 Full Log(L) =    -34.20367 LRT =      0.38870 p-value =      0.26649
Site    34 dN/dS =      0.04236 Full Log(L) =     -8.01274 LRT =      4.96252 p-value =      0.01295 *N
Site    35 dN/dS =      0.59070 Full Log(L) =    -25.35455 LRT =      0.39204 p-value =      0.26562
Site    36 dN/dS =      0.27399 Full Log(L) =     -9.52496 LRT =      2.13011 p-value =      0.07221 *N
Site    37 dN/dS =      0.61195 Full Log(L) =    -19.03396 LRT =      0.27228 p-value =      0.30090
Site    38 dN/dS =      0.29054 Full Log(L) =    -22.00216 LRT =      1.98821 p-value =      0.07926 *N
Site    39 dN/dS =      0.00000 Full Log(L) =    -12.68435 LRT =      9.56708 p-value =      0.00099 *N
Site    40 dN/dS =      0.00000 Full Log(L) =    -21.15583 LRT =      8.34624 p-value =      0.00193 *N
Site    41 dN/dS =      0.02283 Full Log(L) =     -6.69698 LRT =      6.51490 p-value =      0.00535 *N
Site    42 dN/dS =      0.25055 Full Log(L) =    -10.45125 LRT =      2.24605 p-value =      0.06698 *N
Site    43 dN/dS =      0.64474 Full Log(L) =    -14.17558 LRT =      0.24231 p-value =      0.31127
Site    44 dN/dS =      0.25967 Full Log(L) =     -8.97213 LRT =      1.99435 p-value =      0.07894 *N
Site    45 dN/dS =      0.03789 Full Log(L) =     -8.22929 LRT =      4.52906 p-value =      0.01666 *N
Site    46 dN/dS =      0.15862 Full Log(L) =    -13.58453 LRT =      2.42403 p-value =      0.05974 *N
Site    47 dN/dS =      0.59132 Full Log(L) =    -16.33214 LRT =      0.32550 p-value =      0.28416
Site    48 dN/dS =      1.27345 Full Log(L) =    -22.14162 LRT =      0.10761 p-value =      0.37144
Site    49 dN/dS =      0.07805 Full Log(L) =    -14.65048 LRT =      3.61273 p-value =      0.02867 *N
Site    50 dN/dS =      0.13913 Full Log(L) =    -16.27570 LRT =      2.97594 p-value =      0.04226 *N
Site    51 dN/dS =      0.25777 Full Log(L) =     -9.71851 LRT =      1.99113 p-value =      0.07911 *N
Site    52 dN/dS =      0.18145 Full Log(L) =     -8.68329 LRT =      2.43832 p-value =      0.05920 *N
Site    53 dN/dS =      0.02749 Full Log(L) =     -8.08951 LRT =      5.65893 p-value =      0.00868 *N
Site    54 dN/dS =      0.17452 Full Log(L) =    -22.35217 LRT =      2.32752 p-value =      0.06355 *N
Site    55 dN/dS =      0.28050 Full Log(L) =    -14.31621 LRT =      2.18068 p-value =      0.06988 *N
Site    56 dN/dS =      0.35380 Full Log(L) =    -20.92572 LRT =      0.96238 p-value =      0.16329
Site    57 dN/dS =      0.11520 Full Log(L) =    -16.28190 LRT =      3.03217 p-value =      0.04081 *N
Site    58 dN/dS =      0.10777 Full Log(L) =     -9.75491 LRT =      1.86042 p-value =      0.08629 *N
Site    59 dN/dS =      3.15333 Full Log(L) =    -40.04900 LRT =      5.55054 p-value =      0.00924 *P
Site    60 dN/dS =      0.63620 Full Log(L) =    -36.27433 LRT =      0.16377 p-value =      0.34285
Site    61 dN/dS =      0.78059 Full Log(L) =    -18.85973 LRT =      0.05476 p-value =      0.40749
Site    62 dN/dS =      0.64750 Full Log(L) =    -16.16101 LRT =      0.22990 p-value =      0.31580
Site    63 dN/dS =      0.49129 Full Log(L) =    -16.10948 LRT =      0.65253 p-value =      0.20960
Site    64 dN/dS =      2.70857 Full Log(L) =    -40.48004 LRT =      3.63769 p-value =      0.02824 *P
Site    65 dN/dS =      0.16020 Full Log(L) =    -13.95493 LRT =      3.05584 p-value =      0.04022 *N
Site    66 dN/dS =      0.26407 Full Log(L) =     -9.74289 LRT =      2.17966 p-value =      0.06992 *N
Site    67 dN/dS =      3.73264 Full Log(L) =    -55.23923 LRT =      8.12905 p-value =      0.00218 *P
Site    68 dN/dS =      0.15502 Full Log(L) =     -8.88654 LRT =      3.13755 p-value =      0.03825 *N
Site    69 dN/dS =      0.07321 Full Log(L) =    -15.56687 LRT =      2.87772 p-value =      0.04491 *N
Site    70 dN/dS =      0.61033 Full Log(L) =    -27.03747 LRT =      0.33888 p-value =      0.28024
Site    71 dN/dS =      0.06671 Full Log(L) =     -8.32236 LRT =      2.55099 p-value =      0.05511 *N
Site    72 dN/dS =      0.65349 Full Log(L) =    -14.91675 LRT =      0.23049 p-value =      0.31558
Site    73 dN/dS =      0.63960 Full Log(L) =    -24.03628 LRT =      0.22869 p-value =      0.31625
Site    74 dN/dS =      0.15991 Full Log(L) =     -8.65153 LRT =      2.86658 p-value =      0.04522 *N
Site    75 dN/dS =      0.14931 Full Log(L) =     -9.36046 LRT =      2.99125 p-value =      0.04186 *N
Site    76 dN/dS =      0.27966 Full Log(L) =    -16.02733 LRT =      2.18601 p-value =      0.06963 *N
Site    77 dN/dS =      0.13953 Full Log(L) =     -8.51682 LRT =      2.58682 p-value =      0.05388 *N
Site    78 dN/dS =      0.03627 Full Log(L) =    -14.13924 LRT =      3.05690 p-value =      0.04020 *N
Site    79 dN/dS =      0.10620 Full Log(L) =    -16.48463 LRT =      2.70474 p-value =      0.05003 *N
Site    80 dN/dS =      0.00000 Full Log(L) =    -25.67096 LRT =      7.11279 p-value =      0.00383 *N
Site    81 dN/dS =      0.42722 Full Log(L) =    -16.20086 LRT =      0.69133 p-value =      0.20286
Site    82 dN/dS =      0.04503 Full Log(L) =     -8.21746 LRT =      4.28311 p-value =      0.01925 *N
Site    83 dN/dS =      0.16386 Full Log(L) =    -14.65882 LRT =      2.72068 p-value =      0.04953 *N
Site    84 dN/dS =      0.16324 Full Log(L) =    -16.95199 LRT =      1.55988 p-value =      0.10584
Site    85 dN/dS =      0.16009 Full Log(L) =    -14.61701 LRT =      1.68281 p-value =      0.09728 *N
Site    86 dN/dS =      0.12382 Full Log(L) =    -16.46933 LRT =      3.10699 p-value =      0.03898 *N
Site    87 dN/dS =      0.29268 Full Log(L) =    -16.49623 LRT =      1.30954 p-value =      0.12624
Site    88 dN/dS =      0.13835 Full Log(L) =     -9.70542 LRT =      2.95980 p-value =      0.04268 *N
Site    89 dN/dS =      0.07717 Full Log(L) =     -8.31578 LRT =      3.61368 p-value =      0.02865 *N
Site    90 dN/dS =      0.07505 Full Log(L) =     -9.82783 LRT =      3.52885 p-value =      0.03015 *N
Site    91 dN/dS =      0.68675 Full Log(L) =    -17.22062 LRT =      0.18867 p-value =      0.33201
Site    92 dN/dS =      0.30731 Full Log(L) =     -8.96323 LRT =      1.28199 p-value =      0.12876
Site    93 dN/dS =      0.27070 Full Log(L) =     -9.37114 LRT =      2.08098 p-value =      0.07457 *N
Site    94 dN/dS =      0.60149 Full Log(L) =    -16.82905 LRT =      0.26903 p-value =      0.30199
Site    95 dN/dS =      0.15885 Full Log(L) =    -20.72037 LRT =      2.46047 p-value =      0.05837 *N
Site    96 dN/dS =      0.31242 Full Log(L) =     -8.97859 LRT =      1.09929 p-value =      0.14721
Site    97 dN/dS =      0.53394 Full Log(L) =    -22.02244 LRT =      0.51875 p-value =      0.23569
Site    98 dN/dS =      0.05868 Full Log(L) =     -8.90619 LRT =      4.73945 p-value =      0.01474 *N
Site    99 dN/dS =      0.30603 Full Log(L) =     -8.72628 LRT =      1.75089 p-value =      0.09288 *N
Site   100 dN/dS =      1.15365 Full Log(L) =    -20.11033 LRT =      0.03868 p-value =      0.42204
Site   101 dN/dS =      0.06071 Full Log(L) =     -7.21791 LRT =      4.72882 p-value =      0.01483 *N
Site   102 dN/dS =      0.11924 Full Log(L) =    -16.11722 LRT =      3.24142 p-value =      0.03590 *N
Site   103 dN/dS =      0.02489 Full Log(L) =     -8.35082 LRT =      5.37944 p-value =      0.01019 *N
Site   104 dN/dS =      0.63454 Full Log(L) =    -17.25377 LRT =      0.24796 p-value =      0.30926
Site   105 dN/dS =      0.13749 Full Log(L) =     -9.66182 LRT =      3.00850 p-value =      0.04141 *N
Site   106 dN/dS =      0.73847 Full Log(L) =    -17.00921 LRT =      0.10323 p-value =      0.37399
Site   107 dN/dS =      0.27094 Full Log(L) =     -9.81932 LRT =      2.42185 p-value =      0.05983 *N
Site   108 dN/dS =      1.79178 Full Log(L) =    -31.39885 LRT =      0.84137 p-value =      0.17950
Site   109 dN/dS =      0.27394 Full Log(L) =     -9.57071 LRT =      2.11440 p-value =      0.07296 *N
Site   110 dN/dS =      0.30171 Full Log(L) =     -9.15409 LRT =      1.58690 p-value =      0.10389
Site   111 dN/dS =      0.28942 Full Log(L) =     -9.86946 LRT =      1.90238 p-value =      0.08391 *N
Site   112 dN/dS =      0.14454 Full Log(L) =     -9.28338 LRT =      2.34978 p-value =      0.06265 *N
Site   113 dN/dS =      0.53790 Full Log(L) =    -15.35173 LRT =      0.51360 p-value =      0.23679
Site   114 dN/dS =      0.02896 Full Log(L) =    -14.76722 LRT =      5.13646 p-value =      0.01171 *N
Site   115 dN/dS =      0.11132 Full Log(L) =    -35.71122 LRT =      2.78262 p-value =      0.04765 *N
Site   116 dN/dS =      0.13757 Full Log(L) =     -9.01908 LRT =      2.96252 p-value =      0.04261 *N
Site   117 dN/dS =      0.74403 Full Log(L) =    -17.09206 LRT =      0.10258 p-value =      0.37438
Site   118 dN/dS =      0.13776 Full Log(L) =    -10.03725 LRT =      3.01568 p-value =      0.04123 *N
Site   119 dN/dS =      0.14756 Full Log(L) =     -9.54388 LRT =      2.36404 p-value =      0.06208 *N
Site   120 dN/dS =      0.10842 Full Log(L) =    -25.20994 LRT =      2.66601 p-value =      0.05126 *N
Site   121 dN/dS =      0.03605 Full Log(L) =     -9.48985 LRT =      3.43326 p-value =      0.03195 *N
Site   122 dN/dS =      0.19708 Full Log(L) =     -9.93793 LRT =      1.77958 p-value =      0.09110 *N
Site   123 dN/dS =      0.14677 Full Log(L) =     -9.66761 LRT =      1.57845 p-value =      0.10449
Site   124 dN/dS =      1.74921 Full Log(L) =    -24.40199 LRT =      0.78119 p-value =      0.18839
Site   125 dN/dS =      0.10335 Full Log(L) =    -10.10953 LRT =      3.09066 p-value =      0.03937 *N
Site   126 dN/dS =      0.03374 Full Log(L) =     -8.25430 LRT =      4.94026 p-value =      0.01312 *N
Site   127 dN/dS =      0.05611 Full Log(L) =    -29.64354 LRT =      4.56480 p-value =      0.01632 *N
Site   128 dN/dS =      0.00000 Full Log(L) =    -13.80931 LRT =      9.73204 p-value =      0.00091 *N
Site   129 dN/dS =      0.28050 Full Log(L) =     -9.29813 LRT =      1.89983 p-value =      0.08405 *N
Site   130 dN/dS =      0.28050 Full Log(L) =    -16.72373 LRT =      2.18098 p-value =      0.06986 *N
Site   131 dN/dS =      0.06949 Full Log(L) =    -18.88962 LRT =      4.45859 p-value =      0.01736 *N
Site   132 dN/dS =      1.19093 Full Log(L) =    -23.03061 LRT =      0.05715 p-value =      0.40553
Site   133 dN/dS =      0.62929 Full Log(L) =    -18.49171 LRT =      0.29726 p-value =      0.29280
Site   134 dN/dS =      0.14136 Full Log(L) =     -8.54291 LRT =      2.86699 p-value =      0.04521 *N
Site   135 dN/dS =      0.49233 Full Log(L) =    -17.75150 LRT =      0.60669 p-value =      0.21802
Site   136 dN/dS =      0.15958 Full Log(L) =     -9.67717 LRT =      2.43837 p-value =      0.05920 *N
Site   137 dN/dS =      0.02547 Full Log(L) =     -6.82403 LRT =      5.70541 p-value =      0.00846 *N
Site   138 dN/dS =      0.12277 Full Log(L) =     -8.58196 LRT =      1.59687 p-value =      0.10317
Site   139 dN/dS =      1.91566 Full Log(L) =    -36.08724 LRT =      1.02676 p-value =      0.15546
Site   140 dN/dS =      0.15121 Full Log(L) =     -9.21491 LRT =      3.04472 p-value =      0.04050 *N
Site   141 dN/dS =      0.58245 Full Log(L) =    -20.06728 LRT =      0.36448 p-value =      0.27301
Site   142 dN/dS =      0.02773 Full Log(L) =     -8.02377 LRT =      5.20736 p-value =      0.01125 *N
Site   143 dN/dS =      0.18299 Full Log(L) =    -24.00162 LRT =      1.63681 p-value =      0.10038
Site   144 dN/dS =      0.60235 Full Log(L) =    -35.94231 LRT =      0.31850 p-value =      0.28626
Site   145 dN/dS =      1.00000 Full Log(L) =      0.00000 LRT =      0.00000 p-value =      1.00000
Site   146 dN/dS =      0.14209 Full Log(L) =     -9.48505 LRT =      2.67932 p-value =      0.05083 *N
Site   147 dN/dS =      0.08926 Full Log(L) =     -8.60452 LRT =      4.04648 p-value =      0.02213 *N
Site   148 dN/dS =      0.00000 Full Log(L) =     -6.24794 LRT =      8.68394 p-value =      0.00161 *N
Site   149 dN/dS =      1.11482 Full Log(L) =    -28.87743 LRT =      0.02266 p-value =      0.44018
Site   150 dN/dS =      0.19604 Full Log(L) =     -8.70827 LRT =      2.42053 p-value =      0.05988 *N
Site   151 dN/dS =      1.75379 Full Log(L) =    -29.62232 LRT =      0.78621 p-value =      0.18762
Site   152 dN/dS =      0.06034 Full Log(L) =    -28.14785 LRT =      4.89228 p-value =      0.01349 *N
Site   153 dN/dS =      3.80364 Full Log(L) =    -46.16451 LRT =      8.31604 p-value =      0.00196 *P
Site   154 dN/dS =      0.11226 Full Log(L) =    -16.55179 LRT =      2.44126 p-value =      0.05909 *N
Site   155 dN/dS =      2.42419 Full Log(L) =    -44.68952 LRT =      2.37161 p-value =      0.06178 *P
Site   156 dN/dS =      1.19345 Full Log(L) =    -27.93458 LRT =      0.05910 p-value =      0.40396
Site   157 dN/dS =      0.15594 Full Log(L) =     -9.07270 LRT =      2.98191 p-value =      0.04210 *N
Site   158 dN/dS =      0.29655 Full Log(L) =    -22.10519 LRT =      1.77535 p-value =      0.09136 *N
Site   159 dN/dS =      0.05318 Full Log(L) =     -7.63614 LRT =      5.29203 p-value =      0.01071 *N
Site   160 dN/dS =      1.09427 Full Log(L) =    -22.07871 LRT =      0.01592 p-value =      0.44980
Site   161 dN/dS =      0.13709 Full Log(L) =    -31.58327 LRT =      1.72204 p-value =      0.09472 *N
Site   162 dN/dS =      0.16841 Full Log(L) =     -8.30897 LRT =      2.47301 p-value =      0.05791 *N
Site   163 dN/dS =      0.32490 Full Log(L) =     -9.04768 LRT =      1.07926 p-value =      0.14943
Site   164 dN/dS =      0.05772 Full Log(L) =     -9.10198 LRT =      3.71777 p-value =      0.02692 *N
Site   165 dN/dS =      0.14375 Full Log(L) =     -9.06725 LRT =      2.68205 p-value =      0.05074 *N
Site   166 dN/dS =      0.61130 Full Log(L) =    -16.87218 LRT =      0.33615 p-value =      0.28103
Site   167 dN/dS =      3.12629 Full Log(L) =    -30.56250 LRT =      2.74671 p-value =      0.04873 *P
Site   168 dN/dS =      0.10278 Full Log(L) =     -8.99317 LRT =      2.62428 p-value =      0.05262 *N
Site   169 dN/dS =      0.07211 Full Log(L) =    -19.52019 LRT =      3.67026 p-value =      0.02770 *N
Site   170 dN/dS =      0.00000 Full Log(L) =    -12.46744 LRT =      9.84479 p-value =      0.00085 *N
Site   171 dN/dS =      0.02747 Full Log(L) =    -15.95964 LRT =      5.65820 p-value =      0.00869 *N
Site   172 dN/dS =      0.00000 Full Log(L) =    -10.19534 LRT =      9.00429 p-value =      0.00135 *N
Site   173 dN/dS =      0.13941 Full Log(L) =    -24.80440 LRT =      2.98907 p-value =      0.04191 *N
Site   174 dN/dS =      0.15838 Full Log(L) =    -15.34520 LRT =      2.36372 p-value =      0.06209 *N
Site   175 dN/dS =      0.03744 Full Log(L) =     -7.52554 LRT =      6.24251 p-value =      0.00624 *N
Site   176 dN/dS =      0.06089 Full Log(L) =     -9.63644 LRT =      3.09864 p-value =      0.03918 *N
Site   177 dN/dS =      1.19421 Full Log(L) =    -26.68807 LRT =      0.05892 p-value =      0.40411
Site   178 dN/dS =      0.14947 Full Log(L) =     -8.70685 LRT =      2.85831 p-value =      0.04545 *N
Site   179 dN/dS =      0.04069 Full Log(L) =     -8.18514 LRT =      5.00444 p-value =      0.01264 *N
Site   180 dN/dS =      0.10971 Full Log(L) =     -8.97003 LRT =      3.44352 p-value =      0.03175 *N
Site   181 dN/dS =      0.06368 Full Log(L) =    -11.95920 LRT =      3.48991 p-value =      0.03087 *N
Site   182 dN/dS =      0.15931 Full Log(L) =     -9.57931 LRT =      1.68807 p-value =      0.09693 *N
Site   183 dN/dS =      0.30694 Full Log(L) =     -9.21047 LRT =      1.57378 p-value =      0.10483
Site   184 dN/dS =      0.17867 Full Log(L) =    -20.03410 LRT =      2.32145 p-value =      0.06380 *N
Site   185 dN/dS =      0.21876 Full Log(L) =     -8.20879 LRT =      1.36406 p-value =      0.12142
Site   186 dN/dS =      0.26169 Full Log(L) =    -24.91494 LRT =      2.51820 p-value =      0.05627 *N
Site   187 dN/dS =      0.06419 Full Log(L) =    -14.52783 LRT =      4.44793 p-value =      0.01747 *N
Site   188 dN/dS =      2.33423 Full Log(L) =    -47.70257 LRT =      2.19622 p-value =      0.06917 *P
Site   189 dN/dS =      0.17255 Full Log(L) =    -15.94335 LRT =      0.50861 p-value =      0.23787
Site   190 dN/dS =      0.11099 Full Log(L) =    -22.59015 LRT =      2.80275 p-value =      0.04705 *N
Site   191 dN/dS =      0.98698 Full Log(L) =    -28.11405 LRT =      0.00035 p-value =      0.49254
Site   192 dN/dS =      0.16951 Full Log(L) =    -34.16451 LRT =      2.36696 p-value =      0.06196 *N
Site   193 dN/dS =      2.10658 Full Log(L) =    -39.94404 LRT =      1.74717 p-value =      0.09312 *P
Site   194 dN/dS =      0.26228 Full Log(L) =     -8.98174 LRT =      2.10177 p-value =      0.07356 *N
Site   195 dN/dS =      0.14559 Full Log(L) =     -8.98348 LRT =      2.95173 p-value =      0.04289 *N
Site   196 dN/dS =      0.30731 Full Log(L) =     -8.96323 LRT =      1.28199 p-value =      0.12876
Site   197 dN/dS =      3.20757 Full Log(L) =    -40.68098 LRT =      4.73906 p-value =      0.01474 *P
Site   198 dN/dS =      2.67836 Full Log(L) =    -33.28551 LRT =      2.85601 p-value =      0.04552 *P
Site   199 dN/dS =      3.25402 Full Log(L) =    -42.25338 LRT =      2.90963 p-value =      0.04403 *P
Site   200 dN/dS =      0.75311 Full Log(L) =    -16.23958 LRT =      0.09704 p-value =      0.37771
Site   201 dN/dS =      0.06440 Full Log(L) =    -12.90349 LRT =      4.55246 p-value =      0.01644 *N
Site   202 dN/dS =      0.30731 Full Log(L) =     -8.96323 LRT =      1.28199 p-value =      0.12876
Site   203 dN/dS =      0.55815 Full Log(L) =    -13.42413 LRT =      0.42131 p-value =      0.25814
Site   204 dN/dS =      0.78036 Full Log(L) =    -20.33605 LRT =      0.05660 p-value =      0.40597
Site   205 dN/dS =      0.26932 Full Log(L) =     -9.78478 LRT =      2.38787 p-value =      0.06114 *N
Site   206 dN/dS =      0.03598 Full Log(L) =     -8.66019 LRT =      3.26658 p-value =      0.03535 *N
Site   207 dN/dS =      0.61519 Full Log(L) =    -15.69943 LRT =      0.24926 p-value =      0.30880
Site   208 dN/dS =      0.14139 Full Log(L) =     -9.32482 LRT =      2.62365 p-value =      0.05264 *N
Site   209 dN/dS =      0.16713 Full Log(L) =    -15.42067 LRT =      2.61272 p-value =      0.05301 *N
Site   210 dN/dS =      0.13870 Full Log(L) =     -9.46654 LRT =      2.44417 p-value =      0.05898 *N
Site   211 dN/dS =      0.27062 Full Log(L) =     -9.88433 LRT =      1.96160 p-value =      0.08067 *N
Site   212 dN/dS =      0.02721 Full Log(L) =     -6.15367 LRT =      5.56738 p-value =      0.00915 *N
Site   213 dN/dS =      0.06068 Full Log(L) =     -7.27525 LRT =      4.74630 p-value =      0.01468 *N
Site   214 dN/dS =      0.26920 Full Log(L) =    -27.73732 LRT =      2.42402 p-value =      0.05974 *N
Site   215 dN/dS =      0.00000 Full Log(L) =     -5.42466 LRT =      9.13402 p-value =      0.00125 *N
Site   216 dN/dS =      0.19232 Full Log(L) =     -9.04642 LRT =      1.63483 p-value =      0.10052
Site   217 dN/dS =      0.14352 Full Log(L) =    -14.65962 LRT =      2.65646 p-value =      0.05157 *N
Site   218 dN/dS =      0.56176 Full Log(L) =    -23.24948 LRT =      0.38122 p-value =      0.26848
Site   219 dN/dS =      0.64139 Full Log(L) =    -29.11447 LRT =      0.23550 p-value =      0.31374
Site   220 dN/dS =      0.28479 Full Log(L) =    -16.25572 LRT =      1.92229 p-value =      0.08280 *N
Site   221 dN/dS =      0.15444 Full Log(L) =    -13.42348 LRT =      2.55307 p-value =      0.05504 *N
Site   222 dN/dS =      0.14470 Full Log(L) =    -20.17662 LRT =      2.39784 p-value =      0.06075 *N
Site   223 dN/dS =      0.40873 Full Log(L) =    -14.78646 LRT =      0.65810 p-value =      0.20862
Site   224 dN/dS =      0.65574 Full Log(L) =    -17.56087 LRT =      0.15771 p-value =      0.34564
Site   225 dN/dS =      0.52625 Full Log(L) =    -38.48433 LRT =      0.32163 p-value =      0.28532
Site   226 dN/dS =      0.00000 Full Log(L) =    -28.71121 LRT =      8.54989 p-value =      0.00173 *N
Site   227 dN/dS =      2.89640 Full Log(L) =    -35.79689 LRT =      4.06092 p-value =      0.02194 *P
Site   228 dN/dS =      0.26189 Full Log(L) =    -15.73049 LRT =      2.35156 p-value =      0.06258 *N
Site   229 dN/dS =      4.79341 Full Log(L) =    -56.28447 LRT =     12.29497 p-value =      0.00023 *P
Site   230 dN/dS =      0.64579 Full Log(L) =    -16.24466 LRT =      0.21210 p-value =      0.32256
Site   231 dN/dS =      0.64623 Full Log(L) =    -31.60899 LRT =      0.25262 p-value =      0.30762
Site   232 dN/dS =      0.26024 Full Log(L) =     -9.81717 LRT =      2.47003 p-value =      0.05802 *N
Site   233 dN/dS =      0.46009 Full Log(L) =    -15.89667 LRT =      0.51850 p-value =      0.23574
Site   234 dN/dS =      0.02494 Full Log(L) =     -7.88287 LRT =      5.38181 p-value =      0.01017 *N
Site   235 dN/dS =      0.00000 Full Log(L) =    -12.54652 LRT =      8.57220 p-value =      0.00171 *N
Site   236 dN/dS =      0.09884 Full Log(L) =     -8.86939 LRT =      2.53837 p-value =      0.05555 *N
Site   237 dN/dS =      0.15120 Full Log(L) =     -9.06937 LRT =      1.59954 p-value =      0.10298
Site   238 dN/dS =      0.02773 Full Log(L) =     -7.47348 LRT =      5.20604 p-value =      0.01125 *N
Site   239 dN/dS =      0.14475 Full Log(L) =     -7.81569 LRT =      3.18062 p-value =      0.03726 *N
Site   240 dN/dS =      0.16024 Full Log(L) =     -8.21001 LRT =      2.45412 p-value =      0.05861 *N
Site   241 dN/dS =      0.52145 Full Log(L) =    -25.47733 LRT =      0.32184 p-value =      0.28525
Site   242 dN/dS =      0.15852 Full Log(L) =     -9.00444 LRT =      2.97033 p-value =      0.04240 *N
Site   243 dN/dS =      0.02656 Full Log(L) =     -7.83705 LRT =      5.13008 p-value =      0.01176 *N
Site   244 dN/dS =      0.23456 Full Log(L) =     -8.46295 LRT =      2.66892 p-value =      0.05116 *N
Site   245 dN/dS =      0.14470 Full Log(L) =     -8.50997 LRT =      2.39793 p-value =      0.06075 *N
Site   246 dN/dS =      0.13269 Full Log(L) =     -9.33021 LRT =      2.78134 p-value =      0.04768 *N
Site   247 dN/dS =      0.08926 Full Log(L) =    -14.82698 LRT =      4.04641 p-value =      0.02213 *N
Site   248 dN/dS =      0.00000 Full Log(L) =    -11.08598 LRT =      8.34525 p-value =      0.00193 *N
Site   249 dN/dS =      0.15098 Full Log(L) =    -15.79544 LRT =      3.08031 p-value =      0.03962 *N
Site   250 dN/dS =      0.26228 Full Log(L) =    -15.32170 LRT =      2.10171 p-value =      0.07357 *N
Site   251 dN/dS =      0.12262 Full Log(L) =    -16.93232 LRT =      2.73176 p-value =      0.04919 *N
Site   252 dN/dS =      0.02746 Full Log(L) =     -7.81217 LRT =      5.65815 p-value =      0.00869 *N
Site   253 dN/dS =      0.10839 Full Log(L) =     -9.77180 LRT =      2.77502 p-value =      0.04787 *N
Site   254 dN/dS =      0.03736 Full Log(L) =    -33.65541 LRT =      4.76633 p-value =      0.01451 *N
Site   255 dN/dS =      0.00000 Full Log(L) =     -6.14968 LRT =      9.73275 p-value =      0.00091 *N
Site   256 dN/dS =      0.74707 Full Log(L) =    -22.87892 LRT =      0.09938 p-value =      0.37629
Site   257 dN/dS =      0.66322 Full Log(L) =    -16.72324 LRT =      0.23079 p-value =      0.31547
Site   258 dN/dS =      0.09874 Full Log(L) =     -8.71899 LRT =      3.49152 p-value =      0.03084 *N
Site   259 dN/dS =      3.65079 Full Log(L) =    -31.41869 LRT =      4.52225 p-value =      0.01673 *P
Site   260 dN/dS =      0.45704 Full Log(L) =    -18.55469 LRT =      0.63704 p-value =      0.21239
Site   261 dN/dS =      0.14617 Full Log(L) =    -10.08671 LRT =      3.12750 p-value =      0.03849 *N
Site   262 dN/dS =      0.63310 Full Log(L) =    -15.74869 LRT =      0.25069 p-value =      0.30829
Site   263 dN/dS =      0.26920 Full Log(L) =     -9.46115 LRT =      2.42430 p-value =      0.05973 *N
Site   264 dN/dS =      0.33145 Full Log(L) =     -8.58197 LRT =      1.33782 p-value =      0.12371
Site   265 dN/dS =      0.12122 Full Log(L) =     -8.15043 LRT =      4.05266 p-value =      0.02205 *N
Site   266 dN/dS =      1.09850 Full Log(L) =    -21.56020 LRT =      0.01699 p-value =      0.44814
Site   267 dN/dS =      0.32795 Full Log(L) =     -9.29814 LRT =      1.34530 p-value =      0.12305
Site   268 dN/dS =      0.09400 Full Log(L) =     -7.66443 LRT =      3.84136 p-value =      0.02500 *N
Site   269 dN/dS =      0.51814 Full Log(L) =    -23.14142 LRT =      0.44728 p-value =      0.25182
Site   270 dN/dS =      0.07318 Full Log(L) =    -15.35268 LRT =      2.87782 p-value =      0.04490 *N
Site   271 dN/dS =      0.09735 Full Log(L) =     -7.52732 LRT =      3.25872 p-value =      0.03552 *N
Site   272 dN/dS =      0.10461 Full Log(L) =     -9.26469 LRT =      3.63584 p-value =      0.02827 *N
Site   273 dN/dS =      0.18145 Full Log(L) =    -19.78367 LRT =      2.43805 p-value =      0.05921 *N
Site   274 dN/dS =      0.13870 Full Log(L) =     -9.52587 LRT =      2.44417 p-value =      0.05898 *N
Site   275 dN/dS =      0.27106 Full Log(L) =    -16.42285 LRT =      2.21676 p-value =      0.06826 *N
Site   276 dN/dS =      0.16131 Full Log(L) =     -9.75759 LRT =      2.67168 p-value =      0.05107 *N
Site   277 dN/dS =      0.06484 Full Log(L) =    -16.30513 LRT =      4.13941 p-value =      0.02095 *N
Site   278 dN/dS =      0.15224 Full Log(L) =    -14.34114 LRT =      2.37106 p-value =      0.06180 *N
Site   279 dN/dS =      0.11233 Full Log(L) =     -9.42889 LRT =      2.79550 p-value =      0.04726 *N
Site   280 dN/dS =      0.13953 Full Log(L) =     -8.36043 LRT =      2.58682 p-value =      0.05388 *N
Site   281 dN/dS =      0.26292 Full Log(L) =    -10.22915 LRT =      2.41440 p-value =      0.06011 *N
Site   282 dN/dS =      0.02520 Full Log(L) =     -6.92865 LRT =      6.28683 p-value =      0.00608 *N
Site   283 dN/dS =      0.06485 Full Log(L) =    -20.84993 LRT =      4.13586 p-value =      0.02099 *N
Site   284 dN/dS =      0.03315 Full Log(L) =    -23.30873 LRT =      5.69771 p-value =      0.00849 *N
Site   285 dN/dS =      0.27070 Full Log(L) =     -9.37114 LRT =      2.08098 p-value =      0.07457 *N
Site   286 dN/dS =      0.52276 Full Log(L) =    -17.99554 LRT =      0.52639 p-value =      0.23406
Site   287 dN/dS =      0.62747 Full Log(L) =    -18.14153 LRT =      0.25466 p-value =      0.30691
Site   288 dN/dS =      0.28488 Full Log(L) =     -9.36802 LRT =      1.92147 p-value =      0.08285 *N
Site   289 dN/dS =      0.14568 Full Log(L) =    -25.23462 LRT =      2.52047 p-value =      0.05619 *N
Site   290 dN/dS =      0.19825 Full Log(L) =     -8.99960 LRT =      1.62760 p-value =      0.10102
Site   291 dN/dS =      0.27950 Full Log(L) =     -9.22908 LRT =      2.03002 p-value =      0.07711 *N
Site   292 dN/dS =      0.02831 Full Log(L) =    -13.65415 LRT =      5.46750 p-value =      0.00969 *N
Site   293 dN/dS =      0.16841 Full Log(L) =     -8.40603 LRT =      2.47302 p-value =      0.05791 *N
Site   294 dN/dS =      0.48706 Full Log(L) =    -24.50444 LRT =      0.54905 p-value =      0.22935
Site   295 dN/dS =      0.65403 Full Log(L) =    -28.48212 LRT =      0.22884 p-value =      0.31619
Site   296 dN/dS =      0.10620 Full Log(L) =     -9.01505 LRT =      2.70474 p-value =      0.05003 *N
Site   297 dN/dS =      0.23402 Full Log(L) =    -48.67623 LRT =      1.80028 p-value =      0.08984 *N
Site   298 dN/dS =      0.14871 Full Log(L) =    -10.00038 LRT =      3.18124 p-value =      0.03724 *N
Site   299 dN/dS =      0.27373 Full Log(L) =     -9.26356 LRT =      2.11440 p-value =      0.07296 *N
Site   300 dN/dS =      0.28291 Full Log(L) =    -10.20946 LRT =      1.92283 p-value =      0.08277 *N
Site   301 dN/dS =      0.27016 Full Log(L) =    -15.53573 LRT =      2.21809 p-value =      0.06820 *N
Site   302 dN/dS =      0.03115 Full Log(L) =     -7.24646 LRT =      5.42422 p-value =      0.00993 *N
Site   303 dN/dS =      0.06424 Full Log(L) =    -14.99477 LRT =      4.44660 p-value =      0.01749 *N
Site   304 dN/dS =      0.57599 Full Log(L) =    -22.49797 LRT =      0.28451 p-value =      0.29688
Site   305 dN/dS =      0.08241 Full Log(L) =    -22.93995 LRT =      1.90075 p-value =      0.08400 *N
Site   306 dN/dS =      0.15339 Full Log(L) =     -8.83808 LRT =      2.55860 p-value =      0.05485 *N
Site   307 dN/dS =      0.62901 Full Log(L) =    -25.24503 LRT =      0.24053 p-value =      0.31191
Site   308 dN/dS =      0.35346 Full Log(L) =    -17.35854 LRT =      0.96997 p-value =      0.16234
Site   309 dN/dS =      0.13789 Full Log(L) =     -8.23207 LRT =      2.50967 p-value =      0.05657 *N
Site   310 dN/dS =      0.00000 Full Log(L) =     -7.02355 LRT =      7.21610 p-value =      0.00361 *N
Site   311 dN/dS =      0.16273 Full Log(L) =    -16.43628 LRT =      2.67849 p-value =      0.05086 *N
Site   312 dN/dS =      0.63989 Full Log(L) =    -14.56872 LRT =      0.23267 p-value =      0.31478
Site   313 dN/dS =      0.15244 Full Log(L) =    -32.49753 LRT =      3.15365 p-value =      0.03788 *N
Site   314 dN/dS =      0.08347 Full Log(L) =     -9.05690 LRT =      4.35721 p-value =      0.01843 *N
Site   315 dN/dS =      0.00000 Full Log(L) =    -15.47242 LRT =      9.00408 p-value =      0.00135 *N
Site   316 dN/dS =      1.15143 Full Log(L) =    -28.97327 LRT =      0.03794 p-value =      0.42278
Site   317 dN/dS =      0.06088 Full Log(L) =    -15.75744 LRT =      3.09874 p-value =      0.03918 *N
Site   318 dN/dS =      0.07805 Full Log(L) =    -15.30333 LRT =      3.61224 p-value =      0.02868 *N
Site   319 dN/dS =      1.26428 Full Log(L) =    -27.48104 LRT =      0.10019 p-value =      0.37580
Site   320 dN/dS =      0.11157 Full Log(L) =     -8.58566 LRT =      2.50232 p-value =      0.05684 *N
Site   321 dN/dS =      0.17199 Full Log(L) =     -8.74009 LRT =      2.34037 p-value =      0.06303 *N
Site   322 dN/dS =      0.15592 Full Log(L) =     -8.78743 LRT =      2.82102 p-value =      0.04652 *N
Site   323 dN/dS =      0.14225 Full Log(L) =    -15.04749 LRT =      2.13464 p-value =      0.07200 *N
Site   324 dN/dS =      0.28276 Full Log(L) =     -8.66826 LRT =      1.52096 p-value =      0.10874
Site   325 dN/dS =      0.35015 Full Log(L) =     -8.70013 LRT =      0.98581 p-value =      0.16038
Site   326 dN/dS =      0.06148 Full Log(L) =    -13.30917 LRT =      3.58476 p-value =      0.02916 *N
Site   327 dN/dS =      0.18377 Full Log(L) =     -8.03436 LRT =      1.65549 p-value =      0.09911 *N
Site   328 dN/dS =      0.14439 Full Log(L) =     -8.89119 LRT =      1.66209 p-value =      0.09866 *N
Site   329 dN/dS =      0.17738 Full Log(L) =    -25.30703 LRT =      1.66458 p-value =      0.09849 *N
Site   330 dN/dS =      0.18172 Full Log(L) =    -15.39722 LRT =      1.80896 p-value =      0.08932 *N
Site   331 dN/dS =      0.06155 Full Log(L) =     -8.31013 LRT =      2.17739 p-value =      0.07003 *N
Site   332 dN/dS =      0.00000 Full Log(L) =     -3.75280 LRT =      2.44046 p-value =      0.05912 *N
Site   333 dN/dS =      0.00000 Full Log(L) =     -3.87875 LRT =      2.20996 p-value =      0.06856 *N
Site   334 dN/dS =      0.00000 Full Log(L) =     -3.85446 LRT =      2.03781 p-value =      0.07672 *N
Site   335 dN/dS =      0.00000 Full Log(L) =     -8.62388 LRT =      2.47113 p-value =      0.05798 *N
Site   336 dN/dS =      0.00000 Full Log(L) =     -4.46216 LRT =      1.14517 p-value =      0.14228
Site   337 dN/dS =      0.00000 Full Log(L) =     -9.61470 LRT =      2.20983 p-value =      0.06857 *N
Site   338 dN/dS =      0.00000 Full Log(L) =     -4.34520 LRT =      2.10135 p-value =      0.07358 *N
Site   339 dN/dS =      0.00000 Full Log(L) =     -4.11948 LRT =      2.66661 p-value =      0.05124 *N
Site   340 dN/dS =      0.00000 Full Log(L) =     -4.95147 LRT =      1.86597 p-value =      0.08597 *N
Site   341 dN/dS =      0.00000 Full Log(L) =     -4.11929 LRT =      2.05530 p-value =      0.07584 *N
Site   342 dN/dS =      0.00000 Full Log(L) =     -4.62451 LRT =      2.19031 p-value =      0.06944 *N
Site   343 dN/dS =      0.00000 Full Log(L) =     -4.46216 LRT =      1.01500 p-value =      0.15685
Site   344 dN/dS =      0.00000 Full Log(L) =     -4.21087 LRT =      1.46116 p-value =      0.11337
Site   345 dN/dS =      0.00000 Full Log(L) =     -4.62451 LRT =      2.19031 p-value =      0.06944 *N
Site   346 dN/dS =      4.60403 Full Log(L) =    -24.81369 LRT =      4.48587 p-value =      0.01709 *P
Site   347 dN/dS =      3.49387 Full Log(L) =    -31.20407 LRT =      3.13518 p-value =      0.03831 *P
Site   348 dN/dS =      4.63354 Full Log(L) =    -36.73480 LRT =      5.94293 p-value =      0.00739 *P
Site   349 dN/dS =      0.00000 Full Log(L) =     -4.20443 LRT =      1.04120 p-value =      0.15377
Site   350 dN/dS =      0.00000 Full Log(L) =     -3.77547 LRT =      1.60559 p-value =      0.10256
Site   351 dN/dS =      0.00000 Full Log(L) =     -4.67580 LRT =      1.35402 p-value =      0.12229
Site   352 dN/dS =      0.00000 Full Log(L) =     -4.42504 LRT =      1.74120 p-value =      0.09349 *N
Site   353 dN/dS =      0.00000 Full Log(L) =     -4.30500 LRT =      1.86783 p-value =      0.08586 *N
Site   354 dN/dS =      2.08159 Full Log(L) =    -16.76468 LRT =      0.84816 p-value =      0.17854
Site   355 dN/dS =      0.00000 Full Log(L) =     -4.30500 LRT =      1.86783 p-value =      0.08586 *N
Site   356 dN/dS =      0.00000 Full Log(L) =     -4.20443 LRT =      1.04120 p-value =      0.15377
Site   357 dN/dS =      0.00000 Full Log(L) =    -10.86226 LRT =      1.71781 p-value =      0.09499 *N
Site   358 dN/dS =      0.00000 Full Log(L) =     -4.39125 LRT =      1.71781 p-value =      0.09499 *N
Site   359 dN/dS =      0.00000 Full Log(L) =     -4.08262 LRT =      1.82691 p-value =      0.08825 *N
Site   360 dN/dS =      1.34906 Full Log(L) =    -12.61026 LRT =      0.08103 p-value =      0.38795
Site   361 dN/dS =      0.00000 Full Log(L) =     -3.50627 LRT =      1.51986 p-value =      0.10882
Site   362 dN/dS =      0.00000 Full Log(L) =    -10.08191 LRT =      1.88978 p-value =      0.08461 *N
Site   363 dN/dS =      0.00000 Full Log(L) =     -4.35664 LRT =      1.49649 p-value =      0.11061
Site   364 dN/dS =      0.00000 Full Log(L) =     -4.20443 LRT =      1.04120 p-value =      0.15377
Site   365 dN/dS =      0.00000 Full Log(L) =    -10.86223 LRT =      1.71781 p-value =      0.09499 *N
Site   366 dN/dS =      0.00000 Full Log(L) =     -4.39125 LRT =      1.71781 p-value =      0.09499 *N
Site   367 dN/dS =      0.00000 Full Log(L) =    -25.18171 LRT =      1.49954 p-value =      0.11037
Site   368 dN/dS =      2.54721 Full Log(L) =    -25.39628 LRT =      1.32496 p-value =      0.12485
Site   369 dN/dS =      0.00000 Full Log(L) =     -4.20443 LRT =      1.04120 p-value =      0.15377
Site   370 dN/dS =      0.00000 Full Log(L) =     -4.29252 LRT =      1.50059 p-value =      0.11029
Site   371 dN/dS =      0.00000 Full Log(L) =     -3.77547 LRT =      1.60559 p-value =      0.10256
Site   372 dN/dS =      0.00000 Full Log(L) =     -4.91665 LRT =      1.94688 p-value =      0.08146 *N
Site   373 dN/dS =      0.00000 Full Log(L) =     -4.11789 LRT =      1.51989 p-value =      0.10882
Site   374 dN/dS =      0.00000 Full Log(L) =     -5.58769 LRT =      0.87956 p-value =      0.17416
Site   375 dN/dS =      0.00000 Full Log(L) =     -3.77547 LRT =      1.60559 p-value =      0.10256
Site   376 dN/dS =      0.00000 Full Log(L) =    -10.56138 LRT =      1.82880 p-value =      0.08813 *N
Site   377 dN/dS =      0.00000 Full Log(L) =     -5.03393 LRT =      0.92793 p-value =      0.16770
Site   378 dN/dS =      0.00000 Full Log(L) =     -4.29252 LRT =      1.50059 p-value =      0.11029
Site   379 dN/dS =      0.00000 Full Log(L) =     -4.91665 LRT =      1.94688 p-value =      0.08146 *N
Site   380 dN/dS =      0.00000 Full Log(L) =     -3.50627 LRT =      1.51986 p-value =      0.10882
Site   381 dN/dS =      0.00000 Full Log(L) =     -4.43395 LRT =      1.49649 p-value =      0.11061
Site   382 dN/dS =      0.00000 Full Log(L) =     -3.85278 LRT =      1.60559 p-value =      0.10256
Site   383 dN/dS =      0.00000 Full Log(L) =     -4.42504 LRT =      1.74120 p-value =      0.09349 *N
Site   384 dN/dS =      0.00000 Full Log(L) =     -3.50627 LRT =      1.51986 p-value =      0.10882
Site   385 dN/dS =      1.39553 Full Log(L) =    -11.48410 LRT =      0.09931 p-value =      0.37633
Site   386 dN/dS =      0.00000 Full Log(L) =     -9.65712 LRT =      1.65478 p-value =      0.09915 *N
Site   387 dN/dS =      0.00000 Full Log(L) =    -10.12534 LRT =      1.04110 p-value =      0.15378
Site   388 dN/dS =      0.00000 Full Log(L) =    -11.19044 LRT =      1.50058 p-value =      0.11029
Site   389 dN/dS =      0.00000 Full Log(L) =     -3.81342 LRT =      1.74117 p-value =      0.09350 *N
Site   390 dN/dS =      0.00000 Full Log(L) =     -9.18266 LRT =      1.51972 p-value =      0.10883
Site   391 dN/dS =      0.00000 Full Log(L) =    -10.28338 LRT =      1.74111 p-value =      0.09350 *N
Site   392 dN/dS =      0.00000 Full Log(L) =     -4.56118 LRT =      1.45912 p-value =      0.11354
Site   393 dN/dS =      1.71495 Full Log(L) =    -11.87534 LRT =      0.24378 p-value =      0.31074
Site   394 dN/dS =      0.00000 Full Log(L) =     -8.57443 LRT =      1.74081 p-value =      0.09352 *N
Site   395 dN/dS =      0.00000 Full Log(L) =    -24.54613 LRT =      1.65859 p-value =      0.09890 *N
Site   396 dN/dS =      0.00000 Full Log(L) =     -3.81342 LRT =      1.74117 p-value =      0.09350 *N
Site   397 dN/dS =      0.00000 Full Log(L) =     -4.91665 LRT =      1.94688 p-value =      0.08146 *N
Site   398 dN/dS =      0.00000 Full Log(L) =    -17.19680 LRT =      1.76154 p-value =      0.09222 *N
Site   399 dN/dS =      0.00000 Full Log(L) =     -4.21521 LRT =      1.50059 p-value =      0.11029
Site   400 dN/dS =      0.00000 Full Log(L) =    -10.81576 LRT =      1.04117 p-value =      0.15378
Site   401 dN/dS =      0.00000 Full Log(L) =     -4.15993 LRT =      1.82691 p-value =      0.08825 *N
Site   402 dN/dS =      0.00000 Full Log(L) =    -19.63071 LRT =      1.48667 p-value =      0.11137
Site   403 dN/dS =      0.00000 Full Log(L) =     -4.42504 LRT =      1.74120 p-value =      0.09349 *N
Site   404 dN/dS =      0.00000 Full Log(L) =     -3.50627 LRT =      1.51986 p-value =      0.10882
Site   405 dN/dS =      0.00000 Full Log(L) =     -4.09463 LRT =      1.29880 p-value =      0.12722
Site   406 dN/dS =      1.20913 Full Log(L) =    -12.48430 LRT =      0.03373 p-value =      0.42714
Site   407 dN/dS =      0.00000 Full Log(L) =     -4.42504 LRT =      1.74120 p-value =      0.09349 *N
Site   408 dN/dS =      0.00000 Full Log(L) =     -4.15993 LRT =      1.82691 p-value =      0.08825 *N
Site   409 dN/dS =      0.00000 Full Log(L) =    -19.21152 LRT =      1.49649 p-value =      0.11061
Site   410 dN/dS =      0.00000 Full Log(L) =     -3.50627 LRT =      1.51986 p-value =      0.10882
Site   411 dN/dS =      0.00000 Full Log(L) =     -3.73155 LRT =      1.92283 p-value =      0.08277 *N
Site   412 dN/dS =      0.00000 Full Log(L) =     -4.08262 LRT =      1.82691 p-value =      0.08825 *N
Site   413 dN/dS =      0.00000 Full Log(L) =     -5.02234 LRT =      1.48667 p-value =      0.11137
Site   414 dN/dS =      0.00000 Full Log(L) =     -4.46216 LRT =      0.90213 p-value =      0.17111
Site   415 dN/dS =      0.00000 Full Log(L) =     -4.40326 LRT =      1.17241 p-value =      0.13945
Site   416 dN/dS =      0.00000 Full Log(L) =     -4.17194 LRT =      1.29880 p-value =      0.12722
Site   417 dN/dS =      0.00000 Full Log(L) =     -3.85278 LRT =      1.60559 p-value =      0.10256
Site   418 dN/dS =      0.00000 Full Log(L) =    -11.69905 LRT =      1.71781 p-value =      0.09499 *N
Site   419 dN/dS =      1.15221 Full Log(L) =    -14.24014 LRT =      0.01906 p-value =      0.44510
Site   420 dN/dS =      0.00000 Full Log(L) =    -10.12694 LRT =      1.48667 p-value =      0.11137
Site   421 dN/dS =      1.37206 Full Log(L) =    -11.72118 LRT =      0.08996 p-value =      0.38211
Site   422 dN/dS =      0.00000 Full Log(L) =     -4.55402 LRT =      1.65859 p-value =      0.09890 *N
Site   423 dN/dS =      0.00000 Full Log(L) =     -4.74110 LRT =      1.71781 p-value =      0.09499 *N
Site   424 dN/dS =      0.00000 Full Log(L) =    -10.66903 LRT =      0.87956 p-value =      0.17416
Site   425 dN/dS =      0.00000 Full Log(L) =     -4.42504 LRT =      1.74120 p-value =      0.09349 *N
Site   426 dN/dS =      0.00000 Full Log(L) =     -3.85278 LRT =      1.60559 p-value =      0.10256
Site   427 dN/dS =      0.00000 Full Log(L) =     -4.20443 LRT =      1.04120 p-value =      0.15377
Site   428 dN/dS =      0.00000 Full Log(L) =     -4.47363 LRT =      1.65499 p-value =      0.09914 *N
Site   429 dN/dS =      0.00000 Full Log(L) =     -4.08410 LRT =      1.49649 p-value =      0.11061
Site   430 dN/dS =      0.00000 Full Log(L) =     -4.21521 LRT =      1.50059 p-value =      0.11029
Site   431 dN/dS =      0.00000 Full Log(L) =     -8.02816 LRT =      1.82620 p-value =      0.08829 *N
Site   432 dN/dS =      0.00000 Full Log(L) =     -9.81047 LRT =      0.87892 p-value =      0.17425
Site   433 dN/dS =      0.00000 Full Log(L) =     -4.35664 LRT =      1.49649 p-value =      0.11061
Site   434 dN/dS =      0.00000 Full Log(L) =    -11.07334 LRT =      1.82688 p-value =      0.08825 *N
Site   435 dN/dS =      1.71330 Full Log(L) =    -13.83800 LRT =      0.24299 p-value =      0.31103
Site   436 dN/dS =      0.00000 Full Log(L) =     -3.81342 LRT =      1.74117 p-value =      0.09350 *N
Site   437 dN/dS =      0.00000 Full Log(L) =     -4.11948 LRT =      2.37025 p-value =      0.06183 *N
Site   438 dN/dS =      0.00000 Full Log(L) =     -3.85278 LRT =      1.60559 p-value =      0.10256
Site   439 dN/dS =      0.00000 Full Log(L) =     -3.50627 LRT =      1.51986 p-value =      0.10882
Site   440 dN/dS =      0.00000 Full Log(L) =    -14.80044 LRT =      0.88080 p-value =      0.17399
Site   441 dN/dS =      0.00000 Full Log(L) =     -4.48387 LRT =      1.45912 p-value =      0.11354
Site   442 dN/dS =      0.00000 Full Log(L) =     -3.81342 LRT =      1.74117 p-value =      0.09350 *N
Site   443 dN/dS =      5.28207 Full Log(L) =    -33.12456 LRT =      6.74463 p-value =      0.00470 *P
Site   444 dN/dS =      0.00000 Full Log(L) =     -9.14415 LRT =      1.49649 p-value =      0.11061
Site   445 dN/dS =      0.00000 Full Log(L) =     -7.77884 LRT =      1.51921 p-value =      0.10887
Site   446 dN/dS =      0.00000 Full Log(L) =     -4.11789 LRT =      1.51989 p-value =      0.10882
Site   447 dN/dS =      0.00000 Full Log(L) =     -4.20443 LRT =      1.04120 p-value =      0.15377
Site   448 dN/dS =      0.00000 Full Log(L) =     -5.58769 LRT =      0.87956 p-value =      0.17416
Site   449 dN/dS =      0.00000 Full Log(L) =    -10.15311 LRT =      1.82739 p-value =      0.08822 *N
Site   450 dN/dS =      0.00000 Full Log(L) =     -3.81342 LRT =      1.74117 p-value =      0.09350 *N
Site   451 dN/dS =      0.00000 Full Log(L) =     -3.77547 LRT =      1.