

______________READ THE FOLLOWING DATA______________
282 species:{EU501657,CY054202,EU501840,EU501654,CY054207,EU501652,EU502207,CY003048,CY054209,CY003416,EU502203,EU501710,EU501658,EU501841,JF710725,CY054120,JF710724,EU501529,EF473337,EU502191,EU502193,CY002016,EU501527,CY002424,CY026100,CY026103,CY026102,EU502119,EU502118,CY026106,CY026109,CY026108,CY019301,EU502298,CY002584,EU501701,EU501469,CY054234,CY003640,EU501851,CY054233,EU501707,EU501709,EU501708,CY003648,EU502278,JX239580,JX239583,JX239582,CY054131,EU502506,CY054133,CY054132,CY054134,CY054137,EU501711,CY002064,CY002720,JX239572,EU501666,EU502283,EU502286,EU502345,EU501398,EU502184,EU501664,EU502502,EU501665,CY002736,EU501412,JX239570,EU502309,EU501776,EU502409,EU501770,JX239575,JX239576,EU501609,JX239578,EU501779,EU501475,CY054144,EU501821,CY002480,CY002488,CY002240,CY026081,CY026082,CY026084,CY091429,CY026086,EU501511,CY026088,AB434109,CY019165,CY054218,CY002728,EU501389,EU502378,EU502375,EU502374,EU501386,CY008516,AB289671,AB289670,EU501767,EU501766,EU502310,JX239567,EU501762,EU501761,EU501626,EU501446,FJ794166,JX239569,JX239568,FJ794163,FJ794162,FJ794161,EU501768,CY091125,CY002048,EU501830,CY090981,EU501486,EU501839,EU501607,EU502247,CY026093,CY026092,CY026091,CY026090,CY002256,CY026095,CY026094,EU501578,CY026098,CY006076,EU502414,EU502410,EU502385,EU502412,EU502418,EU502419,EU501738,EU502120,FJ794157,JX239571,FJ794158,EU502325,EU501595,CY002192,EU502228,CY009268,JX239574,CY002184,CY002056,CY002040,EU501808,CY026101,CY002264,AB243867,CY002032,EU501680,CY092217,CY002456,EU501685,EU501686,EU502394,EU502252,CY026105,EU502256,CY003664,EU502254,EU502255,EU502238,EU502330,EU502135,EU502335,CY054178,EU502337,CY054175,EU501627,EU502232,EU502233,CY054173,EU501816,CY054254,CY006291,CY091005,EU502121,EU502306,CY002408,EU501413,CY006371,AB243873,AB243872,AB243871,AB243870,CY026096,CY091133,EU502432,CY002464,EU502431,CY002024,EU502400,CY090989,EU501513,EU501696,EU501695,JF972562,CY002472,EU501750,EU502112,CY026099,CY054241,CY054180,EU501739,CY002416,CY003040,EU501700,CY019253,EU502227,EU502244,EU501736,EU501737,EU502289,CY002208,CY003056,EU501699,EU502230,CY003408,EU502428,FJ794164,EU502424,EU501580,EU502426,EU501704,EU501687,CY002280,CY006435,CY002760,CY002600,EU502504,EU502505,CY090997,CY002440,EU501644,EU501646,EU501728,EU501642,CY019269,EU501723,CY003336,EU501720,EU501726,EU502210,EU502170,CY003032,EU106667,EU501620,CY002080,CY006131,CY054216,CY002216,CY054172,CY002072,EU502192,CY054237,CY002008,FJ794159,EU501485,CY002000,EU502511,EU502510,EU501534,EU502512,EU502248,CY002592,EU502427,CY026110,CY002432};
Total Sites:1698;
Distinct Sites:402

Phase 1:Nucleotide Model (010010) Model Fit


-7020.2607454175

Phase 2:MG94x(010010) Model Fit



Phase 3:Estimating dN/dS


Nuc->codon scaling factor:2.009411824539974
Raw scaling factor:2.009411824539974
Tree scaling factor(S): 1

Using dN/dS=0.3107512683045346
Codon model:-6851.59857455824

Phase 4: Ancestral State Reconstruction and Counting

<<Significance level for Likelihood Ratio Tests (permissible range = [0,1], default value = 0.1)>>Site     1 dN/dS =      0.00000 Full Log(L) =     -4.14757 LRT =      1.63021 p-value =      0.10084
Site     2 dN/dS =      0.00000 Full Log(L) =     -4.06235 LRT =      1.05415 p-value =      0.15228
Site     3 dN/dS =      0.00000 Full Log(L) =     -4.24930 LRT =      1.02146 p-value =      0.15609
Site     4 dN/dS =      0.00000 Full Log(L) =     -4.20231 LRT =      1.04365 p-value =      0.15349
Site     5 dN/dS =      1.93811 Full Log(L) =    -11.89422 LRT =      0.35354 p-value =      0.27606
Site     6 dN/dS =      0.00000 Full Log(L) =     -4.56389 LRT =      1.16341 p-value =      0.14038
Site     7 dN/dS =      0.00000 Full Log(L) =    -10.50174 LRT =      0.68675 p-value =      0.20364
Site     8 dN/dS =      0.00000 Full Log(L) =     -4.16203 LRT =      1.27952 p-value =      0.12899
Site     9 dN/dS =      0.00000 Full Log(L) =     -4.09244 LRT =      0.93931 p-value =      0.16623
Site    10 dN/dS =      1.92855 Full Log(L) =    -16.93640 LRT =      0.34879 p-value =      0.27740
Site    11 dN/dS =      0.00000 Full Log(L) =     -4.66243 LRT =      0.64355 p-value =      0.21121
Site    12 dN/dS =      0.00000 Full Log(L) =     -4.36844 LRT =      1.14351 p-value =      0.14246
Site    13 dN/dS =      0.00000 Full Log(L) =    -10.86916 LRT =      0.64355 p-value =      0.21121
Site    14 dN/dS =      0.00000 Full Log(L) =     -4.47770 LRT =      1.13267 p-value =      0.14360
Site    15 dN/dS =      0.00000 Full Log(L) =    -15.95782 LRT =      1.07807 p-value =      0.14956
Site    16 dN/dS =      1.73519 Full Log(L) =    -25.86514 LRT =      0.25371 p-value =      0.30724
Site    17 dN/dS =      1.00000 Full Log(L) =      0.00000 LRT =      0.00000 p-value =      1.00000
Site    18 dN/dS =      1.90663 Full Log(L) =    -37.37669 LRT =      1.35067 p-value =      0.12258
Site    19 dN/dS =      1.44500 Full Log(L) =    -30.07379 LRT =      0.35970 p-value =      0.27434
Site    20 dN/dS =      0.00000 Full Log(L) =    -18.86349 LRT =      4.29303 p-value =      0.01913 *N
Site    21 dN/dS =      0.00000 Full Log(L) =    -12.02670 LRT =      4.86003 p-value =      0.01374 *N
Site    22 dN/dS =      0.89296 Full Log(L) =    -31.65446 LRT =      0.02652 p-value =      0.43532
Site    23 dN/dS =      0.39389 Full Log(L) =    -11.83002 LRT =      1.21069 p-value =      0.13560
Site    24 dN/dS =      1.00000 Full Log(L) =      0.00000 LRT =      0.00000 p-value =      1.00000
Site    25 dN/dS =      1.98349 Full Log(L) =    -45.43795 LRT =      1.88098 p-value =      0.08511 *P
Site    26 dN/dS =      0.48631 Full Log(L) =    -11.10917 LRT =      0.66875 p-value =      0.20674
Site    27 dN/dS =      1.00000 Full Log(L) =      0.00000 LRT =      0.00000 p-value =      1.00000
Site    28 dN/dS =      0.98185 Full Log(L) =    -31.34326 LRT =      0.00067 p-value =      0.48965
Site    29 dN/dS =      0.00000 Full Log(L) =    -27.38363 LRT =      2.57828 p-value =      0.05417 *N
Site    30 dN/dS =      1.00000 Full Log(L) =      0.00000 LRT =      0.00000 p-value =      1.00000
Site    31 dN/dS =      0.48000 Full Log(L) =    -20.83112 LRT =      0.69713 p-value =      0.20187
Site    32 dN/dS =      1.00000 Full Log(L) =      0.00000 LRT =      0.00000 p-value =      1.00000
Site    33 dN/dS =      0.00000 Full Log(L) =    -12.00690 LRT =      4.71986 p-value =      0.01491 *N
Site    34 dN/dS =      1.00000 Full Log(L) =      0.00000 LRT =      0.00000 p-value =      1.00000
Site    35 dN/dS =      0.00000 Full Log(L) =    -11.04554 LRT =      4.64956 p-value =      0.01553 *N
Site    36 dN/dS =      0.44163 Full Log(L) =    -18.28409 LRT =      0.89171 p-value =      0.17251
Site    37 dN/dS =      1.00000 Full Log(L) =      0.00000 LRT =      0.00000 p-value =      1.00000
Site    38 dN/dS =      1.00000 Full Log(L) =      0.00000 LRT =      0.00000 p-value =      1.00000
Site    39 dN/dS =      0.00000 Full Log(L) =    -11.59551 LRT =      4.86315 p-value =      0.01372 *N
Site    40 dN/dS =      0.48979 Full Log(L) =    -24.12422 LRT =      0.65380 p-value =      0.20938
Site    41 dN/dS =      0.38457 Full Log(L) =    -25.55339 LRT =      1.28134 p-value =      0.12883
Site    42 dN/dS =      0.00000 Full Log(L) =    -11.97315 LRT =      4.52670 p-value =      0.01668 *N
Site    43 dN/dS =      0.47450 Full Log(L) =    -11.12100 LRT =      0.72137 p-value =      0.19785
Site    44 dN/dS =      1.00000 Full Log(L) =      0.00000 LRT =      0.00000 p-value =      1.00000
Site    45 dN/dS =      0.48005 Full Log(L) =    -19.59955 LRT =      0.69633 p-value =      0.20201
Site    46 dN/dS =      0.48967 Full Log(L) =    -27.36253 LRT =      0.65429 p-value =      0.20929
Site    47 dN/dS =      0.88806 Full Log(L) =    -17.83784 LRT =      0.02922 p-value =      0.43214
Site    48 dN/dS =      0.00000 Full Log(L) =    -15.18695 LRT =      5.07582 p-value =      0.01213 *N
Site    49 dN/dS =      1.00000 Full Log(L) =      0.00000 LRT =      0.00000 p-value =      1.00000
Site    50 dN/dS =      0.47931 Full Log(L) =    -10.43397 LRT =      0.69979 p-value =      0.20143
Site    51 dN/dS =      1.00000 Full Log(L) =      0.00000 LRT =      0.00000 p-value =      1.00000
Site    52 dN/dS =      0.88478 Full Log(L) =    -23.55560 LRT =      0.03113 p-value =      0.42998
Site    53 dN/dS =      1.00000 Full Log(L) =      0.00000 LRT =      0.00000 p-value =      1.00000
Site    54 dN/dS =      0.00000 Full Log(L) =     -8.76261 LRT =      4.50843 p-value =      0.01686 *N
Site    55 dN/dS =      0.00000 Full Log(L) =    -28.57514 LRT =      4.64956 p-value =      0.01553 *N
Site    56 dN/dS =      0.00000 Full Log(L) =    -12.82614 LRT =      4.08228 p-value =      0.02167 *N
Site    57 dN/dS =      0.00000 Full Log(L) =    -22.18169 LRT =      4.77979 p-value =      0.01440 *N
Site    58 dN/dS =      0.00000 Full Log(L) =    -17.41035 LRT =      2.57509 p-value =      0.05428 *N
Site    59 dN/dS =      0.44190 Full Log(L) =    -17.30804 LRT =      0.89018 p-value =      0.17271
Site    60 dN/dS =      0.00000 Full Log(L) =    -15.11088 LRT =      3.09335 p-value =      0.03931 *N
Site    61 dN/dS =      1.99429 Full Log(L) =    -47.22165 LRT =      1.90808 p-value =      0.08359 *P
Site    62 dN/dS =      0.00000 Full Log(L) =    -12.41058 LRT =      3.88006 p-value =      0.02443 *N
Site    63 dN/dS =      1.84181 Full Log(L) =    -30.61037 LRT =      0.91815 p-value =      0.16898
Site    64 dN/dS =      0.00000 Full Log(L) =    -12.46418 LRT =      4.08228 p-value =      0.02167 *N
Site    65 dN/dS =      1.17355 Full Log(L) =    -23.64513 LRT =      0.07262 p-value =      0.39378
Site    66 dN/dS =      1.24353 Full Log(L) =    -44.94787 LRT =      0.13213 p-value =      0.35812
Site    67 dN/dS =      0.00000 Full Log(L) =    -19.33632 LRT =      5.20738 p-value =      0.01125 *N
Site    68 dN/dS =      0.43820 Full Log(L) =    -13.96207 LRT =      0.91160 p-value =      0.16985
Site    69 dN/dS =      2.39963 Full Log(L) =    -47.03299 LRT =      3.48567 p-value =      0.03095 *P
Site    70 dN/dS =      0.78503 Full Log(L) =    -27.46370 LRT =      0.12676 p-value =      0.36091
Site    71 dN/dS =      0.00000 Full Log(L) =    -16.63909 LRT =      4.29303 p-value =      0.01913 *N
Site    72 dN/dS =      0.42395 Full Log(L) =    -20.50907 LRT =      0.99864 p-value =      0.15882
Site    73 dN/dS =      1.00000 Full Log(L) =      0.00000 LRT =      0.00000 p-value =      1.00000
Site    74 dN/dS =      0.00000 Full Log(L) =    -11.40092 LRT =      4.17095 p-value =      0.02056 *N
Site    75 dN/dS =      0.48207 Full Log(L) =    -18.66193 LRT =      0.68788 p-value =      0.20344
Site    76 dN/dS =      1.00000 Full Log(L) =      0.00000 LRT =      0.00000 p-value =      1.00000
Site    77 dN/dS =      0.00000 Full Log(L) =    -24.00871 LRT =      4.86053 p-value =      0.01374 *N
Site    78 dN/dS =      0.00000 Full Log(L) =    -11.53092 LRT =      4.78013 p-value =      0.01439 *N
Site    79 dN/dS =      0.00000 Full Log(L) =    -11.43559 LRT =      4.50911 p-value =      0.01686 *N
Site    80 dN/dS =      1.00000 Full Log(L) =      0.00000 LRT =      0.00000 p-value =      1.00000
Site    81 dN/dS =      0.00000 Full Log(L) =    -11.35976 LRT =      4.08228 p-value =      0.02167 *N
Site    82 dN/dS =      1.00000 Full Log(L) =      0.00000 LRT =      0.00000 p-value =      1.00000
Site    83 dN/dS =      1.00000 Full Log(L) =      0.00000 LRT =      0.00000 p-value =      1.00000
Site    84 dN/dS =      1.00000 Full Log(L) =      0.00000 LRT =      0.00000 p-value =      1.00000
Site    85 dN/dS =      0.43116 Full Log(L) =    -14.12607 LRT =      0.95361 p-value =      0.16440
Site    86 dN/dS =      1.00000 Full Log(L) =      0.00000 LRT =      0.00000 p-value =      1.00000
Site    87 dN/dS =      0.00000 Full Log(L) =    -10.15090 LRT =      2.74299 p-value =      0.04884 *N
Site    88 dN/dS =      1.00000 Full Log(L) =      0.00000 LRT =      0.00000 p-value =      1.00000
Site    89 dN/dS =      1.00000 Full Log(L) =      0.00000 LRT =      0.00000 p-value =      1.00000
Site    90 dN/dS =      0.00000 Full Log(L) =    -10.67748 LRT =      4.29303 p-value =      0.01913 *N
Site    91 dN/dS =      0.00000 Full Log(L) =    -10.93256 LRT =      3.09403 p-value =      0.03929 *N
Site    92 dN/dS =      1.00000 Full Log(L) =      0.00000 LRT =      0.00000 p-value =      1.00000
Site    93 dN/dS =      0.00000 Full Log(L) =    -11.16223 LRT =      5.07634 p-value =      0.01213 *N
Site    94 dN/dS =      0.38992 Full Log(L) =    -12.80856 LRT =      1.24219 p-value =      0.13252
Site    95 dN/dS =      0.93411 Full Log(L) =    -20.01353 LRT =      0.00948 p-value =      0.46122
Site    96 dN/dS =      1.00000 Full Log(L) =      0.00000 LRT =      0.00000 p-value =      1.00000
Site    97 dN/dS =      0.44353 Full Log(L) =    -16.86230 LRT =      0.88028 p-value =      0.17406
Site    98 dN/dS =      1.00000 Full Log(L) =      0.00000 LRT =      0.00000 p-value =      1.00000
Site    99 dN/dS =      1.00000 Full Log(L) =      0.00000 LRT =      0.00000 p-value =      1.00000
Site   100 dN/dS =      1.00000 Full Log(L) =      0.00000 LRT =      0.00000 p-value =      1.00000
Site   101 dN/dS =      1.00000 Full Log(L) =      0.00000 LRT =      0.00000 p-value =      1.00000
Site   102 dN/dS =      1.00000 Full Log(L) =      0.00000 LRT =      0.00000 p-value =      1.00000
Site   103 dN/dS =      1.00000 Full Log(L) =      0.00000 LRT =      0.00000 p-value =      1.00000
Site   104 dN/dS =      0.44404 Full Log(L) =    -13.40189 LRT =      0.87803 p-value =      0.17437
Site   105 dN/dS =      0.00000 Full Log(L) =    -14.92459 LRT =      4.77950 p-value =      0.01440 *N
Site   106 dN/dS =      1.00000 Full Log(L) =      0.00000 LRT =      0.00000 p-value =      1.00000
Site   107 dN/dS =      0.00000 Full Log(L) =     -9.61720 LRT =      5.11318 p-value =      0.01187 *N
Site   108 dN/dS =      0.47485 Full Log(L) =    -10.63993 LRT =      0.71972 p-value =      0.19812
Site   109 dN/dS =      1.00000 Full Log(L) =      0.00000 LRT =      0.00000 p-value =      1.00000
Site   110 dN/dS =      2.67269 Full Log(L) =    -35.78894 LRT =      3.55170 p-value =      0.02974 *P
Site   111 dN/dS =      1.00000 Full Log(L) =      0.00000 LRT =      0.00000 p-value =      1.00000
Site   112 dN/dS =      0.88851 Full Log(L) =    -19.43072 LRT =      0.02896 p-value =      0.43244
Site   113 dN/dS =      0.00000 Full Log(L) =    -29.15753 LRT =      4.56979 p-value =      0.01627 *N
Site   114 dN/dS =      1.00000 Full Log(L) =      0.00000 LRT =      0.00000 p-value =      1.00000
Site   115 dN/dS =      0.00000 Full Log(L) =    -20.97898 LRT =      4.29303 p-value =      0.01913 *N
Site   116 dN/dS =      1.00000 Full Log(L) =      0.00000 LRT =      0.00000 p-value =      1.00000
Site   117 dN/dS =      0.00000 Full Log(L) =    -10.46930 LRT =      5.07626 p-value =      0.01213 *N
Site   118 dN/dS =      0.00000 Full Log(L) =    -22.64203 LRT =      4.52670 p-value =      0.01668 *N
Site   119 dN/dS =      1.00000 Full Log(L) =      0.00000 LRT =      0.00000 p-value =      1.00000
Site   120 dN/dS =      1.00000 Full Log(L) =      0.00000 LRT =      0.00000 p-value =      1.00000
Site   121 dN/dS =      0.53310 Full Log(L) =    -14.21165 LRT =      0.49190 p-value =      0.24154
Site   122 dN/dS =      1.73231 Full Log(L) =    -39.34417 LRT =      1.00950 p-value =      0.15751
Site   123 dN/dS =      0.00000 Full Log(L) =    -11.86029 LRT =      3.88006 p-value =      0.02443 *N
Site   124 dN/dS =      1.00000 Full Log(L) =      0.00000 LRT =      0.00000 p-value =      1.00000
Site   125 dN/dS =      0.40976 Full Log(L) =    -18.75061 LRT =      1.09325 p-value =      0.14788
Site   126 dN/dS =      0.00000 Full Log(L) =    -11.21303 LRT =      3.28448 p-value =      0.03497 *N
Site   127 dN/dS =      1.00000 Full Log(L) =      0.00000 LRT =      0.00000 p-value =      1.00000
Site   128 dN/dS =      1.80294 Full Log(L) =    -34.26253 LRT =      1.14748 p-value =      0.14204
Site   129 dN/dS =      1.00000 Full Log(L) =      0.00000 LRT =      0.00000 p-value =      1.00000
Site   130 dN/dS =      0.00000 Full Log(L) =    -11.63119 LRT =      3.28258 p-value =      0.03501 *N
Site   131 dN/dS =      0.00000 Full Log(L) =    -29.21860 LRT =      3.87937 p-value =      0.02444 *N
Site   132 dN/dS =      0.00000 Full Log(L) =    -20.27968 LRT =      5.12434 p-value =      0.01180 *N
Site   133 dN/dS =      1.00000 Full Log(L) =      0.00000 LRT =      0.00000 p-value =      1.00000
Site   134 dN/dS =      1.00000 Full Log(L) =      0.00000 LRT =      0.00000 p-value =      1.00000
Site   135 dN/dS =      0.00000 Full Log(L) =    -23.96989 LRT =      4.78003 p-value =      0.01440 *N
Site   136 dN/dS =      0.00000 Full Log(L) =    -17.28901 LRT =      4.30987 p-value =      0.01895 *N
Site   137 dN/dS =      0.00000 Full Log(L) =    -10.89117 LRT =      4.50907 p-value =      0.01686 *N
Site   138 dN/dS =      1.00000 Full Log(L) =      0.00000 LRT =      0.00000 p-value =      1.00000
Site   139 dN/dS =      1.00000 Full Log(L) =      0.00000 LRT =      0.00000 p-value =      1.00000
Site   140 dN/dS =      0.39100 Full Log(L) =    -12.91170 LRT =      1.23344 p-value =      0.13337
Site   141 dN/dS =      1.00000 Full Log(L) =      0.00000 LRT =      0.00000 p-value =      1.00000
Site   142 dN/dS =      0.44304 Full Log(L) =    -15.68641 LRT =      0.88315 p-value =      0.17367
Site   143 dN/dS =      1.00000 Full Log(L) =      0.00000 LRT =      0.00000 p-value =      1.00000
Site   144 dN/dS =      0.48990 Full Log(L) =    -27.98267 LRT =      0.65330 p-value =      0.20947
Site   145 dN/dS =      1.00000 Full Log(L) =      0.00000 LRT =      0.00000 p-value =      1.00000
Site   146 dN/dS =      0.00000 Full Log(L) =    -12.67372 LRT =      4.52670 p-value =      0.01668 *N
Site   147 dN/dS =      1.00000 Full Log(L) =      0.00000 LRT =      0.00000 p-value =      1.00000
Site   148 dN/dS =      0.00000 Full Log(L) =    -15.72104 LRT =      3.09369 p-value =      0.03930 *N
Site   149 dN/dS =      1.00000 Full Log(L) =      0.00000 LRT =      0.00000 p-value =      1.00000
Site   150 dN/dS =      0.00000 Full Log(L) =    -10.49132 LRT =      4.86003 p-value =      0.01374 *N
Site   151 dN/dS =      0.00000 Full Log(L) =    -17.36897 LRT =      4.08228 p-value =      0.02167 *N
Site   152 dN/dS =      0.00000 Full Log(L) =    -17.00830 LRT =      5.11337 p-value =      0.01187 *N
Site   153 dN/dS =      0.00000 Full Log(L) =    -19.13613 LRT =      3.87973 p-value =      0.02444 *N
Site   154 dN/dS =      3.99418 Full Log(L) =    -78.83373 LRT =     11.36312 p-value =      0.00037 *P
Site   155 dN/dS =      0.00000 Full Log(L) =    -12.05054 LRT =      4.57002 p-value =      0.01627 *N
Site   156 dN/dS =      1.00000 Full Log(L) =      0.00000 LRT =      0.00000 p-value =      1.00000
Site   157 dN/dS =      0.82000 Full Log(L) =    -19.23736 LRT =      0.08395 p-value =      0.38601
Site   158 dN/dS =      3.13965 Full Log(L) =    -45.87591 LRT =      6.44837 p-value =      0.00555 *P
Site   159 dN/dS =      0.00000 Full Log(L) =    -12.61768 LRT =      3.87775 p-value =      0.02447 *N
Site   160 dN/dS =      1.35054 Full Log(L) =    -36.41076 LRT =      0.24454 p-value =      0.31047
Site   161 dN/dS =      3.67873 Full Log(L) =    -57.23864 LRT =      9.12347 p-value =      0.00126 *P
Site   162 dN/dS =      0.00000 Full Log(L) =    -11.18993 LRT =      5.11353 p-value =      0.01187 *N
Site   163 dN/dS =      0.00000 Full Log(L) =    -10.05933 LRT =      4.30977 p-value =      0.01895 *N
Site   164 dN/dS =      0.00000 Full Log(L) =     -9.50530 LRT =      4.30950 p-value =      0.01895 *N
Site   165 dN/dS =      0.39096 Full Log(L) =    -13.12225 LRT =      1.23380 p-value =      0.13333
Site   166 dN/dS =      0.86845 Full Log(L) =    -26.95285 LRT =      0.04155 p-value =      0.41924
Site   167 dN/dS =      0.00000 Full Log(L) =    -17.42018 LRT =      2.74511 p-value =      0.04878 *N
Site   168 dN/dS =      1.00000 Full Log(L) =      0.00000 LRT =      0.00000 p-value =      1.00000
Site   169 dN/dS =      1.00000 Full Log(L) =      0.00000 LRT =      0.00000 p-value =      1.00000
Site   170 dN/dS =      0.00000 Full Log(L) =    -18.33987 LRT =      2.74586 p-value =      0.04875 *N
Site   171 dN/dS =      1.00000 Full Log(L) =      0.00000 LRT =      0.00000 p-value =      1.00000
Site   172 dN/dS =      0.42412 Full Log(L) =    -53.62803 LRT =      0.99706 p-value =      0.15901
Site   173 dN/dS =      1.60332 Full Log(L) =    -16.83624 LRT =      0.38193 p-value =      0.26829
Site   174 dN/dS =      0.47429 Full Log(L) =    -17.30725 LRT =      0.72231 p-value =      0.19769
Site   175 dN/dS =      0.94200 Full Log(L) =    -19.18854 LRT =      0.00727 p-value =      0.46604
Site   176 dN/dS =      1.00000 Full Log(L) =      0.00000 LRT =      0.00000 p-value =      1.00000
Site   177 dN/dS =      0.00000 Full Log(L) =     -9.21239 LRT =      3.75400 p-value =      0.02634 *N
Site   178 dN/dS =      1.00000 Full Log(L) =      0.00000 LRT =      0.00000 p-value =      1.00000
Site   179 dN/dS =      1.00000 Full Log(L) =      0.00000 LRT =      0.00000 p-value =      1.00000
Site   180 dN/dS =      0.00000 Full Log(L) =    -17.91126 LRT =      2.74309 p-value =      0.04884 *N
Site   181 dN/dS =      0.88877 Full Log(L) =    -21.07891 LRT =      0.02881 p-value =      0.43260
Site   182 dN/dS =      0.44119 Full Log(L) =    -12.65697 LRT =      0.89419 p-value =      0.17217
Site   183 dN/dS =      0.98218 Full Log(L) =    -37.03413 LRT =      0.00065 p-value =      0.48984
Site   184 dN/dS =      1.00000 Full Log(L) =      0.00000 LRT =      0.00000 p-value =      1.00000
Site   185 dN/dS =      1.00000 Full Log(L) =      0.00000 LRT =      0.00000 p-value =      1.00000
Site   186 dN/dS =      1.00000 Full Log(L) =      0.00000 LRT =      0.00000 p-value =      1.00000
Site   187 dN/dS =      0.88889 Full Log(L) =    -26.62538 LRT =      0.02875 p-value =      0.43268
Site   188 dN/dS =      0.41826 Full Log(L) =    -12.00211 LRT =      1.03522 p-value =      0.15447
Site   189 dN/dS =      2.36632 Full Log(L) =    -41.02570 LRT =      2.82041 p-value =      0.04654 *P
Site   190 dN/dS =      0.46486 Full Log(L) =    -14.14014 LRT =      0.76857 p-value =      0.19033
Site   191 dN/dS =      0.79445 Full Log(L) =    -21.67739 LRT =      0.11410 p-value =      0.36776
Site   192 dN/dS =      1.00000 Full Log(L) =      0.00000 LRT =      0.00000 p-value =      1.00000
Site   193 dN/dS =      0.00000 Full Log(L) =    -16.91135 LRT =      2.73691 p-value =      0.04903 *N
Site   194 dN/dS =      1.00000 Full Log(L) =      0.00000 LRT =      0.00000 p-value =      1.00000
Site   195 dN/dS =      1.00000 Full Log(L) =      0.00000 LRT =      0.00000 p-value =      1.00000
Site   196 dN/dS =      1.00000 Full Log(L) =      0.00000 LRT =      0.00000 p-value =      1.00000
Site   197 dN/dS =      0.00000 Full Log(L) =    -30.87420 LRT =      5.12588 p-value =      0.01179 *N
Site   198 dN/dS =      0.88554 Full Log(L) =    -30.82072 LRT =      0.03070 p-value =      0.43046
Site   199 dN/dS =      1.71365 Full Log(L) =    -54.05064 LRT =      0.97287 p-value =      0.16198
Site   200 dN/dS =      0.00000 Full Log(L) =    -15.49258 LRT =      4.71928 p-value =      0.01491 *N
Site   201 dN/dS =      0.00000 Full Log(L) =    -23.98213 LRT =      4.29303 p-value =      0.01913 *N
Site   202 dN/dS =      1.97487 Full Log(L) =    -48.34550 LRT =      1.85997 p-value =      0.08631 *P
Site   203 dN/dS =      0.00000 Full Log(L) =    -11.18949 LRT =      4.08228 p-value =      0.02167 *N
Site   204 dN/dS =      3.20957 Full Log(L) =    -56.71474 LRT =      7.59653 p-value =      0.00292 *P
Site   205 dN/dS =      1.35855 Full Log(L) =    -27.04418 LRT =      0.25408 p-value =      0.30711
Site   206 dN/dS =      1.19848 Full Log(L) =    -30.53995 LRT =      0.09229 p-value =      0.38064
Site   207 dN/dS =      0.00000 Full Log(L) =    -11.24232 LRT =      3.09401 p-value =      0.03929 *N
Site   208 dN/dS =      0.47973 Full Log(L) =    -19.65806 LRT =      0.69779 p-value =      0.20176
Site   209 dN/dS =      4.05370 Full Log(L) =    -63.12622 LRT =     12.84168 p-value =      0.00017 *P
Site   210 dN/dS =      0.00000 Full Log(L) =    -17.00233 LRT =      2.57155 p-value =      0.05440 *N
Site   211 dN/dS =      0.53378 Full Log(L) =    -13.45498 LRT =      0.48970 p-value =      0.24203
Site   212 dN/dS =      0.86927 Full Log(L) =    -19.33589 LRT =      0.04102 p-value =      0.41974
Site   213 dN/dS =      1.00000 Full Log(L) =      0.00000 LRT =      0.00000 p-value =      1.00000
Site   214 dN/dS =      0.00000 Full Log(L) =    -36.04565 LRT =      4.64956 p-value =      0.01553 *N
Site   215 dN/dS =      1.20854 Full Log(L) =    -19.39283 LRT =      0.06718 p-value =      0.39774
Site   216 dN/dS =      1.00000 Full Log(L) =      0.00000 LRT =      0.00000 p-value =      1.00000
Site   217 dN/dS =      0.43481 Full Log(L) =    -18.59673 LRT =      0.93098 p-value =      0.16730
Site   218 dN/dS =      0.47949 Full Log(L) =    -20.09896 LRT =      0.69791 p-value =      0.20174
Site   219 dN/dS =      0.48973 Full Log(L) =    -18.06862 LRT =      0.65404 p-value =      0.20934
Site   220 dN/dS =      0.00000 Full Log(L) =    -11.88895 LRT =      4.52670 p-value =      0.01668 *N
Site   221 dN/dS =      0.00000 Full Log(L) =    -11.26903 LRT =      3.88006 p-value =      0.02443 *N
Site   222 dN/dS =      0.00000 Full Log(L) =    -12.03687 LRT =      4.08228 p-value =      0.02167 *N
Site   223 dN/dS =      0.47460 Full Log(L) =    -11.56103 LRT =      0.72088 p-value =      0.19793
Site   224 dN/dS =      0.43409 Full Log(L) =    -12.44226 LRT =      0.93534 p-value =      0.16674
Site   225 dN/dS =      0.39101 Full Log(L) =    -12.76396 LRT =      1.23338 p-value =      0.13338
Site   226 dN/dS =      0.00000 Full Log(L) =    -11.24154 LRT =      3.09401 p-value =      0.03929 *N
Site   227 dN/dS =      1.00000 Full Log(L) =      0.00000 LRT =      0.00000 p-value =      1.00000
Site   228 dN/dS =      0.00000 Full Log(L) =    -16.82540 LRT =      4.08228 p-value =      0.02167 *N
Site   229 dN/dS =      0.00000 Full Log(L) =     -9.97800 LRT =      4.52670 p-value =      0.01668 *N
Site   230 dN/dS =      0.47960 Full Log(L) =    -17.97657 LRT =      0.69838 p-value =      0.20166
Site   231 dN/dS =      0.00000 Full Log(L) =    -10.94330 LRT =      4.29303 p-value =      0.01913 *N
Site   232 dN/dS =      0.88332 Full Log(L) =    -23.41375 LRT =      0.03197 p-value =      0.42905
Site   233 dN/dS =      0.96078 Full Log(L) =    -27.22272 LRT =      0.00323 p-value =      0.47734
Site   234 dN/dS =      0.82352 Full Log(L) =    -51.56375 LRT =      0.08024 p-value =      0.38848
Site   235 dN/dS =      1.56274 Full Log(L) =    -33.69008 LRT =      0.51615 p-value =      0.23624
Site   236 dN/dS =      1.00000 Full Log(L) =      0.00000 LRT =      0.00000 p-value =      1.00000
Site   237 dN/dS =      0.00000 Full Log(L) =    -18.38248 LRT =      4.29303 p-value =      0.01913 *N
Site   238 dN/dS =      0.00000 Full Log(L) =    -37.80737 LRT =      4.84826 p-value =      0.01384 *N
Site   239 dN/dS =      1.31932 Full Log(L) =    -28.71516 LRT =      0.20969 p-value =      0.32350
Site   240 dN/dS =      0.40999 Full Log(L) =    -19.37546 LRT =      1.09165 p-value =      0.14805
Site   241 dN/dS =      1.59427 Full Log(L) =    -32.52139 LRT =      0.74573 p-value =      0.19392
Site   242 dN/dS =      0.95763 Full Log(L) =    -27.80052 LRT =      0.00379 p-value =      0.47546
Site   243 dN/dS =      0.47569 Full Log(L) =    -20.23822 LRT =      0.71672 p-value =      0.19861
Site   244 dN/dS =      1.00000 Full Log(L) =      0.00000 LRT =      0.00000 p-value =      1.00000
Site   245 dN/dS =      0.00000 Full Log(L) =    -24.82388 LRT =      4.57306 p-value =      0.01624 *N
Site   246 dN/dS =      1.00000 Full Log(L) =      0.00000 LRT =      0.00000 p-value =      1.00000
Site   247 dN/dS =      1.00000 Full Log(L) =      0.00000 LRT =      0.00000 p-value =      1.00000
Site   248 dN/dS =      0.00000 Full Log(L) =    -25.48685 LRT =      4.17024 p-value =      0.02057 *N
Site   249 dN/dS =      1.00000 Full Log(L) =      0.00000 LRT =      0.00000 p-value =      1.00000
Site   250 dN/dS =      1.00000 Full Log(L) =      0.00000 LRT =      0.00000 p-value =      1.00000
Site   251 dN/dS =      1.00000 Full Log(L) =      0.00000 LRT =      0.00000 p-value =      1.00000
Site   252 dN/dS =      0.38348 Full Log(L) =    -11.71369 LRT =      1.29414 p-value =      0.12764
Site   253 dN/dS =      0.00000 Full Log(L) =    -11.22099 LRT =      4.52670 p-value =      0.01668 *N
Site   254 dN/dS =      1.00000 Full Log(L) =      0.00000 LRT =      0.00000 p-value =      1.00000
Site   255 dN/dS =      0.46592 Full Log(L) =    -20.55142 LRT =      0.76342 p-value =      0.19113
Site   256 dN/dS =      0.00000 Full Log(L) =    -17.16996 LRT =      4.86321 p-value =      0.01372 *N
Site   257 dN/dS =      0.00000 Full Log(L) =    -10.10622 LRT =      5.07618 p-value =      0.01213 *N
Site   258 dN/dS =      0.77172 Full Log(L) =    -31.03460 LRT =      0.14553 p-value =      0.35142
Site   259 dN/dS =      0.96286 Full Log(L) =    -20.10557 LRT =      0.00289 p-value =      0.47855
Site   260 dN/dS =      0.00000 Full Log(L) =    -12.10669 LRT =      2.74625 p-value =      0.04874 *N
Site   261 dN/dS =      0.47916 Full Log(L) =    -20.00159 LRT =      0.70007 p-value =      0.20138
Site   262 dN/dS =      1.33710 Full Log(L) =    -27.45713 LRT =      0.22926 p-value =      0.31604
Site   263 dN/dS =      0.39128 Full Log(L) =    -15.03343 LRT =      1.23126 p-value =      0.13358
Site   264 dN/dS =      0.98331 Full Log(L) =    -19.76906 LRT =      0.00057 p-value =      0.49049
Site   265 dN/dS =      0.00000 Full Log(L) =    -10.17709 LRT =      5.12640 p-value =      0.01178 *N
Site   266 dN/dS =      0.00000 Full Log(L) =    -10.18949 LRT =      4.50898 p-value =      0.01686 *N
Site   267 dN/dS =      0.00000 Full Log(L) =    -12.25519 LRT =      2.57170 p-value =      0.05440 *N
Site   268 dN/dS =      1.00000 Full Log(L) =      0.00000 LRT =      0.00000 p-value =      1.00000
Site   269 dN/dS =      0.00000 Full Log(L) =    -11.86430 LRT =      4.64956 p-value =      0.01553 *N
Site   270 dN/dS =      1.00000 Full Log(L) =      0.00000 LRT =      0.00000 p-value =      1.00000
Site   271 dN/dS =      0.00000 Full Log(L) =    -20.68045 LRT =      4.43237 p-value =      0.01763 *N
Site   272 dN/dS =      0.00000 Full Log(L) =    -17.62029 LRT =      5.12797 p-value =      0.01177 *N
Site   273 dN/dS =      1.00000 Full Log(L) =      0.00000 LRT =      0.00000 p-value =      1.00000
Site   274 dN/dS =      1.00000 Full Log(L) =      0.00000 LRT =      0.00000 p-value =      1.00000
Site   275 dN/dS =      0.00000 Full Log(L) =     -9.28608 LRT =      4.21259 p-value =      0.02006 *N
Site   276 dN/dS =      1.00000 Full Log(L) =      0.00000 LRT =      0.00000 p-value =      1.00000
Site   277 dN/dS =      0.71268 Full Log(L) =    -25.72488 LRT =      0.12751 p-value =      0.36052
Site   278 dN/dS =      0.78788 Full Log(L) =    -19.43441 LRT =      0.12285 p-value =      0.36298
Site   279 dN/dS =      1.00000 Full Log(L) =      0.00000 LRT =      0.00000 p-value =      1.00000
Site   280 dN/dS =      1.00000 Full Log(L) =      0.00000 LRT =      0.00000 p-value =      1.00000
Site   281 dN/dS =      0.00000 Full Log(L) =    -11.23278 LRT =      5.11354 p-value =      0.01187 *N
Site   282 dN/dS =      1.00000 Full Log(L) =      0.00000 LRT =      0.00000 p-value =      1.00000
Site   283 dN/dS =      1.00000 Full Log(L) =      0.00000 LRT =      0.00000 p-value =      1.00000
Site   284 dN/dS =      1.00000 Full Log(L) =      0.00000 LRT =      0.00000 p-value =      1.00000
Site   285 dN/dS =      0.43574 Full Log(L) =    -22.80564 LRT =      0.92533 p-value =      0.16804
Site   286 dN/dS =      1.00000 Full Log(L) =      0.00000 LRT =      0.00000 p-value =      1.00000
Site   287 dN/dS =      1.00000 Full Log(L) =      0.00000 LRT =      0.00000 p-value =      1.00000
Site   288 dN/dS =      0.43025 Full Log(L) =    -11.75838 LRT =      0.95919 p-value =      0.16370
Site   289 dN/dS =      0.93402 Full Log(L) =    -34.37304 LRT =      0.00951 p-value =      0.46116
Site   290 dN/dS =      0.00000 Full Log(L) =    -11.35786 LRT =      4.17095 p-value =      0.02056 *N
Site   291 dN/dS =      1.00000 Full Log(L) =      0.00000 LRT =      0.00000 p-value =      1.00000
Site   292 dN/dS =      1.43004 Full Log(L) =    -26.93565 LRT =      0.34015 p-value =      0.27987
Site   293 dN/dS =      1.00000 Full Log(L) =      0.00000 LRT =      0.00000 p-value =      1.00000
Site   294 dN/dS =      0.89005 Full Log(L) =    -27.87777 LRT =      0.02810 p-value =      0.43343
Site   295 dN/dS =      0.00000 Full Log(L) =    -11.12849 LRT =      3.88006 p-value =      0.02443 *N
Site   296 dN/dS =      1.00000 Full Log(L) =      0.00000 LRT =      0.00000 p-value =      1.00000
Site   297 dN/dS =      1.00000 Full Log(L) =      0.00000 LRT =      0.00000 p-value =      1.00000
Site   298 dN/dS =      1.00000 Full Log(L) =      0.00000 LRT =      0.00000 p-value =      1.00000
Site   299 dN/dS =      0.00000 Full Log(L) =    -23.45256 LRT =      4.08228 p-value =      0.02167 *N
Site   300 dN/dS =      1.00000 Full Log(L) =      0.00000 LRT =      0.00000 p-value =      1.00000
Site   301 dN/dS =      0.00000 Full Log(L) =     -8.89794 LRT =      4.50852 p-value =      0.01686 *N
Site   302 dN/dS =      1.00000 Full Log(L) =      0.00000 LRT =      0.00000 p-value =      1.00000
Site   303 dN/dS =      1.00000 Full Log(L) =      0.00000 LRT =      0.00000 p-value =      1.00000
Site   304 dN/dS =      1.00000 Full Log(L) =      0.00000 LRT =      0.00000 p-value =      1.00000
Site   305 dN/dS =      1.00000 Full Log(L) =      0.00000 LRT =      0.00000 p-value =      1.00000
Site   306 dN/dS =      1.00000 Full Log(L) =      0.00000 LRT =      0.00000 p-value =      1.00000
Site   307 dN/dS =      0.39392 Full Log(L) =    -12.17717 LRT =      1.21050 p-value =      0.13562
Site   308 dN/dS =      0.00000 Full Log(L) =     -9.57308 LRT =      4.21268 p-value =      0.02006 *N
Site   309 dN/dS =      0.00000 Full Log(L) =    -11.37493 LRT =      4.29303 p-value =      0.01913 *N
Site   310 dN/dS =      0.00000 Full Log(L) =     -9.50530 LRT =      4.30950 p-value =      0.01895 *N
Site   311 dN/dS =      0.00000 Full Log(L) =    -10.54873 LRT =      3.09392 p-value =      0.03929 *N
Site   312 dN/dS =      1.00000 Full Log(L) =      0.00000 LRT =      0.00000 p-value =      1.00000
Site   313 dN/dS =      1.00000 Full Log(L) =      0.00000 LRT =      0.00000 p-value =      1.00000
Site   314 dN/dS =      1.00000 Full Log(L) =      0.00000 LRT =      0.00000 p-value =      1.00000
Site   315 dN/dS =      0.00000 Full Log(L) =    -10.10915 LRT =      4.88541 p-value =      0.01354 *N
Site   316 dN/dS =      0.00000 Full Log(L) =    -10.30146 LRT =      4.17088 p-value =      0.02056 *N
Site   317 dN/dS =      0.00000 Full Log(L) =    -10.26102 LRT =      4.08228 p-value =      0.02167 *N
Site   318 dN/dS =      0.00000 Full Log(L) =     -9.16389 LRT =      3.75400 p-value =      0.02634 *N
Site   319 dN/dS =      0.00000 Full Log(L) =    -11.42019 LRT =      5.12631 p-value =      0.01178 *N
Site   320 dN/dS =      0.86230 Full Log(L) =    -21.80119 LRT =      0.04600 p-value =      0.41508
Site   321 dN/dS =      0.00000 Full Log(L) =    -11.02500 LRT =      4.56998 p-value =      0.01627 *N
Site   322 dN/dS =      1.00000 Full Log(L) =      0.00000 LRT =      0.00000 p-value =      1.00000
Site   323 dN/dS =      0.43278 Full Log(L) =    -15.82133 LRT =      0.94307 p-value =      0.16574
Site   324 dN/dS =      1.00000 Full Log(L) =      0.00000 LRT =      0.00000 p-value =      1.00000
Site   325 dN/dS =      0.00000 Full Log(L) =    -10.38942 LRT =      4.52670 p-value =      0.01668 *N
Site   326 dN/dS =      0.00000 Full Log(L) =    -15.20189 LRT =      4.21226 p-value =      0.02007 *N
Site   327 dN/dS =      0.00000 Full Log(L) =    -10.54871 LRT =      3.09392 p-value =      0.03929 *N
Site   328 dN/dS =      1.34180 Full Log(L) =    -24.32910 LRT =      0.23454 p-value =      0.31409
Site   329 dN/dS =      0.49058 Full Log(L) =    -32.61805 LRT =      0.65044 p-value =      0.20998
Site   330 dN/dS =      0.78008 Full Log(L) =    -21.23788 LRT =      0.06697 p-value =      0.39790
Site   331 dN/dS =      1.00000 Full Log(L) =      0.00000 LRT =      0.00000 p-value =      1.00000
Site   332 dN/dS =      0.00000 Full Log(L) =    -24.42123 LRT =      2.74308 p-value =      0.04884 *N
Site   333 dN/dS =      0.43055 Full Log(L) =    -21.71188 LRT =      0.95729 p-value =      0.16394
Site   334 dN/dS =      1.00000 Full Log(L) =      0.00000 LRT =      0.00000 p-value =      1.00000
Site   335 dN/dS =      0.00000 Full Log(L) =    -22.42813 LRT =      5.12460 p-value =      0.01179 *N
Site   336 dN/dS =      1.00000 Full Log(L) =      0.00000 LRT =      0.00000 p-value =      1.00000
Site   337 dN/dS =      0.00000 Full Log(L) =    -12.02159 LRT =      2.83120 p-value =      0.04622 *N
Site   338 dN/dS =      1.00000 Full Log(L) =      0.00000 LRT =      0.00000 p-value =      1.00000
Site   339 dN/dS =      0.44103 Full Log(L) =    -16.95225 LRT =      0.89516 p-value =      0.17204
Site   340 dN/dS =      1.00000 Full Log(L) =      0.00000 LRT =      0.00000 p-value =      1.00000
Site   341 dN/dS =      0.00000 Full Log(L) =    -10.67784 LRT =      4.78011 p-value =      0.01440 *N
Site   342 dN/dS =      0.47669 Full Log(L) =    -20.27254 LRT =      0.71124 p-value =      0.19952
Site   343 dN/dS =      0.00000 Full Log(L) =    -10.54863 LRT =      3.09392 p-value =      0.03929 *N
Site   344 dN/dS =      0.00000 Full Log(L) =    -11.64150 LRT =      4.08228 p-value =      0.02167 *N
Site   345 dN/dS =      0.00000 Full Log(L) =    -10.00924 LRT =      4.61855 p-value =      0.01581 *N
Site   346 dN/dS =      0.00000 Full Log(L) =     -4.54971 LRT =      1.30167 p-value =      0.12695
Site   347 dN/dS =      0.00000 Full Log(L) =     -3.73582 LRT =      1.32406 p-value =      0.12493
Site   348 dN/dS =      0.00000 Full Log(L) =     -4.36875 LRT =      1.09409 p-value =      0.14778
Site   349 dN/dS =      0.00000 Full Log(L) =    -16.31154 LRT =      1.30167 p-value =      0.12695
Site   350 dN/dS =      0.00000 Full Log(L) =     -4.29610 LRT =      1.18024 p-value =      0.13865
Site   351 dN/dS =      0.00000 Full Log(L) =    -10.12109 LRT =      1.05869 p-value =      0.15176
Site   352 dN/dS =      0.00000 Full Log(L) =     -8.87157 LRT =      1.18024 p-value =      0.13865
Site   353 dN/dS =      0.00000 Full Log(L) =     -4.48389 LRT =      1.30167 p-value =      0.12695
Site   354 dN/dS =      0.00000 Full Log(L) =     -4.42878 LRT =      1.06305 p-value =      0.15126
Site   355 dN/dS =      0.00000 Full Log(L) =     -3.73393 LRT =      1.28646 p-value =      0.12835
Site   356 dN/dS =      0.00000 Full Log(L) =     -3.79947 LRT =      1.17893 p-value =      0.13879
Site   357 dN/dS =      0.00000 Full Log(L) =     -3.75198 LRT =      1.11207 p-value =      0.14582
Site   358 dN/dS =      0.00000 Full Log(L) =     -4.47642 LRT =      1.26472 p-value =      0.13038
Site   359 dN/dS =      0.00000 Full Log(L) =     -4.42208 LRT =      0.69059 p-value =      0.20298
Site   360 dN/dS =      0.00000 Full Log(L) =     -4.37330 LRT =      1.17895 p-value =      0.13878
Site   361 dN/dS =      0.00000 Full Log(L) =     -4.18082 LRT =      1.06150 p-value =      0.15144
Site   362 dN/dS =      0.00000 Full Log(L) =     -4.14757 LRT =      1.42325 p-value =      0.11643
Site   363 dN/dS =      0.00000 Full Log(L) =    -10.41574 LRT =      0.98887 p-value =      0.16001
Site   364 dN/dS =      0.00000 Full Log(L) =    -13.10099 LRT =      1.10759 p-value =      0.14630
Site   365 dN/dS =      0.00000 Full Log(L) =     -4.44723 LRT =      1.12021 p-value =      0.14494
Site   366 dN/dS =      0.00000 Full Log(L) =     -4.42208 LRT =      0.61169 p-value =      0.21708
Site   367 dN/dS =      0.00000 Full Log(L) =    -10.38535 LRT =      0.80647 p-value =      0.18458
Site   368 dN/dS =      0.00000 Full Log(L) =    -10.82015 LRT =      1.10166 p-value =      0.14695
Site   369 dN/dS =      0.00000 Full Log(L) =    -10.72443 LRT =      0.92589 p-value =      0.16797
Site   370 dN/dS =      0.00000 Full Log(L) =    -10.06981 LRT =      1.04923 p-value =      0.15284
Site   371 dN/dS =      0.00000 Full Log(L) =     -4.29820 LRT =      1.01401 p-value =      0.15697
Site   372 dN/dS =      0.00000 Full Log(L) =     -4.03527 LRT =      0.66472 p-value =      0.20745
Site   373 dN/dS =      0.00000 Full Log(L) =     -3.72784 LRT =      0.96868 p-value =      0.16250
Site   374 dN/dS =      0.00000 Full Log(L) =     -4.48472 LRT =      0.83359 p-value =      0.18062
Site   375 dN/dS =      0.00000 Full Log(L) =     -4.34102 LRT =      1.02694 p-value =      0.15544
Site   376 dN/dS =      0.00000 Full Log(L) =    -10.24318 LRT =      1.04634 p-value =      0.15318
Site   377 dN/dS =      3.73333 Full Log(L) =    -12.39844 LRT =      2.32306 p-value =      0.06373 *P
Site   378 dN/dS =      0.00000 Full Log(L) =    -10.04944 LRT =      1.04452 p-value =      0.15339
Site   379 dN/dS =      0.00000 Full Log(L) =     -4.03527 LRT =      0.66472 p-value =      0.20745
Site   380 dN/dS =      0.00000 Full Log(L) =     -4.26134 LRT =      0.99889 p-value =      0.15879
Site   381 dN/dS =      0.00000 Full Log(L) =     -4.26134 LRT =      0.99889 p-value =      0.15879
Site   382 dN/dS =      0.00000 Full Log(L) =     -4.04242 LRT =      1.09058 p-value =      0.14817
Site   383 dN/dS =      0.00000 Full Log(L) =     -4.76097 LRT =      0.89592 p-value =      0.17194
Site   384 dN/dS =      0.00000 Full Log(L) =     -3.46490 LRT =      0.90504 p-value =      0.17072
Site   385 dN/dS =      0.00000 Full Log(L) =     -4.13364 LRT =      1.09857 p-value =      0.14729
Site   386 dN/dS =      0.00000 Full Log(L) =     -4.21265 LRT =      0.87700 p-value =      0.17451
Site   387 dN/dS =      0.00000 Full Log(L) =     -4.03527 LRT =      0.66472 p-value =      0.20745
Site   388 dN/dS =      0.00000 Full Log(L) =     -4.26134 LRT =      0.99889 p-value =      0.15879
Site   389 dN/dS =      0.00000 Full Log(L) =     -4.26134 LRT =      0.99889 p-value =      0.15879
Site   390 dN/dS =      0.00000 Full Log(L) =    -11.34145 LRT =      0.89558 p-value =      0.17198
Site   391 dN/dS =      2.09346 Full Log(L) =    -14.26014 LRT =      0.42931 p-value =      0.25616
Site   392 dN/dS =      0.00000 Full Log(L) =     -4.03527 LRT =      0.66472 p-value =      0.20745
Site   393 dN/dS =      0.00000 Full Log(L) =     -4.16787 LRT =      0.89606 p-value =      0.17192
Site   394 dN/dS =      0.00000 Full Log(L) =     -3.72784 LRT =      0.96868 p-value =      0.16250
Site   395 dN/dS =      0.00000 Full Log(L) =     -4.73913 LRT =      1.10165 p-value =      0.14695
Site   396 dN/dS =      0.00000 Full Log(L) =     -8.02568 LRT =      0.90427 p-value =      0.17082
Site   397 dN/dS =      0.00000 Full Log(L) =     -9.40198 LRT =      0.55321 p-value =      0.22851
Site   398 dN/dS =      0.00000 Full Log(L) =     -9.00366 LRT =      0.96837 p-value =      0.16254
Site   399 dN/dS =      0.00000 Full Log(L) =     -9.78119 LRT =      1.04903 p-value =      0.15287
Site   400 dN/dS =      0.00000 Full Log(L) =     -8.76430 LRT =      0.58710 p-value =      0.22177
Site   401 dN/dS =      0.00000 Full Log(L) =     -4.16787 LRT =      0.89606 p-value =      0.17192
Site   402 dN/dS =      0.00000 Full Log(L) =    -20.68821 LRT =      1.09700 p-value =      0.14746
Site   403 dN/dS =      0.00000 Full Log(L) =     -3.46490 LRT =      0.90504 p-value =      0.17072
Site   404 dN/dS =      0.00000 Full Log(L) =    -16.29493 LRT =      0.87700 p-value =      0.17451
Site   405 dN/dS =      0.00000 Full Log(L) =     -3.79198 LRT =      0.96869 p-value =      0.16250
Site   406 dN/dS =      0.00000 Full Log(L) =    -10.02100 LRT =      1.02680 p-value =      0.15546
Site   407 dN/dS =      0.00000 Full Log(L) =    -10.72375 LRT =      0.90499 p-value =      0.17072
Site   408 dN/dS =      0.00000 Full Log(L) =     -4.40327 LRT =      0.92599 p-value =      0.16795
Site   409 dN/dS =      0.00000 Full Log(L) =     -4.29820 LRT =      1.01401 p-value =      0.15697
Site   410 dN/dS =      0.00000 Full Log(L) =     -4.59680 LRT =      0.66475 p-value =      0.20744
Site   411 dN/dS =      0.00000 Full Log(L) =     -4.10373 LRT =      0.89606 p-value =      0.17192
Site   412 dN/dS =      0.00000 Full Log(L) =     -3.77949 LRT =      1.02692 p-value =      0.15544
Site   413 dN/dS =      0.00000 Full Log(L) =     -3.46490 LRT =      0.90504 p-value =      0.17072
Site   414 dN/dS =      0.00000 Full Log(L) =     -3.77949 LRT =      1.02692 p-value =      0.15544
Site   415 dN/dS =      0.00000 Full Log(L) =     -4.40327 LRT =      0.92599 p-value =      0.16795
Site   416 dN/dS =      0.00000 Full Log(L) =     -4.21883 LRT =      0.70474 p-value =      0.20060
Site   417 dN/dS =      0.00000 Full Log(L) =     -3.77949 LRT =      1.02692 p-value =      0.15544
Site   418 dN/dS =      0.00000 Full Log(L) =     -4.17515 LRT =      0.97249 p-value =      0.16203
Site   419 dN/dS =      0.00000 Full Log(L) =     -3.77949 LRT =      1.02692 p-value =      0.15544
Site   420 dN/dS =      0.00000 Full Log(L) =     -4.73913 LRT =      1.10165 p-value =      0.14695
Site   421 dN/dS =      0.00000 Full Log(L) =     -3.82798 LRT =      0.99208 p-value =      0.15962
Site   422 dN/dS =      0.00000 Full Log(L) =    -10.07054 LRT =      0.89600 p-value =      0.17193
Site   423 dN/dS =      0.00000 Full Log(L) =    -10.27639 LRT =      0.66460 p-value =      0.20747
Site   424 dN/dS =      0.00000 Full Log(L) =     -4.10656 LRT =      1.09058 p-value =      0.14817
Site   425 dN/dS =      0.00000 Full Log(L) =    -11.52853 LRT =      0.89055 p-value =      0.17266
Site   426 dN/dS =      0.00000 Full Log(L) =     -4.34102 LRT =      1.02694 p-value =      0.15544
Site   427 dN/dS =      0.00000 Full Log(L) =     -3.46490 LRT =      0.90504 p-value =      0.17072
Site   428 dN/dS =      0.00000 Full Log(L) =    -10.37646 LRT =      0.80647 p-value =      0.18458
Site   429 dN/dS =      0.00000 Full Log(L) =    -10.41178 LRT =      0.97249 p-value =      0.16203
Site   430 dN/dS =      0.00000 Full Log(L) =     -4.34102 LRT =      1.02694 p-value =      0.15544
Site   431 dN/dS =      0.00000 Full Log(L) =    -11.12195 LRT =      1.09053 p-value =      0.14818
Site   432 dN/dS =      0.00000 Full Log(L) =    -10.58894 LRT =      0.87700 p-value =      0.17451
Site   433 dN/dS =      0.00000 Full Log(L) =    -10.03059 LRT =      0.90494 p-value =      0.17073
Site   434 dN/dS =      1.80159 Full Log(L) =     -9.71184 LRT =      0.28572 p-value =      0.29649
Site   435 dN/dS =      0.00000 Full Log(L) =     -4.04242 LRT =      1.09058 p-value =      0.14817
Site   436 dN/dS =      0.00000 Full Log(L) =     -4.76097 LRT =      0.89592 p-value =      0.17194
Site   437 dN/dS =      0.00000 Full Log(L) =     -4.42208 LRT =      0.60156 p-value =      0.21899
Site   438 dN/dS =      0.00000 Full Log(L) =     -4.21883 LRT =      0.70474 p-value =      0.20060
Site   439 dN/dS =      0.00000 Full Log(L) =     -4.06405 LRT =      0.80647 p-value =      0.18458
Site   440 dN/dS =      0.00000 Full Log(L) =     -3.79198 LRT =      0.96869 p-value =      0.16250
Site   441 dN/dS =      0.00000 Full Log(L) =    -16.58873 LRT =      0.99889 p-value =      0.15879
Site   442 dN/dS =      0.00000 Full Log(L) =     -4.34102 LRT =      1.02694 p-value =      0.15544
Site   443 dN/dS =      0.00000 Full Log(L) =    -11.07312 LRT =      0.89592 p-value =      0.17194
Site   444 dN/dS =      0.00000 Full Log(L) =     -4.69683 LRT =      0.89592 p-value =      0.17194
Site   445 dN/dS =      0.00000 Full Log(L) =    -11.17139 LRT =      0.97249 p-value =      0.16203
Site   446 dN/dS =      2.01370 Full Log(L) =    -11.98792 LRT =      0.39125 p-value =      0.26582
Site   447 dN/dS =      0.00000 Full Log(L) =     -5.16416 LRT =      0.55256 p-value =      0.22864
Site   448 dN/dS =      0.00000 Full Log(L) =     -4.34102 LRT =      1.02694 p-value =      0.15544
Site   449 dN/dS =      0.00000 Full Log(L) =     -3.79198 LRT =      0.96869 p-value =      0.16250
Site   450 dN/dS =      0.00000 Full Log(L) =     -4.03527 LRT =      0.66472 p-value =      0.20745
Site   451 dN/dS =      0.00000 Full Log(L) =     -4.29820 LRT =      1.01401 p-value =      0.15697
Site   452 dN/dS =      0.00000 Full Log(L) =     -3.94676 LRT =      0.87700 p-value =      0.17451
Site   453 dN/dS =      2.26188 Full Log(L) =    -12.29505 LRT =      0.51362 p-value =      0.23679
Site   454 dN/dS =      0.00000 Full Log(L) =     -4.04242 LRT =      1.09058 p-value =      0.14817
Site   455 dN/dS =      0.00000 Full Log(L) =     -4.60262 LRT =      0.55256 p-value =      0.22864
Site   456 dN/dS =      0.00000 Full Log(L) =     -4.21265 LRT =      0.87700 p-value =      0.17451
Site   457 dN/dS =      0.00000 Full Log(L) =     -4.10656 LRT =      1.09058 p-value =      0.14817
Site   458 dN/dS =      0.00000 Full Log(L) =     -4.21883 LRT =      0.70474 p-value =      0.20060
Site   459 dN/dS =      0.00000 Full Log(L) =     -3.77949 LRT =      1.02692 p-value =      0.15544
Site   460 dN/dS =      0.00000 Full Log(L) =     -4.14757 LRT =      1.39967 p-value =      0.11839
Site   461 dN/dS =      0.00000 Full Log(L) =     -3.79198 LRT =      0.96869 p-value =      0.16250
Site   462 dN/dS =      0.00000 Full Log(L) =     -3.46490 LRT =      0.90504 p-value =      0.17072
Site   463 dN/dS =      0.00000 Full Log(L) =     -5.16416 LRT =      0.55256 p-value =      0.22864
Site   464 dN/dS =      0.00000 Full Log(L) =     -9.79984 LRT =      0.92573 p-value =      0.16799
Site   465 dN/dS =      0.00000 Full Log(L) =     -3.77949 LRT =      1.02692 p-value =      0.15544
Site   466 dN/dS =      0.00000 Full Log(L) =     -3.82798 LRT =      0.99208 p-value =      0.15962
Site   467 dN/dS =      0.00000 Full Log(L) =     -3.94676 LRT =      0.87700 p-value =      0.17451
Site   468 dN/dS =      0.00000 Full Log(L) =     -4.02643 LRT =      0.90506 p-value =      0.17071
Site   469 dN/dS =      0.00000 Full Log(L) =     -9.41809 LRT =      0.90486 p-value =      0.17074
Site   470 dN/dS =      0.00000 Full Log(L) =     -4.03527 LRT =      0.66472 p-value =      0.20745
Site   471 dN/dS =      0.00000 Full Log(L) =     -5.16416 LRT =      0.55256 p-value =      0.22864
Site   472 dN/dS =      0.00000 Full Log(L) =     -9.55831 LRT =      1.04883 p-value =      0.15289
Site   473 dN/dS =      0.00000 Full Log(L) =     -3.77949 LRT =      1.02692 p-value =      0.15544
Site   474 dN/dS =      0.00000 Full Log(L) =     -3.72784 LRT =      0.96868 p-value =      0.16250
Site   475 dN/dS =      0.00000 Full Log(L) =     -4.52723 LRT =      0.99889 p-value =      0.15879
Site   476 dN/dS =      0.00000 Full Log(L) =     -4.34102 LRT =      1.02694 p-value =      0.15544
Site   477 dN/dS =      0.00000 Full Log(L) =     -4.04242 LRT =      1.09058 p-value =      0.14817
Site   478 dN/dS =      0.00000 Full Log(L) =     -4.14757 LRT =      1.39967 p-value =      0.11839
Site   479 dN/dS =      0.00000 Full Log(L) =     -4.50763 LRT =      1.10166 p-value =      0.14695
Site   480 dN/dS =      0.00000 Full Log(L) =     -3.72784 LRT =      0.96868 p-value =      0.16250
Site   481 dN/dS =      0.00000 Full Log(L) =     -4.44348 LRT =      1.10166 p-value =      0.14695
Site   482 dN/dS =      0.00000 Full Log(L) =    -10.31228 LRT =      0.98175 p-value =      0.16088
Site   483 dN/dS =      0.00000 Full Log(L) =     -4.40327 LRT =      0.92599 p-value =      0.16795
Site   484 dN/dS =      0.00000 Full Log(L) =     -3.46490 LRT =      0.90504 p-value =      0.17072
Site   485 dN/dS =      0.00000 Full Log(L) =     -3.72557 LRT =      1.12059 p-value =      0.14490
Site   486 dN/dS =      0.00000 Full Log(L) =     -4.06405 LRT =      0.80647 p-value =      0.18458
Site   487 dN/dS =      0.00000 Full Log(L) =     -4.36234 LRT =      1.01401 p-value =      0.15697
Site   488 dN/dS =      0.00000 Full Log(L) =     -3.46490 LRT =      0.90504 p-value =      0.17072
Site   489 dN/dS =      0.00000 Full Log(L) =     -4.34157 LRT =      0.98181 p-value =      0.16088
Site   490 dN/dS =      1.84534 Full Log(L) =    -10.55131 LRT =      0.30753 p-value =      0.28960
Site   491 dN/dS =      0.00000 Full Log(L) =     -3.72784 LRT =      0.96868 p-value =      0.16250
Site   492 dN/dS =      0.00000 Full Log(L) =     -4.59138 LRT =      0.99889 p-value =      0.15879
Site   493 dN/dS =      0.00000 Full Log(L) =     -4.40571 LRT =      0.98181 p-value =      0.16088
Site   494 dN/dS =      0.00000 Full Log(L) =     -3.72557 LRT =      1.12059 p-value =      0.14490
Site   495 dN/dS =      0.00000 Full Log(L) =     -8.73828 LRT =      1.09924 p-value =      0.14722
Site   496 dN/dS =      0.00000 Full Log(L) =    -18.88944 LRT =      0.70564 p-value =      0.20045
Site   497 dN/dS =      0.00000 Full Log(L) =     -4.16787 LRT =      0.89606 p-value =      0.17192
Site   498 dN/dS =      0.00000 Full Log(L) =     -3.82798 LRT =      0.99208 p-value =      0.15962
Site   499 dN/dS =      0.00000 Full Log(L) =     -3.72784 LRT =      0.96868 p-value =      0.16250
Site   500 dN/dS =      1.92879 Full Log(L) =     -8.49825 LRT =      0.34897 p-value =      0.27735
Site   501 dN/dS =      0.00000 Full Log(L) =     -4.21265 LRT =      0.87700 p-value =      0.17451
Site   502 dN/dS =      0.00000 Full Log(L) =     -3.99991 LRT =      0.80647 p-value =      0.18458
Site   503 dN/dS =      0.00000 Full Log(L) =    -10.02087 LRT =      1.09042 p-value =      0.14819
Site   504 dN/dS =      0.00000 Full Log(L) =     -4.29820 LRT =      1.01401 p-value =      0.15697
Site   505 dN/dS =      0.00000 Full Log(L) =     -9.31526 LRT =      1.09026 p-value =      0.14821
Site   506 dN/dS =      0.00000 Full Log(L) =     -4.17515 LRT =      0.97249 p-value =      0.16203
Site   507 dN/dS =      0.00000 Full Log(L) =     -4.06405 LRT =      0.80647 p-value =      0.18458
Site   508 dN/dS =      0.00000 Full Log(L) =     -3.82798 LRT =      0.99208 p-value =      0.15962
Site   509 dN/dS =      0.00000 Full Log(L) =     -4.04242 LRT =      1.09058 p-value =      0.14817
Site   510 dN/dS =      0.00000 Full Log(L) =    -17.60971 LRT =      1.02677 p-value =      0.15546
Site   511 dN/dS =      0.00000 Full Log(L) =    -10.27202 LRT =      0.99889 p-value =      0.15879
Site   512 dN/dS =      0.00000 Full Log(L) =    -10.37348 LRT =      0.54299 p-value =      0.23060
Site   513 dN/dS =      0.00000 Full Log(L) =     -3.79198 LRT =      0.96869 p-value =      0.16250
Site   514 dN/dS =      0.00000 Full Log(L) =     -3.79198 LRT =      0.96869 p-value =      0.16250
Site   515 dN/dS =      0.00000 Full Log(L) =    -10.71269 LRT =      0.94660 p-value =      0.16529
Site   516 dN/dS =      0.00000 Full Log(L) =     -4.40327 LRT =      0.92599 p-value =      0.16795
Site   517 dN/dS =      0.00000 Full Log(L) =     -4.59680 LRT =      0.66475 p-value =      0.20744
Site   518 dN/dS =      0.00000 Full Log(L) =     -4.16787 LRT =      0.89606 p-value =      0.17192
Site   519 dN/dS =      0.00000 Full Log(L) =     -3.46490 LRT =      0.90504 p-value =      0.17072
Site   520 dN/dS =      0.00000 Full Log(L) =     -8.73616 LRT =      1.10166 p-value =      0.14695
Site   521 dN/dS =      0.00000 Full Log(L) =     -4.44104 LRT =      0.97249 p-value =      0.16203
Site   522 dN/dS =      0.00000 Full Log(L) =     -4.34102 LRT =      1.02694 p-value =      0.15544
Site   523 dN/dS =      0.00000 Full Log(L) =     -9.86703 LRT =      0.55531 p-value =      0.22808
Site   524 dN/dS =      0.00000 Full Log(L) =     -4.02643 LRT =      0.90506 p-value =      0.17071
Site   525 dN/dS =      2.86946 Full Log(L) =    -10.16422 LRT =      0.80047 p-value =      0.18548
Site   526 dN/dS =      0.00000 Full Log(L) =    -10.04933 LRT =      1.04452 p-value =      0.15339
Site   527 dN/dS =      0.00000 Full Log(L) =     -4.06405 LRT =      0.80647 p-value =      0.18458
Site   528 dN/dS =      0.00000 Full Log(L) =     -3.46490 LRT =      0.90504 p-value =      0.17072
Site   529 dN/dS =      0.00000 Full Log(L) =     -4.04242 LRT =      1.09058 p-value =      0.14817
Site   530 dN/dS =      0.00000 Full Log(L) =     -4.42208 LRT =      0.60156 p-value =      0.21899
Site   531 dN/dS =      0.00000 Full Log(L) =     -4.16787 LRT =      0.89606 p-value =      0.17192
Site   532 dN/dS =      3.64281 Full Log(L) =    -12.14984 LRT =      1.12924 p-value =      0.14397
Site   533 dN/dS =      0.00000 Full Log(L) =     -4.42208 LRT =      0.60156 p-value =      0.21899
Site   534 dN/dS =      0.00000 Full Log(L) =    
Check messages.log details of this run.
 -4.10373 LRT =      0.89606 p-value =      0.17192
Site   535 dN/dS =      0.00000 Full Log(L) =    -10.86896 LRT =      0.83359 p-value =      0.18062
Site   536 dN/dS =      0.00000 Full Log(L) =     -4.33913 LRT =      0.92599 p-value =      0.16795
Site   537 dN/dS =      0.00000 Full Log(L) =     -4.59138 LRT =      0.99889 p-value =      0.15879
Site   538 dN/dS =      0.00000 Full Log(L) =     -3.72557 LRT =      1.12059 p-value =      0.14490
Site   539 dN/dS =      0.00000 Full Log(L) =     -4.21883 LRT =      0.70474 p-value =      0.20060
Site   540 dN/dS =      0.00000 Full Log(L) =     -4.34157 LRT =      0.98181 p-value =      0.16088
Site   541 dN/dS =      0.00000 Full Log(L) =     -4.33913 LRT =      0.92599 p-value =      0.16795
Site   542 dN/dS =      0.00000 Full Log(L) =     -4.76505 LRT =      0.59013 p-value =      0.22118
Site   543 dN/dS =      0.00000 Full Log(L) =     -4.69683 LRT =      0.89592 p-value =      0.17194
Site   544 dN/dS =      0.00000 Full Log(L) =     -4.34157 LRT =      0.98181 p-value =      0.16088
Site   545 dN/dS =      2.07087 Full Log(L) =    -10.07656 LRT =      0.41961 p-value =      0.25857
Site   546 dN/dS =      4.06980 Full Log(L) =    -14.44971 LRT =      2.58083 p-value =      0.05408 *P
Site   547 dN/dS =      0.00000 Full Log(L) =     -4.76505 LRT =      0.59013 p-value =      0.22118
Site   548 dN/dS =      0.00000 Full Log(L) =     -4.76505 LRT =      0.59013 p-value =      0.22118
Site   549 dN/dS =      0.00000 Full Log(L) =     -4.73913 LRT =      1.10165 p-value =      0.14695
Site   550 dN/dS =      0.00000 Full Log(L) =     -4.40327 LRT =      0.92599 p-value =      0.16795
Site   551 dN/dS =      0.00000 Full Log(L) =     -4.16787 LRT =      0.89606 p-value =      0.17192
Site   552 dN/dS =      0.00000 Full Log(L) =     -4.14757 LRT =      1.39967 p-value =      0.11839
Site   553 dN/dS =      0.00000 Full Log(L) =     -4.42208 LRT =      0.60156 p-value =      0.21899
Site   554 dN/dS =      0.00000 Full Log(L) =     -4.59138 LRT =      0.99889 p-value =      0.15879
Site   555 dN/dS =      0.00000 Full Log(L) =     -4.40571 LRT =      0.98181 p-value =      0.16088
Site   556 dN/dS =      0.00000 Full Log(L) =     -4.03527 LRT =      0.66472 p-value =      0.20745
Site   557 dN/dS =      0.00000 Full Log(L) =     -3.46490 LRT =      0.90504 p-value =      0.17072
Site   558 dN/dS =      0.00000 Full Log(L) =     -4.50763 LRT =      1.10166 p-value =      0.14695
Site   559 dN/dS =      0.00000 Full Log(L) =     -3.79198 LRT =      0.96869 p-value =      0.16250
Site   560 dN/dS =      0.00000 Full Log(L) =     -4.10373 LRT =      0.89606 p-value =      0.17192
Site   561 dN/dS =      0.00000 Full Log(L) =     -4.38951 LRT =      1.04983 p-value =      0.15277
Site   562 dN/dS =      0.00000 Full Log(L) =     -4.40571 LRT =      0.98181 p-value =      0.16088
Site   563 dN/dS =      0.00000 Full Log(L) =     -3.79198 LRT =      0.96869 p-value =      0.16250
Site   564 dN/dS =      0.00000 Full Log(L) =    -10.48025 LRT =      0.89602 p-value =      0.17193
Site   565 dN/dS =      0.00000 Full Log(L) =     -4.40571 LRT =      0.98181 p-value =      0.16088
Site   566 dN/dS =      0.00000 Full Log(L) =     -4.10373 LRT =      0.89606 p-value =      0.17192


Wall-clock run-time (seconds): 1412793989
Process time on the master node: 3370.503826
MPI nodes used: 0

Wall-clock time per site (seconds): 3549733.640703517
