

______________READ THE FOLLOWING DATA______________
93 species:{CY003144,EU514637,CY000281,CY000321,CY000289,CY000209,CY000201,CY001333,EU501154,CY003152,CY000297,CY091109,CY112941,CY091101,CY003096,CY001104,CY001736,CY000113,EU514629,CY003160,CY003168,CY000793,CY001944,CY002328,CY000185,EU514645,AB434107,EU514643,EU514640,CY000585,CY000584,AB434108,CY003176,CY000941,CY000625,CY001168,CY000273,CY001072,CY000933,CY003104,CY000409,CY000401,EU514622,CY003200,CY000569,CY003184,CY091093,EF670487,CY000481,CY000489,CY003208,CY000925,CY000417,EU514636,EU514635,EU514634,EU514633,CY001437,EU514631,EU514630,CY000313,CY000553,CY003192,CY001197,CY000497,CY001309,CY001261,CY001301,CY001144,CY000393,CY001429,CY003120,CY000305,CY000225,CY001152,CY001317,CY000385,CY003136,CY003777,EU514617,CY003424,CY002128,CY000433,CY114341,CY001728,CY000537,EU514619,EU514618,CY000337,CY000233,CY003088,CY001080,CY001128};
Total Sites:1698;
Distinct Sites:142

Phase 1:Nucleotide Model (010010) Model Fit


-3788.42973745879

Phase 2:MG94x(010010) Model Fit



Phase 3:Estimating dN/dS


Nuc->codon scaling factor:1.878960074599213
Raw scaling factor:1.878960074599213
Tree scaling factor(S): 1

Using dN/dS=0.3465962663336377
Codon model:-3708.60844926725

Phase 4: Ancestral State Reconstruction and Counting

<<Significance level for Likelihood Ratio Tests (permissible range = [0,1], default value = 0.1)>>Site     1 dN/dS =      0.00000 Full Log(L) =     -4.04324 LRT =      1.08900 p-value =      0.14835
Site     2 dN/dS =      0.00000 Full Log(L) =     -3.84888 LRT =      0.69930 p-value =      0.20151
Site     3 dN/dS =      2.78722 Full Log(L) =    -11.18766 LRT =      0.76487 p-value =      0.19090
Site     4 dN/dS =      0.00000 Full Log(L) =     -4.06390 LRT =      0.66713 p-value =      0.20703
Site     5 dN/dS =      0.00000 Full Log(L) =     -3.98514 LRT =      0.66713 p-value =      0.20703
Site     6 dN/dS =      0.00000 Full Log(L) =     -4.55941 LRT =      0.82161 p-value =      0.18236
Site     7 dN/dS =      0.00000 Full Log(L) =    -16.74882 LRT =      0.36253 p-value =      0.27355
Site     8 dN/dS =      0.00000 Full Log(L) =     -4.15222 LRT =      0.90164 p-value =      0.17117
Site     9 dN/dS =      0.00000 Full Log(L) =     -3.99341 LRT =      0.57687 p-value =      0.22377
Site    10 dN/dS =      0.00000 Full Log(L) =     -3.98514 LRT =      0.66713 p-value =      0.20703
Site    11 dN/dS =      0.00000 Full Log(L) =     -4.14176 LRT =      0.33969 p-value =      0.28000
Site    12 dN/dS =      0.00000 Full Log(L) =    -16.38568 LRT =      0.77084 p-value =      0.18998
Site    13 dN/dS =      0.00000 Full Log(L) =    -10.75381 LRT =      0.34982 p-value =      0.27711
Site    14 dN/dS =      0.00000 Full Log(L) =     -4.27384 LRT =      0.74734 p-value =      0.19366
Site    15 dN/dS =      3.32599 Full Log(L) =    -10.06940 LRT =      1.00182 p-value =      0.15844
Site    16 dN/dS =      0.00000 Full Log(L) =     -4.55941 LRT =      0.82161 p-value =      0.18236
Site    17 dN/dS =      1.00000 Full Log(L) =      0.00000 LRT =      0.00000 p-value =      1.00000
Site    18 dN/dS =      2.31124 Full Log(L) =    -10.43979 LRT =      0.53806 p-value =      0.23162
Site    19 dN/dS =      2.48677 Full Log(L) =    -11.16354 LRT =      0.62438 p-value =      0.21471
Site    20 dN/dS =      1.00000 Full Log(L) =      0.00000 LRT =      0.00000 p-value =      1.00000
Site    21 dN/dS =      1.75054 Full Log(L) =    -11.18973 LRT =      0.26143 p-value =      0.30457
Site    22 dN/dS =      0.00000 Full Log(L) =    -10.63965 LRT =      0.90807 p-value =      0.17031
Site    23 dN/dS =      1.00000 Full Log(L) =      0.00000 LRT =      0.00000 p-value =      1.00000
Site    24 dN/dS =      1.00000 Full Log(L) =      0.00000 LRT =      0.00000 p-value =      1.00000
Site    25 dN/dS =      1.00000 Full Log(L) =      0.00000 LRT =      0.00000 p-value =      1.00000
Site    26 dN/dS =      2.20785 Full Log(L) =    -18.44495 LRT =      0.48794 p-value =      0.24242
Site    27 dN/dS =      0.00000 Full Log(L) =    -17.29353 LRT =      1.02345 p-value =      0.15585
Site    28 dN/dS =      0.00000 Full Log(L) =    -10.21946 LRT =      0.89683 p-value =      0.17182
Site    29 dN/dS =      0.00000 Full Log(L) =    -13.25381 LRT =      0.44255 p-value =      0.25295
Site    30 dN/dS =      1.00000 Full Log(L) =      0.00000 LRT =      0.00000 p-value =      1.00000
Site    31 dN/dS =      4.52385 Full Log(L) =    -11.73987 LRT =      1.45466 p-value =      0.11389
Site    32 dN/dS =      1.00000 Full Log(L) =      0.00000 LRT =      0.00000 p-value =      1.00000
Site    33 dN/dS =      0.00000 Full Log(L) =    -22.81994 LRT =      0.91152 p-value =      0.16986
Site    34 dN/dS =      1.00000 Full Log(L) =      0.00000 LRT =      0.00000 p-value =      1.00000
Site    35 dN/dS =      1.00000 Full Log(L) =      0.00000 LRT =      0.00000 p-value =      1.00000
Site    36 dN/dS =      1.00000 Full Log(L) =      0.00000 LRT =      0.00000 p-value =      1.00000
Site    37 dN/dS =      1.00000 Full Log(L) =      0.00000 LRT =      0.00000 p-value =      1.00000
Site    38 dN/dS =      1.00000 Full Log(L) =      0.00000 LRT =      0.00000 p-value =      1.00000
Site    39 dN/dS =      1.00000 Full Log(L) =      0.00000 LRT =      0.00000 p-value =      1.00000
Site    40 dN/dS =      1.00000 Full Log(L) =      0.00000 LRT =      0.00000 p-value =      1.00000
Site    41 dN/dS =      1.00000 Full Log(L) =      0.00000 LRT =      0.00000 p-value =      1.00000
Site    42 dN/dS =      1.00000 Full Log(L) =      0.00000 LRT =      0.00000 p-value =      1.00000
Site    43 dN/dS =      1.00000 Full Log(L) =      0.00000 LRT =      0.00000 p-value =      1.00000
Site    44 dN/dS =      1.00000 Full Log(L) =      0.00000 LRT =      0.00000 p-value =      1.00000
Site    45 dN/dS =      1.00000 Full Log(L) =      0.00000 LRT =      0.00000 p-value =      1.00000
Site    46 dN/dS =      1.00000 Full Log(L) =      0.00000 LRT =      0.00000 p-value =      1.00000
Site    47 dN/dS =      1.00000 Full Log(L) =      0.00000 LRT =      0.00000 p-value =      1.00000
Site    48 dN/dS =      1.00000 Full Log(L) =      0.00000 LRT =      0.00000 p-value =      1.00000
Site    49 dN/dS =      0.00000 Full Log(L) =    -10.16390 LRT =      0.53460 p-value =      0.23234
Site    50 dN/dS =      1.00000 Full Log(L) =      0.00000 LRT =      0.00000 p-value =      1.00000
Site    51 dN/dS =      1.00000 Full Log(L) =      0.00000 LRT =      0.00000 p-value =      1.00000
Site    52 dN/dS =      0.00000 Full Log(L) =    -10.57465 LRT =      0.93092 p-value =      0.16731
Site    53 dN/dS =      0.00000 Full Log(L) =    -11.34948 LRT =      0.89683 p-value =      0.17182
Site    54 dN/dS =      1.00000 Full Log(L) =      0.00000 LRT =      0.00000 p-value =      1.00000
Site    55 dN/dS =      1.00000 Full Log(L) =      0.00000 LRT =      0.00000 p-value =      1.00000
Site    56 dN/dS =      1.00000 Full Log(L) =      0.00000 LRT =      0.00000 p-value =      1.00000
Site    57 dN/dS =      0.00000 Full Log(L) =     -9.65058 LRT =      0.99758 p-value =      0.15895
Site    58 dN/dS =      1.00000 Full Log(L) =      0.00000 LRT =      0.00000 p-value =      1.00000
Site    59 dN/dS =      1.00000 Full Log(L) =      0.00000 LRT =      0.00000 p-value =      1.00000
Site    60 dN/dS =      1.00000 Full Log(L) =      0.00000 LRT =      0.00000 p-value =      1.00000
Site    61 dN/dS =      5.50407 Full Log(L) =    -20.94848 LRT =      5.29071 p-value =      0.01072 *P
Site    62 dN/dS =      0.00000 Full Log(L) =    -10.59930 LRT =      0.77630 p-value =      0.18914
Site    63 dN/dS =      1.00000 Full Log(L) =      0.00000 LRT =      0.00000 p-value =      1.00000
Site    64 dN/dS =      4.49830 Full Log(L) =    -14.20281 LRT =      2.88861 p-value =      0.04460 *P
Site    65 dN/dS =      5.24465 Full Log(L) =    -19.81458 LRT =      5.05796 p-value =      0.01226 *P
Site    66 dN/dS =      1.00000 Full Log(L) =      0.00000 LRT =      0.00000 p-value =      1.00000
Site    67 dN/dS =      1.00000 Full Log(L) =      0.00000 LRT =      0.00000 p-value =      1.00000
Site    68 dN/dS =      1.00000 Full Log(L) =      0.00000 LRT =      0.00000 p-value =      1.00000
Site    69 dN/dS =      1.94351 Full Log(L) =     -9.86095 LRT =      0.35662 p-value =      0.27520
Site    70 dN/dS =      1.79093 Full Log(L) =     -9.73673 LRT =      0.28118 p-value =      0.29797
Site    71 dN/dS =      1.00000 Full Log(L) =      0.00000 LRT =      0.00000 p-value =      1.00000
Site    72 dN/dS =      0.00000 Full Log(L) =    -18.41903 LRT =      0.91161 p-value =      0.16984
Site    73 dN/dS =      1.00000 Full Log(L) =      0.00000 LRT =      0.00000 p-value =      1.00000
Site    74 dN/dS =      1.00000 Full Log(L) =      0.00000 LRT =      0.00000 p-value =      1.00000
Site    75 dN/dS =      1.00000 Full Log(L) =      0.00000 LRT =      0.00000 p-value =      1.00000
Site    76 dN/dS =      1.00000 Full Log(L) =      0.00000 LRT =      0.00000 p-value =      1.00000
Site    77 dN/dS =      1.00000 Full Log(L) =      0.00000 LRT =      0.00000 p-value =      1.00000
Site    78 dN/dS =      1.00000 Full Log(L) =      0.00000 LRT =      0.00000 p-value =      1.00000
Site    79 dN/dS =      0.00000 Full Log(L) =     -9.55229 LRT =      0.90804 p-value =      0.17032
Site    80 dN/dS =      1.00000 Full Log(L) =      0.00000 LRT =      0.00000 p-value =      1.00000
Site    81 dN/dS =      1.00000 Full Log(L) =      0.00000 LRT =      0.00000 p-value =      1.00000
Site    82 dN/dS =      1.00000 Full Log(L) =      0.00000 LRT =      0.00000 p-value =      1.00000
Site    83 dN/dS =      1.00000 Full Log(L) =      0.00000 LRT =      0.00000 p-value =      1.00000
Site    84 dN/dS =      1.00000 Full Log(L) =      0.00000 LRT =      0.00000 p-value =      1.00000
Site    85 dN/dS =      1.00000 Full Log(L) =      0.00000 LRT =      0.00000 p-value =      1.00000
Site    86 dN/dS =      1.00000 Full Log(L) =      0.00000 LRT =      0.00000 p-value =      1.00000
Site    87 dN/dS =      0.00000 Full Log(L) =    -17.46579 LRT =      0.45179 p-value =      0.25074
Site    88 dN/dS =      1.00000 Full Log(L) =      0.00000 LRT =      0.00000 p-value =      1.00000
Site    89 dN/dS =      1.00000 Full Log(L) =      0.00000 LRT =      0.00000 p-value =      1.00000
Site    90 dN/dS =      1.00000 Full Log(L) =      0.00000 LRT =      0.00000 p-value =      1.00000
Site    91 dN/dS =      1.00000 Full Log(L) =      0.00000 LRT =      0.00000 p-value =      1.00000
Site    92 dN/dS =      1.00000 Full Log(L) =      0.00000 LRT =      0.00000 p-value =      1.00000
Site    93 dN/dS =      1.00000 Full Log(L) =      0.00000 LRT =      0.00000 p-value =      1.00000
Site    94 dN/dS =      1.00000 Full Log(L) =      0.00000 LRT =      0.00000 p-value =      1.00000
Site    95 dN/dS =      1.00000 Full Log(L) =      0.00000 LRT =      0.00000 p-value =      1.00000
Site    96 dN/dS =      0.00000 Full Log(L) =    -10.02565 LRT =      0.53459 p-value =      0.23234
Site    97 dN/dS =      1.00000 Full Log(L) =      0.00000 LRT =      0.00000 p-value =      1.00000
Site    98 dN/dS =      1.00000 Full Log(L) =      0.00000 LRT =      0.00000 p-value =      1.00000
Site    99 dN/dS =      1.00000 Full Log(L) =      0.00000 LRT =      0.00000 p-value =      1.00000
Site   100 dN/dS =      1.00000 Full Log(L) =      0.00000 LRT =      0.00000 p-value =      1.00000
Site   101 dN/dS =      1.94036 Full Log(L) =    -10.71104 LRT =      0.35505 p-value =      0.27563
Site   102 dN/dS =      1.00000 Full Log(L) =      0.00000 LRT =      0.00000 p-value =      1.00000
Site   103 dN/dS =      1.00000 Full Log(L) =      0.00000 LRT =      0.00000 p-value =      1.00000
Site   104 dN/dS =      1.00000 Full Log(L) =      0.00000 LRT =      0.00000 p-value =      1.00000
Site   105 dN/dS =      1.00000 Full Log(L) =      0.00000 LRT =      0.00000 p-value =      1.00000
Site   106 dN/dS =      1.00000 Full Log(L) =      0.00000 LRT =      0.00000 p-value =      1.00000
Site   107 dN/dS =      1.00000 Full Log(L) =      0.00000 LRT =      0.00000 p-value =      1.00000
Site   108 dN/dS =      2.31017 Full Log(L) =    -10.06046 LRT =      0.53758 p-value =      0.23172
Site   109 dN/dS =      1.00000 Full Log(L) =      0.00000 LRT =      0.00000 p-value =      1.00000
Site   110 dN/dS =      0.00000 Full Log(L) =    -10.29540 LRT =      0.71855 p-value =      0.19831
Site   111 dN/dS =      1.00000 Full Log(L) =      0.00000 LRT =      0.00000 p-value =      1.00000
Site   112 dN/dS =      1.00000 Full Log(L) =      0.00000 LRT =      0.00000 p-value =      1.00000
Site   113 dN/dS =      1.00000 Full Log(L) =      0.00000 LRT =      0.00000 p-value =      1.00000
Site   114 dN/dS =      1.00000 Full Log(L) =      0.00000 LRT =      0.00000 p-value =      1.00000
Site   115 dN/dS =      1.00000 Full Log(L) =      0.00000 LRT =      0.00000 p-value =      1.00000
Site   116 dN/dS =      1.00000 Full Log(L) =      0.00000 LRT =      0.00000 p-value =      1.00000
Site   117 dN/dS =      1.00000 Full Log(L) =      0.00000 LRT =      0.00000 p-value =      1.00000
Site   118 dN/dS =      0.00000 Full Log(L) =    -10.21148 LRT =      0.93092 p-value =      0.16731
Site   119 dN/dS =      1.00000 Full Log(L) =      0.00000 LRT =      0.00000 p-value =      1.00000
Site   120 dN/dS =      1.00000 Full Log(L) =      0.00000 LRT =      0.00000 p-value =      1.00000
Site   121 dN/dS =      1.00000 Full Log(L) =      0.00000 LRT =      0.00000 p-value =      1.00000
Site   122 dN/dS =      0.00000 Full Log(L) =    -11.35494 LRT =      0.93092 p-value =      0.16731
Site   123 dN/dS =      1.00000 Full Log(L) =      0.00000 LRT =      0.00000 p-value =      1.00000
Site   124 dN/dS =      1.00000 Full Log(L) =      0.00000 LRT =      0.00000 p-value =      1.00000
Site   125 dN/dS =      1.00000 Full Log(L) =      0.00000 LRT =      0.00000 p-value =      1.00000
Site   126 dN/dS =      1.00000 Full Log(L) =      0.00000 LRT =      0.00000 p-value =      1.00000
Site   127 dN/dS =      1.00000 Full Log(L) =      0.00000 LRT =      0.00000 p-value =      1.00000
Site   128 dN/dS =      1.00000 Full Log(L) =      0.00000 LRT =      0.00000 p-value =      1.00000
Site   129 dN/dS =      1.00000 Full Log(L) =      0.00000 LRT =      0.00000 p-value =      1.00000
Site   130 dN/dS =      0.00000 Full Log(L) =    -10.46760 LRT =      0.69981 p-value =      0.20142
Site   131 dN/dS =      1.00000 Full Log(L) =      0.00000 LRT =      0.00000 p-value =      1.00000
Site   132 dN/dS =      1.00000 Full Log(L) =      0.00000 LRT =      0.00000 p-value =      1.00000
Site   133 dN/dS =      0.00000 Full Log(L) =     -8.81989 LRT =      0.89683 p-value =      0.17182
Site   134 dN/dS =      1.00000 Full Log(L) =      0.00000 LRT =      0.00000 p-value =      1.00000
Site   135 dN/dS =      0.00000 Full Log(L) =    -10.19570 LRT =      0.99760 p-value =      0.15895
Site   136 dN/dS =      1.00000 Full Log(L) =      0.00000 LRT =      0.00000 p-value =      1.00000
Site   137 dN/dS =      1.00000 Full Log(L) =      0.00000 LRT =      0.00000 p-value =      1.00000
Site   138 dN/dS =      2.21327 Full Log(L) =     -9.67611 LRT =      0.49018 p-value =      0.24192
Site   139 dN/dS =      1.00000 Full Log(L) =      0.00000 LRT =      0.00000 p-value =      1.00000
Site   140 dN/dS =      1.00000 Full Log(L) =      0.00000 LRT =      0.00000 p-value =      1.00000
Site   141 dN/dS =      1.00000 Full Log(L) =      0.00000 LRT =      0.00000 p-value =      1.00000
Site   142 dN/dS =      1.00000 Full Log(L) =      0.00000 LRT =      0.00000 p-value =      1.00000
Site   143 dN/dS =      1.00000 Full Log(L) =      0.00000 LRT =      0.00000 p-value =      1.00000
Site   144 dN/dS =      1.00000 Full Log(L) =      0.00000 LRT =      0.00000 p-value =      1.00000
Site   145 dN/dS =      1.00000 Full Log(L) =      0.00000 LRT =      0.00000 p-value =      1.00000
Site   146 dN/dS =      1.00000 Full Log(L) =      0.00000 LRT =      0.00000 p-value =      1.00000
Site   147 dN/dS =      1.00000 Full Log(L) =      0.00000 LRT =      0.00000 p-value =      1.00000
Site   148 dN/dS =      1.00000 Full Log(L) =      0.00000 LRT =      0.00000 p-value =      1.00000
Site   149 dN/dS =      1.00000 Full Log(L) =      0.00000 LRT =      0.00000 p-value =      1.00000
Site   150 dN/dS =      0.00000 Full Log(L) =     -9.71821 LRT =      1.14916 p-value =      0.14186
Site   151 dN/dS =      1.00000 Full Log(L) =      0.00000 LRT =      0.00000 p-value =      1.00000
Site   152 dN/dS =      1.00000 Full Log(L) =      0.00000 LRT =      0.00000 p-value =      1.00000
Site   153 dN/dS =      2.58846 Full Log(L) =    -10.59855 LRT =      0.67272 p-value =      0.20605
Site   154 dN/dS =      1.00000 Full Log(L) =      0.00000 LRT =      0.00000 p-value =      1.00000
Site   155 dN/dS =      1.00000 Full Log(L) =      0.00000 LRT =      0.00000 p-value =      1.00000
Site   156 dN/dS =      1.00000 Full Log(L) =      0.00000 LRT =      0.00000 p-value =      1.00000
Site   157 dN/dS =      1.00000 Full Log(L) =      0.00000 LRT =      0.00000 p-value =      1.00000
Site   158 dN/dS =      1.00000 Full Log(L) =      0.00000 LRT =      0.00000 p-value =      1.00000
Site   159 dN/dS =      1.00000 Full Log(L) =      0.00000 LRT =      0.00000 p-value =      1.00000
Site   160 dN/dS =      1.99852 Full Log(L) =    -10.15654 LRT =      0.38410 p-value =      0.26771
Site   161 dN/dS =      1.00000 Full Log(L) =      0.00000 LRT =      0.00000 p-value =      1.00000
Site   162 dN/dS =      1.00000 Full Log(L) =      0.00000 LRT =      0.00000 p-value =      1.00000
Site   163 dN/dS =      1.00000 Full Log(L) =      0.00000 LRT =      0.00000 p-value =      1.00000
Site   164 dN/dS =      1.00000 Full Log(L) =      0.00000 LRT =      0.00000 p-value =      1.00000
Site   165 dN/dS =      1.00000 Full Log(L) =      0.00000 LRT =      0.00000 p-value =      1.00000
Site   166 dN/dS =      1.00000 Full Log(L) =      0.00000 LRT =      0.00000 p-value =      1.00000
Site   167 dN/dS =      1.00000 Full Log(L) =      0.00000 LRT =      0.00000 p-value =      1.00000
Site   168 dN/dS =      1.00000 Full Log(L) =      0.00000 LRT =      0.00000 p-value =      1.00000
Site   169 dN/dS =      1.00000 Full Log(L) =      0.00000 LRT =      0.00000 p-value =      1.00000
Site   170 dN/dS =      1.00000 Full Log(L) =      0.00000 LRT =      0.00000 p-value =      1.00000
Site   171 dN/dS =      1.00000 Full Log(L) =      0.00000 LRT =      0.00000 p-value =      1.00000
Site   172 dN/dS =      1.00000 Full Log(L) =      0.00000 LRT =      0.00000 p-value =      1.00000
Site   173 dN/dS =      1.00000 Full Log(L) =      0.00000 LRT =      0.00000 p-value =      1.00000
Site   174 dN/dS =      1.00000 Full Log(L) =      0.00000 LRT =      0.00000 p-value =      1.00000
Site   175 dN/dS =      1.00000 Full Log(L) =      0.00000 LRT =      0.00000 p-value =      1.00000
Site   176 dN/dS =      1.00000 Full Log(L) =      0.00000 LRT =      0.00000 p-value =      1.00000
Site   177 dN/dS =      1.00000 Full Log(L) =      0.00000 LRT =      0.00000 p-value =      1.00000
Site   178 dN/dS =      1.00000 Full Log(L) =      0.00000 LRT =      0.00000 p-value =      1.00000
Site   179 dN/dS =      0.00000 Full Log(L) =    -21.89659 LRT =      1.02345 p-value =      0.15585
Site   180 dN/dS =      0.00000 Full Log(L) =    -10.84332 LRT =      0.43589 p-value =      0.25456
Site   181 dN/dS =      1.00000 Full Log(L) =      0.00000 LRT =      0.00000 p-value =      1.00000
Site   182 dN/dS =      1.00000 Full Log(L) =      0.00000 LRT =      0.00000 p-value =      1.00000
Site   183 dN/dS =      1.00000 Full Log(L) =      0.00000 LRT =      0.00000 p-value =      1.00000
Site   184 dN/dS =      1.00000 Full Log(L) =      0.00000 LRT =      0.00000 p-value =      1.00000
Site   185 dN/dS =      1.00000 Full Log(L) =      0.00000 LRT =      0.00000 p-value =      1.00000
Site   186 dN/dS =      1.00000 Full Log(L) =      0.00000 LRT =      0.00000 p-value =      1.00000
Site   187 dN/dS =      1.00000 Full Log(L) =      0.00000 LRT =      0.00000 p-value =      1.00000
Site   188 dN/dS =      1.00000 Full Log(L) =      0.00000 LRT =      0.00000 p-value =      1.00000
Site   189 dN/dS =      1.00000 Full Log(L) =      0.00000 LRT =      0.00000 p-value =      1.00000
Site   190 dN/dS =      1.00000 Full Log(L) =      0.00000 LRT =      0.00000 p-value =      1.00000
Site   191 dN/dS =      1.00000 Full Log(L) =      0.00000 LRT =      0.00000 p-value =      1.00000
Site   192 dN/dS =      1.00000 Full Log(L) =      0.00000 LRT =      0.00000 p-value =      1.00000
Site   193 dN/dS =      1.00000 Full Log(L) =      0.00000 LRT =      0.00000 p-value =      1.00000
Site   194 dN/dS =      1.00000 Full Log(L) =      0.00000 LRT =      0.00000 p-value =      1.00000
Site   195 dN/dS =      1.00000 Full Log(L) =      0.00000 LRT =      0.00000 p-value =      1.00000
Site   196 dN/dS =      1.00000 Full Log(L) =      0.00000 LRT =      0.00000 p-value =      1.00000
Site   197 dN/dS =      1.00000 Full Log(L) =      0.00000 LRT =      0.00000 p-value =      1.00000
Site   198 dN/dS =      1.00000 Full Log(L) =      0.00000 LRT =      0.00000 p-value =      1.00000
Site   199 dN/dS =      6.88665 Full Log(L) =    -26.38185 LRT =      6.41428 p-value =      0.00566 *P
Site   200 dN/dS =      1.00000 Full Log(L) =      0.00000 LRT =      0.00000 p-value =      1.00000
Site   201 dN/dS =      1.00000 Full Log(L) =      0.00000 LRT =      0.00000 p-value =      1.00000
Site   202 dN/dS =      5.16699 Full Log(L) =    -23.46266 LRT =      4.98980 p-value =      0.01275 *P
Site   203 dN/dS =      0.00000 Full Log(L) =    -16.55607 LRT =      0.89683 p-value =      0.17182
Site   204 dN/dS =      1.00000 Full Log(L) =      0.00000 LRT =      0.00000 p-value =      1.00000
Site   205 dN/dS =      1.79522 Full Log(L) =     -9.51120 LRT =      0.28329 p-value =      0.29728
Site   206 dN/dS =      1.94836 Full Log(L) =    -15.28514 LRT =      0.35904 p-value =      0.27452
Site   207 dN/dS =      1.00000 Full Log(L) =      0.00000 LRT =      0.00000 p-value =      1.00000
Site   208 dN/dS =      1.00000 Full Log(L) =      0.00000 LRT =      0.00000 p-value =      1.00000
Site   209 dN/dS =      0.00000 Full Log(L) =    -11.14633 LRT =      1.12309 p-value =      0.14463
Site   210 dN/dS =      0.00000 Full Log(L) =    -11.68027 LRT =      0.43542 p-value =      0.25467
Site   211 dN/dS =      1.00000 Full Log(L) =      0.00000 LRT =      0.00000 p-value =      1.00000
Site   212 dN/dS =      1.00000 Full Log(L) =      0.00000 LRT =      0.00000 p-value =      1.00000
Site   213 dN/dS =      0.00000 Full Log(L) =    -10.16340 LRT =      0.53460 p-value =      0.23234
Site   214 dN/dS =      1.97721 Full Log(L) =    -12.98412 LRT =      0.37368 p-value =      0.27050
Site   215 dN/dS =      1.00000 Full Log(L) =      0.00000 LRT =      0.00000 p-value =      1.00000
Site   216 dN/dS =      1.00000 Full Log(L) =      0.00000 LRT =      0.00000 p-value =      1.00000
Site   217 dN/dS =      1.00000 Full Log(L) =      0.00000 LRT =      0.00000 p-value =      1.00000
Site   218 dN/dS =      2.15957 Full Log(L) =    -16.30354 LRT =      0.46417 p-value =      0.24784
Site   219 dN/dS =      2.23608 Full Log(L) =     -9.84889 LRT =      0.50188 p-value =      0.23934
Site   220 dN/dS =      1.00000 Full Log(L) =      0.00000 LRT =      0.00000 p-value =      1.00000
Site   221 dN/dS =      1.00000 Full Log(L) =      0.00000 LRT =      0.00000 p-value =      1.00000
Site   222 dN/dS =      1.00000 Full Log(L) =      0.00000 LRT =      0.00000 p-value =      1.00000
Site   223 dN/dS =      0.00000 Full Log(L) =     -9.83383 LRT =      0.87098 p-value =      0.17534
Site   224 dN/dS =      0.00000 Full Log(L) =    -11.02815 LRT =      1.06457 p-value =      0.15109
Site   225 dN/dS =      0.00000 Full Log(L) =     -9.75952 LRT =      1.12305 p-value =      0.14463
Site   226 dN/dS =      1.00000 Full Log(L) =      0.00000 LRT =      0.00000 p-value =      1.00000
Site   227 dN/dS =      1.00000 Full Log(L) =      0.00000 LRT =      0.00000 p-value =      1.00000
Site   228 dN/dS =      1.00000 Full Log(L) =      0.00000 LRT =      0.00000 p-value =      1.00000
Site   229 dN/dS =      1.00000 Full Log(L) =      0.00000 LRT =      0.00000 p-value =      1.00000
Site   230 dN/dS =      1.00000 Full Log(L) =      0.00000 LRT =      0.00000 p-value =      1.00000
Site   231 dN/dS =      0.00000 Full Log(L) =     -9.97394 LRT =      0.90038 p-value =      0.17134
Site   232 dN/dS =      1.00000 Full Log(L) =      0.00000 LRT =      0.00000 p-value =      1.00000
Site   233 dN/dS =      0.00000 Full Log(L) =     -9.45207 LRT =      0.83095 p-value =      0.18100
Site   234 dN/dS =      0.00000 Full Log(L) =     -9.94086 LRT =      1.14876 p-value =      0.14190
Site   235 dN/dS =      0.00000 Full Log(L) =    -18.16827 LRT =      0.77630 p-value =      0.18914
Site   236 dN/dS =     21.61650 Full Log(L) =    -52.34471 LRT =     45.97365 p-value =      0.00000 *P
Site   237 dN/dS =      1.00000 Full Log(L) =      0.00000 LRT =      0.00000 p-value =      1.00000
Site   238 dN/dS =      1.00000 Full Log(L) =      0.00000 LRT =      0.00000 p-value =      1.00000
Site   239 dN/dS =      4.42159 Full Log(L) =    -19.66100 LRT =      2.83675 p-value =      0.04607 *P
Site   240 dN/dS =      1.00000 Full Log(L) =      0.00000 LRT =      0.00000 p-value =      1.00000
Site   241 dN/dS =      1.00000 Full Log(L) =      0.00000 LRT =      0.00000 p-value =      1.00000
Site   242 dN/dS =      1.00000 Full Log(L) =      0.00000 LRT =      0.00000 p-value =      1.00000
Site   243 dN/dS =      1.00000 Full Log(L) =      0.00000 LRT =      0.00000 p-value =      1.00000
Site   244 dN/dS =      1.00000 Full Log(L) =      0.00000 LRT =      0.00000 p-value =      1.00000
Site   245 dN/dS =     18.28115 Full Log(L) =    -53.13548 LRT =     34.83046 p-value =      0.00000 *P
Site   246 dN/dS =      1.00000 Full Log(L) =      0.00000 LRT =      0.00000 p-value =      1.00000
Site   247 dN/dS =      1.00000 Full Log(L) =      0.00000 LRT =      0.00000 p-value =      1.00000
Site   248 dN/dS =      1.00000 Full Log(L) =      0.00000 LRT =      0.00000 p-value =      1.00000
Site   249 dN/dS =      1.00000 Full Log(L) =      0.00000 LRT =      0.00000 p-value =      1.00000
Site   250 dN/dS =      1.00000 Full Log(L) =      0.00000 LRT =      0.00000 p-value =      1.00000
Site   251 dN/dS =      1.00000 Full Log(L) =      0.00000 LRT =      0.00000 p-value =      1.00000
Site   252 dN/dS =      1.00000 Full Log(L) =      0.00000 LRT =      0.00000 p-value =      1.00000
Site   253 dN/dS =      0.00000 Full Log(L) =    -10.51868 LRT =      0.93092 p-value =      0.16731
Site   254 dN/dS =      1.00000 Full Log(L) =      0.00000 LRT =      0.00000 p-value =      1.00000
Site   255 dN/dS =      1.00000 Full Log(L) =      0.00000 LRT =      0.00000 p-value =      1.00000
Site   256 dN/dS =      1.00000 Full Log(L) =      0.00000 LRT =      0.00000 p-value =      1.00000
Site   257 dN/dS =      1.00000 Full Log(L) =      0.00000 LRT =      0.00000 p-value =      1.00000
Site   258 dN/dS =      1.00000 Full Log(L) =      0.00000 LRT =      0.00000 p-value =      1.00000
Site   259 dN/dS =      2.48677 Full Log(L) =    -11.16362 LRT =      0.62438 p-value =      0.21471
Site   260 dN/dS =      0.00000 Full Log(L) =     -9.37538 LRT =      0.45150 p-value =      0.25081
Site   261 dN/dS =      1.00000 Full Log(L) =      0.00000 LRT =      0.00000 p-value =      1.00000
Site   262 dN/dS =      1.00000 Full Log(L) =      0.00000 LRT =      0.00000 p-value =      1.00000
Site   263 dN/dS =      1.00000 Full Log(L) =      0.00000 LRT =      0.00000 p-value =      1.00000
Site   264 dN/dS =      1.00000 Full Log(L) =      0.00000 LRT =      0.00000 p-value =      1.00000
Site   265 dN/dS =      0.00000 Full Log(L) =    -10.72375 LRT =      1.18055 p-value =      0.13862
Site   266 dN/dS =      1.00000 Full Log(L) =      0.00000 LRT =      0.00000 p-value =      1.00000
Site   267 dN/dS =      0.00000 Full Log(L) =    -10.77311 LRT =      0.43565 p-value =      0.25461
Site   268 dN/dS =      1.00000 Full Log(L) =      0.00000 LRT =      0.00000 p-value =      1.00000
Site   269 dN/dS =      1.00000 Full Log(L) =      0.00000 LRT =      0.00000 p-value =      1.00000
Site   270 dN/dS =      1.00000 Full Log(L) =      0.00000 LRT =      0.00000 p-value =      1.00000
Site   271 dN/dS =      1.00000 Full Log(L) =      0.00000 LRT =      0.00000 p-value =      1.00000
Site   272 dN/dS =      1.00000 Full Log(L) =      0.00000 LRT =      0.00000 p-value =      1.00000
Site   273 dN/dS =      0.00000 Full Log(L) =    -14.75534 LRT =      0.71855 p-value =      0.19831
Site   274 dN/dS =      1.00000 Full Log(L) =      0.00000 LRT =      0.00000 p-value =      1.00000
Site   275 dN/dS =      1.00000 Full Log(L) =      0.00000 LRT =      0.00000 p-value =      1.00000
Site   276 dN/dS =      1.80301 Full Log(L) =     -9.81637 LRT =      0.28694 p-value =      0.29610
Site   277 dN/dS =      3.21425 Full Log(L) =    -10.37553 LRT =      0.95374 p-value =      0.16438
Site   278 dN/dS =      1.00000 Full Log(L) =      0.00000 LRT =      0.00000 p-value =      1.00000
Site   279 dN/dS =      1.00000 Full Log(L) =      0.00000 LRT =      0.00000 p-value =      1.00000
Site   280 dN/dS =      1.00000 Full Log(L) =      0.00000 LRT =      0.00000 p-value =      1.00000
Site   281 dN/dS =      1.00000 Full Log(L) =      0.00000 LRT =      0.00000 p-value =      1.00000
Site   282 dN/dS =      1.00000 Full Log(L) =      0.00000 LRT =      0.00000 p-value =      1.00000
Site   283 dN/dS =      1.00000 Full Log(L) =      0.00000 LRT =      0.00000 p-value =      1.00000
Site   284 dN/dS =      1.00000 Full Log(L) =      0.00000 LRT =      0.00000 p-value =      1.00000
Site   285 dN/dS =      1.00000 Full Log(L) =      0.00000 LRT =      0.00000 p-value =      1.00000
Site   286 dN/dS =      0.00000 Full Log(L) =    -13.16929 LRT =      0.70493 p-value =      0.20057
Site   287 dN/dS =      1.00000 Full Log(L) =      0.00000 LRT =      0.00000 p-value =      1.00000
Site   288 dN/dS =      1.00000 Full Log(L) =      0.00000 LRT =      0.00000 p-value =      1.00000
Site   289 dN/dS =      1.00000 Full Log(L) =      0.00000 LRT =      0.00000 p-value =      1.00000
Site   290 dN/dS =      1.00000 Full Log(L) =      0.00000 LRT =      0.00000 p-value =      1.00000
Site   291 dN/dS =      1.70578 Full Log(L) =    -10.46636 LRT =      0.23973 p-value =      0.31220
Site   292 dN/dS =      1.00000 Full Log(L) =      0.00000 LRT =      0.00000 p-value =      1.00000
Site   293 dN/dS =      1.00000 Full Log(L) =      0.00000 LRT =      0.00000 p-value =      1.00000
Site   294 dN/dS =      1.00000 Full Log(L) =      0.00000 LRT =      0.00000 p-value =      1.00000
Site   295 dN/dS =      0.00000 Full Log(L) =    -13.81966 LRT =      0.77611 p-value =      0.18917
Site   296 dN/dS =      2.01659 Full Log(L) =     -9.47456 LRT =      0.39292 p-value =      0.26539
Site   297 dN/dS =      1.00000 Full Log(L) =      0.00000 LRT =      0.00000 p-value =      1.00000
Site   298 dN/dS =      1.00000 Full Log(L) =      0.00000 LRT =      0.00000 p-value =      1.00000
Site   299 dN/dS =      1.00000 Full Log(L) =      0.00000 LRT =      0.00000 p-value =      1.00000
Site   300 dN/dS =      1.00000 Full Log(L) =      0.00000 LRT =      0.00000 p-value =      1.00000
Site   301 dN/dS =      2.21488 Full Log(L) =    -10.91385 LRT =      0.49095 p-value =      0.24175
Site   302 dN/dS =      1.00000 Full Log(L) =      0.00000 LRT =      0.00000 p-value =      1.00000
Site   303 dN/dS =      1.00000 Full Log(L) =      0.00000 LRT =      0.00000 p-value =      1.00000
Site   304 dN/dS =      0.00000 Full Log(L) =    -10.35720 LRT =      0.83097 p-value =      0.18100
Site   305 dN/dS =      1.00000 Full Log(L) =      0.00000 LRT =      0.00000 p-value =      1.00000
Site   306 dN/dS =      1.00000 Full Log(L) =      0.00000 LRT =      0.00000 p-value =      1.00000
Site   307 dN/dS =      1.93423 Full Log(L) =    -10.30906 LRT =      0.35200 p-value =      0.27649
Site   308 dN/dS =      1.00000 Full Log(L) =      0.00000 LRT =      0.00000 p-value =      1.00000
Site   309 dN/dS =      1.00000 Full Log(L) =      0.00000 LRT =      0.00000 p-value =      1.00000
Site   310 dN/dS =      1.00000 Full Log(L) =      0.00000 LRT =      0.00000 p-value =      1.00000
Site   311 dN/dS =      1.00000 Full Log(L) =      0.00000 LRT =      0.00000 p-value =      1.00000
Site   312 dN/dS =      1.00000 Full Log(L) =      0.00000 LRT =      0.00000 p-value =      1.00000
Site   313 dN/dS =      1.00000 Full Log(L) =      0.00000 LRT =      0.00000 p-value =      1.00000
Site   314 dN/dS =      1.00000 Full Log(L) =      0.00000 LRT =      0.00000 p-value =      1.00000
Site   315 dN/dS =      0.00000 Full Log(L) =    -10.42448 LRT =      1.09659 p-value =      0.14751
Site   316 dN/dS =      1.00000 Full Log(L) =      0.00000 LRT =      0.00000 p-value =      1.00000
Site   317 dN/dS =      1.00000 Full Log(L) =      0.00000 LRT =      0.00000 p-value =      1.00000
Site   318 dN/dS =      2.80223 Full Log(L) =    -11.31525 LRT =      0.77082 p-value =      0.18998
Site   319 dN/dS =      1.00000 Full Log(L) =      0.00000 LRT =      0.00000 p-value =      1.00000
Site   320 dN/dS =      6.36651 Full Log(L) =    -32.46697 LRT =      6.01857 p-value =      0.00708 *P
Site   321 dN/dS =      1.00000 Full Log(L) =      0.00000 LRT =      0.00000 p-value =      1.00000
Site   322 dN/dS =      0.00000 Full Log(L) =    -11.41058 LRT =      0.90038 p-value =      0.17134
Site   323 dN/dS =      1.00000 Full Log(L) =      0.00000 LRT =      0.00000 p-value =      1.00000
Site   324 dN/dS =      1.00000 Full Log(L) =      0.00000 LRT =      0.00000 p-value =      1.00000
Site   325 dN/dS =      1.00000 Full Log(L) =      0.00000 LRT =      0.00000 p-value =      1.00000
Site   326 dN/dS =      1.00000 Full Log(L) =      0.00000 LRT =      0.00000 p-value =      1.00000
Site   327 dN/dS =      1.00000 Full Log(L) =      0.00000 LRT =      0.00000 p-value =      1.00000
Site   328 dN/dS =      2.22384 Full Log(L) =    -13.07256 LRT =      0.49536 p-value =      0.24077
Site   329 dN/dS =      1.00000 Full Log(L) =      0.00000 LRT =      0.00000 p-value =      1.00000
Site   330 dN/dS =      1.00000 Full Log(L) =      0.00000 LRT =      0.00000 p-value =      1.00000
Site   331 dN/dS =      1.00000 Full Log(L) =      0.00000 LRT =      0.00000 p-value =      1.00000
Site   332 dN/dS =      1.00000 Full Log(L) =      0.00000 LRT =      0.00000 p-value =      1.00000
Site   333 dN/dS =      1.00000 Full Log(L) =      0.00000 LRT =      0.00000 p-value =      1.00000
Site   334 dN/dS =      1.00000 Full Log(L) =      0.00000 LRT =      0.00000 p-value =      1.00000
Site   335 dN/dS =      0.00000 Full Log(L) =    -10.72337 LRT =      1.18055 p-value =      0.13862
Site   336 dN/dS =      1.00000 Full Log(L) =      0.00000 LRT =      0.00000 p-value =      1.00000
Site   337 dN/dS =      0.00000 Full Log(L) =    -10.51405 LRT =      1.00555 p-value =      0.15799
Site   338 dN/dS =      1.00000 Full Log(L) =      0.00000 LRT =      0.00000 p-value =      1.00000
Site   339 dN/dS =      0.00000 Full Log(L) =    -10.58822 LRT =      0.93092 p-value =      0.16731
Site   340 dN/dS =      1.00000 Full Log(L) =      0.00000 LRT =      0.00000 p-value =      1.00000
Site   341 dN/dS =      1.00000 Full Log(L) =      0.00000 LRT =      0.00000 p-value =      1.00000
Site   342 dN/dS =      1.00000 Full Log(L) =      0.00000 LRT =      0.00000 p-value =      1.00000
Site   343 dN/dS =      1.00000 Full Log(L) =      0.00000 LRT =      0.00000 p-value =      1.00000
Site   344 dN/dS =      2.23740 Full Log(L) =    -11.44887 LRT =      0.50252 p-value =      0.23920
Site   345 dN/dS =      1.00000 Full Log(L) =      0.00000 LRT =      0.00000 p-value =      1.00000
Site   346 dN/dS =      0.00000 Full Log(L) =     -4.45790 LRT =      0.94788 p-value =      0.16513
Site   347 dN/dS =      0.00000 Full Log(L) =     -3.60778 LRT =      0.89256 p-value =      0.17239
Site   348 dN/dS =      0.00000 Full Log(L) =     -4.38364 LRT =      0.60431 p-value =      0.21847
Site   349 dN/dS =      2.11951 Full Log(L) =     -9.76484 LRT =      0.44463 p-value =      0.25245
Site   350 dN/dS =      0.00000 Full Log(L) =     -4.29477 LRT =      0.82161 p-value =      0.18236
Site   351 dN/dS =      0.00000 Full Log(L) =     -4.06390 LRT =      0.66713 p-value =      0.20703
Site   352 dN/dS =      0.00000 Full Log(L) =    -10.02781 LRT =      0.82161 p-value =      0.18236
Site   353 dN/dS =      0.00000 Full Log(L) =     -4.45790 LRT =      0.94788 p-value =      0.16513
Site   354 dN/dS =      0.00000 Full Log(L) =     -4.38364 LRT =      0.60431 p-value =      0.21847
Site   355 dN/dS =      0.00000 Full Log(L) =     -3.60778 LRT =      0.89256 p-value =      0.17239
Site   356 dN/dS =      0.00000 Full Log(L) =     -3.59319 LRT =      0.80093 p-value =      0.18541
Site   357 dN/dS =      0.00000 Full Log(L) =     -3.57792 LRT =      0.72906 p-value =      0.19659
Site   358 dN/dS =      0.00000 Full Log(L) =     -4.37914 LRT =      0.94788 p-value =      0.16513
Site   359 dN/dS =      0.00000 Full Log(L) =     -4.48526 LRT =      0.35985 p-value =      0.27429
Site   360 dN/dS =      0.00000 Full Log(L) =     -4.12686 LRT =      0.80093 p-value =      0.18541
Site   361 dN/dS =      0.00000 Full Log(L) =    -11.28913 LRT =      0.92269 p-value =      0.16838
Site   362 dN/dS =      0.00000 Full Log(L) =     -4.04324 LRT =      1.08900 p-value =      0.14835
Site   363 dN/dS =      0.00000 Full Log(L) =     -4.04324 LRT =      1.08900 p-value =      0.14835
Site   364 dN/dS =      0.00000 Full Log(L) =     -3.93467 LRT =      0.83069 p-value =      0.18104
Site   365 dN/dS =      0.00000 Full Log(L) =     -9.89093 LRT =      0.94788 p-value =      0.16513
Site   366 dN/dS =      0.00000 Full Log(L) =     -4.48526 LRT =      0.35985 p-value =      0.27429
Site   367 dN/dS =      0.00000 Full Log(L) =     -3.99341 LRT =      0.57687 p-value =      0.22377
Site   368 dN/dS =      0.00000 Full Log(L) =     -4.37914 LRT =      0.94788 p-value =      0.16513
Site   369 dN/dS =      0.00000 Full Log(L) =     -4.38364 LRT =      0.60431 p-value =      0.21847
Site   370 dN/dS =      0.00000 Full Log(L) =     -4.35306 LRT =      0.88051 p-value =      0.17403
Site   371 dN/dS =      0.00000 Full Log(L) =     -4.31963 LRT =      0.73185 p-value =      0.19614
Site   372 dN/dS =      0.00000 Full Log(L) =    -17.02490 LRT =      0.42916 p-value =      0.25620
Site   373 dN/dS =      0.00000 Full Log(L) =     -3.57792 LRT =      0.72906 p-value =      0.19659
Site   374 dN/dS =      0.00000 Full Log(L) =     -4.61815 LRT =      0.62318 p-value =      0.21493
Site   375 dN/dS =      0.00000 Full Log(L) =     -8.74872 LRT =      0.77831 p-value =      0.18883
Site   376 dN/dS =      0.00000 Full Log(L) =     -4.45281 LRT =      0.92124 p-value =      0.16857
Site   377 dN/dS =      2.86138 Full Log(L) =    -10.25555 LRT =      0.79865 p-value =      0.18575
Site   378 dN/dS =      0.00000 Full Log(L) =     -4.64194 LRT =      0.92124 p-value =      0.16857
Site   379 dN/dS =      0.00000 Full Log(L) =     -4.05345 LRT =      0.41715 p-value =      0.25918
Site   380 dN/dS =      0.00000 Full Log(L) =     -4.29058 LRT =      0.79852 p-value =      0.18577
Site   381 dN/dS =      0.00000 Full Log(L) =     -4.29058 LRT =      0.79852 p-value =      0.18577
Site   382 dN/dS =      0.00000 Full Log(L) =     -3.85188 LRT =      0.80735 p-value =      0.18445
Site   383 dN/dS =      0.00000 Full Log(L) =     -4.73275 LRT =      0.63028 p-value =      0.21363
Site   384 dN/dS =      0.00000 Full Log(L) =     -3.31174 LRT =      0.67965 p-value =      0.20485
Site   385 dN/dS =      0.00000 Full Log(L) =     -4.14791 LRT =      0.87631 p-value =      0.17461
Site   386 dN/dS =      0.00000 Full Log(L) =    -12.74132 LRT =      0.69975 p-value =      0.20143
Site   387 dN/dS =      0.00000 Full Log(L) =     -4.05345 LRT =      0.41715 p-value =      0.25918
Site   388 dN/dS =      0.00000 Full Log(L) =     -4.29058 LRT =      0.79852 p-value =      0.18577
Site   389 dN/dS =      0.00000 Full Log(L) =    -10.77447 LRT =      0.79852 p-value =      0.18577
Site   390 dN/dS =      0.00000 Full Log(L) =     -4.05911 LRT =      0.64839 p-value =      0.21035
Site   391 dN/dS =      0.00000 Full Log(L) =    -10.60977 LRT =      0.70856 p-value =      0.19996
Site   392 dN/dS =      0.00000 Full Log(L) =     -4.05345 LRT =      0.41715 p-value =      0.25918
Site   393 dN/dS =      0.00000 Full Log(L) =     -4.05911 LRT =      0.64839 p-value =      0.21035
Site   394 dN/dS =      0.00000 Full Log(L) =     -3.65237 LRT =      0.70858 p-value =      0.19996
Site   395 dN/dS =      2.18153 Full Log(L) =    -10.76767 LRT =      0.47536 p-value =      0.24527
Site   396 dN/dS =      0.00000 Full Log(L) =     -9.10161 LRT =      0.67960 p-value =      0.20486
Site   397 dN/dS =      0.00000 Full Log(L) =     -9.77287 LRT =      0.33989 p-value =      0.27995
Site   398 dN/dS =      0.00000 Full Log(L) =     -3.57389 LRT =      0.70858 p-value =      0.19996
Site   399 dN/dS =      0.00000 Full Log(L) =    -10.36795 LRT =      0.85558 p-value =      0.17749
Site   400 dN/dS =      0.00000 Full Log(L) =    -10.61841 LRT =      0.33026 p-value =      0.28275
Site   401 dN/dS =      0.00000 Full Log(L) =     -9.40536 LRT =      0.64836 p-value =      0.21035
Site   402 dN/dS =      2.58878 Full Log(L) =    -21.76182 LRT =      0.67219 p-value =      0.20614
Site   403 dN/dS =      0.00000 Full Log(L) =     -3.31174 LRT =      0.67965 p-value =      0.20485
Site   404 dN/dS =      0.00000 Full Log(L) =     -4.54423 LRT =      0.69975 p-value =      0.20143
Site   405 dN/dS =      0.00000 Full Log(L) =     -3.65237 LRT =      0.70858 p-value =      0.19996
Site   406 dN/dS =      0.00000 Full Log(L) =    -10.14107 LRT =      0.77840 p-value =      0.18882
Site   407 dN/dS =      0.00000 Full Log(L) =     -3.31174 LRT =      0.67965 p-value =      0.20485
Site   408 dN/dS =      0.00000 Full Log(L) =     -4.37932 LRT =      0.58733 p-value =      0.22173
Site   409 dN/dS =      0.00000 Full Log(L) =     -4.31560 LRT =      0.71128 p-value =      0.19951
Site   410 dN/dS =      0.00000 Full Log(L) =     -4.05345 LRT =      0.41715 p-value =      0.25918
Site   411 dN/dS =      0.00000 Full Log(L) =     -3.98063 LRT =      0.64839 p-value =      0.21035
Site   412 dN/dS =      0.00000 Full Log(L) =     -3.58972 LRT =      0.77842 p-value =      0.18881
Site   413 dN/dS =      0.00000 Full Log(L) =    -17.67335 LRT =      0.67962 p-value =      0.20486
Site   414 dN/dS =      0.00000 Full Log(L) =     -3.58972 LRT =      0.77842 p-value =      0.18881
Site   415 dN/dS =      0.00000 Full Log(L) =     -4.37932 LRT =      0.58733 p-value =      0.22173
Site   416 dN/dS =      3.71695 Full Log(L) =    -12.02546 LRT =      1.16006 p-value =      0.14073
Site   417 dN/dS =      0.00000 Full Log(L) =     -3.58972 LRT =      0.77842 p-value =      0.18881
Site   418 dN/dS =      0.00000 Full Log(L) =     -4.00500 LRT =      0.72634 p-value =      0.19704
Site   419 dN/dS =      0.00000 Full Log(L) =     -3.58972 LRT =      0.77842 p-value =      0.18881
Site   420 dN/dS =      0.00000 Full Log(L) =    -10.25684 LRT =      0.92100 p-value =      0.16861
Site   421 dN/dS =      0.00000 Full Log(L) =     -3.81568 LRT =      0.83059 p-value =      0.18105
Site   422 dN/dS =      0.00000 Full Log(L) =     -3.98063 LRT =      0.64839 p-value =      0.21035
Site   423 dN/dS =      0.00000 Full Log(L) =     -4.58509 LRT =      0.41716 p-value =      0.25918
Site   424 dN/dS =      0.00000 Full Log(L) =     -3.93035 LRT =      0.80735 p-value =      0.18445
Site   425 dN/dS =      0.00000 Full Log(L) =     -4.81123 LRT =      0.63028 p-value =      0.21363
Site   426 dN/dS =      0.00000 Full Log(L) =     -4.12136 LRT =      0.77842 p-value =      0.18881
Site   427 dN/dS =      0.00000 Full Log(L) =     -3.31174 LRT =      0.67965 p-value =      0.20485
Site   428 dN/dS =      0.00000 Full Log(L) =     -3.91061 LRT =      0.56066 p-value =      0.22700
Site   429 dN/dS =      0.00000 Full Log(L) =    -10.19629 LRT =      0.72634 p-value =      0.19704
Site   430 dN/dS =      0.00000 Full Log(L) =     -4.12136 LRT =      0.77842 p-value =      0.18881
Site   431 dN/dS =      0.00000 Full Log(L) =     -3.93035 LRT =      0.80735 p-value =      0.18445
Site   432 dN/dS =      0.00000 Full Log(L) =     -4.27662 LRT =      0.69975 p-value =      0.20143
Site   433 dN/dS =      0.00000 Full Log(L) =     -9.79466 LRT =      0.67962 p-value =      0.20486
Site   434 dN/dS =      2.32226 Full Log(L) =     -9.30882 LRT =      0.54417 p-value =      0.23036
Site   435 dN/dS =      0.00000 Full Log(L) =     -3.85188 LRT =      0.80735 p-value =      0.18445
Site   436 dN/dS =      0.00000 Full Log(L) =     -4.81123 LRT =      0.63028 p-value =      0.21363
Site   437 dN/dS =      0.00000 Full Log(L) =     -4.48526 LRT =      0.34974 p-value =      0.27713
Site   438 dN/dS =      0.00000 Full Log(L) =     -4.88095 LRT =      0.56848 p-value =      0.22543
Site   439 dN/dS =      0.00000 Full Log(L) =     -3.98909 LRT =      0.56066 p-value =      0.22700
Site   440 dN/dS =      0.00000 Full Log(L) =     -3.57389 LRT =      0.70858 p-value =      0.19996
Site   441 dN/dS =      0.00000 Full Log(L) =     -4.82221 LRT =      0.79852 p-value =      0.18577
Site   442 dN/dS =      0.00000 Full Log(L) =     -4.12136 LRT =      0.77842 p-value =      0.18881
Site   443 dN/dS =      3.18996 Full Log(L) =    -10.46190 LRT =      0.94443 p-value =      0.16557
Site   444 dN/dS =      0.00000 Full Log(L) =     -4.73275 LRT =      0.63028 p-value =      0.21363
Site   445 dN/dS =      0.00000 Full Log(L) =     -4.26903 LRT =      0.72634 p-value =      0.19704
Site   446 dN/dS =      0.00000 Full Log(L) =     -4.63308 LRT =      0.79852 p-value =      0.18577
Site   447 dN/dS =      0.00000 Full Log(L) =     -5.14556 LRT =      0.33989 p-value =      0.27995
Site   448 dN/dS =      0.00000 Full Log(L) =     -4.12136 LRT =      0.77842 p-value =      0.18881
Site   449 dN/dS =      0.00000 Full Log(L) =     -8.99864 LRT =      0.70850 p-value =      0.19997
Site   450 dN/dS =      0.00000 Full Log(L) =     -4.05345 LRT =      0.41715 p-value =      0.25918
Site   451 dN/dS =      0.00000 Full Log(L) =    -10.63999 LRT =      0.71125 p-value =      0.19951
Site   452 dN/dS =      0.00000 Full Log(L) =     -4.01259 LRT =      0.69975 p-value =      0.20143
Site   453 dN/dS =      0.00000 Full Log(L) =     -3.98063 LRT =      0.64839 p-value =      0.21035
Site   454 dN/dS =      0.00000 Full Log(L) =     -3.85188 LRT =      0.80735 p-value =      0.18445
Site   455 dN/dS =      0.00000 Full Log(L) =     -4.61392 LRT =      0.33989 p-value =      0.27995
Site   456 dN/dS =      0.00000 Full Log(L) =     -4.27662 LRT =      0.69975 p-value =      0.20143
Site   457 dN/dS =      0.00000 Full Log(L) =     -3.93035 LRT =      0.80735 p-value =      0.18445
Site   458 dN/dS =      0.00000 Full Log(L) =     -4.34931 LRT =      0.54583 p-value =      0.23001
Site   459 dN/dS =      0.00000 Full Log(L) =     -3.58972 LRT =      0.77842 p-value =      0.18881
Site   460 dN/dS =      0.00000 Full Log(L) =     -4.04324 LRT =      1.05840 p-value =      0.15179
Site   461 dN/dS =      0.00000 Full Log(L) =     -3.65237 LRT =      0.70858 p-value =      0.19996
Site   462 dN/dS =      0.00000 Full Log(L) =     -3.31174 LRT =      0.67965 p-value =      0.20485
Site   463 dN/dS =      0.00000 Full Log(L) =     -5.14556 LRT =      0.33989 p-value =      0.27995
Site   464 dN/dS =      0.00000 Full Log(L) =     -4.30085 LRT =      0.58733 p-value =      0.22173
Site   465 dN/dS =      0.00000 Full Log(L) =     -3.58972 LRT =      0.77842 p-value =      0.18881
Site   466 dN/dS =      0.00000 Full Log(L) =     -3.81568 LRT =      0.83059 p-value =      0.18105
Site   467 dN/dS =      0.00000 Full Log(L) =     -4.01259 LRT =      0.69975 p-value =      0.20143
Site   468 dN/dS =      0.00000 Full Log(L) =     -3.84337 LRT =      0.67965 p-value =      0.20485
Site   469 dN/dS =      0.00000 Full Log(L) =     -3.84337 LRT =      0.67965 p-value =      0.20485
Site   470 dN/dS =      0.00000 Full Log(L) =     -4.05345 LRT =      0.41715 p-value =      0.25918
Site   471 dN/dS =      0.00000 Full Log(L) =    -16.49274 LRT =      0.33989 p-value =      0.27995
Site   472 dN/dS =      0.00000 Full Log(L) =     -4.34731 LRT =      0.85577 p-value =      0.17746
Site   473 dN/dS =      0.00000 Full Log(L) =     -3.58972 LRT =      0.77842 p-value =      0.18881
Site   474 dN/dS =      0.00000 Full Log(L) =     -3.57389 LRT =      0.70858 p-value =      0.19996
Site   475 dN/dS =      0.00000 Full Log(L) =     -4.55460 LRT =      0.79852 p-value =      0.18577
Site   476 dN/dS =      0.00000 Full Log(L) =     -4.12136 LRT =      0.77842 p-value =      0.18881
Site   477 dN/dS =      0.00000 Full Log(L) =     -3.85188 LRT =      0.80735 p-value =      0.18445
Site   478 dN/dS =      0.00000 Full Log(L) =     -4.04324 LRT =      1.05840 p-value =      0.15179
Site   479 dN/dS =      0.00000 Full Log(L) =     -4.45281 LRT =      0.92124 p-value =      0.16857
Site   480 dN/dS =      0.00000 Full Log(L) =     -8.98905 LRT =      0.70850 p-value =      0.19997
Site   481 dN/dS =      0.00000 Full Log(L) =     -4.37433 LRT =      0.92124 p-value =      0.16857
Site   482 dN/dS =      0.00000 Full Log(L) =     -4.40615 LRT =      0.74921 p-value =      0.19336
Site   483 dN/dS =      0.00000 Full Log(L) =     -4.37932 LRT =      0.58733 p-value =      0.22173
Site   484 dN/dS =      0.00000 Full Log(L) =     -3.31174 LRT =      0.67965 p-value =      0.20485
Site   485 dN/dS =      0.00000 Full Log(L) =     -3.60706 LRT =      0.86749 p-value =      0.17583
Site   486 dN/dS =      0.00000 Full Log(L) =     -3.98909 LRT =      0.56066 p-value =      0.22700
Site   487 dN/dS =      0.00000 Full Log(L) =     -4.39408 LRT =      0.71129 p-value =      0.19951
Site   488 dN/dS =      0.00000 Full Log(L) =     -3.31174 LRT =      0.67965 p-value =      0.20485
Site   489 dN/dS =      0.00000 Full Log(L) =     -4.40615 LRT =      0.74921 p-value =      0.19336
Site   490 dN/dS =      0.00000 Full Log(L) =     -3.93035 LRT =      0.80735 p-value =      0.18445
Site   491 dN/dS =      0.00000 Full Log(L) =     -3.57389 LRT =      0.70858 p-value =      0.19996
Site   492 dN/dS =      2.51673 Full Log(L) =    -11.00562 LRT =      0.63869 p-value =      0.21209
Site   493 dN/dS =      0.00000 Full Log(L) =     -4.48463 LRT =      0.74921 p-value =      0.19336
Site   494 dN/dS =      0.00000 Full Log(L) =     -3.60706 LRT =      0.86749 p-value =      0.17583
Site   495 dN/dS =      0.00000 Full Log(L) =     -4.64194 LRT =      0.92124 p-value =      0.16857
Site   496 dN/dS =      0.00000 Full Log(L) =     -4.34931 LRT =      0.54583 p-value =      0.23001
Site   497 dN/dS =      0.00000 Full Log(L) =     -4.05911 LRT =      0.64839 p-value =      0.21035
Site   498 dN/dS =      0.00000 Full Log(L) =     -3.81568 LRT =      0.83059 p-value =      0.18105
Site   499 dN/dS =      0.00000 Full Log(L) =     -9.21303 LRT =      0.70852 p-value =      0.19997
Site   500 dN/dS =      0.00000 Full Log(L) =     -4.11031 LRT =      0.89606 p-value =      0.17192
Site   501 dN/dS =      0.00000 Full Log(L) =     -9.91573 LRT =      0.69975 p-value =      0.20143
Site   502 dN/dS =      0.00000 Full Log(L) =     -3.91061 LRT =      0.56066 p-value =      0.22700
Site   503 dN/dS =      0.00000 Full Log(L) =     -3.93035 LRT =      0.80735 p-value =      0.18445
Site   504 dN/dS =      0.00000 Full Log(L) =     -4.31560 LRT =      0.71128 p-value =      0.19951
Site   505 dN/dS =      0.00000 Full Log(L) =     -3.85188 LRT =      0.80735 p-value =      0.18445
Site   506 dN/dS =      0.00000 Full Log(L) =    -10.08245 LRT =      0.72634 p-value =      0.19704
Site   507 dN/dS =      0.00000 Full Log(L) =     -3.98909 LRT =      0.56066 p-value =      0.22700
Site   508 dN/dS =      0.00000 Full Log(L) =     -3.81568 LRT =      0.83059 p-value =      0.18105
Site   509 dN/dS =      2.49213 Full Log(L) =    -16.24017 LRT =      0.62630 p-value =      0.21436
Site   510 dN/dS =      0.00000 Full Log(L) =     -3.58972 LRT =      0.77842 p-value =      0.18881
Site   511 dN/dS =      0.00000 Full Log(L) =     -4.29058 LRT =      0.79852 p-value =      0.18577
Site   512 dN/dS =      0.00000 Full Log(L) =     -4.66713 LRT =      0.35280 p-value =      0.27627
Site   513 dN/dS =      0.00000 Full Log(L) =     -3.65237 LRT =      0.70858 p-value =      0.19996
Site   514 dN/dS =      0.00000 Full Log(L) =     -3.65237 LRT =      0.70858 p-value =      0.19996
Site   515 dN/dS =      0.00000 Full Log(L) =    -16.93980 LRT =      0.78067 p-value =      0.18847
Site   516 dN/dS =      0.00000 Full Log(L) =     -4.37932 LRT =      0.58733 p-value =      0.22173
Site   517 dN/dS =      0.00000 Full Log(L) =     -4.58509 LRT =      0.41716 p-value =      0.25918
Site   518 dN/dS =      0.00000 Full Log(L) =     -4.05911 LRT =      0.64839 p-value =      0.21035
Site   519 dN/dS =      0.00000 Full Log(L) =    -10.48822 LRT =      0.67964 p-value =      0.20486
Site   520 dN/dS =      0.00000 Full Log(L) =     -4.37433 LRT =      0.92124 p-value =      0.16857
Site   521 dN/dS =      0.00000 Full Log(L) =     -4.26903 LRT =      0.72634 p-value =      0.19704
Site   522 dN/dS =      0.00000 Full Log(L) =     -4.12136 LRT =      0.77842 p-value =      0.18881
Site   523 dN/dS =      0.00000 Full Log(L) =     -5.14556 LRT =      0.33989 p-value =      0.27995
Site   524 dN/dS =      0.00000 Full Log(L) =     -3.84337 LRT =      0.67965 p-value =      0.20485
Site   525 dN/dS =      0.00000 Full Log(L) =     -4.34931 LRT =      0.54583 p-value =      0.23001
Site   526 dN/dS =      0.00000 Full Log(L) =    -11.28635 LRT =      0.89614 p-value =      0.17191
Site   527 dN/dS =      0.00000 Full Log(L) =     -3.98909 LRT =      0.56066 p-value =      0.22700
Site   528 dN/dS =      0.00000 Full Log(L) =     -3.31174 LRT =      0.67965 p-value =      0.20485
Site   529 dN/dS =      0.00000 Full Log(L) =     -3.85188 LRT =      0.80735 p-value =      0.18445
Site   530 dN/dS =      0.00000 Full Log(L) =     -4.48526 LRT =      0.34974 p-value =      0.27713
Site   531 dN/dS =      0.00000 Full Log(L) =     -4.05911 LRT =      0.64839 p-value =      0.21035
Site   532 dN/dS =      0.00000 Full Log(L) =     -4.61392 LRT =      0.33989 p-value =      0.27995
Site   533 dN/dS =      0.00000 Full Log(L) =     -4.48526 LRT =      0.34974 p-value =      0.27713
Site   534 dN/dS =      0.00000 Full Log(L) =     -3.98063 LRT =      0.64839 p-value =      0.21035
Site   535 dN/dS =      0.00000 Full Log(L) =     -4.69181 LRT =      0.60567 p-value =      0.21821
Site   536 dN/dS =      0.00000 Full Log(L) =     -4.30085 LRT =      0.58733 p-value =      0.22173
Site   537 dN/dS =      0.00000 Full Log(L) =     -4.63308 LRT =      0.79852 p-value =      0.18577
Site   538 dN/dS =      0.00000 Full Log(L) =     -3.60706 LRT =      0.86749 p-value =      0.17583
Site   539 dN/dS =      0.00000 Full Log(L) =     -4.34931 LRT =      0.54583 p-value =      0.23001
Site   540 dN/dS =      0.00000 Full Log(L) =     -4.40615 LRT =      0.74921 p-value =      0.19336
Site   541 dN/dS =      0.00000 Full Log(L) =     -4.30085 LRT =      0.58733 p-value =      0.22173
Site   542 dN/dS =      5.71939 Full Log(L) =    -13.30057 LRT =      1.83098 p-value =      0.08801 *P
Site   543 dN/dS =      0.00000 Full Log(L) =     -4.73275 LRT =      0.63028 p-value =      0.21363
Site   544 dN/dS =      0.00000 Full Log(L) =    -11.43277 LRT =      0.74920 p-value =      0.19336
Site   545 dN/dS =      0.00000 Full Log(L) =     -3.98063 LRT =      0.64839 p-value =      0.21035
Site   546 dN/dS =      2.77346 Full Log(L) =    -13.78979 LRT =      0.75870 p-value =      0.19187
Site   547 dN/dS =      0.00000 Full Log(L) =    -10.28034 LRT =      0.35196 p-value =      0.27650
Site   548 dN/dS =      0.00000 Full Log(L) =     -5.14556 LRT =      0.33989 p-value =      0.27995
Site   549 dN/dS =      0.00000 Full Log(L) =     -4.64194 LRT =      0.92124 p-value =      0.16857
Site   550 dN/dS =      0.00000 Full Log(L) =     -4.37932 LRT =      0.58733 p-value =      0.22173
Site   551 dN/dS =      0.00000 Full Log(L) =     -4.05911 LRT =      0.64839 p-value =      0.21035
Site   552 dN/dS =      0.00000 Full Log(L) =     -4.04324 LRT =      1.05840 p-value =      0.15179
Site   553 dN/dS =      0.00000 Full Log(L) =     -4.48526 LRT =      0.34974 p-value =      0.27713
Site   554 dN/dS =      0.00000 Full Log(L) =     -4.63308 LRT =     
Check messages.log details of this run.
 0.79852 p-value =      0.18577
Site   555 dN/dS =      0.00000 Full Log(L) =     -4.48463 LRT =      0.74921 p-value =      0.19336
Site   556 dN/dS =      0.00000 Full Log(L) =     -4.05345 LRT =      0.41715 p-value =      0.25918
Site   557 dN/dS =      0.00000 Full Log(L) =     -3.31174 LRT =      0.67965 p-value =      0.20485
Site   558 dN/dS =      0.00000 Full Log(L) =     -4.45281 LRT =      0.92124 p-value =      0.16857
Site   559 dN/dS =      0.00000 Full Log(L) =     -3.65237 LRT =      0.70858 p-value =      0.19996
Site   560 dN/dS =      0.00000 Full Log(L) =     -3.98063 LRT =      0.64839 p-value =      0.21035
Site   561 dN/dS =      0.00000 Full Log(L) =     -4.34731 LRT =      0.85577 p-value =      0.17746
Site   562 dN/dS =      0.00000 Full Log(L) =     -4.48463 LRT =      0.74921 p-value =      0.19336
Site   563 dN/dS =      0.00000 Full Log(L) =     -3.65237 LRT =      0.70858 p-value =      0.19996
Site   564 dN/dS =      0.00000 Full Log(L) =     -3.98063 LRT =      0.64839 p-value =      0.21035
Site   565 dN/dS =      0.00000 Full Log(L) =     -4.48463 LRT =      0.74921 p-value =      0.19336
Site   566 dN/dS =      3.10050 Full Log(L) =     -9.39256 LRT =      0.90452 p-value =      0.17079


Wall-clock run-time (seconds): 1412791717
Process time on the master node: 749.921135
MPI nodes used: 0

Wall-clock time per site (seconds): 5540359.674509804
