

______________READ THE FOLLOWING DATA______________
37 species:{CY112508,CY113773,CY112444,CY112484,CY035222,CY113573,CY113717,CY113685,CY113813,CY113877,CY113797,CY113693,CY113757,CY036831,CY112532,CY112476,CY113749,CY113765,CY035230,CY113605,CY113741,CY113661,CY112452,CY113701,CY113621,CY113589,CY113829,CY113709,CY113861,CY113789,CY113805,CY043728,CY113869,CY113781,CY113925,CY113901,CY113725};
Total Sites:1698;
Distinct Sites:86

Phase 1:Nucleotide Model (010010) Model Fit


-3173.29315272899

Phase 2:MG94x(010010) Model Fit



Phase 3:Estimating dN/dS


Nuc->codon scaling factor:2.110272578135995
Raw scaling factor:2.110272578135995
Tree scaling factor(S): 1

Using dN/dS=0.2731420806014607
Codon model:-3097.23563967185

Phase 4: Ancestral State Reconstruction and Counting

<<Significance level for Likelihood Ratio Tests (permissible range = [0,1], default value = 0.1)>>Site     1 dN/dS =      1.00000 Full Log(L) =      0.00000 LRT =      0.00000 p-value =      1.00000
Site     2 dN/dS =      1.00000 Full Log(L) =      0.00000 LRT =      0.00000 p-value =      1.00000
Site     3 dN/dS =      0.00000 Full Log(L) =    -14.13285 LRT =      0.57156 p-value =      0.22482
Site     4 dN/dS =      1.00000 Full Log(L) =      0.00000 LRT =      0.00000 p-value =      1.00000
Site     5 dN/dS =      1.00000 Full Log(L) =      0.00000 LRT =      0.00000 p-value =      1.00000
Site     6 dN/dS =      1.00000 Full Log(L) =      0.00000 LRT =      0.00000 p-value =      1.00000
Site     7 dN/dS =      1.00000 Full Log(L) =      0.00000 LRT =      0.00000 p-value =      1.00000
Site     8 dN/dS =      1.00000 Full Log(L) =      0.00000 LRT =      0.00000 p-value =      1.00000
Site     9 dN/dS =      1.00000 Full Log(L) =      0.00000 LRT =      0.00000 p-value =      1.00000
Site    10 dN/dS =      0.00000 Full Log(L) =     -9.11568 LRT =      0.53681 p-value =      0.23188
Site    11 dN/dS =      0.00000 Full Log(L) =     -9.90349 LRT =      0.29076 p-value =      0.29487
Site    12 dN/dS =      1.00000 Full Log(L) =      0.00000 LRT =      0.00000 p-value =      1.00000
Site    13 dN/dS =      1.00000 Full Log(L) =      0.00000 LRT =      0.00000 p-value =      1.00000
Site    14 dN/dS =      1.00000 Full Log(L) =      0.00000 LRT =      0.00000 p-value =      1.00000
Site    15 dN/dS =      4.07259 Full Log(L) =     -9.94037 LRT =      1.28983 p-value =      0.12804
Site    16 dN/dS =      3.23219 Full Log(L) =    -24.60092 LRT =      0.95654 p-value =      0.16403
Site    17 dN/dS =      1.00000 Full Log(L) =      0.00000 LRT =      0.00000 p-value =      1.00000
Site    18 dN/dS =      1.00000 Full Log(L) =      0.00000 LRT =      0.00000 p-value =      1.00000
Site    19 dN/dS =      1.00000 Full Log(L) =      0.00000 LRT =      0.00000 p-value =      1.00000
Site    20 dN/dS =      0.00000 Full Log(L) =    -10.93681 LRT =      0.56979 p-value =      0.22517
Site    21 dN/dS =      1.00000 Full Log(L) =      0.00000 LRT =      0.00000 p-value =      1.00000
Site    22 dN/dS =      3.44527 Full Log(L) =     -9.00574 LRT =      1.04208 p-value =      0.15367
Site    23 dN/dS =      1.00000 Full Log(L) =      0.00000 LRT =      0.00000 p-value =      1.00000
Site    24 dN/dS =      1.00000 Full Log(L) =      0.00000 LRT =      0.00000 p-value =      1.00000
Site    25 dN/dS =      1.00000 Full Log(L) =      0.00000 LRT =      0.00000 p-value =      1.00000
Site    26 dN/dS =      1.00000 Full Log(L) =      0.00000 LRT =      0.00000 p-value =      1.00000
Site    27 dN/dS =      1.00000 Full Log(L) =      0.00000 LRT =      0.00000 p-value =      1.00000
Site    28 dN/dS =      1.00000 Full Log(L) =      0.00000 LRT =      0.00000 p-value =      1.00000
Site    29 dN/dS =      0.00000 Full Log(L) =    -14.71950 LRT =      0.30140 p-value =      0.29150
Site    30 dN/dS =      1.00000 Full Log(L) =      0.00000 LRT =      0.00000 p-value =      1.00000
Site    31 dN/dS =      1.00000 Full Log(L) =      0.00000 LRT =      0.00000 p-value =      1.00000
Site    32 dN/dS =      0.00000 Full Log(L) =    -10.45588 LRT =      0.69905 p-value =      0.20155
Site    33 dN/dS =      1.00000 Full Log(L) =      0.00000 LRT =      0.00000 p-value =      1.00000
Site    34 dN/dS =      1.00000 Full Log(L) =      0.00000 LRT =      0.00000 p-value =      1.00000
Site    35 dN/dS =      1.00000 Full Log(L) =      0.00000 LRT =      0.00000 p-value =      1.00000
Site    36 dN/dS =      1.00000 Full Log(L) =      0.00000 LRT =      0.00000 p-value =      1.00000
Site    37 dN/dS =      1.00000 Full Log(L) =      0.00000 LRT =      0.00000 p-value =      1.00000
Site    38 dN/dS =      1.00000 Full Log(L) =      0.00000 LRT =      0.00000 p-value =      1.00000
Site    39 dN/dS =      1.00000 Full Log(L) =      0.00000 LRT =      0.00000 p-value =      1.00000
Site    40 dN/dS =      0.00000 Full Log(L) =    -12.05364 LRT =      0.57156 p-value =      0.22482
Site    41 dN/dS =      0.00000 Full Log(L) =    -11.57937 LRT =      0.30123 p-value =      0.29156
Site    42 dN/dS =      0.00000 Full Log(L) =     -9.04541 LRT =      0.57437 p-value =      0.22426
Site    43 dN/dS =      1.00000 Full Log(L) =      0.00000 LRT =      0.00000 p-value =      1.00000
Site    44 dN/dS =      1.00000 Full Log(L) =      0.00000 LRT =      0.00000 p-value =      1.00000
Site    45 dN/dS =      4.09930 Full Log(L) =    -10.01434 LRT =      1.29823 p-value =      0.12727
Site    46 dN/dS =      1.00000 Full Log(L) =      0.00000 LRT =      0.00000 p-value =      1.00000
Site    47 dN/dS =      1.00000 Full Log(L) =      0.00000 LRT =      0.00000 p-value =      1.00000
Site    48 dN/dS =      1.00000 Full Log(L) =      0.00000 LRT =      0.00000 p-value =      1.00000
Site    49 dN/dS =      1.00000 Full Log(L) =      0.00000 LRT =      0.00000 p-value =      1.00000
Site    50 dN/dS =      1.00000 Full Log(L) =      0.00000 LRT =      0.00000 p-value =      1.00000
Site    51 dN/dS =      1.00000 Full Log(L) =      0.00000 LRT =      0.00000 p-value =      1.00000
Site    52 dN/dS =      1.00000 Full Log(L) =      0.00000 LRT =      0.00000 p-value =      1.00000
Site    53 dN/dS =      1.00000 Full Log(L) =      0.00000 LRT =      0.00000 p-value =      1.00000
Site    54 dN/dS =      1.00000 Full Log(L) =      0.00000 LRT =      0.00000 p-value =      1.00000
Site    55 dN/dS =      0.00000 Full Log(L) =     -9.67255 LRT =      0.63307 p-value =      0.21312
Site    56 dN/dS =      1.00000 Full Log(L) =      0.00000 LRT =      0.00000 p-value =      1.00000
Site    57 dN/dS =      1.00000 Full Log(L) =      0.00000 LRT =      0.00000 p-value =      1.00000
Site    58 dN/dS =      1.00000 Full Log(L) =      0.00000 LRT =      0.00000 p-value =      1.00000
Site    59 dN/dS =      1.00000 Full Log(L) =      0.00000 LRT =      0.00000 p-value =      1.00000
Site    60 dN/dS =      1.00000 Full Log(L) =      0.00000 LRT =      0.00000 p-value =      1.00000
Site    61 dN/dS =      2.89680 Full Log(L) =     -8.47896 LRT =      0.80972 p-value =      0.18410
Site    62 dN/dS =      1.00000 Full Log(L) =      0.00000 LRT =      0.00000 p-value =      1.00000
Site    63 dN/dS =      4.84516 Full Log(L) =    -11.02844 LRT =      1.55428 p-value =      0.10625
Site    64 dN/dS =      1.00000 Full Log(L) =      0.00000 LRT =      0.00000 p-value =      1.00000
Site    65 dN/dS =      1.00000 Full Log(L) =      0.00000 LRT =      0.00000 p-value =      1.00000
Site    66 dN/dS =      6.36742 Full Log(L) =    -10.68695 LRT =      3.98084 p-value =      0.02301 *P
Site    67 dN/dS =      1.00000 Full Log(L) =      0.00000 LRT =      0.00000 p-value =      1.00000
Site    68 dN/dS =      0.00000 Full Log(L) =     -9.27300 LRT =      0.60090 p-value =      0.21912
Site    69 dN/dS =      1.00000 Full Log(L) =      0.00000 LRT =      0.00000 p-value =      1.00000
Site    70 dN/dS =      1.00000 Full Log(L) =      0.00000 LRT =      0.00000 p-value =      1.00000
Site    71 dN/dS =      1.00000 Full Log(L) =      0.00000 LRT =      0.00000 p-value =      1.00000
Site    72 dN/dS =      1.00000 Full Log(L) =      0.00000 LRT =      0.00000 p-value =      1.00000
Site    73 dN/dS =      1.00000 Full Log(L) =      0.00000 LRT =      0.00000 p-value =      1.00000
Site    74 dN/dS =      3.80118 Full Log(L) =     -9.79962 LRT =      1.18364 p-value =      0.13831
Site    75 dN/dS =      0.00000 Full Log(L) =     -9.92359 LRT =      0.51109 p-value =      0.23733
Site    76 dN/dS =      1.00000 Full Log(L) =      0.00000 LRT =      0.00000 p-value =      1.00000
Site    77 dN/dS =      1.00000 Full Log(L) =      0.00000 LRT =      0.00000 p-value =      1.00000
Site    78 dN/dS =      1.00000 Full Log(L) =      0.00000 LRT =      0.00000 p-value =      1.00000
Site    79 dN/dS =      0.00000 Full Log(L) =     -8.41603 LRT =      0.59034 p-value =      0.22114
Site    80 dN/dS =      1.00000 Full Log(L) =      0.00000 LRT =      0.00000 p-value =      1.00000
Site    81 dN/dS =      1.00000 Full Log(L) =      0.00000 LRT =      0.00000 p-value =      1.00000
Site    82 dN/dS =      1.00000 Full Log(L) =      0.00000 LRT =      0.00000 p-value =      1.00000
Site    83 dN/dS =      1.00000 Full Log(L) =      0.00000 LRT =      0.00000 p-value =      1.00000
Site    84 dN/dS =      1.00000 Full Log(L) =      0.00000 LRT =      0.00000 p-value =      1.00000
Site    85 dN/dS =      1.00000 Full Log(L) =      0.00000 LRT =      0.00000 p-value =      1.00000
Site    86 dN/dS =      1.00000 Full Log(L) =      0.00000 LRT =      0.00000 p-value =      1.00000
Site    87 dN/dS =      1.00000 Full Log(L) =      0.00000 LRT =      0.00000 p-value =      1.00000
Site    88 dN/dS =      1.00000 Full Log(L) =      0.00000 LRT =      0.00000 p-value =      1.00000
Site    89 dN/dS =      1.00000 Full Log(L) =      0.00000 LRT =      0.00000 p-value =      1.00000
Site    90 dN/dS =      1.00000 Full Log(L) =      0.00000 LRT =      0.00000 p-value =      1.00000
Site    91 dN/dS =      1.00000 Full Log(L) =      0.00000 LRT =      0.00000 p-value =      1.00000
Site    92 dN/dS =      1.00000 Full Log(L) =      0.00000 LRT =      0.00000 p-value =      1.00000
Site    93 dN/dS =      1.00000 Full Log(L) =      0.00000 LRT =      0.00000 p-value =      1.00000
Site    94 dN/dS =      5.86669 Full Log(L) =    -12.06728 LRT =      3.70845 p-value =      0.02707 *P
Site    95 dN/dS =      4.07533 Full Log(L) =     -8.36936 LRT =      1.29203 p-value =      0.12784
Site    96 dN/dS =      1.00000 Full Log(L) =      0.00000 LRT =      0.00000 p-value =      1.00000
Site    97 dN/dS =      1.00000 Full Log(L) =      0.00000 LRT =      0.00000 p-value =      1.00000
Site    98 dN/dS =      1.00000 Full Log(L) =      0.00000 LRT =      0.00000 p-value =      1.00000
Site    99 dN/dS =      1.00000 Full Log(L) =      0.00000 LRT =      0.00000 p-value =      1.00000
Site   100 dN/dS =      1.00000 Full Log(L) =      0.00000 LRT =      0.00000 p-value =      1.00000
Site   101 dN/dS =      0.00000 Full Log(L) =     -9.35291 LRT =      0.65200 p-value =      0.20970
Site   102 dN/dS =      1.00000 Full Log(L) =      0.00000 LRT =      0.00000 p-value =      1.00000
Site   103 dN/dS =      1.00000 Full Log(L) =      0.00000 LRT =      0.00000 p-value =      1.00000
Site   104 dN/dS =      1.00000 Full Log(L) =      0.00000 LRT =      0.00000 p-value =      1.00000
Site   105 dN/dS =      1.00000 Full Log(L) =      0.00000 LRT =      0.00000 p-value =      1.00000
Site   106 dN/dS =      1.00000 Full Log(L) =      0.00000 LRT =      0.00000 p-value =      1.00000
Site   107 dN/dS =      1.00000 Full Log(L) =      0.00000 LRT =      0.00000 p-value =      1.00000
Site   108 dN/dS =      3.66262 Full Log(L) =    -11.25478 LRT =      1.12764 p-value =      0.14414
Site   109 dN/dS =      1.00000 Full Log(L) =      0.00000 LRT =      0.00000 p-value =      1.00000
Site   110 dN/dS =      1.00000 Full Log(L) =      0.00000 LRT =      0.00000 p-value =      1.00000
Site   111 dN/dS =      1.00000 Full Log(L) =      0.00000 LRT =      0.00000 p-value =      1.00000
Site   112 dN/dS =      0.00000 Full Log(L) =     -8.71523 LRT =      0.59042 p-value =      0.22113
Site   113 dN/dS =      1.00000 Full Log(L) =      0.00000 LRT =      0.00000 p-value =      1.00000
Site   114 dN/dS =      1.00000 Full Log(L) =      0.00000 LRT =      0.00000 p-value =      1.00000
Site   115 dN/dS =      1.00000 Full Log(L) =      0.00000 LRT =      0.00000 p-value =      1.00000
Site   116 dN/dS =      1.00000 Full Log(L) =      0.00000 LRT =      0.00000 p-value =      1.00000
Site   117 dN/dS =      3.12022 Full Log(L) =    -12.34258 LRT =      0.90727 p-value =      0.17042
Site   118 dN/dS =      1.00000 Full Log(L) =      0.00000 LRT =      0.00000 p-value =      1.00000
Site   119 dN/dS =      0.00000 Full Log(L) =    -10.61108 LRT =      0.56979 p-value =      0.22517
Site   120 dN/dS =      1.00000 Full Log(L) =      0.00000 LRT =      0.00000 p-value =      1.00000
Site   121 dN/dS =      0.00000 Full Log(L) =     -9.07209 LRT =      0.45217 p-value =      0.25065
Site   122 dN/dS =      1.00000 Full Log(L) =      0.00000 LRT =      0.00000 p-value =      1.00000
Site   123 dN/dS =      1.00000 Full Log(L) =      0.00000 LRT =      0.00000 p-value =      1.00000
Site   124 dN/dS =      1.00000 Full Log(L) =      0.00000 LRT =      0.00000 p-value =      1.00000
Site   125 dN/dS =      1.00000 Full Log(L) =      0.00000 LRT =      0.00000 p-value =      1.00000
Site   126 dN/dS =      1.00000 Full Log(L) =      0.00000 LRT =      0.00000 p-value =      1.00000
Site   127 dN/dS =      1.00000 Full Log(L) =      0.00000 LRT =      0.00000 p-value =      1.00000
Site   128 dN/dS =      1.00000 Full Log(L) =      0.00000 LRT =      0.00000 p-value =      1.00000
Site   129 dN/dS =      1.00000 Full Log(L) =      0.00000 LRT =      0.00000 p-value =      1.00000
Site   130 dN/dS =      1.00000 Full Log(L) =      0.00000 LRT =      0.00000 p-value =      1.00000
Site   131 dN/dS =      1.00000 Full Log(L) =      0.00000 LRT =      0.00000 p-value =      1.00000
Site   132 dN/dS =      1.00000 Full Log(L) =      0.00000 LRT =      0.00000 p-value =      1.00000
Site   133 dN/dS =      1.00000 Full Log(L) =      0.00000 LRT =      0.00000 p-value =      1.00000
Site   134 dN/dS =      1.00000 Full Log(L) =      0.00000 LRT =      0.00000 p-value =      1.00000
Site   135 dN/dS =      0.00000 Full Log(L) =     -8.92802 LRT =      0.62024 p-value =      0.21548
Site   136 dN/dS =      1.00000 Full Log(L) =      0.00000 LRT =      0.00000 p-value =      1.00000
Site   137 dN/dS =      3.76108 Full Log(L) =    -10.92109 LRT =      1.16662 p-value =      0.14005
Site   138 dN/dS =      1.00000 Full Log(L) =      0.00000 LRT =      0.00000 p-value =      1.00000
Site   139 dN/dS =      1.00000 Full Log(L) =      0.00000 LRT =      0.00000 p-value =      1.00000
Site   140 dN/dS =      1.00000 Full Log(L) =      0.00000 LRT =      0.00000 p-value =      1.00000
Site   141 dN/dS =      1.00000 Full Log(L) =      0.00000 LRT =      0.00000 p-value =      1.00000
Site   142 dN/dS =      1.00000 Full Log(L) =      0.00000 LRT =      0.00000 p-value =      1.00000
Site   143 dN/dS =      1.00000 Full Log(L) =      0.00000 LRT =      0.00000 p-value =      1.00000
Site   144 dN/dS =      1.00000 Full Log(L) =      0.00000 LRT =      0.00000 p-value =      1.00000
Site   145 dN/dS =      1.00000 Full Log(L) =      0.00000 LRT =      0.00000 p-value =      1.00000
Site   146 dN/dS =      1.00000 Full Log(L) =      0.00000 LRT =      0.00000 p-value =      1.00000
Site   147 dN/dS =      1.00000 Full Log(L) =      0.00000 LRT =      0.00000 p-value =      1.00000
Site   148 dN/dS =      1.00000 Full Log(L) =      0.00000 LRT =      0.00000 p-value =      1.00000
Site   149 dN/dS =     12.06398 Full Log(L) =    -17.02760 LRT =     12.39727 p-value =      0.00021 *P
Site   150 dN/dS =      1.00000 Full Log(L) =      0.00000 LRT =      0.00000 p-value =      1.00000
Site   151 dN/dS =      6.64158 Full Log(L) =    -14.12698 LRT =      4.11722 p-value =      0.02122 *P
Site   152 dN/dS =      1.00000 Full Log(L) =      0.00000 LRT =      0.00000 p-value =      1.00000
Site   153 dN/dS =      1.00000 Full Log(L) =      0.00000 LRT =      0.00000 p-value =      1.00000
Site   154 dN/dS =      1.00000 Full Log(L) =      0.00000 LRT =      0.00000 p-value =      1.00000
Site   155 dN/dS =      0.00000 Full Log(L) =     -9.97953 LRT =      0.60096 p-value =      0.21911
Site   156 dN/dS =      1.00000 Full Log(L) =      0.00000 LRT =      0.00000 p-value =      1.00000
Site   157 dN/dS =      1.00000 Full Log(L) =      0.00000 LRT =      0.00000 p-value =      1.00000
Site   158 dN/dS =      1.00000 Full Log(L) =      0.00000 LRT =      0.00000 p-value =      1.00000
Site   159 dN/dS =      1.00000 Full Log(L) =      0.00000 LRT =      0.00000 p-value =      1.00000
Site   160 dN/dS =      1.00000 Full Log(L) =      0.00000 LRT =      0.00000 p-value =      1.00000
Site   161 dN/dS =      3.64733 Full Log(L) =     -8.98009 LRT =      1.12181 p-value =      0.14477
Site   162 dN/dS =      1.00000 Full Log(L) =      0.00000 LRT =      0.00000 p-value =      1.00000
Site   163 dN/dS =      1.00000 Full Log(L) =      0.00000 LRT =      0.00000 p-value =      1.00000
Site   164 dN/dS =      1.00000 Full Log(L) =      0.00000 LRT =      0.00000 p-value =      1.00000
Site   165 dN/dS =      1.00000 Full Log(L) =      0.00000 LRT =      0.00000 p-value =      1.00000
Site   166 dN/dS =      1.00000 Full Log(L) =      0.00000 LRT =      0.00000 p-value =      1.00000
Site   167 dN/dS =      1.00000 Full Log(L) =      0.00000 LRT =      0.00000 p-value =      1.00000
Site   168 dN/dS =      1.00000 Full Log(L) =      0.00000 LRT =      0.00000 p-value =      1.00000
Site   169 dN/dS =      1.00000 Full Log(L) =      0.00000 LRT =      0.00000 p-value =      1.00000
Site   170 dN/dS =      0.00000 Full Log(L) =    -10.41175 LRT =      0.31609 p-value =      0.28698
Site   171 dN/dS =      1.00000 Full Log(L) =      0.00000 LRT =      0.00000 p-value =      1.00000
Site   172 dN/dS =      6.80307 Full Log(L) =    -11.30892 LRT =      4.19766 p-value =      0.02024 *P
Site   173 dN/dS =      1.00000 Full Log(L) =      0.00000 LRT =      0.00000 p-value =      1.00000
Site   174 dN/dS =      3.23312 Full Log(L) =    -10.19809 LRT =      0.95519 p-value =      0.16420
Site   175 dN/dS =      1.00000 Full Log(L) =      0.00000 LRT =      0.00000 p-value =      1.00000
Site   176 dN/dS =      1.00000 Full Log(L) =      0.00000 LRT =      0.00000 p-value =      1.00000
Site   177 dN/dS =      1.00000 Full Log(L) =      0.00000 LRT =      0.00000 p-value =      1.00000
Site   178 dN/dS =      1.00000 Full Log(L) =      0.00000 LRT =      0.00000 p-value =      1.00000
Site   179 dN/dS =      1.00000 Full Log(L) =      0.00000 LRT =      0.00000 p-value =      1.00000
Site   180 dN/dS =      1.00000 Full Log(L) =      0.00000 LRT =      0.00000 p-value =      1.00000
Site   181 dN/dS =      0.00000 Full Log(L) =     -9.81445 LRT =      0.59057 p-value =      0.22110
Site   182 dN/dS =      1.00000 Full Log(L) =      0.00000 LRT =      0.00000 p-value =      1.00000
Site   183 dN/dS =      0.00000 Full Log(L) =     -9.15302 LRT =      0.57156 p-value =      0.22482
Site   184 dN/dS =      1.00000 Full Log(L) =      0.00000 LRT =      0.00000 p-value =      1.00000
Site   185 dN/dS =      1.00000 Full Log(L) =      0.00000 LRT =      0.00000 p-value =      1.00000
Site   186 dN/dS =      1.00000 Full Log(L) =      0.00000 LRT =      0.00000 p-value =      1.00000
Site   187 dN/dS =      1.00000 Full Log(L) =      0.00000 LRT =      0.00000 p-value =      1.00000
Site   188 dN/dS =      2.95019 Full Log(L) =     -9.41967 LRT =      0.83198 p-value =      0.18085
Site   189 dN/dS =      1.00000 Full Log(L) =      0.00000 LRT =      0.00000 p-value =      1.00000
Site   190 dN/dS =      4.33709 Full Log(L) =     -9.71617 LRT =      1.38611 p-value =      0.11953
Site   191 dN/dS =      1.00000 Full Log(L) =      0.00000 LRT =      0.00000 p-value =      1.00000
Site   192 dN/dS =      0.00000 Full Log(L) =     -9.74811 LRT =      0.55887 p-value =      0.22736
Site   193 dN/dS =      1.00000 Full Log(L) =      0.00000 LRT =      0.00000 p-value =      1.00000
Site   194 dN/dS =      1.00000 Full Log(L) =      0.00000 LRT =      0.00000 p-value =      1.00000
Site   195 dN/dS =      1.00000 Full Log(L) =      0.00000 LRT =      0.00000 p-value =      1.00000
Site   196 dN/dS =      1.00000 Full Log(L) =      0.00000 LRT =      0.00000 p-value =      1.00000
Site   197 dN/dS =      1.00000 Full Log(L) =      0.00000 LRT =      0.00000 p-value =      1.00000
Site   198 dN/dS =      1.00000 Full Log(L) =      0.00000 LRT =      0.00000 p-value =      1.00000
Site   199 dN/dS =      1.00000 Full Log(L) =      0.00000 LRT =      0.00000 p-value =      1.00000
Site   200 dN/dS =      1.00000 Full Log(L) =      0.00000 LRT =      0.00000 p-value =      1.00000
Site   201 dN/dS =      1.00000 Full Log(L) =      0.00000 LRT =      0.00000 p-value =      1.00000
Site   202 dN/dS =      2.87145 Full Log(L) =    -11.85552 LRT =      0.79875 p-value =      0.18573
Site   203 dN/dS =      1.00000 Full Log(L) =      0.00000 LRT =      0.00000 p-value =      1.00000
Site   204 dN/dS =      3.13214 Full Log(L) =    -11.24643 LRT =      0.91237 p-value =      0.16974
Site   205 dN/dS =      1.00000 Full Log(L) =      0.00000 LRT =      0.00000 p-value =      1.00000
Site   206 dN/dS =      3.26693 Full Log(L) =     -9.31562 LRT =      0.96994 p-value =      0.16235
Site   207 dN/dS =      1.00000 Full Log(L) =      0.00000 LRT =      0.00000 p-value =      1.00000
Site   208 dN/dS =      1.00000 Full Log(L) =      0.00000 LRT =      0.00000 p-value =      1.00000
Site   209 dN/dS =      1.00000 Full Log(L) =      0.00000 LRT =      0.00000 p-value =      1.00000
Site   210 dN/dS =      1.00000 Full Log(L) =      0.00000 LRT =      0.00000 p-value =      1.00000
Site   211 dN/dS =      1.00000 Full Log(L) =      0.00000 LRT =      0.00000 p-value =      1.00000
Site   212 dN/dS =      7.70974 Full Log(L) =    -12.41115 LRT =      4.58348 p-value =      0.01614 *P
Site   213 dN/dS =      1.00000 Full Log(L) =      0.00000 LRT =      0.00000 p-value =      1.00000
Site   214 dN/dS =      1.00000 Full Log(L) =      0.00000 LRT =      0.00000 p-value =      1.00000
Site   215 dN/dS =      1.00000 Full Log(L) =      0.00000 LRT =      0.00000 p-value =      1.00000
Site   216 dN/dS =      1.00000 Full Log(L) =      0.00000 LRT =      0.00000 p-value =      1.00000
Site   217 dN/dS =      1.00000 Full Log(L) =      0.00000 LRT =      0.00000 p-value =      1.00000
Site   218 dN/dS =      1.00000 Full Log(L) =      0.00000 LRT =      0.00000 p-value =      1.00000
Site   219 dN/dS =      1.00000 Full Log(L) =      0.00000 LRT =      0.00000 p-value =      1.00000
Site   220 dN/dS =      1.00000 Full Log(L) =      0.00000 LRT =      0.00000 p-value =      1.00000
Site   221 dN/dS =      0.00000 Full Log(L) =    -18.18691 LRT =      0.49480 p-value =      0.24090
Site   222 dN/dS =      1.00000 Full Log(L) =      0.00000 LRT =      0.00000 p-value =      1.00000
Site   223 dN/dS =      1.00000 Full Log(L) =      0.00000 LRT =      0.00000 p-value =      1.00000
Site   224 dN/dS =      1.00000 Full Log(L) =      0.00000 LRT =      0.00000 p-value =      1.00000
Site   225 dN/dS =      1.00000 Full Log(L) =      0.00000 LRT =      0.00000 p-value =      1.00000
Site   226 dN/dS =      1.00000 Full Log(L) =      0.00000 LRT =      0.00000 p-value =      1.00000
Site   227 dN/dS =      1.00000 Full Log(L) =      0.00000 LRT =      0.00000 p-value =      1.00000
Site   228 dN/dS =      1.00000 Full Log(L) =      0.00000 LRT =      0.00000 p-value =      1.00000
Site   229 dN/dS =      0.00000 Full Log(L) =     -9.00616 LRT =      0.57437 p-value =      0.22426
Site   230 dN/dS =      1.00000 Full Log(L) =      0.00000 LRT =      0.00000 p-value =      1.00000
Site   231 dN/dS =      1.00000 Full Log(L) =      0.00000 LRT =      0.00000 p-value =      1.00000
Site   232 dN/dS =      1.00000 Full Log(L) =      0.00000 LRT =      0.00000 p-value =      1.00000
Site   233 dN/dS =      1.00000 Full Log(L) =      0.00000 LRT =      0.00000 p-value =      1.00000
Site   234 dN/dS =      1.00000 Full Log(L) =      0.00000 LRT =      0.00000 p-value =      1.00000
Site   235 dN/dS =      4.11812 Full Log(L) =    -20.72891 LRT =      1.30665 p-value =      0.12650
Site   236 dN/dS =      3.11872 Full Log(L) =     -9.13161 LRT =      0.90680 p-value =      0.17048
Site   237 dN/dS =      1.00000 Full Log(L) =      0.00000 LRT =      0.00000 p-value =      1.00000
Site   238 dN/dS =      1.00000 Full Log(L) =      0.00000 LRT =      0.00000 p-value =      1.00000
Site   239 dN/dS =      0.00000 Full Log(L) =     -9.47517 LRT =      0.57437 p-value =      0.22426
Site   240 dN/dS =      1.00000 Full Log(L) =      0.00000 LRT =      0.00000 p-value =      1.00000
Site   241 dN/dS =      0.00000 Full Log(L) =    -12.99896 LRT =      0.71480 p-value =      0.19893
Site   242 dN/dS =      7.27788 Full Log(L) =     -9.71473 LRT =      2.23551 p-value =      0.06744 *P
Site   243 dN/dS =      1.00000 Full Log(L) =      0.00000 LRT =      0.00000 p-value =      1.00000
Site   244 dN/dS =      1.00000 Full Log(L) =      0.00000 LRT =      0.00000 p-value =      1.00000
Site   245 dN/dS =      1.00000 Full Log(L) =      0.00000 LRT =      0.00000 p-value =      1.00000
Site   246 dN/dS =      1.00000 Full Log(L) =      0.00000 LRT =      0.00000 p-value =      1.00000
Site   247 dN/dS =      1.00000 Full Log(L) =      0.00000 LRT =      0.00000 p-value =      1.00000
Site   248 dN/dS =      1.00000 Full Log(L) =      0.00000 LRT =      0.00000 p-value =      1.00000
Site   249 dN/dS =      1.00000 Full Log(L) =      0.00000 LRT =      0.00000 p-value =      1.00000
Site   250 dN/dS =      1.00000 Full Log(L) =      0.00000 LRT =      0.00000 p-value =      1.00000
Site   251 dN/dS =      1.00000 Full Log(L) =      0.00000 LRT =      0.00000 p-value =      1.00000
Site   252 dN/dS =      1.00000 Full Log(L) =      0.00000 LRT =      0.00000 p-value =      1.00000
Site   253 dN/dS =      0.00000 Full Log(L) =     -9.00616 LRT =      0.57437 p-value =      0.22426
Site   254 dN/dS =      1.00000 Full Log(L) =      0.00000 LRT =      0.00000 p-value =      1.00000
Site   255 dN/dS =      0.00000 Full Log(L) =    -12.01914 LRT =      0.56979 p-value =      0.22517
Site   256 dN/dS =      1.00000 Full Log(L) =      0.00000 LRT =      0.00000 p-value =      1.00000
Site   257 dN/dS =      1.00000 Full Log(L) =      0.00000 LRT =      0.00000 p-value =      1.00000
Site   258 dN/dS =      1.00000 Full Log(L) =      0.00000 LRT =      0.00000 p-value =      1.00000
Site   259 dN/dS =      1.00000 Full Log(L) =      0.00000 LRT =      0.00000 p-value =      1.00000
Site   260 dN/dS =      1.00000 Full Log(L) =      0.00000 LRT =      0.00000 p-value =      1.00000
Site   261 dN/dS =      1.00000 Full Log(L) =      0.00000 LRT =      0.00000 p-value =      1.00000
Site   262 dN/dS =      1.00000 Full Log(L) =      0.00000 LRT =      0.00000 p-value =      1.00000
Site   263 dN/dS =      1.00000 Full Log(L) =      0.00000 LRT =      0.00000 p-value =      1.00000
Site   264 dN/dS =      1.00000 Full Log(L) =      0.00000 LRT =      0.00000 p-value =      1.00000
Site   265 dN/dS =      1.00000 Full Log(L) =      0.00000 LRT =      0.00000 p-value =      1.00000
Site   266 dN/dS =      0.00000 Full Log(L) =     -8.71523 LRT =      0.59042 p-value =      0.22113
Site   267 dN/dS =      1.00000 Full Log(L) =      0.00000 LRT =      0.00000 p-value =      1.00000
Site   268 dN/dS =      1.00000 Full Log(L) =      0.00000 LRT =      0.00000 p-value =      1.00000
Site   269 dN/dS =      1.00000 Full Log(L) =      0.00000 LRT =      0.00000 p-value =      1.00000
Site   270 dN/dS =      1.00000 Full Log(L) =      0.00000 LRT =      0.00000 p-value =      1.00000
Site   271 dN/dS =      0.00000 Full Log(L) =    -11.95536 LRT =      0.60073 p-value =      0.21915
Site   272 dN/dS =      1.00000 Full Log(L) =      0.00000 LRT =      0.00000 p-value =      1.00000
Site   273 dN/dS =      1.00000 Full Log(L) =      0.00000 LRT =      0.00000 p-value =      1.00000
Site   274 dN/dS =      1.00000 Full Log(L) =      0.00000 LRT =      0.00000 p-value =      1.00000
Site   275 dN/dS =      1.00000 Full Log(L) =      0.00000 LRT =      0.00000 p-value =      1.00000
Site   276 dN/dS =      1.00000 Full Log(L) =      0.00000 LRT =      0.00000 p-value =      1.00000
Site   277 dN/dS =      1.00000 Full Log(L) =      0.00000 LRT =      0.00000 p-value =      1.00000
Site   278 dN/dS =      7.73298 Full Log(L) =    -14.07760 LRT =      4.63473 p-value =      0.01567 *P
Site   279 dN/dS =      0.00000 Full Log(L) =    -10.15241 LRT =      0.71454 p-value =      0.19897
Site   280 dN/dS =      1.00000 Full Log(L) =      0.00000 LRT =      0.00000 p-value =      1.00000
Site   281 dN/dS =      1.00000 Full Log(L) =      0.00000 LRT =      0.00000 p-value =      1.00000
Site   282 dN/dS =      0.00000 Full Log(L) =     -8.61660 LRT =      0.44940 p-value =      0.25131
Site   283 dN/dS =      1.00000 Full Log(L) =      0.00000 LRT =      0.00000 p-value =      1.00000
Site   284 dN/dS =      1.00000 Full Log(L) =      0.00000 LRT =      0.00000 p-value =      1.00000
Site   285 dN/dS =      0.00000 Full Log(L) =     -8.89209 LRT =      0.68367 p-value =      0.20416
Site   286 dN/dS =      1.00000 Full Log(L) =      0.00000 LRT =      0.00000 p-value =      1.00000
Site   287 dN/dS =      1.00000 Full Log(L) =      0.00000 LRT =      0.00000 p-value =      1.00000
Site   288 dN/dS =      1.00000 Full Log(L) =      0.00000 LRT =      0.00000 p-value =      1.00000
Site   289 dN/dS =      1.00000 Full Log(L) =      0.00000 LRT =      0.00000 p-value =      1.00000
Site   290 dN/dS =      1.00000 Full Log(L) =      0.00000 LRT =      0.00000 p-value =      1.00000
Site   291 dN/dS =      1.00000 Full Log(L) =      0.00000 LRT =      0.00000 p-value =      1.00000
Site   292 dN/dS =      1.00000 Full Log(L) =      0.00000 LRT =      0.00000 p-value =      1.00000
Site   293 dN/dS =      1.00000 Full Log(L) =      0.00000 LRT =      0.00000 p-value =      1.00000
Site   294 dN/dS =      2.84822 Full Log(L) =     -8.78476 LRT =      0.78843 p-value =      0.18729
Site   295 dN/dS =      1.00000 Full Log(L) =      0.00000 LRT =      0.00000 p-value =      1.00000
Site   296 dN/dS =      1.00000 Full Log(L) =      0.00000 LRT =      0.00000 p-value =      1.00000
Site   297 dN/dS =      1.00000 Full Log(L) =      0.00000 LRT =      0.00000 p-value =      1.00000
Site   298 dN/dS =      1.00000 Full Log(L) =      0.00000 LRT =      0.00000 p-value =      1.00000
Site   299 dN/dS =      1.00000 Full Log(L) =      0.00000 LRT =      0.00000 p-value =      1.00000
Site   300 dN/dS =      1.00000 Full Log(L) =      0.00000 LRT =      0.00000 p-value =      1.00000
Site   301 dN/dS =      1.00000 Full Log(L) =      0.00000 LRT =      0.00000 p-value =      1.00000
Site   302 dN/dS =      1.00000 Full Log(L) =      0.00000 LRT =      0.00000 p-value =      1.00000
Site   303 dN/dS =      1.00000 Full Log(L) =      0.00000 LRT =      0.00000 p-value =      1.00000
Site   304 dN/dS =      0.00000 Full Log(L) =     -7.95239 LRT =      0.53662 p-value =      0.23192
Site   305 dN/dS =      1.00000 Full Log(L) =      0.00000 LRT =      0.00000 p-value =      1.00000
Site   306 dN/dS =      1.00000 Full Log(L) =      0.00000 LRT =      0.00000 p-value =      1.00000
Site   307 dN/dS =      1.00000 Full Log(L) =      0.00000 LRT =      0.00000 p-value =      1.00000
Site   308 dN/dS =      1.00000 Full Log(L) =      0.00000 LRT =      0.00000 p-value =      1.00000
Site   309 dN/dS =      1.00000 Full Log(L) =      0.00000 LRT =      0.00000 p-value =      1.00000
Site   310 dN/dS =      1.00000 Full Log(L) =      0.00000 LRT =      0.00000 p-value =      1.00000
Site   311 dN/dS =      1.00000 Full Log(L) =      0.00000 LRT =      0.00000 p-value =      1.00000
Site   312 dN/dS =      0.00000 Full Log(L) =     -8.41561 LRT =      0.59034 p-value =      0.22114
Site   313 dN/dS =      1.00000 Full Log(L) =      0.00000 LRT =      0.00000 p-value =      1.00000
Site   314 dN/dS =      1.00000 Full Log(L) =      0.00000 LRT =      0.00000 p-value =      1.00000
Site   315 dN/dS =      1.00000 Full Log(L) =      0.00000 LRT =      0.00000 p-value =      1.00000
Site   316 dN/dS =      1.00000 Full Log(L) =      0.00000 LRT =      0.00000 p-value =      1.00000
Site   317 dN/dS =      1.00000 Full Log(L) =      0.00000 LRT =      0.00000 p-value =      1.00000
Site   318 dN/dS =      1.00000 Full Log(L) =      0.00000 LRT =      0.00000 p-value =      1.00000
Site   319 dN/dS =      1.00000 Full Log(L) =      0.00000 LRT =      0.00000 p-value =      1.00000
Site   320 dN/dS =      1.00000 Full Log(L) =      0.00000 LRT =      0.00000 p-value =      1.00000
Site   321 dN/dS =      1.00000 Full Log(L) =      0.00000 LRT =      0.00000 p-value =      1.00000
Site   322 dN/dS =      1.00000 Full Log(L) =      0.00000 LRT =      0.00000 p-value =      1.00000
Site   323 dN/dS =      1.00000 Full Log(L) =      0.00000 LRT =      0.00000 p-value =      1.00000
Site   324 dN/dS =      1.00000 Full Log(L) =      0.00000 LRT =      0.00000 p-value =      1.00000
Site   325 dN/dS =      0.00000 Full Log(L) =    -11.94834 LRT =      0.57437 p-value =      0.22426
Site   326 dN/dS =      1.00000 Full Log(L) =      0.00000 LRT =      0.00000 p-value =      1.00000
Site   327 dN/dS =      1.00000 Full Log(L) =      0.00000 LRT =      0.00000 p-value =      1.00000
Site   328 dN/dS =      1.00000 Full Log(L) =      0.00000 LRT =      0.00000 p-value =      1.00000
Site   329 dN/dS =      1.00000 Full Log(L) =      0.00000 LRT =      0.00000 p-value =      1.00000
Site   330 dN/dS =      1.00000 Full Log(L) =      0.00000 LRT =      0.00000 p-value =      1.00000
Site   331 dN/dS =      1.00000 Full Log(L) =      0.00000 LRT =      0.00000 p-value =      1.00000
Site   332 dN/dS =      1.00000 Full Log(L) =      0.00000 LRT =      0.00000 p-value =      1.00000
Site   333 dN/dS =      1.00000 Full Log(L) =      0.00000 LRT =      0.00000 p-value =      1.00000
Site   334 dN/dS =      1.00000 Full Log(L) =      0.00000 LRT =      0.00000 p-value =      1.00000
Site   335 dN/dS =      0.00000 Full Log(L) =    -10.55940 LRT =      0.71467 p-value =      0.19895
Site   336 dN/dS =      1.00000 Full Log(L) =      0.00000 LRT =      0.00000 p-value =      1.00000
Site   337 dN/dS =      0.00000 Full Log(L) =    -10.74123 LRT =      0.60772 p-value =      0.21782
Site   338 dN/dS =      1.00000 Full Log(L) =      0.00000 LRT =      0.00000 p-value =      1.00000
Site   339 dN/dS =      1.00000 Full Log(L) =      0.00000 LRT =      0.00000 p-value =      1.00000
Site   340 dN/dS =      1.00000 Full Log(L) =      0.00000 LRT =      0.00000 p-value =      1.00000
Site   341 dN/dS =      3.28027 Full Log(L) =    -10.21998 LRT =      0.97475 p-value =      0.16175
Site   342 dN/dS =      1.00000 Full Log(L) =      0.00000 LRT =      0.00000 p-value =      1.00000
Site   343 dN/dS =      1.00000 Full Log(L) =      0.00000 LRT =      0.00000 p-value =      1.00000
Site   344 dN/dS =      1.00000 Full Log(L) =      0.00000 LRT =      0.00000 p-value =      1.00000
Site   345 dN/dS =      1.00000 Full Log(L) =      0.00000 LRT =      0.00000 p-value =      1.00000
Site   346 dN/dS =      0.00000 Full Log(L) =     -9.18452 LRT =      0.71493 p-value =      0.19891
Site   347 dN/dS =      1.00000 Full Log(L) =      0.00000 LRT =      0.00000 p-value =      1.00000
Site   348 dN/dS =      1.00000 Full Log(L) =      0.00000 LRT =      0.00000 p-value =      1.00000
Site   349 dN/dS =      0.00000 Full Log(L) =    -11.27061 LRT =      0.71493 p-value =      0.19891
Site   350 dN/dS =      1.00000 Full Log(L) =      0.00000 LRT =      0.00000 p-value =      1.00000
Site   351 dN/dS =      0.00000 Full Log(L) =    -10.16022 LRT =      0.53685 p-value =      0.23187
Site   352 dN/dS =      1.00000 Full Log(L) =      0.00000 LRT =      0.00000 p-value =      1.00000
Site   353 dN/dS =      1.00000 Full Log(L) =      0.00000 LRT =      0.00000 p-value =      1.00000
Site   354 dN/dS =      1.00000 Full Log(L) =      0.00000 LRT =      0.00000 p-value =      1.00000
Site   355 dN/dS =      1.00000 Full Log(L) =      0.00000 LRT =      0.00000 p-value =      1.00000
Site   356 dN/dS =      1.00000 Full Log(L) =      0.00000 LRT =      0.00000 p-value =      1.00000
Site   357 dN/dS =      1.00000 Full Log(L) =      0.00000 LRT =      0.00000 p-value =      1.00000
Site   358 dN/dS =      1.00000 Full Log(L) =      0.00000 LRT =      0.00000 p-value =      1.00000
Site   359 dN/dS =      1.00000 Full Log(L) =      0.00000 LRT =      0.00000 p-value =      1.00000
Site   360 dN/dS =      1.00000 Full Log(L) =      0.00000 LRT =      0.00000 p-value =      1.00000
Site   361 dN/dS =      1.00000 Full Log(L) =      0.00000 LRT =      0.00000 p-value =      1.00000
Site   362 dN/dS =      1.00000 Full Log(L) =      0.00000 LRT =      0.00000 p-value =      1.00000
Site   363 dN/dS =      1.00000 Full Log(L) =      0.00000 LRT =      0.00000 p-value =      1.00000
Site   364 dN/dS =      1.00000 Full Log(L) =      0.00000 LRT =      0.00000 p-value =      1.00000
Site   365 dN/dS =      1.00000 Full Log(L) =      0.00000 LRT =      0.00000 p-value =      1.00000
Site   366 dN/dS =      1.00000 Full Log(L) =      0.00000 LRT =      0.00000 p-value =      1.00000
Site   367 dN/dS =      1.00000 Full Log(L) =      0.00000 LRT =      0.00000 p-value =      1.00000
Site   368 dN/dS =      1.00000 Full Log(L) =      0.00000 LRT =      0.00000 p-value =      1.00000
Site   369 dN/dS =      1.00000 Full Log(L) =      0.00000 LRT =      0.00000 p-value =      1.00000
Site   370 dN/dS =      1.00000 Full Log(L) =      0.00000 LRT =      0.00000 p-value =      1.00000
Site   371 dN/dS =      1.00000 Full Log(L) =      0.00000 LRT =      0.00000 p-value =      1.00000
Site   372 dN/dS =      1.00000 Full Log(L) =      0.00000 LRT =      0.00000 p-value =      1.00000
Site   373 dN/dS =      0.00000 Full Log(L) =    -10.51055 LRT =      0.59061 p-value =      0.22109
Site   374 dN/dS =      1.00000 Full Log(L) =      0.00000 LRT =      0.00000 p-value =      1.00000
Site   375 dN/dS =      0.00000 Full Log(L) =     -8.92724 LRT =      0.62024 p-value =      0.21548
Site   376 dN/dS =      1.00000 Full Log(L) =      0.00000 LRT =      0.00000 p-value =      1.00000
Site   377 dN/dS =      1.00000 Full Log(L) =      0.00000 LRT =      0.00000 p-value =      1.00000
Site   378 dN/dS =      1.00000 Full Log(L) =      0.00000 LRT =      0.00000 p-value =      1.00000
Site   379 dN/dS =      1.00000 Full Log(L) =      0.00000 LRT =      0.00000 p-value =      1.00000
Site   380 dN/dS =      1.00000 Full Log(L) =      0.00000 LRT =      0.00000 p-value =      1.00000
Site   381 dN/dS =      1.00000 Full Log(L) =      0.00000 LRT =      0.00000 p-value =      1.00000
Site   382 dN/dS =      1.00000 Full Log(L) =      0.00000 LRT =      0.00000 p-value =      1.00000
Site   383 dN/dS =      3.97889 Full Log(L) =    -13.44346 LRT =      1.25577 p-value =      0.13123
Site   384 dN/dS =      1.00000 Full Log(L) =      0.00000 LRT =      0.00000 p-value =      1.00000
Site   385 dN/dS =      1.00000 Full Log(L) =      0.00000 LRT =      0.00000 p-value =      1.00000
Site   386 dN/dS =      0.00000 Full Log(L) =     -9.84962 LRT =      0.57156 p-value =      0.22482
Site   387 dN/dS =      1.00000 Full Log(L) =      0.00000 LRT =      0.00000 p-value =      1.00000
Site   388 dN/dS =      1.00000 Full Log(L) =      0.00000 LRT =      0.00000 p-value =      1.00000
Site   389 dN/dS =      1.00000 Full Log(L) =      0.00000 LRT =      0.00000 p-value =      1.00000
Site   390 dN/dS =      1.00000 Full Log(L) =      0.00000 LRT =      0.00000 p-value =      1.00000
Site   391 dN/dS =      1.00000 Full Log(L) =      0.00000 LRT =      0.00000 p-value =      1.00000
Site   392 dN/dS =      1.00000 Full Log(L) =      0.00000 LRT =      0.00000 p-value =      1.00000
Site   393 dN/dS =      1.00000 Full Log(L) =      0.00000 LRT =      0.00000 p-value =      1.00000
Site   394 dN/dS =      1.00000 Full Log(L) =      0.00000 LRT =      0.00000 p-value =      1.00000
Site   395 dN/dS =      1.00000 Full Log(L) =      0.00000 LRT =      0.00000 p-value =      1.00000
Site   396 dN/dS =      1.00000 Full Log(L) =      0.00000 LRT =      0.00000 p-value =      1.00000
Site   397 dN/dS =      1.00000 Full Log(L) =      0.00000 LRT =      0.00000 p-value =      1.00000
Site   398 dN/dS =      1.00000 Full Log(L) =      0.00000 LRT =      0.00000 p-value =      1.00000
Site   399 dN/dS =      1.00000 Full Log(L) =      0.00000 LRT =      0.00000 p-value =      1.00000
Site   400 dN/dS =      1.00000 Full Log(L) =      0.00000 LRT =      0.00000 p-value =      1.00000
Site   401 dN/dS =      0.00000 Full Log(L) =    -10.85463 LRT =      0.53626 p-value =      0.23199
Site   402 dN/dS =      1.00000 Full Log(L) =      0.00000 LRT =      0.00000 p-value =      1.00000
Site   403 dN/dS =      1.00000 Full Log(L) =      0.00000 LRT =      0.00000 p-value =      1.00000
Site   404 dN/dS =      1.00000 Full Log(L) =      0.00000 LRT =      0.00000 p-value =      1.00000
Site   405 dN/dS =      1.00000 Full Log(L) =      0.00000 LRT =      0.00000 p-value =      1.00000
Site   406 dN/dS =      1.00000 Full Log(L) =      0.00000 LRT =      0.00000 p-value =      1.00000
Site   407 dN/dS =      1.00000 Full Log(L) =      0.00000 LRT =      0.00000 p-value =      1.00000
Site   408 dN/dS =      1.00000 Full Log(L) =      0.00000 LRT =      0.00000 p-value =      1.00000
Site   409 dN/dS =      1.00000 Full Log(L) =      0.00000 LRT =      0.00000 p-value =      1.00000
Site   410 dN/dS =      1.00000 Full Log(L) =      0.00000 LRT =      0.00000 p-value =      1.00000
Site   411 dN/dS =      1.00000 Full Log(L) =      0.00000 LRT =      0.00000 p-value =      1.00000
Site   412 dN/dS =      1.00000 Full Log(L) =      0.00000 LRT =      0.00000 p-value =      1.00000
Site   413 dN/dS =      1.00000 Full Log(L) =      0.00000 LRT =      0.00000 p-value =      1.00000
Site   414 dN/dS =      1.00000 Full Log(L) =      0.00000 LRT =      0.00000 p-value =      1.00000
Site   415 dN/dS =      1.00000 Full Log(L) =      0.00000 LRT =      0.00000 p-value =      1.00000
Site   416 dN/dS =      1.00000 Full Log(L) =      0.00000 LRT =      0.00000 p-value =      1.00000
Site   417 dN/dS =      1.00000 Full Log(L) =      0.00000 LRT =      0.00000 p-value =      1.00000
Site   418 dN/dS =      3.49608 Full Log(L) =     -8.21467 LRT =      1.06425 p-value =      0.15112
Site   419 dN/dS =      1.00000 Full Log(L) =      0.00000 LRT =      0.00000 p-value =      1.00000
Site   420 dN/dS =      1.00000 Full Log(L) =      0.00000 LRT =      0.00000 p-value =      1.00000
Site   421 dN/dS =      1.00000 Full Log(L) =      0.00000 LRT =      0.00000 p-value =      1.00000
Site   422 dN/dS =      1.00000 Full Log(L) =      0.00000 LRT =      0.00000 p-value =      1.00000
Site   423 dN/dS =      1.00000 Full Log(L) =      0.00000 LRT =      0.00000 p-value =      1.00000
Site   424 dN/dS =      0.00000 Full Log(L) =     -8.94503 LRT =      0.65193 p-value =      0.20971
Site   425 dN/dS =      0.00000 Full Log(L) =    -11.66651 LRT =      0.50548 p-value =      0.23855
Site   426 dN/dS =      1.00000 Full Log(L) =      0.00000 LRT =      0.00000 p-value =      1.00000
Site   427 dN/dS =      1.00000 Full Log(L) =      0.00000 LRT =      0.00000 p-value =      1.00000
Site   428 dN/dS =      1.00000 Full Log(L) =      0.00000 LRT =      0.00000 p-value =      1.00000
Site   429 dN/dS =      1.00000 Full Log(L) =      0.00000 LRT =      0.00000 p-value =      1.00000
Site   430 dN/dS =      1.00000 Full Log(L) =      0.00000 LRT =      0.00000 p-value =      1.00000
Site   431 dN/dS =      1.00000 Full Log(L) =      0.00000 LRT =      0.00000 p-value =      1.00000
Site   432 dN/dS =      1.00000 Full Log(L) =      0.00000 LRT =      0.00000 p-value =      1.00000
Site   433 dN/dS =      1.00000 Full Log(L) =      0.00000 LRT =      0.00000 p-value =      1.00000
Site   434 dN/dS =      1.00000 Full Log(L) =      0.00000 LRT =      0.00000 p-value =      1.00000
Site   435 dN/dS =      1.00000 Full Log(L) =      0.00000 LRT =      0.00000 p-value =      1.00000
Site   436 dN/dS =      1.00000 Full Log(L) =      0.00000 LRT =      0.00000 p-value =      1.00000
Site   437 dN/dS =      1.00000 Full Log(L) =      0.00000 LRT =      0.00000 p-value =      1.00000
Site   438 dN/dS =      1.00000 Full Log(L) =      0.00000 LRT =      0.00000 p-value =      1.00000
Site   439 dN/dS =      1.00000 Full Log(L) =      0.00000 LRT =      0.00000 p-value =      1.00000
Site   440 dN/dS =      0.00000 Full Log(L) =     -8.71667 LRT =      0.59042 p-value =      0.22113
Site   441 dN/dS =      1.00000 Full Log(L) =      0.00000 LRT =      0.00000 p-value =      1.00000
Site   442 dN/dS =      1.00000 Full Log(L) =      0.00000 LRT =      0.00000 p-value =      1.00000
Site   443 dN/dS =      1.00000 Full Log(L) =      0.00000 LRT =      0.00000 p-value =      1.00000
Site   444 dN/dS =      1.00000 Full Log(L) =      0.00000 LRT =      0.00000 p-value =      1.00000
Site   445 dN/dS =      1.00000 Full Log(L) =      0.00000 LRT =      0.00000 p-value =      1.00000
Site   446 dN/dS =      1.00000 Full Log(L) =      0.00000 LRT =      0.00000 p-value =      1.00000
Site   447 dN/dS =      0.00000 Full Log(L) =     -9.71835 LRT =      0.30132 p-value =      0.29153
Site   448 dN/dS =      1.00000 Full Log(L) =      0.00000 LRT =      0.00000 p-value =      1.00000
Site   449 dN/dS =      1.00000 Full Log(L) =      0.00000 LRT =      0.00000 p-value =      1.00000
Site   450 dN/dS =      1.00000 Full Log(L) =      0.00000 LRT =      0.00000 p-value =      1.00000
Site   451 dN/dS =      1.00000 Full Log(L) =      0.00000 LRT =      0.00000 p-value =      1.00000
Site   452 dN/dS =      1.00000 Full Log(L) =      0.00000 LRT =      0.00000 p-value =      1.00000
Site   453 dN/dS =      1.00000 Full Log(L) =      0.00000 LRT =      0.00000 p-value =      1.00000
Site   454 dN/dS =      1.00000 Full Log(L) =      0.00000 LRT =      0.00000 p-value =      1.00000
Site   455 dN/dS =      1.00000 Full Log(L) =      0.00000 LRT =      0.00000 p-value =      1.00000
Site   456 dN/dS =      1.00000 Full Log(L) =      0.00000 LRT =      0.00000 p-value =      1.00000
Site   457 dN/dS =      1.00000 Full Log(L) =      0.00000 LRT =      0.00000 p-value =      1.00000
Site   458 dN/dS =      1.00000 Full Log(L) =      0.00000 LRT =      0.00000 p-value =      1.00000
Site   459 dN/dS =      1.00000 Full Log(L) =      0.00000 LRT =      0.00000 p-value =      1.00000
Site   460 dN/dS =      1.00000 Full Log(L) =      0.00000 LRT =      0.00000 p-value =      1.00000
Site   461 dN/dS =      1.00000 Full Log(L) =      0.00000 LRT =      0.00000 p-value =      1.00000
Site   462 dN/dS =      1.00000 Full Log(L) =      0.00000 LRT =      0.00000 p-value =      1.00000
Site   463 dN/dS =      0.00000 Full Log(L) =    -11.80441 LRT =      0.30132 p-value =      0.29153
Site   464 dN/dS =      1.00000 Full Log(L) =      0.00000 LRT =      0.00000 p-value =      1.00000
Site   465 dN/dS =      0.00000 Full Log(L) =     -9.56801 LRT =      0.62034 p-value =      0.21546
Site   466 dN/dS =      1.00000 Full Log(L) =      0.00000 LRT =      0.00000 p-value =      1.00000
Site   467 dN/dS =      1.00000 Full Log(L) =      0.00000 LRT =      0.00000 p-value =      1.00000
Site   468 dN/dS =      1.00000 Full Log(L) =      0.00000 LRT =      0.00000 p-value =      1.00000
Site   469 dN/dS =      1.00000 Full Log(L) =      0.00000 LRT =      0.00000 p-value =      1.00000
Site   470 dN/dS =      0.00000 Full Log(L) =    -11.24258 LRT =      0.37610 p-value =      0.26985
Site   471 dN/dS =      1.00000 Full Log(L) =      0.00000 LRT =      0.00000 p-value =      1.00000
Site   472 dN/dS =      1.00000 Full Log(L) =      0.00000 LRT =      0.00000 p-value =      1.00000
Site   473 dN/dS =      1.00000 Full Log(L) =      0.00000 LRT =      0.00000 p-value =      1.00000
Site   474 dN/dS =      1.00000 Full Log(L) =      0.00000 LRT =      0.00000 p-value =      1.00000
Site   475 dN/dS =      1.00000 Full Log(L) =      0.00000 LRT =      0.00000 p-value =      1.00000
Site   476 dN/dS =      1.00000 Full Log(L) =      0.00000 LRT =      0.00000 p-value =      1.00000
Site   477 dN/dS =      1.00000 Full Log(L) =      0.00000 LRT =      0.00000 p-value =      1.00000
Site   478 dN/dS =      1.00000 Full Log(L) =      0.00000 LRT =      0.00000 p-value =      1.00000
Site   479 dN/dS =      1.00000 Full Log(L) =      0.00000 LRT =      0.00000 p-value =      1.00000
Site   480 dN/dS =      1.00000 Full Log(L) =      0.00000 LRT =      0.00000 p-value =      1.00000
Site   481 dN/dS =      1.00000 Full Log(L) =      0.00000 LRT =      0.00000 p-value =      1.00000
Site   482 dN/dS =      1.00000 Full Log(L) =      0.00000 LRT =      0.00000 p-value =      1.00000
Site   483 dN/dS =      1.00000 Full Log(L) =      0.00000 LRT =      0.00000 p-value =      1.00000
Site   484 dN/dS =      1.00000 Full Log(L) =      0.00000 LRT =      0.00000 p-value =      1.00000
Site   485 dN/dS =      1.00000 Full Log(L) =      0.00000 LRT =      0.00000 p-value =      1.00000
Site   486 dN/dS =      1.00000 Full Log(L) =      0.00000 LRT =      0.00000 p-value =      1.00000
Site   487 dN/dS =      1.00000 Full Log(L) =      0.00000 LRT =      0.00000 p-value =      1.00000
Site   488 dN/dS =      1.00000 Full Log(L) =      0.00000 LRT =      0.00000 p-value =      1.00000
Site   489 dN/dS =      1.00000 Full Log(L) =      0.00000 LRT =      0.00000 p-value =      1.00000
Site   490 dN/dS =      1.00000 Full Log(L) =      0.00000 LRT =      0.00000 p-value =      1.00000
Site   491 dN/dS =      1.00000 Full Log(L) =      0.00000 LRT =      0.00000 p-value =      1.00000
Site   492 dN/dS =      1.00000 Full Log(L) =      0.00000 LRT =      0.00000 p-value =      1.00000
Site   493 dN/dS =      1.00000 Full Log(L) =      0.00000 LRT =      0.00000 p-value =      1.00000
Site   494 dN/dS =      3.02268 Full Log(L) =    -10.67485 LRT =      0.86410 p-value =      0.17630
Site   495 dN/dS =      0.00000 Full Log(L) =    -11.24854 LRT =      0.71480 p-value =      0.19893
Site   496 dN/dS =      1.00000 Full Log(L) =      0.00000 LRT =      0.00000 p-value =      1.00000
Site   497 dN/dS =      1.00000 Full Log(L) =      0.00000 LRT =      0.00000 p-value =      1.00000
Site   498 dN/dS =      1.00000 Full Log(L) =      0.00000 LRT =      0.00000 p-value =      1.00000
Site   499 dN/dS =      1.00000 Full Log(L) =      0.00000 LRT =      0.00000 p-value =      1.00000
Site   500 dN/dS =      1.00000 Full Log(L) =      0.00000 LRT =      0.00000 p-value =      1.00000
Site   501 dN/dS =      0.00000 Full Log(L) =    -17.48857 LRT =      0.57156 p-value =      0.22482
Site   502 dN/dS =      1.00000 Full Log(L) =      0.00000 LRT =      0.00000 p-value =      1.00000
Site   503 dN/dS =      3.12752 Full Log(L) =     -8.49023 LRT =      0.91054 p-value =      0.16999
Site   504 dN/dS =      1.00000 Full Log(L) =      0.00000 LRT =      0.00000 p-value =      1.00000
Site   505 dN/dS =      0.00000 Full Log(L) =    -10.04617 LRT =      0.65208 p-value =      0.20969
Site   506 dN/dS =      1.00000 Full Log(L) =      0.00000 LRT =      0.00000 p-value =      1.00000
Site   507 dN/dS =      1.00000 Full Log(L) =      0.00000 LRT =      0.00000 p-value =      1.00000
Site   508 dN/dS =      1.00000 Full Log(L) =      0.00000 LRT =      0.00000 p-value =      1.00000
Site   509 dN/dS =      1.00000 Full Log(L) =      0.00000 LRT =      0.00000 p-value =      1.00000
Site   510 dN/dS =      1.00000 Full Log(L) =      0.00000 LRT =      0.00000 p-value =      1.00000
Site   511 dN/dS =      1.00000 Full Log(L) =      0.00000 LRT =      0.00000 p-value =      1.00000
Site   512 dN/dS =      1.00000 Full Log(L) =      0.00000 LRT =      0.00000 p-value =      1.00000
Site   513 dN/dS =      1.00000 Full Log(L) =      0.00000 LRT =      0.00000 p-value =      1.00000
Site   514 dN/dS =      1.00000 Full Log(L) =      0.00000 LRT =      0.00000 p-value =      1.00000
Site   515 dN/dS =      1.00000 Full Log(L) =      0.00000 LRT =      0.00000 p-value =      1.00000
Site   516 dN/dS =      1.00000 Full Log(L) =      0.00000 LRT =      0.00000 p-value =      1.00000
Site   517 dN/dS =      1.00000 Full Log(L) =      0.00000 LRT =      0.00000 p-value =      1.00000
Site   518 dN/dS =      0.00000 Full Log(L) =    -12.64743 LRT =      0.54354 p-value =      0.23048
Site   519 dN/dS =      1.00000 Full Log(L) =      0.00000 LRT =      0.00000 p-value =      1.00000
Site   520 dN/dS =      1.00000 Full Log(L) =      0.00000 LRT =      0.00000 p-value =      1.00000
Site   521 dN/dS =      3.54182 Full Log(L) =    -15.37859 LRT =      1.08316 p-value =      0.14900
Site   522 dN/dS =      1.00000 Full Log(L) =      0.00000 LRT =      0.00000 p-value =      1.00000
Site   523 dN/dS =      1.00000 Full Log(L) =      0.00000 LRT =      0.00000 p-value =      1.00000
Site   524 dN/dS =      1.00000 Full Log(L) =      0.00000 LRT =      0.00000 p-value =      1.00000
Site   525 dN/dS =      1.00000 Full Log(L) =      0.00000 LRT =      0.00000 p-value =      1.00000
Site   526 dN/dS =      1.00000 Full Log(L) =      0.00000 LRT =      0.00000 p-value =      1.00000
Site   527 dN/dS =      1.00000 Full Log(L) =      0.00000 LRT =      0.00000 p-value =      1.00000
Site   528 dN/dS =      1.00000 Full Log(L) =      0.00000 LRT =      0.00000 p-value =      1.00000
Site   529 dN/dS =      1.00000 Full Log(L) =      0.00000 LRT =      0.00000 p-value =      1.00000
Site   530 dN/dS =      1.00000 Full Log(L) =      0.00000 LRT =      0.00000 p-value =      1.00000
Site   531 dN/dS =      1.00000 Full Log(L) =      0.00000 LRT =      0.00000 p-value =      1.00000
Site   532 dN/dS =      1.00000 Full Log(L) =      0.00000 LRT =      0.00000 p-value =      1.00000
Site   533 dN/dS =      1.00000 Full Log(L) =      0.00000 LRT =      0.00000 p-value =      1.00000
Site   534 dN/dS =      1.00000 Full Log(L) =      0.00000 LRT =      0.00000 p-value =      1.00000
Site   535 dN/dS =      1.00000 Full Log(L) =      0.00000 LRT =      0.00000 p-value =      1.00000
Site   536 dN/dS =      1.00000 Full Log(L) =      0.00000 LRT =      0.00000 p-value =      1.00000
Site   537 dN/dS =      1.00000 Full Log(L) =      0.00000 LRT =      0.00000 p-value =      1.00000
Site   538 dN/dS =      1.00000 Full Log(L) =      0.00000 LRT =      0.00000 p-value =      1.00000
Site   539 dN/dS =      1.00000 Full Log(L) =      0.00000 LRT =      0.00000 p-value =      1.00000
Site   540 dN/dS =      1.00000 Full Log(L) =      0.00000 LRT =      0.00000 p-value =      1.00000
Site   541 dN/dS =      1.00000 Full Log(L) =      0.00000 LRT =      0.00000 p-value =      1.00000
Site   542 dN/dS =      1.00000 Full Log(L) =      0.00000 LRT =      0.00000 p-value =      1.00000
Site   543 dN/dS =      1.00000 Full Log(L) =      0.00000 LRT =      0.00000 p-value =      1.00000
Site   544 dN/dS =      1.00000 Full Log(L) =      0.00000 LRT =      0.00000 p-value =      1.00000
Site   545 dN/dS =      1.00000 Full Log(L) =      0.00000 LRT =      0.00000 p-value =      1.00000
Site   546 dN/dS =      1.00000 Full Log(L) =      0.00000 LRT =      0.00000 p-value =      1.00000
Site   547 dN/dS =      0.00000 Full Log(L) =    -14.68845 LRT =      0.31405 p-value =      0.28760
Site   548 dN/dS =      1.00000 Full Log(L) =      0.00000 LRT =      0.00000 p-value =      1.00000
Site   549 dN/dS =      1.00000 Full Log(L) =      0.00000 LRT =      0.00000 p-value =      1.00000
Site   550 dN/dS =      1.00000 Full Log(L) =      0.00000 LRT =      0.00000 p-value =      1.00000
Site   551 dN/dS =      1.00000 Full Log(L) =      0.00000 LRT =      0.00000 p-value =      1.00000
Site   552 dN/dS =      1.00000 Full Log(L) =      0.00000 LRT =      0.00000 p-value =      1.00000
Site   553 dN/dS =      1.00000 Full Log(L) =      0.00000 LRT =      0.00000 p-value =      1.00000
Site   554 dN/dS =      1.00000 Full Log(L) =      0.00000 LRT =      0.00000 p-value =      1.00000
Site   555 dN/dS =      1.00000 Full Log(L) =      0.00000 LRT =      0.00000 p-value =      1.00000
Site   556 dN/dS =      1.00000 Full Log(L) =      0.00000 LRT =      0.00000 p-value =      1.00000
Site   557 dN/dS =      1.00000 Full Log(L) =      0.00000 LRT =      0.00000 p-value =      1.00000
Site   558 dN/dS =      1.00000 Full Log(L) =      0.00000 LRT =      0.00000 p-value =      1.00000
Site   559 dN/dS =      1.00000 Full Log(L) =      0.00000 LRT =      0.000
Check messages.log details of this run.
00 p-value =      1.00000
Site   560 dN/dS =      1.00000 Full Log(L) =      0.00000 LRT =      0.00000 p-value =      1.00000
Site   561 dN/dS =      1.00000 Full Log(L) =      0.00000 LRT =      0.00000 p-value =      1.00000
Site   562 dN/dS =      1.00000 Full Log(L) =      0.00000 LRT =      0.00000 p-value =      1.00000
Site   563 dN/dS =      1.00000 Full Log(L) =      0.00000 LRT =      0.00000 p-value =      1.00000
Site   564 dN/dS =      1.00000 Full Log(L) =      0.00000 LRT =      0.00000 p-value =      1.00000
Site   565 dN/dS =      1.00000 Full Log(L) =      0.00000 LRT =      0.00000 p-value =      1.00000
Site   566 dN/dS =      1.00000 Full Log(L) =      0.00000 LRT =      0.00000 p-value =      1.00000


Wall-clock run-time (seconds): 1412751017
Process time on the master node: 138.862682
MPI nodes used: 0

Wall-clock time per site (seconds): 9418340.113333333
