

______________READ THE FOLLOWING DATA______________
277 species:{EU501969,EU501656,EU502204,EU501845,EU501961,EU501960,EU501848,EU501962,EU501964,EU502166,EU502167,EU502006,CY091053,EU501921,CY172503,EU791293,EU502195,CY020069,EU502197,EU502196,EU501683,EU502054,EU502055,EU501922,EU502292,CY172215,CY172255,CY054160,CY172335,EU501855,CY172295,EU501703,EU501856,CY054232,EU502271,EU502272,EU501706,EU501914,EU502322,EU502171,CY172279,EU501859,EU501858,EU501912,EU501913,EU501662,AB434113,AB289676,EU501966,AB289675,EU501894,AB434111,CY172431,EU501997,CY172343,EU501992,EU502048,CY091029,EU502045,CY116586,CY020077,EU502287,EU502040,CY012792,EU502168,EU502280,CY091501,EU501608,EU501772,EU501908,EU501907,EU501998,EU501905,EU501904,EU501901,EU501597,EU501647,CY019859,CY172239,EU502073,EF473458,CY020093,EU502074,EU502075,CY172231,EU502078,EU501760,EU501989,EU501988,EU502379,CY013232,AB289678,AB289677,CY172487,EU502377,EU501661,AB289673,EU501938,CY172223,EU502098,EU502099,EU501765,EU501764,EU501936,EU502005,EU501934,EU501935,EU502090,EU502094,EU502092,EU501939,CY019851,EU502095,EU502096,CY172391,CY058070,CY054156,CY172351,CY054152,EU501835,EU501724,CY172415,CY172423,EU501698,CY114389,EU501660,EU502093,EU501697,CY172247,EU502381,CY058073,EU502386,CY091085,EU516029,CY054226,EU501598,FJ794153,CY172383,FJ794151,FJ794156,EU501920,FJ794154,FJ794155,EU502324,EU501929,EU502323,EU502085,EU502321,CY020101,CY054183,AB289674,CY091013,EU502312,CY172463,EU501888,EU501889,EU501886,EU501887,EU501884,EU501885,EU502391,EU502011,EU502012,EU502404,EU502014,EU502015,EU516031,EU501906,EU501688,EF462552,EU502250,EU502251,EF462555,CY054253,EU502331,EU501667,CY019325,EU502133,EU502132,EU501628,CY172191,EU501857,EU501624,EU502017,EU502234,EF473496,EF473486,EU501950,EU501951,EU501953,CY020133,EU501958,EU501959,CY014159,CY054256,EU501891,EU199252,EU501893,EF473460,EU501899,EU502007,CY172303,EU502434,CY172263,EU502002,EU501758,EU502249,EU502376,AB246366,EU502009,EU501751,EU502242,CY054182,EU502347,AB434112,CY020085,EU502022,EU501860,EU502226,EU501862,CY172287,EU502277,EU501947,EU501946,EU502194,CY091077,CY172311,EU501949,EU501948,EU501919,CY172271,EU502273,EU502421,EU502420,EU501747,EU502311,EU502033,CY054274,CY091021,EU501745,EU501933,EU501916,EU502038,EU501645,EF473493,CY054231,JF710738,EU501986,EU502216,EU501722,CY172207,EU501725,AB289672,EU501976,EU501977,EU502043,EU501975,CY091541,CY091045,EU501983,EU501621,EU501979,CY172319,CY054275,EU502185,CY172199,CY172455,EU501980,EU502024,EU502026,CY091533,CY172447,AB271001,EU502516,EU502519,EU501911,CY091069};
Total Sites:1698;
Distinct Sites:392

Phase 1:Nucleotide Model (010010) Model Fit


-6910.78145557076

Phase 2:MG94x(010010) Model Fit



Phase 3:Estimating dN/dS


Nuc->codon scaling factor:1.911357163729795
Raw scaling factor:1.911357163729795
Tree scaling factor(S): 1

Using dN/dS=0.3421634686911355
Codon model:-6761.8711522971

Phase 4: Ancestral State Reconstruction and Counting

<<Significance level for Likelihood Ratio Tests (permissible range = [0,1], default value = 0.1)>>Site     1 dN/dS =      0.00000 Full Log(L) =     -4.14713 LRT =      1.32443 p-value =      0.12490
Site     2 dN/dS =      0.00000 Full Log(L) =     -4.02577 LRT =      0.84528 p-value =      0.17895
Site     3 dN/dS =      0.00000 Full Log(L) =     -4.19955 LRT =      0.82562 p-value =      0.18177
Site     4 dN/dS =      0.00000 Full Log(L) =     -4.15538 LRT =      0.83601 p-value =      0.18027
Site     5 dN/dS =      0.00000 Full Log(L) =     -4.09561 LRT =      0.83601 p-value =      0.18027
Site     6 dN/dS =      0.00000 Full Log(L) =     -4.52080 LRT =      0.94876 p-value =      0.16502
Site     7 dN/dS =      0.00000 Full Log(L) =     -4.75507 LRT =      0.52972 p-value =      0.23336
Site     8 dN/dS =      0.00000 Full Log(L) =     -4.13649 LRT =      1.02844 p-value =      0.15526
Site     9 dN/dS =      0.00000 Full Log(L) =     -4.05219 LRT =      0.75346 p-value =      0.19269
Site    10 dN/dS =      2.41366 Full Log(L) =    -10.29796 LRT =      0.58713 p-value =      0.22177
Site    11 dN/dS =      3.99526 Full Log(L) =    -12.24733 LRT =      1.26413 p-value =      0.13043
Site    12 dN/dS =      2.18350 Full Log(L) =    -10.09284 LRT =      0.47529 p-value =      0.24528
Site    13 dN/dS =      0.00000 Full Log(L) =     -5.15440 LRT =      0.49968 p-value =      0.23982
Site    14 dN/dS =      0.00000 Full Log(L) =     -4.43511 LRT =      0.92266 p-value =      0.16839
Site    15 dN/dS =      2.38733 Full Log(L) =    -21.99659 LRT =      0.57370 p-value =      0.22440
Site    16 dN/dS =      2.02179 Full Log(L) =    -15.07751 LRT =      0.39537 p-value =      0.26475
Site    17 dN/dS =      3.99810 Full Log(L) =    -44.60109 LRT =      5.66494 p-value =      0.00865 *P
Site    18 dN/dS =      1.53971 Full Log(L) =    -33.12059 LRT =      0.48264 p-value =      0.24361
Site    19 dN/dS =      1.02633 Full Log(L) =    -21.53359 LRT =      0.00133 p-value =      0.48544
Site    20 dN/dS =      0.00000 Full Log(L) =    -16.95970 LRT =      4.03002 p-value =      0.02235 *N
Site    21 dN/dS =      0.85662 Full Log(L) =    -25.58284 LRT =      0.05021 p-value =      0.41135
Site    22 dN/dS =      0.96956 Full Log(L) =    -31.00574 LRT =      0.00192 p-value =      0.48253
Site    23 dN/dS =      0.42258 Full Log(L) =    -12.45388 LRT =      1.00576 p-value =      0.15796
Site    24 dN/dS =      0.00000 Full Log(L) =    -10.87983 LRT =      4.15927 p-value =      0.02070 *N
Site    25 dN/dS =      0.42035 Full Log(L) =    -14.00337 LRT =      1.02022 p-value =      0.15623
Site    26 dN/dS =      0.00000 Full Log(L) =    -29.48488 LRT =      3.82838 p-value =      0.02520 *N
Site    27 dN/dS =      1.00000 Full Log(L) =      0.00000 LRT =      0.00000 p-value =      1.00000
Site    28 dN/dS =      0.00000 Full Log(L) =    -26.85756 LRT =      3.82838 p-value =      0.02520 *N
Site    29 dN/dS =      0.00000 Full Log(L) =    -11.42930 LRT =      2.31742 p-value =      0.06397 *N
Site    30 dN/dS =      0.00000 Full Log(L) =    -10.10509 LRT =      4.27239 p-value =      0.01937 *N
Site    31 dN/dS =      0.00000 Full Log(L) =    -24.65262 LRT =      3.85527 p-value =      0.02479 *N
Site    32 dN/dS =      0.00000 Full Log(L) =    -11.23262 LRT =      4.89577 p-value =      0.01346 *N
Site    33 dN/dS =      0.00000 Full Log(L) =    -10.35257 LRT =      4.36079 p-value =      0.01839 *N
Site    34 dN/dS =      1.00000 Full Log(L) =      0.00000 LRT =      0.00000 p-value =      1.00000
Site    35 dN/dS =      0.45462 Full Log(L) =    -12.04879 LRT =      0.81948 p-value =      0.18267
Site    36 dN/dS =      0.00000 Full Log(L) =    -14.10264 LRT =      4.27857 p-value =      0.01930 *N
Site    37 dN/dS =      1.51598 Full Log(L) =    -24.10807 LRT =      0.45252 p-value =      0.25057
Site    38 dN/dS =      0.00000 Full Log(L) =    -11.01943 LRT =      4.15928 p-value =      0.02070 *N
Site    39 dN/dS =      1.00000 Full Log(L) =      0.00000 LRT =      0.00000 p-value =      1.00000
Site    40 dN/dS =      0.00000 Full Log(L) =    -11.66518 LRT =      3.82838 p-value =      0.02520 *N
Site    41 dN/dS =      2.10959 Full Log(L) =    -36.09305 LRT =      2.19100 p-value =      0.06941 *P
Site    42 dN/dS =      0.00000 Full Log(L) =    -17.57889 LRT =      4.27857 p-value =      0.01930 *N
Site    43 dN/dS =      0.51025 Full Log(L) =    -12.02591 LRT =      0.57083 p-value =      0.22496
Site    44 dN/dS =      1.00000 Full Log(L) =      0.00000 LRT =      0.00000 p-value =      1.00000
Site    45 dN/dS =      0.00000 Full Log(L) =    -10.66106 LRT =      3.87649 p-value =      0.02448 *N
Site    46 dN/dS =      0.00000 Full Log(L) =    -32.79905 LRT =      3.82838 p-value =      0.02520 *N
Site    47 dN/dS =      0.00000 Full Log(L) =     -9.72545 LRT =      4.15914 p-value =      0.02071 *N
Site    48 dN/dS =      0.42258 Full Log(L) =    -12.45344 LRT =      1.00576 p-value =      0.15796
Site    49 dN/dS =      1.00000 Full Log(L) =      0.00000 LRT =      0.00000 p-value =      1.00000
Site    50 dN/dS =      1.00000 Full Log(L) =      0.00000 LRT =      0.00000 p-value =      1.00000
Site    51 dN/dS =      0.00000 Full Log(L) =    -10.28701 LRT =      4.49022 p-value =      0.01704 *N
Site    52 dN/dS =      0.00000 Full Log(L) =    -20.95386 LRT =      4.27857 p-value =      0.01930 *N
Site    53 dN/dS =      1.00000 Full Log(L) =      0.00000 LRT =      0.00000 p-value =      1.00000
Site    54 dN/dS =      1.00000 Full Log(L) =      0.00000 LRT =      0.00000 p-value =      1.00000
Site    55 dN/dS =      0.00000 Full Log(L) =    -11.24974 LRT =      4.39966 p-value =      0.01797 *N
Site    56 dN/dS =      0.00000 Full Log(L) =    -19.17041 LRT =      3.82838 p-value =      0.02520 *N
Site    57 dN/dS =      0.00000 Full Log(L) =    -27.79098 LRT =      4.48981 p-value =      0.01705 *N
Site    58 dN/dS =      0.00000 Full Log(L) =    -18.17092 LRT =      2.31995 p-value =      0.06386 *N
Site    59 dN/dS =      1.00000 Full Log(L) =      0.00000 LRT =      0.00000 p-value =      1.00000
Site    60 dN/dS =      0.00000 Full Log(L) =     -9.64658 LRT =      2.74604 p-value =      0.04875 *N
Site    61 dN/dS =      0.41967 Full Log(L) =    -15.51892 LRT =      1.02461 p-value =      0.15571
Site    62 dN/dS =      1.00000 Full Log(L) =      0.00000 LRT =      0.00000 p-value =      1.00000
Site    63 dN/dS =      0.64148 Full Log(L) =    -13.70078 LRT =      0.22880 p-value =      0.31621
Site    64 dN/dS =      0.52286 Full Log(L) =    -14.42777 LRT =      0.52579 p-value =      0.23419
Site    65 dN/dS =      1.23079 Full Log(L) =    -33.32211 LRT =      0.12015 p-value =      0.36444
Site    66 dN/dS =      3.53413 Full Log(L) =    -44.93672 LRT =      8.65760 p-value =      0.00163 *P
Site    67 dN/dS =      1.00000 Full Log(L) =      0.00000 LRT =      0.00000 p-value =      1.00000
Site    68 dN/dS =      1.00000 Full Log(L) =      0.00000 LRT =      0.00000 p-value =      1.00000
Site    69 dN/dS =      0.85347 Full Log(L) =    -17.66011 LRT =      0.05269 p-value =      0.40922
Site    70 dN/dS =      0.41937 Full Log(L) =    -32.64114 LRT =      1.02659 p-value =      0.15548
Site    71 dN/dS =      0.00000 Full Log(L) =    -10.26172 LRT =      4.03002 p-value =      0.02235 *N
Site    72 dN/dS =      0.45882 Full Log(L) =    -16.04798 LRT =      0.79719 p-value =      0.18597
Site    73 dN/dS =      0.00000 Full Log(L) =    -14.36608 LRT =      2.74458 p-value =      0.04879 *N
Site    74 dN/dS =      0.00000 Full Log(L) =    -17.82795 LRT =      3.87649 p-value =      0.02448 *N
Site    75 dN/dS =      1.03231 Full Log(L) =    -36.17810 LRT =      0.00199 p-value =      0.48220
Site    76 dN/dS =      0.00000 Full Log(L) =    -11.16106 LRT =      4.73054 p-value =      0.01482 *N
Site    77 dN/dS =      0.00000 Full Log(L) =    -28.07138 LRT =      4.68220 p-value =      0.01524 *N
Site    78 dN/dS =      1.79605 Full Log(L) =    -35.36438 LRT =      1.13062 p-value =      0.14382
Site    79 dN/dS =      0.00000 Full Log(L) =    -10.87962 LRT =      4.15927 p-value =      0.02070 *N
Site    80 dN/dS =      0.46826 Full Log(L) =    -15.34044 LRT =      0.75072 p-value =      0.19312
Site    81 dN/dS =      0.52270 Full Log(L) =    -23.29368 LRT =      0.52635 p-value =      0.23407
Site    82 dN/dS =      0.00000 Full Log(L) =    -12.87370 LRT =      2.31734 p-value =      0.06397 *N
Site    83 dN/dS =      1.00000 Full Log(L) =      0.00000 LRT =      0.00000 p-value =      1.00000
Site    84 dN/dS =      1.00000 Full Log(L) =      0.00000 LRT =      0.00000 p-value =      1.00000
Site    85 dN/dS =      0.00000 Full Log(L) =    -10.70680 LRT =      4.39966 p-value =      0.01797 *N
Site    86 dN/dS =      0.00000 Full Log(L) =    -19.76976 LRT =      2.31277 p-value =      0.06416 *N
Site    87 dN/dS =      0.00000 Full Log(L) =    -12.08380 LRT =      2.45530 p-value =      0.05856 *N
Site    88 dN/dS =      0.00000 Full Log(L) =    -23.43693 LRT =      4.68023 p-value =      0.01526 *N
Site    89 dN/dS =      0.00000 Full Log(L) =    -10.35939 LRT =      4.73047 p-value =      0.01482 *N
Site    90 dN/dS =      0.00000 Full Log(L) =    -11.50605 LRT =      4.03002 p-value =      0.02235 *N
Site    91 dN/dS =      0.71608 Full Log(L) =    -23.02253 LRT =      0.12452 p-value =      0.36209
Site    92 dN/dS =      1.00000 Full Log(L) =      0.00000 LRT =      0.00000 p-value =      1.00000
Site    93 dN/dS =      1.00000 Full Log(L) =      0.00000 LRT =      0.00000 p-value =      1.00000
Site    94 dN/dS =      1.24420 Full Log(L) =    -22.64173 LRT =      0.13258 p-value =      0.35789
Site    95 dN/dS =      1.02270 Full Log(L) =    -21.27320 LRT =      0.00100 p-value =      0.48741
Site    96 dN/dS =      0.00000 Full Log(L) =    -11.23257 LRT =      2.74624 p-value =      0.04874 *N
Site    97 dN/dS =      0.48095 Full Log(L) =    -23.12876 LRT =      0.69082 p-value =      0.20294
Site    98 dN/dS =      0.00000 Full Log(L) =    -22.79579 LRT =      3.91895 p-value =      0.02387 *N
Site    99 dN/dS =      1.53361 Full Log(L) =    -33.84562 LRT =      0.47484 p-value =      0.24538
Site   100 dN/dS =      1.00000 Full Log(L) =      0.00000 LRT =      0.00000 p-value =      1.00000
Site   101 dN/dS =      1.00000 Full Log(L) =      0.00000 LRT =      0.00000 p-value =      1.00000
Site   102 dN/dS =      0.00000 Full Log(L) =    -10.17952 LRT =      3.90893 p-value =      0.02402 *N
Site   103 dN/dS =      1.00000 Full Log(L) =      0.00000 LRT =      0.00000 p-value =      1.00000
Site   104 dN/dS =      1.41019 Full Log(L) =    -30.07445 LRT =      0.31524 p-value =      0.28724
Site   105 dN/dS =      1.00000 Full Log(L) =      0.00000 LRT =      0.00000 p-value =      1.00000
Site   106 dN/dS =      1.00000 Full Log(L) =      0.00000 LRT =      0.00000 p-value =      1.00000
Site   107 dN/dS =      1.00000 Full Log(L) =      0.00000 LRT =      0.00000 p-value =      1.00000
Site   108 dN/dS =      1.03041 Full Log(L) =    -20.41458 LRT =      0.00176 p-value =      0.48325
Site   109 dN/dS =      0.45489 Full Log(L) =    -22.09525 LRT =      0.81809 p-value =      0.18287
Site   110 dN/dS =      2.89906 Full Log(L) =    -35.01708 LRT =      4.05729 p-value =      0.02199 *P
Site   111 dN/dS =      0.00000 Full Log(L) =    -10.67508 LRT =      4.76878 p-value =      0.01449 *N
Site   112 dN/dS =      1.00000 Full Log(L) =      0.00000 LRT =      0.00000 p-value =      1.00000
Site   113 dN/dS =      0.00000 Full Log(L) =    -10.35486 LRT =      4.27241 p-value =      0.01937 *N
Site   114 dN/dS =      1.00000 Full Log(L) =      0.00000 LRT =      0.00000 p-value =      1.00000
Site   115 dN/dS =      1.00000 Full Log(L) =      0.00000 LRT =      0.00000 p-value =      1.00000
Site   116 dN/dS =      1.00000 Full Log(L) =      0.00000 LRT =      0.00000 p-value =      1.00000
Site   117 dN/dS =      0.00000 Full Log(L) =    -11.24672 LRT =      4.73055 p-value =      0.01482 *N
Site   118 dN/dS =      0.00000 Full Log(L) =    -23.38537 LRT =      4.27857 p-value =      0.01930 *N
Site   119 dN/dS =      0.00000 Full Log(L) =    -11.70048 LRT =      4.03001 p-value =      0.02235 *N
Site   120 dN/dS =      0.00000 Full Log(L) =    -11.01405 LRT =      4.73053 p-value =      0.01482 *N
Site   121 dN/dS =      1.00000 Full Log(L) =      0.00000 LRT =      0.00000 p-value =      1.00000
Site   122 dN/dS =      0.45453 Full Log(L) =    -12.60858 LRT =      0.81995 p-value =      0.18260
Site   123 dN/dS =      1.00000 Full Log(L) =      0.00000 LRT =      0.00000 p-value =      1.00000
Site   124 dN/dS =      1.00000 Full Log(L) =      0.00000 LRT =      0.00000 p-value =      1.00000
Site   125 dN/dS =      0.00000 Full Log(L) =    -16.31206 LRT =      4.58497 p-value =      0.01613 *N
Site   126 dN/dS =      1.00000 Full Log(L) =      0.00000 LRT =      0.00000 p-value =      1.00000
Site   127 dN/dS =      0.86351 Full Log(L) =    -14.50454 LRT =      0.02255 p-value =      0.44032
Site   128 dN/dS =      0.95154 Full Log(L) =    -19.26942 LRT =      0.00499 p-value =      0.47184
Site   129 dN/dS =      1.00000 Full Log(L) =      0.00000 LRT =      0.00000 p-value =      1.00000
Site   130 dN/dS =      1.00000 Full Log(L) =      0.00000 LRT =      0.00000 p-value =      1.00000
Site   131 dN/dS =      0.00000 Full Log(L) =    -18.47692 LRT =      3.60614 p-value =      0.02878 *N
Site   132 dN/dS =      1.00000 Full Log(L) =      0.00000 LRT =      0.00000 p-value =      1.00000
Site   133 dN/dS =      0.00000 Full Log(L) =    -11.85606 LRT =      3.82838 p-value =      0.02520 *N
Site   134 dN/dS =      0.00000 Full Log(L) =    -12.26812 LRT =      2.31742 p-value =      0.06397 *N
Site   135 dN/dS =      0.00000 Full Log(L) =    -10.67181 LRT =      4.49031 p-value =      0.01704 *N
Site   136 dN/dS =      1.00000 Full Log(L) =      0.00000 LRT =      0.00000 p-value =      1.00000
Site   137 dN/dS =      0.48344 Full Log(L) =    -11.96462 LRT =      0.67993 p-value =      0.20481
Site   138 dN/dS =      0.48075 Full Log(L) =    -10.99096 LRT =      0.69186 p-value =      0.20277
Site   139 dN/dS =      0.00000 Full Log(L) =    -24.26346 LRT =      4.49015 p-value =      0.01705 *N
Site   140 dN/dS =      1.70007 Full Log(L) =    -36.49463 LRT =      0.94373 p-value =      0.16566
Site   141 dN/dS =      1.00000 Full Log(L) =      0.00000 LRT =      0.00000 p-value =      1.00000
Site   142 dN/dS =      1.00000 Full Log(L) =      0.00000 LRT =      0.00000 p-value =      1.00000
Site   143 dN/dS =      1.00000 Full Log(L) =      0.00000 LRT =      0.00000 p-value =      1.00000
Site   144 dN/dS =      1.57864 Full Log(L) =    -23.14076 LRT =      0.53656 p-value =      0.23193
Site   145 dN/dS =      0.00000 Full Log(L) =    -10.84645 LRT =      4.67953 p-value =      0.01526 *N
Site   146 dN/dS =      0.00000 Full Log(L) =    -23.99996 LRT =      4.27857 p-value =      0.01930 *N
Site   147 dN/dS =      1.04402 Full Log(L) =    -40.66002 LRT =      0.00364 p-value =      0.47594
Site   148 dN/dS =      0.00000 Full Log(L) =    -16.53806 LRT =      2.74602 p-value =      0.04875 *N
Site   149 dN/dS =      0.00000 Full Log(L) =    -10.67733 LRT =      4.15925 p-value =      0.02070 *N
Site   150 dN/dS =      0.00000 Full Log(L) =    -10.30571 LRT =      4.68213 p-value =      0.01524 *N
Site   151 dN/dS =      1.00000 Full Log(L) =      0.00000 LRT =      0.00000 p-value =      1.00000
Site   152 dN/dS =      0.00000 Full Log(L) =    -15.90594 LRT =      4.76847 p-value =      0.01449 *N
Site   153 dN/dS =      0.55510 Full Log(L) =    -15.33187 LRT =      0.42412 p-value =      0.25744
Site   154 dN/dS =      2.31362 Full Log(L) =    -51.53333 LRT =      2.69156 p-value =      0.05044 *P
Site   155 dN/dS =      0.00000 Full Log(L) =    -10.80006 LRT =      4.27244 p-value =      0.01937 *N
Site   156 dN/dS =      0.51139 Full Log(L) =    -13.28192 LRT =      0.56660 p-value =      0.22581
Site   157 dN/dS =      0.43670 Full Log(L) =    -17.74129 LRT =      0.91870 p-value =      0.16891
Site   158 dN/dS =      1.84788 Full Log(L) =    -26.86392 LRT =      1.23249 p-value =      0.13346
Site   159 dN/dS =      0.00000 Full Log(L) =    -28.63526 LRT =      3.60668 p-value =      0.02877 *N
Site   160 dN/dS =      1.45311 Full Log(L) =    -25.54784 LRT =      0.36864 p-value =      0.27187
Site   161 dN/dS =      1.44026 Full Log(L) =    -25.13431 LRT =      0.35231 p-value =      0.27640
Site   162 dN/dS =      1.00000 Full Log(L) =      0.00000 LRT =      0.00000 p-value =      1.00000
Site   163 dN/dS =      1.00000 Full Log(L) =      0.00000 LRT =      0.00000 p-value =      1.00000
Site   164 dN/dS =      1.00000 Full Log(L) =      0.00000 LRT =      0.00000 p-value =      1.00000
Site   165 dN/dS =      1.00000 Full Log(L) =      0.00000 LRT =      0.00000 p-value =      1.00000
Site   166 dN/dS =      1.00000 Full Log(L) =      0.00000 LRT =      0.00000 p-value =      1.00000
Site   167 dN/dS =      0.00000 Full Log(L) =    -13.34014 LRT =      2.45021 p-value =      0.05875 *N
Site   168 dN/dS =      0.48067 Full Log(L) =    -11.87983 LRT =      0.69220 p-value =      0.20271
Site   169 dN/dS =      1.00000 Full Log(L) =      0.00000 LRT =      0.00000 p-value =      1.00000
Site   170 dN/dS =      0.00000 Full Log(L) =    -17.21486 LRT =      2.45572 p-value =      0.05855 *N
Site   171 dN/dS =      1.09466 Full Log(L) =    -22.82472 LRT =      0.01582 p-value =      0.44995
Site   172 dN/dS =      2.34168 Full Log(L) =    -61.39305 LRT =      2.76333 p-value =      0.04822 *P
Site   173 dN/dS =      2.66345 Full Log(L) =    -23.03125 LRT =      2.11847 p-value =      0.07277 *P
Site   174 dN/dS =      0.51030 Full Log(L) =    -12.02691 LRT =      0.57066 p-value =      0.22500
Site   175 dN/dS =      0.52220 Full Log(L) =    -11.39556 LRT =      0.52905 p-value =      0.23350
Site   176 dN/dS =      0.51104 Full Log(L) =    -13.69041 LRT =      0.56788 p-value =      0.22555
Site   177 dN/dS =      0.00000 Full Log(L) =    -14.14427 LRT =      3.49370 p-value =      0.03080 *N
Site   178 dN/dS =      0.49718 Full Log(L) =    -19.59934 LRT =      0.62299 p-value =      0.21497
Site   179 dN/dS =      0.45489 Full Log(L) =    -15.45556 LRT =      0.81808 p-value =      0.18287
Site   180 dN/dS =      0.00000 Full Log(L) =    -13.94182 LRT =      2.44913 p-value =      0.05880 *N
Site   181 dN/dS =      0.48119 Full Log(L) =    -26.31649 LRT =      0.68984 p-value =      0.20311
Site   182 dN/dS =      0.00000 Full Log(L) =    -11.22165 LRT =      4.27857 p-value =      0.01930 *N
Site   183 dN/dS =      0.00000 Full Log(L) =    -29.16059 LRT =      3.82838 p-value =      0.02520 *N
Site   184 dN/dS =      1.31965 Full Log(L) =    -41.17307 LRT =      0.27947 p-value =      0.29852
Site   185 dN/dS =      0.49730 Full Log(L) =    -14.84842 LRT =      0.62253 p-value =      0.21506
Site   186 dN/dS =      1.00000 Full Log(L) =      0.00000 LRT =      0.00000 p-value =      1.00000
Site   187 dN/dS =      0.00000 Full Log(L) =    -10.14586 LRT =      4.15920 p-value =      0.02070 *N
Site   188 dN/dS =      0.00000 Full Log(L) =     -9.88186 LRT =      4.49016 p-value =      0.01705 *N
Site   189 dN/dS =      2.52828 Full Log(L) =    -34.85735 LRT =      3.20051 p-value =      0.03681 *P
Site   190 dN/dS =      0.00000 Full Log(L) =    -17.28869 LRT =      3.92937 p-value =      0.02372 *N
Site   191 dN/dS =      1.00000 Full Log(L) =      0.00000 LRT =      0.00000 p-value =      1.00000
Site   192 dN/dS =      1.00000 Full Log(L) =      0.00000 LRT =      0.00000 p-value =      1.00000
Site   193 dN/dS =      0.00000 Full Log(L) =    -11.67573 LRT =      2.45632 p-value =      0.05853 *N
Site   194 dN/dS =      1.00000 Full Log(L) =      0.00000 LRT =      0.00000 p-value =      1.00000
Site   195 dN/dS =      1.00000 Full Log(L) =      0.00000 LRT =      0.00000 p-value =      1.00000
Site   196 dN/dS =      1.00000 Full Log(L) =      0.00000 LRT =      0.00000 p-value =      1.00000
Site   197 dN/dS =      0.00000 Full Log(L) =    -10.82542 LRT =      4.89556 p-value =      0.01346 *N
Site   198 dN/dS =      0.93733 Full Log(L) =    -29.01785 LRT =      0.00852 p-value =      0.46323
Site   199 dN/dS =      0.92120 Full Log(L) =    -35.37631 LRT =      0.01378 p-value =      0.45327
Site   200 dN/dS =      0.00000 Full Log(L) =    -10.75868 LRT =      4.36085 p-value =      0.01839 *N
Site   201 dN/dS =      0.00000 Full Log(L) =    -24.45452 LRT =      4.03001 p-value =      0.02235 *N
Site   202 dN/dS =      1.65492 Full Log(L) =    -32.77162 LRT =      0.85940 p-value =      0.17695
Site   203 dN/dS =      0.00000 Full Log(L) =    -22.03662 LRT =      3.82838 p-value =      0.02520 *N
Site   204 dN/dS =      0.85782 Full Log(L) =    -25.15546 LRT =      0.04927 p-value =      0.41217
Site   205 dN/dS =      0.47868 Full Log(L) =     -9.14404 LRT =      0.70168 p-value =      0.20111
Site   206 dN/dS =      0.00000 Full Log(L) =    -16.57344 LRT =      4.73038 p-value =      0.01482 *N
Site   207 dN/dS =      1.00000 Full Log(L) =      0.00000 LRT =      0.00000 p-value =      1.00000
Site   208 dN/dS =      0.51614 Full Log(L) =    -11.56363 LRT =      0.54965 p-value =      0.22923
Site   209 dN/dS =      1.46782 Full Log(L) =    -35.21150 LRT =      0.38784 p-value =      0.26672
Site   210 dN/dS =      9.67549 Full Log(L) =    -72.13283 LRT =     29.81670 p-value =      0.00000 *P
Site   211 dN/dS =      3.50794 Full Log(L) =    -46.92781 LRT =      6.41869 p-value =      0.00565 *P
Site   212 dN/dS =      0.00000 Full Log(L) =    -11.36826 LRT =      4.39966 p-value =      0.01797 *N
Site   213 dN/dS =      0.72915 Full Log(L) =    -14.02874 LRT =      0.11068 p-value =      0.36969
Site   214 dN/dS =      0.91641 Full Log(L) =    -34.15097 LRT =      0.01562 p-value =      0.45027
Site   215 dN/dS =      1.26799 Full Log(L) =    -18.61155 LRT =      0.10374 p-value =      0.37369
Site   216 dN/dS =      0.00000 Full Log(L) =     -8.08498 LRT =      4.68583 p-value =      0.01521 *N
Site   217 dN/dS =      0.00000 Full Log(L) =    -10.39431 LRT =      4.36947 p-value =      0.01829 *N
Site   218 dN/dS =      0.51437 Full Log(L) =     -9.60807 LRT =      0.55656 p-value =      0.22782
Site   219 dN/dS =      1.00000 Full Log(L) =      0.00000 LRT =      0.00000 p-value =      1.00000
Site   220 dN/dS =      0.00000 Full Log(L) =    -24.22446 LRT =      4.27857 p-value =      0.01930 *N
Site   221 dN/dS =      1.00000 Full Log(L) =      0.00000 LRT =      0.00000 p-value =      1.00000
Site   222 dN/dS =      1.00000 Full Log(L) =      0.00000 LRT =      0.00000 p-value =      1.00000
Site   223 dN/dS =      1.00000 Full Log(L) =      0.00000 LRT =      0.00000 p-value =      1.00000
Site   224 dN/dS =      0.45751 Full Log(L) =    -19.24647 LRT =      0.80378 p-value =      0.18498
Site   225 dN/dS =      0.41938 Full Log(L) =    -17.50907 LRT =      1.02658 p-value =      0.15548
Site   226 dN/dS =      0.00000 Full Log(L) =    -10.61836 LRT =      2.74620 p-value =      0.04874 *N
Site   227 dN/dS =      0.00000 Full Log(L) =    -11.09078 LRT =      2.74623 p-value =      0.04874 *N
Site   228 dN/dS =      0.00000 Full Log(L) =    -11.48594 LRT =      3.82838 p-value =      0.02520 *N
Site   229 dN/dS =      0.46736 Full Log(L) =    -12.51246 LRT =      0.75502 p-value =      0.19245
Site   230 dN/dS =      0.00000 Full Log(L) =    -21.29521 LRT =      3.87634 p-value =      0.02449 *N
Site   231 dN/dS =      0.00000 Full Log(L) =    -17.38062 LRT =      4.03001 p-value =      0.02235 *N
Site   232 dN/dS =      2.42912 Full Log(L) =    -34.48666 LRT =      2.96581 p-value =      0.04252 *P
Site   233 dN/dS =      1.03569 Full Log(L) =    -33.67501 LRT =      0.00241 p-value =      0.48041
Site   234 dN/dS =      0.00000 Full Log(L) =    -17.02949 LRT =      4.68759 p-value =      0.01519 *N
Site   235 dN/dS =      0.55512 Full Log(L) =    -21.39270 LRT =      0.42406 p-value =      0.25746
Site   236 dN/dS =      0.45631 Full Log(L) =    -17.19206 LRT =      0.81029 p-value =      0.18402
Site   237 dN/dS =      0.49706 Full Log(L) =    -21.15035 LRT =      0.62349 p-value =      0.21488
Site   238 dN/dS =      1.92781 Full Log(L) =    -56.67020 LRT =      1.38127 p-value =      0.11994
Site   239 dN/dS =      2.83318 Full Log(L) =    -45.71057 LRT =      4.69665 p-value =      0.01511 *P
Site   240 dN/dS =      0.00000 Full Log(L) =    -22.31219 LRT =      4.57977 p-value =      0.01618 *N
Site   241 dN/dS =      5.21870 Full Log(L) =    -63.19170 LRT =     18.36947 p-value =      0.00001 *P
Site   242 dN/dS =      0.51437 Full Log(L) =    -16.08016 LRT =      0.55655 p-value =      0.22783
Site   243 dN/dS =      0.52630 Full Log(L) =    -13.06943 LRT =      0.51694 p-value =      0.23607
Site   244 dN/dS =      1.00000 Full Log(L) =      0.00000 LRT =      0.00000 p-value =      1.00000
Site   245 dN/dS =      1.00000 Full Log(L) =      0.00000 LRT =      0.00000 p-value =      1.00000
Site   246 dN/dS =      1.00000 Full Log(L) =      0.00000 LRT =      0.00000 p-value =      1.00000
Site   247 dN/dS =      0.00000 Full Log(L) =    -10.52968 LRT =      4.76877 p-value =      0.01449 *N
Site   248 dN/dS =      0.00000 Full Log(L) =    -11.35571 LRT =      3.87652 p-value =      0.02448 *N
Site   249 dN/dS =      0.57356 Full Log(L) =    -20.50481 LRT =      0.37334 p-value =      0.27059
Site   250 dN/dS =      1.00000 Full Log(L) =      0.00000 LRT =      0.00000 p-value =      1.00000
Site   251 dN/dS =      1.00000 Full Log(L) =      0.00000 LRT =      0.00000 p-value =      1.00000
Site   252 dN/dS =      0.40419 Full Log(L) =    -12.37135 LRT =      1.13081 p-value =      0.14380
Site   253 dN/dS =      0.00000 Full Log(L) =    -11.52702 LRT =      4.27857 p-value =      0.01930 *N
Site   254 dN/dS =      1.00000 Full Log(L) =      0.00000 LRT =      0.00000 p-value =      1.00000
Site   255 dN/dS =      0.00000 Full Log(L) =    -34.25477 LRT =      4.03001 p-value =      0.02235 *N
Site   256 dN/dS =      0.00000 Full Log(L) =    -24.49517 LRT =      4.68789 p-value =      0.01519 *N
Site   257 dN/dS =      1.00000 Full Log(L) =      0.00000 LRT =      0.00000 p-value =      1.00000
Site   258 dN/dS =      2.06172 Full Log(L) =    -38.27616 LRT =      2.06793 p-value =      0.07521 *P
Site   259 dN/dS =      1.00000 Full Log(L) =      0.00000 LRT =      0.00000 p-value =      1.00000
Site   260 dN/dS =      0.81474 Full Log(L) =    -16.21947 LRT =      0.04485 p-value =      0.41614
Site   261 dN/dS =      1.00000 Full Log(L) =      0.00000 LRT =      0.00000 p-value =      1.00000
Site   262 dN/dS =      0.00000 Full Log(L) =    -10.87913 LRT =      4.15927 p-value =      0.02070 *N
Site   263 dN/dS =      1.00000 Full Log(L) =      0.00000 LRT =      0.00000 p-value =      1.00000
Site   264 dN/dS =      1.00000 Full Log(L) =      0.00000 LRT =      0.00000 p-value =      1.00000
Site   265 dN/dS =      0.00000 Full Log(L) =    -11.08158 LRT =      4.89401 p-value =      0.01348 *N
Site   266 dN/dS =      0.00000 Full Log(L) =    -10.14662 LRT =      4.15920 p-value =      0.02070 *N
Site   267 dN/dS =      0.86509 Full Log(L) =    -15.20643 LRT =      0.02198 p-value =      0.44107
Site   268 dN/dS =      0.00000 Full Log(L) =    -20.74289 LRT =      3.87629 p-value =      0.02449 *N
Site   269 dN/dS =      1.00000 Full Log(L) =      0.00000 LRT =      0.00000 p-value =      1.00000
Site   270 dN/dS =      1.00000 Full Log(L) =      0.00000 LRT =      0.00000 p-value =      1.00000
Site   271 dN/dS =      0.00000 Full Log(L) =    -21.15719 LRT =      4.49035 p-value =      0.01704 *N
Site   272 dN/dS =      0.00000 Full Log(L) =    -13.91809 LRT =      4.89621 p-value =      0.01346 *N
Site   273 dN/dS =      1.00000 Full Log(L) =      0.00000 LRT =      0.00000 p-value =      1.00000
Site   274 dN/dS =      0.00000 Full Log(L) =    -16.15193 LRT =      3.92925 p-value =      0.02373 *N
Site   275 dN/dS =      0.51017 Full Log(L) =    -12.02474 LRT =      0.57115 p-value =      0.22490
Site   276 dN/dS =      0.40044 Full Log(L) =    -12.49682 LRT =      1.15841 p-value =      0.14090
Site   277 dN/dS =      1.51441 Full Log(L) =    -25.62215 LRT =      0.29972 p-value =      0.29203
Site   278 dN/dS =      0.41926 Full Log(L) =    -12.74269 LRT =      1.02741 p-value =      0.15538
Site   279 dN/dS =      0.00000 Full Log(L) =    -17.45761 LRT =      4.89555 p-value =      0.01346 *N
Site   280 dN/dS =      0.51337 Full Log(L) =    -11.47440 LRT =      0.55931 p-value =      0.22727
Site   281 dN/dS =      0.41917 Full Log(L) =    -11.76219 LRT =      1.02799 p-value =      0.15532
Site   282 dN/dS =      0.00000 Full Log(L) =    -15.64550 LRT =      3.13661 p-value =      0.03828 *N
Site   283 dN/dS =      0.81080 Full Log(L) =    -19.43605 LRT =      0.09390 p-value =      0.37964
Site   284 dN/dS =      1.00000 Full Log(L) =      0.00000 LRT =      0.00000 p-value =      1.00000
Site   285 dN/dS =      0.45719 Full Log(L) =    -15.07107 LRT =      0.80492 p-value =      0.18481
Site   286 dN/dS =      0.00000 Full Log(L) =    -15.38054 LRT =      3.12922 p-value =      0.03845 *N
Site   287 dN/dS =      1.00000 Full Log(L) =      0.00000 LRT =      0.00000 p-value =      1.00000
Site   288 dN/dS =      0.00000 Full Log(L) =    -12.02022 LRT =      4.39966 p-value =      0.01797 *N
Site   289 dN/dS =      1.00000 Full Log(L) =      0.00000 LRT =      0.00000 p-value =      1.00000
Site   290 dN/dS =      0.00000 Full Log(L) =    -11.38537 LRT =      3.87651 p-value =      0.02448 *N
Site   291 dN/dS =      0.82430 Full Log(L) =    -28.16399 LRT =      0.07933 p-value =      0.38911
Site   292 dN/dS =      0.51024 Full Log(L) =    -12.79462 LRT =      0.57087 p-value =      0.22496
Site   293 dN/dS =      0.00000 Full Log(L) =    -10.93978 LRT =      4.27244 p-value =      0.01937 *N
Site   294 dN/dS =      0.48192 Full Log(L) =    -13.57200 LRT =      0.68663 p-value =      0.20366
Site   295 dN/dS =      0.00000 Full Log(L) =    -13.44974 LRT =      3.60621 p-value =      0.02878 *N
Site   296 dN/dS =      0.44601 Full Log(L) =    -11.39517 LRT =      0.86539 p-value =      0.17612
Site   297 dN/dS =      1.00000 Full Log(L) =      0.00000 LRT =      0.00000 p-value =      1.00000
Site   298 dN/dS =      0.00000 Full Log(L) =     -9.96715 LRT =      3.87645 p-value =      0.02448 *N
Site   299 dN/dS =      0.00000 Full Log(L) =    -11.33719 LRT =      3.82838 p-value =      0.02520 *N
Site   300 dN/dS =      1.00000 Full Log(L) =      0.00000 LRT =      0.00000 p-value =      1.00000
Site   301 dN/dS =      0.48067 Full Log(L) =    -11.87911 LRT =      0.69220 p-value =      0.20271
Site   302 dN/dS =      0.00000 Full Log(L) =    -13.83528 LRT =      4.68246 p-value =      0.01524 *N
Site   303 dN/dS =      1.00000 Full Log(L) =      0.00000 LRT =      0.00000 p-value =      1.00000
Site   304 dN/dS =      0.00000 Full Log(L) =    -24.36416 LRT =      3.87647 p-value =      0.02448 *N
Site   305 dN/dS =      1.00000 Full Log(L) =      0.00000 LRT =      0.00000 p-value =      1.00000
Site   306 dN/dS =      1.00000 Full Log(L) =      0.00000 LRT =      0.00000 p-value =      1.00000
Site   307 dN/dS =      1.27823 Full Log(L) =    -24.16488 LRT =      0.16581 p-value =      0.34193
Site   308 dN/dS =      0.00000 Full Log(L) =    -10.22334 LRT =      3.91900 p-value =      0.02387 *N
Site   309 dN/dS =      1.00000 Full Log(L) =      0.00000 LRT =      0.00000 p-value =      1.00000
Site   310 dN/dS =      1.00000 Full Log(L) =      0.00000 LRT =      0.00000 p-value =      1.00000
Site   311 dN/dS =      1.00000 Full Log(L) =      0.00000 LRT =      0.00000 p-value =      1.00000
Site   312 dN/dS =      0.00000 Full Log(L) =    -16.26385 LRT =      4.15909 p-value =      0.02071 *N
Site   313 dN/dS =      0.00000 Full Log(L) =    -11.52933 LRT =      4.27857 p-value =      0.01930 *N
Site   314 dN/dS =      1.00000 Full Log(L) =      0.00000 LRT =      0.00000 p-value =      1.00000
Site   315 dN/dS =      0.00000 Full Log(L) =    -11.29673 LRT =      4.57024 p-value =      0.01627 *N
Site   316 dN/dS =      0.00000 Full Log(L) =    -12.00281 LRT =      3.87604 p-value =      0.02449 *N
Site   317 dN/dS =      0.52240 Full Log(L) =    -12.60388 LRT =      0.52740 p-value =      0.23385
Site   318 dN/dS =      0.00000 Full Log(L) =    -10.94696 LRT =      3.49370 p-value =      0.03080 *N
Site   319 dN/dS =      1.00000 Full Log(L) =      0.00000 LRT =      0.00000 p-value =      1.00000
Site   320 dN/dS =      0.00000 Full Log(L) =    -18.37762 LRT =      4.39966 p-value =      0.01797 *N
Site   321 dN/dS =      1.00000 Full Log(L) =      0.00000 LRT =      0.00000 p-value =      1.00000
Site   322 dN/dS =      1.00000 Full Log(L) =      0.00000 LRT =      0.00000 p-value =      1.00000
Site   323 dN/dS =      0.00000 Full Log(L) =    -11.82738 LRT =      4.35747 p-value =      0.01842 *N
Site   324 dN/dS =      1.00000 Full Log(L) =      0.00000 LRT =      0.00000 p-value =      1.00000
Site   325 dN/dS =      0.46742 Full Log(L) =    -18.99049 LRT =      0.75471 p-value =      0.19249
Site   326 dN/dS =      1.01904 Full Log(L) =    -32.35074 LRT =      0.00070 p-value =      0.48943
Site   327 dN/dS =      1.00000 Full Log(L) =      0.00000 LRT =      0.00000 p-value =      1.00000
Site   328 dN/dS =      0.96587 Full Log(L) =    -22.77943 LRT =      0.00242 p-value =      0.48036
Site   329 dN/dS =      0.00000 Full Log(L) =    -10.80804 LRT =      3.82838 p-value =      0.02520 *N
Site   330 dN/dS =      0.00000 Full Log(L) =    -11.71789 LRT =      2.31742 p-value =      0.06397 *N
Site   331 dN/dS =      0.00000 Full Log(L) =     -9.59548 LRT =      3.91892 p-value =      0.02387 *N
Site   332 dN/dS =      1.00000 Full Log(L) =      0.00000 LRT =      0.00000 p-value =      1.00000
Site   333 dN/dS =      1.00000 Full Log(L) =      0.00000 LRT =      0.00000 p-value =      1.00000
Site   334 dN/dS =      0.00000 Full Log(L) =    -11.29435 LRT =      3.82838 p-value =      0.02520 *N
Site   335 dN/dS =      0.00000 Full Log(L) =    -11.92613 LRT =      4.89556 p-value =      0.01346 *N
Site   336 dN/dS =      1.00000 Full Log(L) =      0.00000 LRT =      0.00000 p-value =      1.00000
Site   337 dN/dS =      0.00000 Full Log(L) =    -24.00403 LRT =      2.82638 p-value =      0.04636 *N
Site   338 dN/dS =      1.00000 Full Log(L) =      0.00000 LRT =      0.00000 p-value =      1.00000
Site   339 dN/dS =      1.00000 Full Log(L) =      0.00000 LRT =      0.00000 p-value =      1.00000
Site   340 dN/dS =      1.00000 Full Log(L) =      0.00000 LRT =      0.00000 p-value =      1.00000
Site   341 dN/dS =      0.00000 Full Log(L) =    -22.43808 LRT =      4.49015 p-value =      0.01705 *N
Site   342 dN/dS =      0.51320 Full Log(L) =    -19.55108 LRT =      0.55969 p-value =      0.22719
Site   343 dN/dS =      1.00000 Full Log(L) =      0.00000 LRT =      0.00000 p-value =      1.00000
Site   344 dN/dS =      0.00000 Full Log(L) =    -18.11284 LRT =      3.82838 p-value =      0.02520 *N
Site   345 dN/dS =      0.00000 Full Log(L) =    -11.20121 LRT =      4.27652 p-value =      0.01932 *N
Site   346 dN/dS =      0.00000 Full Log(L) =     -4.55061 LRT =      1.27359 p-value =      0.12955
Site   347 dN/dS =      0.00000 Full Log(L) =     -3.71746 LRT =      1.28668 p-value =      0.12833
Site   348 dN/dS =      0.00000 Full Log(L) =     -4.36428 LRT =      1.02201 p-value =      0.15602
Site   349 dN/dS =      0.00000 Full Log(L) =     -4.55061 LRT =      1.27359 p-value =      0.12955
Site   350 dN/dS =      0.00000 Full Log(L) =     -4.27274 LRT =      1.07650 p-value =      0.14974
Site   351 dN/dS =      0.00000 Full Log(L) =     -4.18053 LRT =      0.94111 p-value =      0.16600
Site   352 dN/dS =      0.00000 Full Log(L) =    -16.09691 LRT =      1.06803 p-value =      0.15070
Site   353 dN/dS =      0.00000 Full Log(L) =    -11.54218 LRT =      1.18862 p-value =      0.13780
Site   354 dN/dS =      0.00000 Full Log(L) =     -4.41207 LRT =      0.95385 p-value =      0.16437
Site   355 dN/dS =      0.00000 Full Log(L) =     -3.71382 LRT =      1.20078 p-value =      0.13658
Site   356 dN/dS =      0.00000 Full Log(L) =     -3.79595 LRT =      1.09014 p-value =      0.14822
Site   357 dN/dS =      0.00000 Full Log(L) =     -3.74792 LRT =      1.00982 p-value =      0.15747
Site   358 dN/dS =      0.00000 Full Log(L) =     -4.47221 LRT =      1.18862 p-value =      0.13780
Site   359 dN/dS =      0.00000 Full Log(L) =     -4.42272 LRT =      0.59761 p-value =      0.21975
Site   360 dN/dS =      0.00000 Full Log(L) =     -4.37432 LRT =      1.09016 p-value =      0.14822
Site   361 dN/dS =      0.00000 Full Log(L) =     -4.19617 LRT =      1.13593 p-value =      0.14326
Site   362 dN/dS =      0.00000 Full Log(L) =     -4.14713 LRT =      1.49093 p-value =      0.11104
Site   363 dN/dS =      0.00000 Full Log(L) =     -4.75480 LRT =      1.00691 p-value =      0.15782
Site   364 dN/dS =      0.00000 Full Log(L) =     -4.06360 LRT =      1.11334 p-value =      0.14568
Site   365 dN/dS =      0.00000 Full Log(L) =     -4.46328 LRT =      1.14366 p-value =      0.14244
Site   366 dN/dS =      0.00000 Full Log(L) =     -4.42272 LRT =      0.57501 p-value =      0.22414
Site   367 dN/dS =      0.00000 Full Log(L) =     -4.06636 LRT =      0.81610 p-value =      0.18316
Site   368 dN/dS =      0.00000 Full Log(L) =     -9.12936 LRT =      1.13472 p-value =      0.14339
Site   369 dN/dS =      0.00000 Full Log(L) =     -4.40337 LRT =      0.91060 p-value =      0.16998
Site   370 dN/dS =      0.00000 Full Log(L) =     -9.57423 LRT =      1.06216 p-value =      0.15136
Site   371 dN/dS =      0.00000 Full Log(L) =     -4.31287 LRT =      1.01063 p-value =      0.15738
Site   372 dN/dS =      0.00000 Full Log(L) =     -9.91001 LRT =      0.61150 p-value =      0.21711
Site   373 dN/dS =      0.00000 Full Log(L) =     -3.73287 LRT =      0.92646 p-value =      0.16789
Site   374 dN/dS =      0.00000 Full Log(L) =     -4.47130 LRT =      0.80322 p-value =      0.18507
Site   375 dN/dS =      0.00000 Full Log(L) =     -4.35414 LRT =      1.00016 p-value =      0.15864
Site   376 dN/dS =      0.00000 Full Log(L) =     -4.17658 LRT =      1.02546 p-value =      0.15561
Site   377 dN/dS =      5.73814 Full Log(L) =    -19.26005 LRT =      5.46658 p-value =      0.00969 *P
Site   378 dN/dS =      0.00000 Full Log(L) =     -4.17658 LRT =      1.02546 p-value =      0.15561
Site   379 dN/dS =      0.00000 Full Log(L) =     -4.03329 LRT =      0.60183 p-value =      0.21894
Site   380 dN/dS =      0.00000 Full Log(L) =     -4.25155 LRT =      0.96416 p-value =      0.16307
Site   381 dN/dS =      0.00000 Full Log(L) =     -4.25155 LRT =      0.96416 p-value =      0.16307
Site   382 dN/dS =      0.00000 Full Log(L) =     -4.04749 LRT =      1.01185 p-value =      0.15723
Site   383 dN/dS =      0.00000 Full Log(L) =     -4.74505 LRT =      0.83599 p-value =      0.18027
Site   384 dN/dS =      0.00000 Full Log(L) =     -3.45680 LRT =      0.83835 p-value =      0.17993
Site   385 dN/dS =      0.00000 Full Log(L) =     -9.06974 LRT =      1.01976 p-value =      0.15629
Site   386 dN/dS =      0.00000 Full Log(L) =     -4.19783 LRT =      0.81887 p-value =      0.18276
Site   387 dN/dS =      0.00000 Full Log(L) =     -4.03002 LRT =      0.58738 p-value =      0.22172
Site   388 dN/dS =      0.00000 Full Log(L) =     -4.24718 LRT =      0.94101 p-value =      0.16601
Site   389 dN/dS =      0.00000 Full Log(L) =     -4.24718 LRT =      0.94101 p-value =      0.16601
Site   390 dN/dS =      2.43395 Full Log(L) =    -10.75348 LRT =      0.59683 p-value =      0.21990
Site   391 dN/dS =      4.56989 Full Log(L) =    -16.02981 LRT =      2.91943 p-value =      0.04376 *P
Site   392 dN/dS =      0.00000 Full Log(L) =     -4.03002 LRT =      0.58738 p-value =      0.22172
Site   393 dN/dS =      0.00000 Full Log(L) =     -4.15374 LRT =      0.82917 p-value =      0.18126
Site   394 dN/dS =      0.00000 Full Log(L) =     -3.72623 LRT =      0.88971 p-value =      0.17278
Site   395 dN/dS =      0.00000 Full Log(L) =     -4.73941 LRT =      1.04724 p-value =      0.15307
Site   396 dN/dS =      0.00000 Full Log(L) =     -4.02399 LRT =      0.83837 p-value =      0.17993
Site   397 dN/dS =      0.00000 Full Log(L) =    -11.23406 LRT =      0.49560 p-value =      0.24072
Site   398 dN/dS =      0.00000 Full Log(L) =     -3.72623 LRT =      0.88971 p-value =      0.17278
Site   399 dN/dS =      2.05585 Full Log(L) =    -10.32727 LRT =      0.41172 p-value =      0.26055
Site   400 dN/dS =      0.00000 Full Log(L) =     -4.75226 LRT =      0.52540 p-value =      0.23427
Site   401 dN/dS =      0.00000 Full Log(L) =     -4.15374 LRT =      0.82917 p-value =      0.18126
Site   402 dN/dS =      0.00000 Full Log(L) =     -4.73941 LRT =      1.04724 p-value =      0.15307
Site   403 dN/dS =      0.00000 Full Log(L) =     -3.45680 LRT =      0.83835 p-value =      0.17993
Site   404 dN/dS =      0.00000 Full Log(L) =     -4.25752 LRT =      0.81887 p-value =      0.18276
Site   405 dN/dS =      0.00000 Full Log(L) =     -3.78592 LRT =      0.88971 p-value =      0.17278
Site   406 dN/dS =      0.00000 Full Log(L) =     -4.34525 LRT =      0.96049 p-value =      0.16353
Site   407 dN/dS =      0.00000 Full Log(L) =     -3.45680 LRT =      0.83835 p-value =      0.17993
Site   408 dN/dS =      0.00000 Full Log(L) =     -4.38925 LRT =      0.84041 p-value =      0.17964
Site   409 dN/dS =      0.00000 Full Log(L) =     -4.29946 LRT =      0.93272 p-value =      0.16708
Site   410 dN/dS =      0.00000 Full Log(L) =     -4.59721 LRT =      0.58740 p-value =      0.22171
Site   411 dN/dS =      0.00000 Full Log(L) =     -4.09405 LRT =      0.82917 p-value =      0.18126
Site   412 dN/dS =      0.00000 Full Log(L) =     -3.77806 LRT =      0.96048 p-value =      0.16353
Site   413 dN/dS =      0.00000 Full Log(L) =    -10.02767 LRT =      0.83829 p-value =      0.17994
Site   414 dN/dS =      0.00000 Full Log(L) =     -3.77806 LRT =      0.96048 p-value =      0.16353
Site   415 dN/dS =      0.00000 Full Log(L) =     -4.38925 LRT =      0.84041 p-value =      0.17964
Site   416 dN/dS =      0.00000 Full Log(L) =     -4.19080 LRT =      0.66875 p-value =      0.20674
Site   417 dN/dS =      0.00000 Full Log(L) =     -3.77806 LRT =      0.96048 p-value =      0.16353
Site   418 dN/dS =      0.00000 Full Log(L) =     -4.16149 LRT =      0.91512 p-value =      0.16938
Site   419 dN/dS =      0.00000 Full Log(L) =    -16.91778 LRT =      0.96032 p-value =      0.16355
Site   420 dN/dS =      0.00000 Full Log(L) =     -4.73941 LRT =      1.04724 p-value =      0.15307
Site   421 dN/dS =      0.00000 Full Log(L) =     -3.82302 LRT =      0.93457 p-value =      0.16684
Site   422 dN/dS =      2.43108 Full Log(L) =    -14.47313 LRT =      0.59530 p-value =      0.22019
Site   423 dN/dS =      0.00000 Full Log(L) =     -4.59721 LRT =      0.58740 p-value =      0.22171
Site   424 dN/dS =      0.00000 Full Log(L) =     -4.10718 LRT =      1.01185 p-value =      0.15723
Site   425 dN/dS =      2.43919 Full Log(L) =    -11.80502 LRT =      0.60035 p-value =      0.21922
Site   426 dN/dS =      0.00000 Full Log(L) =     -4.34525 LRT =      0.96049 p-value =      0.16353
Site   427 dN/dS =      0.00000 Full Log(L) =     -3.45680 LRT =      0.83835 p-value =      0.17993
Site   428 dN/dS =      0.00000 Full Log(L) =     -3.99111 LRT =      0.74730 p-value =      0.19367
Site   429 dN/dS =      0.00000 Full Log(L) =     -4.43340 LRT =      0.91512 p-value =      0.16938
Site   430 dN/dS =      0.00000 Full Log(L) =     -4.34525 LRT =      0.96049 p-value =      0.16353
Site   431 dN/dS =      0.00000 Full Log(L) =     -4.10718 LRT =      1.01185 p-value =      0.15723
Site   432 dN/dS =      0.00000 Full Log(L) =    -10.16852 LRT =      0.81887 p-value =      0.18276
Site   433 dN/dS =      0.00000 Full Log(L) =     -3.45680 LRT =      0.83835 p-value =      0.17993
Site   434 dN/dS =      1.91155 Full Log(L) =     -9.45013 LRT =      0.33984 p-value =      0.27996
Site   435 dN/dS =      0.00000 Full Log(L) =     -4.04749 LRT =      1.01185 p-value =      0.15723
Site   436 dN/dS =      0.00000 Full Log(L) =     -4.74505 LRT =      0.83599 p-value =      0.18027
Site   437 dN/dS =      0.00000 Full Log(L) =     -4.42272 LRT =      0.52654 p-value =      0.23403
Site   438 dN/dS =      0.00000 Full Log(L) =     -4.19080 LRT =      0.66875 p-value =      0.20674
Site   439 dN/dS =      0.00000 Full Log(L) =     -4.05080 LRT =      0.74730 p-value =      0.19367
Site   440 dN/dS =      0.00000 Full Log(L) =     -3.78592 LRT =      0.88971 p-value =      0.17278
Site   441 dN/dS =      0.00000 Full Log(L) =    -15.87925 LRT =      0.94101 p-value =      0.16601
Site   442 dN/dS =      0.00000 Full Log(L) =     -4.34525 LRT =      0.96049 p-value =      0.16353
Site   443 dN/dS =      0.00000 Full Log(L) =     -4.68536 LRT =      0.83599 p-value =      0.18027
Site   444 dN/dS =      0.00000 Full Log(L) =     -4.68536 LRT =      0.83599 p-value =      0.18027
Site   445 dN/dS =      0.00000 Full Log(L) =     -4.43340 LRT =      0.91512 p-value =      0.16938
Site   446 dN/dS =      0.00000 Full Log(L) =     -4.57878 LRT =      0.94101 p-value =      0.16601
Site   447 dN/dS =      0.00000 Full Log(L) =     -5.15085 LRT =      0.49560 p-value =      0.24072
Site   448 dN/dS =      0.00000 Full Log(L) =     -4.34525 LRT =      0.96049 p-value =      0.16353
Site   449 dN/dS =      0.00000 Full Log(L) =     -3.78592 LRT =      0.88971 p-value =      0.17278
Site   450 dN/dS =      0.00000 Full Log(L) =     -4.03002 LRT =      0.58738 p-value =      0.22172
Site   451 dN/dS =      0.00000 Full Log(L) =    -10.27007 LRT =      0.93262 p-value =      0.16709
Site   452 dN/dS =      0.00000 Full Log(L) =     -3.92593 LRT =      0.81887 p-value =      0.18276
Site   453 dN/dS =      0.00000 Full Log(L) =     -4.09405 LRT =      0.82917 p-value =      0.18126
Site   454 dN/dS =      0.00000 Full Log(L) =     -4.04749 LRT =      1.01185 p-value =      0.15723
Site   455 dN/dS =      0.00000 Full Log(L) =    -10.05276 LRT =      0.49560 p-value =      0.24072
Site   456 dN/dS =      0.00000 Full Log(L) =     -4.19783 LRT =      0.81887 p-value =      0.18276
Site   457 dN/dS =      0.00000 Full Log(L) =     -4.10718 LRT =      1.01185 p-value =      0.15723
Site   458 dN/dS =      0.00000 Full Log(L) =    -10.35323 LRT =      0.66909 p-value =      0.20668
Site   459 dN/dS =      0.00000 Full Log(L) =     -3.77806 LRT =      0.96048 p-value =      0.16353
Site   460 dN/dS =      0.00000 Full Log(L) =     -4.14713 LRT =      1.31360 p-value =      0.12587
Site   461 dN/dS =      0.00000 Full Log(L) =     -3.78592 LRT =      0.88971 p-value =      0.17278
Site   462 dN/dS =      0.00000 Full Log(L) =     -9.33185 LRT =      0.83822 p-value =      0.17995
Site   463 dN/dS =      0.00000 Full Log(L) =     -9.84256 LRT =      0.49560 p-value =      0.24072
Site   464 dN/dS =      0.00000 Full Log(L) =     -4.32956 LRT =      0.84041 p-value =      0.17964
Site   465 dN/dS =      0.00000 Full Log(L) =     -3.77806 LRT =      0.96048 p-value =      0.16353
Site   466 dN/dS =      2.16091 Full Log(L) =     -9.01711 LRT =      0.46359 p-value =      0.24797
Site   467 dN/dS =      0.00000 Full Log(L) =     -3.92593 LRT =      0.81887 p-value =      0.18276
Site   468 dN/dS =      0.00000 Full Log(L) =     -4.02399 LRT =      0.83837 p-value =      0.17993
Site   469 dN/dS =      0.00000 Full Log(L) =     -4.02399 LRT =      0.83837 p-value =      0.17993
Site   470 dN/dS =      0.00000 Full Log(L) =     -8.89207 LRT =      0.58702 p-value =      0.22179
Site   471 dN/dS =      0.00000 Full Log(L) =    -12.54388 LRT =      0.50011 p-value =      0.23973
Site   472 dN/dS =      0.00000 Full Log(L) =     -4.39021 LRT =      0.98100 p-value =      0.16098
Site   473 dN/dS =      0.00000 Full Log(L) =     -3.77806 LRT =      0.96048 p-value =      0.16353
Site   474 dN/dS =      0.00000 Full Log(L) =     -3.72623 LRT =      0.88971 p-value =      0.17278
Site   475 dN/dS =      0.00000 Full Log(L) =     -4.51909 LRT =      0.94101 p-value =      0.16601
Site   476 dN/dS =      0.00000 Full Log(L) =     -4.34525 LRT =      0.96049 p-value =      0.16353
Site   477 dN/dS =      0.00000 Full Log(L) =     -4.04749 LRT =      1.01185 p-value =      0.15723
Site   478 dN/dS =      0.00000 Full Log(L) =     -4.14713 LRT =      1.31360 p-value =      0.12587
Site   479 dN/dS =      0.00000 Full Log(L) =     -4.50381 LRT =      1.04725 p-value =      0.15307
Site   480 dN/dS =      0.00000 Full Log(L) =     -3.72623 LRT =      0.88971 p-value =      0.17278
Site   481 dN/dS =      0.00000 Full Log(L) =     -4.44412 LRT =      1.04725 p-value =      0.15307
Site   482 dN/dS =      0.00000 Full Log(L) =     -4.34028 LRT =      0.91380 p-value =      0.16955
Site   483 dN/dS =      0.00000 Full Log(L) =     -4.38925 LRT =      0.84041 p-value =      0.17964
Site   484 dN/dS =      0.00000 Full Log(L) =     -3.45680 LRT =      0.83835 p-value =      0.17993
Site   485 dN/dS =      0.00000 Full Log(L) =     -3.70775 LRT =      1.05796 p-value =      0.15184
Site   486 dN/dS =      0.00000 Full Log(L) =     -4.05080 LRT =      0.74730 p-value =      0.19367
Site   487 dN/dS =      0.00000 Full Log(L) =     -4.35915 LRT =      0.93272 p-value =      0.16708
Site   488 dN/dS =      0.00000 Full Log(L) =     -3.45680 LRT =      0.83835 p-value =      0.17993
Site   489 dN/dS =      0.00000 Full Log(L) =     -4.34028 LRT =      0.91380 p-value =      0.16955
Site   490 dN/dS =      1.98970 Full Log(L) =    -11.52592 LRT =      0.37893 p-value =      0.26909
Site   491 dN/dS =      0.00000 Full Log(L) =     -3.72623 LRT =      0.88971 p-value =      0.17278
Site   492 dN/dS =      0.00000 Full Log(L) =     -4.57878 LRT =      0.94101 p-value =      0.16601
Site   493 dN/dS =      0.00000 Full Log(L) =     -4.39997 LRT =      0.91380 p-value =      0.16955
Site   494 dN/dS =      0.00000 Full Log(L) =     -3.70775 LRT =      1.05796 p-value =      0.15184
Site   495 dN/dS =      0.00000 Full Log(L) =     -8.38806 LRT =      1.00341 p-value =      0.15824
Site   496 dN/dS =      0.00000 Full Log(L) =     -4.19080 LRT =      0.66875 p-value =      0.20674
Site   497 dN/dS =      0.00000 Full Log(L) =    -11.82259 LRT =      0.82888 p-value =      0.18130
Site   498 dN/dS =      0.00000 Full Log(L) =     -3.82302 LRT =      0.93457 p-value =      0.16684
Site   499 dN/dS =      0.00000 Full Log(L) =     -3.72623 LRT =      0.88971 p-value =      0.17278
Site   500 dN/dS =      0.00000 Full Log(L) =     -4.17221 LRT =      1.00083 p-value =      0.15856
Site   501 dN/dS =      0.00000 Full Log(L) =     -4.19783 LRT =      0.81887 p-value =      0.18276
Site   502 dN/dS =      0.00000 Full Log(L) =     -3.99111 LRT =      0.74730 p-value =      0.19367
Site   503 dN/dS =      0.00000 Full Log(L) =     -4.10718 LRT =      1.01185 p-value =      0.15723
Site   504 dN/dS =      0.00000 Full Log(L) =     -4.29946 LRT =      0.93272 p-value =      0.16708
Site   505 dN/dS =      0.00000 Full Log(L) =     -4.04749 LRT =      1.01185 p-value =      0.15723
Site   506 dN/dS =      0.00000 Full Log(L) =    -15.91040 LRT =      0.91512 p-value =      0.16938
Site   507 dN/dS =      0.00000 Full Log(L) =     -8.66712 LRT =      0.74730 p-value =      0.19367
Site   508 dN/dS =      0.00000 Full Log(L) =     -3.82302 LRT =      0.93457 p-value =      0.16684
Site   509 dN/dS =      0.00000 Full Log(L) =     -4.04749 LRT =      1.01185 p-value =      0.15723
Site   510 dN/dS =      0.00000 Full Log(L) =     -3.77806 LRT =      0.96048 p-value =      0.16353
Site   511 dN/dS =      0.00000 Full Log(L) =     -4.24718 LRT =      0.94101 p-value =      0.16601
Site   512 dN/dS =      0.00000 Full Log(L) =     -4.18507 LRT =      0.48294 p-value =      0.24355
Site   513 dN/dS =      0.00000 Full Log(L) =     -3.78592 LRT =      0.88971 p-value =      0.17278
Site   514 dN/dS =      0.00000 Full Log(L) =     -3.78592 LRT =      0.88971 p-value =      0.17278
Site   515 dN/dS =      0.00000 Full Log(L) =    -10.00361 LRT =      0.90220 p-value =      0.17110
Site   516 dN/dS =      0.00000 Full Log(L) =     -4.38925 LRT =      0.84041 p-value =      0.17964
Site   517 dN/dS =      0.00000 Full Log(L) =     -4.59721 LRT =      0.58740 p-value =      0.22171
Site   518 dN/dS =      0.00000 Full Log(L) =     -4.15374 LRT =      0.82917 p-value =      0.18126
Site   519 dN/dS =      0.00000 Full Log(L) =    -16.19180 LRT =      0.83812 p-value =      0.17997
Site   520 dN/dS =      0.00000 Full Log(L) =    -15.49028 LRT =      1.04724 p-value =      0.15307
Site   521 dN/dS =      2.20480 Full Log(L) =    -11.39438 LRT =      0.48564 p-value =      0.24294
Site   522 dN/dS =      0.00000 Full Log(L) =     -9.73419 LRT =      0.96036 p-value =      0.16355
Site   523 dN/dS =      0.00000 Full Log(L) =     -5.15085 LRT =      0.49560 p-value =      0.24072
Site   524 dN/dS =      0.00000 Full Log(L) =     -4.02399 LRT =      0.83837 p-value =      0.17993
Site   525 dN/dS =      0.00000 Full Log(L) =     -4.19080 LRT =      0.66875 p-value =      0.20674
Site   526 dN/dS =      0.00000 Full Log(L) =    -18.29418 LRT =      1.00157 p-value =      0.15847
Site   527 dN/dS =      0.00000 Full Log(L) =     -4.05080 LRT =      0.74730 p-value =      0.19367
Site   528 dN/dS =      0.00000 Full Log(L) =     -3.45680 LRT =      0.83835 p-value =      0.17993
Site   529 dN/dS =      0.00000 Full Log(L) =     -4.04749 LRT =      1.01185 p-value =      0.15723
Site   530 dN/dS =      0.00000 Full Log(L) =     -4.42272 LRT =      0.52654 p-value =      0.23403
Site   531 dN/dS =      0.00000 Full Log(L) =     -4.15374 LRT =      0.82917 p-value =      0.18126
Site   532 dN/dS =      0.00000 Full Log(L) =     -4.58365 LRT =      0.49560 p-value =      0.24072
Site   533 dN/dS =      0.00000 Full Log(L) =     -4.42272 LRT =      0.52654 p-value =      0.23403
Site   534 dN/dS =      0.00000 Full Log
Check messages.log details of this run.
(L) =     -4.09405 LRT =      0.82917 p-value =      0.18126
Site   535 dN/dS =      0.00000 Full Log(L) =     -4.52240 LRT =      0.77138 p-value =      0.18990
Site   536 dN/dS =      0.00000 Full Log(L) =     -4.32956 LRT =      0.84041 p-value =      0.17964
Site   537 dN/dS =      0.00000 Full Log(L) =     -4.57878 LRT =      0.94101 p-value =      0.16601
Site   538 dN/dS =      1.89803 Full Log(L) =     -9.72123 LRT =      0.33315 p-value =      0.28190
Site   539 dN/dS =      0.00000 Full Log(L) =     -4.19080 LRT =      0.66875 p-value =      0.20674
Site   540 dN/dS =      0.00000 Full Log(L) =     -4.34028 LRT =      0.91380 p-value =      0.16955
Site   541 dN/dS =      0.00000 Full Log(L) =     -4.32956 LRT =      0.84041 p-value =      0.17964
Site   542 dN/dS =      0.00000 Full Log(L) =     -4.75226 LRT =      0.52540 p-value =      0.23427
Site   543 dN/dS =      0.00000 Full Log(L) =     -4.68536 LRT =      0.83599 p-value =      0.18027
Site   544 dN/dS =      0.00000 Full Log(L) =     -4.34028 LRT =      0.91380 p-value =      0.16955
Site   545 dN/dS =      0.00000 Full Log(L) =     -4.43340 LRT =      0.91512 p-value =      0.16938
Site   546 dN/dS =      4.41224 Full Log(L) =    -14.65549 LRT =      2.82347 p-value =      0.04645 *P
Site   547 dN/dS =      0.00000 Full Log(L) =    -10.13630 LRT =      0.52325 p-value =      0.23473
Site   548 dN/dS =      3.84811 Full Log(L) =    -12.08304 LRT =      1.20876 p-value =      0.13579
Site   549 dN/dS =      1.93841 Full Log(L) =    -12.77911 LRT =      0.35357 p-value =      0.27605
Site   550 dN/dS =      0.00000 Full Log(L) =     -4.38925 LRT =      0.84041 p-value =      0.17964
Site   551 dN/dS =      0.00000 Full Log(L) =     -4.15374 LRT =      0.82917 p-value =      0.18126
Site   552 dN/dS =      0.00000 Full Log(L) =     -4.14713 LRT =      1.31360 p-value =      0.12587
Site   553 dN/dS =      0.00000 Full Log(L) =     -4.42272 LRT =      0.52654 p-value =      0.23403
Site   554 dN/dS =      0.00000 Full Log(L) =     -4.57878 LRT =      0.94101 p-value =      0.16601
Site   555 dN/dS =      0.00000 Full Log(L) =    -10.31367 LRT =      0.91376 p-value =      0.16956
Site   556 dN/dS =      0.00000 Full Log(L) =     -9.90459 LRT =      0.58725 p-value =      0.22174
Site   557 dN/dS =      0.00000 Full Log(L) =     -9.33137 LRT =      0.83822 p-value =      0.17995
Site   558 dN/dS =      0.00000 Full Log(L) =     -4.50381 LRT =      1.04725 p-value =      0.15307
Site   559 dN/dS =      0.00000 Full Log(L) =     -9.70454 LRT =      0.88961 p-value =      0.17279
Site   560 dN/dS =      0.00000 Full Log(L) =     -4.09405 LRT =      0.82917 p-value =      0.18126
Site   561 dN/dS =      0.00000 Full Log(L) =     -4.39021 LRT =      0.98100 p-value =      0.16098
Site   562 dN/dS =      0.00000 Full Log(L) =     -4.39997 LRT =      0.91380 p-value =      0.16955
Site   563 dN/dS =      0.00000 Full Log(L) =     -3.78592 LRT =      0.88971 p-value =      0.17278
Site   564 dN/dS =      0.00000 Full Log(L) =     -4.09405 LRT =      0.82917 p-value =      0.18126
Site   565 dN/dS =      0.00000 Full Log(L) =     -4.39997 LRT =      0.91380 p-value =      0.16955
Site   566 dN/dS =      0.00000 Full Log(L) =     -4.09405 LRT =      0.82917 p-value =      0.18126


Wall-clock run-time (seconds): 1412794124
Process time on the master node: 3538.298493
MPI nodes used: 0

Wall-clock time per site (seconds): 3437455.289537713
