

______________READ THE FOLLOWING DATA______________
825 species:{CY168135,CY183033,CY170207,CY183305,CY182913,KF789585,CY149252,CY170639,KF790411,KF790413,KF790414,KF790416,KF790418,KF805656,CY169327,CY134647,KF790394,KF850663,KF805712,CY148516,CY149180,KF790398,CY168783,CY183233,CY171127,KF790190,CY169719,CY170447,KC814208,KC814205,KC814207,KC814206,CY170527,CY182737,CY130200,KF790524,KF790527,KF790482,CY148764,KF789871,KF886309,CY148836,KF886322,CY135100,KF886303,KF789998,CY171351,KF886305,CY168367,CY168719,CY169663,CY163428,CY171727,CY163426,CY163425,CY168247,CY163423,CY169783,CY186123,KF790049,KF790167,KF789739,KF790169,CY171335,KF886315,CY135036,KJ880918,KF789847,KC539122,KC539121,CY183257,CY170063,CY147290,KC539129,KF789633,KF789630,CY169247,KF790229,KF790228,KF790227,KF789927,CY134828,KF886312,CY168567,CY141219,CY141190,CY141191,CY141196,CY141197,CY168407,CY141195,CY171191,CY141210,CY141213,CY141212,CY141215,CY141214,CY141216,CY171583,CY171423,CY170119,CY141179,CY183073,CY170367,CY183177,CY141176,CY141177,CY134660,CY134661,CY134663,CY134664,CY134665,CY134666,CY134669,KF790452,KF805696,KF789706,KF789889,CY171615,KF790357,KF790356,CY148996,KF790425,CY149028,KF789709,CY170807,CY170967,CY171055,KF761498,KF790391,CY168847,CY170487,CY134764,KC535046,CY148636,CY168103,CY168063,CY182777,CY170647,KF789736,CY182889,CY168999,KF790473,CY169215,KF805664,KF789794,CY186035,KF789799,CY148644,CY170247,CY134643,CY169623,KF789895,KF789891,KF790516,CY168207,CY134719,CY168615,KC535030,CY134711,CY134713,CY134715,CY170415,CY134717,CY167967,CY168191,CY170047,CY168199,KC535035,CY149212,KF789569,CY168295,KF789562,CY168927,CY171007,CY169487,CY148940,CY148860,CY169527,KF789966,CY169959,KF886350,KF886353,KF886352,KF886355,KF886354,KF886357,KF886356,KF886359,KF886358,CY168447,CY134908,CY168335,KF886297,CY186179,CY141257,CY168727,CY141251,CY141250,CY141252,CY186171,CY171095,KF790137,KF790135,CY186075,CY135060,CY171303,KC539134,CY171647,CY169391,CY171135,CY169559,KF789740,CY171527,KF789615,KF790316,KF928618,CY171487,CY169007,KF790310,KF790257,CY148596,CY149100,KF789722,CY183185,CY149108,CY148452,CY141220,CY141221,CY141222,CY141224,CY186211,KF789796,CY141227,CY141228,CY141229,CY186219,CY149084,CY170359,CY148676,CY170351,CY170607,CY183001,CY171639,CY148884,CY171735,KF789597,CY171631,KF789591,KF790403,KF790402,KF790407,CY170575,KF790408,KF850674,CY169311,CY134884,CY149172,KF805704,CY168631,CY183137,CY170855,CY182769,CY148708,CY147311,KF789596,CY148868,CY148700,CY168871,CY169879,KF886360,CY170455,KJ734804,CY170511,KJ734826,KJ734825,CY182705,KJ734822,KJ734821,CY141231,KJ734828,CY149316,CY171039,CY134682,CY169679,CY135052,CY148820,CY169671,CY171359,KF789841,CY148828,CY168487,KF789842,CY168375,CY141186,CY169775,CY141181,CY168271,CY168951,CY167852,KF761476,KF790077,KF761474,KF790178,CY149228,CY182793,CY149220,CY134900,CY182897,KC539136,CY171071,CY148852,CY134836,KF790216,CY169511,KF789623,CY168575,CY170887,KF789628,CY141185,CY141184,CY141187,CY169687,CY141268,CY168471,CY141264,CY141266,CY170591,CY141188,CY141262,CY182905,CY183313,CY171591,CY170103,CY171455,KC814214,KF886301,CY169519,CY170311,CY183169,CY182961,CY170319,CY134672,KF790138,CY134676,CY134675,KF790448,CY182809,CY134679,CY134678,KF789714,CY169199,CY149036,CY134844,KF790361,KF790286,KF790368,KF790282,CY170815,CY168495,CY147291,CY170775,CY186243,CY170951,CY170559,CY171407,CY170983,KF761489,KF761488,CY141259,CY170223,CY148748,KF761481,CY170799,CY182969,CY170655,CY182745,CY171703,CY163422,CY167983,CY169223,CY183049,CY149044,KF805672,CY168239,CY169631,CY168231,CY168887,CY134709,KF790039,KC535022,CY134700,KC535027,KF790037,CY134705,KF789571,CY134670,CY149260,CY168287,CY149268,CY169831,CY186195,CY148956,CY169943,KF789977,CY134674,CY148812,CY135084,KF886321,KF789872,KF886323,CY168303,CY168399,CY168735,CY169351,KF761509,KF761506,KF761507,KF790104,KF761505,KF761503,CY167820,KF199859,KF199858,KF199854,CY135012,KF199856,KC526210,KC526211,CY134639,CY134638,CY134637,CY134635,CY141282,CY171103,CY141280,CY141281,KF928626,KF790323,CY148924,KF789752,KF789614,KF790362,KF790329,KF789759,KF790244,KF789906,KF789613,CY170919,CY170911,KJ880910,CY141232,CY148364,CY141230,CY186203,CY141180,CY141235,CY183225,CY141239,CY171031,CY169495,CY168503,CY149092,CY168015,CY183153,CY148540,CY148668,CY170439,CY134688,CY134689,CY169551,CY171623,CY182833,CY134686,CY134687,CY134684,CY169303,KF789728,KF790438,CY183129,CY134892,CY183081,CY134876,CY170863,KF789688,CY147305,CY169847,CY147301,CY147300,CY147302,CY168647,CY148404,CY147308,CY170071,CY170503,KC535063,KC535060,KJ734810,CY170663,CY135124,CY134748,KF790509,CY168167,KF789535,KF789534,KF790500,CY134820,CY148780,CY141269,CY149308,CY171367,CY135044,CY168343,CY171287,CY134740,KF685747,CY167868,CY169767,CY134940,CY148740,CY167903,KF790065,KF790064,CY169895,KF790066,CY186027,KC535052,KF789587,CY171215,KF789546,KF789547,CY171199,CY167796,CY170551,CY148964,KF789582,CY169935,KF790205,KF789829,CY168583,KF790201,KF790081,CY170895,CY167788,KF790209,KF789949,CY169103,CY168463,CY141194,CY141279,CY141278,CY141277,CY141276,KC535050,CY170599,CY141271,CY141270,CY169983,CY141211,KF789618,CY186155,CY171447,CY186091,CY169591,CY141199,CY183113,CY170719,CY182977,KF886349,KF790378,CY169439,CY134642,KF789769,CY134640,CY134641,KF790478,KF790479,CY168599,CY134648,CY134649,CY149292,KF789646,CY169023,KF790278,CY170823,CY168511,CY134996,CY134659,KF886343,CY148436,CY170943,CY148356,KF886340,CY148572,CY171143,CY170007,CY148756,CY134780,CY168127,CY141243,CY134788,CY148612,CY183025,CY170543,CY171719,CY147294,CY170783,CY171711,CY149076,CY169967,CY147292,CY169231,CY141261,CY169239,KF805640,CY141245,KF790384,CY148508,CY169015,CY149196,KF790389,CY169727,CY147304,CY168223,CY170431,KF790187,KF790184,KF790185,KF790028,KC535019,KC814212,KC814211,CY134732,CY170535,KF790023,CY168639,KF886341,KF789888,CY182729,CY149276,KF761484,KF790491,KF790495,CY135132,KF789983,CY148804,CY169151,KF886337,KF886335,CY170991,KF886332,CY168319,CY170999,KF761511,KF761510,KF790119,KF790051,CY186115,CY186051,CY135004,CY171247,CY186059,KC526207,CY183241,KC526205,CY170199,CY170055,KJ561738,CY171119,CY171503,KF790106,KC539112,KC526209,KC526208,CY148932,KF790331,KF790333,CY182817,KF789606,KF789605,KF850676,KF790230,CY134812,CY169479,KF789600,CY134956,CY148476,CY148372,CY170903,CY186235,CY141205,CY141202,CY171183,CY141200,CY141201,CY171567,CY141209,CY183065,CY168663,CY170271,CY148492,CY170375,CY182945,CY169279,CY134698,CY134695,CY134694,CY134697,CY134656,CY134691,CY134690,CY134693,CY134692,KF789731,KF790345,CY169071,KF789701,CY149012,KF805688,CY170871,CY167959,CY170879,CY170975,CY170479,CY168911,CY134772,CY148724,KC535051,CY170471,KC535054,CY168071,KJ734808,CY169807,KJ734805,CY168079,KJ734806,CY182761,KJ734803,CY182849,CY134988,KF790514,KC539118,KF790512,CY148796,KF928630,CY148652,CY186227,CY170583,KF789782,KF789780,CY135076,CY171271,CY168359,CY148428,CY170767,AB796432,CY168215,CY169759,CY167975,KF790010,KF790011,KF790334,CY186019,KF790019,CY171231,KF789550,CY169855,CY171015,CY141242,CY170383,CY170519,CY148972,CY169535,CY148876,KF789952,KF886348,KF789819,KF886344,KF789812,KF790236,KF789810,CY168455,CY147297,KF790129,CY147295,CY141241,CY147293,CY141247,CY141244,CY148332,CY168759,CY141249,KF790125,CY147299,CY182697,KC535044,CY167943,CY171375,CY141240,CY170703,CY134658,CY183105,CY134653,CY170495,CY134657,CY171655,CY171551,KF789579,CY182865,KC535043,CY169407,CY171495,KF790262,CY148580,CY169575,KF789673,CY134860,KF789671,CY148588,CY134707,CY183193,CY148340,CY141192,CY148348,CY169503};
Total Sites:1698;
Distinct Sites:735

Phase 1:Nucleotide Model (010010) Model Fit


-15025.9738571245

Phase 2:MG94x(010010) Model Fit



Phase 3:Estimating dN/dS


Nuc->codon scaling factor:2.190955297117262
Raw scaling factor:2.190955297117262
Tree scaling factor(S): 1

Using dN/dS=0.2427815915470669
Codon model:-14526.7603828381

Phase 4: Ancestral State Reconstruction and Counting

<<Significance level for Likelihood Ratio Tests (permissible range = [0,1], default value = 0.1)>>Site     1 dN/dS =      0.00000 Full Log(L) =     -4.04868 LRT =     12.19239 p-value =      0.00024 *N
Site     2 dN/dS =      0.25892 Full Log(L) =    -42.05780 LRT =      3.00542 p-value =      0.04149 *N
Site     3 dN/dS =      0.00000 Full Log(L) =    -48.63477 LRT =      8.05219 p-value =      0.00227 *N
Site     4 dN/dS =      0.54117 Full Log(L) =    -29.09286 LRT =      0.93024 p-value =      0.16740
Site     5 dN/dS =      0.00000 Full Log(L) =     -5.46605 LRT =      7.39310 p-value =      0.00327 *N
Site     6 dN/dS =      0.00000 Full Log(L) =     -6.23788 LRT =      9.27234 p-value =      0.00116 *N
Site     7 dN/dS =      0.95466 Full Log(L) =    -32.54048 LRT =      0.00436 p-value =      0.47369
Site     8 dN/dS =      0.59350 Full Log(L) =    -31.89611 LRT =      0.97418 p-value =      0.16182
Site     9 dN/dS =      0.31751 Full Log(L) =    -14.34529 LRT =      1.99517 p-value =      0.07890 *N
Site    10 dN/dS =      0.54050 Full Log(L) =    -23.90749 LRT =      0.93442 p-value =      0.16686
Site    11 dN/dS =      0.00000 Full Log(L) =    -20.71399 LRT =      4.03751 p-value =      0.02225 *N
Site    12 dN/dS =      0.00000 Full Log(L) =    -31.31629 LRT =      8.55847 p-value =      0.00172 *N
Site    13 dN/dS =      0.00000 Full Log(L) =    -70.95278 LRT =      4.03587 p-value =      0.02227 *N
Site    14 dN/dS =      1.68889 Full Log(L) =    -57.76752 LRT =      1.61502 p-value =      0.10189
Site    15 dN/dS =      0.29419 Full Log(L) =    -36.41313 LRT =      2.34353 p-value =      0.06290 *N
Site    16 dN/dS =      1.07902 Full Log(L) =    -65.01699 LRT =      0.02805 p-value =      0.43349
Site    17 dN/dS =      0.39175 Full Log(L) =    -15.86917 LRT =      1.22572 p-value =      0.13412
Site    18 dN/dS =      0.50142 Full Log(L) =    -21.42899 LRT =      1.21054 p-value =      0.13561
Site    19 dN/dS =      3.53061 Full Log(L) =   -118.12922 LRT =     14.03819 p-value =      0.00009 *P
Site    20 dN/dS =      0.00000 Full Log(L) =    -11.85444 LRT =      8.50598 p-value =      0.00177 *N
Site    21 dN/dS =      0.56153 Full Log(L) =    -55.26711 LRT =      1.21667 p-value =      0.13501
Site    22 dN/dS =      0.23583 Full Log(L) =    -27.34423 LRT =      3.57347 p-value =      0.02935 *N
Site    23 dN/dS =      0.41098 Full Log(L) =    -29.95460 LRT =      2.16517 p-value =      0.07058 *N
Site    24 dN/dS =      0.70132 Full Log(L) =    -41.99875 LRT =      0.42376 p-value =      0.25753
Site    25 dN/dS =      0.56937 Full Log(L) =    -27.87307 LRT =      1.15289 p-value =      0.14147
Site    26 dN/dS =      0.47530 Full Log(L) =    -56.22303 LRT =      1.43376 p-value =      0.11558
Site    27 dN/dS =      0.00000 Full Log(L) =    -11.28507 LRT =      9.67576 p-value =      0.00093 *N
Site    28 dN/dS =      0.23751 Full Log(L) =    -55.92044 LRT =      3.53152 p-value =      0.03011 *N
Site    29 dN/dS =      0.00000 Full Log(L) =    -25.47023 LRT =      4.20072 p-value =      0.02020 *N
Site    30 dN/dS =      0.00000 Full Log(L) =    -12.97405 LRT =      8.91461 p-value =      0.00141 *N
Site    31 dN/dS =      0.00000 Full Log(L) =    -14.40787 LRT =      7.30515 p-value =      0.00344 *N
Site    32 dN/dS =      0.00000 Full Log(L) =    -37.17691 LRT =     11.02146 p-value =      0.00045 *N
Site    33 dN/dS =      1.00000 Full Log(L) =      0.00000 LRT =      0.00000 p-value =      1.00000
Site    34 dN/dS =      0.23321 Full Log(L) =    -13.68086 LRT =      3.65207 p-value =      0.02800 *N
Site    35 dN/dS =      1.00000 Full Log(L) =      0.00000 LRT =      0.00000 p-value =      1.00000
Site    36 dN/dS =      0.00000 Full Log(L) =    -28.04291 LRT =      8.70761 p-value =      0.00158 *N
Site    37 dN/dS =      0.23497 Full Log(L) =    -24.21365 LRT =      3.60633 p-value =      0.02878 *N
Site    38 dN/dS =      0.00000 Full Log(L) =    -21.73779 LRT =      8.46383 p-value =      0.00181 *N
Site    39 dN/dS =      0.00000 Full Log(L) =    -21.06195 LRT =     10.69061 p-value =      0.00054 *N
Site    40 dN/dS =      0.23759 Full Log(L) =    -41.79404 LRT =      3.52938 p-value =      0.03015 *N
Site    41 dN/dS =      1.24809 Full Log(L) =    -50.16869 LRT =      0.27276 p-value =      0.30074
Site    42 dN/dS =      0.00000 Full Log(L) =    -20.41125 LRT =      8.70761 p-value =      0.00158 *N
Site    43 dN/dS =      0.74686 Full Log(L) =    -27.72562 LRT =      0.28041 p-value =      0.29822
Site    44 dN/dS =      0.00000 Full Log(L) =    -11.89953 LRT =      8.40260 p-value =      0.00187 *N
Site    45 dN/dS =      0.00000 Full Log(L) =    -25.81345 LRT =      7.71420 p-value =      0.00274 *N
Site    46 dN/dS =      0.23755 Full Log(L) =    -75.71911 LRT =      3.53043 p-value =      0.03013 *N
Site    47 dN/dS =      0.23586 Full Log(L) =    -19.68261 LRT =      3.57264 p-value =      0.02937 *N
Site    48 dN/dS =      0.41067 Full Log(L) =    -30.53766 LRT =      2.16962 p-value =      0.07038 *N
Site    49 dN/dS =      3.52597 Full Log(L) =    -62.75167 LRT =     10.78969 p-value =      0.00051 *P
Site    50 dN/dS =      1.00000 Full Log(L) =      0.00000 LRT =      0.00000 p-value =      1.00000
Site    51 dN/dS =      0.00000 Full Log(L) =    -11.82417 LRT =      9.31855 p-value =      0.00113 *N
Site    52 dN/dS =      0.00000 Full Log(L) =    -28.96717 LRT =      8.70761 p-value =      0.00158 *N
Site    53 dN/dS =      0.00000 Full Log(L) =    -10.87053 LRT =      8.40261 p-value =      0.00187 *N
Site    54 dN/dS =      0.00000 Full Log(L) =    -17.40500 LRT =      8.46411 p-value =      0.00181 *N
Site    55 dN/dS =      0.00000 Full Log(L) =    -18.04929 LRT =      9.67576 p-value =      0.00093 *N
Site    56 dN/dS =      1.00000 Full Log(L) =      0.00000 LRT =      0.00000 p-value =      1.00000
Site    57 dN/dS =      0.00000 Full Log(L) =    -49.06760 LRT =      9.31797 p-value =      0.00113 *N
Site    58 dN/dS =      0.00000 Full Log(L) =    -36.23238 LRT =      4.21011 p-value =      0.02009 *N
Site    59 dN/dS =      0.22936 Full Log(L) =    -14.20671 LRT =      3.76061 p-value =      0.02624 *N
Site    60 dN/dS =      0.00000 Full Log(L) =    -25.03799 LRT =      5.16924 p-value =      0.01150 *N
Site    61 dN/dS =      1.34931 Full Log(L) =    -49.91589 LRT =      0.48528 p-value =      0.24302
Site    62 dN/dS =      0.00000 Full Log(L) =    -12.44039 LRT =      7.26207 p-value =      0.00352 *N
Site    63 dN/dS =      0.31168 Full Log(L) =    -19.96937 LRT =      2.07836 p-value =      0.07470 *N
Site    64 dN/dS =      1.03718 Full Log(L) =    -35.73578 LRT =      0.00654 p-value =      0.46776
Site    65 dN/dS =      0.18074 Full Log(L) =    -36.10143 LRT =      5.62413 p-value =      0.00886 *N
Site    66 dN/dS =      0.64318 Full Log(L) =    -19.88708 LRT =      0.67795 p-value =      0.20515
Site    67 dN/dS =      1.00000 Full Log(L) =      0.00000 LRT =      0.00000 p-value =      1.00000
Site    68 dN/dS =      0.00000 Full Log(L) =    -12.97295 LRT =      8.91461 p-value =      0.00141 *N
Site    69 dN/dS =      1.47910 Full Log(L) =    -44.91965 LRT =      0.93827 p-value =      0.16636
Site    70 dN/dS =      0.37904 Full Log(L) =    -40.05093 LRT =      2.66056 p-value =      0.05143 *N
Site    71 dN/dS =      0.00000 Full Log(L) =    -19.34115 LRT =      8.50598 p-value =      0.00177 *N
Site    72 dN/dS =      0.23323 Full Log(L) =    -16.39549 LRT =      3.65036 p-value =      0.02803 *N
Site    73 dN/dS =      1.53361 Full Log(L) =    -59.98604 LRT =      0.63419 p-value =      0.21291
Site    74 dN/dS =      0.51974 Full Log(L) =    -46.95755 LRT =      1.07279 p-value =      0.15016
Site    75 dN/dS =      0.26515 Full Log(L) =    -17.57437 LRT =      2.87978 p-value =      0.04485 *N
Site    76 dN/dS =      0.00000 Full Log(L) =    -12.15777 LRT =      9.73735 p-value =      0.00090 *N
Site    77 dN/dS =      0.00000 Full Log(L) =    -21.75712 LRT =     10.69050 p-value =      0.00054 *N
Site    78 dN/dS =      0.64441 Full Log(L) =    -28.17144 LRT =      0.67040 p-value =      0.20646
Site    79 dN/dS =      0.23585 Full Log(L) =    -53.12609 LRT =      3.57284 p-value =      0.02937 *N
Site    80 dN/dS =      0.00000 Full Log(L) =    -18.09082 LRT =      8.91458 p-value =      0.00141 *N
Site    81 dN/dS =      0.00000 Full Log(L) =    -12.59533 LRT =      8.40260 p-value =      0.00187 *N
Site    82 dN/dS =      0.47591 Full Log(L) =    -39.80211 LRT =      0.71510 p-value =      0.19888
Site    83 dN/dS =      0.59730 Full Log(L) =    -25.49340 LRT =      0.94736 p-value =      0.16520
Site    84 dN/dS =      0.00000 Full Log(L) =    -12.15467 LRT =      9.73735 p-value =      0.00090 *N
Site    85 dN/dS =      0.20642 Full Log(L) =    -29.72505 LRT =      4.51810 p-value =      0.01677 *N
Site    86 dN/dS =      1.00000 Full Log(L) =      0.00000 LRT =      0.00000 p-value =      1.00000
Site    87 dN/dS =      0.00000 Full Log(L) =    -27.16979 LRT =      4.37241 p-value =      0.01826 *N
Site    88 dN/dS =      0.00000 Full Log(L) =    -25.13936 LRT =     10.69117 p-value =      0.00054 *N
Site    89 dN/dS =      0.00000 Full Log(L) =    -17.78159 LRT =      9.73727 p-value =      0.00090 *N
Site    90 dN/dS =      0.00000 Full Log(L) =    -27.06828 LRT =      8.50598 p-value =      0.00177 *N
Site    91 dN/dS =      0.37942 Full Log(L) =    -24.62190 LRT =      1.32766 p-value =      0.12461
Site    92 dN/dS =      0.00000 Full Log(L) =    -19.69936 LRT =      8.91459 p-value =      0.00141 *N
Site    93 dN/dS =      0.00000 Full Log(L) =    -11.05800 LRT =      9.73729 p-value =      0.00090 *N
Site    94 dN/dS =      0.36195 Full Log(L) =    -37.23179 LRT =      2.97389 p-value =      0.04231 *N
Site    95 dN/dS =      0.28282 Full Log(L) =    -28.37802 LRT =      2.53704 p-value =      0.05560 *N
Site    96 dN/dS =      0.00000 Full Log(L) =    -29.17926 LRT =      5.16875 p-value =      0.01150 *N
Site    97 dN/dS =      0.47243 Full Log(L) =    -36.56534 LRT =      1.45870 p-value =      0.11357
Site    98 dN/dS =      0.24809 Full Log(L) =    -19.03480 LRT =      3.25608 p-value =      0.03558 *N
Site    99 dN/dS =      0.74294 Full Log(L) =    -38.09725 LRT =      0.29148 p-value =      0.29464
Site   100 dN/dS =      1.00000 Full Log(L) =      0.00000 LRT =      0.00000 p-value =      1.00000
Site   101 dN/dS =      0.00000 Full Log(L) =    -18.08122 LRT =      9.73730 p-value =      0.00090 *N
Site   102 dN/dS =      0.00000 Full Log(L) =    -12.35717 LRT =      7.53782 p-value =      0.00302 *N
Site   103 dN/dS =      0.28326 Full Log(L) =    -21.07204 LRT =      2.53003 p-value =      0.05585 *N
Site   104 dN/dS =      1.62058 Full Log(L) =    -58.86144 LRT =      1.38833 p-value =      0.11934
Site   105 dN/dS =      0.00000 Full Log(L) =    -10.21431 LRT =      9.31846 p-value =      0.00113 *N
Site   106 dN/dS =      0.00000 Full Log(L) =    -75.00637 LRT =      6.22916 p-value =      0.00628 *N
Site   107 dN/dS =      0.37904 Full Log(L) =    -35.22449 LRT =      2.66062 p-value =      0.05143 *N
Site   108 dN/dS =      0.24813 Full Log(L) =    -23.71060 LRT =      3.25433 p-value =      0.03562 *N
Site   109 dN/dS =      0.20643 Full Log(L) =    -14.64076 LRT =      4.51778 p-value =      0.01677 *N
Site   110 dN/dS =      1.47077 Full Log(L) =    -41.50118 LRT =      0.65250 p-value =      0.20961
Site   111 dN/dS =      1.00000 Full Log(L) =      0.00000 LRT =      0.00000 p-value =      1.00000
Site   112 dN/dS =      0.94744 Full Log(L) =    -32.88037 LRT =      0.01179 p-value =      0.45677
Site   113 dN/dS =      1.00000 Full Log(L) =      0.00000 LRT =      0.00000 p-value =      1.00000
Site   114 dN/dS =      0.00000 Full Log(L) =    -12.43820 LRT =      6.55245 p-value =      0.00524 *N
Site   115 dN/dS =      0.00000 Full Log(L) =    -19.38181 LRT =      8.50598 p-value =      0.00177 *N
Site   116 dN/dS =      1.00000 Full Log(L) =      0.00000 LRT =      0.00000 p-value =      1.00000
Site   117 dN/dS =      1.00000 Full Log(L) =      0.00000 LRT =      0.00000 p-value =      1.00000
Site   118 dN/dS =      0.22954 Full Log(L) =    -21.81872 LRT =      3.75524 p-value =      0.02632 *N
Site   119 dN/dS =      0.00000 Full Log(L) =    -32.64647 LRT =      8.50596 p-value =      0.00177 *N
Site   120 dN/dS =      0.41063 Full Log(L) =    -20.60121 LRT =      2.17020 p-value =      0.07035 *N
Site   121 dN/dS =      1.00000 Full Log(L) =      0.00000 LRT =      0.00000 p-value =      1.00000
Site   122 dN/dS =      0.62081 Full Log(L) =    -45.13635 LRT =      0.80082 p-value =      0.18542
Site   123 dN/dS =      0.00000 Full Log(L) =    -14.81717 LRT =      7.26154 p-value =      0.00352 *N
Site   124 dN/dS =      0.00000 Full Log(L) =    -34.19125 LRT =      7.52947 p-value =      0.00303 *N
Site   125 dN/dS =      0.00000 Full Log(L) =    -17.90278 LRT =     10.25967 p-value =      0.00068 *N
Site   126 dN/dS =      0.00000 Full Log(L) =    -27.72155 LRT =      6.41038 p-value =      0.00567 *N
Site   127 dN/dS =      0.00000 Full Log(L) =    -12.72220 LRT =      4.20000 p-value =      0.02021 *N
Site   128 dN/dS =      0.22935 Full Log(L) =    -21.42013 LRT =      3.76089 p-value =      0.02623 *N
Site   129 dN/dS =      0.00000 Full Log(L) =    -22.25634 LRT =      9.67576 p-value =      0.00093 *N
Site   130 dN/dS =      0.00000 Full Log(L) =    -20.51545 LRT =      6.42693 p-value =      0.00562 *N
Site   131 dN/dS =      0.00000 Full Log(L) =    -54.09910 LRT =      7.26147 p-value =      0.00352 *N
Site   132 dN/dS =      1.00000 Full Log(L) =      0.00000 LRT =      0.00000 p-value =      1.00000
Site   133 dN/dS =      0.00000 Full Log(L) =    -16.10544 LRT =      8.40260 p-value =      0.00187 *N
Site   134 dN/dS =      0.47557 Full Log(L) =    -25.42991 LRT =      0.71673 p-value =      0.19861
Site   135 dN/dS =      0.00000 Full Log(L) =    -32.14809 LRT =      9.31806 p-value =      0.00113 *N
Site   136 dN/dS =      1.00000 Full Log(L) =      0.00000 LRT =      0.00000 p-value =      1.00000
Site   137 dN/dS =      0.94776 Full Log(L) =    -44.69234 LRT =      0.01164 p-value =      0.45704
Site   138 dN/dS =      0.47237 Full Log(L) =    -27.43720 LRT =      1.45943 p-value =      0.11351
Site   139 dN/dS =      1.00000 Full Log(L) =      0.00000 LRT =      0.00000 p-value =      1.00000
Site   140 dN/dS =      0.95248 Full Log(L) =    -87.63039 LRT =      0.01197 p-value =      0.45643
Site   141 dN/dS =      1.00000 Full Log(L) =      0.00000 LRT =      0.00000 p-value =      1.00000
Site   142 dN/dS =      0.23585 Full Log(L) =    -16.00494 LRT =      3.57306 p-value =      0.02936 *N
Site   143 dN/dS =      1.00000 Full Log(L) =      0.00000 LRT =      0.00000 p-value =      1.00000
Site   144 dN/dS =      1.61619 Full Log(L) =    -66.61009 LRT =      1.37418 p-value =      0.12055
Site   145 dN/dS =      0.18660 Full Log(L) =    -21.18461 LRT =      5.34068 p-value =      0.01042 *N
Site   146 dN/dS =      1.00000 Full Log(L) =      0.00000 LRT =      0.00000 p-value =      1.00000
Site   147 dN/dS =      0.82027 Full Log(L) =    -53.51711 LRT =      0.13441 p-value =      0.35695
Site   148 dN/dS =      0.00000 Full Log(L) =     -8.15942 LRT =      5.16759 p-value =      0.01151 *N
Site   149 dN/dS =      0.23579 Full Log(L) =    -32.38148 LRT =      3.57345 p-value =      0.02936 *N
Site   150 dN/dS =      0.00000 Full Log(L) =    -11.32667 LRT =     10.69072 p-value =      0.00054 *N
Site   151 dN/dS =      0.23765 Full Log(L) =    -14.72021 LRT =      3.52765 p-value =      0.03018 *N
Site   152 dN/dS =      0.18932 Full Log(L) =    -38.57605 LRT =      5.21507 p-value =      0.01120 *N
Site   153 dN/dS =      0.27846 Full Log(L) =    -14.22737 LRT =      2.61633 p-value =      0.05288 *N
Site   154 dN/dS =      2.32467 Full Log(L) =   -103.80480 LRT =      5.97958 p-value =      0.00724 *P
Site   155 dN/dS =      0.00000 Full Log(L) =    -12.27864 LRT =      8.91460 p-value =      0.00141 *N
Site   156 dN/dS =      1.21841 Full Log(L) =    -48.33371 LRT =      0.21788 p-value =      0.32033
Site   157 dN/dS =      0.00000 Full Log(L) =    -17.74819 LRT =     10.25926 p-value =      0.00068 *N
Site   158 dN/dS =      2.19562 Full Log(L) =    -72.92791 LRT =      5.27864 p-value =      0.01079 *P
Site   159 dN/dS =      0.00000 Full Log(L) =    -26.50739 LRT =      7.26207 p-value =      0.00352 *N
Site   160 dN/dS =      1.68054 Full Log(L) =    -65.21581 LRT =      1.58594 p-value =      0.10395
Site   161 dN/dS =      1.60607 Full Log(L) =    -69.21819 LRT =      1.53188 p-value =      0.10792
Site   162 dN/dS =    