

______________READ THE FOLLOWING DATA______________
39 species:{CY187685,KJ938669,CY187382,CY187696,CY187723,AB934036,CY163509,CY187693,KJ144648,CY187712,CY187678,CY187637,CY187674,KJ361870,KJ938679,CY187694,KJ561706,KJ439217,CY187691,CY187690,KJ938671,KJ938675,KJ938677,KJ667973,KJ667974,KJ667975,CY163511,KJ144633,KJ144632,KJ144637,CY187381,CY187383,CY187724,CY187709,KJ361869,CY187645,CY187647,KJ361865,KJ361866};
Total Sites:1698;
Distinct Sites:136

Phase 1:Nucleotide Model (010010) Model Fit


-3317.99707604959

Phase 2:MG94x(010010) Model Fit



Phase 3:Estimating dN/dS


Nuc->codon scaling factor:2.218423214057377
Raw scaling factor:2.218423214057377
Tree scaling factor(S): 1

Using dN/dS=0.2436762146286142
Codon model:-3233.99075868605

Phase 4: Ancestral State Reconstruction and Counting

<<Significance level for Likelihood Ratio Tests (permissible range = [0,1], default value = 0.1)>>Site     1 dN/dS =      0.00000 Full Log(L) =     -4.07394 LRT =      0.93469 p-value =      0.16682
Site     2 dN/dS =      0.00000 Full Log(L) =     -9.39565 LRT =      0.63185 p-value =      0.21334
Site     3 dN/dS =      0.00000 Full Log(L) =     -4.21749 LRT =      0.68540 p-value =      0.20387
Site     4 dN/dS =      3.12371 Full Log(L) =     -9.71750 LRT =      0.91206 p-value =      0.16978
Site     5 dN/dS =      0.00000 Full Log(L) =     -3.93205 LRT =      0.65428 p-value =      0.20929
Site     6 dN/dS =      2.53087 Full Log(L) =    -19.82002 LRT =      0.64071 p-value =      0.21173
Site     7 dN/dS =      4.80545 Full Log(L) =    -11.77649 LRT =      1.54789 p-value =      0.10672
Site     8 dN/dS =      0.00000 Full Log(L) =     -4.16181 LRT =      0.88934 p-value =      0.17283
Site     9 dN/dS =      3.40976 Full Log(L) =     -8.74208 LRT =      1.03276 p-value =      0.15476
Site    10 dN/dS =      0.00000 Full Log(L) =     -3.93746 LRT =      0.67854 p-value =      0.20505
Site    11 dN/dS =      0.00000 Full Log(L) =     -4.56183 LRT =      0.39959 p-value =      0.26365
Site    12 dN/dS =      0.00000 Full Log(L) =     -4.34888 LRT =      0.76491 p-value =      0.19090
Site    13 dN/dS =      0.00000 Full Log(L) =    -10.98621 LRT =      0.39967 p-value =      0.26363
Site    14 dN/dS =      0.00000 Full Log(L) =     -4.25298 LRT =      0.74424 p-value =      0.19415
Site    15 dN/dS =      0.00000 Full Log(L) =    -16.31976 LRT =      0.66330 p-value =      0.20770
Site    16 dN/dS =      0.00000 Full Log(L) =     -4.52309 LRT =      0.80834 p-value =      0.18431
Site    17 dN/dS =      1.00000 Full Log(L) =      0.00000 LRT =      0.00000 p-value =      1.00000
Site    18 dN/dS =      1.00000 Full Log(L) =      0.00000 LRT =      0.00000 p-value =      1.00000
Site    19 dN/dS =      6.10154 Full Log(L) =    -15.41339 LRT =      3.86577 p-value =      0.02464 *P
Site    20 dN/dS =      1.00000 Full Log(L) =      0.00000 LRT =      0.00000 p-value =      1.00000
Site    21 dN/dS =      1.00000 Full Log(L) =      0.00000 LRT =      0.00000 p-value =      1.00000
Site    22 dN/dS =      2.67791 Full Log(L) =     -8.89001 LRT =      0.71182 p-value =      0.19942
Site    23 dN/dS =      1.00000 Full Log(L) =      0.00000 LRT =      0.00000 p-value =      1.00000
Site    24 dN/dS =      0.00000 Full Log(L) =    -10.55054 LRT =      0.75519 p-value =      0.19242
Site    25 dN/dS =      1.00000 Full Log(L) =      0.00000 LRT =      0.00000 p-value =      1.00000
Site    26 dN/dS =      1.00000 Full Log(L) =      0.00000 LRT =      0.00000 p-value =      1.00000
Site    27 dN/dS =      1.00000 Full Log(L) =      0.00000 LRT =      0.00000 p-value =      1.00000
Site    28 dN/dS =      1.00000 Full Log(L) =      0.00000 LRT =      0.00000 p-value =      1.00000
Site    29 dN/dS =      1.00000 Full Log(L) =      0.00000 LRT =      0.00000 p-value =      1.00000
Site    30 dN/dS =      1.00000 Full Log(L) =      0.00000 LRT =      0.00000 p-value =      1.00000
Site    31 dN/dS =      1.00000 Full Log(L) =      0.00000 LRT =      0.00000 p-value =      1.00000
Site    32 dN/dS =      1.00000 Full Log(L) =      0.00000 LRT =      0.00000 p-value =      1.00000
Site    33 dN/dS =      1.00000 Full Log(L) =      0.00000 LRT =      0.00000 p-value =      1.00000
Site    34 dN/dS =      1.00000 Full Log(L) =      0.00000 LRT =      0.00000 p-value =      1.00000
Site    35 dN/dS =      1.00000 Full Log(L) =      0.00000 LRT =      0.00000 p-value =      1.00000
Site    36 dN/dS =      1.00000 Full Log(L) =      0.00000 LRT =      0.00000 p-value =      1.00000
Site    37 dN/dS =      1.00000 Full Log(L) =      0.00000 LRT =      0.00000 p-value =      1.00000
Site    38 dN/dS =      0.00000 Full Log(L) =    -21.12395 LRT =      0.75466 p-value =      0.19250
Site    39 dN/dS =      1.00000 Full Log(L) =      0.00000 LRT =      0.00000 p-value =      1.00000
Site    40 dN/dS =      1.00000 Full Log(L) =      0.00000 LRT =      0.00000 p-value =      1.00000
Site    41 dN/dS =      1.00000 Full Log(L) =      0.00000 LRT =      0.00000 p-value =      1.00000
Site    42 dN/dS =      1.00000 Full Log(L) =      0.00000 LRT =      0.00000 p-value =      1.00000
Site    43 dN/dS =      1.00000 Full Log(L) =      0.00000 LRT =      0.00000 p-value =      1.00000
Site    44 dN/dS =      1.00000 Full Log(L) =      0.00000 LRT =      0.00000 p-value =      1.00000
Site    45 dN/dS =      1.00000 Full Log(L) =      0.00000 LRT =      0.00000 p-value =      1.00000
Site    46 dN/dS =      0.00000 Full Log(L) =    -11.17898 LRT =      0.71985 p-value =      0.19810
Site    47 dN/dS =      1.00000 Full Log(L) =      0.00000 LRT =      0.00000 p-value =      1.00000
Site    48 dN/dS =      1.00000 Full Log(L) =      0.00000 LRT =      0.00000 p-value =      1.00000
Site    49 dN/dS =      1.00000 Full Log(L) =      0.00000 LRT =      0.00000 p-value =      1.00000
Site    50 dN/dS =      1.00000 Full Log(L) =      0.00000 LRT =      0.00000 p-value =      1.00000
Site    51 dN/dS =      1.00000 Full Log(L) =      0.00000 LRT =      0.00000 p-value =      1.00000
Site    52 dN/dS =      1.00000 Full Log(L) =      0.00000 LRT =      0.00000 p-value =      1.00000
Site    53 dN/dS =      1.00000 Full Log(L) =      0.00000 LRT =      0.00000 p-value =      1.00000
Site    54 dN/dS =      1.00000 Full Log(L) =      0.00000 LRT =      0.00000 p-value =      1.00000
Site    55 dN/dS =      1.00000 Full Log(L) =      0.00000 LRT =      0.00000 p-value =      1.00000
Site    56 dN/dS =      1.00000 Full Log(L) =      0.00000 LRT =      0.00000 p-value =      1.00000
Site    57 dN/dS =      1.00000 Full Log(L) =      0.00000 LRT =      0.00000 p-value =      1.00000
Site    58 dN/dS =      0.00000 Full Log(L) =    -12.55039 LRT =      0.40868 p-value =      0.26132
Site    59 dN/dS =      1.00000 Full Log(L) =      0.00000 LRT =      0.00000 p-value =      1.00000
Site    60 dN/dS =      1.00000 Full Log(L) =      0.00000 LRT =      0.00000 p-value =      1.00000
Site    61 dN/dS =      1.00000 Full Log(L) =      0.00000 LRT =      0.00000 p-value =      1.00000
Site    62 dN/dS =      0.00000 Full Log(L) =     -9.99319 LRT =      0.64930 p-value =      0.21018
Site    63 dN/dS =      1.00000 Full Log(L) =      0.00000 LRT =      0.00000 p-value =      1.00000
Site    64 dN/dS =      1.00000 Full Log(L) =      0.00000 LRT =      0.00000 p-value =      1.00000
Site    65 dN/dS =      1.00000 Full Log(L) =      0.00000 LRT =      0.00000 p-value =      1.00000
Site    66 dN/dS =      1.00000 Full Log(L) =      0.00000 LRT =      0.00000 p-value =      1.00000
Site    67 dN/dS =      1.00000 Full Log(L) =      0.00000 LRT =      0.00000 p-value =      1.00000
Site    68 dN/dS =      1.00000 Full Log(L) =      0.00000 LRT =      0.00000 p-value =      1.00000
Site    69 dN/dS =      4.80141 Full Log(L) =    -12.00423 LRT =      3.08436 p-value =      0.03952 *P
Site    70 dN/dS =      1.00000 Full Log(L) =      0.00000 LRT =      0.00000 p-value =      1.00000
Site    71 dN/dS =      1.00000 Full Log(L) =      0.00000 LRT =      0.00000 p-value =      1.00000
Site    72 dN/dS =      1.00000 Full Log(L) =      0.00000 LRT =      0.00000 p-value =      1.00000
Site    73 dN/dS =      1.00000 Full Log(L) =      0.00000 LRT =      0.00000 p-value =      1.00000
Site    74 dN/dS =      1.00000 Full Log(L) =      0.00000 LRT =      0.00000 p-value =      1.00000
Site    75 dN/dS =      1.00000 Full Log(L) =      0.00000 LRT =      0.00000 p-value =      1.00000
Site    76 dN/dS =      1.00000 Full Log(L) =      0.00000 LRT =      0.00000 p-value =      1.00000
Site    77 dN/dS =      1.00000 Full Log(L) =      0.00000 LRT =      0.00000 p-value =      1.00000
Site    78 dN/dS =      2.71168 Full Log(L) =     -9.88444 LRT =      0.72972 p-value =      0.19649
Site    79 dN/dS =      1.00000 Full Log(L) =      0.00000 LRT =      0.00000 p-value =      1.00000
Site    80 dN/dS =      1.00000 Full Log(L) =      0.00000 LRT =      0.00000 p-value =      1.00000
Site    81 dN/dS =      1.00000 Full Log(L) =      0.00000 LRT =      0.00000 p-value =      1.00000
Site    82 dN/dS =      1.00000 Full Log(L) =      0.00000 LRT =      0.00000 p-value =      1.00000
Site    83 dN/dS =      1.00000 Full Log(L) =      0.00000 LRT =      0.00000 p-value =      1.00000
Site    84 dN/dS =      1.00000 Full Log(L) =      0.00000 LRT =      0.00000 p-value =      1.00000
Site    85 dN/dS =      1.00000 Full Log(L) =      0.00000 LRT =      0.00000 p-value =      1.00000
Site    86 dN/dS =      1.00000 Full Log(L) =      0.00000 LRT =      0.00000 p-value =      1.00000
Site    87 dN/dS =      1.00000 Full Log(L) =      0.00000 LRT =      0.00000 p-value =      1.00000
Site    88 dN/dS =      1.00000 Full Log(L) =      0.00000 LRT =      0.00000 p-value =      1.00000
Site    89 dN/dS =      1.00000 Full Log(L) =      0.00000 LRT =      0.00000 p-value =      1.00000
Site    90 dN/dS =      1.00000 Full Log(L) =      0.00000 LRT =      0.00000 p-value =      1.00000
Site    91 dN/dS =      4.01325 Full Log(L) =    -11.23136 LRT =      1.26975 p-value =      0.12991
Site    92 dN/dS =      1.00000 Full Log(L) =      0.00000 LRT =      0.00000 p-value =      1.00000
Site    93 dN/dS =      1.00000 Full Log(L) =      0.00000 LRT =      0.00000 p-value =      1.00000
Site    94 dN/dS =      1.00000 Full Log(L) =      0.00000 LRT =      0.00000 p-value =      1.00000
Site    95 dN/dS =      0.00000 Full Log(L) =    -10.76486 LRT =      0.67198 p-value =      0.20618
Site    96 dN/dS =      1.00000 Full Log(L) =      0.00000 LRT =      0.00000 p-value =      1.00000
Site    97 dN/dS =      1.00000 Full Log(L) =      0.00000 LRT =      0.00000 p-value =      1.00000
Site    98 dN/dS =      0.00000 Full Log(L) =     -8.71930 LRT =      0.70682 p-value =      0.20025
Site    99 dN/dS =      2.86457 Full Log(L) =    -14.23063 LRT =      0.79624 p-value =      0.18611
Site   100 dN/dS =      1.00000 Full Log(L) =      0.00000 LRT =      0.00000 p-value =      1.00000
Site   101 dN/dS =      1.00000 Full Log(L) =      0.00000 LRT =      0.00000 p-value =      1.00000
Site   102 dN/dS =      1.00000 Full Log(L) =      0.00000 LRT =      0.00000 p-value =      1.00000
Site   103 dN/dS =      1.00000 Full Log(L) =      0.00000 LRT =      0.00000 p-value =      1.00000
Site   104 dN/dS =      1.00000 Full Log(L) =      0.00000 LRT =      0.00000 p-value =      1.00000
Site   105 dN/dS =      1.00000 Full Log(L) =      0.00000 LRT =      0.00000 p-value =      1.00000
Site   106 dN/dS =      0.00000 Full Log(L) =    -17.01575 LRT =      0.51365 p-value =      0.23678
Site   107 dN/dS =      1.00000 Full Log(L) =      0.00000 LRT =      0.00000 p-value =      1.00000
Site   108 dN/dS =      0.00000 Full Log(L) =     -9.74866 LRT =      0.70698 p-value =      0.20022
Site   109 dN/dS =      0.00000 Full Log(L) =    -11.07944 LRT =      0.81860 p-value =      0.18279
Site   110 dN/dS =      6.81363 Full Log(L) =    -13.88867 LRT =      4.21974 p-value =      0.01998 *P
Site   111 dN/dS =      1.00000 Full Log(L) =      0.00000 LRT =      0.00000 p-value =      1.00000
Site   112 dN/dS =      1.00000 Full Log(L) =      0.00000 LRT =      0.00000 p-value =      1.00000
Site   113 dN/dS =      1.00000 Full Log(L) =      0.00000 LRT =      0.00000 p-value =      1.00000
Site   114 dN/dS =      1.00000 Full Log(L) =      0.00000 LRT =      0.00000 p-value =      1.00000
Site   115 dN/dS =      1.00000 Full Log(L) =      0.00000 LRT =      0.00000 p-value =      1.00000
Site   116 dN/dS =      1.00000 Full Log(L) =      0.00000 LRT =      0.00000 p-value =      1.00000
Site   117 dN/dS =      1.00000 Full Log(L) =      0.00000 LRT =      0.00000 p-value =      1.00000
Site   118 dN/dS =      1.00000 Full Log(L) =      0.00000 LRT =      0.00000 p-value =      1.00000
Site   119 dN/dS =      1.00000 Full Log(L) =      0.00000 LRT =      0.00000 p-value =      1.00000
Site   120 dN/dS =      1.00000 Full Log(L) =      0.00000 LRT =      0.00000 p-value =      1.00000
Site   121 dN/dS =      1.00000 Full Log(L) =      0.00000 LRT =      0.00000 p-value =      1.00000
Site   122 dN/dS =      1.00000 Full Log(L) =      0.00000 LRT =      0.00000 p-value =      1.00000
Site   123 dN/dS =      1.00000 Full Log(L) =      0.00000 LRT =      0.00000 p-value =      1.00000
Site   124 dN/dS =      1.00000 Full Log(L) =      0.00000 LRT =      0.00000 p-value =      1.00000
Site   125 dN/dS =      1.00000 Full Log(L) =      0.00000 LRT =      0.00000 p-value =      1.00000
Site   126 dN/dS =      1.00000 Full Log(L) =      0.00000 LRT =      0.00000 p-value =      1.00000
Site   127 dN/dS =      1.00000 Full Log(L) =      0.00000 LRT =      0.00000 p-value =      1.00000
Site   128 dN/dS =      1.00000 Full Log(L) =      0.00000 LRT =      0.00000 p-value =      1.00000
Site   129 dN/dS =      1.00000 Full Log(L) =      0.00000 LRT =      0.00000 p-value =      1.00000
Site   130 dN/dS =      1.00000 Full Log(L) =      0.00000 LRT =      0.00000 p-value =      1.00000
Site   131 dN/dS =      1.00000 Full Log(L) =      0.00000 LRT =      0.00000 p-value =      1.00000
Site   132 dN/dS =      0.00000 Full Log(L) =    -10.27380 LRT =      0.91171 p-value =      0.16983
Site   133 dN/dS =      1.00000 Full Log(L) =      0.00000 LRT =      0.00000 p-value =      1.00000
Site   134 dN/dS =      0.00000 Full Log(L) =    -10.69885 LRT =      0.40466 p-value =      0.26235
Site   135 dN/dS =      1.00000 Full Log(L) =      0.00000 LRT =      0.00000 p-value =      1.00000
Site   136 dN/dS =      1.00000 Full Log(L) =      0.00000 LRT =      0.00000 p-value =      1.00000
Site   137 dN/dS =      1.00000 Full Log(L) =      0.00000 LRT =      0.00000 p-value =      1.00000
Site   138 dN/dS =      2.65226 Full Log(L) =     -9.48288 LRT =      0.69985 p-value =      0.20142
Site   139 dN/dS =      1.00000 Full Log(L) =      0.00000 LRT =      0.00000 p-value =      1.00000
Site   140 dN/dS =      2.24681 Full Log(L) =    -15.57399 LRT =      0.50630 p-value =      0.23837
Site   141 dN/dS =      1.00000 Full Log(L) =      0.00000 LRT =      0.00000 p-value =      1.00000
Site   142 dN/dS =      1.00000 Full Log(L) =      0.00000 LRT =      0.00000 p-value =      1.00000
Site   143 dN/dS =      1.00000 Full Log(L) =      0.00000 LRT =      0.00000 p-value =      1.00000
Site   144 dN/dS =      2.53046 Full Log(L) =     -9.22796 LRT =      0.64396 p-value =      0.21114
Site   145 dN/dS =      1.00000 Full Log(L) =      0.00000 LRT =      0.00000 p-value =      1.00000
Site   146 dN/dS =      1.00000 Full Log(L) =      0.00000 LRT =      0.00000 p-value =      1.00000
Site   147 dN/dS =      1.00000 Full Log(L) =      0.00000 LRT =      0.00000 p-value =      1.00000
Site   148 dN/dS =      1.00000 Full Log(L) =      0.00000 LRT =      0.00000 p-value =      1.00000
Site   149 dN/dS =      1.00000 Full Log(L) =      0.00000 LRT =      0.00000 p-value =      1.00000
Site   150 dN/dS =      0.00000 Full Log(L) =    -10.54791 LRT =      0.87059 p-value =      0.17540
Site   151 dN/dS =      1.00000 Full Log(L) =      0.00000 LRT =      0.00000 p-value =      1.00000
Site   152 dN/dS =      0.00000 Full Log(L) =    -10.32348 LRT =      0.90054 p-value =      0.17132
Site   153 dN/dS =      1.00000 Full Log(L) =      0.00000 LRT =      0.00000 p-value =      1.00000
Site   154 dN/dS =      2.54804 Full Log(L) =    -11.44389 LRT =      0.65233 p-value =      0.20964
Site   155 dN/dS =      1.00000 Full Log(L) =      0.00000 LRT =      0.00000 p-value =      1.00000
Site   156 dN/dS =      1.00000 Full Log(L) =      0.00000 LRT =      0.00000 p-value =      1.00000
Site   157 dN/dS =      1.00000 Full Log(L) =      0.00000 LRT =      0.00000 p-value =      1.00000
Site   158 dN/dS =      2.34631 Full Log(L) =     -8.86256 LRT =      0.55501 p-value =      0.22814
Site   159 dN/dS =      1.00000 Full Log(L) =      0.00000 LRT =      0.00000 p-value =      1.00000
Site   160 dN/dS =      2.65705 Full Log(L) =     -8.65423 LRT =      0.70239 p-value =      0.20099
Site   161 dN/dS =      1.00000 Full Log(L) =      0.00000 LRT =      0.00000 p-value =      1.00000
Site   162 dN/dS =      1.00000 Full Log(L) =      0.00000 LRT =      0.00000 p-value =      1.00000
Site   163 dN/dS =      1.00000 Full Log(L) =      0.00000 LRT =      0.00000 p-value =      1.00000
Site   164 dN/dS =      0.00000 Full Log(L) =     -9.65386 LRT =      0.67182 p-value =      0.20621
Site   165 dN/dS =      1.00000 Full Log(L) =      0.00000 LRT =      0.00000 p-value =      1.00000
Site   166 dN/dS =      1.00000 Full Log(L) =      0.00000 LRT =      0.00000 p-value =      1.00000
Site   167 dN/dS =      1.00000 Full Log(L) =      0.00000 LRT =      0.00000 p-value =      1.00000
Site   168 dN/dS =      1.00000 Full Log(L) =      0.00000 LRT =      0.00000 p-value =      1.00000
Site   169 dN/dS =      1.00000 Full Log(L) =      0.00000 LRT =      0.00000 p-value =      1.00000
Site   170 dN/dS =      0.00000 Full Log(L) =    -10.18874 LRT =      0.42623 p-value =      0.25692
Site   171 dN/dS =      1.00000 Full Log(L) =      0.00000 LRT =      0.00000 p-value =      1.00000
Site   172 dN/dS =      1.00000 Full Log(L) =      0.00000 LRT =      0.00000 p-value =      1.00000
Site   173 dN/dS =     10.04913 Full Log(L) =    -12.88795 LRT =      5.57796 p-value =      0.00909 *P
Site   174 dN/dS =      1.00000 Full Log(L) =      0.00000 LRT =      0.00000 p-value =      1.00000
Site   175 dN/dS =      6.22042 Full Log(L) =    -14.46947 LRT =      3.92870 p-value =      0.02373 *P
Site   176 dN/dS =      2.91647 Full Log(L) =    -10.34100 LRT =      0.82019 p-value =      0.18256
Site   177 dN/dS =      1.00000 Full Log(L) =      0.00000 LRT =      0.00000 p-value =      1.00000
Site   178 dN/dS =      1.00000 Full Log(L) =      0.00000 LRT =      0.00000 p-value =      1.00000
Site   179 dN/dS =      1.00000 Full Log(L) =      0.00000 LRT =      0.00000 p-value =      1.00000
Site   180 dN/dS =      0.00000 Full Log(L) =    -14.84792 LRT =      0.42289 p-value =      0.25775
Site   181 dN/dS =      1.00000 Full Log(L) =      0.00000 LRT =      0.00000 p-value =      1.00000
Site   182 dN/dS =      1.00000 Full Log(L) =      0.00000 LRT =      0.00000 p-value =      1.00000
Site   183 dN/dS =      1.00000 Full Log(L) =      0.00000 LRT =      0.00000 p-value =      1.00000
Site   184 dN/dS =      1.00000 Full Log(L) =      0.00000 LRT =      0.00000 p-value =      1.00000
Site   185 dN/dS =      1.00000 Full Log(L) =      0.00000 LRT =      0.00000 p-value =      1.00000
Site   186 dN/dS =      1.00000 Full Log(L) =      0.00000 LRT =      0.00000 p-value =      1.00000
Site   187 dN/dS =      1.00000 Full Log(L) =      0.00000 LRT =      0.00000 p-value =      1.00000
Site   188 dN/dS =      1.00000 Full Log(L) =      0.00000 LRT =      0.00000 p-value =      1.00000
Site   189 dN/dS =      1.00000 Full Log(L) =      0.00000 LRT =      0.00000 p-value =      1.00000
Site   190 dN/dS =      1.00000 Full Log(L) =      0.00000 LRT =      0.00000 p-value =      1.00000
Site   191 dN/dS =      1.00000 Full Log(L) =      0.00000 LRT =      0.00000 p-value =      1.00000
Site   192 dN/dS =      1.00000 Full Log(L) =      0.00000 LRT =      0.00000 p-value =      1.00000
Site   193 dN/dS =      1.00000 Full Log(L) =      0.00000 LRT =      0.00000 p-value =      1.00000
Site   194 dN/dS =      1.00000 Full Log(L) =      0.00000 LRT =      0.00000 p-value =      1.00000
Site   195 dN/dS =      1.00000 Full Log(L) =      0.00000 LRT =      0.00000 p-value =      1.00000
Site   196 dN/dS =      1.00000 Full Log(L) =      0.00000 LRT =      0.00000 p-value =      1.00000
Site   197 dN/dS =      0.00000 Full Log(L) =     -9.23912 LRT =      0.91050 p-value =      0.16999
Site   198 dN/dS =      0.00000 Full Log(L) =     -9.16398 LRT =      0.75369 p-value =      0.19265
Site   199 dN/dS =      1.00000 Full Log(L) =      0.00000 LRT =      0.00000 p-value =      1.00000
Site   200 dN/dS =      1.00000 Full Log(L) =      0.00000 LRT =      0.00000 p-value =      1.00000
Site   201 dN/dS =      1.00000 Full Log(L) =      0.00000 LRT =      0.00000 p-value =      1.00000
Site   202 dN/dS =      1.00000 Full Log(L) =      0.00000 LRT =      0.00000 p-value =      1.00000
Site   203 dN/dS =      0.00000 Full Log(L) =    -15.99817 LRT =      0.71985 p-value =      0.19810
Site   204 dN/dS =      1.00000 Full Log(L) =      0.00000 LRT =      0.00000 p-value =      1.00000
Site   205 dN/dS =      1.00000 Full Log(L) =      0.00000 LRT =      0.00000 p-value =      1.00000
Site   206 dN/dS =      1.00000 Full Log(L) =      0.00000 LRT =      0.00000 p-value =      1.00000
Site   207 dN/dS =      1.00000 Full Log(L) =      0.00000 LRT =      0.00000 p-value =      1.00000
Site   208 dN/dS =      1.00000 Full Log(L) =      0.00000 LRT =      0.00000 p-value =      1.00000
Site   209 dN/dS =      1.00000 Full Log(L) =      0.00000 LRT =      0.00000 p-value =      1.00000
Site   210 dN/dS =      1.00000 Full Log(L) =      0.00000 LRT =      0.00000 p-value =      1.00000
Site   211 dN/dS =      1.00000 Full Log(L) =      0.00000 LRT =      0.00000 p-value =      1.00000
Site   212 dN/dS =      0.00000 Full Log(L) =    -11.07567 LRT =      0.81860 p-value =      0.18279
Site   213 dN/dS =      4.03706 Full Log(L) =    -15.94270 LRT =      1.27548 p-value =      0.12937
Site   214 dN/dS =      0.00000 Full Log(L) =    -11.02625 LRT =      0.55626 p-value =      0.22788
Site   215 dN/dS =      1.00000 Full Log(L) =      0.00000 LRT =      0.00000 p-value =      1.00000
Site   216 dN/dS =      1.00000 Full Log(L) =      0.00000 LRT =      0.00000 p-value =      1.00000
Site   217 dN/dS =      1.00000 Full Log(L) =      0.00000 LRT =      0.00000 p-value =      1.00000
Site   218 dN/dS =      1.00000 Full Log(L) =      0.00000 LRT =      0.00000 p-value =      1.00000
Site   219 dN/dS =      1.00000 Full Log(L) =      0.00000 LRT =      0.00000 p-value =      1.00000
Site   220 dN/dS =      1.00000 Full Log(L) =      0.00000 LRT =      0.00000 p-value =      1.00000
Site   221 dN/dS =      0.00000 Full Log(L) =    -10.44288 LRT =      0.64930 p-value =      0.21018
Site   222 dN/dS =      0.00000 Full Log(L) =     -9.84395 LRT =      0.71985 p-value =      0.19810
Site   223 dN/dS =      1.00000 Full Log(L) =      0.00000 LRT =      0.00000 p-value =      1.00000
Site   224 dN/dS =      1.00000 Full Log(L) =      0.00000 LRT =      0.00000 p-value =      1.00000
Site   225 dN/dS =      0.00000 Full Log(L) =     -9.64440 LRT =      0.90044 p-value =      0.17133
Site   226 dN/dS =      1.00000 Full Log(L) =      0.00000 LRT =      0.00000 p-value =      1.00000
Site   227 dN/dS =      1.00000 Full Log(L) =      0.00000 LRT =      0.00000 p-value =      1.00000
Site   228 dN/dS =      1.00000 Full Log(L) =      0.00000 LRT =      0.00000 p-value =      1.00000
Site   229 dN/dS =      1.00000 Full Log(L) =      0.00000 LRT =      0.00000 p-value =      1.00000
Site   230 dN/dS =      1.00000 Full Log(L) =      0.00000 LRT =      0.00000 p-value =      1.00000
Site   231 dN/dS =      0.00000 Full Log(L) =     -9.96379 LRT =      0.74420 p-value =      0.19416
Site   232 dN/dS =      1.00000 Full Log(L) =      0.00000 LRT =      0.00000 p-value =      1.00000
Site   233 dN/dS =      1.00000 Full Log(L) =      0.00000 LRT =      0.00000 p-value =      1.00000
Site   234 dN/dS =      1.00000 Full Log(L) =      0.00000 LRT =      0.00000 p-value =      1.00000
Site   235 dN/dS =      1.00000 Full Log(L) =      0.00000 LRT =      0.00000 p-value =      1.00000
Site   236 dN/dS =      1.00000 Full Log(L) =      0.00000 LRT =      0.00000 p-value =      1.00000
Site   237 dN/dS =      1.00000 Full Log(L) =      0.00000 LRT =      0.00000 p-value =      1.00000
Site   238 dN/dS =      1.00000 Full Log(L) =      0.00000 LRT =      0.00000 p-value =      1.00000
Site   239 dN/dS =      1.00000 Full Log(L) =      0.00000 LRT =      0.00000 p-value =      1.00000
Site   240 dN/dS =      1.00000 Full Log(L) =      0.00000 LRT =      0.00000 p-value =      1.00000
Site   241 dN/dS =      5.33854 Full Log(L) =    -12.08708 LRT =      3.41734 p-value =      0.03226 *P
Site   242 dN/dS =      1.00000 Full Log(L) =      0.00000 LRT =      0.00000 p-value =      1.00000
Site   243 dN/dS =      1.00000 Full Log(L) =      0.00000 LRT =      0.00000 p-value =      1.00000
Site   244 dN/dS =      1.00000 Full Log(L) =      0.00000 LRT =      0.00000 p-value =      1.00000
Site   245 dN/dS =      1.00000 Full Log(L) =      0.00000 LRT =      0.00000 p-value =      1.00000
Site   246 dN/dS =      1.00000 Full Log(L) =      0.00000 LRT =      0.00000 p-value =      1.00000
Site   247 dN/dS =      1.00000 Full Log(L) =      0.00000 LRT =      0.00000 p-value =      1.00000
Site   248 dN/dS =      1.00000 Full Log(L) =      0.00000 LRT =      0.00000 p-value =      1.00000
Site   249 dN/dS =      1.00000 Full Log(L) =      0.00000 LRT =      0.00000 p-value =      1.00000
Site   250 dN/dS =      1.00000 Full Log(L) =      0.00000 LRT =      0.00000 p-value =      1.00000
Site   251 dN/dS =      1.00000 Full Log(L) =      0.00000 LRT =      0.00000 p-value =      1.00000
Site   252 dN/dS =      1.00000 Full Log(L) =      0.00000 LRT =      0.00000 p-value =      1.00000
Site   253 dN/dS =      1.00000 Full Log(L) =      0.00000 LRT =      0.00000 p-value =      1.00000
Site   254 dN/dS =      1.00000 Full Log(L) =      0.00000 LRT =      0.00000 p-value =      1.00000
Site   255 dN/dS =      1.00000 Full Log(L) =      0.00000 LRT =      0.00000 p-value =      1.00000
Site   256 dN/dS =      1.00000 Full Log(L) =      0.00000 LRT =      0.00000 p-value =      1.00000
Site   257 dN/dS =      1.00000 Full Log(L) =      0.00000 LRT =      0.00000 p-value =      1.00000
Site   258 dN/dS =      1.00000 Full Log(L) =      0.00000 LRT =      0.00000 p-value =      1.00000
Site   259 dN/dS =      1.00000 Full Log(L) =      0.00000 LRT =      0.00000 p-value =      1.00000
Site   260 dN/dS =      1.00000 Full Log(L) =      0.00000 LRT =      0.00000 p-value =      1.00000
Site   261 dN/dS =      1.00000 Full Log(L) =      0.00000 LRT =      0.00000 p-value =      1.00000
Site   262 dN/dS =      1.00000 Full Log(L) =      0.00000 LRT =      0.00000 p-value =      1.00000
Site   263 dN/dS =      1.00000 Full Log(L) =      0.00000 LRT =      0.00000 p-value =      1.00000
Site   264 dN/dS =      1.00000 Full Log(L) =      0.00000 LRT =      0.00000 p-value =      1.00000
Site   265 dN/dS =      1.00000 Full Log(L) =      0.00000 LRT =      0.00000 p-value =      1.00000
Site   266 dN/dS =      0.00000 Full Log(L) =     -8.46882 LRT =      0.75485 p-value =      0.19247
Site   267 dN/dS =      0.00000 Full Log(L) =     -9.90138 LRT =      0.40414 p-value =      0.26248
Site   268 dN/dS =      1.00000 Full Log(L) =      0.00000 LRT =      0.00000 p-value =      1.00000
Site   269 dN/dS =      1.00000 Full Log(L) =      0.00000 LRT =      0.00000 p-value =      1.00000
Site   270 dN/dS =      1.00000 Full Log(L) =      0.00000 LRT =      0.00000 p-value =      1.00000
Site   271 dN/dS =      1.00000 Full Log(L) =      0.00000 LRT =      0.00000 p-value =      1.00000
Site   272 dN/dS =      1.00000 Full Log(L) =      0.00000 LRT =      0.00000 p-value =      1.00000
Site   273 dN/dS =      1.00000 Full Log(L) =      0.00000 LRT =      0.00000 p-value =      1.00000
Site   274 dN/dS =      1.00000 Full Log(L) =      0.00000 LRT =      0.00000 p-value =      1.00000
Site   275 dN/dS =      1.00000 Full Log(L) =      0.00000 LRT =      0.00000 p-value =      1.00000
Site   276 dN/dS =      1.00000 Full Log(L) =      0.00000 LRT =      0.00000 p-value =      1.00000
Site   277 dN/dS =      4.01634 Full Log(L) =     -8.94160 LRT =      1.27134 p-value =      0.12976
Site   278 dN/dS =      1.00000 Full Log(L) =      0.00000 LRT =      0.00000 p-value =      1.00000
Site   279 dN/dS =      1.00000 Full Log(L) =      0.00000 LRT =      0.00000 p-value =      1.00000
Site   280 dN/dS =      1.00000 Full Log(L) =      0.00000 LRT =      0.00000 p-value =      1.00000
Site   281 dN/dS =      1.00000 Full Log(L) =      0.00000 LRT =      0.00000 p-value =      1.00000
Site   282 dN/dS =      1.00000 Full Log(L) =      0.00000 LRT =      0.00000 p-value =      1.00000
Site   283 dN/dS =      1.00000 Full Log(L) =      0.00000 LRT =      0.00000 p-value =      1.00000
Site   284 dN/dS =      1.00000 Full Log(L) =      0.00000 LRT =      0.00000 p-value =      1.00000
Site   285 dN/dS =      0.00000 Full Log(L) =     -8.83821 LRT =      0.82619 p-value =      0.18169
Site   286 dN/dS =      1.00000 Full Log(L) =      0.00000 LRT =      0.00000 p-value =      1.00000
Site   287 dN/dS =      1.00000 Full Log(L) =      0.00000 LRT =      0.00000 p-value =      1.00000
Site   288 dN/dS =      0.00000 Full Log(L) =    -11.33281 LRT =      0.81860 p-value =      0.18279
Site   289 dN/dS =      1.00000 Full Log(L) =      0.00000 LRT =      0.00000 p-value =      1.00000
Site   290 dN/dS =      1.00000 Full Log(L) =      0.00000 LRT =      0.00000 p-value =      1.00000
Site   291 dN/dS =      0.00000 Full Log(L) =    -10.27628 LRT =      0.91171 p-value =      0.16983
Site   292 dN/dS =      1.00000 Full Log(L) =      0.00000 LRT =      0.00000 p-value =      1.00000
Site   293 dN/dS =      1.00000 Full Log(L) =      0.00000 LRT =      0.00000 p-value =      1.00000
Site   294 dN/dS =      1.00000 Full Log(L) =      0.00000 LRT =      0.00000 p-value =      1.00000
Site   295 dN/dS =      1.00000 Full Log(L) =      0.00000 LRT =      0.00000 p-value =      1.00000
Site   296 dN/dS =      1.00000 Full Log(L) =      0.00000 LRT =      0.00000 p-value =      1.00000
Site   297 dN/dS =      1.00000 Full Log(L) =      0.00000 LRT =      0.00000 p-value =      1.00000
Site   298 dN/dS =      1.00000 Full Log(L) =      0.00000 LRT =      0.00000 p-value =      1.00000
Site   299 dN/dS =      1.00000 Full Log(L) =      0.00000 LRT =      0.00000 p-value =      1.00000
Site   300 dN/dS =      0.00000 Full Log(L) =    -11.31330 LRT =      0.74420 p-value =      0.19416
Site   301 dN/dS =      1.00000 Full Log(L) =      0.00000 LRT =      0.00000 p-value =      1.00000
Site   302 dN/dS =      1.00000 Full Log(L) =      0.00000 LRT =      0.00000 p-value =      1.00000
Site   303 dN/dS =      1.00000 Full Log(L) =      0.00000 LRT =      0.00000 p-value =      1.00000
Site   304 dN/dS =      1.00000 Full Log(L) =      0.00000 LRT =      0.00000 p-value =      1.00000
Site   305 dN/dS =      2.75038 Full Log(L) =    -11.78201 LRT =      0.74783 p-value =      0.19358
Site   306 dN/dS =      1.00000 Full Log(L) =      0.00000 LRT =      0.00000 p-value =      1.00000
Site   307 dN/dS =      1.00000 Full Log(L) =      0.00000 LRT =      0.00000 p-value =      1.00000
Site   308 dN/dS =      1.00000 Full Log(L) =      0.00000 LRT =      0.00000 p-value =      1.00000
Site   309 dN/dS =      1.00000 Full Log(L) =      0.00000 LRT =      0.00000 p-value =      1.00000
Site   310 dN/dS =      1.00000 Full Log(L) =      0.00000 LRT =      0.00000 p-value =      1.00000
Site   311 dN/dS =      1.00000 Full Log(L) =      0.00000 LRT =      0.00000 p-value =      1.00000
Site   312 dN/dS =      1.00000 Full Log(L) =      0.00000 LRT =      0.00000 p-value =      1.00000
Site   313 dN/dS =      1.00000 Full Log(L) =      0.00000 LRT =      0.00000 p-value =      1.00000
Site   314 dN/dS =      1.00000 Full Log(L) =      0.00000 LRT =      0.00000 p-value =      1.00000
Site   315 dN/dS =      0.00000 Full Log(L) =     -9.89643 LRT =      0.86589 p-value =      0.17605
Site   316 dN/dS =      1.00000 Full Log(L) =      0.00000 LRT =      0.00000 p-value =      1.00000
Site   317 dN/dS =      1.00000 Full Log(L) =      0.00000 LRT =      0.00000 p-value =      1.00000
Site   318 dN/dS =      0.00000 Full Log(L) =    -10.87608 LRT =      0.59701 p-value =      0.21986
Site   319 dN/dS =      1.00000 Full Log(L) =      0.00000 LRT =      0.00000 p-value =      1.00000
Site   320 dN/dS =      2.48288 Full Log(L) =    -25.80439 LRT =      0.62118 p-value =      0.21530
Site   321 dN/dS =      1.00000 Full Log(L) =      0.00000 LRT =      0.00000 p-value =      1.00000
Site   322 dN/dS =      1.00000 Full Log(L) =      0.00000 LRT =      0.00000 p-value =      1.00000
Site   323 dN/dS =      1.00000 Full Log(L) =      0.00000 LRT =      0.00000 p-value =      1.00000
Site   324 dN/dS =      1.00000 Full Log(L) =      0.00000 LRT =      0.00000 p-value =      1.00000
Site   325 dN/dS =      1.00000 Full Log(L) =      0.00000 LRT =      0.00000 p-value =      1.00000
Site   326 dN/dS =      1.00000 Full Log(L) =      0.00000 LRT =      0.00000 p-value =      1.00000
Site   327 dN/dS =      3.94353 Full Log(L) =    -10.47231 LRT =      1.24362 p-value =      0.13239
Site   328 dN/dS =      1.00000 Full Log(L) =      0.00000 LRT =      0.00000 p-value =      1.00000
Site   329 dN/dS =      1.00000 Full Log(L) =      0.00000 LRT =      0.00000 p-value =      1.00000
Site   330 dN/dS =      1.00000 Full Log(L) =      0.00000 LRT =      0.00000 p-value =      1.00000
Site   331 dN/dS =      1.00000 Full Log(L) =      0.00000 LRT =      0.00000 p-value =      1.00000
Site   332 dN/dS =      0.00000 Full Log(L) =    -11.97922 LRT =      0.42463 p-value =      0.25732
Site   333 dN/dS =      1.00000 Full Log(L) =      0.00000 LRT =      0.00000 p-value =      1.00000
Site   334 dN/dS =      1.00000 Full Log(L) =      0.00000 LRT =      0.00000 p-value =      1.00000
Site   335 dN/dS =      1.00000 Full Log(L) =      0.00000 LRT =      0.00000 p-value =      1.00000
Site   336 dN/dS =      1.00000 Full Log(L) =      0.00000 LRT =      0.00000 p-value =      1.00000
Site   337 dN/dS =      0.00000 Full Log(L) =    -12.34378 LRT =      0.50550 p-value =      0.23855
Site   338 dN/dS =      1.00000 Full Log(L) =      0.00000 LRT =      0.00000 p-value =      1.00000
Site   339 dN/dS =      1.00000 Full Log(L) =      0.00000 LRT =      0.00000 p-value =      1.00000
Site   340 dN/dS =      2.76531 Full Log(L) =    -18.49690 LRT =      0.75470 p-value =      0.19250
Site   341 dN/dS =      0.00000 Full Log(L) =     -4.20350 LRT =      0.80583 p-value =      0.18468
Site   342 dN/dS =      2.82302 Full Log(L) =     -8.32607 LRT =      0.77832 p-value =      0.18883
Site   343 dN/dS =      0.00000 Full Log(L) =     -4.03385 LRT =      0.49822 p-value =      0.24014
Site   344 dN/dS =      0.00000 Full Log(L) =     -4.22561 LRT =      0.71985 p-value =      0.19810
Site   345 dN/dS =      0.00000 Full Log(L) =     -3.76292 LRT =      0.82533 p-value =      0.18181
Site   346 dN/dS =      0.00000 Full Log(L) =     -4.50705 LRT =      0.91171 p-value =      0.16983
Site   347 dN/dS =      0.00000 Full Log(L) =     -3.57087 LRT =      0.85724 p-value =      0.17726
Site   348 dN/dS =      0.00000 Full Log(L) =     -4.23704 LRT =      0.66363 p-value =      0.20764
Site   349 dN/dS =      0.00000 Full Log(L) =     -4.50471 LRT =      0.90027 p-value =      0.17135
Site   350 dN/dS =      0.00000 Full Log(L) =    -11.04079 LRT =      0.80833 p-value =      0.18431
Site   351 dN/dS =      0.00000 Full Log(L) =     -3.57087 LRT =      0.85724 p-value =      0.17726
Site   352 dN/dS =      0.00000 Full Log(L) =     -4.86504 LRT =      0.80833 p-value =      0.18431
Site   353 dN/dS =      0.00000 Full Log(L) =     -9.77995 LRT =      0.90027 p-value =      0.17135
Site   354 dN/dS =      0.00000 Full Log(L) =     -4.37693 LRT =      0.66363 p-value =      0.20764
Site   355 dN/dS =      0.00000 Full Log(L) =     -3.57087 LRT =      0.85724 p-value =      0.17726
Site   356 dN/dS =      0.00000 Full Log(L) =     -3.58202 LRT =      0.79570 p-value =      0.18619
Site   357 dN/dS =      0.00000 Full Log(L) =     -3.55633 LRT =      0.74575 p-value =      0.19391
Site   358 dN/dS =      0.00000 Full Log(L) =     -4.34103 LRT =      0.77237 p-value =      0.18974
Site   359 dN/dS =      0.00000 Full Log(L) =     -4.51273 LRT =      0.36732 p-value =      0.27223
Site   360 dN/dS =      0.00000 Full Log(L) =     -4.17543 LRT =      0.68267 p-value =      0.20433
Site   361 dN/dS =      0.00000 Full Log(L) =     -4.06695 LRT =      0.73726 p-value =      0.19527
Site   362 dN/dS =      0.00000 Full Log(L) =     -4.07394 LRT =      0.93469 p-value =      0.16682
Site   363 dN/dS =      9.31139 Full Log(L) =    -22.62660 LRT =      7.93307 p-value =      0.00243 *P
Site   364 dN/dS =      0.00000 Full Log(L) =     -3.83830 LRT =      0.72346 p-value =      0.19751
Site   365 dN/dS =      0.00000 Full Log(L) =     -4.34103 LRT =      0.77237 p-value =      0.18974
Site   366 dN/dS =      0.00000 Full Log(L) =     -4.51273 LRT =      0.36732 p-value =      0.27223
Site   367 dN/dS =      0.00000 Full Log(L) =     -4.00320 LRT =      0.50576 p-value =      0.23849
Site   368 dN/dS =      0.00000 Full Log(L) =     -9.38638 LRT =      0.77237 p-value =      0.18974
Site   369 dN/dS =      0.00000 Full Log(L) =     -4.35696 LRT =      0.56934 p-value =      0.22526
Site   370 dN/dS =      0.00000 Full Log(L) =     -4.35291 LRT =      0.73430 p-value =      0.19575
Site   371 dN/dS =      0.00000 Full Log(L) =    -10.58656 LRT =      0.66033 p-value =      0.20822
Site   372 dN/dS =      0.00000 Full Log(L) =     -4.01756 LRT =      0.42208 p-value =      0.25795
Site   373 dN/dS =      0.00000 Full Log(L) =     -3.53868 LRT =      0.63980 p-value =      0.21189
Site   374 dN/dS =      0.00000 Full Log(L) =     -4.52664 LRT =      0.55006 p-value =      0.22915
Site   375 dN/dS =      0.00000 Full Log(L) =     -4.17543 LRT =      0.68267 p-value =      0.20433
Site   376 dN/dS =      0.00000 Full Log(L) =     -4.06695 LRT =      0.73726 p-value =      0.19527
Site   377 dN/dS =      0.00000 Full Log(L) =     -3.74455 LRT =      0.69919 p-value =      0.20153
Site   378 dN/dS =      0.00000 Full Log(L) =     -4.06695 LRT =      0.73726 p-value =      0.19527
Site   379 dN/dS =      0.00000 Full Log(L) =     -4.01756 LRT =      0.42208 p-value =      0.25795
Site   380 dN/dS =      0.00000 Full Log(L) =     -4.22522 LRT =      0.69349 p-value =      0.20249
Site   381 dN/dS =      0.00000 Full Log(L) =     -4.22522 LRT =      0.69349 p-value =      0.20249
Site   382 dN/dS =      0.00000 Full Log(L) =     -3.83830 LRT =      0.72346 p-value =      0.19751
Site   383 dN/dS =      0.00000 Full Log(L) =    -12.63252 LRT =      0.55943 p-value =      0.22725
Site   384 dN/dS =      0.00000 Full Log(L) =     -3.26746 LRT =      0.59900 p-value =      0.21948
Site   385 dN/dS =      0.00000 Full Log(L) =     -4.14185 LRT =      0.76298 p-value =      0.19120
Site   386 dN/dS =      0.00000 Full Log(L) =     -4.19969 LRT =      0.60983 p-value =      0.21743
Site   387 dN/dS =      0.00000 Full Log(L) =     -4.01756 LRT =      0.42208 p-value =      0.25795
Site   388 dN/dS =      3.01353 Full Log(L) =    -10.84119 LRT =      0.86530 p-value =      0.17613
Site   389 dN/dS =      0.00000 Full Log(L) =     -4.22522 LRT =      0.69349 p-value =      0.20249
Site   390 dN/dS =      0.00000 Full Log(L) =     -4.05350 LRT =      0.58213 p-value =      0.22274
Site   391 dN/dS =      0.00000 Full Log(L) =     -3.83830 LRT =      0.72346 p-value =      0.19751
Site   392 dN/dS =      0.00000 Full Log(L) =     -4.01756 LRT =      0.42208 p-value =      0.25795
Site   393 dN/dS =      0.00000 Full Log(L) =     -8.97384 LRT =      0.58201 p-value =      0.22276
Site   394 dN/dS =      0.00000 Full Log(L) =     -3.53868 LRT =      0.63980 p-value =      0.21189
Site   395 dN/dS =      0.00000 Full Log(L) =     -4.67532 LRT =      0.77237 p-value =      0.18974
Site   396 dN/dS =      0.00000 Full Log(L) =     -3.87581 LRT =      0.59901 p-value =      0.21948
Site   397 dN/dS =      0.00000 Full Log(L) =     -5.13029 LRT =      0.34281 p-value =      0.27910
Site   398 dN/dS =      0.00000 Full Log(L) =     -3.53868 LRT =      0.63980 p-value =      0.21189
Site   399 dN/dS =      0.00000 Full Log(L) =     -4.54179 LRT =      0.42800 p-value =      0.25649
Site   400 dN/dS =      0.00000 Full Log(L) =     -4.63266 LRT =      0.36154 p-value =      0.27383
Site   401 dN/dS =      0.00000 Full Log(L) =     -9.12660 LRT =      0.58203 p-value =      0.22276
Site   402 dN/dS =      0.00000 Full Log(L) =     -4.67532 LRT =      0.77237 p-value =      0.18974
Site   403 dN/dS =      0.00000 Full Log(L) =     -3.26746 LRT =      0.59900 p-value =      0.21948
Site   404 dN/dS =      0.00000 Full Log(L) =     -4.33725 LRT =      0.60983 p-value =      0.21743
Site   405 dN/dS =      0.00000 Full Log(L) =     -3.67625 LRT =      0.63980 p-value =      0.21189
Site   406 dN/dS =      0.00000 Full Log(L) =     -4.17543 LRT =      0.68267 p-value =      0.20433
Site   407 dN/dS =      0.00000 Full Log(L) =     -3.26746 LRT =      0.59900 p-value =      0.21948
Site   408 dN/dS =      0.00000 Full Log(L) =     -4.35696 LRT =      0.56934 p-value =      0.22526
Site   409 dN/dS =      0.00000 Full Log(L) =    -11.27556 LRT =      0.66038 p-value =      0.20821
Site   410 dN/dS =      0.00000 Full Log(L) =     -4.62592 LRT =      0.42209 p-value =      0.25795
Site   411 dN/dS =      0.00000 Full Log(L) =     -3.91593 LRT =      0.58213 p-value =      0.22274
Site   412 dN/dS =      0.00000 Full Log(L) =     -3.56707 LRT =      0.68266 p-value =      0.20434
Site   413 dN/dS =      0.00000 Full Log(L) =     -3.26746 LRT =      0.59900 p-value =      0.21948
Site   414 dN/dS =      0.00000 Full Log(L) =     -3.56707 LRT =      0.68266 p-value =      0.20434
Site   415 dN/dS =      0.00000 Full Log(L) =     -4.35696 LRT =      0.56934 p-value =      0.22526
Site   416 dN/dS =      0.00000 Full Log(L) =     -4.25256 LRT =      0.46891 p-value =      0.24674
Site   417 dN/dS =      0.00000 Full Log(L) =     -3.56707 LRT =      0.68266 p-value =      0.20434
Site   418 dN/dS =      0.00000 Full Log(L) =    -10.01419 LRT =      0.63850 p-value =      0.21213
Site   419 dN/dS =      0.00000 Full Log(L) =     -3.56707 LRT =      0.68266 p-value =      0.20434
Site   420 dN/dS =      0.00000 Full Log(L) =     -9.33131 LRT =      0.77009 p-value =      0.19009
Site   421 dN/dS =      0.00000 Full Log(L) =     -3.74455 LRT =      0.69919 p-value =      0.20153
Site   422 dN/dS =      0.00000 Full Log(L) =     -3.91593 LRT =      0.58213 p-value =      0.22274
Site   423 dN/dS =      0.00000 Full Log(L) =     -4.62592 LRT =      0.42209 p-value =      0.25795
Site   424 dN/dS =      0.00000 Full Log(L) =     -3.97586 LRT =      0.72346 p-value =      0.19751
Site   425 dN/dS =      0.00000 Full Log(L) =     -4.67968 LRT =      0.57547 p-value =      0.22405
Site   426 dN/dS =      0.00000 Full Log(L) =     -4.17543 LRT =      0.68267 p-value =      0.20433
Site   427 dN/dS =      0.00000 Full Log(L) =     -3.26746 LRT =      0.59900 p-value =      0.21948
Site   428 dN/dS =      0.00000 Full Log(L) =     -3.86564 LRT =      0.50576 p-value =      0.23849
Site   429 dN/dS =      3.16611 Full Log(L) =    -10.66158 LRT =      0.93091 p-value =      0.16731
Site   430 dN/dS =      0.00000 Full Log(L) =     -4.17543 LRT =      0.68267 p-value =      0.20433
Site   431 dN/dS =      0.00000 Full Log(L) =     -3.97586 LRT =      0.72346 p-value =      0.19751
Site   432 dN/dS =      0.00000 Full Log(L) =    -10.73292 LRT =      0.60983 p-value =      0.21743
Site   433 dN/dS =      0.00000 Full Log(L) =     -3.26746 LRT =      0.59900 p-value =      0.21948
Site   434 dN/dS =      0.00000 Full Log(L) =     -3.56519 LRT =      0.73545 p-value =      0.19556
Site   435 dN/dS =      0.00000 Full Log(L) =     -3.83830 LRT =      0.72346 p-value =      0.19751
Site   436 dN/dS =      0.00000 Full Log(L) =     -4.81725 LRT =      0.57547 p-value =      0.22405
Site   437 dN/dS =      0.00000 Full Log(L) =     -4.51273 LRT =      0.36732 p-value =      0.27223
Site   438 dN/dS =      0.00000 Full Log(L) =     -4.25256 LRT =      0.46891 p-value =      0.24674
Site   439 dN/dS =      0.00000 Full Log(L) =     -4.00320 LRT =      0.50576 p-value =      0.23849
Site   440 dN/dS =      0.00000 Full Log(L) =     -3.67625 LRT =      0.63980 p-value =      0.21189
Site   441 dN/dS =      0.00000 Full Log(L) =     -4.83358 LRT =      0.69349 p-value =      0.20249
Site   442 dN/dS =      0.00000 Full Log(L) =     -4.17543 LRT =      0.68267 p-value =      0.20433
Site   443 dN/dS =      0.00000 Full Log(L) =     -4.67968 LRT =      0.57547 p-value =      0.22405
Site   444 dN/dS =      0.00000 Full Log(L) =     -4.67968 LRT =      0.57547 p-value =      0.22405
Site   445 dN/dS =      0.00000 Full Log(L) =     -4.22919 LRT =      0.63850 p-value =      0.21213
Site   446 dN/dS =      0.00000 Full Log(L) =     -4.63686 LRT =      0.69349 p-value =      0.20249
Site   447 dN/dS =      0.00000 Full Log(L) =     -5.13029 LRT =      0.34281 p-value =      0.27910
Site   448 dN/dS =      0.00000 Full Log(L) =     -4.17543 LRT =      0.68267 p-value =      0.20433
Site   449 dN/dS =      0.00000 Full Log(L) =     -3.67625 LRT =      0.63980 p-value =      0.21189
Site   450 dN/dS =      0.00000 Full Log(L) =     -4.01756 LRT =      0.42208 p-value =      0.25795
Site   451 dN/dS =      0.00000 Full Log(L) =     -4.28879 LRT =      0.66043 p-value =      0.20820
Site   452 dN/dS =      0.00000 Full Log(L) =     -3.92561 LRT =      0.60983 p-value =      0.21743
Site   453 dN/dS =      0.00000 Full Log(L) =     -3.91593 LRT =      0.58213 p-value =      0.22274
Site   454 dN/dS =      2.78922 Full Log(L) =     -9.74083 LRT =      0.76371 p-value =      0.19108
Site   455 dN/dS =      0.00000 Full Log(L) =     -4.52193 LRT =      0.34281 p-value =      0.27910
Site   456 dN/dS =      0.00000 Full Log(L) =     -4.19969 LRT =      0.60983 p-value =      0.21743
Site   457 dN/dS =      0.00000 Full Log(L) =     -3.97586 LRT =      0.72346 p-value =      0.19751
Site   458 dN/dS =      0.00000 Full Log(L) =     -4.25256 LRT =      0.46891 p-value =      0.24674
Site   459 dN/dS =      0.00000 Full Log(L) =     -3.56707 LRT =      0.68266 p-value =      0.20434
Site   460 dN/dS =      0.00000 Full Log(L) =     -4.07394 LRT =      0.93469 p-value =      0.16682
Site   461 dN/dS =      0.00000 Full Log(L) =     -9.44618 LRT =      0.63966 p-value =      0.21192
Site   462 dN/dS =      0.00000 Full Log(L) =     -8.63285 LRT =      0.59873 p-value =      0.21953
Site   463 dN/dS =      0.00000 Full Log(L) =     -5.13029 LRT =      0.34281 p-value =      0.27910
Site   464 dN/dS =      0.00000 Full Log(L) =     -4.21940 LRT =      0.56934 p-value =      0.22526
Site   465 dN/dS =      0.00000 Full Log(L) =     -3.56707 LRT =      0.68266 p-value =      0.20434
Site   466 dN/dS =      0.00000 Full Log(L) =     -3.26746 LRT =      0.59900 p-value =      0.21948
Site   467 dN/dS =      0.00000 Full Log(L) =     -3.92561 LRT =      0.60983 p-value =      0.21743
Site   468 dN/dS =      0.00000 Full Log(L) =     -8.69271 LRT =      0.59875 p-value =      0.21953
Site   469 dN/dS =      0.00000 Full Log(L) =     -3.87581 LRT =      0.59901 p-value =      0.21948
Site   470 dN/dS =      0.00000 Full Log(L) =     -4.01756 LRT =      0.42208 p-value =      0.25795
Site   471 dN/dS =      0.00000 Full Log(L) =    -10.64501 LRT =      0.34281 p-value =      0.27910
Site   472 dN/dS =      0.00000 Full Log(L) =    -14.53108 LRT =      0.73234 p-value =      0.19606
Site   473 dN/dS =      0.00000 Full Log(L) =     -3.56707 LRT =      0.68266 p-value =      0.20434
Site   474 dN/dS =      0.00000 Full Log(L) =     -3.53868 LRT =      0.63980 p-value =      0.21189
Site   475 dN/dS =      0.00000 Full Log(L) =     -4.49930 LRT =      0.69349 p-value =      0.20249
Site   476 dN/dS =      0.00000 Full Log(L) =     -4.17543 LRT =      0.68267 p-value =      0.20433
Site   477 dN/dS =      0.00000 Full Log(L) =     -3.83830 LRT =      0.72346 p-value =      0.19751
Site   478 dN/dS =      2.26497 Full Log(L) =    -13.50088 LRT =      0.51542 p-value =      0.23640
Site   479 dN/dS =      0.00000 Full Log(L) =    -11.88232 LRT =      0.77191 p-value =      0.18981
Site   480 dN/dS =      0.00000 Full Log(L) =     -3.53868 LRT =      0.63980 p-value =      0.21189
Site   481 dN/dS =      0.00000 Full Log(L) =     -9.54046 LRT =      0.77237 p-value =      0.18974
Site   482 dN/dS =      0.00000 Full Log(L) =     -4.33124 LRT =      0.65623 p-value =      0.20895
Site   483 dN/dS =      0.00000 Full Log(L) =     -4.35696 LRT =      0.56934 p-value =      0.22526
Site   484 dN/dS =      3.50964 Full Log(L) =     -8.79867 LRT =      1.07248 p-value =      0.15019
Site   485 dN/dS =      0.00000 Full Log(L) =     -3.56519 LRT =      0.73545 p-value =      0.19556
Site   486 dN/dS =      0.00000 Full Log(L) =     -4.00320 LRT =      0.50576 p-value =      0.23849
Site   487 dN/dS =      0.00000 Full Log(L) =     -4.42635 LRT =      0.66043 p-value =      0.20820
Site   488 dN/dS =      3.37351 Full Log(L) =     -8.28721 LRT =      1.01638 p-value =      0.15669
Site   489 dN/dS =      0.00000 Full Log(L) =     -4.33124 LRT =      0.65623 p-value =      0.20895
Site   490 dN/dS =      0.00000 Full Log(L) =     -3.97586 LRT =      0.72346 p-value =      0.19751
Site   491 dN/dS =      0.00000 Full Log(L) =     -3.53868 LRT =      0.63980 p-value =      0.21189
Site   492 dN/dS =      0.00000 Full Log(L) =     -4.63686 LRT =      0.69349 p-value =      0.20249
Site   493 dN/dS =      0.00000 Full Log(L) =     -4.46880 LRT =      0.65623 p-value =      0.20895
Site   494 dN/dS =      0.00000 Full Log(L) =     -3.56519 LRT =      0.73545 p-value =      0.19556
Site   495 dN/dS =      0.00000 Full Log(L) =     -4.06695 LRT =      0.73726 p-value =      0.19527
Site   496 dN/dS =      0.00000 Full Log(L) =     -4.25256 LRT =      0.46891 p-value =      0.24674
Site   497 dN/dS =      0.00000 Full Log(L) =    -10.58306 LRT =      0.60641 p-value =      0.21807
Site   498 dN/dS =      0.00000 Full Log(L) =     -3.74455 LRT =      0.69919 p-value =      0.20153
Site   499 dN/dS =      0.00000 Full Log(L) =     -3.53868 LRT =      0.63980 p-value =      0.21189
Site   500 dN/dS =      0.00000 Full Log(L) =     -4.06695 LRT =      0.73726 p-value =      0.19527
Site   501 dN/dS =      0.00000 Full Log(L) =     -4.19969 LRT =      0.60983 p-value =      0.21743
Site   502 dN/dS =      0.00000 Full Log(L) =     -3.86564 LRT =      0.50576 p-value =      0.23849
Site   503 dN/dS =      0.00000 Full Log(L) =     -3.97586 LRT =      0.72346 p-value =      0.19751
Site   504 dN/dS =      0.00000 Full Log(L) =     -4.42635 LRT =      0.66043 p-value =      0.20820
Site   505 dN/dS =      5.82910 Full Log(L) =    -11.74946 LRT =      3.70328 p-value =      0.02715 *P
Site   506 dN/dS =      0.00000 Full Log(L) =     -9.17221 LRT =      0.63850 p-value =      0.21213
Site   507 dN/dS =      0.00000 Full Log(L) =     -4.00320 LRT =      0.50576 p-value =      0.23849
Site   508 dN/dS =      0.00000 Full Log(L) =     -4.35291 LRT =      0.73430 p-value =      0.19575
Site   509 dN/dS =      0.00000 Full Log(L) =     -3.83830 LRT =      0.72346 p-value =      0.19751
Site   510 dN/dS =      0.00000 Full Log(L) =     -8.77787 LRT =      0.68234 p-value =      0.20439
Site   511 dN/dS =      0.00000 Full Log(L) =    -11.59721 LRT =      0.69349 p-value =      0.20249
Site   512 dN/dS =      0.00000 Full Log(L) =     -4.02430 LRT =      0.33023 p-value =      0.28276
Site   513 dN/dS =      0.00000 Full Log(L) =     -3.67625 LRT =      0.63980 p-value =      0.21189
Site   514 dN/dS =      0.00000 Full Log(L) =     -3.67625 LRT =      0.63980 p-value =      0.21189
Site   515 dN/dS =      0.00000 Full Log(L) =     -5.15015 LRT =      0.66065 p-value =      0.20817
Site   516 dN/dS =      0.00000 Full Log(L) =    -16.70693 LRT =      0.56910 p-value =      0.22531
Site   517 dN/dS =      0.00000 Full Log(L) =     -9.28983 LRT =      0.42178 p-value =      0.25803
Site   518 dN/dS =      0.00000 Full Log(L) =     -4.05350 LRT =      0.58213 p-value =      0.22274
Site   519 dN/dS =      3.37295 Full Log(L) =    -14.41005 LRT =      1.01548 p-value =      0.15680
Site   520 dN/dS =      0.00000 Full Log(L) =     -9.14207 LRT =      0.73848 p-value =      0.19507
Site   521 dN/dS =      0.00000 Full Log(L) =     -4.22919 LRT =      0.63850 p-value =      0.21213
Site   522 dN/dS =      0.00000 Full Log(L) =     -4.17543 LRT =      0.68267 p-value =      0.20433
Site   523 dN/dS =      0.00000 Full Log(L) =    -11.33075 LRT =      0.34399 p-value =      0.27877
Site   524 dN/dS =      3.38144 Full Log(L) =     -9.44573 LRT =      1.01959 p-value =      0.15631
Site   525 dN/dS =      0.00000 Full Log(L) =     -4.25256 LRT =      0.46891 p-value =      0.24674
Site   526 dN/dS =      0.00000 Full Log(L) =     -4.67532 LRT =      0.77237 p-value =      0.18974
Site   527 dN/dS =      0.00000 Full Log(L) =     -4.00320 LRT =      0.50576 p-value =      0.23849
Site   528 dN/dS =      0.00000 Full Log(L) =     -3.26746 LRT =      0.59900 p-value =      0.21948
Site   529 dN/dS =      0.00000 Full Log(L) =     -3.83830 LRT =      0.72346 p-value =      0.19751
Site   530 dN/dS =      0.00000 Full Log(L) =     -4.51273 LRT =      0.36732 p-value =      0.27223
Site   531 dN/dS =      0.00000 Full Log(L) =     -4.05350 LRT =      0.58213 p-value =      0.22274
Site   532 dN/dS =      0.00000 Full Log(L) =     -4.52193 LRT =      0.34281 p-value =      0.27910
Site   533 dN/dS =      0.00000 Full Log(L) =     -4.51273 LRT =      0.36732 p-value =      0.27223
Site   534 dN/dS =      0.00000 Full Log(L) =     -3.91593 LRT =      0.58213 p-value =      0.22274
Site   535 dN/dS =      0.00000 Full Log(L) =     -4.66421 LRT =      0.55006 p-value =      0.22915
Site   536 dN/dS =      0.00000 Full Log(L) =     -4.21940 LRT =      0.56934 p-value =      0.22526
Site   537 dN/dS =      0.00000 Full Log(L) =     -4.63686 LRT =      0.69349 p-value =      0.20249
Site   538 dN/dS =      0.00000 Full Log(L) =     -3.56519 LRT =      0.73545 p-value =      0.19556
Site   539 dN/dS =      0.00000 Full Log(L) =     -4.25256 LRT =      0.46891 p-value =      0.24674
Site   540 dN/dS =      0.00000 Full Log(L) =     -4.33124 LRT =      0.65623 p-value =      0.20895
Site   541 dN/dS =      0.00000 Full Log(L) =     -4.21940 LRT =      0.56934 p-value =      0.22526
Site   542 dN/dS =      0.00000 Full Log(L) =     -4.63266 LRT =      0.36154 p-value =      0.27383
Site   543 dN/dS =      0.00000 Full Log(L) =     -4.67968 LRT =      0.57547 p-value =      0.22405
Site   544 dN/dS =      0.00000 Full Log(L) =     -4.33124 LRT =      0.65623 p-value =      0.20895
Site   545 dN/dS =      0.00000 Full Log(L) =     -4.22919 LRT =      0.63850 p-value =      0.21213
Site   546 dN/dS =      2.93838 Full Log(L) =    -10.64150 LRT =      0.83177 p-value =      0.18088
Site   547 dN/dS =      0.00000 Full Log(L) =     -4.63266 LRT =      0.36154 p-value =      0.27383
Site   548 dN/dS =      0.00000 Full Log(L) =     -4.63266 LRT =      0.36154 p-value =      0.27383
Site   549 dN/dS =      0.00000 Full Log(L) =     -4.67532 LRT =      0.77237 p-value =      0.18974
Site   550 dN/dS =      0.00000 Full Log(L) =     -4.35696 LRT =      0.56934 p-value =      0.22526
Site   551 dN/dS =      0.00000 Full Log(L) =     -4.05350 LRT =      0.58213 p-value =      0.22274
Site   552 dN/dS =      0.00000 Full Log(L) =     -4.07394 LRT =      0.93469 p-value =      0.16682
Site   553 dN/dS =      0.00000 Full Log(L) =     -4.51273 LRT =      0.36732 p-value =      0.27223
Site   554 dN/dS =      0.00000 Full Log(L) =     -4.63686 LRT =      0.69349 p-value =      0.20249
Site   555 dN/dS =      0.00000 Full Log(L) =     -4.46880 LRT =      0.65623 p-value =      0.20895
Site   556 dN/dS =      0.00000 Full Log(L) =     -4.01756 LRT =      0.42208 p-value =      0.25795
Site   557 dN/dS =      0.00000 Full Log(L) =     -3.87581 LRT =      0.59901 p-value =      0.21948
Site   558 dN/dS =      0.00000 Full Log(L) =     -4.47860 LRT =      0.77237 p-value =      0.18974
Site   559 dN/dS =      0.00000 Full Log(L) =     -3.676
Check messages.log details of this run.
25 LRT =      0.63980 p-value =      0.21189
Site   560 dN/dS =      0.00000 Full Log(L) =     -3.91593 LRT =      0.58213 p-value =      0.22274
Site   561 dN/dS =      0.00000 Full Log(L) =     -4.35291 LRT =      0.73430 p-value =      0.19575
Site   562 dN/dS =      0.00000 Full Log(L) =     -4.46880 LRT =      0.65623 p-value =      0.20895
Site   563 dN/dS =      0.00000 Full Log(L) =     -3.67625 LRT =      0.63980 p-value =      0.21189
Site   564 dN/dS =      0.00000 Full Log(L) =     -3.91593 LRT =      0.58213 p-value =      0.22274
Site   565 dN/dS =      0.00000 Full Log(L) =     -4.46880 LRT =      0.65623 p-value =      0.20895
Site   566 dN/dS =      0.00000 Full Log(L) =     -3.91593 LRT =      0.58213 p-value =      0.22274


Wall-clock run-time (seconds): 1412791278
Process time on the master node: 316.441837
MPI nodes used: 0

Wall-clock time per site (seconds): 6196452.97368421
